 
Files to read: ['../pilot-cpjump1-data/profiles/2020_11_04_CPJUMP1/BR00116995/BR00116995_normalized_feature_select_negcon.csv.gz']
Files to read: ['../pilot-cpjump1-data/profiles/2020_11_04_CPJUMP1/BR00117024/BR00117024_normalized_feature_select_negcon.csv.gz']
Files to read: ['../pilot-cpjump1-data/profiles/2020_11_04_CPJUMP1/BR00117025/BR00117025_normalized_feature_select_negcon.csv.gz']
Files to read: ['../pilot-cpjump1-data/profiles/2020_11_04_CPJUMP1/BR00117026/BR00117026_normalized_feature_select_negcon.csv.gz']
Files to read: ['../pilot-cpjump1-data/profiles/2020_11_04_CPJUMP1/BR00116997/BR00116997_normalized_feature_select_negcon.csv.gz']
Files to read: ['../pilot-cpjump1-data/profiles/2020_11_04_CPJUMP1/BR00116998/BR00116998_normalized_feature_select_negcon.csv.gz']
Files to read: ['../pilot-cpjump1-data/profiles/2020_11_04_CPJUMP1/BR00116999/BR00116999_normalized_feature_select_negcon.csv.gz']
Files to read: ['../pilot-cpjump1-data/profiles/2020_11_04_CPJUMP1/BR00116996/BR00116996_normalized_feature_select_negcon.csv.gz']
Files to read: ['../pilot-cpjump1-data/profiles/2020_11_04_CPJUMP1/BR00117022/BR00117022_normalized_feature_select_negcon.csv.gz']
Files to read: ['../pilot-cpjump1-data/profiles/2020_11_04_CPJUMP1/BR00117023/BR00117023_normalized_feature_select_negcon.csv.gz']

  0%|          | 0/200 [00:00<?, ?it/s]
  0%|          | 1/200 [00:08<28:29,  8.59s/it]
  1%|          | 2/200 [00:13<21:16,  6.45s/it]
  2%|▏         | 3/200 [00:18<18:42,  5.70s/it]
  2%|▏         | 4/200 [00:23<17:59,  5.51s/it]
  2%|▎         | 5/200 [00:29<18:01,  5.54s/it]
  3%|▎         | 6/200 [00:34<17:32,  5.42s/it]
  4%|▎         | 7/200 [00:39<17:03,  5.30s/it]
  4%|▍         | 8/200 [00:44<16:44,  5.23s/it]
  4%|▍         | 9/200 [00:49<16:25,  5.16s/it]
  5%|▌         | 10/200 [00:54<16:18,  5.15s/it]
  6%|▌         | 11/200 [00:59<16:17,  5.17s/it]
  6%|▌         | 12/200 [01:04<15:50,  5.06s/it]
  6%|▋         | 13/200 [01:10<16:12,  5.20s/it]
  7%|▋         | 14/200 [01:16<16:58,  5.48s/it]
  8%|▊         | 15/200 [01:21<16:58,  5.51s/it]
  8%|▊         | 16/200 [01:26<16:16,  5.30s/it]
  8%|▊         | 17/200 [01:31<15:56,  5.23s/it]
  9%|▉         | 18/200 [01:37<15:53,  5.24s/it]
 10%|▉         | 19/200 [01:42<16:10,  5.36s/it]
 10%|█         | 20/200 [01:47<15:51,  5.28s/it]
 10%|█         | 21/200 [01:53<15:49,  5.30s/it]
 11%|█         | 22/200 [01:58<15:37,  5.27s/it]
 12%|█▏        | 23/200 [02:03<15:11,  5.15s/it]
 12%|█▏        | 24/200 [02:08<15:12,  5.19s/it]
 12%|█▎        | 25/200 [02:13<14:58,  5.13s/it]
 13%|█▎        | 26/200 [02:18<14:45,  5.09s/it]
 14%|█▎        | 27/200 [02:23<14:57,  5.19s/it]
 14%|█▍        | 28/200 [02:29<14:51,  5.18s/it]
 14%|█▍        | 29/200 [02:33<14:35,  5.12s/it]
 15%|█▌        | 30/200 [02:39<14:30,  5.12s/it]
 16%|█▌        | 31/200 [02:44<14:51,  5.27s/it]
 16%|█▌        | 32/200 [02:50<14:49,  5.30s/it]
 16%|█▋        | 33/200 [02:55<14:45,  5.30s/it]
 17%|█▋        | 34/200 [03:01<15:01,  5.43s/it]
 18%|█▊        | 35/200 [03:06<14:57,  5.44s/it]
 18%|█▊        | 36/200 [03:11<14:17,  5.23s/it]
 18%|█▊        | 37/200 [03:16<14:06,  5.20s/it]
 19%|█▉        | 38/200 [03:21<13:50,  5.13s/it]
 20%|█▉        | 39/200 [03:26<13:52,  5.17s/it]
 20%|██        | 40/200 [03:31<13:47,  5.17s/it]
 20%|██        | 41/200 [03:37<14:26,  5.45s/it]
 21%|██        | 42/200 [03:43<14:41,  5.58s/it]
 22%|██▏       | 43/200 [03:49<14:46,  5.65s/it]
 22%|██▏       | 44/200 [03:55<14:37,  5.62s/it]
 22%|██▎       | 45/200 [04:00<14:00,  5.42s/it]
 23%|██▎       | 46/200 [04:05<13:33,  5.28s/it]
 24%|██▎       | 47/200 [04:10<13:12,  5.18s/it]
 24%|██▍       | 48/200 [04:15<12:58,  5.12s/it]
 24%|██▍       | 49/200 [04:20<12:49,  5.10s/it]
 25%|██▌       | 50/200 [04:25<12:36,  5.05s/it]
 26%|██▌       | 51/200 [04:29<12:27,  5.02s/it]
 26%|██▌       | 52/200 [04:34<12:08,  4.92s/it]
 26%|██▋       | 53/200 [04:39<12:11,  4.98s/it]
 27%|██▋       | 54/200 [04:44<12:11,  5.01s/it]
 28%|██▊       | 55/200 [04:50<12:11,  5.05s/it]
 28%|██▊       | 56/200 [04:54<12:03,  5.03s/it]
 28%|██▊       | 57/200 [04:59<11:52,  4.99s/it]
 29%|██▉       | 58/200 [05:04<11:38,  4.92s/it]
 30%|██▉       | 59/200 [05:10<11:59,  5.10s/it]
 30%|███       | 60/200 [05:15<12:03,  5.17s/it]
 30%|███       | 61/200 [05:20<12:02,  5.20s/it]
 31%|███       | 62/200 [05:25<11:47,  5.13s/it]
 32%|███▏      | 63/200 [05:30<11:39,  5.11s/it]
 32%|███▏      | 64/200 [05:36<11:47,  5.20s/it]
 32%|███▎      | 65/200 [05:41<11:58,  5.32s/it]
 33%|███▎      | 66/200 [05:47<11:55,  5.34s/it]
 34%|███▎      | 67/200 [05:52<11:57,  5.40s/it]
 34%|███▍      | 68/200 [05:57<11:28,  5.22s/it]
 34%|███▍      | 69/200 [06:02<11:24,  5.23s/it]
 35%|███▌      | 70/200 [06:07<11:09,  5.15s/it]
 36%|███▌      | 71/200 [06:12<11:04,  5.15s/it]
 36%|███▌      | 72/200 [06:17<10:53,  5.11s/it]
 36%|███▋      | 73/200 [06:23<10:49,  5.12s/it]
 37%|███▋      | 74/200 [06:28<10:39,  5.08s/it]
 38%|███▊      | 75/200 [06:33<10:47,  5.18s/it]
 38%|███▊      | 76/200 [06:38<10:53,  5.27s/it]
 38%|███▊      | 77/200 [06:44<10:51,  5.30s/it]
 39%|███▉      | 78/200 [06:49<10:39,  5.24s/it]
 40%|███▉      | 79/200 [06:55<11:04,  5.49s/it]
 40%|████      | 80/200 [07:00<10:46,  5.38s/it]
 40%|████      | 81/200 [07:05<10:32,  5.31s/it]
 41%|████      | 82/200 [07:11<10:27,  5.32s/it]
 42%|████▏     | 83/200 [07:16<10:19,  5.29s/it]
 42%|████▏     | 84/200 [07:21<10:08,  5.24s/it]
 42%|████▎     | 85/200 [07:26<09:44,  5.08s/it]
 43%|████▎     | 86/200 [07:30<09:31,  5.01s/it]
 44%|████▎     | 87/200 [07:35<09:25,  5.01s/it]
 44%|████▍     | 88/200 [07:40<09:19,  5.00s/it]
 44%|████▍     | 89/200 [07:46<09:35,  5.18s/it]
 45%|████▌     | 90/200 [07:51<09:29,  5.18s/it]
 46%|████▌     | 91/200 [07:57<09:28,  5.21s/it]
 46%|████▌     | 92/200 [08:02<09:24,  5.23s/it]
 46%|████▋     | 93/200 [08:08<09:36,  5.38s/it]
 47%|████▋     | 94/200 [08:13<09:27,  5.36s/it]
 48%|████▊     | 95/200 [08:18<09:23,  5.37s/it]
 48%|████▊     | 96/200 [08:23<09:12,  5.31s/it]
 48%|████▊     | 97/200 [08:29<09:00,  5.24s/it]
 49%|████▉     | 98/200 [08:34<08:49,  5.19s/it]
 50%|████▉     | 99/200 [08:39<08:48,  5.24s/it]
 50%|█████     | 100/200 [08:44<08:43,  5.23s/it]
 50%|█████     | 101/200 [08:49<08:32,  5.17s/it]
 51%|█████     | 102/200 [08:55<08:35,  5.26s/it]
 52%|█████▏    | 103/200 [09:01<09:02,  5.60s/it]
 52%|█████▏    | 104/200 [09:07<09:08,  5.71s/it]
 52%|█████▎    | 105/200 [09:13<09:04,  5.73s/it]
 53%|█████▎    | 106/200 [09:18<08:53,  5.67s/it]
 54%|█████▎    | 107/200 [09:24<08:56,  5.77s/it]
 54%|█████▍    | 108/200 [09:30<08:38,  5.64s/it]
 55%|█████▍    | 109/200 [09:35<08:20,  5.50s/it]
 55%|█████▌    | 110/200 [09:40<08:14,  5.50s/it]
 56%|█████▌    | 111/200 [09:46<08:08,  5.49s/it]
 56%|█████▌    | 112/200 [09:51<07:55,  5.41s/it]
 56%|█████▋    | 113/200 [09:56<07:45,  5.35s/it]
 57%|█████▋    | 114/200 [10:01<07:35,  5.29s/it]
 57%|█████▊    | 115/200 [10:06<07:25,  5.25s/it]
 58%|█████▊    | 116/200 [10:12<07:19,  5.23s/it]
 58%|█████▊    | 117/200 [10:17<07:07,  5.15s/it]
 59%|█████▉    | 118/200 [10:22<06:56,  5.08s/it]
 60%|█████▉    | 119/200 [10:27<06:59,  5.18s/it]
 60%|██████    | 120/200 [10:32<06:51,  5.15s/it]
 60%|██████    | 121/200 [10:37<06:46,  5.15s/it]
 61%|██████    | 122/200 [10:43<06:48,  5.24s/it]
 62%|██████▏   | 123/200 [10:48<06:49,  5.31s/it]
 62%|██████▏   | 124/200 [10:53<06:39,  5.26s/it]
 62%|██████▎   | 125/200 [10:59<06:38,  5.31s/it]
 63%|██████▎   | 126/200 [11:04<06:28,  5.24s/it]
 64%|██████▎   | 127/200 [11:09<06:32,  5.37s/it]
 64%|██████▍   | 128/200 [11:15<06:33,  5.47s/it]
 64%|██████▍   | 129/200 [11:20<06:22,  5.39s/it]
 65%|██████▌   | 130/200 [11:26<06:14,  5.35s/it]
 66%|██████▌   | 131/200 [11:31<06:09,  5.36s/it]
 66%|██████▌   | 132/200 [11:37<06:09,  5.44s/it]
 66%|██████▋   | 133/200 [11:42<06:10,  5.53s/it]
 67%|██████▋   | 134/200 [11:48<06:03,  5.52s/it]
 68%|██████▊   | 135/200 [11:53<05:58,  5.52s/it]
 68%|██████▊   | 136/200 [11:59<05:53,  5.53s/it]
 68%|██████▊   | 137/200 [12:04<05:43,  5.45s/it]
 69%|██████▉   | 138/200 [12:09<05:32,  5.36s/it]
 70%|██████▉   | 139/200 [12:14<05:22,  5.29s/it]
 70%|███████   | 140/200 [12:20<05:13,  5.23s/it]
 70%|███████   | 141/200 [12:25<05:05,  5.17s/it]
 71%|███████   | 142/200 [12:30<04:55,  5.10s/it]
 72%|███████▏  | 143/200 [12:35<04:49,  5.08s/it]
 72%|███████▏  | 144/200 [12:40<04:50,  5.19s/it]
 72%|███████▎  | 145/200 [12:45<04:43,  5.16s/it]
 73%|███████▎  | 146/200 [12:50<04:36,  5.11s/it]
 74%|███████▎  | 147/200 [12:56<04:36,  5.23s/it]
 74%|███████▍  | 148/200 [13:01<04:33,  5.27s/it]
 74%|███████▍  | 149/200 [13:06<04:25,  5.20s/it]
 75%|███████▌  | 150/200 [13:11<04:17,  5.15s/it]
 76%|███████▌  | 151/200 [13:16<04:13,  5.18s/it]
 76%|███████▌  | 152/200 [13:21<04:06,  5.13s/it]
 76%|███████▋  | 153/200 [13:26<04:01,  5.14s/it]
 77%|███████▋  | 154/200 [13:31<03:55,  5.11s/it]
 78%|███████▊  | 155/200 [13:37<03:50,  5.13s/it]
 78%|███████▊  | 156/200 [13:42<03:44,  5.11s/it]
 78%|███████▊  | 157/200 [13:47<03:37,  5.06s/it]
 79%|███████▉  | 158/200 [13:52<03:35,  5.13s/it]
 80%|███████▉  | 159/200 [13:57<03:30,  5.13s/it]
 80%|████████  | 160/200 [14:03<03:28,  5.21s/it]
 80%|████████  | 161/200 [14:08<03:23,  5.21s/it]
 81%|████████  | 162/200 [14:13<03:15,  5.14s/it]
 82%|████████▏ | 163/200 [14:18<03:11,  5.18s/it]
 82%|████████▏ | 164/200 [14:23<03:09,  5.27s/it]
 82%|████████▎ | 165/200 [14:29<03:08,  5.38s/it]
 83%|████████▎ | 166/200 [14:34<02:59,  5.28s/it]
 84%|████████▎ | 167/200 [14:40<02:57,  5.37s/it]
 84%|████████▍ | 168/200 [14:45<02:49,  5.30s/it]
 84%|████████▍ | 169/200 [14:50<02:44,  5.31s/it]
 85%|████████▌ | 170/200 [14:55<02:39,  5.30s/it]
 86%|████████▌ | 171/200 [15:01<02:35,  5.36s/it]
 86%|████████▌ | 172/200 [15:06<02:29,  5.33s/it]
 86%|████████▋ | 173/200 [15:11<02:22,  5.28s/it]
 87%|████████▋ | 174/200 [15:17<02:16,  5.25s/it]
 88%|████████▊ | 175/200 [15:22<02:10,  5.24s/it]
 88%|████████▊ | 176/200 [15:27<02:06,  5.25s/it]
 88%|████████▊ | 177/200 [15:32<01:59,  5.21s/it]
 89%|████████▉ | 178/200 [15:37<01:53,  5.16s/it]
 90%|████████▉ | 179/200 [15:42<01:47,  5.13s/it]
 90%|█████████ | 180/200 [15:48<01:43,  5.16s/it]
 90%|█████████ | 181/200 [15:53<01:41,  5.32s/it]
 91%|█████████ | 182/200 [15:58<01:34,  5.24s/it]
 92%|█████████▏| 183/200 [16:04<01:29,  5.25s/it]
 92%|█████████▏| 184/200 [16:09<01:24,  5.29s/it]
 92%|█████████▎| 185/200 [16:14<01:18,  5.26s/it]
 93%|█████████▎| 186/200 [16:19<01:13,  5.27s/it]
 94%|█████████▎| 187/200 [16:24<01:07,  5.21s/it]
 94%|█████████▍| 188/200 [16:30<01:04,  5.39s/it]
 94%|█████████▍| 189/200 [16:35<00:58,  5.29s/it]
 95%|█████████▌| 190/200 [16:40<00:51,  5.16s/it]
 96%|█████████▌| 191/200 [16:45<00:46,  5.17s/it]
 96%|█████████▌| 192/200 [16:51<00:41,  5.16s/it]
 96%|█████████▋| 193/200 [16:56<00:35,  5.13s/it]
 97%|█████████▋| 194/200 [17:02<00:32,  5.37s/it]
 98%|█████████▊| 195/200 [17:08<00:28,  5.68s/it]
 98%|█████████▊| 196/200 [17:13<00:22,  5.64s/it]
 98%|█████████▊| 197/200 [17:19<00:16,  5.47s/it]
 99%|█████████▉| 198/200 [17:24<00:10,  5.33s/it]
100%|█████████▉| 199/200 [17:29<00:05,  5.26s/it]
100%|██████████| 200/200 [17:34<00:00,  5.35s/it]
                                                 
0
1
2
3
4
5
6
7
8
9
10
11
12
13
14
15
16
17
18
19
20
21
22
23
24
25
26
27
28
29
30
31
32
33
34
35
36
37
38
39
40
41
42
43
44
45
46
47
48
49
50
51
52
53
54
55
56
57
58
59
60
61
62
63
64
65
66
67
68
69
70
71
72
73
74
75
76
77
78
79
80
81
82
83
84
85
86
87
88
89
90
91
92
93
94
95
96
97
98
99
100
101
102
103
104
105
106
107
108
109
110
111
112
113
114
115
116
117
118
119
120
121
122
123
124
125
126
127
128
129
130
131
132
133
134
135
136
137
138
139
140
141
142
143
144
145
146
147
148
149
150
151
152
153
154
155
156
157
158
159
160
161
162
163
164
165
166
167
168
169
170
171
172
173
174
175
176
177
178
179
180
181
182
183
184
185
186
187
188
189
190
191
192
193
194
195
196
197
198
199
