 
Files to read: ['../pilot-cpjump1-data/profiles/2020_11_04_CPJUMP1/BR00116995/BR00116995_normalized_feature_select_negcon.csv.gz']
Files to read: ['../pilot-cpjump1-data/profiles/2020_11_04_CPJUMP1/BR00117024/BR00117024_normalized_feature_select_negcon.csv.gz']
Files to read: ['../pilot-cpjump1-data/profiles/2020_11_04_CPJUMP1/BR00117025/BR00117025_normalized_feature_select_negcon.csv.gz']
Files to read: ['../pilot-cpjump1-data/profiles/2020_11_04_CPJUMP1/BR00117026/BR00117026_normalized_feature_select_negcon.csv.gz']
Files to read: ['../pilot-cpjump1-data/profiles/2020_11_04_CPJUMP1/BR00116997/BR00116997_normalized_feature_select_negcon.csv.gz']
Files to read: ['../pilot-cpjump1-data/profiles/2020_11_04_CPJUMP1/BR00116998/BR00116998_normalized_feature_select_negcon.csv.gz']
Files to read: ['../pilot-cpjump1-data/profiles/2020_11_04_CPJUMP1/BR00116999/BR00116999_normalized_feature_select_negcon.csv.gz']
Files to read: ['../pilot-cpjump1-data/profiles/2020_11_04_CPJUMP1/BR00116996/BR00116996_normalized_feature_select_negcon.csv.gz']
Files to read: ['../pilot-cpjump1-data/profiles/2020_11_04_CPJUMP1/BR00117022/BR00117022_normalized_feature_select_negcon.csv.gz']
Files to read: ['../pilot-cpjump1-data/profiles/2020_11_04_CPJUMP1/BR00117023/BR00117023_normalized_feature_select_negcon.csv.gz']

  0%|          | 0/200 [00:00<?, ?it/s]
  0%|          | 1/200 [00:07<26:16,  7.92s/it]
  1%|          | 2/200 [00:12<20:00,  6.07s/it]
  2%|▏         | 3/200 [00:17<17:59,  5.48s/it]
  2%|▏         | 4/200 [00:22<16:55,  5.18s/it]
  2%|▎         | 5/200 [00:27<16:54,  5.20s/it]
  3%|▎         | 6/200 [00:32<17:04,  5.28s/it]
  4%|▎         | 7/200 [00:37<16:42,  5.19s/it]
  4%|▍         | 8/200 [00:43<16:36,  5.19s/it]
  4%|▍         | 9/200 [00:47<16:13,  5.10s/it]
  5%|▌         | 10/200 [00:53<16:10,  5.11s/it]
  6%|▌         | 11/200 [00:58<16:18,  5.18s/it]
  6%|▌         | 12/200 [01:04<16:37,  5.30s/it]
  6%|▋         | 13/200 [01:09<16:50,  5.40s/it]
  7%|▋         | 14/200 [01:15<16:48,  5.42s/it]
  8%|▊         | 15/200 [01:19<16:08,  5.24s/it]
  8%|▊         | 16/200 [01:25<15:57,  5.20s/it]
  8%|▊         | 17/200 [01:30<15:45,  5.17s/it]
  9%|▉         | 18/200 [01:35<15:32,  5.13s/it]
 10%|▉         | 19/200 [01:39<15:03,  4.99s/it]
 10%|█         | 20/200 [01:44<15:01,  5.01s/it]
 10%|█         | 21/200 [01:50<15:05,  5.06s/it]
 11%|█         | 22/200 [01:54<14:53,  5.02s/it]
 12%|█▏        | 23/200 [01:59<14:25,  4.89s/it]
 12%|█▏        | 24/200 [02:05<15:11,  5.18s/it]
 12%|█▎        | 25/200 [02:10<15:07,  5.18s/it]
 13%|█▎        | 26/200 [02:15<15:00,  5.18s/it]
 14%|█▎        | 27/200 [02:20<14:49,  5.14s/it]
 14%|█▍        | 28/200 [02:25<14:31,  5.07s/it]
 14%|█▍        | 29/200 [02:30<14:08,  4.96s/it]
 15%|█▌        | 30/200 [02:35<14:12,  5.01s/it]
 16%|█▌        | 31/200 [02:40<13:57,  4.95s/it]
 16%|█▌        | 32/200 [02:45<14:24,  5.14s/it]
 16%|█▋        | 33/200 [02:51<14:16,  5.13s/it]
 17%|█▋        | 34/200 [02:56<14:01,  5.07s/it]
 18%|█▊        | 35/200 [03:00<13:41,  4.98s/it]
 18%|█▊        | 36/200 [03:06<14:00,  5.12s/it]
 18%|█▊        | 37/200 [03:10<13:33,  4.99s/it]
 19%|█▉        | 38/200 [03:15<13:11,  4.89s/it]
 20%|█▉        | 39/200 [03:20<12:59,  4.84s/it]
 20%|██        | 40/200 [03:25<12:57,  4.86s/it]
 20%|██        | 41/200 [03:30<13:11,  4.98s/it]
 21%|██        | 42/200 [03:35<12:53,  4.89s/it]
 22%|██▏       | 43/200 [03:40<12:49,  4.90s/it]
 22%|██▏       | 44/200 [03:46<13:39,  5.25s/it]
 22%|██▎       | 45/200 [03:51<13:48,  5.34s/it]
 23%|██▎       | 46/200 [03:57<13:44,  5.35s/it]
 24%|██▎       | 47/200 [04:02<13:21,  5.24s/it]
 24%|██▍       | 48/200 [04:07<13:12,  5.21s/it]
 24%|██▍       | 49/200 [04:12<13:00,  5.17s/it]
 25%|██▌       | 50/200 [04:17<12:58,  5.19s/it]
 26%|██▌       | 51/200 [04:22<12:45,  5.14s/it]
 26%|██▌       | 52/200 [04:27<12:41,  5.15s/it]
 26%|██▋       | 53/200 [04:32<12:19,  5.03s/it]
 27%|██▋       | 54/200 [04:37<12:01,  4.94s/it]
 28%|██▊       | 55/200 [04:42<12:12,  5.05s/it]
 28%|██▊       | 56/200 [04:47<11:50,  4.93s/it]
 28%|██▊       | 57/200 [04:52<11:51,  4.97s/it]
 29%|██▉       | 58/200 [04:57<11:48,  4.99s/it]
 30%|██▉       | 59/200 [05:02<11:34,  4.92s/it]
 30%|███       | 60/200 [05:06<11:21,  4.86s/it]
 30%|███       | 61/200 [05:11<11:08,  4.81s/it]
 31%|███       | 62/200 [05:16<11:02,  4.80s/it]
 32%|███▏      | 63/200 [05:20<10:53,  4.77s/it]
 32%|███▏      | 64/200 [05:25<10:49,  4.77s/it]
 32%|███▎      | 65/200 [05:30<10:37,  4.72s/it]
 33%|███▎      | 66/200 [05:35<10:58,  4.92s/it]
 34%|███▎      | 67/200 [05:40<10:47,  4.87s/it]
 34%|███▍      | 68/200 [05:45<10:53,  4.95s/it]
 34%|███▍      | 69/200 [05:50<11:05,  5.08s/it]
 35%|███▌      | 70/200 [05:56<11:13,  5.18s/it]
 36%|███▌      | 71/200 [06:01<11:08,  5.18s/it]
 36%|███▌      | 72/200 [06:06<11:07,  5.22s/it]
 36%|███▋      | 73/200 [06:11<10:54,  5.16s/it]
 37%|███▋      | 74/200 [06:16<10:46,  5.13s/it]
 38%|███▊      | 75/200 [06:21<10:18,  4.94s/it]
 38%|███▊      | 76/200 [06:26<10:30,  5.09s/it]
 38%|███▊      | 77/200 [06:31<10:12,  4.98s/it]
 39%|███▉      | 78/200 [06:36<09:56,  4.89s/it]
 40%|███▉      | 79/200 [06:40<09:44,  4.83s/it]
 40%|████      | 80/200 [06:45<09:34,  4.79s/it]
 40%|████      | 81/200 [06:50<09:28,  4.78s/it]
 41%|████      | 82/200 [06:55<09:39,  4.91s/it]
 42%|████▏     | 83/200 [07:00<09:34,  4.91s/it]
 42%|████▏     | 84/200 [07:05<09:30,  4.92s/it]
 42%|████▎     | 85/200 [07:10<09:16,  4.84s/it]
 43%|████▎     | 86/200 [07:14<09:06,  4.79s/it]
 44%|████▎     | 87/200 [07:19<09:10,  4.87s/it]
 44%|████▍     | 88/200 [07:24<09:10,  4.91s/it]
 44%|████▍     | 89/200 [07:29<09:10,  4.96s/it]
 45%|████▌     | 90/200 [07:35<09:16,  5.06s/it]
 46%|████▌     | 91/200 [07:40<09:20,  5.14s/it]
 46%|████▌     | 92/200 [07:45<09:23,  5.21s/it]
 46%|████▋     | 93/200 [07:51<09:23,  5.27s/it]
 47%|████▋     | 94/200 [07:56<09:06,  5.16s/it]
 48%|████▊     | 95/200 [08:01<08:53,  5.08s/it]
 48%|████▊     | 96/200 [08:06<08:46,  5.06s/it]
 48%|████▊     | 97/200 [08:10<08:23,  4.89s/it]
 49%|████▉     | 98/200 [08:15<08:13,  4.84s/it]
 50%|████▉     | 99/200 [08:20<08:10,  4.86s/it]
 50%|█████     | 100/200 [08:25<08:11,  4.92s/it]
 50%|█████     | 101/200 [08:30<08:00,  4.85s/it]
 51%|█████     | 102/200 [08:34<07:52,  4.83s/it]
 52%|█████▏    | 103/200 [08:39<07:43,  4.78s/it]
 52%|█████▏    | 104/200 [08:44<07:41,  4.81s/it]
 52%|█████▎    | 105/200 [08:49<07:36,  4.81s/it]
 53%|█████▎    | 106/200 [08:54<07:36,  4.85s/it]
 54%|█████▎    | 107/200 [08:58<07:27,  4.81s/it]
 54%|█████▍    | 108/200 [09:03<07:23,  4.82s/it]
 55%|█████▍    | 109/200 [09:08<07:21,  4.85s/it]
 55%|█████▌    | 110/200 [09:13<07:20,  4.90s/it]
 56%|█████▌    | 111/200 [09:18<07:24,  4.99s/it]
 56%|█████▌    | 112/200 [09:23<07:05,  4.84s/it]
 56%|█████▋    | 113/200 [09:28<07:07,  4.91s/it]
 57%|█████▋    | 114/200 [09:34<07:29,  5.22s/it]
 57%|█████▊    | 115/200 [09:40<07:38,  5.39s/it]
 58%|█████▊    | 116/200 [09:44<07:16,  5.19s/it]
 58%|█████▊    | 117/200 [09:50<07:11,  5.20s/it]
 59%|█████▉    | 118/200 [09:55<07:17,  5.33s/it]
 60%|█████▉    | 119/200 [10:00<07:09,  5.30s/it]
 60%|██████    | 120/200 [10:05<06:50,  5.14s/it]
 60%|██████    | 121/200 [10:10<06:45,  5.13s/it]
 61%|██████    | 122/200 [10:15<06:35,  5.07s/it]
 62%|██████▏   | 123/200 [10:21<06:35,  5.14s/it]
 62%|██████▏   | 124/200 [10:26<06:30,  5.14s/it]
 62%|██████▎   | 125/200 [10:30<06:16,  5.02s/it]
 63%|██████▎   | 126/200 [10:36<06:27,  5.23s/it]
 64%|██████▎   | 127/200 [10:42<06:25,  5.28s/it]
 64%|██████▍   | 128/200 [10:47<06:14,  5.20s/it]
 64%|██████▍   | 129/200 [10:51<05:56,  5.02s/it]
 65%|██████▌   | 130/200 [10:56<05:45,  4.93s/it]
 66%|██████▌   | 131/200 [11:01<05:47,  5.03s/it]
 66%|██████▌   | 132/200 [11:06<05:43,  5.05s/it]
 66%|██████▋   | 133/200 [11:11<05:38,  5.06s/it]
 67%|██████▋   | 134/200 [11:17<05:43,  5.21s/it]
 68%|██████▊   | 135/200 [11:22<05:30,  5.09s/it]
 68%|██████▊   | 136/200 [11:27<05:23,  5.05s/it]
 68%|██████▊   | 137/200 [11:31<05:08,  4.90s/it]
 69%|██████▉   | 138/200 [11:37<05:13,  5.05s/it]
 70%|██████▉   | 139/200 [11:41<05:04,  4.99s/it]
 70%|███████   | 140/200 [11:46<04:56,  4.94s/it]
 70%|███████   | 141/200 [11:51<04:53,  4.98s/it]
 71%|███████   | 142/200 [11:57<04:53,  5.06s/it]
 72%|███████▏  | 143/200 [12:01<04:40,  4.92s/it]
 72%|███████▏  | 144/200 [12:06<04:38,  4.97s/it]
 72%|███████▎  | 145/200 [12:11<04:35,  5.02s/it]
 73%|███████▎  | 146/200 [12:17<04:47,  5.32s/it]
 74%|███████▎  | 147/200 [12:23<04:43,  5.34s/it]
 74%|███████▍  | 148/200 [12:29<04:43,  5.45s/it]
 74%|███████▍  | 149/200 [12:33<04:27,  5.25s/it]
 75%|███████▌  | 150/200 [12:39<04:23,  5.27s/it]
 76%|███████▌  | 151/200 [12:43<04:10,  5.12s/it]
 76%|███████▌  | 152/200 [12:49<04:06,  5.13s/it]
 76%|███████▋  | 153/200 [12:54<04:02,  5.16s/it]
 77%|███████▋  | 154/200 [12:59<04:02,  5.27s/it]
 78%|███████▊  | 155/200 [13:05<04:01,  5.36s/it]
 78%|███████▊  | 156/200 [13:10<03:50,  5.24s/it]
 78%|███████▊  | 157/200 [13:15<03:44,  5.21s/it]
 79%|███████▉  | 158/200 [13:20<03:38,  5.20s/it]
 80%|███████▉  | 159/200 [13:25<03:32,  5.19s/it]
 80%|████████  | 160/200 [13:30<03:23,  5.08s/it]
 80%|████████  | 161/200 [13:35<03:17,  5.06s/it]
 81%|████████  | 162/200 [13:40<03:10,  5.00s/it]
 82%|████████▏ | 163/200 [13:45<03:01,  4.91s/it]
 82%|████████▏ | 164/200 [13:50<03:03,  5.09s/it]
 82%|████████▎ | 165/200 [13:55<02:57,  5.07s/it]
 83%|████████▎ | 166/200 [14:00<02:48,  4.94s/it]
 84%|████████▎ | 167/200 [14:05<02:48,  5.12s/it]
 84%|████████▍ | 168/200 [14:11<02:44,  5.15s/it]
 84%|████████▍ | 169/200 [14:15<02:35,  5.01s/it]
 85%|████████▌ | 170/200 [14:20<02:29,  4.98s/it]
 86%|████████▌ | 171/200 [14:25<02:22,  4.93s/it]
 86%|████████▌ | 172/200 [14:30<02:16,  4.87s/it]
 86%|████████▋ | 173/200 [14:34<02:07,  4.73s/it]
 87%|████████▋ | 174/200 [14:39<02:04,  4.78s/it]
 88%|████████▊ | 175/200 [14:44<01:57,  4.72s/it]
 88%|████████▊ | 176/200 [14:48<01:53,  4.73s/it]
 88%|████████▊ | 177/200 [14:54<01:52,  4.88s/it]
 89%|████████▉ | 178/200 [14:59<01:48,  4.95s/it]
 90%|████████▉ | 179/200 [15:04<01:45,  5.01s/it]
 90%|█████████ | 180/200 [15:09<01:40,  5.03s/it]
 90%|█████████ | 181/200 [15:14<01:35,  5.04s/it]
 91%|█████████ | 182/200 [15:20<01:33,  5.20s/it]
 92%|█████████▏| 183/200 [15:25<01:28,  5.18s/it]
 92%|█████████▏| 184/200 [15:30<01:21,  5.10s/it]
 92%|█████████▎| 185/200 [15:35<01:16,  5.11s/it]
 93%|█████████▎| 186/200 [15:40<01:12,  5.14s/it]
 94%|█████████▎| 187/200 [15:45<01:05,  5.04s/it]
 94%|█████████▍| 188/200 [15:50<00:59,  4.98s/it]
 94%|█████████▍| 189/200 [15:54<00:53,  4.90s/it]
 95%|█████████▌| 190/200 [15:59<00:49,  4.92s/it]
 96%|█████████▌| 191/200 [16:04<00:44,  4.94s/it]
 96%|█████████▌| 192/200 [16:10<00:40,  5.08s/it]
 96%|█████████▋| 193/200 [16:15<00:35,  5.10s/it]
 97%|█████████▋| 194/200 [16:20<00:30,  5.07s/it]
 98%|█████████▊| 195/200 [16:25<00:25,  5.06s/it]
 98%|█████████▊| 196/200 [16:30<00:20,  5.07s/it]
 98%|█████████▊| 197/200 [16:35<00:14,  4.96s/it]
 99%|█████████▉| 198/200 [16:40<00:09,  4.95s/it]
100%|█████████▉| 199/200 [16:45<00:04,  5.00s/it]
100%|██████████| 200/200 [16:50<00:00,  4.97s/it]
                                                 
0
1
2
3
4
5
6
7
8
9
10
11
12
13
14
15
16
17
18
19
20
21
22
23
24
25
26
27
28
29
30
31
32
33
34
35
36
37
38
39
40
41
42
43
44
45
46
47
48
49
50
51
52
53
54
55
56
57
58
59
60
61
62
63
64
65
66
67
68
69
70
71
72
73
74
75
76
77
78
79
80
81
82
83
84
85
86
87
88
89
90
91
92
93
94
95
96
97
98
99
100
101
102
103
104
105
106
107
108
109
110
111
112
113
114
115
116
117
118
119
120
121
122
123
124
125
126
127
128
129
130
131
132
133
134
135
136
137
138
139
140
141
142
143
144
145
146
147
148
149
150
151
152
153
154
155
156
157
158
159
160
161
162
163
164
165
166
167
168
169
170
171
172
173
174
175
176
177
178
179
180
181
182
183
184
185
186
187
188
189
190
191
192
193
194
195
196
197
198
199
