 
Files to read: ['../pilot-cpjump1-data/profiles/2020_11_04_CPJUMP1/BR00116995/BR00116995_normalized_feature_select_negcon.csv.gz']
Files to read: ['../pilot-cpjump1-data/profiles/2020_11_04_CPJUMP1/BR00117024/BR00117024_normalized_feature_select_negcon.csv.gz']
Files to read: ['../pilot-cpjump1-data/profiles/2020_11_04_CPJUMP1/BR00117025/BR00117025_normalized_feature_select_negcon.csv.gz']
Files to read: ['../pilot-cpjump1-data/profiles/2020_11_04_CPJUMP1/BR00117026/BR00117026_normalized_feature_select_negcon.csv.gz']
Files to read: ['../pilot-cpjump1-data/profiles/2020_11_04_CPJUMP1/BR00116997/BR00116997_normalized_feature_select_negcon.csv.gz']
Files to read: ['../pilot-cpjump1-data/profiles/2020_11_04_CPJUMP1/BR00116998/BR00116998_normalized_feature_select_negcon.csv.gz']
Files to read: ['../pilot-cpjump1-data/profiles/2020_11_04_CPJUMP1/BR00116999/BR00116999_normalized_feature_select_negcon.csv.gz']
Files to read: ['../pilot-cpjump1-data/profiles/2020_11_04_CPJUMP1/BR00116996/BR00116996_normalized_feature_select_negcon.csv.gz']
Files to read: ['../pilot-cpjump1-data/profiles/2020_11_04_CPJUMP1/BR00117022/BR00117022_normalized_feature_select_negcon.csv.gz']
Files to read: ['../pilot-cpjump1-data/profiles/2020_11_04_CPJUMP1/BR00117023/BR00117023_normalized_feature_select_negcon.csv.gz']

  0%|          | 0/200 [00:00<?, ?it/s]
  0%|          | 1/200 [00:04<15:37,  4.71s/it]
  1%|          | 2/200 [00:08<14:42,  4.46s/it]
  2%|▏         | 3/200 [00:12<13:30,  4.11s/it]
  2%|▏         | 4/200 [00:16<13:12,  4.04s/it]
  2%|▎         | 5/200 [00:20<12:54,  3.97s/it]
  3%|▎         | 6/200 [00:24<12:46,  3.95s/it]
  4%|▎         | 7/200 [00:28<12:42,  3.95s/it]
  4%|▍         | 8/200 [00:32<12:44,  3.98s/it]
  4%|▍         | 9/200 [00:36<12:43,  4.00s/it]
  5%|▌         | 10/200 [00:40<12:49,  4.05s/it]
  6%|▌         | 11/200 [00:44<12:51,  4.08s/it]
  6%|▌         | 12/200 [00:48<12:53,  4.11s/it]
  6%|▋         | 13/200 [00:53<12:47,  4.10s/it]
  7%|▋         | 14/200 [00:57<13:15,  4.27s/it]
  8%|▊         | 15/200 [01:02<13:20,  4.33s/it]
  8%|▊         | 16/200 [01:05<12:40,  4.13s/it]
  8%|▊         | 17/200 [01:09<12:20,  4.05s/it]
  9%|▉         | 18/200 [01:13<12:31,  4.13s/it]
 10%|▉         | 19/200 [01:17<12:12,  4.05s/it]
 10%|█         | 20/200 [01:21<12:11,  4.07s/it]
 10%|█         | 21/200 [01:25<11:52,  3.98s/it]
 11%|█         | 22/200 [01:29<11:55,  4.02s/it]
 12%|█▏        | 23/200 [01:33<11:48,  4.00s/it]
 12%|█▏        | 24/200 [01:37<11:42,  3.99s/it]
 12%|█▎        | 25/200 [01:41<11:31,  3.95s/it]
 13%|█▎        | 26/200 [01:45<11:29,  3.96s/it]
 14%|█▎        | 27/200 [01:49<11:38,  4.04s/it]
 14%|█▍        | 28/200 [01:53<11:21,  3.96s/it]
 14%|█▍        | 29/200 [01:57<11:37,  4.08s/it]
 15%|█▌        | 30/200 [02:03<12:23,  4.38s/it]
 16%|█▌        | 31/200 [02:06<11:49,  4.20s/it]
 16%|█▌        | 32/200 [02:10<11:43,  4.19s/it]
 16%|█▋        | 33/200 [02:14<11:20,  4.08s/it]
 17%|█▋        | 34/200 [02:18<10:58,  3.97s/it]
 18%|█▊        | 35/200 [02:22<10:40,  3.88s/it]
 18%|█▊        | 36/200 [02:26<10:41,  3.91s/it]
 18%|█▊        | 37/200 [02:29<10:32,  3.88s/it]
 19%|█▉        | 38/200 [02:34<10:41,  3.96s/it]
 20%|█▉        | 39/200 [02:37<10:33,  3.93s/it]
 20%|██        | 40/200 [02:42<11:07,  4.17s/it]
 20%|██        | 41/200 [02:46<10:59,  4.15s/it]
 21%|██        | 42/200 [02:50<10:50,  4.12s/it]
 22%|██▏       | 43/200 [02:54<10:29,  4.01s/it]
 22%|██▏       | 44/200 [02:58<10:21,  3.98s/it]
 22%|██▎       | 45/200 [03:02<10:12,  3.95s/it]
 23%|██▎       | 46/200 [03:06<10:16,  4.00s/it]
 24%|██▎       | 47/200 [03:10<10:01,  3.93s/it]
 24%|██▍       | 48/200 [03:14<10:05,  3.99s/it]
 24%|██▍       | 49/200 [03:18<10:06,  4.02s/it]
 25%|██▌       | 50/200 [03:22<10:03,  4.02s/it]
 26%|██▌       | 51/200 [03:26<10:16,  4.14s/it]
 26%|██▌       | 52/200 [03:31<10:10,  4.12s/it]
 26%|██▋       | 53/200 [03:35<10:00,  4.08s/it]
 27%|██▋       | 54/200 [03:38<09:50,  4.04s/it]
 28%|██▊       | 55/200 [03:42<09:39,  4.00s/it]
 28%|██▊       | 56/200 [03:46<09:29,  3.95s/it]
 28%|██▊       | 57/200 [03:50<09:12,  3.86s/it]
 29%|██▉       | 58/200 [03:54<09:03,  3.82s/it]
 30%|██▉       | 59/200 [03:57<08:59,  3.83s/it]
 30%|███       | 60/200 [04:01<08:59,  3.85s/it]
 30%|███       | 61/200 [04:05<08:54,  3.84s/it]
 31%|███       | 62/200 [04:09<08:57,  3.89s/it]
 32%|███▏      | 63/200 [04:13<09:07,  4.00s/it]
 32%|███▏      | 64/200 [04:17<09:01,  3.98s/it]
 32%|███▎      | 65/200 [04:21<08:49,  3.92s/it]
 33%|███▎      | 66/200 [04:25<08:42,  3.90s/it]
 34%|███▎      | 67/200 [04:29<08:57,  4.04s/it]
 34%|███▍      | 68/200 [04:33<08:53,  4.04s/it]
 34%|███▍      | 69/200 [04:38<08:52,  4.07s/it]
 35%|███▌      | 70/200 [04:41<08:38,  3.99s/it]
 36%|███▌      | 71/200 [04:45<08:35,  3.99s/it]
 36%|███▌      | 72/200 [04:50<08:42,  4.08s/it]
 36%|███▋      | 73/200 [04:53<08:29,  4.01s/it]
 37%|███▋      | 74/200 [04:57<08:20,  3.97s/it]
 38%|███▊      | 75/200 [05:01<08:07,  3.90s/it]
 38%|███▊      | 76/200 [05:05<07:53,  3.82s/it]
 38%|███▊      | 77/200 [05:08<07:46,  3.79s/it]
 39%|███▉      | 78/200 [05:12<07:49,  3.85s/it]
 40%|███▉      | 79/200 [05:16<07:42,  3.82s/it]
 40%|████      | 80/200 [05:20<07:45,  3.88s/it]
 40%|████      | 81/200 [05:24<07:42,  3.89s/it]
 41%|████      | 82/200 [05:28<07:42,  3.92s/it]
 42%|████▏     | 83/200 [05:32<07:35,  3.89s/it]
 42%|████▏     | 84/200 [05:36<07:34,  3.92s/it]
 42%|████▎     | 85/200 [05:40<07:46,  4.05s/it]
 43%|████▎     | 86/200 [05:44<07:43,  4.06s/it]
 44%|████▎     | 87/200 [05:49<07:52,  4.18s/it]
 44%|████▍     | 88/200 [05:54<08:11,  4.39s/it]
 44%|████▍     | 89/200 [05:58<08:03,  4.36s/it]
 45%|████▌     | 90/200 [06:02<07:58,  4.35s/it]
 46%|████▌     | 91/200 [06:06<07:30,  4.14s/it]
 46%|████▌     | 92/200 [06:10<07:22,  4.10s/it]
 46%|████▋     | 93/200 [06:14<07:14,  4.06s/it]
 47%|████▋     | 94/200 [06:18<07:09,  4.05s/it]
 48%|████▊     | 95/200 [06:22<06:58,  3.99s/it]
 48%|████▊     | 96/200 [06:26<06:54,  3.98s/it]
 48%|████▊     | 97/200 [06:30<06:54,  4.03s/it]
 49%|████▉     | 98/200 [06:34<06:43,  3.96s/it]
 50%|████▉     | 99/200 [06:37<06:31,  3.87s/it]
 50%|█████     | 100/200 [06:41<06:18,  3.79s/it]
 50%|█████     | 101/200 [06:45<06:10,  3.74s/it]
 51%|█████     | 102/200 [06:48<06:08,  3.76s/it]
 52%|█████▏    | 103/200 [06:53<06:16,  3.88s/it]
 52%|█████▏    | 104/200 [06:57<06:14,  3.90s/it]
 52%|█████▎    | 105/200 [07:01<06:18,  3.98s/it]
 53%|█████▎    | 106/200 [07:05<06:19,  4.03s/it]
 54%|█████▎    | 107/200 [07:09<06:17,  4.06s/it]
 54%|█████▍    | 108/200 [07:13<06:22,  4.15s/it]
 55%|█████▍    | 109/200 [07:17<06:13,  4.10s/it]
 55%|█████▌    | 110/200 [07:21<06:07,  4.08s/it]
 56%|█████▌    | 111/200 [07:25<06:03,  4.08s/it]
 56%|█████▌    | 112/200 [07:29<05:57,  4.06s/it]
 56%|█████▋    | 113/200 [07:34<05:54,  4.08s/it]
 57%|█████▋    | 114/200 [07:38<05:50,  4.07s/it]
 57%|█████▊    | 115/200 [07:41<05:40,  4.01s/it]
 58%|█████▊    | 116/200 [07:45<05:31,  3.94s/it]
 58%|█████▊    | 117/200 [07:49<05:25,  3.93s/it]
 59%|█████▉    | 118/200 [07:53<05:20,  3.91s/it]
 60%|█████▉    | 119/200 [07:57<05:20,  3.96s/it]
 60%|██████    | 120/200 [08:01<05:17,  3.97s/it]
 60%|██████    | 121/200 [08:05<05:17,  4.02s/it]
 61%|██████    | 122/200 [08:09<05:13,  4.02s/it]
 62%|██████▏   | 123/200 [08:13<05:05,  3.97s/it]
 62%|██████▏   | 124/200 [08:17<05:09,  4.08s/it]
 62%|██████▎   | 125/200 [08:21<04:56,  3.95s/it]
 63%|██████▎   | 126/200 [08:25<04:49,  3.92s/it]
 64%|██████▎   | 127/200 [08:29<04:48,  3.96s/it]
 64%|██████▍   | 128/200 [08:33<04:50,  4.04s/it]
 64%|██████▍   | 129/200 [08:37<04:47,  4.05s/it]
 65%|██████▌   | 130/200 [08:41<04:39,  4.00s/it]
 66%|██████▌   | 131/200 [08:46<04:45,  4.14s/it]
 66%|██████▌   | 132/200 [08:50<04:43,  4.16s/it]
 66%|██████▋   | 133/200 [08:54<04:46,  4.27s/it]
 67%|██████▋   | 134/200 [08:59<04:48,  4.37s/it]
 68%|██████▊   | 135/200 [09:03<04:43,  4.37s/it]
 68%|██████▊   | 136/200 [09:08<04:36,  4.32s/it]
 68%|██████▊   | 137/200 [09:12<04:26,  4.23s/it]
 69%|██████▉   | 138/200 [09:16<04:20,  4.20s/it]
 70%|██████▉   | 139/200 [09:20<04:14,  4.17s/it]
 70%|███████   | 140/200 [09:24<04:09,  4.16s/it]
 70%|███████   | 141/200 [09:28<04:08,  4.21s/it]
 71%|███████   | 142/200 [09:32<03:56,  4.07s/it]
 72%|███████▏  | 143/200 [09:36<03:48,  4.01s/it]
 72%|███████▏  | 144/200 [09:40<03:42,  3.97s/it]
 72%|███████▎  | 145/200 [09:44<03:37,  3.96s/it]
 73%|███████▎  | 146/200 [09:48<03:34,  3.97s/it]
 74%|███████▎  | 147/200 [09:52<03:31,  3.99s/it]
 74%|███████▍  | 148/200 [09:56<03:29,  4.04s/it]
 74%|███████▍  | 149/200 [10:00<03:23,  3.99s/it]
 75%|███████▌  | 150/200 [10:04<03:21,  4.04s/it]
 76%|███████▌  | 151/200 [10:08<03:15,  3.99s/it]
 76%|███████▌  | 152/200 [10:12<03:15,  4.07s/it]
 76%|███████▋  | 153/200 [10:16<03:16,  4.18s/it]
 77%|███████▋  | 154/200 [10:20<03:09,  4.11s/it]
 78%|███████▊  | 155/200 [10:24<03:03,  4.07s/it]
 78%|███████▊  | 156/200 [10:28<02:57,  4.04s/it]
 78%|███████▊  | 157/200 [10:32<02:52,  4.02s/it]
 79%|███████▉  | 158/200 [10:36<02:49,  4.03s/it]
 80%|███████▉  | 159/200 [10:40<02:42,  3.96s/it]
 80%|████████  | 160/200 [10:44<02:36,  3.91s/it]
 80%|████████  | 161/200 [10:48<02:36,  4.03s/it]
 81%|████████  | 162/200 [10:52<02:33,  4.05s/it]
 82%|████████▏ | 163/200 [10:56<02:28,  4.00s/it]
 82%|████████▏ | 164/200 [11:00<02:24,  4.01s/it]
 82%|████████▎ | 165/200 [11:04<02:15,  3.86s/it]
 83%|████████▎ | 166/200 [11:08<02:12,  3.89s/it]
 84%|████████▎ | 167/200 [11:12<02:07,  3.86s/it]
 84%|████████▍ | 168/200 [11:16<02:06,  3.96s/it]
 84%|████████▍ | 169/200 [11:20<02:02,  3.95s/it]
 85%|████████▌ | 170/200 [11:25<02:06,  4.21s/it]
 86%|████████▌ | 171/200 [11:29<02:05,  4.34s/it]
 86%|████████▌ | 172/200 [11:34<02:02,  4.38s/it]
 86%|████████▋ | 173/200 [11:38<01:55,  4.27s/it]
 87%|████████▋ | 174/200 [11:42<01:52,  4.33s/it]
 88%|████████▊ | 175/200 [11:46<01:47,  4.31s/it]
 88%|████████▊ | 176/200 [11:51<01:44,  4.33s/it]
 88%|████████▊ | 177/200 [11:55<01:38,  4.28s/it]
 89%|████████▉ | 178/200 [11:59<01:34,  4.30s/it]
 90%|████████▉ | 179/200 [12:03<01:28,  4.22s/it]
 90%|█████████ | 180/200 [12:08<01:25,  4.27s/it]
 90%|█████████ | 181/200 [12:12<01:19,  4.21s/it]
 91%|█████████ | 182/200 [12:16<01:13,  4.08s/it]
 92%|█████████▏| 183/200 [12:19<01:07,  3.97s/it]
 92%|█████████▏| 184/200 [12:23<01:02,  3.92s/it]
 92%|█████████▎| 185/200 [12:27<00:58,  3.88s/it]
 93%|█████████▎| 186/200 [12:31<00:54,  3.88s/it]
 94%|█████████▎| 187/200 [12:35<00:50,  3.88s/it]
 94%|█████████▍| 188/200 [12:39<00:47,  3.92s/it]
 94%|█████████▍| 189/200 [12:43<00:45,  4.11s/it]
 95%|█████████▌| 190/200 [12:47<00:40,  4.04s/it]
 96%|█████████▌| 191/200 [12:51<00:35,  4.00s/it]
 96%|█████████▌| 192/200 [12:55<00:31,  3.99s/it]
 96%|█████████▋| 193/200 [12:59<00:27,  3.92s/it]
 97%|█████████▋| 194/200 [13:03<00:23,  3.93s/it]
 98%|█████████▊| 195/200 [13:06<00:19,  3.91s/it]
 98%|█████████▊| 196/200 [13:10<00:15,  3.90s/it]
 98%|█████████▊| 197/200 [13:14<00:11,  3.90s/it]
 99%|█████████▉| 198/200 [13:18<00:07,  3.97s/it]
100%|█████████▉| 199/200 [13:22<00:03,  3.99s/it]
100%|██████████| 200/200 [13:27<00:00,  4.10s/it]
                                                 
0
1
2
3
4
5
6
7
8
9
10
11
12
13
14
15
16
17
18
19
20
21
22
23
24
25
26
27
28
29
30
31
32
33
34
35
36
37
38
39
40
41
42
43
44
45
46
47
48
49
50
51
52
53
54
55
56
57
58
59
60
61
62
63
64
65
66
67
68
69
70
71
72
73
74
75
76
77
78
79
80
81
82
83
84
85
86
87
88
89
90
91
92
93
94
95
96
97
98
99
100
101
102
103
104
105
106
107
108
109
110
111
112
113
114
115
116
117
118
119
120
121
122
123
124
125
126
127
128
129
130
131
132
133
134
135
136
137
138
139
140
141
142
143
144
145
146
147
148
149
150
151
152
153
154
155
156
157
158
159
160
161
162
163
164
165
166
167
168
169
170
171
172
173
174
175
176
177
178
179
180
181
182
183
184
185
186
187
188
189
190
191
192
193
194
195
196
197
198
199
