 
Files to read: ['../pilot-cpjump1-data/profiles/2020_11_04_CPJUMP1/BR00116995/BR00116995_normalized_feature_select_negcon.csv.gz']
Files to read: ['../pilot-cpjump1-data/profiles/2020_11_04_CPJUMP1/BR00117024/BR00117024_normalized_feature_select_negcon.csv.gz']
Files to read: ['../pilot-cpjump1-data/profiles/2020_11_04_CPJUMP1/BR00117025/BR00117025_normalized_feature_select_negcon.csv.gz']
Files to read: ['../pilot-cpjump1-data/profiles/2020_11_04_CPJUMP1/BR00117026/BR00117026_normalized_feature_select_negcon.csv.gz']
Files to read: ['../pilot-cpjump1-data/profiles/2020_11_04_CPJUMP1/BR00116997/BR00116997_normalized_feature_select_negcon.csv.gz']
Files to read: ['../pilot-cpjump1-data/profiles/2020_11_04_CPJUMP1/BR00116998/BR00116998_normalized_feature_select_negcon.csv.gz']
Files to read: ['../pilot-cpjump1-data/profiles/2020_11_04_CPJUMP1/BR00116999/BR00116999_normalized_feature_select_negcon.csv.gz']
Files to read: ['../pilot-cpjump1-data/profiles/2020_11_04_CPJUMP1/BR00116996/BR00116996_normalized_feature_select_negcon.csv.gz']
Files to read: ['../pilot-cpjump1-data/profiles/2020_11_04_CPJUMP1/BR00117022/BR00117022_normalized_feature_select_negcon.csv.gz']
Files to read: ['../pilot-cpjump1-data/profiles/2020_11_04_CPJUMP1/BR00117023/BR00117023_normalized_feature_select_negcon.csv.gz']

  0%|          | 0/200 [00:00<?, ?it/s]
  0%|          | 1/200 [00:06<21:38,  6.52s/it]
  1%|          | 2/200 [00:12<20:26,  6.19s/it]
  2%|▏         | 3/200 [00:18<19:44,  6.01s/it]
  2%|▏         | 4/200 [00:23<18:49,  5.76s/it]
  2%|▎         | 5/200 [00:28<17:51,  5.49s/it]
  3%|▎         | 6/200 [00:34<17:39,  5.46s/it]
  4%|▎         | 7/200 [00:38<16:58,  5.28s/it]
  4%|▍         | 8/200 [00:44<16:45,  5.24s/it]
  4%|▍         | 9/200 [00:48<16:17,  5.12s/it]
  5%|▌         | 10/200 [00:53<15:53,  5.02s/it]
  6%|▌         | 11/200 [00:58<15:27,  4.91s/it]
  6%|▌         | 12/200 [01:03<15:16,  4.88s/it]
  6%|▋         | 13/200 [01:08<15:16,  4.90s/it]
  7%|▋         | 14/200 [01:13<15:11,  4.90s/it]
  8%|▊         | 15/200 [01:17<15:00,  4.87s/it]
  8%|▊         | 16/200 [01:22<14:52,  4.85s/it]
  8%|▊         | 17/200 [01:27<14:57,  4.90s/it]
  9%|▉         | 18/200 [01:32<14:58,  4.94s/it]
 10%|▉         | 19/200 [01:37<14:53,  4.93s/it]
 10%|█         | 20/200 [01:42<14:38,  4.88s/it]
 10%|█         | 21/200 [01:47<14:37,  4.90s/it]
 11%|█         | 22/200 [01:52<14:30,  4.89s/it]
 12%|█▏        | 23/200 [01:57<14:24,  4.89s/it]
 12%|█▏        | 24/200 [02:01<14:07,  4.81s/it]
 12%|█▎        | 25/200 [02:06<14:00,  4.80s/it]
 13%|█▎        | 26/200 [02:11<13:48,  4.76s/it]
 14%|█▎        | 27/200 [02:15<13:41,  4.75s/it]
 14%|█▍        | 28/200 [02:20<13:34,  4.74s/it]
 14%|█▍        | 29/200 [02:25<13:34,  4.76s/it]
 15%|█▌        | 30/200 [02:30<13:44,  4.85s/it]
 16%|█▌        | 31/200 [02:35<14:01,  4.98s/it]
 16%|█▌        | 32/200 [02:41<14:33,  5.20s/it]
 16%|█▋        | 33/200 [02:47<15:03,  5.41s/it]
 17%|█▋        | 34/200 [02:53<15:11,  5.49s/it]
 18%|█▊        | 35/200 [02:58<15:00,  5.46s/it]
 18%|█▊        | 36/200 [03:03<14:41,  5.38s/it]
 18%|█▊        | 37/200 [03:08<14:27,  5.32s/it]
 19%|█▉        | 38/200 [03:13<14:04,  5.22s/it]
 20%|█▉        | 39/200 [03:18<13:52,  5.17s/it]
 20%|██        | 40/200 [03:23<13:33,  5.09s/it]
 20%|██        | 41/200 [03:28<13:16,  5.01s/it]
 21%|██        | 42/200 [03:33<12:53,  4.90s/it]
 22%|██▏       | 43/200 [03:38<12:46,  4.88s/it]
 22%|██▏       | 44/200 [03:43<12:51,  4.94s/it]
 22%|██▎       | 45/200 [03:47<12:29,  4.84s/it]
 23%|██▎       | 46/200 [03:52<12:19,  4.80s/it]
 24%|██▎       | 47/200 [03:57<12:05,  4.74s/it]
 24%|██▍       | 48/200 [04:02<12:10,  4.81s/it]
 24%|██▍       | 49/200 [04:06<12:09,  4.83s/it]
 25%|██▌       | 50/200 [04:11<12:02,  4.82s/it]
 26%|██▌       | 51/200 [04:16<11:50,  4.77s/it]
 26%|██▌       | 52/200 [04:21<11:44,  4.76s/it]
 26%|██▋       | 53/200 [04:25<11:37,  4.75s/it]
 27%|██▋       | 54/200 [04:30<11:26,  4.70s/it]
 28%|██▊       | 55/200 [04:35<11:59,  4.96s/it]
 28%|██▊       | 56/200 [04:40<11:56,  4.97s/it]
 28%|██▊       | 57/200 [04:45<11:44,  4.93s/it]
 29%|██▉       | 58/200 [04:50<11:40,  4.93s/it]
 30%|██▉       | 59/200 [04:55<11:36,  4.94s/it]
 30%|███       | 60/200 [05:01<11:48,  5.06s/it]
 30%|███       | 61/200 [05:06<11:49,  5.10s/it]
 31%|███       | 62/200 [05:12<12:11,  5.30s/it]
 32%|███▏      | 63/200 [05:18<12:42,  5.56s/it]
 32%|███▏      | 64/200 [05:22<12:04,  5.32s/it]
 32%|███▎      | 65/200 [05:27<11:35,  5.15s/it]
 33%|███▎      | 66/200 [05:32<11:24,  5.11s/it]
 34%|███▎      | 67/200 [05:37<11:24,  5.15s/it]
 34%|███▍      | 68/200 [05:42<11:11,  5.08s/it]
 34%|███▍      | 69/200 [05:47<10:57,  5.02s/it]
 35%|███▌      | 70/200 [05:52<10:57,  5.06s/it]
 36%|███▌      | 71/200 [05:57<10:51,  5.05s/it]
 36%|███▌      | 72/200 [06:02<10:45,  5.04s/it]
 36%|███▋      | 73/200 [06:08<10:44,  5.07s/it]
 37%|███▋      | 74/200 [06:12<10:27,  4.98s/it]
 38%|███▊      | 75/200 [06:18<10:31,  5.05s/it]
 38%|███▊      | 76/200 [06:23<10:23,  5.03s/it]
 38%|███▊      | 77/200 [06:28<10:16,  5.01s/it]
 39%|███▉      | 78/200 [06:32<10:06,  4.97s/it]
 40%|███▉      | 79/200 [06:38<10:26,  5.18s/it]
 40%|████      | 80/200 [06:43<10:04,  5.04s/it]
 40%|████      | 81/200 [06:48<09:50,  4.96s/it]
 41%|████      | 82/200 [06:52<09:41,  4.93s/it]
 42%|████▏     | 83/200 [06:57<09:30,  4.88s/it]
 42%|████▏     | 84/200 [07:02<09:26,  4.89s/it]
 42%|████▎     | 85/200 [07:07<09:21,  4.88s/it]
 43%|████▎     | 86/200 [07:12<09:17,  4.89s/it]
 44%|████▎     | 87/200 [07:17<09:28,  5.03s/it]
 44%|████▍     | 88/200 [07:23<09:31,  5.11s/it]
 44%|████▍     | 89/200 [07:28<09:37,  5.21s/it]
 45%|████▌     | 90/200 [07:33<09:16,  5.06s/it]
 46%|████▌     | 91/200 [07:38<09:21,  5.15s/it]
 46%|████▌     | 92/200 [07:44<09:29,  5.28s/it]
 46%|████▋     | 93/200 [07:48<09:06,  5.11s/it]
 47%|████▋     | 94/200 [07:53<08:59,  5.09s/it]
 48%|████▊     | 95/200 [07:59<09:01,  5.16s/it]
 48%|████▊     | 96/200 [08:04<09:14,  5.33s/it]
 48%|████▊     | 97/200 [08:10<09:26,  5.50s/it]
 49%|████▉     | 98/200 [08:16<09:14,  5.44s/it]
 50%|████▉     | 99/200 [08:21<08:55,  5.30s/it]
 50%|█████     | 100/200 [08:25<08:25,  5.05s/it]
 50%|█████     | 101/200 [08:30<08:15,  5.00s/it]
 51%|█████     | 102/200 [08:35<08:04,  4.94s/it]
 52%|█████▏    | 103/200 [08:40<07:54,  4.89s/it]
 52%|█████▏    | 104/200 [08:44<07:44,  4.84s/it]
 52%|█████▎    | 105/200 [08:49<07:36,  4.80s/it]
 53%|█████▎    | 106/200 [08:54<07:37,  4.86s/it]
 54%|█████▎    | 107/200 [08:59<07:33,  4.88s/it]
 54%|█████▍    | 108/200 [09:04<07:39,  5.00s/it]
 55%|█████▍    | 109/200 [09:09<07:26,  4.91s/it]
 55%|█████▌    | 110/200 [09:14<07:15,  4.84s/it]
 56%|█████▌    | 111/200 [09:19<07:20,  4.96s/it]
 56%|█████▌    | 112/200 [09:24<07:16,  4.97s/it]
 56%|█████▋    | 113/200 [09:29<07:07,  4.91s/it]
 57%|█████▋    | 114/200 [09:33<06:56,  4.85s/it]
 57%|█████▊    | 115/200 [09:38<06:53,  4.87s/it]
 58%|█████▊    | 116/200 [09:44<07:03,  5.04s/it]
 58%|█████▊    | 117/200 [09:49<07:00,  5.06s/it]
 59%|█████▉    | 118/200 [09:54<06:55,  5.07s/it]
 60%|█████▉    | 119/200 [09:59<06:45,  5.00s/it]
 60%|██████    | 120/200 [10:04<06:56,  5.21s/it]
 60%|██████    | 121/200 [10:10<06:58,  5.30s/it]
 61%|██████    | 122/200 [10:16<07:04,  5.45s/it]
 62%|██████▏   | 123/200 [10:21<07:00,  5.46s/it]
 62%|██████▏   | 124/200 [10:27<06:55,  5.46s/it]
 62%|██████▎   | 125/200 [10:32<06:45,  5.41s/it]
 63%|██████▎   | 126/200 [10:38<06:50,  5.55s/it]
 64%|██████▎   | 127/200 [10:44<06:51,  5.64s/it]
 64%|██████▍   | 128/200 [10:49<06:43,  5.61s/it]
 64%|██████▍   | 129/200 [10:54<06:24,  5.42s/it]
 65%|██████▌   | 130/200 [10:59<06:13,  5.33s/it]
 66%|██████▌   | 131/200 [11:04<05:54,  5.14s/it]
 66%|██████▌   | 132/200 [11:09<05:49,  5.14s/it]
 66%|██████▋   | 133/200 [11:15<05:51,  5.24s/it]
 67%|██████▋   | 134/200 [11:20<05:41,  5.18s/it]
 68%|██████▊   | 135/200 [11:25<05:42,  5.27s/it]
 68%|██████▊   | 136/200 [11:31<05:46,  5.41s/it]
 68%|██████▊   | 137/200 [11:36<05:37,  5.36s/it]
 69%|██████▉   | 138/200 [11:41<05:26,  5.26s/it]
 70%|██████▉   | 139/200 [11:46<05:15,  5.18s/it]
 70%|███████   | 140/200 [11:51<05:10,  5.18s/it]
 70%|███████   | 141/200 [11:57<05:14,  5.32s/it]
 71%|███████   | 142/200 [12:03<05:18,  5.48s/it]
 72%|███████▏  | 143/200 [12:08<05:09,  5.42s/it]
 72%|███████▏  | 144/200 [12:13<05:03,  5.42s/it]
 72%|███████▎  | 145/200 [12:18<04:50,  5.29s/it]
 73%|███████▎  | 146/200 [12:23<04:41,  5.21s/it]
 74%|███████▎  | 147/200 [12:29<04:39,  5.26s/it]
 74%|███████▍  | 148/200 [12:34<04:35,  5.30s/it]
 74%|███████▍  | 149/200 [12:39<04:23,  5.17s/it]
 75%|███████▌  | 150/200 [12:44<04:14,  5.10s/it]
 76%|███████▌  | 151/200 [12:49<04:13,  5.17s/it]
 76%|███████▌  | 152/200 [12:55<04:11,  5.24s/it]
 76%|███████▋  | 153/200 [13:00<04:07,  5.27s/it]
 77%|███████▋  | 154/200 [13:05<03:58,  5.18s/it]
 78%|███████▊  | 155/200 [13:10<03:45,  5.01s/it]
 78%|███████▊  | 156/200 [13:14<03:35,  4.90s/it]
 78%|███████▊  | 157/200 [13:19<03:32,  4.95s/it]
 79%|███████▉  | 158/200 [13:25<03:30,  5.02s/it]
 80%|███████▉  | 159/200 [13:31<03:37,  5.31s/it]
 80%|████████  | 160/200 [13:36<03:31,  5.28s/it]
 80%|████████  | 161/200 [13:41<03:24,  5.25s/it]
 81%|████████  | 162/200 [13:46<03:16,  5.16s/it]
 82%|████████▏ | 163/200 [13:51<03:10,  5.16s/it]
 82%|████████▏ | 164/200 [13:56<03:02,  5.06s/it]
 82%|████████▎ | 165/200 [14:01<02:55,  5.00s/it]
 83%|████████▎ | 166/200 [14:06<02:52,  5.08s/it]
 84%|████████▎ | 167/200 [14:11<02:47,  5.06s/it]
 84%|████████▍ | 168/200 [14:16<02:40,  5.02s/it]
 84%|████████▍ | 169/200 [14:22<02:40,  5.18s/it]
 85%|████████▌ | 170/200 [14:26<02:33,  5.11s/it]
 86%|████████▌ | 171/200 [14:31<02:26,  5.07s/it]
 86%|████████▌ | 172/200 [14:37<02:24,  5.16s/it]
 86%|████████▋ | 173/200 [14:42<02:17,  5.09s/it]
 87%|████████▋ | 174/200 [14:48<02:21,  5.46s/it]
 88%|████████▊ | 175/200 [14:54<02:18,  5.54s/it]
 88%|████████▊ | 176/200 [14:59<02:12,  5.51s/it]
 88%|████████▊ | 177/200 [15:04<02:04,  5.40s/it]
 89%|████████▉ | 178/200 [15:10<01:59,  5.45s/it]
 90%|████████▉ | 179/200 [15:15<01:52,  5.37s/it]
 90%|█████████ | 180/200 [15:20<01:46,  5.32s/it]
 90%|█████████ | 181/200 [15:26<01:40,  5.29s/it]
 91%|█████████ | 182/200 [15:31<01:35,  5.30s/it]
 92%|█████████▏| 183/200 [15:36<01:27,  5.18s/it]
 92%|█████████▏| 184/200 [15:41<01:22,  5.15s/it]
 92%|█████████▎| 185/200 [15:47<01:20,  5.37s/it]
 93%|█████████▎| 186/200 [15:53<01:17,  5.51s/it]
 94%|█████████▎| 187/200 [15:59<01:14,  5.73s/it]
 94%|█████████▍| 188/200 [16:04<01:06,  5.55s/it]
 94%|█████████▍| 189/200 [16:09<00:59,  5.38s/it]
 95%|█████████▌| 190/200 [16:14<00:53,  5.36s/it]
 96%|█████████▌| 191/200 [16:19<00:47,  5.22s/it]
 96%|█████████▌| 192/200 [16:24<00:40,  5.12s/it]
 96%|█████████▋| 193/200 [16:29<00:35,  5.04s/it]
 97%|█████████▋| 194/200 [16:34<00:30,  5.07s/it]
 98%|█████████▊| 195/200 [16:39<00:25,  5.02s/it]
 98%|█████████▊| 196/200 [16:44<00:20,  5.18s/it]
 98%|█████████▊| 197/200 [16:50<00:15,  5.33s/it]
 99%|█████████▉| 198/200 [16:55<00:10,  5.18s/it]
100%|█████████▉| 199/200 [17:00<00:05,  5.27s/it]
100%|██████████| 200/200 [17:05<00:00,  5.19s/it]
                                                 
0
1
2
3
4
5
6
7
8
9
10
11
12
13
14
15
16
17
18
19
20
21
22
23
24
25
26
27
28
29
30
31
32
33
34
35
36
37
38
39
40
41
42
43
44
45
46
47
48
49
50
51
52
53
54
55
56
57
58
59
60
61
62
63
64
65
66
67
68
69
70
71
72
73
74
75
76
77
78
79
80
81
82
83
84
85
86
87
88
89
90
91
92
93
94
95
96
97
98
99
100
101
102
103
104
105
106
107
108
109
110
111
112
113
114
115
116
117
118
119
120
121
122
123
124
125
126
127
128
129
130
131
132
133
134
135
136
137
138
139
140
141
142
143
144
145
146
147
148
149
150
151
152
153
154
155
156
157
158
159
160
161
162
163
164
165
166
167
168
169
170
171
172
173
174
175
176
177
178
179
180
181
182
183
184
185
186
187
188
189
190
191
192
193
194
195
196
197
198
199
