 
Files to read: ['../pilot-cpjump1-data/profiles/2020_11_04_CPJUMP1/BR00116995/BR00116995_normalized_feature_select_negcon.csv.gz']
Files to read: ['../pilot-cpjump1-data/profiles/2020_11_04_CPJUMP1/BR00117024/BR00117024_normalized_feature_select_negcon.csv.gz']
Files to read: ['../pilot-cpjump1-data/profiles/2020_11_04_CPJUMP1/BR00117025/BR00117025_normalized_feature_select_negcon.csv.gz']
Files to read: ['../pilot-cpjump1-data/profiles/2020_11_04_CPJUMP1/BR00117026/BR00117026_normalized_feature_select_negcon.csv.gz']
Files to read: ['../pilot-cpjump1-data/profiles/2020_11_04_CPJUMP1/BR00116997/BR00116997_normalized_feature_select_negcon.csv.gz']
Files to read: ['../pilot-cpjump1-data/profiles/2020_11_04_CPJUMP1/BR00116998/BR00116998_normalized_feature_select_negcon.csv.gz']
Files to read: ['../pilot-cpjump1-data/profiles/2020_11_04_CPJUMP1/BR00116999/BR00116999_normalized_feature_select_negcon.csv.gz']
Files to read: ['../pilot-cpjump1-data/profiles/2020_11_04_CPJUMP1/BR00116996/BR00116996_normalized_feature_select_negcon.csv.gz']
Files to read: ['../pilot-cpjump1-data/profiles/2020_11_04_CPJUMP1/BR00117022/BR00117022_normalized_feature_select_negcon.csv.gz']
Files to read: ['../pilot-cpjump1-data/profiles/2020_11_04_CPJUMP1/BR00117023/BR00117023_normalized_feature_select_negcon.csv.gz']

  0%|          | 0/200 [00:00<?, ?it/s]
  0%|          | 1/200 [00:08<26:50,  8.09s/it]
  1%|          | 2/200 [00:13<21:32,  6.53s/it]
  2%|▏         | 3/200 [00:18<19:22,  5.90s/it]
  2%|▏         | 4/200 [00:23<18:04,  5.53s/it]
  2%|▎         | 5/200 [00:28<17:20,  5.33s/it]
  3%|▎         | 6/200 [00:33<16:59,  5.25s/it]
  4%|▎         | 7/200 [00:38<16:48,  5.22s/it]
  4%|▍         | 8/200 [00:44<16:43,  5.23s/it]
  4%|▍         | 9/200 [00:49<16:41,  5.24s/it]
  5%|▌         | 10/200 [00:54<16:07,  5.09s/it]
  6%|▌         | 11/200 [00:58<15:38,  4.97s/it]
  6%|▌         | 12/200 [01:04<15:54,  5.08s/it]
  6%|▋         | 13/200 [01:09<15:45,  5.06s/it]
  7%|▋         | 14/200 [01:14<15:38,  5.05s/it]
  8%|▊         | 15/200 [01:19<15:37,  5.07s/it]
  8%|▊         | 16/200 [01:24<15:37,  5.09s/it]
  8%|▊         | 17/200 [01:29<15:35,  5.11s/it]
  9%|▉         | 18/200 [01:34<15:29,  5.11s/it]
 10%|▉         | 19/200 [01:40<15:53,  5.27s/it]
 10%|█         | 20/200 [01:45<16:07,  5.38s/it]
 10%|█         | 21/200 [01:51<16:33,  5.55s/it]
 11%|█         | 22/200 [01:57<16:25,  5.54s/it]
 12%|█▏        | 23/200 [02:02<15:51,  5.37s/it]
 12%|█▏        | 24/200 [02:07<15:19,  5.22s/it]
 12%|█▎        | 25/200 [02:12<15:15,  5.23s/it]
 13%|█▎        | 26/200 [02:17<15:05,  5.20s/it]
 14%|█▎        | 27/200 [02:22<14:54,  5.17s/it]
 14%|█▍        | 28/200 [02:27<14:43,  5.14s/it]
 14%|█▍        | 29/200 [02:32<14:24,  5.06s/it]
 15%|█▌        | 30/200 [02:37<14:16,  5.04s/it]
 16%|█▌        | 31/200 [02:42<13:58,  4.96s/it]
 16%|█▌        | 32/200 [02:47<13:57,  4.98s/it]
 16%|█▋        | 33/200 [02:52<13:48,  4.96s/it]
 17%|█▋        | 34/200 [02:57<13:41,  4.95s/it]
 18%|█▊        | 35/200 [03:02<13:35,  4.94s/it]
 18%|█▊        | 36/200 [03:07<13:33,  4.96s/it]
 18%|█▊        | 37/200 [03:12<13:30,  4.98s/it]
 19%|█▉        | 38/200 [03:17<13:45,  5.10s/it]
 20%|█▉        | 39/200 [03:22<13:43,  5.12s/it]
 20%|██        | 40/200 [03:27<13:37,  5.11s/it]
 20%|██        | 41/200 [03:33<13:41,  5.17s/it]
 21%|██        | 42/200 [03:38<13:22,  5.08s/it]
 22%|██▏       | 43/200 [03:43<13:12,  5.05s/it]
 22%|██▏       | 44/200 [03:48<13:19,  5.13s/it]
 22%|██▎       | 45/200 [03:53<13:21,  5.17s/it]
 23%|██▎       | 46/200 [03:58<13:05,  5.10s/it]
 24%|██▎       | 47/200 [04:04<13:16,  5.20s/it]
 24%|██▍       | 48/200 [04:09<13:14,  5.23s/it]
 24%|██▍       | 49/200 [04:14<12:52,  5.12s/it]
 25%|██▌       | 50/200 [04:19<12:42,  5.08s/it]
 26%|██▌       | 51/200 [04:24<12:30,  5.04s/it]
 26%|██▌       | 52/200 [04:29<12:30,  5.07s/it]
 26%|██▋       | 53/200 [04:35<13:00,  5.31s/it]
 27%|██▋       | 54/200 [04:40<12:35,  5.18s/it]
 28%|██▊       | 55/200 [04:45<12:29,  5.17s/it]
 28%|██▊       | 56/200 [04:50<12:19,  5.13s/it]
 28%|██▊       | 57/200 [04:55<12:08,  5.09s/it]
 29%|██▉       | 58/200 [05:00<11:50,  5.00s/it]
 30%|██▉       | 59/200 [05:05<12:02,  5.13s/it]
 30%|███       | 60/200 [05:11<12:16,  5.26s/it]
 30%|███       | 61/200 [05:15<11:53,  5.14s/it]
 31%|███       | 62/200 [05:20<11:28,  4.99s/it]
 32%|███▏      | 63/200 [05:25<11:39,  5.11s/it]
 32%|███▏      | 64/200 [05:31<12:01,  5.31s/it]
 32%|███▎      | 65/200 [05:37<12:06,  5.38s/it]
 33%|███▎      | 66/200 [05:42<11:45,  5.26s/it]
 34%|███▎      | 67/200 [05:47<11:36,  5.24s/it]
 34%|███▍      | 68/200 [05:53<11:49,  5.38s/it]
 34%|███▍      | 69/200 [05:58<11:43,  5.37s/it]
 35%|███▌      | 70/200 [06:03<11:30,  5.31s/it]
 36%|███▌      | 71/200 [06:08<11:15,  5.24s/it]
 36%|███▌      | 72/200 [06:14<11:17,  5.29s/it]
 36%|███▋      | 73/200 [06:19<11:14,  5.31s/it]
 37%|███▋      | 74/200 [06:24<11:12,  5.34s/it]
 38%|███▊      | 75/200 [06:30<11:08,  5.35s/it]
 38%|███▊      | 76/200 [06:35<10:43,  5.19s/it]
 38%|███▊      | 77/200 [06:39<10:26,  5.09s/it]
 39%|███▉      | 78/200 [06:44<10:19,  5.08s/it]
 40%|███▉      | 79/200 [06:50<10:23,  5.15s/it]
 40%|████      | 80/200 [06:56<10:49,  5.41s/it]
 40%|████      | 81/200 [07:02<11:02,  5.57s/it]
 41%|████      | 82/200 [07:07<10:59,  5.59s/it]
 42%|████▏     | 83/200 [07:13<10:41,  5.48s/it]
 42%|████▏     | 84/200 [07:18<10:16,  5.31s/it]
 42%|████▎     | 85/200 [07:23<10:03,  5.25s/it]
 43%|████▎     | 86/200 [07:28<10:07,  5.32s/it]
 44%|████▎     | 87/200 [07:33<09:47,  5.20s/it]
 44%|████▍     | 88/200 [07:38<09:42,  5.20s/it]
 44%|████▍     | 89/200 [07:43<09:24,  5.09s/it]
 45%|████▌     | 90/200 [07:48<09:19,  5.08s/it]
 46%|████▌     | 91/200 [07:53<09:15,  5.10s/it]
 46%|████▌     | 92/200 [07:59<09:30,  5.28s/it]
 46%|████▋     | 93/200 [08:04<09:14,  5.19s/it]
 47%|████▋     | 94/200 [08:09<09:01,  5.11s/it]
 48%|████▊     | 95/200 [08:14<08:50,  5.05s/it]
 48%|████▊     | 96/200 [08:19<08:47,  5.07s/it]
 48%|████▊     | 97/200 [08:24<08:43,  5.08s/it]
 49%|████▉     | 98/200 [08:30<09:06,  5.36s/it]
 50%|████▉     | 99/200 [08:35<08:55,  5.30s/it]
 50%|█████     | 100/200 [08:40<08:38,  5.19s/it]
 50%|█████     | 101/200 [08:45<08:26,  5.12s/it]
 51%|█████     | 102/200 [08:50<08:31,  5.22s/it]
 52%|█████▏    | 103/200 [08:56<08:24,  5.20s/it]
 52%|█████▏    | 104/200 [09:01<08:12,  5.13s/it]
 52%|█████▎    | 105/200 [09:06<08:04,  5.10s/it]
 53%|█████▎    | 106/200 [09:11<08:08,  5.20s/it]
 54%|█████▎    | 107/200 [09:17<08:16,  5.34s/it]
 54%|█████▍    | 108/200 [09:23<08:42,  5.68s/it]
 55%|█████▍    | 109/200 [09:29<08:36,  5.68s/it]
 55%|█████▌    | 110/200 [09:35<08:40,  5.79s/it]
 56%|█████▌    | 111/200 [09:40<08:21,  5.63s/it]
 56%|█████▌    | 112/200 [09:45<07:53,  5.38s/it]
 56%|█████▋    | 113/200 [09:50<07:32,  5.20s/it]
 57%|█████▋    | 114/200 [09:55<07:30,  5.24s/it]
 57%|█████▊    | 115/200 [10:00<07:20,  5.18s/it]
 58%|█████▊    | 116/200 [10:05<07:15,  5.19s/it]
 58%|█████▊    | 117/200 [10:10<07:01,  5.08s/it]
 59%|█████▉    | 118/200 [10:15<06:55,  5.07s/it]
 60%|█████▉    | 119/200 [10:20<06:43,  4.98s/it]
 60%|██████    | 120/200 [10:26<06:56,  5.21s/it]
 60%|██████    | 121/200 [10:31<06:48,  5.17s/it]
 61%|██████    | 122/200 [10:36<06:41,  5.15s/it]
 62%|██████▏   | 123/200 [10:41<06:33,  5.12s/it]
 62%|██████▏   | 124/200 [10:46<06:36,  5.22s/it]
 62%|██████▎   | 125/200 [10:51<06:27,  5.16s/it]
 63%|██████▎   | 126/200 [10:57<06:20,  5.14s/it]
 64%|██████▎   | 127/200 [11:02<06:14,  5.14s/it]
 64%|██████▍   | 128/200 [11:07<06:09,  5.13s/it]
 64%|██████▍   | 129/200 [11:12<06:02,  5.11s/it]
 65%|██████▌   | 130/200 [11:17<05:59,  5.13s/it]
 66%|██████▌   | 131/200 [11:22<05:52,  5.10s/it]
 66%|██████▌   | 132/200 [11:27<05:51,  5.18s/it]
 66%|██████▋   | 133/200 [11:32<05:41,  5.10s/it]
 67%|██████▋   | 134/200 [11:38<05:40,  5.16s/it]
 68%|██████▊   | 135/200 [11:43<05:39,  5.23s/it]
 68%|██████▊   | 136/200 [11:48<05:32,  5.20s/it]
 68%|██████▊   | 137/200 [11:53<05:18,  5.06s/it]
 69%|██████▉   | 138/200 [11:58<05:14,  5.08s/it]
 70%|██████▉   | 139/200 [12:03<05:09,  5.07s/it]
 70%|███████   | 140/200 [12:08<05:03,  5.06s/it]
 70%|███████   | 141/200 [12:14<05:06,  5.19s/it]
 71%|███████   | 142/200 [12:19<05:00,  5.18s/it]
 72%|███████▏  | 143/200 [12:24<04:59,  5.25s/it]
 72%|███████▏  | 144/200 [12:30<05:02,  5.39s/it]
 72%|███████▎  | 145/200 [12:35<04:54,  5.36s/it]
 73%|███████▎  | 146/200 [12:40<04:45,  5.29s/it]
 74%|███████▎  | 147/200 [12:46<04:44,  5.36s/it]
 74%|███████▍  | 148/200 [12:51<04:34,  5.28s/it]
 74%|███████▍  | 149/200 [12:56<04:25,  5.21s/it]
 75%|███████▌  | 150/200 [13:01<04:17,  5.15s/it]
 76%|███████▌  | 151/200 [13:06<04:07,  5.05s/it]
 76%|███████▌  | 152/200 [13:11<04:03,  5.07s/it]
 76%|███████▋  | 153/200 [13:16<03:59,  5.10s/it]
 77%|███████▋  | 154/200 [13:21<03:57,  5.16s/it]
 78%|███████▊  | 155/200 [13:26<03:51,  5.14s/it]
 78%|███████▊  | 156/200 [13:32<03:45,  5.13s/it]
 78%|███████▊  | 157/200 [13:37<03:41,  5.14s/it]
 79%|███████▉  | 158/200 [13:42<03:35,  5.12s/it]
 80%|███████▉  | 159/200 [13:47<03:34,  5.24s/it]
 80%|████████  | 160/200 [13:53<03:31,  5.29s/it]
 80%|████████  | 161/200 [13:58<03:21,  5.16s/it]
 81%|████████  | 162/200 [14:03<03:15,  5.13s/it]
 82%|████████▏ | 163/200 [14:08<03:08,  5.10s/it]
 82%|████████▏ | 164/200 [14:13<03:04,  5.12s/it]
 82%|████████▎ | 165/200 [14:18<03:02,  5.22s/it]
 83%|████████▎ | 166/200 [14:25<03:07,  5.52s/it]
 84%|████████▎ | 167/200 [14:30<03:01,  5.51s/it]
 84%|████████▍ | 168/200 [14:36<02:56,  5.53s/it]
 84%|████████▍ | 169/200 [14:41<02:52,  5.58s/it]
 85%|████████▌ | 170/200 [14:47<02:47,  5.59s/it]
 86%|████████▌ | 171/200 [14:52<02:38,  5.48s/it]
 86%|████████▌ | 172/200 [14:57<02:29,  5.33s/it]
 86%|████████▋ | 173/200 [15:02<02:19,  5.16s/it]
 87%|████████▋ | 174/200 [15:07<02:12,  5.10s/it]
 88%|████████▊ | 175/200 [15:12<02:08,  5.14s/it]
 88%|████████▊ | 176/200 [15:17<02:02,  5.11s/it]
 88%|████████▊ | 177/200 [15:22<01:57,  5.12s/it]
 89%|████████▉ | 178/200 [15:27<01:52,  5.11s/it]
 90%|████████▉ | 179/200 [15:32<01:44,  4.97s/it]
 90%|█████████ | 180/200 [15:37<01:40,  5.02s/it]
 90%|█████████ | 181/200 [15:42<01:37,  5.12s/it]
 91%|█████████ | 182/200 [15:48<01:36,  5.34s/it]
 92%|█████████▏| 183/200 [15:53<01:29,  5.28s/it]
 92%|█████████▏| 184/200 [15:59<01:25,  5.36s/it]
 92%|█████████▎| 185/200 [16:04<01:19,  5.28s/it]
 93%|█████████▎| 186/200 [16:10<01:14,  5.35s/it]
 94%|█████████▎| 187/200 [16:15<01:10,  5.41s/it]
 94%|█████████▍| 188/200 [16:20<01:04,  5.37s/it]
 94%|█████████▍| 189/200 [16:26<00:59,  5.37s/it]
 95%|█████████▌| 190/200 [16:31<00:53,  5.38s/it]
 96%|█████████▌| 191/200 [16:37<00:48,  5.35s/it]
 96%|█████████▌| 192/200 [16:42<00:42,  5.35s/it]
 96%|█████████▋| 193/200 [16:47<00:37,  5.38s/it]
 97%|█████████▋| 194/200 [16:52<00:31,  5.29s/it]
 98%|█████████▊| 195/200 [16:58<00:26,  5.40s/it]
 98%|█████████▊| 196/200 [17:04<00:22,  5.59s/it]
 98%|█████████▊| 197/200 [17:10<00:17,  5.72s/it]
 99%|█████████▉| 198/200 [17:16<00:11,  5.73s/it]
100%|█████████▉| 199/200 [17:21<00:05,  5.65s/it]
100%|██████████| 200/200 [17:27<00:00,  5.72s/it]
                                                 
0
1
2
3
4
5
6
7
8
9
10
11
12
13
14
15
16
17
18
19
20
21
22
23
24
25
26
27
28
29
30
31
32
33
34
35
36
37
38
39
40
41
42
43
44
45
46
47
48
49
50
51
52
53
54
55
56
57
58
59
60
61
62
63
64
65
66
67
68
69
70
71
72
73
74
75
76
77
78
79
80
81
82
83
84
85
86
87
88
89
90
91
92
93
94
95
96
97
98
99
100
101
102
103
104
105
106
107
108
109
110
111
112
113
114
115
116
117
118
119
120
121
122
123
124
125
126
127
128
129
130
131
132
133
134
135
136
137
138
139
140
141
142
143
144
145
146
147
148
149
150
151
152
153
154
155
156
157
158
159
160
161
162
163
164
165
166
167
168
169
170
171
172
173
174
175
176
177
178
179
180
181
182
183
184
185
186
187
188
189
190
191
192
193
194
195
196
197
198
199
