 
Files to read: ['../pilot-cpjump1-data/profiles/2020_11_04_CPJUMP1/BR00116995/BR00116995_normalized_feature_select_negcon.csv.gz']
Files to read: ['../pilot-cpjump1-data/profiles/2020_11_04_CPJUMP1/BR00117024/BR00117024_normalized_feature_select_negcon.csv.gz']
Files to read: ['../pilot-cpjump1-data/profiles/2020_11_04_CPJUMP1/BR00117025/BR00117025_normalized_feature_select_negcon.csv.gz']
Files to read: ['../pilot-cpjump1-data/profiles/2020_11_04_CPJUMP1/BR00117026/BR00117026_normalized_feature_select_negcon.csv.gz']
Files to read: ['../pilot-cpjump1-data/profiles/2020_11_04_CPJUMP1/BR00116997/BR00116997_normalized_feature_select_negcon.csv.gz']
Files to read: ['../pilot-cpjump1-data/profiles/2020_11_04_CPJUMP1/BR00116998/BR00116998_normalized_feature_select_negcon.csv.gz']
Files to read: ['../pilot-cpjump1-data/profiles/2020_11_04_CPJUMP1/BR00116999/BR00116999_normalized_feature_select_negcon.csv.gz']
Files to read: ['../pilot-cpjump1-data/profiles/2020_11_04_CPJUMP1/BR00116996/BR00116996_normalized_feature_select_negcon.csv.gz']
Files to read: ['../pilot-cpjump1-data/profiles/2020_11_04_CPJUMP1/BR00117022/BR00117022_normalized_feature_select_negcon.csv.gz']
Files to read: ['../pilot-cpjump1-data/profiles/2020_11_04_CPJUMP1/BR00117023/BR00117023_normalized_feature_select_negcon.csv.gz']

  0%|          | 0/200 [00:00<?, ?it/s]
  0%|          | 1/200 [00:06<22:45,  6.86s/it]
  1%|          | 2/200 [00:10<16:42,  5.06s/it]
  2%|▏         | 3/200 [00:14<14:18,  4.36s/it]
  2%|▏         | 4/200 [00:18<14:13,  4.35s/it]
  2%|▎         | 5/200 [00:23<14:24,  4.43s/it]
  3%|▎         | 6/200 [00:27<14:25,  4.46s/it]
  4%|▎         | 7/200 [00:31<13:50,  4.30s/it]
  4%|▍         | 8/200 [00:35<13:24,  4.19s/it]
  4%|▍         | 9/200 [00:39<13:02,  4.10s/it]
  5%|▌         | 10/200 [00:43<12:58,  4.09s/it]
  6%|▌         | 11/200 [00:47<12:46,  4.06s/it]
  6%|▌         | 12/200 [00:51<12:53,  4.12s/it]
  6%|▋         | 13/200 [00:55<12:36,  4.04s/it]
  7%|▋         | 14/200 [00:59<12:26,  4.02s/it]
  8%|▊         | 15/200 [01:03<12:27,  4.04s/it]
  8%|▊         | 16/200 [01:07<12:19,  4.02s/it]
  8%|▊         | 17/200 [01:11<12:03,  3.95s/it]
  9%|▉         | 18/200 [01:15<11:44,  3.87s/it]
 10%|▉         | 19/200 [01:18<11:39,  3.86s/it]
 10%|█         | 20/200 [01:22<11:25,  3.81s/it]
 10%|█         | 21/200 [01:26<11:09,  3.74s/it]
 11%|█         | 22/200 [01:29<11:06,  3.75s/it]
 12%|█▏        | 23/200 [01:33<11:08,  3.78s/it]
 12%|█▏        | 24/200 [01:37<11:04,  3.78s/it]
 12%|█▎        | 25/200 [01:41<11:05,  3.80s/it]
 13%|█▎        | 26/200 [01:45<10:56,  3.77s/it]
 14%|█▎        | 27/200 [01:49<11:11,  3.88s/it]
 14%|█▍        | 28/200 [01:53<11:13,  3.91s/it]
 14%|█▍        | 29/200 [01:57<11:12,  3.93s/it]
 15%|█▌        | 30/200 [02:01<11:14,  3.97s/it]
 16%|█▌        | 31/200 [02:05<11:14,  3.99s/it]
 16%|█▌        | 32/200 [02:09<11:06,  3.97s/it]
 16%|█▋        | 33/200 [02:13<10:57,  3.94s/it]
 17%|█▋        | 34/200 [02:17<10:50,  3.92s/it]
 18%|█▊        | 35/200 [02:20<10:39,  3.87s/it]
 18%|█▊        | 36/200 [02:24<10:32,  3.86s/it]
 18%|█▊        | 37/200 [02:28<10:33,  3.89s/it]
 19%|█▉        | 38/200 [02:32<10:26,  3.86s/it]
 20%|█▉        | 39/200 [02:36<10:30,  3.91s/it]
 20%|██        | 40/200 [02:40<10:25,  3.91s/it]
 20%|██        | 41/200 [02:44<10:30,  3.96s/it]
 21%|██        | 42/200 [02:49<10:58,  4.17s/it]
 22%|██▏       | 43/200 [02:53<11:17,  4.32s/it]
 22%|██▏       | 44/200 [02:57<10:58,  4.22s/it]
 22%|██▎       | 45/200 [03:01<10:33,  4.09s/it]
 23%|██▎       | 46/200 [03:05<10:25,  4.06s/it]
 24%|██▎       | 47/200 [03:09<10:22,  4.07s/it]
 24%|██▍       | 48/200 [03:13<10:14,  4.04s/it]
 24%|██▍       | 49/200 [03:17<10:09,  4.04s/it]
 25%|██▌       | 50/200 [03:21<09:53,  3.96s/it]
 26%|██▌       | 51/200 [03:25<09:44,  3.93s/it]
 26%|██▌       | 52/200 [03:29<09:52,  4.00s/it]
 26%|██▋       | 53/200 [03:33<09:39,  3.94s/it]
 27%|██▋       | 54/200 [03:37<09:32,  3.92s/it]
 28%|██▊       | 55/200 [03:40<09:25,  3.90s/it]
 28%|██▊       | 56/200 [03:44<09:27,  3.94s/it]
 28%|██▊       | 57/200 [03:49<09:42,  4.07s/it]
 29%|██▉       | 58/200 [03:53<09:24,  3.97s/it]
 30%|██▉       | 59/200 [03:56<09:07,  3.88s/it]
 30%|███       | 60/200 [04:00<09:07,  3.91s/it]
 30%|███       | 61/200 [04:04<08:54,  3.85s/it]
 31%|███       | 62/200 [04:08<08:45,  3.81s/it]
 32%|███▏      | 63/200 [04:11<08:41,  3.81s/it]
 32%|███▏      | 64/200 [04:16<08:51,  3.91s/it]
 32%|███▎      | 65/200 [04:19<08:42,  3.87s/it]
 33%|███▎      | 66/200 [04:23<08:35,  3.84s/it]
 34%|███▎      | 67/200 [04:27<08:37,  3.89s/it]
 34%|███▍      | 68/200 [04:31<08:42,  3.95s/it]
 34%|███▍      | 69/200 [04:35<08:29,  3.89s/it]
 35%|███▌      | 70/200 [04:39<08:42,  4.02s/it]
 36%|███▌      | 71/200 [04:43<08:26,  3.93s/it]
 36%|███▌      | 72/200 [04:47<08:11,  3.84s/it]
 36%|███▋      | 73/200 [04:50<08:01,  3.79s/it]
 37%|███▋      | 74/200 [04:55<08:14,  3.93s/it]
 38%|███▊      | 75/200 [04:58<08:00,  3.84s/it]
 38%|███▊      | 76/200 [05:03<08:26,  4.09s/it]
 38%|███▊      | 77/200 [05:07<08:09,  3.98s/it]
 39%|███▉      | 78/200 [05:11<08:05,  3.98s/it]
 40%|███▉      | 79/200 [05:14<07:51,  3.89s/it]
 40%|████      | 80/200 [05:18<07:42,  3.85s/it]
 40%|████      | 81/200 [05:22<07:40,  3.87s/it]
 41%|████      | 82/200 [05:26<07:37,  3.88s/it]
 42%|████▏     | 83/200 [05:30<07:32,  3.87s/it]
 42%|████▏     | 84/200 [05:34<07:49,  4.05s/it]
 42%|████▎     | 85/200 [05:38<07:45,  4.05s/it]
 43%|████▎     | 86/200 [05:43<08:02,  4.23s/it]
 44%|████▎     | 87/200 [05:47<08:06,  4.31s/it]
 44%|████▍     | 88/200 [05:51<07:56,  4.25s/it]
 44%|████▍     | 89/200 [05:55<07:38,  4.13s/it]
 45%|████▌     | 90/200 [05:59<07:24,  4.04s/it]
 46%|████▌     | 91/200 [06:03<07:14,  3.99s/it]
 46%|████▌     | 92/200 [06:07<07:08,  3.97s/it]
 46%|████▋     | 93/200 [06:11<06:56,  3.89s/it]
 47%|████▋     | 94/200 [06:15<06:51,  3.88s/it]
 48%|████▊     | 95/200 [06:18<06:38,  3.80s/it]
 48%|████▊     | 96/200 [06:22<06:42,  3.87s/it]
 48%|████▊     | 97/200 [06:26<06:47,  3.95s/it]
 49%|████▉     | 98/200 [06:31<07:03,  4.15s/it]
 50%|████▉     | 99/200 [06:35<06:48,  4.04s/it]
 50%|█████     | 100/200 [06:38<06:33,  3.93s/it]
 50%|█████     | 101/200 [06:42<06:29,  3.93s/it]
 51%|█████     | 102/200 [06:46<06:31,  4.00s/it]
 52%|█████▏    | 103/200 [06:51<06:29,  4.01s/it]
 52%|█████▏    | 104/200 [06:54<06:18,  3.95s/it]
 52%|█████▎    | 105/200 [06:59<06:26,  4.07s/it]
 53%|█████▎    | 106/200 [07:03<06:22,  4.07s/it]
 54%|█████▎    | 107/200 [07:07<06:09,  3.98s/it]
 54%|█████▍    | 108/200 [07:10<06:03,  3.95s/it]
 55%|█████▍    | 109/200 [07:14<05:57,  3.93s/it]
 55%|█████▌    | 110/200 [07:18<06:01,  4.01s/it]
 56%|█████▌    | 111/200 [07:23<06:07,  4.13s/it]
 56%|█████▌    | 112/200 [07:27<06:12,  4.24s/it]
 56%|█████▋    | 113/200 [07:31<06:03,  4.18s/it]
 57%|█████▋    | 114/200 [07:36<06:01,  4.21s/it]
 57%|█████▊    | 115/200 [07:40<05:52,  4.14s/it]
 58%|█████▊    | 116/200 [07:43<05:39,  4.04s/it]
 58%|█████▊    | 117/200 [07:47<05:31,  3.99s/it]
 59%|█████▉    | 118/200 [07:51<05:28,  4.01s/it]
 60%|█████▉    | 119/200 [07:56<05:34,  4.14s/it]
 60%|██████    | 120/200 [08:01<05:51,  4.39s/it]
 60%|██████    | 121/200 [08:05<05:49,  4.42s/it]
 61%|██████    | 122/200 [08:09<05:31,  4.25s/it]
 62%|██████▏   | 123/200 [08:13<05:16,  4.11s/it]
 62%|██████▏   | 124/200 [08:17<05:06,  4.03s/it]
 62%|██████▎   | 125/200 [08:21<04:59,  3.99s/it]
 63%|██████▎   | 126/200 [08:25<04:54,  3.98s/it]
 64%|██████▎   | 127/200 [08:29<04:47,  3.94s/it]
 64%|██████▍   | 128/200 [08:32<04:39,  3.89s/it]
 64%|██████▍   | 129/200 [08:36<04:34,  3.87s/it]
 65%|██████▌   | 130/200 [08:40<04:34,  3.92s/it]
 66%|██████▌   | 131/200 [08:44<04:29,  3.90s/it]
 66%|██████▌   | 132/200 [08:48<04:27,  3.94s/it]
 66%|██████▋   | 133/200 [08:52<04:25,  3.96s/it]
 67%|██████▋   | 134/200 [08:56<04:24,  4.01s/it]
 68%|██████▊   | 135/200 [09:00<04:19,  4.00s/it]
 68%|██████▊   | 136/200 [09:04<04:16,  4.00s/it]
 68%|██████▊   | 137/200 [09:08<04:16,  4.06s/it]
 69%|██████▉   | 138/200 [09:13<04:20,  4.20s/it]
 70%|██████▉   | 139/200 [09:17<04:10,  4.11s/it]
 70%|███████   | 140/200 [09:20<03:58,  3.97s/it]
 70%|███████   | 141/200 [09:24<03:55,  3.99s/it]
 71%|███████   | 142/200 [09:29<03:55,  4.06s/it]
 72%|███████▏  | 143/200 [09:33<03:53,  4.09s/it]
 72%|███████▏  | 144/200 [09:37<03:50,  4.12s/it]
 72%|███████▎  | 145/200 [09:41<03:47,  4.13s/it]
 73%|███████▎  | 146/200 [09:45<03:37,  4.03s/it]
 74%|███████▎  | 147/200 [09:49<03:38,  4.13s/it]
 74%|███████▍  | 148/200 [09:54<03:44,  4.32s/it]
 74%|███████▍  | 149/200 [09:58<03:34,  4.21s/it]
 75%|███████▌  | 150/200 [10:02<03:24,  4.09s/it]
 76%|███████▌  | 151/200 [10:06<03:22,  4.13s/it]
 76%|███████▌  | 152/200 [10:11<03:23,  4.24s/it]
 76%|███████▋  | 153/200 [10:14<03:12,  4.09s/it]
 77%|███████▋  | 154/200 [10:18<03:04,  4.02s/it]
 78%|███████▊  | 155/200 [10:22<03:00,  4.02s/it]
 78%|███████▊  | 156/200 [10:26<02:59,  4.08s/it]
 78%|███████▊  | 157/200 [10:31<03:01,  4.23s/it]
 79%|███████▉  | 158/200 [10:36<03:07,  4.47s/it]
 80%|███████▉  | 159/200 [10:40<03:01,  4.44s/it]
 80%|████████  | 160/200 [10:44<02:53,  4.33s/it]
 80%|████████  | 161/200 [10:48<02:43,  4.20s/it]
 81%|████████  | 162/200 [10:52<02:36,  4.12s/it]
 82%|████████▏ | 163/200 [10:56<02:28,  4.02s/it]
 82%|████████▏ | 164/200 [11:00<02:21,  3.93s/it]
 82%|████████▎ | 165/200 [11:04<02:23,  4.10s/it]
 83%|████████▎ | 166/200 [11:08<02:15,  3.99s/it]
 84%|████████▎ | 167/200 [11:12<02:10,  3.97s/it]
 84%|████████▍ | 168/200 [11:16<02:04,  3.89s/it]
 84%|████████▍ | 169/200 [11:20<02:00,  3.88s/it]
 85%|████████▌ | 170/200 [11:24<01:57,  3.92s/it]
 86%|████████▌ | 171/200 [11:28<01:54,  3.95s/it]
 86%|████████▌ | 172/200 [11:31<01:49,  3.90s/it]
 86%|████████▋ | 173/200 [11:35<01:43,  3.83s/it]
 87%|████████▋ | 174/200 [11:39<01:38,  3.78s/it]
 88%|████████▊ | 175/200 [11:43<01:37,  3.89s/it]
 88%|████████▊ | 176/200 [11:47<01:36,  4.03s/it]
 88%|████████▊ | 177/200 [11:51<01:31,  3.96s/it]
 89%|████████▉ | 178/200 [11:55<01:25,  3.88s/it]
 90%|████████▉ | 179/200 [11:59<01:23,  3.95s/it]
 90%|█████████ | 180/200 [12:03<01:20,  4.01s/it]
 90%|█████████ | 181/200 [12:07<01:15,  3.98s/it]
 91%|█████████ | 182/200 [12:11<01:10,  3.90s/it]
 92%|█████████▏| 183/200 [12:15<01:08,  4.04s/it]
 92%|█████████▏| 184/200 [12:19<01:03,  3.98s/it]
 92%|█████████▎| 185/200 [12:23<00:58,  3.93s/it]
 93%|█████████▎| 186/200 [12:27<00:55,  4.00s/it]
 94%|█████████▎| 187/200 [12:31<00:51,  3.98s/it]
 94%|█████████▍| 188/200 [12:35<00:47,  3.98s/it]
 94%|█████████▍| 189/200 [12:39<00:43,  3.99s/it]
 95%|█████████▌| 190/200 [12:43<00:39,  4.00s/it]
 96%|█████████▌| 191/200 [12:47<00:36,  4.03s/it]
 96%|█████████▌| 192/200 [12:51<00:32,  4.03s/it]
 96%|█████████▋| 193/200 [12:55<00:27,  3.96s/it]
 97%|█████████▋| 194/200 [12:58<00:23,  3.88s/it]
 98%|█████████▊| 195/200 [13:02<00:19,  3.84s/it]
 98%|█████████▊| 196/200 [13:06<00:15,  3.83s/it]
 98%|█████████▊| 197/200 [13:10<00:11,  3.81s/it]
 99%|█████████▉| 198/200 [13:13<00:07,  3.82s/it]
100%|█████████▉| 199/200 [13:17<00:03,  3.86s/it]
100%|██████████| 200/200 [13:22<00:00,  4.02s/it]
                                                 
0
1
2
3
4
5
6
7
8
9
10
11
12
13
14
15
16
17
18
19
20
21
22
23
24
25
26
27
28
29
30
31
32
33
34
35
36
37
38
39
40
41
42
43
44
45
46
47
48
49
50
51
52
53
54
55
56
57
58
59
60
61
62
63
64
65
66
67
68
69
70
71
72
73
74
75
76
77
78
79
80
81
82
83
84
85
86
87
88
89
90
91
92
93
94
95
96
97
98
99
100
101
102
103
104
105
106
107
108
109
110
111
112
113
114
115
116
117
118
119
120
121
122
123
124
125
126
127
128
129
130
131
132
133
134
135
136
137
138
139
140
141
142
143
144
145
146
147
148
149
150
151
152
153
154
155
156
157
158
159
160
161
162
163
164
165
166
167
168
169
170
171
172
173
174
175
176
177
178
179
180
181
182
183
184
185
186
187
188
189
190
191
192
193
194
195
196
197
198
199
