 
Files to read: ['../pilot-cpjump1-data/profiles/2020_11_04_CPJUMP1/BR00116995/BR00116995_normalized_feature_select_negcon.csv.gz']
Files to read: ['../pilot-cpjump1-data/profiles/2020_11_04_CPJUMP1/BR00117024/BR00117024_normalized_feature_select_negcon.csv.gz']
Files to read: ['../pilot-cpjump1-data/profiles/2020_11_04_CPJUMP1/BR00117025/BR00117025_normalized_feature_select_negcon.csv.gz']
Files to read: ['../pilot-cpjump1-data/profiles/2020_11_04_CPJUMP1/BR00117026/BR00117026_normalized_feature_select_negcon.csv.gz']
Files to read: ['../pilot-cpjump1-data/profiles/2020_11_04_CPJUMP1/BR00116997/BR00116997_normalized_feature_select_negcon.csv.gz']
Files to read: ['../pilot-cpjump1-data/profiles/2020_11_04_CPJUMP1/BR00116998/BR00116998_normalized_feature_select_negcon.csv.gz']
Files to read: ['../pilot-cpjump1-data/profiles/2020_11_04_CPJUMP1/BR00116999/BR00116999_normalized_feature_select_negcon.csv.gz']
Files to read: ['../pilot-cpjump1-data/profiles/2020_11_04_CPJUMP1/BR00116996/BR00116996_normalized_feature_select_negcon.csv.gz']
Files to read: ['../pilot-cpjump1-data/profiles/2020_11_04_CPJUMP1/BR00117022/BR00117022_normalized_feature_select_negcon.csv.gz']
Files to read: ['../pilot-cpjump1-data/profiles/2020_11_04_CPJUMP1/BR00117023/BR00117023_normalized_feature_select_negcon.csv.gz']

  0%|          | 0/200 [00:00<?, ?it/s]
  0%|          | 1/200 [00:06<20:32,  6.19s/it]
  1%|          | 2/200 [00:10<16:50,  5.10s/it]
  2%|▏         | 3/200 [00:14<15:30,  4.72s/it]
  2%|▏         | 4/200 [00:18<14:41,  4.50s/it]
  2%|▎         | 5/200 [00:23<14:11,  4.37s/it]
  3%|▎         | 6/200 [00:28<14:51,  4.60s/it]
  4%|▎         | 7/200 [00:31<13:53,  4.32s/it]
  4%|▍         | 8/200 [00:35<13:24,  4.19s/it]
  4%|▍         | 9/200 [00:39<13:07,  4.12s/it]
  5%|▌         | 10/200 [00:44<13:35,  4.29s/it]
  6%|▌         | 11/200 [00:48<13:22,  4.25s/it]
  6%|▌         | 12/200 [00:53<13:41,  4.37s/it]
  6%|▋         | 13/200 [00:57<13:24,  4.30s/it]
  7%|▋         | 14/200 [01:01<13:06,  4.23s/it]
  8%|▊         | 15/200 [01:05<13:10,  4.27s/it]
  8%|▊         | 16/200 [01:09<12:47,  4.17s/it]
  8%|▊         | 17/200 [01:13<12:47,  4.19s/it]
  9%|▉         | 18/200 [01:17<12:31,  4.13s/it]
 10%|▉         | 19/200 [01:21<12:15,  4.06s/it]
 10%|█         | 20/200 [01:25<12:06,  4.04s/it]
 10%|█         | 21/200 [01:30<12:16,  4.12s/it]
 11%|█         | 22/200 [01:34<12:33,  4.23s/it]
 12%|█▏        | 23/200 [01:38<12:34,  4.26s/it]
 12%|█▏        | 24/200 [01:43<12:45,  4.35s/it]
 12%|█▎        | 25/200 [01:47<12:17,  4.22s/it]
 13%|█▎        | 26/200 [01:51<12:13,  4.22s/it]
 14%|█▎        | 27/200 [01:56<12:27,  4.32s/it]
 14%|█▍        | 28/200 [02:00<12:17,  4.28s/it]
 14%|█▍        | 29/200 [02:04<11:54,  4.18s/it]
 15%|█▌        | 30/200 [02:08<11:39,  4.11s/it]
 16%|█▌        | 31/200 [02:12<11:32,  4.10s/it]
 16%|█▌        | 32/200 [02:16<11:30,  4.11s/it]
 16%|█▋        | 33/200 [02:21<11:54,  4.28s/it]
 17%|█▋        | 34/200 [02:25<11:36,  4.20s/it]
 18%|█▊        | 35/200 [02:29<11:21,  4.13s/it]
 18%|█▊        | 36/200 [02:33<11:05,  4.06s/it]
 18%|█▊        | 37/200 [02:37<11:28,  4.22s/it]
 19%|█▉        | 38/200 [02:42<11:29,  4.26s/it]
 20%|█▉        | 39/200 [02:46<11:13,  4.18s/it]
 20%|██        | 40/200 [02:49<10:57,  4.11s/it]
 20%|██        | 41/200 [02:53<10:46,  4.07s/it]
 21%|██        | 42/200 [02:57<10:39,  4.04s/it]
 22%|██▏       | 43/200 [03:02<10:37,  4.06s/it]
 22%|██▏       | 44/200 [03:06<10:39,  4.10s/it]
 22%|██▎       | 45/200 [03:10<10:24,  4.03s/it]
 23%|██▎       | 46/200 [03:13<10:09,  3.96s/it]
 24%|██▎       | 47/200 [03:17<09:57,  3.91s/it]
 24%|██▍       | 48/200 [03:21<10:06,  3.99s/it]
 24%|██▍       | 49/200 [03:26<10:25,  4.14s/it]
 25%|██▌       | 50/200 [03:30<10:24,  4.16s/it]
 26%|██▌       | 51/200 [03:34<10:03,  4.05s/it]
 26%|██▌       | 52/200 [03:38<09:51,  4.00s/it]
 26%|██▋       | 53/200 [03:42<09:58,  4.07s/it]
 27%|██▋       | 54/200 [03:46<09:51,  4.05s/it]
 28%|██▊       | 55/200 [03:50<09:59,  4.14s/it]
 28%|██▊       | 56/200 [03:55<10:00,  4.17s/it]
 28%|██▊       | 57/200 [03:59<09:48,  4.12s/it]
 29%|██▉       | 58/200 [04:03<09:45,  4.13s/it]
 30%|██▉       | 59/200 [04:07<09:32,  4.06s/it]
 30%|███       | 60/200 [04:11<09:27,  4.06s/it]
 30%|███       | 61/200 [04:15<09:16,  4.01s/it]
 31%|███       | 62/200 [04:19<09:36,  4.18s/it]
 32%|███▏      | 63/200 [04:23<09:29,  4.15s/it]
 32%|███▏      | 64/200 [04:27<09:30,  4.19s/it]
 32%|███▎      | 65/200 [04:31<09:16,  4.12s/it]
 33%|███▎      | 66/200 [04:35<09:08,  4.09s/it]
 34%|███▎      | 67/200 [04:40<09:04,  4.09s/it]
 34%|███▍      | 68/200 [04:43<08:46,  3.99s/it]
 34%|███▍      | 69/200 [04:47<08:37,  3.95s/it]
 35%|███▌      | 70/200 [04:51<08:40,  4.00s/it]
 36%|███▌      | 71/200 [04:55<08:31,  3.97s/it]
 36%|███▌      | 72/200 [04:59<08:35,  4.03s/it]
 36%|███▋      | 73/200 [05:03<08:32,  4.03s/it]
 37%|███▋      | 74/200 [05:07<08:20,  3.98s/it]
 38%|███▊      | 75/200 [05:12<08:29,  4.08s/it]
 38%|███▊      | 76/200 [05:16<08:36,  4.17s/it]
 38%|███▊      | 77/200 [05:20<08:26,  4.12s/it]
 39%|███▉      | 78/200 [05:24<08:32,  4.20s/it]
 40%|███▉      | 79/200 [05:28<08:21,  4.15s/it]
 40%|████      | 80/200 [05:33<08:23,  4.19s/it]
 40%|████      | 81/200 [05:37<08:10,  4.12s/it]
 41%|████      | 82/200 [05:41<08:19,  4.23s/it]
 42%|████▏     | 83/200 [05:45<08:09,  4.18s/it]
 42%|████▏     | 84/200 [05:50<08:15,  4.27s/it]
 42%|████▎     | 85/200 [05:54<08:01,  4.19s/it]
 43%|████▎     | 86/200 [05:58<07:50,  4.13s/it]
 44%|████▎     | 87/200 [06:02<07:47,  4.14s/it]
 44%|████▍     | 88/200 [06:06<07:57,  4.26s/it]
 44%|████▍     | 89/200 [06:11<07:58,  4.31s/it]
 45%|████▌     | 90/200 [06:15<07:45,  4.23s/it]
 46%|████▌     | 91/200 [06:19<07:38,  4.21s/it]
 46%|████▌     | 92/200 [06:23<07:25,  4.12s/it]
 46%|████▋     | 93/200 [06:27<07:07,  4.00s/it]
 47%|████▋     | 94/200 [06:31<07:14,  4.10s/it]
 48%|████▊     | 95/200 [06:35<07:16,  4.16s/it]
 48%|████▊     | 96/200 [06:39<07:15,  4.19s/it]
 48%|████▊     | 97/200 [06:44<07:32,  4.39s/it]
 49%|████▉     | 98/200 [06:49<07:35,  4.47s/it]
 50%|████▉     | 99/200 [06:53<07:20,  4.36s/it]
 50%|█████     | 100/200 [06:57<07:04,  4.24s/it]
 50%|█████     | 101/200 [07:01<07:02,  4.27s/it]
 51%|█████     | 102/200 [07:06<06:57,  4.26s/it]
 52%|█████▏    | 103/200 [07:10<06:48,  4.21s/it]
 52%|█████▏    | 104/200 [07:14<06:35,  4.12s/it]
 52%|█████▎    | 105/200 [07:18<06:31,  4.12s/it]
 53%|█████▎    | 106/200 [07:22<06:26,  4.11s/it]
 54%|█████▎    | 107/200 [07:26<06:32,  4.22s/it]
 54%|█████▍    | 108/200 [07:31<06:27,  4.22s/it]
 55%|█████▍    | 109/200 [07:35<06:40,  4.40s/it]
 55%|█████▌    | 110/200 [07:39<06:25,  4.28s/it]
 56%|█████▌    | 111/200 [07:44<06:28,  4.37s/it]
 56%|█████▌    | 112/200 [07:48<06:16,  4.28s/it]
 56%|█████▋    | 113/200 [07:52<06:12,  4.28s/it]
 57%|█████▋    | 114/200 [07:56<06:03,  4.23s/it]
 57%|█████▊    | 115/200 [08:00<05:56,  4.19s/it]
 58%|█████▊    | 116/200 [08:05<06:02,  4.31s/it]
 58%|█████▊    | 117/200 [08:10<06:02,  4.37s/it]
 59%|█████▉    | 118/200 [08:14<05:58,  4.37s/it]
 60%|█████▉    | 119/200 [08:18<05:48,  4.30s/it]
 60%|██████    | 120/200 [08:23<05:46,  4.33s/it]
 60%|██████    | 121/200 [08:27<05:46,  4.38s/it]
 61%|██████    | 122/200 [08:31<05:39,  4.36s/it]
 62%|██████▏   | 123/200 [08:36<05:32,  4.32s/it]
 62%|██████▏   | 124/200 [08:40<05:27,  4.31s/it]
 62%|██████▎   | 125/200 [08:44<05:21,  4.28s/it]
 63%|██████▎   | 126/200 [08:49<05:23,  4.37s/it]
 64%|██████▎   | 127/200 [08:53<05:19,  4.38s/it]
 64%|██████▍   | 128/200 [08:57<05:16,  4.39s/it]
 64%|██████▍   | 129/200 [09:01<05:04,  4.29s/it]
 65%|██████▌   | 130/200 [09:06<05:02,  4.32s/it]
 66%|██████▌   | 131/200 [09:10<04:53,  4.25s/it]
 66%|██████▌   | 132/200 [09:15<04:57,  4.38s/it]
 66%|██████▋   | 133/200 [09:19<04:58,  4.46s/it]
 67%|██████▋   | 134/200 [09:23<04:43,  4.30s/it]
 68%|██████▊   | 135/200 [09:28<04:43,  4.36s/it]
 68%|██████▊   | 136/200 [09:32<04:37,  4.34s/it]
 68%|██████▊   | 137/200 [09:36<04:28,  4.27s/it]
 69%|██████▉   | 138/200 [09:40<04:23,  4.26s/it]
 70%|██████▉   | 139/200 [09:45<04:22,  4.30s/it]
 70%|███████   | 140/200 [09:49<04:13,  4.23s/it]
 70%|███████   | 141/200 [09:53<04:02,  4.11s/it]
 71%|███████   | 142/200 [09:57<04:05,  4.24s/it]
 72%|███████▏  | 143/200 [10:01<03:59,  4.21s/it]
 72%|███████▏  | 144/200 [10:06<03:58,  4.26s/it]
 72%|███████▎  | 145/200 [10:10<03:56,  4.30s/it]
 73%|███████▎  | 146/200 [10:14<03:48,  4.23s/it]
 74%|███████▎  | 147/200 [10:19<03:55,  4.45s/it]
 74%|███████▍  | 148/200 [10:23<03:48,  4.40s/it]
 74%|███████▍  | 149/200 [10:27<03:36,  4.24s/it]
 75%|███████▌  | 150/200 [10:31<03:28,  4.18s/it]
 76%|███████▌  | 151/200 [10:35<03:22,  4.12s/it]
 76%|███████▌  | 152/200 [10:39<03:16,  4.10s/it]
 76%|███████▋  | 153/200 [10:43<03:10,  4.06s/it]
 77%|███████▋  | 154/200 [10:48<03:09,  4.13s/it]
 78%|███████▊  | 155/200 [10:51<03:00,  4.02s/it]
 78%|███████▊  | 156/200 [10:55<02:56,  4.01s/it]
 78%|███████▊  | 157/200 [10:59<02:50,  3.97s/it]
 79%|███████▉  | 158/200 [11:03<02:45,  3.94s/it]
 80%|███████▉  | 159/200 [11:07<02:42,  3.97s/it]
 80%|████████  | 160/200 [11:11<02:41,  4.03s/it]
 80%|████████  | 161/200 [11:15<02:37,  4.03s/it]
 81%|████████  | 162/200 [11:20<02:36,  4.11s/it]
 82%|████████▏ | 163/200 [11:24<02:36,  4.23s/it]
 82%|████████▏ | 164/200 [11:28<02:31,  4.22s/it]
 82%|████████▎ | 165/200 [11:32<02:26,  4.18s/it]
 83%|████████▎ | 166/200 [11:37<02:24,  4.25s/it]
 84%|████████▎ | 167/200 [11:41<02:17,  4.18s/it]
 84%|████████▍ | 168/200 [11:45<02:16,  4.25s/it]
 84%|████████▍ | 169/200 [11:50<02:12,  4.27s/it]
 85%|████████▌ | 170/200 [11:54<02:05,  4.20s/it]
 86%|████████▌ | 171/200 [11:58<02:04,  4.28s/it]
 86%|████████▌ | 172/200 [12:02<01:57,  4.19s/it]
 86%|████████▋ | 173/200 [12:06<01:51,  4.14s/it]
 87%|████████▋ | 174/200 [12:10<01:47,  4.14s/it]
 88%|████████▊ | 175/200 [12:14<01:42,  4.10s/it]
 88%|████████▊ | 176/200 [12:18<01:37,  4.07s/it]
 88%|████████▊ | 177/200 [12:22<01:32,  4.02s/it]
 89%|████████▉ | 178/200 [12:27<01:30,  4.13s/it]
 90%|████████▉ | 179/200 [12:30<01:25,  4.06s/it]
 90%|█████████ | 180/200 [12:34<01:20,  4.03s/it]
 90%|█████████ | 181/200 [12:38<01:16,  4.02s/it]
 91%|█████████ | 182/200 [12:42<01:11,  3.99s/it]
 92%|█████████▏| 183/200 [12:46<01:07,  3.99s/it]
 92%|█████████▏| 184/200 [12:50<01:03,  3.96s/it]
 92%|█████████▎| 185/200 [12:54<00:59,  3.95s/it]
 93%|█████████▎| 186/200 [12:58<00:55,  3.95s/it]
 94%|█████████▎| 187/200 [13:02<00:52,  4.05s/it]
 94%|█████████▍| 188/200 [13:07<00:49,  4.12s/it]
 94%|█████████▍| 189/200 [13:10<00:44,  4.02s/it]
 95%|█████████▌| 190/200 [13:15<00:40,  4.08s/it]
 96%|█████████▌| 191/200 [13:19<00:36,  4.04s/it]
 96%|█████████▌| 192/200 [13:23<00:32,  4.07s/it]
 96%|█████████▋| 193/200 [13:27<00:29,  4.21s/it]
 97%|█████████▋| 194/200 [13:32<00:25,  4.33s/it]
 98%|█████████▊| 195/200 [13:36<00:21,  4.28s/it]
 98%|█████████▊| 196/200 [13:40<00:17,  4.26s/it]
 98%|█████████▊| 197/200 [13:44<00:12,  4.13s/it]
 99%|█████████▉| 198/200 [13:48<00:08,  4.15s/it]
100%|█████████▉| 199/200 [13:52<00:04,  4.04s/it]
100%|██████████| 200/200 [13:56<00:00,  4.07s/it]
                                                 
0
1
2
3
4
5
6
7
8
9
10
11
12
13
14
15
16
17
18
19
20
21
22
23
24
25
26
27
28
29
30
31
32
33
34
35
36
37
38
39
40
41
42
43
44
45
46
47
48
49
50
51
52
53
54
55
56
57
58
59
60
61
62
63
64
65
66
67
68
69
70
71
72
73
74
75
76
77
78
79
80
81
82
83
84
85
86
87
88
89
90
91
92
93
94
95
96
97
98
99
100
101
102
103
104
105
106
107
108
109
110
111
112
113
114
115
116
117
118
119
120
121
122
123
124
125
126
127
128
129
130
131
132
133
134
135
136
137
138
139
140
141
142
143
144
145
146
147
148
149
150
151
152
153
154
155
156
157
158
159
160
161
162
163
164
165
166
167
168
169
170
171
172
173
174
175
176
177
178
179
180
181
182
183
184
185
186
187
188
189
190
191
192
193
194
195
196
197
198
199
