 
Files to read: ['../pilot-cpjump1-data/profiles/2020_11_04_CPJUMP1/BR00116995/BR00116995_normalized_feature_select_negcon.csv.gz']
Files to read: ['../pilot-cpjump1-data/profiles/2020_11_04_CPJUMP1/BR00117024/BR00117024_normalized_feature_select_negcon.csv.gz']
Files to read: ['../pilot-cpjump1-data/profiles/2020_11_04_CPJUMP1/BR00117025/BR00117025_normalized_feature_select_negcon.csv.gz']
Files to read: ['../pilot-cpjump1-data/profiles/2020_11_04_CPJUMP1/BR00117026/BR00117026_normalized_feature_select_negcon.csv.gz']
Files to read: ['../pilot-cpjump1-data/profiles/2020_11_04_CPJUMP1/BR00116997/BR00116997_normalized_feature_select_negcon.csv.gz']
Files to read: ['../pilot-cpjump1-data/profiles/2020_11_04_CPJUMP1/BR00116998/BR00116998_normalized_feature_select_negcon.csv.gz']
Files to read: ['../pilot-cpjump1-data/profiles/2020_11_04_CPJUMP1/BR00116999/BR00116999_normalized_feature_select_negcon.csv.gz']
Files to read: ['../pilot-cpjump1-data/profiles/2020_11_04_CPJUMP1/BR00116996/BR00116996_normalized_feature_select_negcon.csv.gz']
Files to read: ['../pilot-cpjump1-data/profiles/2020_11_04_CPJUMP1/BR00117022/BR00117022_normalized_feature_select_negcon.csv.gz']
Files to read: ['../pilot-cpjump1-data/profiles/2020_11_04_CPJUMP1/BR00117023/BR00117023_normalized_feature_select_negcon.csv.gz']

  0%|          | 0/200 [00:00<?, ?it/s]
  0%|          | 1/200 [00:07<26:11,  7.90s/it]
  1%|          | 2/200 [00:12<18:52,  5.72s/it]
  2%|▏         | 3/200 [00:16<17:15,  5.26s/it]
  2%|▏         | 4/200 [00:20<15:05,  4.62s/it]
  2%|▎         | 5/200 [00:24<14:21,  4.42s/it]
  3%|▎         | 6/200 [00:28<14:05,  4.36s/it]
  4%|▎         | 7/200 [00:33<14:16,  4.44s/it]
  4%|▍         | 8/200 [00:37<14:15,  4.46s/it]
  4%|▍         | 9/200 [00:42<14:00,  4.40s/it]
  5%|▌         | 10/200 [00:46<13:48,  4.36s/it]
  6%|▌         | 11/200 [00:50<13:34,  4.31s/it]
  6%|▌         | 12/200 [00:54<13:08,  4.19s/it]
  6%|▋         | 13/200 [00:58<12:55,  4.15s/it]
  7%|▋         | 14/200 [01:02<12:39,  4.08s/it]
  8%|▊         | 15/200 [01:06<12:47,  4.15s/it]
  8%|▊         | 16/200 [01:11<12:51,  4.19s/it]
  8%|▊         | 17/200 [01:15<12:52,  4.22s/it]
  9%|▉         | 18/200 [01:19<12:37,  4.16s/it]
 10%|▉         | 19/200 [01:23<12:37,  4.19s/it]
 10%|█         | 20/200 [01:28<12:56,  4.31s/it]
 10%|█         | 21/200 [01:32<12:58,  4.35s/it]
 11%|█         | 22/200 [01:36<12:37,  4.25s/it]
 12%|█▏        | 23/200 [01:40<12:21,  4.19s/it]
 12%|█▏        | 24/200 [01:44<11:56,  4.07s/it]
 12%|█▎        | 25/200 [01:48<11:40,  4.00s/it]
 13%|█▎        | 26/200 [01:52<11:28,  3.96s/it]
 14%|█▎        | 27/200 [01:56<11:27,  3.98s/it]
 14%|█▍        | 28/200 [02:00<11:38,  4.06s/it]
 14%|█▍        | 29/200 [02:04<11:48,  4.15s/it]
 15%|█▌        | 30/200 [02:08<11:18,  3.99s/it]
 16%|█▌        | 31/200 [02:12<11:20,  4.03s/it]
 16%|█▌        | 32/200 [02:16<11:15,  4.02s/it]
 16%|█▋        | 33/200 [02:20<11:17,  4.06s/it]
 17%|█▋        | 34/200 [02:24<11:07,  4.02s/it]
 18%|█▊        | 35/200 [02:28<11:03,  4.02s/it]
 18%|█▊        | 36/200 [02:32<11:04,  4.05s/it]
 18%|█▊        | 37/200 [02:37<11:09,  4.11s/it]
 19%|█▉        | 38/200 [02:41<11:05,  4.11s/it]
 20%|█▉        | 39/200 [02:45<11:07,  4.14s/it]
 20%|██        | 40/200 [02:49<11:01,  4.13s/it]
 20%|██        | 41/200 [02:53<10:41,  4.03s/it]
 21%|██        | 42/200 [02:57<10:26,  3.96s/it]
 22%|██▏       | 43/200 [03:01<10:33,  4.03s/it]
 22%|██▏       | 44/200 [03:05<10:32,  4.06s/it]
 22%|██▎       | 45/200 [03:09<10:42,  4.15s/it]
 23%|██▎       | 46/200 [03:14<11:01,  4.29s/it]
 24%|██▎       | 47/200 [03:18<10:44,  4.22s/it]
 24%|██▍       | 48/200 [03:22<10:23,  4.10s/it]
 24%|██▍       | 49/200 [03:26<10:07,  4.02s/it]
 25%|██▌       | 50/200 [03:30<10:02,  4.02s/it]
 26%|██▌       | 51/200 [03:33<09:48,  3.95s/it]
 26%|██▌       | 52/200 [03:37<09:43,  3.94s/it]
 26%|██▋       | 53/200 [03:42<10:05,  4.12s/it]
 27%|██▋       | 54/200 [03:46<10:05,  4.15s/it]
 28%|██▊       | 55/200 [03:51<10:14,  4.24s/it]
 28%|██▊       | 56/200 [03:55<10:06,  4.21s/it]
 28%|██▊       | 57/200 [03:59<09:53,  4.15s/it]
 29%|██▉       | 58/200 [04:02<09:31,  4.03s/it]
 30%|██▉       | 59/200 [04:07<09:33,  4.07s/it]
 30%|███       | 60/200 [04:10<09:16,  3.97s/it]
 30%|███       | 61/200 [04:15<09:22,  4.05s/it]
 31%|███       | 62/200 [04:20<09:58,  4.33s/it]
 32%|███▏      | 63/200 [04:24<09:44,  4.27s/it]
 32%|███▏      | 64/200 [04:28<09:45,  4.30s/it]
 32%|███▎      | 65/200 [04:32<09:31,  4.24s/it]
 33%|███▎      | 66/200 [04:36<09:19,  4.17s/it]
 34%|███▎      | 67/200 [04:40<09:08,  4.12s/it]
 34%|███▍      | 68/200 [04:45<09:43,  4.42s/it]
 34%|███▍      | 69/200 [04:49<09:24,  4.31s/it]
 35%|███▌      | 70/200 [04:53<08:53,  4.11s/it]
 36%|███▌      | 71/200 [04:57<08:56,  4.16s/it]
 36%|███▌      | 72/200 [05:02<08:56,  4.19s/it]
 36%|███▋      | 73/200 [05:05<08:34,  4.05s/it]
 37%|███▋      | 74/200 [05:09<08:10,  3.90s/it]
 38%|███▊      | 75/200 [05:12<07:52,  3.78s/it]
 38%|███▊      | 76/200 [05:16<07:40,  3.71s/it]
 38%|███▊      | 77/200 [05:20<07:47,  3.80s/it]
 39%|███▉      | 78/200 [05:23<07:37,  3.75s/it]
 40%|███▉      | 79/200 [05:27<07:30,  3.73s/it]
 40%|████      | 80/200 [05:32<07:53,  3.94s/it]
 40%|████      | 81/200 [05:36<08:01,  4.05s/it]
 41%|████      | 82/200 [05:40<08:10,  4.16s/it]
 42%|████▏     | 83/200 [05:44<08:06,  4.16s/it]
 42%|████▏     | 84/200 [05:49<08:00,  4.14s/it]
 42%|████▎     | 85/200 [05:53<07:49,  4.08s/it]
 43%|████▎     | 86/200 [05:57<07:49,  4.11s/it]
 44%|████▎     | 87/200 [06:01<07:34,  4.03s/it]
 44%|████▍     | 88/200 [06:04<07:27,  4.00s/it]
 44%|████▍     | 89/200 [06:08<07:12,  3.89s/it]
 45%|████▌     | 90/200 [06:12<06:54,  3.77s/it]
 46%|████▌     | 91/200 [06:16<07:00,  3.86s/it]
 46%|████▌     | 92/200 [06:20<07:14,  4.02s/it]
 46%|████▋     | 93/200 [06:25<07:30,  4.21s/it]
 47%|████▋     | 94/200 [06:29<07:23,  4.18s/it]
 48%|████▊     | 95/200 [06:33<07:10,  4.10s/it]
 48%|████▊     | 96/200 [06:37<07:07,  4.11s/it]
 48%|████▊     | 97/200 [06:41<07:04,  4.13s/it]
 49%|████▉     | 98/200 [06:45<07:01,  4.13s/it]
 50%|████▉     | 99/200 [06:49<06:39,  3.95s/it]
 50%|█████     | 100/200 [06:52<06:26,  3.87s/it]
 50%|█████     | 101/200 [06:56<06:19,  3.83s/it]
 51%|█████     | 102/200 [07:00<06:10,  3.79s/it]
 52%|█████▏    | 103/200 [07:04<06:17,  3.89s/it]
 52%|█████▏    | 104/200 [07:08<06:20,  3.96s/it]
 52%|█████▎    | 105/200 [07:13<06:37,  4.18s/it]
 53%|█████▎    | 106/200 [07:17<06:24,  4.10s/it]
 54%|█████▎    | 107/200 [07:21<06:16,  4.04s/it]
 54%|█████▍    | 108/200 [07:24<06:01,  3.93s/it]
 55%|█████▍    | 109/200 [07:29<06:14,  4.11s/it]
 55%|█████▌    | 110/200 [07:33<06:17,  4.20s/it]
 56%|█████▌    | 111/200 [07:37<06:12,  4.18s/it]
 56%|█████▌    | 112/200 [07:41<06:04,  4.14s/it]
 56%|█████▋    | 113/200 [07:45<05:53,  4.06s/it]
 57%|█████▋    | 114/200 [07:49<05:37,  3.93s/it]
 57%|█████▊    | 115/200 [07:53<05:29,  3.88s/it]
 58%|█████▊    | 116/200 [07:56<05:25,  3.87s/it]
 58%|█████▊    | 117/200 [08:00<05:24,  3.91s/it]
 59%|█████▉    | 118/200 [08:04<05:16,  3.86s/it]
 60%|█████▉    | 119/200 [08:08<05:10,  3.84s/it]
 60%|██████    | 120/200 [08:12<05:05,  3.82s/it]
 60%|██████    | 121/200 [08:16<05:08,  3.90s/it]
 61%|██████    | 122/200 [08:20<05:02,  3.88s/it]
 62%|██████▏   | 123/200 [08:23<04:55,  3.84s/it]
 62%|██████▏   | 124/200 [08:28<04:56,  3.91s/it]
 62%|██████▎   | 125/200 [08:32<04:59,  4.00s/it]
 63%|██████▎   | 126/200 [08:36<04:52,  3.95s/it]
 64%|██████▎   | 127/200 [08:40<04:48,  3.96s/it]
 64%|██████▍   | 128/200 [08:43<04:43,  3.94s/it]
 64%|██████▍   | 129/200 [08:47<04:40,  3.95s/it]
 65%|██████▌   | 130/200 [08:52<04:39,  3.99s/it]
 66%|██████▌   | 131/200 [08:55<04:32,  3.95s/it]
 66%|██████▌   | 132/200 [09:00<04:33,  4.02s/it]
 66%|██████▋   | 133/200 [09:04<04:38,  4.16s/it]
 67%|██████▋   | 134/200 [09:08<04:39,  4.24s/it]
 68%|██████▊   | 135/200 [09:13<04:39,  4.31s/it]
 68%|██████▊   | 136/200 [09:17<04:31,  4.25s/it]
 68%|██████▊   | 137/200 [09:21<04:25,  4.22s/it]
 69%|██████▉   | 138/200 [09:25<04:21,  4.21s/it]
 70%|██████▉   | 139/200 [09:30<04:16,  4.20s/it]
 70%|███████   | 140/200 [09:33<04:06,  4.11s/it]
 70%|███████   | 141/200 [09:37<03:57,  4.03s/it]
 71%|███████   | 142/200 [09:41<03:54,  4.04s/it]
 72%|███████▏  | 143/200 [09:46<03:53,  4.10s/it]
 72%|███████▏  | 144/200 [09:49<03:45,  4.02s/it]
 72%|███████▎  | 145/200 [09:53<03:37,  3.96s/it]
 73%|███████▎  | 146/200 [09:57<03:31,  3.92s/it]
 74%|███████▎  | 147/200 [10:01<03:28,  3.93s/it]
 74%|███████▍  | 148/200 [10:05<03:23,  3.91s/it]
 74%|███████▍  | 149/200 [10:09<03:19,  3.91s/it]
 75%|███████▌  | 150/200 [10:13<03:15,  3.91s/it]
 76%|███████▌  | 151/200 [10:17<03:09,  3.88s/it]
 76%|███████▌  | 152/200 [10:20<03:05,  3.87s/it]
 76%|███████▋  | 153/200 [10:24<03:04,  3.93s/it]
 77%|███████▋  | 154/200 [10:28<02:57,  3.86s/it]
 78%|███████▊  | 155/200 [10:32<02:53,  3.85s/it]
 78%|███████▊  | 156/200 [10:36<02:49,  3.85s/it]
 78%|███████▊  | 157/200 [10:40<02:44,  3.83s/it]
 79%|███████▉  | 158/200 [10:43<02:39,  3.80s/it]
 80%|███████▉  | 159/200 [10:47<02:36,  3.82s/it]
 80%|████████  | 160/200 [10:51<02:31,  3.80s/it]
 80%|████████  | 161/200 [10:55<02:27,  3.78s/it]
 81%|████████  | 162/200 [10:58<02:21,  3.73s/it]
 82%|████████▏ | 163/200 [11:02<02:22,  3.85s/it]
 82%|████████▏ | 164/200 [11:06<02:17,  3.83s/it]
 82%|████████▎ | 165/200 [11:10<02:14,  3.83s/it]
 83%|████████▎ | 166/200 [11:14<02:12,  3.91s/it]
 84%|████████▎ | 167/200 [11:18<02:09,  3.91s/it]
 84%|████████▍ | 168/200 [11:22<02:07,  3.99s/it]
 84%|████████▍ | 169/200 [11:26<02:04,  4.00s/it]
 85%|████████▌ | 170/200 [11:30<01:59,  3.97s/it]
 86%|████████▌ | 171/200 [11:34<01:54,  3.95s/it]
 86%|████████▌ | 172/200 [11:38<01:52,  4.03s/it]
 86%|████████▋ | 173/200 [11:43<01:51,  4.12s/it]
 87%|████████▋ | 174/200 [11:47<01:45,  4.06s/it]
 88%|████████▊ | 175/200 [11:51<01:41,  4.04s/it]
 88%|████████▊ | 176/200 [11:54<01:35,  3.97s/it]
 88%|████████▊ | 177/200 [11:58<01:29,  3.90s/it]
 89%|████████▉ | 178/200 [12:02<01:25,  3.87s/it]
 90%|████████▉ | 179/200 [12:06<01:22,  3.95s/it]
 90%|█████████ | 180/200 [12:11<01:22,  4.14s/it]
 90%|█████████ | 181/200 [12:15<01:18,  4.12s/it]
 91%|█████████ | 182/200 [12:18<01:11,  3.99s/it]
 92%|█████████▏| 183/200 [12:23<01:08,  4.04s/it]
 92%|█████████▏| 184/200 [12:27<01:05,  4.07s/it]
 92%|█████████▎| 185/200 [12:31<01:02,  4.19s/it]
 93%|█████████▎| 186/200 [12:35<00:58,  4.18s/it]
 94%|█████████▎| 187/200 [12:40<00:55,  4.25s/it]
 94%|█████████▍| 188/200 [12:44<00:50,  4.24s/it]
 94%|█████████▍| 189/200 [12:48<00:45,  4.11s/it]
 95%|█████████▌| 190/200 [12:52<00:40,  4.01s/it]
 96%|█████████▌| 191/200 [12:55<00:35,  3.94s/it]
 96%|█████████▌| 192/200 [12:59<00:30,  3.85s/it]
 96%|█████████▋| 193/200 [13:03<00:27,  3.86s/it]
 97%|█████████▋| 194/200 [13:07<00:23,  3.87s/it]
 98%|█████████▊| 195/200 [13:11<00:19,  3.95s/it]
 98%|█████████▊| 196/200 [13:15<00:15,  3.92s/it]
 98%|█████████▊| 197/200 [13:19<00:11,  3.95s/it]
 99%|█████████▉| 198/200 [13:23<00:08,  4.10s/it]
100%|█████████▉| 199/200 [13:27<00:04,  4.12s/it]
100%|██████████| 200/200 [13:31<00:00,  4.04s/it]
                                                 
0
1
2
3
4
5
6
7
8
9
10
11
12
13
14
15
16
17
18
19
20
21
22
23
24
25
26
27
28
29
30
31
32
33
34
35
36
37
38
39
40
41
42
43
44
45
46
47
48
49
50
51
52
53
54
55
56
57
58
59
60
61
62
63
64
65
66
67
68
69
70
71
72
73
74
75
76
77
78
79
80
81
82
83
84
85
86
87
88
89
90
91
92
93
94
95
96
97
98
99
100
101
102
103
104
105
106
107
108
109
110
111
112
113
114
115
116
117
118
119
120
121
122
123
124
125
126
127
128
129
130
131
132
133
134
135
136
137
138
139
140
141
142
143
144
145
146
147
148
149
150
151
152
153
154
155
156
157
158
159
160
161
162
163
164
165
166
167
168
169
170
171
172
173
174
175
176
177
178
179
180
181
182
183
184
185
186
187
188
189
190
191
192
193
194
195
196
197
198
199
