 
Files to read: ['../pilot-cpjump1-data/profiles/2020_11_04_CPJUMP1/BR00116995/BR00116995_normalized_feature_select_negcon.csv.gz']
Files to read: ['../pilot-cpjump1-data/profiles/2020_11_04_CPJUMP1/BR00117024/BR00117024_normalized_feature_select_negcon.csv.gz']
Files to read: ['../pilot-cpjump1-data/profiles/2020_11_04_CPJUMP1/BR00117025/BR00117025_normalized_feature_select_negcon.csv.gz']
Files to read: ['../pilot-cpjump1-data/profiles/2020_11_04_CPJUMP1/BR00117026/BR00117026_normalized_feature_select_negcon.csv.gz']
Files to read: ['../pilot-cpjump1-data/profiles/2020_11_04_CPJUMP1/BR00116997/BR00116997_normalized_feature_select_negcon.csv.gz']
Files to read: ['../pilot-cpjump1-data/profiles/2020_11_04_CPJUMP1/BR00116998/BR00116998_normalized_feature_select_negcon.csv.gz']
Files to read: ['../pilot-cpjump1-data/profiles/2020_11_04_CPJUMP1/BR00116999/BR00116999_normalized_feature_select_negcon.csv.gz']
Files to read: ['../pilot-cpjump1-data/profiles/2020_11_04_CPJUMP1/BR00116996/BR00116996_normalized_feature_select_negcon.csv.gz']
Files to read: ['../pilot-cpjump1-data/profiles/2020_11_04_CPJUMP1/BR00117022/BR00117022_normalized_feature_select_negcon.csv.gz']
Files to read: ['../pilot-cpjump1-data/profiles/2020_11_04_CPJUMP1/BR00117023/BR00117023_normalized_feature_select_negcon.csv.gz']

  0%|          | 0/200 [00:00<?, ?it/s]
  0%|          | 1/200 [00:08<28:45,  8.67s/it]
  1%|          | 2/200 [00:13<21:25,  6.49s/it]
  2%|▏         | 3/200 [00:18<19:20,  5.89s/it]
  2%|▏         | 4/200 [00:24<18:42,  5.73s/it]
  2%|▎         | 5/200 [00:29<17:29,  5.38s/it]
  3%|▎         | 6/200 [00:33<16:47,  5.19s/it]
  4%|▎         | 7/200 [00:38<16:29,  5.13s/it]
  4%|▍         | 8/200 [00:44<16:28,  5.15s/it]
  4%|▍         | 9/200 [00:49<16:38,  5.23s/it]
  5%|▌         | 10/200 [00:54<16:31,  5.22s/it]
  6%|▌         | 11/200 [00:59<16:20,  5.19s/it]
  6%|▌         | 12/200 [01:04<16:07,  5.15s/it]
  6%|▋         | 13/200 [01:09<15:56,  5.12s/it]
  7%|▋         | 14/200 [01:15<16:13,  5.23s/it]
  8%|▊         | 15/200 [01:20<15:44,  5.11s/it]
  8%|▊         | 16/200 [01:25<15:51,  5.17s/it]
  8%|▊         | 17/200 [01:30<15:48,  5.18s/it]
  9%|▉         | 18/200 [01:36<16:00,  5.28s/it]
 10%|▉         | 19/200 [01:41<15:51,  5.26s/it]
 10%|█         | 20/200 [01:46<15:16,  5.09s/it]
 10%|█         | 21/200 [01:51<15:23,  5.16s/it]
 11%|█         | 22/200 [01:56<14:55,  5.03s/it]
 12%|█▏        | 23/200 [02:01<14:51,  5.04s/it]
 12%|█▏        | 24/200 [02:06<15:18,  5.22s/it]
 12%|█▎        | 25/200 [02:13<16:07,  5.53s/it]
 13%|█▎        | 26/200 [02:18<16:00,  5.52s/it]
 14%|█▎        | 27/200 [02:23<15:19,  5.31s/it]
 14%|█▍        | 28/200 [02:28<15:17,  5.34s/it]
 14%|█▍        | 29/200 [02:33<14:59,  5.26s/it]
 15%|█▌        | 30/200 [02:38<14:42,  5.19s/it]
 16%|█▌        | 31/200 [02:43<14:16,  5.07s/it]
 16%|█▌        | 32/200 [02:48<14:19,  5.12s/it]
 16%|█▋        | 33/200 [02:53<14:02,  5.04s/it]
 17%|█▋        | 34/200 [02:59<14:06,  5.10s/it]
 18%|█▊        | 35/200 [03:03<13:45,  5.00s/it]
 18%|█▊        | 36/200 [03:08<13:18,  4.87s/it]
 18%|█▊        | 37/200 [03:13<13:03,  4.81s/it]
 19%|█▉        | 38/200 [03:18<13:17,  4.92s/it]
 20%|█▉        | 39/200 [03:23<13:16,  4.95s/it]
 20%|██        | 40/200 [03:28<13:29,  5.06s/it]
 20%|██        | 41/200 [03:34<14:01,  5.29s/it]
 21%|██        | 42/200 [03:39<13:40,  5.19s/it]
 22%|██▏       | 43/200 [03:44<13:17,  5.08s/it]
 22%|██▏       | 44/200 [03:49<13:03,  5.03s/it]
 22%|██▎       | 45/200 [03:54<12:55,  5.00s/it]
 23%|██▎       | 46/200 [03:58<12:45,  4.97s/it]
 24%|██▎       | 47/200 [04:03<12:35,  4.94s/it]
 24%|██▍       | 48/200 [04:08<12:35,  4.97s/it]
 24%|██▍       | 49/200 [04:13<12:22,  4.92s/it]
 25%|██▌       | 50/200 [04:18<12:26,  4.98s/it]
 26%|██▌       | 51/200 [04:23<12:14,  4.93s/it]
 26%|██▌       | 52/200 [04:28<12:11,  4.95s/it]
 26%|██▋       | 53/200 [04:33<12:10,  4.97s/it]
 27%|██▋       | 54/200 [04:38<12:02,  4.95s/it]
 28%|██▊       | 55/200 [04:43<12:15,  5.07s/it]
 28%|██▊       | 56/200 [04:49<12:27,  5.19s/it]
 28%|██▊       | 57/200 [04:53<11:57,  5.01s/it]
 29%|██▉       | 58/200 [04:58<11:49,  4.99s/it]
 30%|██▉       | 59/200 [05:04<11:58,  5.09s/it]
 30%|███       | 60/200 [05:09<11:40,  5.00s/it]
 30%|███       | 61/200 [05:14<11:57,  5.17s/it]
 31%|███       | 62/200 [05:19<11:52,  5.16s/it]
 32%|███▏      | 63/200 [05:24<11:42,  5.13s/it]
 32%|███▏      | 64/200 [05:30<11:45,  5.18s/it]
 32%|███▎      | 65/200 [05:35<11:57,  5.31s/it]
 33%|███▎      | 66/200 [05:40<11:46,  5.27s/it]
 34%|███▎      | 67/200 [05:45<11:29,  5.18s/it]
 34%|███▍      | 68/200 [05:51<11:31,  5.24s/it]
 34%|███▍      | 69/200 [05:56<11:21,  5.20s/it]
 35%|███▌      | 70/200 [06:01<11:12,  5.17s/it]
 36%|███▌      | 71/200 [06:06<10:56,  5.09s/it]
 36%|███▌      | 72/200 [06:11<10:42,  5.02s/it]
 36%|███▋      | 73/200 [06:16<10:45,  5.08s/it]
 37%|███▋      | 74/200 [06:21<10:38,  5.07s/it]
 38%|███▊      | 75/200 [06:26<10:22,  4.98s/it]
 38%|███▊      | 76/200 [06:31<10:19,  5.00s/it]
 38%|███▊      | 77/200 [06:36<10:15,  5.00s/it]
 39%|███▉      | 78/200 [06:41<10:04,  4.96s/it]
 40%|███▉      | 79/200 [06:46<10:00,  4.96s/it]
 40%|████      | 80/200 [06:50<09:47,  4.89s/it]
 40%|████      | 81/200 [06:55<09:32,  4.81s/it]
 41%|████      | 82/200 [07:00<09:47,  4.98s/it]
 42%|████▏     | 83/200 [07:05<09:34,  4.91s/it]
 42%|████▏     | 84/200 [07:10<09:38,  4.98s/it]
 42%|████▎     | 85/200 [07:15<09:30,  4.96s/it]
 43%|████▎     | 86/200 [07:20<09:23,  4.95s/it]
 44%|████▎     | 87/200 [07:25<09:15,  4.92s/it]
 44%|████▍     | 88/200 [07:30<09:13,  4.94s/it]
 44%|████▍     | 89/200 [07:35<09:12,  4.98s/it]
 45%|████▌     | 90/200 [07:40<09:06,  4.97s/it]
 46%|████▌     | 91/200 [07:45<08:57,  4.93s/it]
 46%|████▌     | 92/200 [07:50<09:15,  5.14s/it]
 46%|████▋     | 93/200 [07:56<09:24,  5.27s/it]
 47%|████▋     | 94/200 [08:01<09:23,  5.31s/it]
 48%|████▊     | 95/200 [08:07<09:20,  5.33s/it]
 48%|████▊     | 96/200 [08:12<09:05,  5.25s/it]
 48%|████▊     | 97/200 [08:17<08:46,  5.11s/it]
 49%|████▉     | 98/200 [08:22<08:54,  5.24s/it]
 50%|████▉     | 99/200 [08:27<08:43,  5.19s/it]
 50%|█████     | 100/200 [08:32<08:34,  5.15s/it]
 50%|█████     | 101/200 [08:38<08:36,  5.22s/it]
 51%|█████     | 102/200 [08:43<08:35,  5.26s/it]
 52%|█████▏    | 103/200 [08:48<08:17,  5.13s/it]
 52%|█████▏    | 104/200 [08:53<08:07,  5.08s/it]
 52%|█████▎    | 105/200 [08:58<08:04,  5.10s/it]
 53%|█████▎    | 106/200 [09:03<08:00,  5.12s/it]
 54%|█████▎    | 107/200 [09:08<07:48,  5.04s/it]
 54%|█████▍    | 108/200 [09:13<07:38,  4.99s/it]
 55%|█████▍    | 109/200 [09:18<07:33,  4.98s/it]
 55%|█████▌    | 110/200 [09:23<07:28,  4.99s/it]
 56%|█████▌    | 111/200 [09:27<07:16,  4.90s/it]
 56%|█████▌    | 112/200 [09:32<07:09,  4.88s/it]
 56%|█████▋    | 113/200 [09:37<07:09,  4.93s/it]
 57%|█████▋    | 114/200 [09:42<07:03,  4.92s/it]
 57%|█████▊    | 115/200 [09:47<06:55,  4.89s/it]
 58%|█████▊    | 116/200 [09:52<06:58,  4.98s/it]
 58%|█████▊    | 117/200 [09:57<06:59,  5.05s/it]
 59%|█████▉    | 118/200 [10:02<06:50,  5.01s/it]
 60%|█████▉    | 119/200 [10:07<06:38,  4.92s/it]
 60%|██████    | 120/200 [10:12<06:30,  4.89s/it]
 60%|██████    | 121/200 [10:17<06:25,  4.89s/it]
 61%|██████    | 122/200 [10:22<06:20,  4.88s/it]
 62%|██████▏   | 123/200 [10:27<06:18,  4.92s/it]
 62%|██████▏   | 124/200 [10:32<06:34,  5.19s/it]
 62%|██████▎   | 125/200 [10:38<06:38,  5.31s/it]
 63%|██████▎   | 126/200 [10:44<06:40,  5.41s/it]
 64%|██████▎   | 127/200 [10:49<06:31,  5.37s/it]
 64%|██████▍   | 128/200 [10:54<06:25,  5.35s/it]
 64%|██████▍   | 129/200 [11:00<06:18,  5.34s/it]
 65%|██████▌   | 130/200 [11:04<05:59,  5.14s/it]
 66%|██████▌   | 131/200 [11:09<05:42,  4.96s/it]
 66%|██████▌   | 132/200 [11:14<05:39,  4.99s/it]
 66%|██████▋   | 133/200 [11:19<05:36,  5.02s/it]
 67%|██████▋   | 134/200 [11:24<05:33,  5.05s/it]
 68%|██████▊   | 135/200 [11:29<05:22,  4.95s/it]
 68%|██████▊   | 136/200 [11:34<05:15,  4.93s/it]
 68%|██████▊   | 137/200 [11:39<05:10,  4.92s/it]
 69%|██████▉   | 138/200 [11:44<05:10,  5.01s/it]
 70%|██████▉   | 139/200 [11:49<05:04,  4.99s/it]
 70%|███████   | 140/200 [11:54<04:58,  4.98s/it]
 70%|███████   | 141/200 [11:59<04:53,  4.97s/it]
 71%|███████   | 142/200 [12:03<04:45,  4.92s/it]
 72%|███████▏  | 143/200 [12:08<04:39,  4.90s/it]
 72%|███████▏  | 144/200 [12:14<04:39,  4.99s/it]
 72%|███████▎  | 145/200 [12:18<04:32,  4.96s/it]
 73%|███████▎  | 146/200 [12:24<04:31,  5.03s/it]
 74%|███████▎  | 147/200 [12:28<04:19,  4.90s/it]
 74%|███████▍  | 148/200 [12:33<04:13,  4.87s/it]
 74%|███████▍  | 149/200 [12:38<04:11,  4.93s/it]
 75%|███████▌  | 150/200 [12:43<04:12,  5.06s/it]
 76%|███████▌  | 151/200 [12:48<04:05,  5.00s/it]
 76%|███████▌  | 152/200 [12:53<03:58,  4.96s/it]
 76%|███████▋  | 153/200 [12:58<03:51,  4.93s/it]
 77%|███████▋  | 154/200 [13:03<03:45,  4.91s/it]
 78%|███████▊  | 155/200 [13:08<03:39,  4.87s/it]
 78%|███████▊  | 156/200 [13:13<03:45,  5.12s/it]
 78%|███████▊  | 157/200 [13:18<03:32,  4.93s/it]
 79%|███████▉  | 158/200 [13:22<03:21,  4.80s/it]
 80%|███████▉  | 159/200 [13:27<03:17,  4.82s/it]
 80%|████████  | 160/200 [13:32<03:13,  4.85s/it]
 80%|████████  | 161/200 [13:37<03:10,  4.89s/it]
 81%|████████  | 162/200 [13:43<03:16,  5.17s/it]
 82%|████████▏ | 163/200 [13:48<03:10,  5.16s/it]
 82%|████████▏ | 164/200 [13:53<03:05,  5.16s/it]
 82%|████████▎ | 165/200 [13:58<03:01,  5.17s/it]
 83%|████████▎ | 166/200 [14:04<02:55,  5.17s/it]
 84%|████████▎ | 167/200 [14:08<02:47,  5.06s/it]
 84%|████████▍ | 168/200 [14:14<02:42,  5.09s/it]
 84%|████████▍ | 169/200 [14:19<02:37,  5.08s/it]
 85%|████████▌ | 170/200 [14:24<02:36,  5.22s/it]
 86%|████████▌ | 171/200 [14:29<02:28,  5.13s/it]
 86%|████████▌ | 172/200 [14:34<02:22,  5.10s/it]
 86%|████████▋ | 173/200 [14:39<02:16,  5.06s/it]
 87%|████████▋ | 174/200 [14:44<02:10,  5.03s/it]
 88%|████████▊ | 175/200 [14:49<02:08,  5.15s/it]
 88%|████████▊ | 176/200 [14:55<02:04,  5.20s/it]
 88%|████████▊ | 177/200 [15:00<02:02,  5.33s/it]
 89%|████████▉ | 178/200 [15:05<01:54,  5.21s/it]
 90%|████████▉ | 179/200 [15:11<01:49,  5.21s/it]
 90%|█████████ | 180/200 [15:16<01:45,  5.29s/it]
 90%|█████████ | 181/200 [15:21<01:39,  5.25s/it]
 91%|█████████ | 182/200 [15:26<01:33,  5.19s/it]
 92%|█████████▏| 183/200 [15:31<01:27,  5.12s/it]
 92%|█████████▏| 184/200 [15:36<01:20,  5.05s/it]
 92%|█████████▎| 185/200 [15:41<01:14,  4.96s/it]
 93%|█████████▎| 186/200 [15:46<01:09,  4.96s/it]
 94%|█████████▎| 187/200 [15:51<01:03,  4.92s/it]
 94%|█████████▍| 188/200 [15:55<00:58,  4.90s/it]
 94%|█████████▍| 189/200 [16:01<00:54,  4.94s/it]
 95%|█████████▌| 190/200 [16:05<00:49,  4.90s/it]
 96%|█████████▌| 191/200 [16:10<00:43,  4.86s/it]
 96%|█████████▌| 192/200 [16:15<00:39,  5.00s/it]
 96%|█████████▋| 193/200 [16:21<00:36,  5.26s/it]
 97%|█████████▋| 194/200 [16:27<00:32,  5.44s/it]
 98%|█████████▊| 195/200 [16:32<00:26,  5.36s/it]
 98%|█████████▊| 196/200 [16:37<00:21,  5.26s/it]
 98%|█████████▊| 197/200 [16:42<00:15,  5.19s/it]
 99%|█████████▉| 198/200 [16:47<00:10,  5.11s/it]
100%|█████████▉| 199/200 [16:53<00:05,  5.24s/it]
100%|██████████| 200/200 [16:58<00:00,  5.12s/it]
                                                 
0
1
2
3
4
5
6
7
8
9
10
11
12
13
14
15
16
17
18
19
20
21
22
23
24
25
26
27
28
29
30
31
32
33
34
35
36
37
38
39
40
41
42
43
44
45
46
47
48
49
50
51
52
53
54
55
56
57
58
59
60
61
62
63
64
65
66
67
68
69
70
71
72
73
74
75
76
77
78
79
80
81
82
83
84
85
86
87
88
89
90
91
92
93
94
95
96
97
98
99
100
101
102
103
104
105
106
107
108
109
110
111
112
113
114
115
116
117
118
119
120
121
122
123
124
125
126
127
128
129
130
131
132
133
134
135
136
137
138
139
140
141
142
143
144
145
146
147
148
149
150
151
152
153
154
155
156
157
158
159
160
161
162
163
164
165
166
167
168
169
170
171
172
173
174
175
176
177
178
179
180
181
182
183
184
185
186
187
188
189
190
191
192
193
194
195
196
197
198
199
