 
Files to read: ['../pilot-cpjump1-data/profiles/2020_11_04_CPJUMP1/BR00116995/BR00116995_normalized_feature_select_negcon.csv.gz']
Files to read: ['../pilot-cpjump1-data/profiles/2020_11_04_CPJUMP1/BR00117024/BR00117024_normalized_feature_select_negcon.csv.gz']
Files to read: ['../pilot-cpjump1-data/profiles/2020_11_04_CPJUMP1/BR00117025/BR00117025_normalized_feature_select_negcon.csv.gz']
Files to read: ['../pilot-cpjump1-data/profiles/2020_11_04_CPJUMP1/BR00117026/BR00117026_normalized_feature_select_negcon.csv.gz']
Files to read: ['../pilot-cpjump1-data/profiles/2020_11_04_CPJUMP1/BR00116997/BR00116997_normalized_feature_select_negcon.csv.gz']
Files to read: ['../pilot-cpjump1-data/profiles/2020_11_04_CPJUMP1/BR00116998/BR00116998_normalized_feature_select_negcon.csv.gz']
Files to read: ['../pilot-cpjump1-data/profiles/2020_11_04_CPJUMP1/BR00116999/BR00116999_normalized_feature_select_negcon.csv.gz']
Files to read: ['../pilot-cpjump1-data/profiles/2020_11_04_CPJUMP1/BR00116996/BR00116996_normalized_feature_select_negcon.csv.gz']
Files to read: ['../pilot-cpjump1-data/profiles/2020_11_04_CPJUMP1/BR00117022/BR00117022_normalized_feature_select_negcon.csv.gz']
Files to read: ['../pilot-cpjump1-data/profiles/2020_11_04_CPJUMP1/BR00117023/BR00117023_normalized_feature_select_negcon.csv.gz']

  0%|          | 0/200 [00:00<?, ?it/s]
  0%|          | 1/200 [00:06<22:46,  6.87s/it]
  1%|          | 2/200 [00:10<16:16,  4.93s/it]
  2%|▏         | 3/200 [00:14<14:24,  4.39s/it]
  2%|▏         | 4/200 [00:18<14:02,  4.30s/it]
  2%|▎         | 5/200 [00:22<13:52,  4.27s/it]
  3%|▎         | 6/200 [00:26<13:37,  4.21s/it]
  4%|▎         | 7/200 [00:30<13:18,  4.14s/it]
  4%|▍         | 8/200 [00:34<13:21,  4.18s/it]
  4%|▍         | 9/200 [00:39<13:28,  4.23s/it]
  5%|▌         | 10/200 [00:43<13:09,  4.15s/it]
  6%|▌         | 11/200 [00:47<13:21,  4.24s/it]
  6%|▌         | 12/200 [00:52<13:27,  4.30s/it]
  6%|▋         | 13/200 [00:56<13:38,  4.38s/it]
  7%|▋         | 14/200 [01:00<13:26,  4.34s/it]
  8%|▊         | 15/200 [01:05<13:29,  4.37s/it]
  8%|▊         | 16/200 [01:10<13:41,  4.46s/it]
  8%|▊         | 17/200 [01:14<13:50,  4.54s/it]
  9%|▉         | 18/200 [01:19<14:08,  4.66s/it]
 10%|▉         | 19/200 [01:24<14:19,  4.75s/it]
 10%|█         | 20/200 [01:29<14:05,  4.70s/it]
 10%|█         | 21/200 [01:34<14:10,  4.75s/it]
 11%|█         | 22/200 [01:38<13:45,  4.64s/it]
 12%|█▏        | 23/200 [01:43<13:38,  4.62s/it]
 12%|█▏        | 24/200 [01:46<12:55,  4.41s/it]
 12%|█▎        | 25/200 [01:50<12:30,  4.29s/it]
 13%|█▎        | 26/200 [01:55<12:19,  4.25s/it]
 14%|█▎        | 27/200 [01:59<12:10,  4.22s/it]
 14%|█▍        | 28/200 [02:03<11:53,  4.15s/it]
 14%|█▍        | 29/200 [02:07<11:38,  4.08s/it]
 15%|█▌        | 30/200 [02:11<11:26,  4.04s/it]
 16%|█▌        | 31/200 [02:15<11:18,  4.01s/it]
 16%|█▌        | 32/200 [02:18<11:09,  3.98s/it]
 16%|█▋        | 33/200 [02:23<11:14,  4.04s/it]
 17%|█▋        | 34/200 [02:27<11:34,  4.18s/it]
 18%|█▊        | 35/200 [02:31<11:16,  4.10s/it]
 18%|█▊        | 36/200 [02:35<11:07,  4.07s/it]
 18%|█▊        | 37/200 [02:39<11:12,  4.13s/it]
 19%|█▉        | 38/200 [02:44<11:12,  4.15s/it]
 20%|█▉        | 39/200 [02:47<10:50,  4.04s/it]
 20%|██        | 40/200 [02:52<10:58,  4.12s/it]
 20%|██        | 41/200 [02:56<10:55,  4.12s/it]
 21%|██        | 42/200 [03:00<10:46,  4.09s/it]
 22%|██▏       | 43/200 [03:04<11:05,  4.24s/it]
 22%|██▏       | 44/200 [03:09<11:07,  4.28s/it]
 22%|██▎       | 45/200 [03:13<11:11,  4.33s/it]
 23%|██▎       | 46/200 [03:17<10:52,  4.24s/it]
 24%|██▎       | 47/200 [03:21<10:35,  4.15s/it]
 24%|██▍       | 48/200 [03:25<10:18,  4.07s/it]
 24%|██▍       | 49/200 [03:29<10:25,  4.14s/it]
 25%|██▌       | 50/200 [03:34<10:28,  4.19s/it]
 26%|██▌       | 51/200 [03:38<10:20,  4.17s/it]
 26%|██▌       | 52/200 [03:42<10:25,  4.22s/it]
 26%|██▋       | 53/200 [03:46<10:18,  4.20s/it]
 27%|██▋       | 54/200 [03:50<09:56,  4.08s/it]
 28%|██▊       | 55/200 [03:54<09:53,  4.09s/it]
 28%|██▊       | 56/200 [03:58<09:48,  4.09s/it]
 28%|██▊       | 57/200 [04:02<09:38,  4.04s/it]
 29%|██▉       | 58/200 [04:06<09:25,  3.98s/it]
 30%|██▉       | 59/200 [04:11<09:40,  4.12s/it]
 30%|███       | 60/200 [04:15<09:35,  4.11s/it]
 30%|███       | 61/200 [04:19<09:26,  4.07s/it]
 31%|███       | 62/200 [04:23<09:21,  4.07s/it]
 32%|███▏      | 63/200 [04:27<09:09,  4.01s/it]
 32%|███▏      | 64/200 [04:30<09:02,  3.99s/it]
 32%|███▎      | 65/200 [04:34<08:59,  4.00s/it]
 33%|███▎      | 66/200 [04:38<08:48,  3.94s/it]
 34%|███▎      | 67/200 [04:42<08:41,  3.92s/it]
 34%|███▍      | 68/200 [04:46<08:38,  3.92s/it]
 34%|███▍      | 69/200 [04:50<08:39,  3.97s/it]
 35%|███▌      | 70/200 [04:54<08:43,  4.03s/it]
 36%|███▌      | 71/200 [04:58<08:41,  4.05s/it]
 36%|███▌      | 72/200 [05:03<08:43,  4.09s/it]
 36%|███▋      | 73/200 [05:06<08:27,  3.99s/it]
 37%|███▋      | 74/200 [05:10<08:21,  3.98s/it]
 38%|███▊      | 75/200 [05:14<08:00,  3.85s/it]
 38%|███▊      | 76/200 [05:18<07:49,  3.79s/it]
 38%|███▊      | 77/200 [05:22<08:01,  3.92s/it]
 39%|███▉      | 78/200 [05:25<07:45,  3.82s/it]
 40%|███▉      | 79/200 [05:29<07:37,  3.78s/it]
 40%|████      | 80/200 [05:33<07:23,  3.70s/it]
 40%|████      | 81/200 [05:37<07:39,  3.86s/it]
 41%|████      | 82/200 [05:41<07:36,  3.87s/it]
 42%|████▏     | 83/200 [05:44<07:31,  3.86s/it]
 42%|████▏     | 84/200 [05:48<07:29,  3.88s/it]
 42%|████▎     | 85/200 [05:52<07:27,  3.89s/it]
 43%|████▎     | 86/200 [05:56<07:23,  3.89s/it]
 44%|████▎     | 87/200 [06:01<07:35,  4.03s/it]
 44%|████▍     | 88/200 [06:04<07:20,  3.93s/it]
 44%|████▍     | 89/200 [06:09<07:33,  4.08s/it]
 45%|████▌     | 90/200 [06:13<07:27,  4.06s/it]
 46%|████▌     | 91/200 [06:17<07:22,  4.06s/it]
 46%|████▌     | 92/200 [06:21<07:08,  3.97s/it]
 46%|████▋     | 93/200 [06:25<07:18,  4.10s/it]
 47%|████▋     | 94/200 [06:29<07:13,  4.09s/it]
 48%|████▊     | 95/200 [06:34<07:28,  4.28s/it]
 48%|████▊     | 96/200 [06:38<07:38,  4.41s/it]
 48%|████▊     | 97/200 [06:43<07:41,  4.48s/it]
 49%|████▉     | 98/200 [06:47<07:28,  4.40s/it]
 50%|████▉     | 99/200 [06:51<07:13,  4.29s/it]
 50%|█████     | 100/200 [06:55<06:59,  4.19s/it]
 50%|█████     | 101/200 [06:59<06:45,  4.09s/it]
 51%|█████     | 102/200 [07:03<06:33,  4.01s/it]
 52%|█████▏    | 103/200 [07:07<06:31,  4.03s/it]
 52%|█████▏    | 104/200 [07:11<06:18,  3.94s/it]
 52%|█████▎    | 105/200 [07:15<06:11,  3.91s/it]
 53%|█████▎    | 106/200 [07:18<06:02,  3.85s/it]
 54%|█████▎    | 107/200 [07:23<06:18,  4.07s/it]
 54%|█████▍    | 108/200 [07:27<06:08,  4.00s/it]
 55%|█████▍    | 109/200 [07:31<05:58,  3.94s/it]
 55%|█████▌    | 110/200 [07:34<05:49,  3.88s/it]
 56%|█████▌    | 111/200 [07:38<05:44,  3.87s/it]
 56%|█████▌    | 112/200 [07:42<05:35,  3.82s/it]
 56%|█████▋    | 113/200 [07:46<05:36,  3.86s/it]
 57%|█████▋    | 114/200 [07:49<05:18,  3.71s/it]
 57%|█████▊    | 115/200 [07:53<05:20,  3.77s/it]
 58%|█████▊    | 116/200 [07:57<05:24,  3.87s/it]
 58%|█████▊    | 117/200 [08:01<05:21,  3.87s/it]
 59%|█████▉    | 118/200 [08:05<05:10,  3.78s/it]
 60%|█████▉    | 119/200 [08:08<05:07,  3.80s/it]
 60%|██████    | 120/200 [08:12<04:58,  3.73s/it]
 60%|██████    | 121/200 [08:16<05:01,  3.81s/it]
 61%|██████    | 122/200 [08:20<05:01,  3.87s/it]
 62%|██████▏   | 123/200 [08:24<04:56,  3.85s/it]
 62%|██████▏   | 124/200 [08:28<04:50,  3.82s/it]
 62%|██████▎   | 125/200 [08:31<04:47,  3.84s/it]
 63%|██████▎   | 126/200 [08:36<04:51,  3.94s/it]
 64%|██████▎   | 127/200 [08:40<04:53,  4.02s/it]
 64%|██████▍   | 128/200 [08:44<04:54,  4.09s/it]
 64%|██████▍   | 129/200 [08:48<04:46,  4.03s/it]
 65%|██████▌   | 130/200 [08:52<04:38,  3.97s/it]
 66%|██████▌   | 131/200 [08:56<04:29,  3.91s/it]
 66%|██████▌   | 132/200 [09:00<04:27,  3.93s/it]
 66%|██████▋   | 133/200 [09:04<04:39,  4.17s/it]
 67%|██████▋   | 134/200 [09:09<04:37,  4.20s/it]
 68%|██████▊   | 135/200 [09:13<04:39,  4.29s/it]
 68%|██████▊   | 136/200 [09:18<04:38,  4.36s/it]
 68%|██████▊   | 137/200 [09:22<04:34,  4.35s/it]
 69%|██████▉   | 138/200 [09:26<04:27,  4.31s/it]
 70%|██████▉   | 139/200 [09:30<04:18,  4.24s/it]
 70%|███████   | 140/200 [09:34<04:07,  4.13s/it]
 70%|███████   | 141/200 [09:38<03:56,  4.01s/it]
 71%|███████   | 142/200 [09:42<03:50,  3.98s/it]
 72%|███████▏  | 143/200 [09:46<03:45,  3.95s/it]
 72%|███████▏  | 144/200 [09:49<03:39,  3.92s/it]
 72%|███████▎  | 145/200 [09:53<03:33,  3.88s/it]
 73%|███████▎  | 146/200 [09:57<03:29,  3.87s/it]
 74%|███████▎  | 147/200 [10:01<03:26,  3.90s/it]
 74%|███████▍  | 148/200 [10:05<03:26,  3.96s/it]
 74%|███████▍  | 149/200 [10:10<03:29,  4.11s/it]
 75%|███████▌  | 150/200 [10:13<03:21,  4.02s/it]
 76%|███████▌  | 151/200 [10:18<03:21,  4.11s/it]
 76%|███████▌  | 152/200 [10:22<03:14,  4.06s/it]
 76%|███████▋  | 153/200 [10:25<03:06,  3.97s/it]
 77%|███████▋  | 154/200 [10:29<03:00,  3.92s/it]
 78%|███████▊  | 155/200 [10:33<02:56,  3.92s/it]
 78%|███████▊  | 156/200 [10:37<02:52,  3.92s/it]
 78%|███████▊  | 157/200 [10:41<02:49,  3.94s/it]
 79%|███████▉  | 158/200 [10:45<02:45,  3.95s/it]
 80%|███████▉  | 159/200 [10:49<02:39,  3.88s/it]
 80%|████████  | 160/200 [10:52<02:33,  3.83s/it]
 80%|████████  | 161/200 [10:57<02:36,  4.02s/it]
 81%|████████  | 162/200 [11:01<02:33,  4.03s/it]
 82%|████████▏ | 163/200 [11:05<02:28,  4.01s/it]
 82%|████████▏ | 164/200 [11:09<02:22,  3.96s/it]
 82%|████████▎ | 165/200 [11:13<02:17,  3.92s/it]
 83%|████████▎ | 166/200 [11:17<02:13,  3.94s/it]
 84%|████████▎ | 167/200 [11:21<02:09,  3.92s/it]
 84%|████████▍ | 168/200 [11:24<02:04,  3.90s/it]
 84%|████████▍ | 169/200 [11:29<02:04,  4.03s/it]
 85%|████████▌ | 170/200 [11:33<02:00,  4.02s/it]
 86%|████████▌ | 171/200 [11:37<02:00,  4.16s/it]
 86%|████████▌ | 172/200 [11:41<01:55,  4.14s/it]
 86%|████████▋ | 173/200 [11:45<01:50,  4.09s/it]
 87%|████████▋ | 174/200 [11:49<01:43,  3.98s/it]
 88%|████████▊ | 175/200 [11:53<01:40,  4.01s/it]
 88%|████████▊ | 176/200 [11:57<01:36,  4.04s/it]
 88%|████████▊ | 177/200 [12:02<01:36,  4.21s/it]
 89%|████████▉ | 178/200 [12:05<01:29,  4.07s/it]
 90%|████████▉ | 179/200 [12:09<01:24,  4.01s/it]
 90%|█████████ | 180/200 [12:13<01:18,  3.93s/it]
 90%|█████████ | 181/200 [12:17<01:14,  3.93s/it]
 91%|█████████ | 182/200 [12:21<01:10,  3.90s/it]
 92%|█████████▏| 183/200 [12:25<01:05,  3.84s/it]
 92%|█████████▏| 184/200 [12:28<01:00,  3.80s/it]
 92%|█████████▎| 185/200 [12:32<00:57,  3.81s/it]
 93%|█████████▎| 186/200 [12:36<00:54,  3.87s/it]
 94%|█████████▎| 187/200 [12:40<00:51,  3.95s/it]
 94%|█████████▍| 188/200 [12:44<00:47,  3.95s/it]
 94%|█████████▍| 189/200 [12:48<00:43,  3.96s/it]
 95%|█████████▌| 190/200 [12:52<00:39,  3.94s/it]
 96%|█████████▌| 191/200 [12:56<00:35,  3.96s/it]
 96%|█████████▌| 192/200 [13:00<00:30,  3.85s/it]
 96%|█████████▋| 193/200 [13:03<00:26,  3.84s/it]
 97%|█████████▋| 194/200 [13:07<00:22,  3.78s/it]
 98%|█████████▊| 195/200 [13:11<00:18,  3.74s/it]
 98%|█████████▊| 196/200 [13:15<00:14,  3.74s/it]
 98%|█████████▊| 197/200 [13:18<00:11,  3.76s/it]
 99%|█████████▉| 198/200 [13:22<00:07,  3.74s/it]
100%|█████████▉| 199/200 [13:26<00:03,  3.82s/it]
100%|██████████| 200/200 [13:30<00:00,  3.97s/it]
                                                 
0
1
2
3
4
5
6
7
8
9
10
11
12
13
14
15
16
17
18
19
20
21
22
23
24
25
26
27
28
29
30
31
32
33
34
35
36
37
38
39
40
41
42
43
44
45
46
47
48
49
50
51
52
53
54
55
56
57
58
59
60
61
62
63
64
65
66
67
68
69
70
71
72
73
74
75
76
77
78
79
80
81
82
83
84
85
86
87
88
89
90
91
92
93
94
95
96
97
98
99
100
101
102
103
104
105
106
107
108
109
110
111
112
113
114
115
116
117
118
119
120
121
122
123
124
125
126
127
128
129
130
131
132
133
134
135
136
137
138
139
140
141
142
143
144
145
146
147
148
149
150
151
152
153
154
155
156
157
158
159
160
161
162
163
164
165
166
167
168
169
170
171
172
173
174
175
176
177
178
179
180
181
182
183
184
185
186
187
188
189
190
191
192
193
194
195
196
197
198
199
