 
Files to read: ['../pilot-cpjump1-data/profiles/2020_11_04_CPJUMP1/BR00116995/BR00116995_normalized_feature_select_negcon.csv.gz']
Files to read: ['../pilot-cpjump1-data/profiles/2020_11_04_CPJUMP1/BR00117024/BR00117024_normalized_feature_select_negcon.csv.gz']
Files to read: ['../pilot-cpjump1-data/profiles/2020_11_04_CPJUMP1/BR00117025/BR00117025_normalized_feature_select_negcon.csv.gz']
Files to read: ['../pilot-cpjump1-data/profiles/2020_11_04_CPJUMP1/BR00117026/BR00117026_normalized_feature_select_negcon.csv.gz']
Files to read: ['../pilot-cpjump1-data/profiles/2020_11_04_CPJUMP1/BR00116997/BR00116997_normalized_feature_select_negcon.csv.gz']
Files to read: ['../pilot-cpjump1-data/profiles/2020_11_04_CPJUMP1/BR00116998/BR00116998_normalized_feature_select_negcon.csv.gz']
Files to read: ['../pilot-cpjump1-data/profiles/2020_11_04_CPJUMP1/BR00116999/BR00116999_normalized_feature_select_negcon.csv.gz']
Files to read: ['../pilot-cpjump1-data/profiles/2020_11_04_CPJUMP1/BR00116996/BR00116996_normalized_feature_select_negcon.csv.gz']
Files to read: ['../pilot-cpjump1-data/profiles/2020_11_04_CPJUMP1/BR00117022/BR00117022_normalized_feature_select_negcon.csv.gz']
Files to read: ['../pilot-cpjump1-data/profiles/2020_11_04_CPJUMP1/BR00117023/BR00117023_normalized_feature_select_negcon.csv.gz']

  0%|          | 0/200 [00:00<?, ?it/s]
  0%|          | 1/200 [00:05<17:06,  5.16s/it]
  1%|          | 2/200 [00:09<14:57,  4.53s/it]
  2%|▏         | 3/200 [00:13<14:33,  4.44s/it]
  2%|▏         | 4/200 [00:17<14:19,  4.39s/it]
  2%|▎         | 5/200 [00:22<14:26,  4.44s/it]
  3%|▎         | 6/200 [00:27<14:36,  4.52s/it]
  4%|▎         | 7/200 [00:31<13:56,  4.33s/it]
  4%|▍         | 8/200 [00:35<13:48,  4.32s/it]
  4%|▍         | 9/200 [00:39<13:23,  4.21s/it]
  5%|▌         | 10/200 [00:43<13:04,  4.13s/it]
  6%|▌         | 11/200 [00:47<12:43,  4.04s/it]
  6%|▌         | 12/200 [00:51<12:36,  4.02s/it]
  6%|▋         | 13/200 [00:54<12:17,  3.94s/it]
  7%|▋         | 14/200 [00:58<12:09,  3.92s/it]
  8%|▊         | 15/200 [01:02<12:04,  3.92s/it]
  8%|▊         | 16/200 [01:06<11:54,  3.88s/it]
  8%|▊         | 17/200 [01:10<11:50,  3.88s/it]
  9%|▉         | 18/200 [01:14<11:50,  3.91s/it]
 10%|▉         | 19/200 [01:18<11:40,  3.87s/it]
 10%|█         | 20/200 [01:22<11:50,  3.95s/it]
 10%|█         | 21/200 [01:25<11:38,  3.90s/it]
 11%|█         | 22/200 [01:29<11:35,  3.91s/it]
 12%|█▏        | 23/200 [01:33<11:24,  3.87s/it]
 12%|█▏        | 24/200 [01:37<11:21,  3.87s/it]
 12%|█▎        | 25/200 [01:41<11:18,  3.88s/it]
 13%|█▎        | 26/200 [01:45<11:49,  4.08s/it]
 14%|█▎        | 27/200 [01:49<11:33,  4.01s/it]
 14%|█▍        | 28/200 [01:54<11:58,  4.17s/it]
 14%|█▍        | 29/200 [01:58<11:37,  4.08s/it]
 15%|█▌        | 30/200 [02:01<11:15,  3.98s/it]
 16%|█▌        | 31/200 [02:05<11:07,  3.95s/it]
 16%|█▌        | 32/200 [02:09<11:11,  3.99s/it]
 16%|█▋        | 33/200 [02:14<11:21,  4.08s/it]
 17%|█▋        | 34/200 [02:18<11:30,  4.16s/it]
 18%|█▊        | 35/200 [02:22<11:28,  4.17s/it]
 18%|█▊        | 36/200 [02:26<11:04,  4.05s/it]
 18%|█▊        | 37/200 [02:30<10:45,  3.96s/it]
 19%|█▉        | 38/200 [02:34<10:29,  3.89s/it]
 20%|█▉        | 39/200 [02:37<10:25,  3.89s/it]
 20%|██        | 40/200 [02:41<10:18,  3.87s/it]
 20%|██        | 41/200 [02:46<10:51,  4.10s/it]
 21%|██        | 42/200 [02:50<10:34,  4.02s/it]
 22%|██▏       | 43/200 [02:54<10:20,  3.96s/it]
 22%|██▏       | 44/200 [02:58<10:18,  3.96s/it]
 22%|██▎       | 45/200 [03:01<10:09,  3.93s/it]
 23%|██▎       | 46/200 [03:05<09:57,  3.88s/it]
 24%|██▎       | 47/200 [03:09<10:04,  3.95s/it]
 24%|██▍       | 48/200 [03:13<09:59,  3.94s/it]
 24%|██▍       | 49/200 [03:17<09:57,  3.96s/it]
 25%|██▌       | 50/200 [03:21<09:54,  3.96s/it]
 26%|██▌       | 51/200 [03:26<10:12,  4.11s/it]
 26%|██▌       | 52/200 [03:30<10:03,  4.07s/it]
 26%|██▋       | 53/200 [03:33<09:47,  4.00s/it]
 27%|██▋       | 54/200 [03:37<09:39,  3.97s/it]
 28%|██▊       | 55/200 [03:41<09:22,  3.88s/it]
 28%|██▊       | 56/200 [03:45<09:34,  3.99s/it]
 28%|██▊       | 57/200 [03:49<09:25,  3.95s/it]
 29%|██▉       | 58/200 [03:53<09:34,  4.04s/it]
 30%|██▉       | 59/200 [03:57<09:33,  4.07s/it]
 30%|███       | 60/200 [04:02<09:39,  4.14s/it]
 30%|███       | 61/200 [04:06<09:48,  4.24s/it]
 31%|███       | 62/200 [04:10<09:33,  4.15s/it]
 32%|███▏      | 63/200 [04:14<09:23,  4.11s/it]
 32%|███▏      | 64/200 [04:18<09:12,  4.07s/it]
 32%|███▎      | 65/200 [04:22<09:07,  4.06s/it]
 33%|███▎      | 66/200 [04:26<08:55,  4.00s/it]
 34%|███▎      | 67/200 [04:30<08:49,  3.98s/it]
 34%|███▍      | 68/200 [04:34<08:56,  4.06s/it]
 34%|███▍      | 69/200 [04:38<08:53,  4.07s/it]
 35%|███▌      | 70/200 [04:43<09:04,  4.19s/it]
 36%|███▌      | 71/200 [04:47<08:49,  4.11s/it]
 36%|███▌      | 72/200 [04:51<08:52,  4.16s/it]
 36%|███▋      | 73/200 [04:55<08:46,  4.15s/it]
 37%|███▋      | 74/200 [04:59<08:29,  4.05s/it]
 38%|███▊      | 75/200 [05:03<08:20,  4.01s/it]
 38%|███▊      | 76/200 [05:08<08:44,  4.23s/it]
 38%|███▊      | 77/200 [05:12<08:41,  4.24s/it]
 39%|███▉      | 78/200 [05:16<08:23,  4.12s/it]
 40%|███▉      | 79/200 [05:20<08:23,  4.16s/it]
 40%|████      | 80/200 [05:25<08:45,  4.38s/it]
 40%|████      | 81/200 [05:30<08:52,  4.48s/it]
 41%|████      | 82/200 [05:34<08:30,  4.33s/it]
 42%|████▏     | 83/200 [05:37<08:12,  4.21s/it]
 42%|████▏     | 84/200 [05:41<07:59,  4.13s/it]
 42%|████▎     | 85/200 [05:45<07:50,  4.09s/it]
 43%|████▎     | 86/200 [05:49<07:36,  4.01s/it]
 44%|████▎     | 87/200 [05:53<07:37,  4.05s/it]
 44%|████▍     | 88/200 [05:57<07:27,  3.99s/it]
 44%|████▍     | 89/200 [06:01<07:26,  4.03s/it]
 45%|████▌     | 90/200 [06:05<07:26,  4.06s/it]
 46%|████▌     | 91/200 [06:10<07:33,  4.16s/it]
 46%|████▌     | 92/200 [06:15<07:54,  4.39s/it]
 46%|████▋     | 93/200 [06:19<07:36,  4.27s/it]
 47%|████▋     | 94/200 [06:23<07:22,  4.17s/it]
 48%|████▊     | 95/200 [06:27<07:13,  4.13s/it]
 48%|████▊     | 96/200 [06:31<06:59,  4.03s/it]
 48%|████▊     | 97/200 [06:34<06:50,  3.98s/it]
 49%|████▉     | 98/200 [06:38<06:42,  3.94s/it]
 50%|████▉     | 99/200 [06:42<06:39,  3.96s/it]
 50%|█████     | 100/200 [06:46<06:27,  3.87s/it]
 50%|█████     | 101/200 [06:50<06:30,  3.94s/it]
 51%|█████     | 102/200 [06:54<06:36,  4.04s/it]
 52%|█████▏    | 103/200 [06:58<06:32,  4.04s/it]
 52%|█████▏    | 104/200 [07:03<06:35,  4.12s/it]
 52%|█████▎    | 105/200 [07:07<06:24,  4.05s/it]
 53%|█████▎    | 106/200 [07:10<06:16,  4.00s/it]
 54%|█████▎    | 107/200 [07:15<06:19,  4.08s/it]
 54%|█████▍    | 108/200 [07:19<06:13,  4.06s/it]
 55%|█████▍    | 109/200 [07:23<06:05,  4.02s/it]
 55%|█████▌    | 110/200 [07:27<06:03,  4.03s/it]
 56%|█████▌    | 111/200 [07:31<05:54,  3.99s/it]
 56%|█████▌    | 112/200 [07:34<05:45,  3.93s/it]
 56%|█████▋    | 113/200 [07:39<05:49,  4.02s/it]
 57%|█████▋    | 114/200 [07:43<05:49,  4.07s/it]
 57%|█████▊    | 115/200 [07:47<05:57,  4.21s/it]
 58%|█████▊    | 116/200 [07:51<05:51,  4.19s/it]
 58%|█████▊    | 117/200 [07:55<05:42,  4.13s/it]
 59%|█████▉    | 118/200 [08:00<05:41,  4.17s/it]
 60%|█████▉    | 119/200 [08:04<05:49,  4.31s/it]
 60%|██████    | 120/200 [08:09<05:55,  4.45s/it]
 60%|██████    | 121/200 [08:14<05:50,  4.43s/it]
 61%|██████    | 122/200 [08:18<05:54,  4.54s/it]
 62%|██████▏   | 123/200 [08:23<05:41,  4.43s/it]
 62%|██████▏   | 124/200 [08:27<05:27,  4.31s/it]
 62%|██████▎   | 125/200 [08:31<05:16,  4.22s/it]
 63%|██████▎   | 126/200 [08:34<05:05,  4.13s/it]
 64%|██████▎   | 127/200 [08:38<04:58,  4.09s/it]
 64%|██████▍   | 128/200 [08:42<04:46,  3.97s/it]
 64%|██████▍   | 129/200 [08:46<04:41,  3.96s/it]
 65%|██████▌   | 130/200 [08:50<04:35,  3.94s/it]
 66%|██████▌   | 131/200 [08:54<04:33,  3.97s/it]
 66%|██████▌   | 132/200 [08:58<04:31,  3.99s/it]
 66%|██████▋   | 133/200 [09:02<04:31,  4.06s/it]
 67%|██████▋   | 134/200 [09:06<04:25,  4.02s/it]
 68%|██████▊   | 135/200 [09:10<04:21,  4.03s/it]
 68%|██████▊   | 136/200 [09:14<04:13,  3.97s/it]
 68%|██████▊   | 137/200 [09:18<04:11,  4.00s/it]
 69%|██████▉   | 138/200 [09:22<04:09,  4.02s/it]
 70%|██████▉   | 139/200 [09:27<04:17,  4.22s/it]
 70%|███████   | 140/200 [09:31<04:11,  4.18s/it]
 70%|███████   | 141/200 [09:35<04:08,  4.21s/it]
 71%|███████   | 142/200 [09:39<03:59,  4.13s/it]
 72%|███████▏  | 143/200 [09:43<03:51,  4.07s/it]
 72%|███████▏  | 144/200 [09:47<03:44,  4.00s/it]
 72%|███████▎  | 145/200 [09:51<03:34,  3.91s/it]
 73%|███████▎  | 146/200 [09:55<03:29,  3.88s/it]
 74%|███████▎  | 147/200 [09:58<03:24,  3.86s/it]
 74%|███████▍  | 148/200 [10:02<03:25,  3.95s/it]
 74%|███████▍  | 149/200 [10:06<03:18,  3.89s/it]
 75%|███████▌  | 150/200 [10:10<03:10,  3.81s/it]
 76%|███████▌  | 151/200 [10:14<03:07,  3.82s/it]
 76%|███████▌  | 152/200 [10:18<03:07,  3.90s/it]
 76%|███████▋  | 153/200 [10:23<03:15,  4.16s/it]
 77%|███████▋  | 154/200 [10:27<03:11,  4.15s/it]
 78%|███████▊  | 155/200 [10:31<03:06,  4.15s/it]
 78%|███████▊  | 156/200 [10:35<02:57,  4.03s/it]
 78%|███████▊  | 157/200 [10:38<02:50,  3.97s/it]
 79%|███████▉  | 158/200 [10:43<02:51,  4.09s/it]
 80%|███████▉  | 159/200 [10:47<02:50,  4.16s/it]
 80%|████████  | 160/200 [10:51<02:42,  4.07s/it]
 80%|████████  | 161/200 [10:55<02:36,  4.01s/it]
 81%|████████  | 162/200 [10:59<02:32,  4.03s/it]
 82%|████████▏ | 163/200 [11:03<02:28,  4.01s/it]
 82%|████████▏ | 164/200 [11:07<02:23,  3.98s/it]
 82%|████████▎ | 165/200 [11:11<02:21,  4.04s/it]
 83%|████████▎ | 166/200 [11:16<02:25,  4.27s/it]
 84%|████████▎ | 167/200 [11:20<02:17,  4.16s/it]
 84%|████████▍ | 168/200 [11:24<02:14,  4.22s/it]
 84%|████████▍ | 169/200 [11:28<02:09,  4.19s/it]
 85%|████████▌ | 170/200 [11:33<02:07,  4.26s/it]
 86%|████████▌ | 171/200 [11:37<02:04,  4.28s/it]
 86%|████████▌ | 172/200 [11:41<01:56,  4.16s/it]
 86%|████████▋ | 173/200 [11:45<01:56,  4.30s/it]
 87%|████████▋ | 174/200 [11:49<01:49,  4.20s/it]
 88%|████████▊ | 175/200 [11:53<01:42,  4.10s/it]
 88%|████████▊ | 176/200 [11:57<01:37,  4.05s/it]
 88%|████████▊ | 177/200 [12:01<01:32,  4.02s/it]
 89%|████████▉ | 178/200 [12:05<01:26,  3.95s/it]
 90%|████████▉ | 179/200 [12:09<01:24,  4.00s/it]
 90%|█████████ | 180/200 [12:13<01:19,  3.98s/it]
 90%|█████████ | 181/200 [12:17<01:16,  4.01s/it]
 91%|█████████ | 182/200 [12:21<01:12,  4.03s/it]
 92%|█████████▏| 183/200 [12:25<01:07,  3.98s/it]
 92%|█████████▏| 184/200 [12:29<01:03,  3.95s/it]
 92%|█████████▎| 185/200 [12:33<00:59,  3.96s/it]
 93%|█████████▎| 186/200 [12:37<00:57,  4.10s/it]
 94%|█████████▎| 187/200 [12:41<00:52,  4.07s/it]
 94%|█████████▍| 188/200 [12:45<00:48,  4.00s/it]
 94%|█████████▍| 189/200 [12:49<00:43,  3.97s/it]
 95%|█████████▌| 190/200 [12:53<00:39,  3.92s/it]
 96%|█████████▌| 191/200 [12:57<00:36,  4.04s/it]
 96%|█████████▌| 192/200 [13:01<00:32,  4.02s/it]
 96%|█████████▋| 193/200 [13:05<00:28,  4.12s/it]
 97%|█████████▋| 194/200 [13:09<00:24,  4.07s/it]
 98%|█████████▊| 195/200 [13:13<00:20,  4.00s/it]
 98%|█████████▊| 196/200 [13:17<00:15,  3.91s/it]
 98%|█████████▊| 197/200 [13:21<00:11,  3.94s/it]
 99%|█████████▉| 198/200 [13:25<00:07,  3.92s/it]
100%|█████████▉| 199/200 [13:29<00:03,  3.97s/it]
100%|██████████| 200/200 [13:33<00:00,  3.98s/it]
                                                 
0
1
2
3
4
5
6
7
8
9
10
11
12
13
14
15
16
17
18
19
20
21
22
23
24
25
26
27
28
29
30
31
32
33
34
35
36
37
38
39
40
41
42
43
44
45
46
47
48
49
50
51
52
53
54
55
56
57
58
59
60
61
62
63
64
65
66
67
68
69
70
71
72
73
74
75
76
77
78
79
80
81
82
83
84
85
86
87
88
89
90
91
92
93
94
95
96
97
98
99
100
101
102
103
104
105
106
107
108
109
110
111
112
113
114
115
116
117
118
119
120
121
122
123
124
125
126
127
128
129
130
131
132
133
134
135
136
137
138
139
140
141
142
143
144
145
146
147
148
149
150
151
152
153
154
155
156
157
158
159
160
161
162
163
164
165
166
167
168
169
170
171
172
173
174
175
176
177
178
179
180
181
182
183
184
185
186
187
188
189
190
191
192
193
194
195
196
197
198
199
