 
Files to read: ['../pilot-cpjump1-data/profiles/2020_11_04_CPJUMP1/BR00116995/BR00116995_normalized_feature_select_negcon.csv.gz']
Files to read: ['../pilot-cpjump1-data/profiles/2020_11_04_CPJUMP1/BR00117024/BR00117024_normalized_feature_select_negcon.csv.gz']
Files to read: ['../pilot-cpjump1-data/profiles/2020_11_04_CPJUMP1/BR00117025/BR00117025_normalized_feature_select_negcon.csv.gz']
Files to read: ['../pilot-cpjump1-data/profiles/2020_11_04_CPJUMP1/BR00117026/BR00117026_normalized_feature_select_negcon.csv.gz']
Files to read: ['../pilot-cpjump1-data/profiles/2020_11_04_CPJUMP1/BR00116997/BR00116997_normalized_feature_select_negcon.csv.gz']
Files to read: ['../pilot-cpjump1-data/profiles/2020_11_04_CPJUMP1/BR00116998/BR00116998_normalized_feature_select_negcon.csv.gz']
Files to read: ['../pilot-cpjump1-data/profiles/2020_11_04_CPJUMP1/BR00116999/BR00116999_normalized_feature_select_negcon.csv.gz']
Files to read: ['../pilot-cpjump1-data/profiles/2020_11_04_CPJUMP1/BR00116996/BR00116996_normalized_feature_select_negcon.csv.gz']
Files to read: ['../pilot-cpjump1-data/profiles/2020_11_04_CPJUMP1/BR00117022/BR00117022_normalized_feature_select_negcon.csv.gz']
Files to read: ['../pilot-cpjump1-data/profiles/2020_11_04_CPJUMP1/BR00117023/BR00117023_normalized_feature_select_negcon.csv.gz']

  0%|          | 0/200 [00:00<?, ?it/s]
  0%|          | 1/200 [00:06<22:28,  6.77s/it]
  1%|          | 2/200 [00:11<17:40,  5.35s/it]
  2%|▏         | 3/200 [00:14<15:19,  4.67s/it]
  2%|▏         | 4/200 [00:18<14:09,  4.33s/it]
  2%|▎         | 5/200 [00:22<13:07,  4.04s/it]
  3%|▎         | 6/200 [00:26<13:00,  4.02s/it]
  4%|▎         | 7/200 [00:30<12:44,  3.96s/it]
  4%|▍         | 8/200 [00:34<12:42,  3.97s/it]
  4%|▍         | 9/200 [00:38<12:49,  4.03s/it]
  5%|▌         | 10/200 [00:42<12:47,  4.04s/it]
  6%|▌         | 11/200 [00:46<12:53,  4.10s/it]
  6%|▌         | 12/200 [00:50<12:46,  4.08s/it]
  6%|▋         | 13/200 [00:54<12:50,  4.12s/it]
  7%|▋         | 14/200 [00:58<12:42,  4.10s/it]
  8%|▊         | 15/200 [01:02<12:34,  4.08s/it]
  8%|▊         | 16/200 [01:06<12:23,  4.04s/it]
  8%|▊         | 17/200 [01:11<12:24,  4.07s/it]
  9%|▉         | 18/200 [01:15<12:32,  4.13s/it]
 10%|▉         | 19/200 [01:19<12:19,  4.09s/it]
 10%|█         | 20/200 [01:23<12:13,  4.07s/it]
 10%|█         | 21/200 [01:27<12:33,  4.21s/it]
 11%|█         | 22/200 [01:31<12:24,  4.18s/it]
 12%|█▏        | 23/200 [01:35<12:08,  4.12s/it]
 12%|█▏        | 24/200 [01:40<12:14,  4.17s/it]
 12%|█▎        | 25/200 [01:44<12:10,  4.18s/it]
 13%|█▎        | 26/200 [01:48<11:51,  4.09s/it]
 14%|█▎        | 27/200 [01:52<11:32,  4.00s/it]
 14%|█▍        | 28/200 [01:55<11:19,  3.95s/it]
 14%|█▍        | 29/200 [02:00<11:24,  4.00s/it]
 15%|█▌        | 30/200 [02:03<11:14,  3.97s/it]
 16%|█▌        | 31/200 [02:08<11:23,  4.04s/it]
 16%|█▌        | 32/200 [02:12<11:16,  4.02s/it]
 16%|█▋        | 33/200 [02:15<11:01,  3.96s/it]
 17%|█▋        | 34/200 [02:20<11:05,  4.01s/it]
 18%|█▊        | 35/200 [02:24<11:05,  4.03s/it]
 18%|█▊        | 36/200 [02:28<11:13,  4.11s/it]
 18%|█▊        | 37/200 [02:32<11:02,  4.06s/it]
 19%|█▉        | 38/200 [02:36<10:57,  4.06s/it]
 20%|█▉        | 39/200 [02:40<10:44,  4.00s/it]
 20%|██        | 40/200 [02:44<10:38,  3.99s/it]
 20%|██        | 41/200 [02:48<10:23,  3.92s/it]
 21%|██        | 42/200 [02:52<10:22,  3.94s/it]
 22%|██▏       | 43/200 [02:55<10:17,  3.93s/it]
 22%|██▏       | 44/200 [02:59<10:07,  3.89s/it]
 22%|██▎       | 45/200 [03:03<09:59,  3.87s/it]
 23%|██▎       | 46/200 [03:07<09:55,  3.87s/it]
 24%|██▎       | 47/200 [03:12<10:42,  4.20s/it]
 24%|██▍       | 48/200 [03:16<10:34,  4.18s/it]
 24%|██▍       | 49/200 [03:20<10:20,  4.11s/it]
 25%|██▌       | 50/200 [03:24<10:13,  4.09s/it]
 26%|██▌       | 51/200 [03:28<10:16,  4.14s/it]
 26%|██▌       | 52/200 [03:32<09:53,  4.01s/it]
 26%|██▋       | 53/200 [03:36<10:03,  4.11s/it]
 27%|██▋       | 54/200 [03:41<10:22,  4.26s/it]
 28%|██▊       | 55/200 [03:45<09:57,  4.12s/it]
 28%|██▊       | 56/200 [03:49<09:47,  4.08s/it]
 28%|██▊       | 57/200 [03:53<09:35,  4.03s/it]
 29%|██▉       | 58/200 [03:57<09:52,  4.18s/it]
 30%|██▉       | 59/200 [04:01<09:42,  4.13s/it]
 30%|███       | 60/200 [04:05<09:29,  4.07s/it]
 30%|███       | 61/200 [04:10<09:43,  4.20s/it]
 31%|███       | 62/200 [04:14<09:52,  4.29s/it]
 32%|███▏      | 63/200 [04:19<09:53,  4.33s/it]
 32%|███▏      | 64/200 [04:23<09:39,  4.26s/it]
 32%|███▎      | 65/200 [04:26<09:16,  4.12s/it]
 33%|███▎      | 66/200 [04:30<09:02,  4.05s/it]
 34%|███▎      | 67/200 [04:34<08:52,  4.00s/it]
 34%|███▍      | 68/200 [04:38<08:41,  3.95s/it]
 34%|███▍      | 69/200 [04:42<08:31,  3.91s/it]
 35%|███▌      | 70/200 [04:46<08:30,  3.93s/it]
 36%|███▌      | 71/200 [04:50<08:51,  4.12s/it]
 36%|███▌      | 72/200 [04:55<08:56,  4.19s/it]
 36%|███▋      | 73/200 [04:59<08:44,  4.13s/it]
 37%|███▋      | 74/200 [05:03<08:35,  4.09s/it]
 38%|███▊      | 75/200 [05:07<08:51,  4.25s/it]
 38%|███▊      | 76/200 [05:12<08:59,  4.35s/it]
 38%|███▊      | 77/200 [05:16<08:39,  4.23s/it]
 39%|███▉      | 78/200 [05:20<08:27,  4.16s/it]
 40%|███▉      | 79/200 [05:24<08:11,  4.06s/it]
 40%|████      | 80/200 [05:28<08:00,  4.00s/it]
 40%|████      | 81/200 [05:32<08:06,  4.09s/it]
 41%|████      | 82/200 [05:37<08:23,  4.27s/it]
 42%|████▏     | 83/200 [05:40<08:07,  4.17s/it]
 42%|████▏     | 84/200 [05:44<07:54,  4.09s/it]
 42%|████▎     | 85/200 [05:48<07:42,  4.02s/it]
 43%|████▎     | 86/200 [05:52<07:32,  3.97s/it]
 44%|████▎     | 87/200 [05:56<07:28,  3.97s/it]
 44%|████▍     | 88/200 [06:00<07:26,  3.98s/it]
 44%|████▍     | 89/200 [06:04<07:16,  3.94s/it]
 45%|████▌     | 90/200 [06:08<07:24,  4.04s/it]
 46%|████▌     | 91/200 [06:12<07:23,  4.07s/it]
 46%|████▌     | 92/200 [06:17<07:26,  4.13s/it]
 46%|████▋     | 93/200 [06:21<07:41,  4.31s/it]
 47%|████▋     | 94/200 [06:25<07:32,  4.27s/it]
 48%|████▊     | 95/200 [06:30<07:31,  4.30s/it]
 48%|████▊     | 96/200 [06:34<07:26,  4.30s/it]
 48%|████▊     | 97/200 [06:38<07:09,  4.17s/it]
 49%|████▉     | 98/200 [06:42<07:10,  4.22s/it]
 50%|████▉     | 99/200 [06:46<06:57,  4.14s/it]
 50%|█████     | 100/200 [06:50<06:46,  4.07s/it]
 50%|█████     | 101/200 [06:54<06:29,  3.94s/it]
 51%|█████     | 102/200 [06:58<06:21,  3.90s/it]
 52%|█████▏    | 103/200 [07:02<06:18,  3.90s/it]
 52%|█████▏    | 104/200 [07:06<06:33,  4.10s/it]
 52%|█████▎    | 105/200 [07:11<06:45,  4.27s/it]
 53%|█████▎    | 106/200 [07:15<06:43,  4.29s/it]
 54%|█████▎    | 107/200 [07:19<06:35,  4.26s/it]
 54%|█████▍    | 108/200 [07:23<06:23,  4.17s/it]
 55%|█████▍    | 109/200 [07:27<06:08,  4.05s/it]
 55%|█████▌    | 110/200 [07:31<05:59,  4.00s/it]
 56%|█████▌    | 111/200 [07:35<06:01,  4.06s/it]
 56%|█████▌    | 112/200 [07:39<06:01,  4.11s/it]
 56%|█████▋    | 113/200 [07:43<05:54,  4.08s/it]
 57%|█████▋    | 114/200 [07:48<06:02,  4.22s/it]
 57%|█████▊    | 115/200 [07:52<05:55,  4.19s/it]
 58%|█████▊    | 116/200 [07:56<05:49,  4.16s/it]
 58%|█████▊    | 117/200 [08:00<05:51,  4.23s/it]
 59%|█████▉    | 118/200 [08:05<05:45,  4.22s/it]
 60%|█████▉    | 119/200 [08:09<05:35,  4.14s/it]
 60%|██████    | 120/200 [08:12<05:21,  4.02s/it]
 60%|██████    | 121/200 [08:16<05:12,  3.96s/it]
 61%|██████    | 122/200 [08:20<05:05,  3.92s/it]
 62%|██████▏   | 123/200 [08:24<04:58,  3.88s/it]
 62%|██████▏   | 124/200 [08:28<04:56,  3.91s/it]
 62%|██████▎   | 125/200 [08:32<04:49,  3.86s/it]
 63%|██████▎   | 126/200 [08:36<04:48,  3.90s/it]
 64%|██████▎   | 127/200 [08:39<04:43,  3.88s/it]
 64%|██████▍   | 128/200 [08:43<04:44,  3.95s/it]
 64%|██████▍   | 129/200 [08:47<04:36,  3.90s/it]
 65%|██████▌   | 130/200 [08:51<04:32,  3.89s/it]
 66%|██████▌   | 131/200 [08:55<04:35,  3.99s/it]
 66%|██████▌   | 132/200 [09:00<04:43,  4.17s/it]
 66%|██████▋   | 133/200 [09:05<04:48,  4.31s/it]
 67%|██████▋   | 134/200 [09:09<04:51,  4.42s/it]
 68%|██████▊   | 135/200 [09:14<04:46,  4.41s/it]
 68%|██████▊   | 136/200 [09:18<04:38,  4.36s/it]
 68%|██████▊   | 137/200 [09:22<04:33,  4.34s/it]
 69%|██████▉   | 138/200 [09:27<04:33,  4.41s/it]
 70%|██████▉   | 139/200 [09:31<04:28,  4.40s/it]
 70%|███████   | 140/200 [09:35<04:22,  4.37s/it]
 70%|███████   | 141/200 [09:40<04:14,  4.31s/it]
 71%|███████   | 142/200 [09:44<04:07,  4.26s/it]
 72%|███████▏  | 143/200 [09:48<03:56,  4.15s/it]
 72%|███████▏  | 144/200 [09:51<03:46,  4.05s/it]
 72%|███████▎  | 145/200 [09:55<03:38,  3.97s/it]
 73%|███████▎  | 146/200 [09:59<03:33,  3.96s/it]
 74%|███████▎  | 147/200 [10:03<03:29,  3.96s/it]
 74%|███████▍  | 148/200 [10:07<03:25,  3.95s/it]
 74%|███████▍  | 149/200 [10:11<03:18,  3.89s/it]
 75%|███████▌  | 150/200 [10:15<03:14,  3.88s/it]
 76%|███████▌  | 151/200 [10:19<03:15,  4.00s/it]
 76%|███████▌  | 152/200 [10:23<03:09,  3.96s/it]
 76%|███████▋  | 153/200 [10:27<03:04,  3.93s/it]
 77%|███████▋  | 154/200 [10:31<03:08,  4.11s/it]
 78%|███████▊  | 155/200 [10:35<03:07,  4.17s/it]
 78%|███████▊  | 156/200 [10:40<03:08,  4.29s/it]
 78%|███████▊  | 157/200 [10:45<03:08,  4.38s/it]
 79%|███████▉  | 158/200 [10:49<02:58,  4.25s/it]
 80%|███████▉  | 159/200 [10:52<02:49,  4.14s/it]
 80%|████████  | 160/200 [10:57<02:46,  4.15s/it]
 80%|████████  | 161/200 [11:00<02:38,  4.05s/it]
 81%|████████  | 162/200 [11:04<02:29,  3.93s/it]
 82%|████████▏ | 163/200 [11:09<02:33,  4.16s/it]
 82%|████████▏ | 164/200 [11:13<02:33,  4.27s/it]
 82%|████████▎ | 165/200 [11:17<02:25,  4.16s/it]
 83%|████████▎ | 166/200 [11:21<02:19,  4.11s/it]
 84%|████████▎ | 167/200 [11:25<02:15,  4.10s/it]
 84%|████████▍ | 168/200 [11:30<02:13,  4.17s/it]
 84%|████████▍ | 169/200 [11:34<02:10,  4.20s/it]
 85%|████████▌ | 170/200 [11:38<02:02,  4.10s/it]
 86%|████████▌ | 171/200 [11:42<02:03,  4.26s/it]
 86%|████████▌ | 172/200 [11:46<01:56,  4.18s/it]
 86%|████████▋ | 173/200 [11:50<01:49,  4.04s/it]
 87%|████████▋ | 174/200 [11:54<01:42,  3.96s/it]
 88%|████████▊ | 175/200 [11:57<01:36,  3.85s/it]
 88%|████████▊ | 176/200 [12:01<01:30,  3.79s/it]
 88%|████████▊ | 177/200 [12:05<01:29,  3.90s/it]
 89%|████████▉ | 178/200 [12:10<01:31,  4.15s/it]
 90%|████████▉ | 179/200 [12:15<01:30,  4.30s/it]
 90%|█████████ | 180/200 [12:19<01:26,  4.34s/it]
 90%|█████████ | 181/200 [12:23<01:21,  4.29s/it]
 91%|█████████ | 182/200 [12:28<01:17,  4.29s/it]
 92%|█████████▏| 183/200 [12:32<01:14,  4.35s/it]
 92%|█████████▏| 184/200 [12:36<01:08,  4.28s/it]
 92%|█████████▎| 185/200 [12:40<01:03,  4.22s/it]
 93%|█████████▎| 186/200 [12:44<00:57,  4.13s/it]
 94%|█████████▎| 187/200 [12:49<00:54,  4.21s/it]
 94%|█████████▍| 188/200 [12:53<00:50,  4.22s/it]
 94%|█████████▍| 189/200 [12:57<00:46,  4.20s/it]
 95%|█████████▌| 190/200 [13:01<00:41,  4.12s/it]
 96%|█████████▌| 191/200 [13:05<00:36,  4.06s/it]
 96%|█████████▌| 192/200 [13:09<00:33,  4.18s/it]
 96%|█████████▋| 193/200 [13:13<00:29,  4.16s/it]
 97%|█████████▋| 194/200 [13:17<00:24,  4.11s/it]
 98%|█████████▊| 195/200 [13:21<00:20,  4.06s/it]
 98%|█████████▊| 196/200 [13:25<00:16,  4.01s/it]
 98%|█████████▊| 197/200 [13:29<00:12,  4.08s/it]
 99%|█████████▉| 198/200 [13:33<00:08,  4.02s/it]
100%|█████████▉| 199/200 [13:37<00:04,  4.05s/it]
100%|██████████| 200/200 [13:42<00:00,  4.13s/it]
                                                 
0
1
2
3
4
5
6
7
8
9
10
11
12
13
14
15
16
17
18
19
20
21
22
23
24
25
26
27
28
29
30
31
32
33
34
35
36
37
38
39
40
41
42
43
44
45
46
47
48
49
50
51
52
53
54
55
56
57
58
59
60
61
62
63
64
65
66
67
68
69
70
71
72
73
74
75
76
77
78
79
80
81
82
83
84
85
86
87
88
89
90
91
92
93
94
95
96
97
98
99
100
101
102
103
104
105
106
107
108
109
110
111
112
113
114
115
116
117
118
119
120
121
122
123
124
125
126
127
128
129
130
131
132
133
134
135
136
137
138
139
140
141
142
143
144
145
146
147
148
149
150
151
152
153
154
155
156
157
158
159
160
161
162
163
164
165
166
167
168
169
170
171
172
173
174
175
176
177
178
179
180
181
182
183
184
185
186
187
188
189
190
191
192
193
194
195
196
197
198
199
