 
Files to read: ['../pilot-cpjump1-data/profiles/2020_11_04_CPJUMP1/BR00116995/BR00116995_normalized_feature_select_negcon.csv.gz']
Files to read: ['../pilot-cpjump1-data/profiles/2020_11_04_CPJUMP1/BR00117024/BR00117024_normalized_feature_select_negcon.csv.gz']
Files to read: ['../pilot-cpjump1-data/profiles/2020_11_04_CPJUMP1/BR00117025/BR00117025_normalized_feature_select_negcon.csv.gz']
Files to read: ['../pilot-cpjump1-data/profiles/2020_11_04_CPJUMP1/BR00117026/BR00117026_normalized_feature_select_negcon.csv.gz']
Files to read: ['../pilot-cpjump1-data/profiles/2020_11_04_CPJUMP1/BR00116997/BR00116997_normalized_feature_select_negcon.csv.gz']
Files to read: ['../pilot-cpjump1-data/profiles/2020_11_04_CPJUMP1/BR00116998/BR00116998_normalized_feature_select_negcon.csv.gz']
Files to read: ['../pilot-cpjump1-data/profiles/2020_11_04_CPJUMP1/BR00116999/BR00116999_normalized_feature_select_negcon.csv.gz']
Files to read: ['../pilot-cpjump1-data/profiles/2020_11_04_CPJUMP1/BR00116996/BR00116996_normalized_feature_select_negcon.csv.gz']
Files to read: ['../pilot-cpjump1-data/profiles/2020_11_04_CPJUMP1/BR00117022/BR00117022_normalized_feature_select_negcon.csv.gz']
Files to read: ['../pilot-cpjump1-data/profiles/2020_11_04_CPJUMP1/BR00117023/BR00117023_normalized_feature_select_negcon.csv.gz']

  0%|          | 0/200 [00:00<?, ?it/s]
  0%|          | 1/200 [00:08<28:01,  8.45s/it]
  1%|          | 2/200 [00:13<20:58,  6.36s/it]
  2%|▏         | 3/200 [00:18<18:47,  5.72s/it]
  2%|▏         | 4/200 [00:23<17:32,  5.37s/it]
  2%|▎         | 5/200 [00:28<16:55,  5.21s/it]
  3%|▎         | 6/200 [00:33<16:57,  5.24s/it]
  4%|▎         | 7/200 [00:38<16:47,  5.22s/it]
  4%|▍         | 8/200 [00:43<16:26,  5.14s/it]
  4%|▍         | 9/200 [00:48<16:09,  5.08s/it]
  5%|▌         | 10/200 [00:53<16:00,  5.06s/it]
  6%|▌         | 11/200 [00:58<15:52,  5.04s/it]
  6%|▌         | 12/200 [01:03<15:32,  4.96s/it]
  6%|▋         | 13/200 [01:08<15:32,  4.99s/it]
  7%|▋         | 14/200 [01:13<15:22,  4.96s/it]
  8%|▊         | 15/200 [01:18<15:19,  4.97s/it]
  8%|▊         | 16/200 [01:23<15:09,  4.95s/it]
  8%|▊         | 17/200 [01:27<14:58,  4.91s/it]
  9%|▉         | 18/200 [01:33<15:35,  5.14s/it]
 10%|▉         | 19/200 [01:39<16:31,  5.48s/it]
 10%|█         | 20/200 [01:45<16:35,  5.53s/it]
 10%|█         | 21/200 [01:50<16:20,  5.48s/it]
 11%|█         | 22/200 [01:55<15:36,  5.26s/it]
 12%|█▏        | 23/200 [02:00<15:21,  5.20s/it]
 12%|█▏        | 24/200 [02:05<15:04,  5.14s/it]
 12%|█▎        | 25/200 [02:10<14:45,  5.06s/it]
 13%|█▎        | 26/200 [02:15<14:22,  4.96s/it]
 14%|█▎        | 27/200 [02:20<14:54,  5.17s/it]
 14%|█▍        | 28/200 [02:25<14:35,  5.09s/it]
 14%|█▍        | 29/200 [02:30<14:23,  5.05s/it]
 15%|█▌        | 30/200 [02:35<14:02,  4.95s/it]
 16%|█▌        | 31/200 [02:40<13:53,  4.93s/it]
 16%|█▌        | 32/200 [02:44<13:30,  4.83s/it]
 16%|█▋        | 33/200 [02:50<13:39,  4.91s/it]
 17%|█▋        | 34/200 [02:54<13:35,  4.92s/it]
 18%|█▊        | 35/200 [02:59<13:13,  4.81s/it]
 18%|█▊        | 36/200 [03:04<12:50,  4.70s/it]
 18%|█▊        | 37/200 [03:08<12:45,  4.70s/it]
 19%|█▉        | 38/200 [03:13<13:01,  4.83s/it]
 20%|█▉        | 39/200 [03:18<12:57,  4.83s/it]
 20%|██        | 40/200 [03:23<12:37,  4.73s/it]
 20%|██        | 41/200 [03:27<12:20,  4.65s/it]
 21%|██        | 42/200 [03:32<12:12,  4.64s/it]
 22%|██▏       | 43/200 [03:37<12:26,  4.75s/it]
 22%|██▏       | 44/200 [03:41<12:15,  4.71s/it]
 22%|██▎       | 45/200 [03:46<12:19,  4.77s/it]
 23%|██▎       | 46/200 [03:51<12:24,  4.83s/it]
 24%|██▎       | 47/200 [03:57<12:51,  5.04s/it]
 24%|██▍       | 48/200 [04:02<12:46,  5.05s/it]
 24%|██▍       | 49/200 [04:07<12:52,  5.11s/it]
 25%|██▌       | 50/200 [04:12<12:23,  4.95s/it]
 26%|██▌       | 51/200 [04:17<12:14,  4.93s/it]
 26%|██▌       | 52/200 [04:22<12:28,  5.06s/it]
 26%|██▋       | 53/200 [04:28<13:06,  5.35s/it]
 27%|██▋       | 54/200 [04:33<12:52,  5.29s/it]
 28%|██▊       | 55/200 [04:38<12:42,  5.26s/it]
 28%|██▊       | 56/200 [04:44<12:39,  5.27s/it]
 28%|██▊       | 57/200 [04:49<12:34,  5.27s/it]
 29%|██▉       | 58/200 [04:54<12:27,  5.26s/it]
 30%|██▉       | 59/200 [05:00<12:28,  5.31s/it]
 30%|███       | 60/200 [05:05<12:12,  5.23s/it]
 30%|███       | 61/200 [05:10<12:14,  5.29s/it]
 31%|███       | 62/200 [05:15<12:10,  5.29s/it]
 32%|███▏      | 63/200 [05:21<12:12,  5.34s/it]
 32%|███▏      | 64/200 [05:26<11:53,  5.25s/it]
 32%|███▎      | 65/200 [05:31<11:51,  5.27s/it]
 33%|███▎      | 66/200 [05:36<11:49,  5.29s/it]
 34%|███▎      | 67/200 [05:42<11:40,  5.26s/it]
 34%|███▍      | 68/200 [05:47<11:23,  5.18s/it]
 34%|███▍      | 69/200 [05:52<11:29,  5.26s/it]
 35%|███▌      | 70/200 [05:57<11:25,  5.27s/it]
 36%|███▌      | 71/200 [06:03<11:15,  5.23s/it]
 36%|███▌      | 72/200 [06:08<11:04,  5.19s/it]
 36%|███▋      | 73/200 [06:13<10:58,  5.18s/it]
 37%|███▋      | 74/200 [06:18<10:47,  5.14s/it]
 38%|███▊      | 75/200 [06:23<10:45,  5.16s/it]
 38%|███▊      | 76/200 [06:28<10:50,  5.24s/it]
 38%|███▊      | 77/200 [06:34<10:52,  5.31s/it]
 39%|███▉      | 78/200 [06:39<10:51,  5.34s/it]
 40%|███▉      | 79/200 [06:45<10:59,  5.45s/it]
 40%|████      | 80/200 [06:50<10:53,  5.44s/it]
 40%|████      | 81/200 [06:57<11:10,  5.64s/it]
 41%|████      | 82/200 [07:02<11:03,  5.62s/it]
 42%|████▏     | 83/200 [07:07<10:38,  5.46s/it]
 42%|████▏     | 84/200 [07:12<10:20,  5.35s/it]
 42%|████▎     | 85/200 [07:19<10:49,  5.65s/it]
 43%|████▎     | 86/200 [07:24<10:32,  5.55s/it]
 44%|████▎     | 87/200 [07:29<10:22,  5.51s/it]
 44%|████▍     | 88/200 [07:35<10:06,  5.41s/it]
 44%|████▍     | 89/200 [07:40<09:59,  5.40s/it]
 45%|████▌     | 90/200 [07:45<09:43,  5.30s/it]
 46%|████▌     | 91/200 [07:50<09:40,  5.32s/it]
 46%|████▌     | 92/200 [07:56<09:32,  5.30s/it]
 46%|████▋     | 93/200 [08:01<09:27,  5.30s/it]
 47%|████▋     | 94/200 [08:07<09:31,  5.39s/it]
 48%|████▊     | 95/200 [08:12<09:32,  5.45s/it]
 48%|████▊     | 96/200 [08:17<09:20,  5.39s/it]
 48%|████▊     | 97/200 [08:23<09:14,  5.38s/it]
 49%|████▉     | 98/200 [08:28<08:54,  5.24s/it]
 50%|████▉     | 99/200 [08:33<08:43,  5.18s/it]
 50%|█████     | 100/200 [08:38<08:44,  5.24s/it]
 50%|█████     | 101/200 [08:43<08:41,  5.27s/it]
 51%|█████     | 102/200 [08:49<08:33,  5.24s/it]
 52%|█████▏    | 103/200 [08:54<08:20,  5.16s/it]
 52%|█████▏    | 104/200 [08:59<08:10,  5.11s/it]
 52%|█████▎    | 105/200 [09:04<08:02,  5.07s/it]
 53%|█████▎    | 106/200 [09:09<07:56,  5.07s/it]
 54%|█████▎    | 107/200 [09:14<07:53,  5.09s/it]
 54%|█████▍    | 108/200 [09:19<07:47,  5.08s/it]
 55%|█████▍    | 109/200 [09:24<07:55,  5.22s/it]
 55%|█████▌    | 110/200 [09:30<08:09,  5.43s/it]
 56%|█████▌    | 111/200 [09:36<08:03,  5.44s/it]
 56%|█████▌    | 112/200 [09:41<07:56,  5.41s/it]
 56%|█████▋    | 113/200 [09:47<07:53,  5.44s/it]
 57%|█████▋    | 114/200 [09:52<07:53,  5.50s/it]
 57%|█████▊    | 115/200 [09:57<07:37,  5.38s/it]
 58%|█████▊    | 116/200 [10:02<07:23,  5.28s/it]
 58%|█████▊    | 117/200 [10:08<07:17,  5.27s/it]
 59%|█████▉    | 118/200 [10:13<07:08,  5.23s/it]
 60%|█████▉    | 119/200 [10:18<07:00,  5.19s/it]
 60%|██████    | 120/200 [10:23<06:48,  5.10s/it]
 60%|██████    | 121/200 [10:28<06:36,  5.01s/it]
 61%|██████    | 122/200 [10:33<06:41,  5.14s/it]
 62%|██████▏   | 123/200 [10:38<06:34,  5.13s/it]
 62%|██████▏   | 124/200 [10:43<06:26,  5.08s/it]
 62%|██████▎   | 125/200 [10:48<06:23,  5.12s/it]
 63%|██████▎   | 126/200 [10:53<06:18,  5.12s/it]
 64%|██████▎   | 127/200 [10:58<06:06,  5.02s/it]
 64%|██████▍   | 128/200 [11:03<06:05,  5.07s/it]
 64%|██████▍   | 129/200 [11:10<06:26,  5.45s/it]
 65%|██████▌   | 130/200 [11:15<06:19,  5.43s/it]
 66%|██████▌   | 131/200 [11:21<06:28,  5.64s/it]
 66%|██████▌   | 132/200 [11:26<06:10,  5.45s/it]
 66%|██████▋   | 133/200 [11:31<06:00,  5.39s/it]
 67%|██████▋   | 134/200 [11:37<05:57,  5.41s/it]
 68%|██████▊   | 135/200 [11:42<05:49,  5.37s/it]
 68%|██████▊   | 136/200 [11:47<05:39,  5.31s/it]
 68%|██████▊   | 137/200 [11:53<05:39,  5.39s/it]
 69%|██████▉   | 138/200 [11:58<05:30,  5.34s/it]
 70%|██████▉   | 139/200 [12:03<05:19,  5.23s/it]
 70%|███████   | 140/200 [12:08<05:13,  5.22s/it]
 70%|███████   | 141/200 [12:14<05:07,  5.21s/it]
 71%|███████   | 142/200 [12:19<05:09,  5.34s/it]
 72%|███████▏  | 143/200 [12:25<05:04,  5.34s/it]
 72%|███████▏  | 144/200 [12:30<05:00,  5.36s/it]
 72%|███████▎  | 145/200 [12:35<04:57,  5.41s/it]
 73%|███████▎  | 146/200 [12:41<04:57,  5.51s/it]
 74%|███████▎  | 147/200 [12:46<04:46,  5.41s/it]
 74%|███████▍  | 148/200 [12:52<04:49,  5.57s/it]
 74%|███████▍  | 149/200 [12:58<04:46,  5.62s/it]
 75%|███████▌  | 150/200 [13:04<04:40,  5.60s/it]
 76%|███████▌  | 151/200 [13:09<04:28,  5.47s/it]
 76%|███████▌  | 152/200 [13:14<04:16,  5.34s/it]
 76%|███████▋  | 153/200 [13:19<04:09,  5.32s/it]
 77%|███████▋  | 154/200 [13:25<04:10,  5.44s/it]
 78%|███████▊  | 155/200 [13:30<03:59,  5.31s/it]
 78%|███████▊  | 156/200 [13:35<03:54,  5.32s/it]
 78%|███████▊  | 157/200 [13:40<03:45,  5.24s/it]
 79%|███████▉  | 158/200 [13:45<03:37,  5.19s/it]
 80%|███████▉  | 159/200 [13:50<03:31,  5.17s/it]
 80%|████████  | 160/200 [13:56<03:28,  5.21s/it]
 80%|████████  | 161/200 [14:01<03:22,  5.18s/it]
 81%|████████  | 162/200 [14:07<03:22,  5.33s/it]
 82%|████████▏ | 163/200 [14:12<03:17,  5.35s/it]
 82%|████████▏ | 164/200 [14:17<03:07,  5.21s/it]
 82%|████████▎ | 165/200 [14:22<02:58,  5.10s/it]
 83%|████████▎ | 166/200 [14:27<02:53,  5.11s/it]
 84%|████████▎ | 167/200 [14:32<02:48,  5.12s/it]
 84%|████████▍ | 168/200 [14:37<02:43,  5.11s/it]
 84%|████████▍ | 169/200 [14:42<02:37,  5.07s/it]
 85%|████████▌ | 170/200 [14:48<02:37,  5.25s/it]
 86%|████████▌ | 171/200 [14:54<02:39,  5.49s/it]
 86%|████████▌ | 172/200 [14:59<02:33,  5.48s/it]
 86%|████████▋ | 173/200 [15:04<02:24,  5.34s/it]
 87%|████████▋ | 174/200 [15:09<02:16,  5.24s/it]
 88%|████████▊ | 175/200 [15:14<02:08,  5.16s/it]
 88%|████████▊ | 176/200 [15:19<02:01,  5.06s/it]
 88%|████████▊ | 177/200 [15:25<02:02,  5.34s/it]
 89%|████████▉ | 178/200 [15:30<01:58,  5.38s/it]
 90%|████████▉ | 179/200 [15:36<01:52,  5.35s/it]
 90%|█████████ | 180/200 [15:41<01:45,  5.28s/it]
 90%|█████████ | 181/200 [15:46<01:38,  5.19s/it]
 91%|█████████ | 182/200 [15:51<01:32,  5.14s/it]
 92%|█████████▏| 183/200 [15:56<01:26,  5.12s/it]
 92%|█████████▏| 184/200 [16:01<01:21,  5.12s/it]
 92%|█████████▎| 185/200 [16:07<01:19,  5.30s/it]
 93%|█████████▎| 186/200 [16:12<01:15,  5.43s/it]
 94%|█████████▎| 187/200 [16:17<01:08,  5.30s/it]
 94%|█████████▍| 188/200 [16:23<01:02,  5.24s/it]
 94%|█████████▍| 189/200 [16:28<00:57,  5.23s/it]
 95%|█████████▌| 190/200 [16:33<00:51,  5.16s/it]
 96%|█████████▌| 191/200 [16:38<00:46,  5.17s/it]
 96%|█████████▌| 192/200 [16:43<00:40,  5.11s/it]
 96%|█████████▋| 193/200 [16:48<00:36,  5.18s/it]
 97%|█████████▋| 194/200 [16:54<00:31,  5.24s/it]
 98%|█████████▊| 195/200 [16:59<00:26,  5.22s/it]
 98%|█████████▊| 196/200 [17:04<00:20,  5.15s/it]
 98%|█████████▊| 197/200 [17:09<00:15,  5.16s/it]
 99%|█████████▉| 198/200 [17:15<00:10,  5.38s/it]
100%|█████████▉| 199/200 [17:21<00:05,  5.46s/it]
100%|██████████| 200/200 [17:26<00:00,  5.43s/it]
                                                 
0
1
2
3
4
5
6
7
8
9
10
11
12
13
14
15
16
17
18
19
20
21
22
23
24
25
26
27
28
29
30
31
32
33
34
35
36
37
38
39
40
41
42
43
44
45
46
47
48
49
50
51
52
53
54
55
56
57
58
59
60
61
62
63
64
65
66
67
68
69
70
71
72
73
74
75
76
77
78
79
80
81
82
83
84
85
86
87
88
89
90
91
92
93
94
95
96
97
98
99
100
101
102
103
104
105
106
107
108
109
110
111
112
113
114
115
116
117
118
119
120
121
122
123
124
125
126
127
128
129
130
131
132
133
134
135
136
137
138
139
140
141
142
143
144
145
146
147
148
149
150
151
152
153
154
155
156
157
158
159
160
161
162
163
164
165
166
167
168
169
170
171
172
173
174
175
176
177
178
179
180
181
182
183
184
185
186
187
188
189
190
191
192
193
194
195
196
197
198
199
