 
Files to read: ['../pilot-cpjump1-data/profiles/2020_11_04_CPJUMP1/BR00116995/BR00116995_normalized_feature_select_negcon.csv.gz']
Files to read: ['../pilot-cpjump1-data/profiles/2020_11_04_CPJUMP1/BR00117024/BR00117024_normalized_feature_select_negcon.csv.gz']
Files to read: ['../pilot-cpjump1-data/profiles/2020_11_04_CPJUMP1/BR00117025/BR00117025_normalized_feature_select_negcon.csv.gz']
Files to read: ['../pilot-cpjump1-data/profiles/2020_11_04_CPJUMP1/BR00117026/BR00117026_normalized_feature_select_negcon.csv.gz']
Files to read: ['../pilot-cpjump1-data/profiles/2020_11_04_CPJUMP1/BR00116997/BR00116997_normalized_feature_select_negcon.csv.gz']
Files to read: ['../pilot-cpjump1-data/profiles/2020_11_04_CPJUMP1/BR00116998/BR00116998_normalized_feature_select_negcon.csv.gz']
Files to read: ['../pilot-cpjump1-data/profiles/2020_11_04_CPJUMP1/BR00116999/BR00116999_normalized_feature_select_negcon.csv.gz']
Files to read: ['../pilot-cpjump1-data/profiles/2020_11_04_CPJUMP1/BR00116996/BR00116996_normalized_feature_select_negcon.csv.gz']
Files to read: ['../pilot-cpjump1-data/profiles/2020_11_04_CPJUMP1/BR00117022/BR00117022_normalized_feature_select_negcon.csv.gz']
Files to read: ['../pilot-cpjump1-data/profiles/2020_11_04_CPJUMP1/BR00117023/BR00117023_normalized_feature_select_negcon.csv.gz']

  0%|          | 0/200 [00:00<?, ?it/s]
  0%|          | 1/200 [00:08<26:41,  8.05s/it]
  1%|          | 2/200 [00:13<21:30,  6.52s/it]
  2%|▏         | 3/200 [00:18<18:53,  5.76s/it]
  2%|▏         | 4/200 [00:23<17:37,  5.40s/it]
  2%|▎         | 5/200 [00:28<17:00,  5.24s/it]
  3%|▎         | 6/200 [00:32<16:21,  5.06s/it]
  4%|▎         | 7/200 [00:37<16:18,  5.07s/it]
  4%|▍         | 8/200 [00:43<17:07,  5.35s/it]
  4%|▍         | 9/200 [00:49<17:02,  5.35s/it]
  5%|▌         | 10/200 [00:54<16:39,  5.26s/it]
  6%|▌         | 11/200 [00:59<16:11,  5.14s/it]
  6%|▌         | 12/200 [01:04<15:53,  5.07s/it]
  6%|▋         | 13/200 [01:09<15:46,  5.06s/it]
  7%|▋         | 14/200 [01:14<15:52,  5.12s/it]
  8%|▊         | 15/200 [01:19<15:18,  4.97s/it]
  8%|▊         | 16/200 [01:23<14:48,  4.83s/it]
  8%|▊         | 17/200 [01:28<15:14,  5.00s/it]
  9%|▉         | 18/200 [01:34<15:23,  5.08s/it]
 10%|▉         | 19/200 [01:40<16:14,  5.38s/it]
 10%|█         | 20/200 [01:46<16:28,  5.49s/it]
 10%|█         | 21/200 [01:51<15:59,  5.36s/it]
 11%|█         | 22/200 [01:56<15:51,  5.35s/it]
 12%|█▏        | 23/200 [02:01<15:20,  5.20s/it]
 12%|█▏        | 24/200 [02:06<15:00,  5.12s/it]
 12%|█▎        | 25/200 [02:11<14:50,  5.09s/it]
 13%|█▎        | 26/200 [02:16<14:51,  5.12s/it]
 14%|█▎        | 27/200 [02:21<14:33,  5.05s/it]
 14%|█▍        | 28/200 [02:26<14:20,  5.00s/it]
 14%|█▍        | 29/200 [02:30<13:57,  4.90s/it]
 15%|█▌        | 30/200 [02:35<14:01,  4.95s/it]
 16%|█▌        | 31/200 [02:40<13:50,  4.92s/it]
 16%|█▌        | 32/200 [02:45<13:50,  4.94s/it]
 16%|█▋        | 33/200 [02:51<14:10,  5.09s/it]
 17%|█▋        | 34/200 [02:56<14:03,  5.08s/it]
 18%|█▊        | 35/200 [03:01<13:53,  5.05s/it]
 18%|█▊        | 36/200 [03:05<13:33,  4.96s/it]
 18%|█▊        | 37/200 [03:10<13:19,  4.91s/it]
 19%|█▉        | 38/200 [03:16<13:32,  5.02s/it]
 20%|█▉        | 39/200 [03:21<14:02,  5.23s/it]
 20%|██        | 40/200 [03:27<13:59,  5.25s/it]
 20%|██        | 41/200 [03:32<14:01,  5.29s/it]
 21%|██        | 42/200 [03:37<13:58,  5.31s/it]
 22%|██▏       | 43/200 [03:43<13:52,  5.30s/it]
 22%|██▏       | 44/200 [03:47<13:30,  5.19s/it]
 22%|██▎       | 45/200 [03:52<13:11,  5.11s/it]
 23%|██▎       | 46/200 [03:57<13:03,  5.09s/it]
 24%|██▎       | 47/200 [04:02<12:52,  5.05s/it]
 24%|██▍       | 48/200 [04:07<12:46,  5.04s/it]
 24%|██▍       | 49/200 [04:12<12:23,  4.93s/it]
 25%|██▌       | 50/200 [04:17<12:18,  4.92s/it]
 26%|██▌       | 51/200 [04:22<12:12,  4.91s/it]
 26%|██▌       | 52/200 [04:27<12:12,  4.95s/it]
 26%|██▋       | 53/200 [04:32<11:57,  4.88s/it]
 27%|██▋       | 54/200 [04:37<11:54,  4.89s/it]
 28%|██▊       | 55/200 [04:41<11:49,  4.89s/it]
 28%|██▊       | 56/200 [04:47<12:11,  5.08s/it]
 28%|██▊       | 57/200 [04:52<12:22,  5.19s/it]
 29%|██▉       | 58/200 [04:57<12:03,  5.09s/it]
 30%|██▉       | 59/200 [05:02<11:45,  5.00s/it]
 30%|███       | 60/200 [05:07<11:53,  5.10s/it]
 30%|███       | 61/200 [05:12<11:30,  4.97s/it]
 31%|███       | 62/200 [05:17<11:30,  5.00s/it]
 32%|███▏      | 63/200 [05:22<11:15,  4.93s/it]
 32%|███▏      | 64/200 [05:27<11:06,  4.90s/it]
 32%|███▎      | 65/200 [05:32<11:08,  4.95s/it]
 33%|███▎      | 66/200 [05:37<11:01,  4.94s/it]
 34%|███▎      | 67/200 [05:42<10:59,  4.96s/it]
 34%|███▍      | 68/200 [05:47<10:49,  4.92s/it]
 34%|███▍      | 69/200 [05:51<10:39,  4.88s/it]
 35%|███▌      | 70/200 [05:57<11:15,  5.20s/it]
 36%|███▌      | 71/200 [06:02<11:05,  5.16s/it]
 36%|███▌      | 72/200 [06:07<10:52,  5.10s/it]
 36%|███▋      | 73/200 [06:12<10:37,  5.02s/it]
 37%|███▋      | 74/200 [06:17<10:31,  5.01s/it]
 38%|███▊      | 75/200 [06:23<10:45,  5.16s/it]
 38%|███▊      | 76/200 [06:28<10:31,  5.09s/it]
 38%|███▊      | 77/200 [06:32<10:17,  5.02s/it]
 39%|███▉      | 78/200 [06:37<10:08,  4.99s/it]
 40%|███▉      | 79/200 [06:42<09:54,  4.91s/it]
 40%|████      | 80/200 [06:47<09:48,  4.90s/it]
 40%|████      | 81/200 [06:52<09:35,  4.84s/it]
 41%|████      | 82/200 [06:57<09:34,  4.87s/it]
 42%|████▏     | 83/200 [07:02<09:36,  4.93s/it]
 42%|████▏     | 84/200 [07:07<09:35,  4.96s/it]
 42%|████▎     | 85/200 [07:12<09:37,  5.02s/it]
 43%|████▎     | 86/200 [07:17<09:27,  4.98s/it]
 44%|████▎     | 87/200 [07:22<09:15,  4.92s/it]
 44%|████▍     | 88/200 [07:27<09:23,  5.03s/it]
 44%|████▍     | 89/200 [07:33<09:41,  5.23s/it]
 45%|████▌     | 90/200 [07:37<09:15,  5.05s/it]
 46%|████▌     | 91/200 [07:42<09:03,  4.98s/it]
 46%|████▌     | 92/200 [07:46<08:40,  4.82s/it]
 46%|████▋     | 93/200 [07:51<08:26,  4.74s/it]
 47%|████▋     | 94/200 [07:56<08:27,  4.78s/it]
 48%|████▊     | 95/200 [08:01<08:21,  4.78s/it]
 48%|████▊     | 96/200 [08:06<08:24,  4.85s/it]
 48%|████▊     | 97/200 [08:10<08:12,  4.78s/it]
 49%|████▉     | 98/200 [08:15<08:11,  4.82s/it]
 50%|████▉     | 99/200 [08:20<08:20,  4.96s/it]
 50%|█████     | 100/200 [08:26<08:20,  5.00s/it]
 50%|█████     | 101/200 [08:31<08:19,  5.04s/it]
 51%|█████     | 102/200 [08:36<08:17,  5.07s/it]
 52%|█████▏    | 103/200 [08:41<08:25,  5.21s/it]
 52%|█████▏    | 104/200 [08:47<08:20,  5.21s/it]
 52%|█████▎    | 105/200 [08:51<08:01,  5.07s/it]
 53%|█████▎    | 106/200 [08:57<08:08,  5.19s/it]
 54%|█████▎    | 107/200 [09:03<08:20,  5.38s/it]
 54%|█████▍    | 108/200 [09:08<08:21,  5.45s/it]
 55%|█████▍    | 109/200 [09:14<08:15,  5.45s/it]
 55%|█████▌    | 110/200 [09:18<07:51,  5.23s/it]
 56%|█████▌    | 111/200 [09:23<07:35,  5.12s/it]
 56%|█████▌    | 112/200 [09:29<07:43,  5.27s/it]
 56%|█████▋    | 113/200 [09:34<07:40,  5.29s/it]
 57%|█████▋    | 114/200 [09:39<07:27,  5.21s/it]
 57%|█████▊    | 115/200 [09:44<07:19,  5.17s/it]
 58%|█████▊    | 116/200 [09:49<07:14,  5.18s/it]
 58%|█████▊    | 117/200 [09:54<06:57,  5.03s/it]
 59%|█████▉    | 118/200 [09:59<06:47,  4.97s/it]
 60%|█████▉    | 119/200 [10:04<06:52,  5.09s/it]
 60%|██████    | 120/200 [10:10<06:50,  5.14s/it]
 60%|██████    | 121/200 [10:15<06:46,  5.14s/it]
 61%|██████    | 122/200 [10:20<06:38,  5.11s/it]
 62%|██████▏   | 123/200 [10:25<06:27,  5.03s/it]
 62%|██████▏   | 124/200 [10:29<06:17,  4.97s/it]
 62%|██████▎   | 125/200 [10:35<06:15,  5.01s/it]
 63%|██████▎   | 126/200 [10:40<06:14,  5.06s/it]
 64%|██████▎   | 127/200 [10:45<06:14,  5.13s/it]
 64%|██████▍   | 128/200 [10:50<06:09,  5.14s/it]
 64%|██████▍   | 129/200 [10:55<06:05,  5.14s/it]
 65%|██████▌   | 130/200 [11:01<06:04,  5.20s/it]
 66%|██████▌   | 131/200 [11:05<05:49,  5.07s/it]
 66%|██████▌   | 132/200 [11:10<05:35,  4.93s/it]
 66%|██████▋   | 133/200 [11:15<05:23,  4.83s/it]
 67%|██████▋   | 134/200 [11:19<05:16,  4.79s/it]
 68%|██████▊   | 135/200 [11:24<05:11,  4.78s/it]
 68%|██████▊   | 136/200 [11:29<05:04,  4.76s/it]
 68%|██████▊   | 137/200 [11:34<05:00,  4.77s/it]
 69%|██████▉   | 138/200 [11:39<05:13,  5.06s/it]
 70%|██████▉   | 139/200 [11:45<05:20,  5.26s/it]
 70%|███████   | 140/200 [11:51<05:22,  5.37s/it]
 70%|███████   | 141/200 [11:56<05:13,  5.32s/it]
 71%|███████   | 142/200 [12:01<05:03,  5.22s/it]
 72%|███████▏  | 143/200 [12:06<04:56,  5.20s/it]
 72%|███████▏  | 144/200 [12:11<04:53,  5.25s/it]
 72%|███████▎  | 145/200 [12:17<04:51,  5.30s/it]
 73%|███████▎  | 146/200 [12:22<04:50,  5.38s/it]
 74%|███████▎  | 147/200 [12:27<04:33,  5.16s/it]
 74%|███████▍  | 148/200 [12:32<04:24,  5.08s/it]
 74%|███████▍  | 149/200 [12:37<04:20,  5.12s/it]
 75%|███████▌  | 150/200 [12:42<04:11,  5.03s/it]
 76%|███████▌  | 151/200 [12:47<04:08,  5.08s/it]
 76%|███████▌  | 152/200 [12:52<04:06,  5.13s/it]
 76%|███████▋  | 153/200 [12:57<03:58,  5.07s/it]
 77%|███████▋  | 154/200 [13:02<03:49,  4.99s/it]
 78%|███████▊  | 155/200 [13:07<03:39,  4.88s/it]
 78%|███████▊  | 156/200 [13:12<03:33,  4.86s/it]
 78%|███████▊  | 157/200 [13:16<03:26,  4.79s/it]
 79%|███████▉  | 158/200 [13:22<03:35,  5.13s/it]
 80%|███████▉  | 159/200 [13:28<03:42,  5.42s/it]
 80%|████████  | 160/200 [13:33<03:28,  5.22s/it]
 80%|████████  | 161/200 [13:38<03:22,  5.18s/it]
 81%|████████  | 162/200 [13:43<03:13,  5.10s/it]
 82%|████████▏ | 163/200 [13:48<03:08,  5.08s/it]
 82%|████████▏ | 164/200 [13:53<03:05,  5.16s/it]
 82%|████████▎ | 165/200 [13:59<03:02,  5.21s/it]
 83%|████████▎ | 166/200 [14:04<03:02,  5.37s/it]
 84%|████████▎ | 167/200 [14:10<02:54,  5.30s/it]
 84%|████████▍ | 168/200 [14:14<02:43,  5.12s/it]
 84%|████████▍ | 169/200 [14:19<02:38,  5.12s/it]
 85%|████████▌ | 170/200 [14:25<02:35,  5.19s/it]
 86%|████████▌ | 171/200 [14:30<02:32,  5.24s/it]
 86%|████████▌ | 172/200 [14:35<02:22,  5.11s/it]
 86%|████████▋ | 173/200 [14:40<02:16,  5.06s/it]
 87%|████████▋ | 174/200 [14:45<02:08,  4.96s/it]
 88%|████████▊ | 175/200 [14:50<02:05,  5.02s/it]
 88%|████████▊ | 176/200 [14:54<01:57,  4.92s/it]
 88%|████████▊ | 177/200 [14:59<01:53,  4.94s/it]
 89%|████████▉ | 178/200 [15:05<01:50,  5.04s/it]
 90%|████████▉ | 179/200 [15:09<01:43,  4.92s/it]
 90%|█████████ | 180/200 [15:14<01:39,  4.96s/it]
 90%|█████████ | 181/200 [15:19<01:34,  4.95s/it]
 91%|█████████ | 182/200 [15:25<01:31,  5.06s/it]
 92%|█████████▏| 183/200 [15:30<01:27,  5.12s/it]
 92%|█████████▏| 184/200 [15:35<01:23,  5.20s/it]
 92%|█████████▎| 185/200 [15:41<01:19,  5.28s/it]
 93%|█████████▎| 186/200 [15:46<01:14,  5.31s/it]
 94%|█████████▎| 187/200 [15:51<01:08,  5.26s/it]
 94%|█████████▍| 188/200 [15:57<01:03,  5.32s/it]
 94%|█████████▍| 189/200 [16:02<00:56,  5.18s/it]
 95%|█████████▌| 190/200 [16:06<00:50,  5.03s/it]
 96%|█████████▌| 191/200 [16:11<00:43,  4.87s/it]
 96%|█████████▌| 192/200 [16:16<00:39,  4.93s/it]
 96%|█████████▋| 193/200 [16:21<00:34,  4.94s/it]
 97%|█████████▋| 194/200 [16:26<00:29,  4.96s/it]
 98%|█████████▊| 195/200 [16:31<00:24,  4.90s/it]
 98%|█████████▊| 196/200 [16:35<00:19,  4.89s/it]
 98%|█████████▊| 197/200 [16:40<00:14,  4.85s/it]
 99%|█████████▉| 198/200 [16:45<00:09,  4.81s/it]
100%|█████████▉| 199/200 [16:50<00:04,  4.84s/it]
100%|██████████| 200/200 [16:55<00:00,  4.86s/it]
                                                 
0
1
2
3
4
5
6
7
8
9
10
11
12
13
14
15
16
17
18
19
20
21
22
23
24
25
26
27
28
29
30
31
32
33
34
35
36
37
38
39
40
41
42
43
44
45
46
47
48
49
50
51
52
53
54
55
56
57
58
59
60
61
62
63
64
65
66
67
68
69
70
71
72
73
74
75
76
77
78
79
80
81
82
83
84
85
86
87
88
89
90
91
92
93
94
95
96
97
98
99
100
101
102
103
104
105
106
107
108
109
110
111
112
113
114
115
116
117
118
119
120
121
122
123
124
125
126
127
128
129
130
131
132
133
134
135
136
137
138
139
140
141
142
143
144
145
146
147
148
149
150
151
152
153
154
155
156
157
158
159
160
161
162
163
164
165
166
167
168
169
170
171
172
173
174
175
176
177
178
179
180
181
182
183
184
185
186
187
188
189
190
191
192
193
194
195
196
197
198
199
