 
Files to read: ['../pilot-cpjump1-data/profiles/2020_11_04_CPJUMP1/BR00116995/BR00116995_normalized_feature_select_negcon.csv.gz']
Files to read: ['../pilot-cpjump1-data/profiles/2020_11_04_CPJUMP1/BR00117024/BR00117024_normalized_feature_select_negcon.csv.gz']
Files to read: ['../pilot-cpjump1-data/profiles/2020_11_04_CPJUMP1/BR00117025/BR00117025_normalized_feature_select_negcon.csv.gz']
Files to read: ['../pilot-cpjump1-data/profiles/2020_11_04_CPJUMP1/BR00117026/BR00117026_normalized_feature_select_negcon.csv.gz']
Files to read: ['../pilot-cpjump1-data/profiles/2020_11_04_CPJUMP1/BR00116997/BR00116997_normalized_feature_select_negcon.csv.gz']
Files to read: ['../pilot-cpjump1-data/profiles/2020_11_04_CPJUMP1/BR00116998/BR00116998_normalized_feature_select_negcon.csv.gz']
Files to read: ['../pilot-cpjump1-data/profiles/2020_11_04_CPJUMP1/BR00116999/BR00116999_normalized_feature_select_negcon.csv.gz']
Files to read: ['../pilot-cpjump1-data/profiles/2020_11_04_CPJUMP1/BR00116996/BR00116996_normalized_feature_select_negcon.csv.gz']
Files to read: ['../pilot-cpjump1-data/profiles/2020_11_04_CPJUMP1/BR00117022/BR00117022_normalized_feature_select_negcon.csv.gz']
Files to read: ['../pilot-cpjump1-data/profiles/2020_11_04_CPJUMP1/BR00117023/BR00117023_normalized_feature_select_negcon.csv.gz']

  0%|          | 0/200 [00:00<?, ?it/s]
  0%|          | 1/200 [00:08<27:07,  8.18s/it]
  1%|          | 2/200 [00:13<21:23,  6.48s/it]
  2%|▏         | 3/200 [00:18<18:50,  5.74s/it]
  2%|▏         | 4/200 [00:23<17:32,  5.37s/it]
  2%|▎         | 5/200 [00:27<16:46,  5.16s/it]
  3%|▎         | 6/200 [00:33<16:57,  5.25s/it]
  4%|▎         | 7/200 [00:38<16:51,  5.24s/it]
  4%|▍         | 8/200 [00:43<16:28,  5.15s/it]
  4%|▍         | 9/200 [00:48<16:17,  5.12s/it]
  5%|▌         | 10/200 [00:53<16:15,  5.13s/it]
  6%|▌         | 11/200 [00:59<16:32,  5.25s/it]
  6%|▌         | 12/200 [01:04<16:28,  5.26s/it]
  6%|▋         | 13/200 [01:09<16:31,  5.30s/it]
  7%|▋         | 14/200 [01:15<16:39,  5.37s/it]
  8%|▊         | 15/200 [01:20<16:32,  5.37s/it]
  8%|▊         | 16/200 [01:25<16:13,  5.29s/it]
  8%|▊         | 17/200 [01:31<15:58,  5.24s/it]
  9%|▉         | 18/200 [01:36<16:05,  5.31s/it]
 10%|▉         | 19/200 [01:41<15:49,  5.25s/it]
 10%|█         | 20/200 [01:46<15:32,  5.18s/it]
 10%|█         | 21/200 [01:52<16:03,  5.38s/it]
 11%|█         | 22/200 [01:58<16:27,  5.55s/it]
 12%|█▏        | 23/200 [02:04<16:25,  5.57s/it]
 12%|█▏        | 24/200 [02:09<16:01,  5.46s/it]
 12%|█▎        | 25/200 [02:14<15:49,  5.43s/it]
 13%|█▎        | 26/200 [02:19<15:18,  5.28s/it]
 14%|█▎        | 27/200 [02:24<15:08,  5.25s/it]
 14%|█▍        | 28/200 [02:30<15:15,  5.32s/it]
 14%|█▍        | 29/200 [02:35<15:22,  5.40s/it]
 15%|█▌        | 30/200 [02:41<15:09,  5.35s/it]
 16%|█▌        | 31/200 [02:46<15:14,  5.41s/it]
 16%|█▌        | 32/200 [02:52<15:30,  5.54s/it]
 16%|█▋        | 33/200 [02:57<15:12,  5.47s/it]
 17%|█▋        | 34/200 [03:03<15:18,  5.53s/it]
 18%|█▊        | 35/200 [03:08<15:09,  5.51s/it]
 18%|█▊        | 36/200 [03:13<14:39,  5.37s/it]
 18%|█▊        | 37/200 [03:20<15:19,  5.64s/it]
 19%|█▉        | 38/200 [03:25<14:43,  5.45s/it]
 20%|█▉        | 39/200 [03:30<14:27,  5.39s/it]
 20%|██        | 40/200 [03:35<14:28,  5.43s/it]
 20%|██        | 41/200 [03:41<14:08,  5.34s/it]
 21%|██        | 42/200 [03:46<14:05,  5.35s/it]
 22%|██▏       | 43/200 [03:51<13:59,  5.35s/it]
 22%|██▏       | 44/200 [03:56<13:39,  5.25s/it]
 22%|██▎       | 45/200 [04:02<13:43,  5.31s/it]
 23%|██▎       | 46/200 [04:07<13:29,  5.26s/it]
 24%|██▎       | 47/200 [04:12<12:56,  5.08s/it]
 24%|██▍       | 48/200 [04:17<12:58,  5.12s/it]
 24%|██▍       | 49/200 [04:22<13:17,  5.28s/it]
 25%|██▌       | 50/200 [04:28<13:27,  5.38s/it]
 26%|██▌       | 51/200 [04:34<13:46,  5.55s/it]
 26%|██▌       | 52/200 [04:39<13:27,  5.45s/it]
 26%|██▋       | 53/200 [04:44<13:04,  5.34s/it]
 27%|██▋       | 54/200 [04:49<12:52,  5.29s/it]
 28%|██▊       | 55/200 [04:55<12:42,  5.26s/it]
 28%|██▊       | 56/200 [05:00<12:52,  5.37s/it]
 28%|██▊       | 57/200 [05:05<12:34,  5.27s/it]
 29%|██▉       | 58/200 [05:10<12:12,  5.16s/it]
 30%|██▉       | 59/200 [05:15<11:59,  5.10s/it]
 30%|███       | 60/200 [05:21<12:23,  5.31s/it]
 30%|███       | 61/200 [05:26<12:19,  5.32s/it]
 31%|███       | 62/200 [05:31<12:03,  5.24s/it]
 32%|███▏      | 63/200 [05:37<12:25,  5.44s/it]
 32%|███▏      | 64/200 [05:43<12:20,  5.45s/it]
 32%|███▎      | 65/200 [05:48<12:09,  5.41s/it]
 33%|███▎      | 66/200 [05:53<11:55,  5.34s/it]
 34%|███▎      | 67/200 [05:58<11:36,  5.24s/it]
 34%|███▍      | 68/200 [06:03<11:26,  5.20s/it]
 34%|███▍      | 69/200 [06:09<11:23,  5.22s/it]
 35%|███▌      | 70/200 [06:14<11:07,  5.14s/it]
 36%|███▌      | 71/200 [06:19<11:10,  5.20s/it]
 36%|███▌      | 72/200 [06:24<11:02,  5.17s/it]
 36%|███▋      | 73/200 [06:29<10:54,  5.15s/it]
 37%|███▋      | 74/200 [06:34<10:49,  5.16s/it]
 38%|███▊      | 75/200 [06:39<10:40,  5.13s/it]
 38%|███▊      | 76/200 [06:44<10:35,  5.13s/it]
 38%|███▊      | 77/200 [06:51<11:03,  5.39s/it]
 39%|███▉      | 78/200 [06:56<10:58,  5.40s/it]
 40%|███▉      | 79/200 [07:01<10:36,  5.26s/it]
 40%|████      | 80/200 [07:06<10:16,  5.14s/it]
 40%|████      | 81/200 [07:11<10:07,  5.10s/it]
 41%|████      | 82/200 [07:17<10:37,  5.41s/it]
 42%|████▏     | 83/200 [07:22<10:34,  5.43s/it]
 42%|████▏     | 84/200 [07:27<10:09,  5.26s/it]
 42%|████▎     | 85/200 [07:32<09:53,  5.16s/it]
 43%|████▎     | 86/200 [07:38<10:16,  5.41s/it]
 44%|████▎     | 87/200 [07:43<10:04,  5.35s/it]
 44%|████▍     | 88/200 [07:49<09:56,  5.33s/it]
 44%|████▍     | 89/200 [07:54<09:47,  5.29s/it]
 45%|████▌     | 90/200 [07:59<09:30,  5.19s/it]
 46%|████▌     | 91/200 [08:04<09:26,  5.20s/it]
 46%|████▌     | 92/200 [08:09<09:10,  5.10s/it]
 46%|████▋     | 93/200 [08:14<09:08,  5.13s/it]
 47%|████▋     | 94/200 [08:19<09:04,  5.13s/it]
 48%|████▊     | 95/200 [08:25<09:07,  5.21s/it]
 48%|████▊     | 96/200 [08:30<09:02,  5.22s/it]
 48%|████▊     | 97/200 [08:36<09:27,  5.51s/it]
 49%|████▉     | 98/200 [08:41<09:11,  5.40s/it]
 50%|████▉     | 99/200 [08:47<09:05,  5.40s/it]
 50%|█████     | 100/200 [08:52<08:51,  5.32s/it]
 50%|█████     | 101/200 [08:57<08:44,  5.30s/it]
 51%|█████     | 102/200 [09:02<08:31,  5.22s/it]
 52%|█████▏    | 103/200 [09:07<08:19,  5.15s/it]
 52%|█████▏    | 104/200 [09:12<08:08,  5.09s/it]
 52%|█████▎    | 105/200 [09:17<08:01,  5.07s/it]
 53%|█████▎    | 106/200 [09:22<07:56,  5.06s/it]
 54%|█████▎    | 107/200 [09:27<07:52,  5.08s/it]
 54%|█████▍    | 108/200 [09:32<07:48,  5.09s/it]
 55%|█████▍    | 109/200 [09:37<07:47,  5.13s/it]
 55%|█████▌    | 110/200 [09:42<07:36,  5.07s/it]
 56%|█████▌    | 111/200 [09:47<07:28,  5.04s/it]
 56%|█████▌    | 112/200 [09:53<07:30,  5.12s/it]
 56%|█████▋    | 113/200 [09:59<07:47,  5.37s/it]
 57%|█████▋    | 114/200 [10:04<07:52,  5.50s/it]
 57%|█████▊    | 115/200 [10:09<07:34,  5.34s/it]
 58%|█████▊    | 116/200 [10:14<07:20,  5.24s/it]
 58%|█████▊    | 117/200 [10:20<07:14,  5.23s/it]
 59%|█████▉    | 118/200 [10:25<07:06,  5.20s/it]
 60%|█████▉    | 119/200 [10:30<07:15,  5.37s/it]
 60%|██████    | 120/200 [10:36<07:10,  5.38s/it]
 60%|██████    | 121/200 [10:41<06:58,  5.29s/it]
 61%|██████    | 122/200 [10:46<06:42,  5.15s/it]
 62%|██████▏   | 123/200 [10:51<06:29,  5.05s/it]
 62%|██████▏   | 124/200 [10:56<06:28,  5.11s/it]
 62%|██████▎   | 125/200 [11:01<06:25,  5.14s/it]
 63%|██████▎   | 126/200 [11:06<06:19,  5.12s/it]
 64%|██████▎   | 127/200 [11:11<06:09,  5.07s/it]
 64%|██████▍   | 128/200 [11:16<06:06,  5.08s/it]
 64%|██████▍   | 129/200 [11:22<06:24,  5.42s/it]
 65%|██████▌   | 130/200 [11:28<06:26,  5.52s/it]
 66%|██████▌   | 131/200 [11:34<06:27,  5.62s/it]
 66%|██████▌   | 132/200 [11:39<06:09,  5.43s/it]
 66%|██████▋   | 133/200 [11:44<05:56,  5.33s/it]
 67%|██████▋   | 134/200 [11:49<05:47,  5.27s/it]
 68%|██████▊   | 135/200 [11:54<05:37,  5.20s/it]
 68%|██████▊   | 136/200 [12:00<05:46,  5.42s/it]
 68%|██████▊   | 137/200 [12:05<05:33,  5.29s/it]
 69%|██████▉   | 138/200 [12:11<05:30,  5.33s/it]
 70%|██████▉   | 139/200 [12:16<05:19,  5.24s/it]
 70%|███████   | 140/200 [12:21<05:11,  5.19s/it]
 70%|███████   | 141/200 [12:26<05:02,  5.12s/it]
 71%|███████   | 142/200 [12:31<04:58,  5.15s/it]
 72%|███████▏  | 143/200 [12:37<05:05,  5.36s/it]
 72%|███████▏  | 144/200 [12:43<05:13,  5.59s/it]
 72%|███████▎  | 145/200 [12:48<05:04,  5.54s/it]
 73%|███████▎  | 146/200 [12:54<04:53,  5.44s/it]
 74%|███████▎  | 147/200 [12:59<04:46,  5.40s/it]
 74%|███████▍  | 148/200 [13:04<04:33,  5.26s/it]
 74%|███████▍  | 149/200 [13:09<04:25,  5.20s/it]
 75%|███████▌  | 150/200 [13:14<04:20,  5.20s/it]
 76%|███████▌  | 151/200 [13:19<04:14,  5.20s/it]
 76%|███████▌  | 152/200 [13:24<04:08,  5.18s/it]
 76%|███████▋  | 153/200 [13:29<03:58,  5.08s/it]
 77%|███████▋  | 154/200 [13:35<03:57,  5.16s/it]
 78%|███████▊  | 155/200 [13:40<03:50,  5.12s/it]
 78%|███████▊  | 156/200 [13:45<03:49,  5.21s/it]
 78%|███████▊  | 157/200 [13:50<03:42,  5.18s/it]
 79%|███████▉  | 158/200 [13:55<03:35,  5.13s/it]
 80%|███████▉  | 159/200 [14:01<03:36,  5.27s/it]
 80%|████████  | 160/200 [14:06<03:25,  5.15s/it]
 80%|████████  | 161/200 [14:10<03:16,  5.04s/it]
 81%|████████  | 162/200 [14:15<03:08,  4.97s/it]
 82%|████████▏ | 163/200 [14:20<03:04,  5.00s/it]
 82%|████████▏ | 164/200 [14:25<03:02,  5.08s/it]
 82%|████████▎ | 165/200 [14:31<02:59,  5.14s/it]
 83%|████████▎ | 166/200 [14:36<02:53,  5.11s/it]
 84%|████████▎ | 167/200 [14:41<02:48,  5.12s/it]
 84%|████████▍ | 168/200 [14:47<02:51,  5.35s/it]
 84%|████████▍ | 169/200 [14:52<02:42,  5.26s/it]
 85%|████████▌ | 170/200 [14:57<02:35,  5.18s/it]
 86%|████████▌ | 171/200 [15:02<02:32,  5.26s/it]
 86%|████████▌ | 172/200 [15:08<02:31,  5.40s/it]
 86%|████████▋ | 173/200 [15:14<02:27,  5.47s/it]
 87%|████████▋ | 174/200 [15:19<02:17,  5.30s/it]
 88%|████████▊ | 175/200 [15:24<02:11,  5.25s/it]
 88%|████████▊ | 176/200 [15:29<02:05,  5.22s/it]
 88%|████████▊ | 177/200 [15:34<01:58,  5.17s/it]
 89%|████████▉ | 178/200 [15:39<01:52,  5.10s/it]
 90%|████████▉ | 179/200 [15:45<01:53,  5.42s/it]
 90%|█████████ | 180/200 [15:50<01:45,  5.30s/it]
 90%|█████████ | 181/200 [15:55<01:39,  5.22s/it]
 91%|█████████ | 182/200 [16:00<01:32,  5.16s/it]
 92%|█████████▏| 183/200 [16:05<01:27,  5.15s/it]
 92%|█████████▏| 184/200 [16:11<01:23,  5.20s/it]
 92%|█████████▎| 185/200 [16:16<01:18,  5.24s/it]
 93%|█████████▎| 186/200 [16:22<01:18,  5.60s/it]
 94%|█████████▎| 187/200 [16:28<01:12,  5.54s/it]
 94%|█████████▍| 188/200 [16:34<01:08,  5.68s/it]
 94%|█████████▍| 189/200 [16:40<01:04,  5.85s/it]
 95%|█████████▌| 190/200 [16:47<01:01,  6.18s/it]
 96%|█████████▌| 191/200 [16:52<00:53,  5.91s/it]
 96%|█████████▌| 192/200 [16:57<00:45,  5.63s/it]
 96%|█████████▋| 193/200 [17:02<00:38,  5.47s/it]
 97%|█████████▋| 194/200 [17:07<00:31,  5.32s/it]
 98%|█████████▊| 195/200 [17:12<00:26,  5.30s/it]
 98%|█████████▊| 196/200 [17:18<00:21,  5.26s/it]
 98%|█████████▊| 197/200 [17:23<00:16,  5.36s/it]
 99%|█████████▉| 198/200 [17:29<00:10,  5.42s/it]
100%|█████████▉| 199/200 [17:34<00:05,  5.28s/it]
100%|██████████| 200/200 [17:39<00:00,  5.25s/it]
                                                 
0
1
2
3
4
5
6
7
8
9
10
11
12
13
14
15
16
17
18
19
20
21
22
23
24
25
26
27
28
29
30
31
32
33
34
35
36
37
38
39
40
41
42
43
44
45
46
47
48
49
50
51
52
53
54
55
56
57
58
59
60
61
62
63
64
65
66
67
68
69
70
71
72
73
74
75
76
77
78
79
80
81
82
83
84
85
86
87
88
89
90
91
92
93
94
95
96
97
98
99
100
101
102
103
104
105
106
107
108
109
110
111
112
113
114
115
116
117
118
119
120
121
122
123
124
125
126
127
128
129
130
131
132
133
134
135
136
137
138
139
140
141
142
143
144
145
146
147
148
149
150
151
152
153
154
155
156
157
158
159
160
161
162
163
164
165
166
167
168
169
170
171
172
173
174
175
176
177
178
179
180
181
182
183
184
185
186
187
188
189
190
191
192
193
194
195
196
197
198
199
