 
Files to read: ['../pilot-cpjump1-data/profiles/2020_11_04_CPJUMP1/BR00116995/BR00116995_normalized_feature_select_negcon.csv.gz']
Files to read: ['../pilot-cpjump1-data/profiles/2020_11_04_CPJUMP1/BR00117024/BR00117024_normalized_feature_select_negcon.csv.gz']
Files to read: ['../pilot-cpjump1-data/profiles/2020_11_04_CPJUMP1/BR00117025/BR00117025_normalized_feature_select_negcon.csv.gz']
Files to read: ['../pilot-cpjump1-data/profiles/2020_11_04_CPJUMP1/BR00117026/BR00117026_normalized_feature_select_negcon.csv.gz']
Files to read: ['../pilot-cpjump1-data/profiles/2020_11_04_CPJUMP1/BR00116997/BR00116997_normalized_feature_select_negcon.csv.gz']
Files to read: ['../pilot-cpjump1-data/profiles/2020_11_04_CPJUMP1/BR00116998/BR00116998_normalized_feature_select_negcon.csv.gz']
Files to read: ['../pilot-cpjump1-data/profiles/2020_11_04_CPJUMP1/BR00116999/BR00116999_normalized_feature_select_negcon.csv.gz']
Files to read: ['../pilot-cpjump1-data/profiles/2020_11_04_CPJUMP1/BR00116996/BR00116996_normalized_feature_select_negcon.csv.gz']
Files to read: ['../pilot-cpjump1-data/profiles/2020_11_04_CPJUMP1/BR00117022/BR00117022_normalized_feature_select_negcon.csv.gz']
Files to read: ['../pilot-cpjump1-data/profiles/2020_11_04_CPJUMP1/BR00117023/BR00117023_normalized_feature_select_negcon.csv.gz']

  0%|          | 0/200 [00:00<?, ?it/s]
  0%|          | 1/200 [00:08<26:48,  8.08s/it]
  1%|          | 2/200 [00:12<20:12,  6.12s/it]
  2%|▏         | 3/200 [00:18<19:24,  5.91s/it]
  2%|▏         | 4/200 [00:23<18:14,  5.59s/it]
  2%|▎         | 5/200 [00:28<17:56,  5.52s/it]
  3%|▎         | 6/200 [00:34<17:21,  5.37s/it]
  4%|▎         | 7/200 [00:38<16:37,  5.17s/it]
  4%|▍         | 8/200 [00:43<16:14,  5.07s/it]
  4%|▍         | 9/200 [00:48<16:04,  5.05s/it]
  5%|▌         | 10/200 [00:54<16:18,  5.15s/it]
  6%|▌         | 11/200 [00:59<16:39,  5.29s/it]
  6%|▌         | 12/200 [01:04<16:29,  5.27s/it]
  6%|▋         | 13/200 [01:09<16:03,  5.15s/it]
  7%|▋         | 14/200 [01:14<15:43,  5.07s/it]
  8%|▊         | 15/200 [01:20<15:53,  5.16s/it]
  8%|▊         | 16/200 [01:25<15:46,  5.14s/it]
  8%|▊         | 17/200 [01:30<15:55,  5.22s/it]
  9%|▉         | 18/200 [01:35<15:40,  5.17s/it]
 10%|▉         | 19/200 [01:40<15:27,  5.13s/it]
 10%|█         | 20/200 [01:45<15:18,  5.10s/it]
 10%|█         | 21/200 [01:50<14:58,  5.02s/it]
 11%|█         | 22/200 [01:55<14:47,  4.98s/it]
 12%|█▏        | 23/200 [02:00<14:40,  4.97s/it]
 12%|█▏        | 24/200 [02:05<14:34,  4.97s/it]
 12%|█▎        | 25/200 [02:10<14:36,  5.01s/it]
 13%|█▎        | 26/200 [02:15<14:26,  4.98s/it]
 14%|█▎        | 27/200 [02:20<14:13,  4.93s/it]
 14%|█▍        | 28/200 [02:25<14:36,  5.09s/it]
 14%|█▍        | 29/200 [02:30<14:31,  5.09s/it]
 15%|█▌        | 30/200 [02:35<14:10,  5.00s/it]
 16%|█▌        | 31/200 [02:40<13:56,  4.95s/it]
 16%|█▌        | 32/200 [02:45<13:42,  4.90s/it]
 16%|█▋        | 33/200 [02:49<13:38,  4.90s/it]
 17%|█▋        | 34/200 [02:54<13:37,  4.93s/it]
 18%|█▊        | 35/200 [03:00<13:41,  4.98s/it]
 18%|█▊        | 36/200 [03:05<13:53,  5.08s/it]
 18%|█▊        | 37/200 [03:10<13:27,  4.95s/it]
 19%|█▉        | 38/200 [03:15<13:35,  5.03s/it]
 20%|█▉        | 39/200 [03:21<14:12,  5.29s/it]
 20%|██        | 40/200 [03:26<14:20,  5.38s/it]
 20%|██        | 41/200 [03:32<14:22,  5.43s/it]
 21%|██        | 42/200 [03:37<13:48,  5.24s/it]
 22%|██▏       | 43/200 [03:42<14:00,  5.35s/it]
 22%|██▏       | 44/200 [03:47<13:30,  5.20s/it]
 22%|██▎       | 45/200 [03:52<13:14,  5.12s/it]
 23%|██▎       | 46/200 [03:57<12:51,  5.01s/it]
 24%|██▎       | 47/200 [04:02<12:47,  5.02s/it]
 24%|██▍       | 48/200 [04:07<13:01,  5.14s/it]
 24%|██▍       | 49/200 [04:12<12:47,  5.08s/it]
 25%|██▌       | 50/200 [04:17<12:30,  5.00s/it]
 26%|██▌       | 51/200 [04:22<12:22,  4.98s/it]
 26%|██▌       | 52/200 [04:27<12:13,  4.96s/it]
 26%|██▋       | 53/200 [04:32<12:05,  4.94s/it]
 27%|██▋       | 54/200 [04:37<12:15,  5.04s/it]
 28%|██▊       | 55/200 [04:42<11:59,  4.96s/it]
 28%|██▊       | 56/200 [04:46<11:37,  4.84s/it]
 28%|██▊       | 57/200 [04:51<11:33,  4.85s/it]
 29%|██▉       | 58/200 [04:56<11:35,  4.90s/it]
 30%|██▉       | 59/200 [05:01<11:31,  4.90s/it]
 30%|███       | 60/200 [05:06<11:16,  4.83s/it]
 30%|███       | 61/200 [05:10<11:07,  4.80s/it]
 31%|███       | 62/200 [05:16<11:18,  4.92s/it]
 32%|███▏      | 63/200 [05:21<11:18,  4.95s/it]
 32%|███▏      | 64/200 [05:25<10:54,  4.81s/it]
 32%|███▎      | 65/200 [05:30<11:01,  4.90s/it]
 33%|███▎      | 66/200 [05:35<10:47,  4.83s/it]
 34%|███▎      | 67/200 [05:40<10:59,  4.96s/it]
 34%|███▍      | 68/200 [05:46<11:14,  5.11s/it]
 34%|███▍      | 69/200 [05:52<11:39,  5.34s/it]
 35%|███▌      | 70/200 [05:57<11:27,  5.29s/it]
 36%|███▌      | 71/200 [06:01<11:00,  5.12s/it]
 36%|███▌      | 72/200 [06:06<10:41,  5.01s/it]
 36%|███▋      | 73/200 [06:11<10:39,  5.04s/it]
 37%|███▋      | 74/200 [06:16<10:25,  4.97s/it]
 38%|███▊      | 75/200 [06:21<10:27,  5.02s/it]
 38%|███▊      | 76/200 [06:26<10:20,  5.01s/it]
 38%|███▊      | 77/200 [06:31<10:08,  4.95s/it]
 39%|███▉      | 78/200 [06:36<10:08,  4.99s/it]
 40%|███▉      | 79/200 [06:41<10:16,  5.09s/it]
 40%|████      | 80/200 [06:47<10:17,  5.15s/it]
 40%|████      | 81/200 [06:52<10:02,  5.07s/it]
 41%|████      | 82/200 [06:57<09:54,  5.04s/it]
 42%|████▏     | 83/200 [07:02<09:50,  5.05s/it]
 42%|████▏     | 84/200 [07:07<09:52,  5.10s/it]
 42%|████▎     | 85/200 [07:12<09:43,  5.08s/it]
 43%|████▎     | 86/200 [07:17<09:32,  5.02s/it]
 44%|████▎     | 87/200 [07:22<09:39,  5.12s/it]
 44%|████▍     | 88/200 [07:28<10:00,  5.36s/it]
 44%|████▍     | 89/200 [07:33<09:39,  5.22s/it]
 45%|████▌     | 90/200 [07:38<09:21,  5.10s/it]
 46%|████▌     | 91/200 [07:43<09:12,  5.07s/it]
 46%|████▌     | 92/200 [07:48<09:01,  5.01s/it]
 46%|████▋     | 93/200 [07:53<08:54,  5.00s/it]
 47%|████▋     | 94/200 [07:58<08:52,  5.03s/it]
 48%|████▊     | 95/200 [08:03<08:58,  5.13s/it]
 48%|████▊     | 96/200 [08:08<08:52,  5.12s/it]
 48%|████▊     | 97/200 [08:13<08:45,  5.10s/it]
 49%|████▉     | 98/200 [08:18<08:27,  4.97s/it]
 50%|████▉     | 99/200 [08:23<08:20,  4.96s/it]
 50%|█████     | 100/200 [08:28<08:09,  4.90s/it]
 50%|█████     | 101/200 [08:33<08:20,  5.06s/it]
 51%|█████     | 102/200 [08:38<08:11,  5.01s/it]
 52%|█████▏    | 103/200 [08:43<08:06,  5.02s/it]
 52%|█████▏    | 104/200 [08:48<07:58,  4.98s/it]
 52%|█████▎    | 105/200 [08:53<07:55,  5.00s/it]
 53%|█████▎    | 106/200 [08:58<07:41,  4.90s/it]
 54%|█████▎    | 107/200 [09:03<07:52,  5.08s/it]
 54%|█████▍    | 108/200 [09:08<07:40,  5.00s/it]
 55%|█████▍    | 109/200 [09:13<07:28,  4.93s/it]
 55%|█████▌    | 110/200 [09:18<07:22,  4.92s/it]
 56%|█████▌    | 111/200 [09:22<07:16,  4.91s/it]
 56%|█████▌    | 112/200 [09:27<07:06,  4.85s/it]
 56%|█████▋    | 113/200 [09:32<07:01,  4.85s/it]
 57%|█████▋    | 114/200 [09:37<06:53,  4.81s/it]
 57%|█████▊    | 115/200 [09:41<06:45,  4.77s/it]
 58%|█████▊    | 116/200 [09:46<06:43,  4.80s/it]
 58%|█████▊    | 117/200 [09:51<06:46,  4.90s/it]
 59%|█████▉    | 118/200 [09:56<06:35,  4.82s/it]
 60%|█████▉    | 119/200 [10:01<06:41,  4.96s/it]
 60%|██████    | 120/200 [10:06<06:38,  4.98s/it]
 60%|██████    | 121/200 [10:11<06:35,  5.01s/it]
 61%|██████    | 122/200 [10:17<06:36,  5.08s/it]
 62%|██████▏   | 123/200 [10:22<06:30,  5.07s/it]
 62%|██████▏   | 124/200 [10:27<06:22,  5.04s/it]
 62%|██████▎   | 125/200 [10:32<06:20,  5.07s/it]
 63%|██████▎   | 126/200 [10:37<06:11,  5.02s/it]
 64%|██████▎   | 127/200 [10:42<06:09,  5.07s/it]
 64%|██████▍   | 128/200 [10:47<06:01,  5.02s/it]
 64%|██████▍   | 129/200 [10:52<05:52,  4.97s/it]
 65%|██████▌   | 130/200 [10:57<05:50,  5.00s/it]
 66%|██████▌   | 131/200 [11:03<06:05,  5.30s/it]
 66%|██████▌   | 132/200 [11:08<05:57,  5.26s/it]
 66%|██████▋   | 133/200 [11:13<05:49,  5.22s/it]
 67%|██████▋   | 134/200 [11:19<05:59,  5.44s/it]
 68%|██████▊   | 135/200 [11:24<05:45,  5.31s/it]
 68%|██████▊   | 136/200 [11:29<05:30,  5.17s/it]
 68%|██████▊   | 137/200 [11:34<05:22,  5.12s/it]
 69%|██████▉   | 138/200 [11:39<05:11,  5.03s/it]
 70%|██████▉   | 139/200 [11:44<05:05,  5.01s/it]
 70%|███████   | 140/200 [11:49<05:05,  5.10s/it]
 70%|███████   | 141/200 [11:54<04:58,  5.06s/it]
 71%|███████   | 142/200 [11:59<04:46,  4.94s/it]
 72%|███████▏  | 143/200 [12:04<04:48,  5.05s/it]
 72%|███████▏  | 144/200 [12:09<04:43,  5.06s/it]
 72%|███████▎  | 145/200 [12:14<04:34,  5.00s/it]
 73%|███████▎  | 146/200 [12:19<04:30,  5.00s/it]
 74%|███████▎  | 147/200 [12:24<04:22,  4.96s/it]
 74%|███████▍  | 148/200 [12:28<04:15,  4.91s/it]
 74%|███████▍  | 149/200 [12:34<04:18,  5.06s/it]
 75%|███████▌  | 150/200 [12:39<04:12,  5.05s/it]
 76%|███████▌  | 151/200 [12:44<04:11,  5.12s/it]
 76%|███████▌  | 152/200 [12:50<04:09,  5.21s/it]
 76%|███████▋  | 153/200 [12:55<04:04,  5.19s/it]
 77%|███████▋  | 154/200 [13:00<03:53,  5.07s/it]
 78%|███████▊  | 155/200 [13:05<03:53,  5.19s/it]
 78%|███████▊  | 156/200 [13:10<03:49,  5.22s/it]
 78%|███████▊  | 157/200 [13:15<03:40,  5.12s/it]
 79%|███████▉  | 158/200 [13:20<03:30,  5.02s/it]
 80%|███████▉  | 159/200 [13:25<03:29,  5.10s/it]
 80%|████████  | 160/200 [13:31<03:33,  5.33s/it]
 80%|████████  | 161/200 [13:36<03:23,  5.22s/it]
 81%|████████  | 162/200 [13:41<03:12,  5.08s/it]
 82%|████████▏ | 163/200 [13:46<03:07,  5.06s/it]
 82%|████████▏ | 164/200 [13:51<03:03,  5.10s/it]
 82%|████████▎ | 165/200 [13:57<03:04,  5.27s/it]
 83%|████████▎ | 166/200 [14:02<02:59,  5.29s/it]
 84%|████████▎ | 167/200 [14:07<02:56,  5.34s/it]
 84%|████████▍ | 168/200 [14:12<02:47,  5.22s/it]
 84%|████████▍ | 169/200 [14:17<02:35,  5.02s/it]
 85%|████████▌ | 170/200 [14:22<02:31,  5.06s/it]
 86%|████████▌ | 171/200 [14:27<02:25,  5.02s/it]
 86%|████████▌ | 172/200 [14:32<02:19,  4.99s/it]
 86%|████████▋ | 173/200 [14:37<02:15,  5.02s/it]
 87%|████████▋ | 174/200 [14:42<02:09,  4.98s/it]
 88%|████████▊ | 175/200 [14:47<02:04,  4.98s/it]
 88%|████████▊ | 176/200 [14:52<02:00,  5.01s/it]
 88%|████████▊ | 177/200 [14:57<01:57,  5.12s/it]
 89%|████████▉ | 178/200 [15:03<01:53,  5.16s/it]
 90%|████████▉ | 179/200 [15:07<01:46,  5.06s/it]
 90%|█████████ | 180/200 [15:13<01:41,  5.07s/it]
 90%|█████████ | 181/200 [15:18<01:36,  5.09s/it]
 91%|█████████ | 182/200 [15:23<01:31,  5.08s/it]
 92%|█████████▏| 183/200 [15:28<01:25,  5.05s/it]
 92%|█████████▏| 184/200 [15:33<01:22,  5.15s/it]
 92%|█████████▎| 185/200 [15:38<01:16,  5.09s/it]
 93%|█████████▎| 186/200 [15:43<01:11,  5.07s/it]
 94%|█████████▎| 187/200 [15:48<01:05,  5.04s/it]
 94%|█████████▍| 188/200 [15:53<00:59,  4.99s/it]
 94%|█████████▍| 189/200 [15:58<00:56,  5.09s/it]
 95%|█████████▌| 190/200 [16:03<00:49,  5.00s/it]
 96%|█████████▌| 191/200 [16:08<00:45,  5.01s/it]
 96%|█████████▌| 192/200 [16:13<00:40,  5.12s/it]
 96%|█████████▋| 193/200 [16:19<00:36,  5.20s/it]
 97%|█████████▋| 194/200 [16:24<00:30,  5.12s/it]
 98%|█████████▊| 195/200 [16:29<00:25,  5.05s/it]
 98%|█████████▊| 196/200 [16:34<00:20,  5.10s/it]
 98%|█████████▊| 197/200 [16:39<00:15,  5.05s/it]
 99%|█████████▉| 198/200 [16:44<00:09,  4.99s/it]
100%|█████████▉| 199/200 [16:49<00:04,  4.99s/it]
100%|██████████| 200/200 [16:54<00:00,  5.01s/it]
                                                 
0
1
2
3
4
5
6
7
8
9
10
11
12
13
14
15
16
17
18
19
20
21
22
23
24
25
26
27
28
29
30
31
32
33
34
35
36
37
38
39
40
41
42
43
44
45
46
47
48
49
50
51
52
53
54
55
56
57
58
59
60
61
62
63
64
65
66
67
68
69
70
71
72
73
74
75
76
77
78
79
80
81
82
83
84
85
86
87
88
89
90
91
92
93
94
95
96
97
98
99
100
101
102
103
104
105
106
107
108
109
110
111
112
113
114
115
116
117
118
119
120
121
122
123
124
125
126
127
128
129
130
131
132
133
134
135
136
137
138
139
140
141
142
143
144
145
146
147
148
149
150
151
152
153
154
155
156
157
158
159
160
161
162
163
164
165
166
167
168
169
170
171
172
173
174
175
176
177
178
179
180
181
182
183
184
185
186
187
188
189
190
191
192
193
194
195
196
197
198
199
