 
Files to read: ['../pilot-cpjump1-data/profiles/2020_11_04_CPJUMP1/BR00116995/BR00116995_normalized_feature_select_negcon.csv.gz']
Files to read: ['../pilot-cpjump1-data/profiles/2020_11_04_CPJUMP1/BR00117024/BR00117024_normalized_feature_select_negcon.csv.gz']
Files to read: ['../pilot-cpjump1-data/profiles/2020_11_04_CPJUMP1/BR00117025/BR00117025_normalized_feature_select_negcon.csv.gz']
Files to read: ['../pilot-cpjump1-data/profiles/2020_11_04_CPJUMP1/BR00117026/BR00117026_normalized_feature_select_negcon.csv.gz']
Files to read: ['../pilot-cpjump1-data/profiles/2020_11_04_CPJUMP1/BR00116997/BR00116997_normalized_feature_select_negcon.csv.gz']
Files to read: ['../pilot-cpjump1-data/profiles/2020_11_04_CPJUMP1/BR00116998/BR00116998_normalized_feature_select_negcon.csv.gz']
Files to read: ['../pilot-cpjump1-data/profiles/2020_11_04_CPJUMP1/BR00116999/BR00116999_normalized_feature_select_negcon.csv.gz']
Files to read: ['../pilot-cpjump1-data/profiles/2020_11_04_CPJUMP1/BR00116996/BR00116996_normalized_feature_select_negcon.csv.gz']
Files to read: ['../pilot-cpjump1-data/profiles/2020_11_04_CPJUMP1/BR00117022/BR00117022_normalized_feature_select_negcon.csv.gz']
Files to read: ['../pilot-cpjump1-data/profiles/2020_11_04_CPJUMP1/BR00117023/BR00117023_normalized_feature_select_negcon.csv.gz']

  0%|          | 0/200 [00:00<?, ?it/s]
  0%|          | 1/200 [00:08<27:55,  8.42s/it]
  1%|          | 2/200 [00:13<22:02,  6.68s/it]
  2%|▏         | 3/200 [00:19<19:37,  5.98s/it]
  2%|▏         | 4/200 [00:24<18:20,  5.62s/it]
  2%|▎         | 5/200 [00:29<17:34,  5.41s/it]
  3%|▎         | 6/200 [00:34<17:56,  5.55s/it]
  4%|▎         | 7/200 [00:40<17:53,  5.56s/it]
  4%|▍         | 8/200 [00:46<18:05,  5.66s/it]
  4%|▍         | 9/200 [00:52<18:18,  5.75s/it]
  5%|▌         | 10/200 [00:57<17:53,  5.65s/it]
  6%|▌         | 11/200 [01:03<17:25,  5.53s/it]
  6%|▌         | 12/200 [01:08<17:08,  5.47s/it]
  6%|▋         | 13/200 [01:13<17:10,  5.51s/it]
  7%|▋         | 14/200 [01:19<17:04,  5.51s/it]
  8%|▊         | 15/200 [01:24<16:54,  5.48s/it]
  8%|▊         | 16/200 [01:30<16:37,  5.42s/it]
  8%|▊         | 17/200 [01:35<16:13,  5.32s/it]
  9%|▉         | 18/200 [01:40<15:49,  5.22s/it]
 10%|▉         | 19/200 [01:45<15:35,  5.17s/it]
 10%|█         | 20/200 [01:50<15:42,  5.24s/it]
 10%|█         | 21/200 [01:55<15:34,  5.22s/it]
 11%|█         | 22/200 [02:01<15:41,  5.29s/it]
 12%|█▏        | 23/200 [02:07<15:57,  5.41s/it]
 12%|█▏        | 24/200 [02:11<15:28,  5.27s/it]
 12%|█▎        | 25/200 [02:17<15:22,  5.27s/it]
 13%|█▎        | 26/200 [02:22<15:04,  5.20s/it]
 14%|█▎        | 27/200 [02:27<15:07,  5.24s/it]
 14%|█▍        | 28/200 [02:33<15:20,  5.35s/it]
 14%|█▍        | 29/200 [02:38<14:50,  5.21s/it]
 15%|█▌        | 30/200 [02:42<14:28,  5.11s/it]
 16%|█▌        | 31/200 [02:47<14:14,  5.06s/it]
 16%|█▌        | 32/200 [02:53<14:20,  5.12s/it]
 16%|█▋        | 33/200 [02:58<14:47,  5.32s/it]
 17%|█▋        | 34/200 [03:04<14:47,  5.35s/it]
 18%|█▊        | 35/200 [03:09<14:21,  5.22s/it]
 18%|█▊        | 36/200 [03:14<13:54,  5.09s/it]
 18%|█▊        | 37/200 [03:18<13:38,  5.02s/it]
 19%|█▉        | 38/200 [03:24<13:46,  5.10s/it]
 20%|█▉        | 39/200 [03:29<13:29,  5.03s/it]
 20%|██        | 40/200 [03:34<13:58,  5.24s/it]
 20%|██        | 41/200 [03:39<13:43,  5.18s/it]
 21%|██        | 42/200 [03:44<13:34,  5.16s/it]
 22%|██▏       | 43/200 [03:49<13:21,  5.11s/it]
 22%|██▏       | 44/200 [03:55<13:18,  5.12s/it]
 22%|██▎       | 45/200 [04:00<13:41,  5.30s/it]
 23%|██▎       | 46/200 [04:06<13:32,  5.28s/it]
 24%|██▎       | 47/200 [04:11<13:23,  5.25s/it]
 24%|██▍       | 48/200 [04:16<13:14,  5.23s/it]
 24%|██▍       | 49/200 [04:21<12:59,  5.16s/it]
 25%|██▌       | 50/200 [04:26<12:56,  5.17s/it]
 26%|██▌       | 51/200 [04:31<12:40,  5.11s/it]
 26%|██▌       | 52/200 [04:36<12:38,  5.13s/it]
 26%|██▋       | 53/200 [04:42<12:45,  5.20s/it]
 27%|██▋       | 54/200 [04:47<12:33,  5.16s/it]
 28%|██▊       | 55/200 [04:53<13:05,  5.42s/it]
 28%|██▊       | 56/200 [04:57<12:31,  5.22s/it]
 28%|██▊       | 57/200 [05:03<12:20,  5.18s/it]
 29%|██▉       | 58/200 [05:08<12:28,  5.27s/it]
 30%|██▉       | 59/200 [05:13<12:16,  5.22s/it]
 30%|███       | 60/200 [05:18<12:01,  5.15s/it]
 30%|███       | 61/200 [05:23<11:59,  5.18s/it]
 31%|███       | 62/200 [05:28<11:50,  5.15s/it]
 32%|███▏      | 63/200 [05:34<11:45,  5.15s/it]
 32%|███▏      | 64/200 [05:39<11:41,  5.16s/it]
 32%|███▎      | 65/200 [05:44<11:44,  5.22s/it]
 33%|███▎      | 66/200 [05:49<11:24,  5.11s/it]
 34%|███▎      | 67/200 [05:55<11:39,  5.26s/it]
 34%|███▍      | 68/200 [06:01<12:02,  5.48s/it]
 34%|███▍      | 69/200 [06:06<12:11,  5.59s/it]
 35%|███▌      | 70/200 [06:12<11:47,  5.45s/it]
 36%|███▌      | 71/200 [06:17<11:54,  5.53s/it]
 36%|███▌      | 72/200 [06:22<11:12,  5.25s/it]
 36%|███▋      | 73/200 [06:27<11:02,  5.22s/it]
 37%|███▋      | 74/200 [06:32<11:05,  5.29s/it]
 38%|███▊      | 75/200 [06:38<11:01,  5.29s/it]
 38%|███▊      | 76/200 [06:43<10:45,  5.21s/it]
 38%|███▊      | 77/200 [06:48<10:42,  5.22s/it]
 39%|███▉      | 78/200 [06:53<10:32,  5.18s/it]
 40%|███▉      | 79/200 [06:58<10:27,  5.19s/it]
 40%|████      | 80/200 [07:04<10:47,  5.40s/it]
 40%|████      | 81/200 [07:09<10:26,  5.26s/it]
 41%|████      | 82/200 [07:14<10:01,  5.10s/it]
 42%|████▏     | 83/200 [07:20<10:17,  5.28s/it]
 42%|████▏     | 84/200 [07:25<10:11,  5.27s/it]
 42%|████▎     | 85/200 [07:31<10:35,  5.53s/it]
 43%|████▎     | 86/200 [07:36<10:26,  5.50s/it]
 44%|████▎     | 87/200 [07:42<10:14,  5.43s/it]
 44%|████▍     | 88/200 [07:47<10:01,  5.37s/it]
 44%|████▍     | 89/200 [07:52<09:49,  5.31s/it]
 45%|████▌     | 90/200 [07:57<09:29,  5.18s/it]
 46%|████▌     | 91/200 [08:02<09:20,  5.14s/it]
 46%|████▌     | 92/200 [08:07<09:10,  5.10s/it]
 46%|████▋     | 93/200 [08:12<09:06,  5.10s/it]
 47%|████▋     | 94/200 [08:17<09:00,  5.10s/it]
 48%|████▊     | 95/200 [08:23<09:09,  5.23s/it]
 48%|████▊     | 96/200 [08:29<09:37,  5.55s/it]
 48%|████▊     | 97/200 [08:35<09:41,  5.65s/it]
 49%|████▉     | 98/200 [08:41<09:38,  5.68s/it]
 50%|████▉     | 99/200 [08:46<09:18,  5.53s/it]
 50%|█████     | 100/200 [08:52<09:17,  5.57s/it]
 50%|█████     | 101/200 [08:57<09:04,  5.50s/it]
 51%|█████     | 102/200 [09:02<08:45,  5.36s/it]
 52%|█████▏    | 103/200 [09:07<08:39,  5.36s/it]
 52%|█████▏    | 104/200 [09:12<08:31,  5.32s/it]
 52%|█████▎    | 105/200 [09:18<08:19,  5.26s/it]
 53%|█████▎    | 106/200 [09:23<08:05,  5.16s/it]
 54%|█████▎    | 107/200 [09:28<08:10,  5.27s/it]
 54%|█████▍    | 108/200 [09:33<08:03,  5.26s/it]
 55%|█████▍    | 109/200 [09:38<07:52,  5.20s/it]
 55%|█████▌    | 110/200 [09:43<07:31,  5.02s/it]
 56%|█████▌    | 111/200 [09:48<07:24,  4.99s/it]
 56%|█████▌    | 112/200 [09:53<07:26,  5.07s/it]
 56%|█████▋    | 113/200 [09:59<07:33,  5.22s/it]
 57%|█████▋    | 114/200 [10:03<07:15,  5.07s/it]
 57%|█████▊    | 115/200 [10:09<07:12,  5.09s/it]
 58%|█████▊    | 116/200 [10:13<07:00,  5.01s/it]
 58%|█████▊    | 117/200 [10:18<06:58,  5.05s/it]
 59%|█████▉    | 118/200 [10:24<06:54,  5.06s/it]
 60%|█████▉    | 119/200 [10:29<06:50,  5.07s/it]
 60%|██████    | 120/200 [10:34<06:48,  5.10s/it]
 60%|██████    | 121/200 [10:39<06:44,  5.12s/it]
 61%|██████    | 122/200 [10:44<06:38,  5.11s/it]
 62%|██████▏   | 123/200 [10:50<06:44,  5.26s/it]
 62%|██████▏   | 124/200 [10:55<06:37,  5.23s/it]
 62%|██████▎   | 125/200 [11:00<06:25,  5.13s/it]
 63%|██████▎   | 126/200 [11:05<06:32,  5.30s/it]
 64%|██████▎   | 127/200 [11:10<06:12,  5.11s/it]
 64%|██████▍   | 128/200 [11:16<06:24,  5.34s/it]
 64%|██████▍   | 129/200 [11:21<06:05,  5.15s/it]
 65%|██████▌   | 130/200 [11:25<05:52,  5.03s/it]
 66%|██████▌   | 131/200 [11:31<05:59,  5.21s/it]
 66%|██████▌   | 132/200 [11:36<05:55,  5.23s/it]
 66%|██████▋   | 133/200 [11:41<05:47,  5.19s/it]
 67%|██████▋   | 134/200 [11:47<05:40,  5.16s/it]
 68%|██████▊   | 135/200 [11:52<05:36,  5.17s/it]
 68%|██████▊   | 136/200 [11:57<05:25,  5.09s/it]
 68%|██████▊   | 137/200 [12:02<05:19,  5.06s/it]
 69%|██████▉   | 138/200 [12:06<05:08,  4.97s/it]
 70%|██████▉   | 139/200 [12:12<05:09,  5.07s/it]
 70%|███████   | 140/200 [12:17<05:04,  5.08s/it]
 70%|███████   | 141/200 [12:22<05:00,  5.09s/it]
 71%|███████   | 142/200 [12:27<05:00,  5.17s/it]
 72%|███████▏  | 143/200 [12:32<04:50,  5.10s/it]
 72%|███████▏  | 144/200 [12:37<04:48,  5.14s/it]
 72%|███████▎  | 145/200 [12:43<04:44,  5.18s/it]
 73%|███████▎  | 146/200 [12:48<04:35,  5.10s/it]
 74%|███████▎  | 147/200 [12:53<04:28,  5.06s/it]
 74%|███████▍  | 148/200 [12:58<04:25,  5.11s/it]
 74%|███████▍  | 149/200 [13:03<04:28,  5.27s/it]
 75%|███████▌  | 150/200 [13:09<04:26,  5.33s/it]
 76%|███████▌  | 151/200 [13:14<04:17,  5.25s/it]
 76%|███████▌  | 152/200 [13:20<04:16,  5.35s/it]
 76%|███████▋  | 153/200 [13:25<04:12,  5.38s/it]
 77%|███████▋  | 154/200 [13:30<04:01,  5.25s/it]
 78%|███████▊  | 155/200 [13:36<04:01,  5.36s/it]
 78%|███████▊  | 156/200 [13:41<04:00,  5.47s/it]
 78%|███████▊  | 157/200 [13:47<03:55,  5.49s/it]
 79%|███████▉  | 158/200 [13:52<03:45,  5.37s/it]
 80%|███████▉  | 159/200 [13:57<03:35,  5.25s/it]
 80%|████████  | 160/200 [14:02<03:26,  5.16s/it]
 80%|████████  | 161/200 [14:07<03:19,  5.11s/it]
 81%|████████  | 162/200 [14:12<03:13,  5.09s/it]
 82%|████████▏ | 163/200 [14:18<03:14,  5.26s/it]
 82%|████████▏ | 164/200 [14:23<03:07,  5.21s/it]
 82%|████████▎ | 165/200 [14:28<03:02,  5.20s/it]
 83%|████████▎ | 166/200 [14:33<02:55,  5.17s/it]
 84%|████████▎ | 167/200 [14:38<02:50,  5.17s/it]
 84%|████████▍ | 168/200 [14:44<02:52,  5.40s/it]
 84%|████████▍ | 169/200 [14:50<02:49,  5.47s/it]
 85%|████████▌ | 170/200 [14:55<02:39,  5.32s/it]
 86%|████████▌ | 171/200 [15:00<02:31,  5.24s/it]
 86%|████████▌ | 172/200 [15:05<02:28,  5.31s/it]
 86%|████████▋ | 173/200 [15:11<02:26,  5.44s/it]
 87%|████████▋ | 174/200 [15:16<02:18,  5.33s/it]
 88%|████████▊ | 175/200 [15:21<02:11,  5.25s/it]
 88%|████████▊ | 176/200 [15:26<02:04,  5.21s/it]
 88%|████████▊ | 177/200 [15:31<01:58,  5.15s/it]
 89%|████████▉ | 178/200 [15:36<01:52,  5.11s/it]
 90%|████████▉ | 179/200 [15:42<01:48,  5.19s/it]
 90%|█████████ | 180/200 [15:47<01:42,  5.14s/it]
 90%|█████████ | 181/200 [15:52<01:37,  5.14s/it]
 91%|█████████ | 182/200 [15:57<01:33,  5.17s/it]
 92%|█████████▏| 183/200 [16:03<01:29,  5.28s/it]
 92%|█████████▏| 184/200 [16:08<01:26,  5.39s/it]
 92%|█████████▎| 185/200 [16:14<01:23,  5.58s/it]
 93%|█████████▎| 186/200 [16:19<01:16,  5.47s/it]
 94%|█████████▎| 187/200 [16:25<01:10,  5.40s/it]
 94%|█████████▍| 188/200 [16:30<01:04,  5.37s/it]
 94%|█████████▍| 189/200 [16:35<00:58,  5.30s/it]
 95%|█████████▌| 190/200 [16:40<00:51,  5.18s/it]
 96%|█████████▌| 191/200 [16:46<00:48,  5.41s/it]
 96%|█████████▌| 192/200 [16:51<00:42,  5.26s/it]
 96%|█████████▋| 193/200 [16:56<00:36,  5.24s/it]
 97%|█████████▋| 194/200 [17:01<00:30,  5.12s/it]
 98%|█████████▊| 195/200 [17:06<00:25,  5.05s/it]
 98%|█████████▊| 196/200 [17:11<00:19,  4.97s/it]
 98%|█████████▊| 197/200 [17:16<00:15,  5.04s/it]
 99%|█████████▉| 198/200 [17:21<00:10,  5.00s/it]
100%|█████████▉| 199/200 [17:27<00:05,  5.41s/it]
100%|██████████| 200/200 [17:32<00:00,  5.36s/it]
                                                 
0
1
2
3
4
5
6
7
8
9
10
11
12
13
14
15
16
17
18
19
20
21
22
23
24
25
26
27
28
29
30
31
32
33
34
35
36
37
38
39
40
41
42
43
44
45
46
47
48
49
50
51
52
53
54
55
56
57
58
59
60
61
62
63
64
65
66
67
68
69
70
71
72
73
74
75
76
77
78
79
80
81
82
83
84
85
86
87
88
89
90
91
92
93
94
95
96
97
98
99
100
101
102
103
104
105
106
107
108
109
110
111
112
113
114
115
116
117
118
119
120
121
122
123
124
125
126
127
128
129
130
131
132
133
134
135
136
137
138
139
140
141
142
143
144
145
146
147
148
149
150
151
152
153
154
155
156
157
158
159
160
161
162
163
164
165
166
167
168
169
170
171
172
173
174
175
176
177
178
179
180
181
182
183
184
185
186
187
188
189
190
191
192
193
194
195
196
197
198
199
