 
Files to read: ['../pilot-cpjump1-data/profiles/2020_11_04_CPJUMP1/BR00116995/BR00116995_normalized_feature_select_negcon.csv.gz']
Files to read: ['../pilot-cpjump1-data/profiles/2020_11_04_CPJUMP1/BR00117024/BR00117024_normalized_feature_select_negcon.csv.gz']
Files to read: ['../pilot-cpjump1-data/profiles/2020_11_04_CPJUMP1/BR00117025/BR00117025_normalized_feature_select_negcon.csv.gz']
Files to read: ['../pilot-cpjump1-data/profiles/2020_11_04_CPJUMP1/BR00117026/BR00117026_normalized_feature_select_negcon.csv.gz']
Files to read: ['../pilot-cpjump1-data/profiles/2020_11_04_CPJUMP1/BR00116997/BR00116997_normalized_feature_select_negcon.csv.gz']
Files to read: ['../pilot-cpjump1-data/profiles/2020_11_04_CPJUMP1/BR00116998/BR00116998_normalized_feature_select_negcon.csv.gz']
Files to read: ['../pilot-cpjump1-data/profiles/2020_11_04_CPJUMP1/BR00116999/BR00116999_normalized_feature_select_negcon.csv.gz']
Files to read: ['../pilot-cpjump1-data/profiles/2020_11_04_CPJUMP1/BR00116996/BR00116996_normalized_feature_select_negcon.csv.gz']
Files to read: ['../pilot-cpjump1-data/profiles/2020_11_04_CPJUMP1/BR00117022/BR00117022_normalized_feature_select_negcon.csv.gz']
Files to read: ['../pilot-cpjump1-data/profiles/2020_11_04_CPJUMP1/BR00117023/BR00117023_normalized_feature_select_negcon.csv.gz']

  0%|          | 0/200 [00:00<?, ?it/s]
  0%|          | 1/200 [00:07<25:15,  7.62s/it]
  1%|          | 2/200 [00:12<19:57,  6.05s/it]
  2%|▏         | 3/200 [00:17<18:05,  5.51s/it]
  2%|▏         | 4/200 [00:22<17:30,  5.36s/it]
  2%|▎         | 5/200 [00:27<16:54,  5.20s/it]
  3%|▎         | 6/200 [00:32<16:33,  5.12s/it]
  4%|▎         | 7/200 [00:37<15:57,  4.96s/it]
  4%|▍         | 8/200 [00:41<15:13,  4.76s/it]
  4%|▍         | 9/200 [00:46<15:33,  4.88s/it]
  5%|▌         | 10/200 [00:51<15:37,  4.94s/it]
  6%|▌         | 11/200 [00:56<15:55,  5.06s/it]
  6%|▌         | 12/200 [01:01<15:37,  4.99s/it]
  6%|▋         | 13/200 [01:06<15:26,  4.95s/it]
  7%|▋         | 14/200 [01:11<15:20,  4.95s/it]
  8%|▊         | 15/200 [01:16<15:27,  5.02s/it]
  8%|▊         | 16/200 [01:21<15:24,  5.02s/it]
  8%|▊         | 17/200 [01:26<15:20,  5.03s/it]
  9%|▉         | 18/200 [01:32<15:33,  5.13s/it]
 10%|▉         | 19/200 [01:37<15:29,  5.14s/it]
 10%|█         | 20/200 [01:42<15:07,  5.04s/it]
 10%|█         | 21/200 [01:47<14:58,  5.02s/it]
 11%|█         | 22/200 [01:52<15:14,  5.14s/it]
 12%|█▏        | 23/200 [01:57<15:21,  5.20s/it]
 12%|█▏        | 24/200 [02:03<15:11,  5.18s/it]
 12%|█▎        | 25/200 [02:08<15:00,  5.14s/it]
 13%|█▎        | 26/200 [02:13<14:56,  5.15s/it]
 14%|█▎        | 27/200 [02:18<14:44,  5.11s/it]
 14%|█▍        | 28/200 [02:23<14:33,  5.08s/it]
 14%|█▍        | 29/200 [02:28<14:22,  5.04s/it]
 15%|█▌        | 30/200 [02:33<14:15,  5.03s/it]
 16%|█▌        | 31/200 [02:38<14:10,  5.03s/it]
 16%|█▌        | 32/200 [02:43<14:23,  5.14s/it]
 16%|█▋        | 33/200 [02:49<14:51,  5.34s/it]
 17%|█▋        | 34/200 [02:55<15:11,  5.49s/it]
 18%|█▊        | 35/200 [03:01<15:39,  5.69s/it]
 18%|█▊        | 36/200 [03:07<15:31,  5.68s/it]
 18%|█▊        | 37/200 [03:12<15:07,  5.57s/it]
 19%|█▉        | 38/200 [03:17<14:51,  5.50s/it]
 20%|█▉        | 39/200 [03:23<14:31,  5.42s/it]
 20%|██        | 40/200 [03:28<14:11,  5.32s/it]
 20%|██        | 41/200 [03:33<13:51,  5.23s/it]
 21%|██        | 42/200 [03:38<13:46,  5.23s/it]
 22%|██▏       | 43/200 [03:43<13:28,  5.15s/it]
 22%|██▏       | 44/200 [03:48<13:14,  5.09s/it]
 22%|██▎       | 45/200 [03:53<13:06,  5.08s/it]
 23%|██▎       | 46/200 [03:58<13:03,  5.09s/it]
 24%|██▎       | 47/200 [04:03<13:15,  5.20s/it]
 24%|██▍       | 48/200 [04:08<12:54,  5.09s/it]
 24%|██▍       | 49/200 [04:13<12:43,  5.06s/it]
 25%|██▌       | 50/200 [04:18<12:43,  5.09s/it]
 26%|██▌       | 51/200 [04:24<12:56,  5.21s/it]
 26%|██▌       | 52/200 [04:29<13:06,  5.32s/it]
 26%|██▋       | 53/200 [04:35<13:09,  5.37s/it]
 27%|██▋       | 54/200 [04:40<12:59,  5.34s/it]
 28%|██▊       | 55/200 [04:46<13:06,  5.42s/it]
 28%|██▊       | 56/200 [04:51<12:45,  5.32s/it]
 28%|██▊       | 57/200 [04:56<12:24,  5.21s/it]
 29%|██▉       | 58/200 [05:01<12:18,  5.20s/it]
 30%|██▉       | 59/200 [05:07<12:35,  5.36s/it]
 30%|███       | 60/200 [05:12<12:11,  5.22s/it]
 30%|███       | 61/200 [05:17<11:59,  5.17s/it]
 31%|███       | 62/200 [05:22<11:45,  5.11s/it]
 32%|███▏      | 63/200 [05:27<11:44,  5.15s/it]
 32%|███▏      | 64/200 [05:32<11:47,  5.20s/it]
 32%|███▎      | 65/200 [05:38<11:47,  5.24s/it]
 33%|███▎      | 66/200 [05:43<11:46,  5.27s/it]
 34%|███▎      | 67/200 [05:49<11:54,  5.37s/it]
 34%|███▍      | 68/200 [05:54<11:48,  5.37s/it]
 34%|███▍      | 69/200 [05:59<11:39,  5.34s/it]
 35%|███▌      | 70/200 [06:04<11:11,  5.17s/it]
 36%|███▌      | 71/200 [06:09<10:51,  5.05s/it]
 36%|███▌      | 72/200 [06:14<10:42,  5.02s/it]
 36%|███▋      | 73/200 [06:19<10:42,  5.06s/it]
 37%|███▋      | 74/200 [06:24<10:41,  5.09s/it]
 38%|███▊      | 75/200 [06:29<10:31,  5.05s/it]
 38%|███▊      | 76/200 [06:34<10:15,  4.96s/it]
 38%|███▊      | 77/200 [06:39<10:39,  5.20s/it]
 39%|███▉      | 78/200 [06:45<10:30,  5.17s/it]
 40%|███▉      | 79/200 [06:50<10:18,  5.11s/it]
 40%|████      | 80/200 [06:55<10:09,  5.08s/it]
 40%|████      | 81/200 [06:59<10:00,  5.04s/it]
 41%|████      | 82/200 [07:04<09:47,  4.97s/it]
 42%|████▏     | 83/200 [07:09<09:48,  5.03s/it]
 42%|████▏     | 84/200 [07:15<09:55,  5.14s/it]
 42%|████▎     | 85/200 [07:20<10:03,  5.25s/it]
 43%|████▎     | 86/200 [07:25<09:43,  5.12s/it]
 44%|████▎     | 87/200 [07:30<09:38,  5.12s/it]
 44%|████▍     | 88/200 [07:35<09:31,  5.10s/it]
 44%|████▍     | 89/200 [07:41<09:40,  5.23s/it]
 45%|████▌     | 90/200 [07:46<09:25,  5.14s/it]
 46%|████▌     | 91/200 [07:50<09:02,  4.97s/it]
 46%|████▌     | 92/200 [07:55<08:53,  4.94s/it]
 46%|████▋     | 93/200 [08:00<08:47,  4.93s/it]
 47%|████▋     | 94/200 [08:05<08:36,  4.87s/it]
 48%|████▊     | 95/200 [08:10<08:36,  4.92s/it]
 48%|████▊     | 96/200 [08:15<08:45,  5.05s/it]
 48%|████▊     | 97/200 [08:20<08:34,  4.99s/it]
 49%|████▉     | 98/200 [08:25<08:30,  5.01s/it]
 50%|████▉     | 99/200 [08:30<08:22,  4.98s/it]
 50%|█████     | 100/200 [08:35<08:08,  4.88s/it]
 50%|█████     | 101/200 [08:40<08:03,  4.88s/it]
 51%|█████     | 102/200 [08:44<07:57,  4.88s/it]
 52%|█████▏    | 103/200 [08:50<07:57,  4.92s/it]
 52%|█████▏    | 104/200 [08:54<07:53,  4.94s/it]
 52%|█████▎    | 105/200 [08:59<07:43,  4.88s/it]
 53%|█████▎    | 106/200 [09:04<07:45,  4.96s/it]
 54%|█████▎    | 107/200 [09:09<07:45,  5.01s/it]
 54%|█████▍    | 108/200 [09:14<07:35,  4.96s/it]
 55%|█████▍    | 109/200 [09:19<07:28,  4.93s/it]
 55%|█████▌    | 110/200 [09:24<07:25,  4.95s/it]
 56%|█████▌    | 111/200 [09:30<07:33,  5.09s/it]
 56%|█████▌    | 112/200 [09:35<07:26,  5.08s/it]
 56%|█████▋    | 113/200 [09:40<07:36,  5.25s/it]
 57%|█████▋    | 114/200 [09:46<07:50,  5.48s/it]
 57%|█████▊    | 115/200 [09:52<07:58,  5.63s/it]
 58%|█████▊    | 116/200 [09:57<07:41,  5.49s/it]
 58%|█████▊    | 117/200 [10:02<07:20,  5.30s/it]
 59%|█████▉    | 118/200 [10:07<07:04,  5.18s/it]
 60%|█████▉    | 119/200 [10:12<06:52,  5.10s/it]
 60%|██████    | 120/200 [10:17<06:45,  5.07s/it]
 60%|██████    | 121/200 [10:22<06:39,  5.05s/it]
 61%|██████    | 122/200 [10:27<06:37,  5.09s/it]
 62%|██████▏   | 123/200 [10:33<06:34,  5.13s/it]
 62%|██████▏   | 124/200 [10:38<06:25,  5.08s/it]
 62%|██████▎   | 125/200 [10:43<06:26,  5.16s/it]
 63%|██████▎   | 126/200 [10:47<06:09,  4.99s/it]
 64%|██████▎   | 127/200 [10:52<05:58,  4.91s/it]
 64%|██████▍   | 128/200 [10:57<05:58,  4.98s/it]
 64%|██████▍   | 129/200 [11:03<05:58,  5.05s/it]
 65%|██████▌   | 130/200 [11:07<05:46,  4.95s/it]
 66%|██████▌   | 131/200 [11:12<05:44,  4.99s/it]
 66%|██████▌   | 132/200 [11:17<05:36,  4.95s/it]
 66%|██████▋   | 133/200 [11:22<05:28,  4.90s/it]
 67%|██████▋   | 134/200 [11:28<05:39,  5.14s/it]
 68%|██████▊   | 135/200 [11:33<05:42,  5.28s/it]
 68%|██████▊   | 136/200 [11:38<05:33,  5.21s/it]
 68%|██████▊   | 137/200 [11:43<05:26,  5.18s/it]
 69%|██████▉   | 138/200 [11:48<05:15,  5.09s/it]
 70%|██████▉   | 139/200 [11:53<05:10,  5.09s/it]
 70%|███████   | 140/200 [11:59<05:06,  5.12s/it]
 70%|███████   | 141/200 [12:05<05:15,  5.35s/it]
 71%|███████   | 142/200 [12:10<05:05,  5.27s/it]
 72%|███████▏  | 143/200 [12:15<04:59,  5.25s/it]
 72%|███████▏  | 144/200 [12:20<04:48,  5.15s/it]
 72%|███████▎  | 145/200 [12:25<04:43,  5.15s/it]
 73%|███████▎  | 146/200 [12:30<04:45,  5.29s/it]
 74%|███████▎  | 147/200 [12:36<04:39,  5.27s/it]
 74%|███████▍  | 148/200 [12:41<04:41,  5.41s/it]
 74%|███████▍  | 149/200 [12:47<04:36,  5.43s/it]
 75%|███████▌  | 150/200 [12:53<04:39,  5.58s/it]
 76%|███████▌  | 151/200 [12:59<04:40,  5.73s/it]
 76%|███████▌  | 152/200 [13:04<04:25,  5.54s/it]
 76%|███████▋  | 153/200 [13:09<04:14,  5.42s/it]
 77%|███████▋  | 154/200 [13:14<04:02,  5.26s/it]
 78%|███████▊  | 155/200 [13:19<03:54,  5.22s/it]
 78%|███████▊  | 156/200 [13:25<03:55,  5.35s/it]
 78%|███████▊  | 157/200 [13:30<03:47,  5.29s/it]
 79%|███████▉  | 158/200 [13:35<03:35,  5.12s/it]
 80%|███████▉  | 159/200 [13:40<03:25,  5.02s/it]
 80%|████████  | 160/200 [13:45<03:23,  5.10s/it]
 80%|████████  | 161/200 [13:50<03:20,  5.14s/it]
 81%|████████  | 162/200 [13:55<03:11,  5.03s/it]
 82%|████████▏ | 163/200 [14:00<03:03,  4.95s/it]
 82%|████████▏ | 164/200 [14:05<03:01,  5.04s/it]
 82%|████████▎ | 165/200 [14:10<02:59,  5.12s/it]
 83%|████████▎ | 166/200 [14:15<02:53,  5.11s/it]
 84%|████████▎ | 167/200 [14:20<02:48,  5.12s/it]
 84%|████████▍ | 168/200 [14:25<02:38,  4.96s/it]
 84%|████████▍ | 169/200 [14:31<02:43,  5.26s/it]
 85%|████████▌ | 170/200 [14:36<02:37,  5.25s/it]
 86%|████████▌ | 171/200 [14:41<02:32,  5.26s/it]
 86%|████████▌ | 172/200 [14:47<02:27,  5.27s/it]
 86%|████████▋ | 173/200 [14:52<02:19,  5.17s/it]
 87%|████████▋ | 174/200 [14:57<02:12,  5.09s/it]
 88%|████████▊ | 175/200 [15:02<02:07,  5.10s/it]
 88%|████████▊ | 176/200 [15:07<02:00,  5.03s/it]
 88%|████████▊ | 177/200 [15:12<01:56,  5.06s/it]
 89%|████████▉ | 178/200 [15:17<01:51,  5.06s/it]
 90%|████████▉ | 179/200 [15:22<01:49,  5.21s/it]
 90%|█████████ | 180/200 [15:27<01:44,  5.20s/it]
 90%|█████████ | 181/200 [15:33<01:38,  5.16s/it]
 91%|█████████ | 182/200 [15:38<01:34,  5.23s/it]
 92%|█████████▏| 183/200 [15:44<01:31,  5.39s/it]
 92%|█████████▏| 184/200 [15:49<01:24,  5.27s/it]
 92%|█████████▎| 185/200 [15:54<01:18,  5.24s/it]
 93%|█████████▎| 186/200 [15:59<01:11,  5.14s/it]
 94%|█████████▎| 187/200 [16:04<01:05,  5.08s/it]
 94%|█████████▍| 188/200 [16:09<01:00,  5.04s/it]
 94%|█████████▍| 189/200 [16:14<00:55,  5.03s/it]
 95%|█████████▌| 190/200 [16:19<00:50,  5.00s/it]
 96%|█████████▌| 191/200 [16:24<00:45,  5.00s/it]
 96%|█████████▌| 192/200 [16:30<00:42,  5.30s/it]
 96%|█████████▋| 193/200 [16:35<00:38,  5.48s/it]
 97%|█████████▋| 194/200 [16:41<00:32,  5.47s/it]
 98%|█████████▊| 195/200 [16:46<00:27,  5.50s/it]
 98%|█████████▊| 196/200 [16:51<00:21,  5.35s/it]
 98%|█████████▊| 197/200 [16:57<00:15,  5.31s/it]
 99%|█████████▉| 198/200 [17:02<00:10,  5.26s/it]
100%|█████████▉| 199/200 [17:07<00:05,  5.26s/it]
100%|██████████| 200/200 [17:13<00:00,  5.41s/it]
                                                 
0
1
2
3
4
5
6
7
8
9
10
11
12
13
14
15
16
17
18
19
20
21
22
23
24
25
26
27
28
29
30
31
32
33
34
35
36
37
38
39
40
41
42
43
44
45
46
47
48
49
50
51
52
53
54
55
56
57
58
59
60
61
62
63
64
65
66
67
68
69
70
71
72
73
74
75
76
77
78
79
80
81
82
83
84
85
86
87
88
89
90
91
92
93
94
95
96
97
98
99
100
101
102
103
104
105
106
107
108
109
110
111
112
113
114
115
116
117
118
119
120
121
122
123
124
125
126
127
128
129
130
131
132
133
134
135
136
137
138
139
140
141
142
143
144
145
146
147
148
149
150
151
152
153
154
155
156
157
158
159
160
161
162
163
164
165
166
167
168
169
170
171
172
173
174
175
176
177
178
179
180
181
182
183
184
185
186
187
188
189
190
191
192
193
194
195
196
197
198
199
