 
Files to read: ['../pilot-cpjump1-data/profiles/2020_11_04_CPJUMP1/BR00116995/BR00116995_normalized_feature_select_negcon.csv.gz']
Files to read: ['../pilot-cpjump1-data/profiles/2020_11_04_CPJUMP1/BR00117024/BR00117024_normalized_feature_select_negcon.csv.gz']
Files to read: ['../pilot-cpjump1-data/profiles/2020_11_04_CPJUMP1/BR00117025/BR00117025_normalized_feature_select_negcon.csv.gz']
Files to read: ['../pilot-cpjump1-data/profiles/2020_11_04_CPJUMP1/BR00117026/BR00117026_normalized_feature_select_negcon.csv.gz']
Files to read: ['../pilot-cpjump1-data/profiles/2020_11_04_CPJUMP1/BR00116997/BR00116997_normalized_feature_select_negcon.csv.gz']
Files to read: ['../pilot-cpjump1-data/profiles/2020_11_04_CPJUMP1/BR00116998/BR00116998_normalized_feature_select_negcon.csv.gz']
Files to read: ['../pilot-cpjump1-data/profiles/2020_11_04_CPJUMP1/BR00116999/BR00116999_normalized_feature_select_negcon.csv.gz']
Files to read: ['../pilot-cpjump1-data/profiles/2020_11_04_CPJUMP1/BR00116996/BR00116996_normalized_feature_select_negcon.csv.gz']
Files to read: ['../pilot-cpjump1-data/profiles/2020_11_04_CPJUMP1/BR00117022/BR00117022_normalized_feature_select_negcon.csv.gz']
Files to read: ['../pilot-cpjump1-data/profiles/2020_11_04_CPJUMP1/BR00117023/BR00117023_normalized_feature_select_negcon.csv.gz']

  0%|          | 0/200 [00:00<?, ?it/s]
  0%|          | 1/200 [00:06<22:03,  6.65s/it]
  1%|          | 2/200 [00:10<16:43,  5.07s/it]
  2%|▏         | 3/200 [00:14<14:43,  4.49s/it]
  2%|▏         | 4/200 [00:18<14:13,  4.36s/it]
  2%|▎         | 5/200 [00:22<13:53,  4.27s/it]
  3%|▎         | 6/200 [00:26<13:17,  4.11s/it]
  4%|▎         | 7/200 [00:30<12:57,  4.03s/it]
  4%|▍         | 8/200 [00:34<12:39,  3.95s/it]
  4%|▍         | 9/200 [00:38<13:03,  4.10s/it]
  5%|▌         | 10/200 [00:42<12:40,  4.00s/it]
  6%|▌         | 11/200 [00:46<12:41,  4.03s/it]
  6%|▌         | 12/200 [00:51<13:12,  4.22s/it]
  6%|▋         | 13/200 [00:54<12:40,  4.07s/it]
  7%|▋         | 14/200 [00:58<12:31,  4.04s/it]
  8%|▊         | 15/200 [01:02<12:25,  4.03s/it]
  8%|▊         | 16/200 [01:06<12:13,  3.98s/it]
  8%|▊         | 17/200 [01:10<12:02,  3.95s/it]
  9%|▉         | 18/200 [01:14<11:55,  3.93s/it]
 10%|▉         | 19/200 [01:18<11:40,  3.87s/it]
 10%|█         | 20/200 [01:22<12:10,  4.06s/it]
 10%|█         | 21/200 [01:26<12:17,  4.12s/it]
 11%|█         | 22/200 [01:30<12:04,  4.07s/it]
 12%|█▏        | 23/200 [01:34<11:46,  3.99s/it]
 12%|█▏        | 24/200 [01:38<11:40,  3.98s/it]
 12%|█▎        | 25/200 [01:42<11:35,  3.97s/it]
 13%|█▎        | 26/200 [01:46<11:30,  3.97s/it]
 14%|█▎        | 27/200 [01:50<11:44,  4.07s/it]
 14%|█▍        | 28/200 [01:54<11:36,  4.05s/it]
 14%|█▍        | 29/200 [01:58<11:21,  3.98s/it]
 15%|█▌        | 30/200 [02:02<11:20,  4.00s/it]
 16%|█▌        | 31/200 [02:06<11:10,  3.97s/it]
 16%|█▌        | 32/200 [02:10<11:19,  4.04s/it]
 16%|█▋        | 33/200 [02:14<11:11,  4.02s/it]
 17%|█▋        | 34/200 [02:18<10:58,  3.97s/it]
 18%|█▊        | 35/200 [02:22<10:48,  3.93s/it]
 18%|█▊        | 36/200 [02:26<10:45,  3.94s/it]
 18%|█▊        | 37/200 [02:30<10:37,  3.91s/it]
 19%|█▉        | 38/200 [02:34<10:36,  3.93s/it]
 20%|█▉        | 39/200 [02:38<10:26,  3.89s/it]
 20%|██        | 40/200 [02:42<10:43,  4.02s/it]
 20%|██        | 41/200 [02:46<10:42,  4.04s/it]
 21%|██        | 42/200 [02:50<10:32,  4.00s/it]
 22%|██▏       | 43/200 [02:54<10:25,  3.98s/it]
 22%|██▏       | 44/200 [02:58<10:33,  4.06s/it]
 22%|██▎       | 45/200 [03:02<10:14,  3.97s/it]
 23%|██▎       | 46/200 [03:06<10:17,  4.01s/it]
 24%|██▎       | 47/200 [03:10<10:22,  4.07s/it]
 24%|██▍       | 48/200 [03:15<10:42,  4.23s/it]
 24%|██▍       | 49/200 [03:19<10:55,  4.34s/it]
 25%|██▌       | 50/200 [03:24<10:59,  4.39s/it]
 26%|██▌       | 51/200 [03:27<10:17,  4.15s/it]
 26%|██▌       | 52/200 [03:31<10:07,  4.10s/it]
 26%|██▋       | 53/200 [03:35<09:57,  4.07s/it]
 27%|██▋       | 54/200 [03:39<09:43,  4.00s/it]
 28%|██▊       | 55/200 [03:43<09:21,  3.87s/it]
 28%|██▊       | 56/200 [03:47<09:10,  3.82s/it]
 28%|██▊       | 57/200 [03:50<09:01,  3.78s/it]
 29%|██▉       | 58/200 [03:55<09:18,  3.93s/it]
 30%|██▉       | 59/200 [03:59<09:29,  4.04s/it]
 30%|███       | 60/200 [04:03<09:13,  3.96s/it]
 30%|███       | 61/200 [04:06<08:57,  3.87s/it]
 31%|███       | 62/200 [04:10<09:02,  3.93s/it]
 32%|███▏      | 63/200 [04:14<08:51,  3.88s/it]
 32%|███▏      | 64/200 [04:18<08:42,  3.84s/it]
 32%|███▎      | 65/200 [04:22<08:47,  3.91s/it]
 33%|███▎      | 66/200 [04:26<08:44,  3.92s/it]
 34%|███▎      | 67/200 [04:30<08:46,  3.96s/it]
 34%|███▍      | 68/200 [04:34<08:41,  3.95s/it]
 34%|███▍      | 69/200 [04:38<08:36,  3.94s/it]
 35%|███▌      | 70/200 [04:42<08:36,  3.97s/it]
 36%|███▌      | 71/200 [04:45<08:23,  3.90s/it]
 36%|███▌      | 72/200 [04:49<08:14,  3.87s/it]
 36%|███▋      | 73/200 [04:53<08:14,  3.90s/it]
 37%|███▋      | 74/200 [04:57<08:14,  3.92s/it]
 38%|███▊      | 75/200 [05:01<08:08,  3.91s/it]
 38%|███▊      | 76/200 [05:05<08:01,  3.88s/it]
 38%|███▊      | 77/200 [05:09<07:52,  3.84s/it]
 39%|███▉      | 78/200 [05:13<07:48,  3.84s/it]
 40%|███▉      | 79/200 [05:17<07:55,  3.93s/it]
 40%|████      | 80/200 [05:20<07:43,  3.86s/it]
 40%|████      | 81/200 [05:24<07:48,  3.94s/it]
 41%|████      | 82/200 [05:29<07:48,  3.97s/it]
 42%|████▏     | 83/200 [05:33<07:46,  3.99s/it]
 42%|████▏     | 84/200 [05:37<07:56,  4.11s/it]
 42%|████▎     | 85/200 [05:41<07:54,  4.13s/it]
 43%|████▎     | 86/200 [05:46<08:10,  4.30s/it]
 44%|████▎     | 87/200 [05:50<08:11,  4.35s/it]
 44%|████▍     | 88/200 [05:55<08:05,  4.34s/it]
 44%|████▍     | 89/200 [05:59<07:47,  4.22s/it]
 45%|████▌     | 90/200 [06:02<07:28,  4.08s/it]
 46%|████▌     | 91/200 [06:07<07:33,  4.16s/it]
 46%|████▌     | 92/200 [06:10<07:19,  4.07s/it]
 46%|████▋     | 93/200 [06:15<07:18,  4.10s/it]
 47%|████▋     | 94/200 [06:19<07:07,  4.03s/it]
 48%|████▊     | 95/200 [06:22<06:59,  4.00s/it]
 48%|████▊     | 96/200 [06:27<06:59,  4.03s/it]
 48%|████▊     | 97/200 [06:30<06:51,  4.00s/it]
 49%|████▉     | 98/200 [06:35<06:57,  4.09s/it]
 50%|████▉     | 99/200 [06:39<07:02,  4.18s/it]
 50%|█████     | 100/200 [06:43<06:52,  4.12s/it]
 50%|█████     | 101/200 [06:47<06:47,  4.12s/it]
 51%|█████     | 102/200 [06:51<06:40,  4.09s/it]
 52%|█████▏    | 103/200 [06:56<06:40,  4.13s/it]
 52%|█████▏    | 104/200 [06:59<06:28,  4.05s/it]
 52%|█████▎    | 105/200 [07:03<06:17,  3.97s/it]
 53%|█████▎    | 106/200 [07:07<06:07,  3.91s/it]
 54%|█████▎    | 107/200 [07:11<06:05,  3.93s/it]
 54%|█████▍    | 108/200 [07:15<06:06,  3.98s/it]
 55%|█████▍    | 109/200 [07:19<06:03,  3.99s/it]
 55%|█████▌    | 110/200 [07:23<05:58,  3.98s/it]
 56%|█████▌    | 111/200 [07:27<05:54,  3.99s/it]
 56%|█████▌    | 112/200 [07:31<05:45,  3.92s/it]
 56%|█████▋    | 113/200 [07:35<05:37,  3.88s/it]
 57%|█████▋    | 114/200 [07:38<05:33,  3.88s/it]
 57%|█████▊    | 115/200 [07:42<05:32,  3.91s/it]
 58%|█████▊    | 116/200 [07:47<05:34,  3.98s/it]
 58%|█████▊    | 117/200 [07:51<05:33,  4.02s/it]
 59%|█████▉    | 118/200 [07:55<05:28,  4.00s/it]
 60%|█████▉    | 119/200 [07:59<05:27,  4.04s/it]
 60%|██████    | 120/200 [08:03<05:20,  4.00s/it]
 60%|██████    | 121/200 [08:07<05:13,  3.96s/it]
 61%|██████    | 122/200 [08:10<05:07,  3.95s/it]
 62%|██████▏   | 123/200 [08:14<05:04,  3.96s/it]
 62%|██████▏   | 124/200 [08:18<04:58,  3.93s/it]
 62%|██████▎   | 125/200 [08:22<04:52,  3.90s/it]
 63%|██████▎   | 126/200 [08:26<04:53,  3.97s/it]
 64%|██████▎   | 127/200 [08:31<05:07,  4.21s/it]
 64%|██████▍   | 128/200 [08:35<04:53,  4.08s/it]
 64%|██████▍   | 129/200 [08:39<04:48,  4.06s/it]
 65%|██████▌   | 130/200 [08:43<04:38,  3.98s/it]
 66%|██████▌   | 131/200 [08:46<04:32,  3.95s/it]
 66%|██████▌   | 132/200 [08:50<04:27,  3.94s/it]
 66%|██████▋   | 133/200 [08:54<04:21,  3.90s/it]
 67%|██████▋   | 134/200 [08:58<04:15,  3.88s/it]
 68%|██████▊   | 135/200 [09:02<04:17,  3.96s/it]
 68%|██████▊   | 136/200 [09:06<04:11,  3.93s/it]
 68%|██████▊   | 137/200 [09:10<04:06,  3.92s/it]
 69%|██████▉   | 138/200 [09:14<04:00,  3.87s/it]
 70%|██████▉   | 139/200 [09:17<03:53,  3.83s/it]
 70%|███████   | 140/200 [09:21<03:45,  3.75s/it]
 70%|███████   | 141/200 [09:25<03:43,  3.79s/it]
 71%|███████   | 142/200 [09:29<03:43,  3.85s/it]
 72%|███████▏  | 143/200 [09:33<03:43,  3.93s/it]
 72%|███████▏  | 144/200 [09:37<03:38,  3.90s/it]
 72%|███████▎  | 145/200 [09:41<03:34,  3.90s/it]
 73%|███████▎  | 146/200 [09:45<03:33,  3.96s/it]
 74%|███████▎  | 147/200 [09:49<03:25,  3.88s/it]
 74%|███████▍  | 148/200 [09:52<03:20,  3.85s/it]
 74%|███████▍  | 149/200 [09:56<03:16,  3.86s/it]
 75%|███████▌  | 150/200 [10:00<03:11,  3.82s/it]
 76%|███████▌  | 151/200 [10:04<03:09,  3.86s/it]
 76%|███████▌  | 152/200 [10:08<03:08,  3.93s/it]
 76%|███████▋  | 153/200 [10:12<03:04,  3.92s/it]
 77%|███████▋  | 154/200 [10:16<02:59,  3.90s/it]
 78%|███████▊  | 155/200 [10:20<02:58,  3.97s/it]
 78%|███████▊  | 156/200 [10:24<02:53,  3.95s/it]
 78%|███████▊  | 157/200 [10:28<02:52,  4.02s/it]
 79%|███████▉  | 158/200 [10:32<02:45,  3.93s/it]
 80%|███████▉  | 159/200 [10:36<02:40,  3.92s/it]
 80%|████████  | 160/200 [10:39<02:34,  3.87s/it]
 80%|████████  | 161/200 [10:43<02:32,  3.92s/it]
 81%|████████  | 162/200 [10:48<02:32,  4.00s/it]
 82%|████████▏ | 163/200 [10:52<02:34,  4.18s/it]
 82%|████████▏ | 164/200 [10:57<02:34,  4.30s/it]
 82%|████████▎ | 165/200 [11:01<02:32,  4.35s/it]
 83%|████████▎ | 166/200 [11:05<02:25,  4.27s/it]
 84%|████████▎ | 167/200 [11:09<02:16,  4.15s/it]
 84%|████████▍ | 168/200 [11:14<02:14,  4.22s/it]
 84%|████████▍ | 169/200 [11:17<02:07,  4.11s/it]
 85%|████████▌ | 170/200 [11:21<02:00,  4.02s/it]
 86%|████████▌ | 171/200 [11:25<01:55,  3.99s/it]
 86%|████████▌ | 172/200 [11:30<01:55,  4.14s/it]
 86%|████████▋ | 173/200 [11:33<01:49,  4.04s/it]
 87%|████████▋ | 174/200 [11:37<01:42,  3.94s/it]
 88%|████████▊ | 175/200 [11:41<01:38,  3.92s/it]
 88%|████████▊ | 176/200 [11:45<01:33,  3.88s/it]
 88%|████████▊ | 177/200 [11:49<01:30,  3.92s/it]
 89%|████████▉ | 178/200 [11:53<01:25,  3.87s/it]
 90%|████████▉ | 179/200 [11:56<01:20,  3.84s/it]
 90%|█████████ | 180/200 [12:01<01:19,  3.97s/it]
 90%|█████████ | 181/200 [12:05<01:15,  3.96s/it]
 91%|█████████ | 182/200 [12:08<01:11,  3.95s/it]
 92%|█████████▏| 183/200 [12:12<01:07,  3.97s/it]
 92%|█████████▏| 184/200 [12:16<01:02,  3.93s/it]
 92%|█████████▎| 185/200 [12:20<00:58,  3.90s/it]
 93%|█████████▎| 186/200 [12:24<00:54,  3.89s/it]
 94%|█████████▎| 187/200 [12:28<00:51,  3.93s/it]
 94%|█████████▍| 188/200 [12:32<00:46,  3.86s/it]
 94%|█████████▍| 189/200 [12:36<00:44,  4.05s/it]
 95%|█████████▌| 190/200 [12:40<00:39,  3.97s/it]
 96%|█████████▌| 191/200 [12:44<00:35,  3.94s/it]
 96%|█████████▌| 192/200 [12:48<00:31,  3.90s/it]
 96%|█████████▋| 193/200 [12:51<00:26,  3.85s/it]
 97%|█████████▋| 194/200 [12:55<00:23,  3.89s/it]
 98%|█████████▊| 195/200 [12:59<00:19,  3.91s/it]
 98%|█████████▊| 196/200 [13:03<00:15,  3.90s/it]
 98%|█████████▊| 197/200 [13:07<00:11,  3.89s/it]
 99%|█████████▉| 198/200 [13:11<00:07,  3.95s/it]
100%|█████████▉| 199/200 [13:15<00:04,  4.02s/it]
100%|██████████| 200/200 [13:21<00:00,  4.38s/it]
                                                 
0
1
2
3
4
5
6
7
8
9
10
11
12
13
14
15
16
17
18
19
20
21
22
23
24
25
26
27
28
29
30
31
32
33
34
35
36
37
38
39
40
41
42
43
44
45
46
47
48
49
50
51
52
53
54
55
56
57
58
59
60
61
62
63
64
65
66
67
68
69
70
71
72
73
74
75
76
77
78
79
80
81
82
83
84
85
86
87
88
89
90
91
92
93
94
95
96
97
98
99
100
101
102
103
104
105
106
107
108
109
110
111
112
113
114
115
116
117
118
119
120
121
122
123
124
125
126
127
128
129
130
131
132
133
134
135
136
137
138
139
140
141
142
143
144
145
146
147
148
149
150
151
152
153
154
155
156
157
158
159
160
161
162
163
164
165
166
167
168
169
170
171
172
173
174
175
176
177
178
179
180
181
182
183
184
185
186
187
188
189
190
191
192
193
194
195
196
197
198
199
