 
Files to read: ['../pilot-cpjump1-data/profiles/2020_11_04_CPJUMP1/BR00116995/BR00116995_normalized_feature_select_negcon.csv.gz']
Files to read: ['../pilot-cpjump1-data/profiles/2020_11_04_CPJUMP1/BR00117024/BR00117024_normalized_feature_select_negcon.csv.gz']
Files to read: ['../pilot-cpjump1-data/profiles/2020_11_04_CPJUMP1/BR00117025/BR00117025_normalized_feature_select_negcon.csv.gz']
Files to read: ['../pilot-cpjump1-data/profiles/2020_11_04_CPJUMP1/BR00117026/BR00117026_normalized_feature_select_negcon.csv.gz']
Files to read: ['../pilot-cpjump1-data/profiles/2020_11_04_CPJUMP1/BR00116997/BR00116997_normalized_feature_select_negcon.csv.gz']
Files to read: ['../pilot-cpjump1-data/profiles/2020_11_04_CPJUMP1/BR00116998/BR00116998_normalized_feature_select_negcon.csv.gz']
Files to read: ['../pilot-cpjump1-data/profiles/2020_11_04_CPJUMP1/BR00116999/BR00116999_normalized_feature_select_negcon.csv.gz']
Files to read: ['../pilot-cpjump1-data/profiles/2020_11_04_CPJUMP1/BR00116996/BR00116996_normalized_feature_select_negcon.csv.gz']
Files to read: ['../pilot-cpjump1-data/profiles/2020_11_04_CPJUMP1/BR00117022/BR00117022_normalized_feature_select_negcon.csv.gz']
Files to read: ['../pilot-cpjump1-data/profiles/2020_11_04_CPJUMP1/BR00117023/BR00117023_normalized_feature_select_negcon.csv.gz']

  0%|          | 0/200 [00:00<?, ?it/s]
  0%|          | 1/200 [00:07<25:47,  7.78s/it]
  1%|          | 2/200 [00:14<22:46,  6.90s/it]
  2%|▏         | 3/200 [00:18<19:32,  5.95s/it]
  2%|▏         | 4/200 [00:23<18:11,  5.57s/it]
  2%|▎         | 5/200 [00:28<17:22,  5.35s/it]
  3%|▎         | 6/200 [00:34<17:12,  5.32s/it]
  4%|▎         | 7/200 [00:39<17:39,  5.49s/it]
  4%|▍         | 8/200 [00:44<17:07,  5.35s/it]
  4%|▍         | 9/200 [00:50<17:04,  5.37s/it]
  5%|▌         | 10/200 [00:55<17:05,  5.40s/it]
  6%|▌         | 11/200 [01:01<16:53,  5.36s/it]
  6%|▌         | 12/200 [01:06<16:35,  5.30s/it]
  6%|▋         | 13/200 [01:11<16:18,  5.23s/it]
  7%|▋         | 14/200 [01:16<16:13,  5.23s/it]
  8%|▊         | 15/200 [01:22<16:18,  5.29s/it]
  8%|▊         | 16/200 [01:27<16:08,  5.27s/it]
  8%|▊         | 17/200 [01:32<15:48,  5.18s/it]
  9%|▉         | 18/200 [01:37<15:47,  5.21s/it]
 10%|▉         | 19/200 [01:42<15:27,  5.12s/it]
 10%|█         | 20/200 [01:47<15:04,  5.03s/it]
 10%|█         | 21/200 [01:52<14:59,  5.03s/it]
 11%|█         | 22/200 [01:57<14:52,  5.01s/it]
 12%|█▏        | 23/200 [02:02<14:48,  5.02s/it]
 12%|█▏        | 24/200 [02:07<14:47,  5.04s/it]
 12%|█▎        | 25/200 [02:12<14:59,  5.14s/it]
 13%|█▎        | 26/200 [02:17<14:38,  5.05s/it]
 14%|█▎        | 27/200 [02:22<14:26,  5.01s/it]
 14%|█▍        | 28/200 [02:27<14:20,  5.00s/it]
 14%|█▍        | 29/200 [02:32<14:04,  4.94s/it]
 15%|█▌        | 30/200 [02:37<13:57,  4.93s/it]
 16%|█▌        | 31/200 [02:42<13:52,  4.92s/it]
 16%|█▌        | 32/200 [02:47<13:51,  4.95s/it]
 16%|█▋        | 33/200 [02:51<13:42,  4.92s/it]
 17%|█▋        | 34/200 [02:56<13:32,  4.89s/it]
 18%|█▊        | 35/200 [03:01<13:33,  4.93s/it]
 18%|█▊        | 36/200 [03:06<13:21,  4.89s/it]
 18%|█▊        | 37/200 [03:11<13:27,  4.96s/it]
 19%|█▉        | 38/200 [03:16<13:20,  4.94s/it]
 20%|█▉        | 39/200 [03:21<13:08,  4.90s/it]
 20%|██        | 40/200 [03:26<13:20,  5.00s/it]
 20%|██        | 41/200 [03:31<13:11,  4.98s/it]
 21%|██        | 42/200 [03:36<13:15,  5.04s/it]
 22%|██▏       | 43/200 [03:42<13:42,  5.24s/it]
 22%|██▏       | 44/200 [03:48<14:05,  5.42s/it]
 22%|██▎       | 45/200 [03:53<14:10,  5.49s/it]
 23%|██▎       | 46/200 [03:58<13:31,  5.27s/it]
 24%|██▎       | 47/200 [04:03<13:15,  5.20s/it]
 24%|██▍       | 48/200 [04:08<13:10,  5.20s/it]
 24%|██▍       | 49/200 [04:14<13:00,  5.17s/it]
 25%|██▌       | 50/200 [04:18<12:34,  5.03s/it]
 26%|██▌       | 51/200 [04:23<12:19,  4.96s/it]
 26%|██▌       | 52/200 [04:28<12:10,  4.93s/it]
 26%|██▋       | 53/200 [04:33<12:09,  4.96s/it]
 27%|██▋       | 54/200 [04:38<11:56,  4.91s/it]
 28%|██▊       | 55/200 [04:43<12:18,  5.09s/it]
 28%|██▊       | 56/200 [04:48<12:13,  5.10s/it]
 28%|██▊       | 57/200 [04:54<12:20,  5.18s/it]
 29%|██▉       | 58/200 [04:59<12:33,  5.30s/it]
 30%|██▉       | 59/200 [05:04<12:11,  5.18s/it]
 30%|███       | 60/200 [05:09<11:54,  5.11s/it]
 30%|███       | 61/200 [05:14<11:37,  5.02s/it]
 31%|███       | 62/200 [05:19<11:41,  5.08s/it]
 32%|███▏      | 63/200 [05:24<11:44,  5.14s/it]
 32%|███▏      | 64/200 [05:29<11:25,  5.04s/it]
 32%|███▎      | 65/200 [05:35<11:32,  5.13s/it]
 33%|███▎      | 66/200 [05:40<11:23,  5.10s/it]
 34%|███▎      | 67/200 [05:45<11:19,  5.11s/it]
 34%|███▍      | 68/200 [05:50<11:06,  5.05s/it]
 34%|███▍      | 69/200 [05:55<11:07,  5.09s/it]
 35%|███▌      | 70/200 [06:00<11:08,  5.14s/it]
 36%|███▌      | 71/200 [06:06<11:17,  5.25s/it]
 36%|███▌      | 72/200 [06:11<11:19,  5.31s/it]
 36%|███▋      | 73/200 [06:17<11:21,  5.37s/it]
 37%|███▋      | 74/200 [06:22<11:12,  5.34s/it]
 38%|███▊      | 75/200 [06:27<11:18,  5.43s/it]
 38%|███▊      | 76/200 [06:33<11:02,  5.34s/it]
 38%|███▊      | 77/200 [06:38<10:46,  5.26s/it]
 39%|███▉      | 78/200 [06:43<10:32,  5.18s/it]
 40%|███▉      | 79/200 [06:48<10:20,  5.13s/it]
 40%|████      | 80/200 [06:53<10:04,  5.04s/it]
 40%|████      | 81/200 [06:58<10:05,  5.09s/it]
 41%|████      | 82/200 [07:02<09:48,  4.99s/it]
 42%|████▏     | 83/200 [07:07<09:35,  4.92s/it]
 42%|████▏     | 84/200 [07:12<09:32,  4.94s/it]
 42%|████▎     | 85/200 [07:17<09:23,  4.90s/it]
 43%|████▎     | 86/200 [07:22<09:18,  4.90s/it]
 44%|████▎     | 87/200 [07:27<09:16,  4.93s/it]
 44%|████▍     | 88/200 [07:32<09:18,  4.99s/it]
 44%|████▍     | 89/200 [07:37<09:10,  4.96s/it]
 45%|████▌     | 90/200 [07:42<09:01,  4.93s/it]
 46%|████▌     | 91/200 [07:47<09:13,  5.08s/it]
 46%|████▌     | 92/200 [07:52<09:09,  5.09s/it]
 46%|████▋     | 93/200 [07:57<09:04,  5.09s/it]
 47%|████▋     | 94/200 [08:02<08:50,  5.01s/it]
 48%|████▊     | 95/200 [08:08<08:55,  5.10s/it]
 48%|████▊     | 96/200 [08:13<08:56,  5.15s/it]
 48%|████▊     | 97/200 [08:19<09:13,  5.37s/it]
 49%|████▉     | 98/200 [08:24<09:08,  5.38s/it]
 50%|████▉     | 99/200 [08:29<08:55,  5.30s/it]
 50%|█████     | 100/200 [08:34<08:31,  5.12s/it]
 50%|█████     | 101/200 [08:39<08:18,  5.04s/it]
 51%|█████     | 102/200 [08:44<08:04,  4.95s/it]
 52%|█████▏    | 103/200 [08:49<08:05,  5.01s/it]
 52%|█████▏    | 104/200 [08:53<07:53,  4.94s/it]
 52%|█████▎    | 105/200 [08:59<07:57,  5.03s/it]
 53%|█████▎    | 106/200 [09:03<07:46,  4.96s/it]
 54%|█████▎    | 107/200 [09:09<07:46,  5.02s/it]
 54%|█████▍    | 108/200 [09:14<07:49,  5.10s/it]
 55%|█████▍    | 109/200 [09:19<07:48,  5.15s/it]
 55%|█████▌    | 110/200 [09:24<07:46,  5.18s/it]
 56%|█████▌    | 111/200 [09:30<07:38,  5.15s/it]
 56%|█████▌    | 112/200 [09:35<07:32,  5.14s/it]
 56%|█████▋    | 113/200 [09:40<07:27,  5.15s/it]
 57%|█████▋    | 114/200 [09:45<07:17,  5.09s/it]
 57%|█████▊    | 115/200 [09:50<07:08,  5.04s/it]
 58%|█████▊    | 116/200 [09:55<06:59,  4.99s/it]
 58%|█████▊    | 117/200 [10:00<06:59,  5.06s/it]
 59%|█████▉    | 118/200 [10:05<06:51,  5.02s/it]
 60%|█████▉    | 119/200 [10:10<06:50,  5.07s/it]
 60%|██████    | 120/200 [10:15<06:40,  5.00s/it]
 60%|██████    | 121/200 [10:20<06:39,  5.06s/it]
 61%|██████    | 122/200 [10:25<06:31,  5.02s/it]
 62%|██████▏   | 123/200 [10:30<06:31,  5.09s/it]
 62%|██████▏   | 124/200 [10:35<06:22,  5.03s/it]
 62%|██████▎   | 125/200 [10:40<06:17,  5.03s/it]
 63%|██████▎   | 126/200 [10:45<06:09,  4.99s/it]
 64%|██████▎   | 127/200 [10:50<06:10,  5.08s/it]
 64%|██████▍   | 128/200 [10:55<06:04,  5.06s/it]
 64%|██████▍   | 129/200 [11:00<05:57,  5.03s/it]
 65%|██████▌   | 130/200 [11:05<05:52,  5.03s/it]
 66%|██████▌   | 131/200 [11:10<05:42,  4.97s/it]
 66%|██████▌   | 132/200 [11:15<05:42,  5.04s/it]
 66%|██████▋   | 133/200 [11:21<05:45,  5.16s/it]
 67%|██████▋   | 134/200 [11:27<05:54,  5.37s/it]
 68%|██████▊   | 135/200 [11:32<05:49,  5.38s/it]
 68%|██████▊   | 136/200 [11:37<05:34,  5.22s/it]
 68%|██████▊   | 137/200 [11:42<05:26,  5.19s/it]
 69%|██████▉   | 138/200 [11:47<05:19,  5.16s/it]
 70%|██████▉   | 139/200 [11:52<05:09,  5.07s/it]
 70%|███████   | 140/200 [11:56<04:54,  4.91s/it]
 70%|███████   | 141/200 [12:01<04:50,  4.92s/it]
 71%|███████   | 142/200 [12:06<04:48,  4.97s/it]
 72%|███████▏  | 143/200 [12:11<04:42,  4.95s/it]
 72%|███████▏  | 144/200 [12:16<04:35,  4.92s/it]
 72%|███████▎  | 145/200 [12:21<04:28,  4.89s/it]
 73%|███████▎  | 146/200 [12:26<04:22,  4.86s/it]
 74%|███████▎  | 147/200 [12:31<04:18,  4.88s/it]
 74%|███████▍  | 148/200 [12:36<04:11,  4.85s/it]
 74%|███████▍  | 149/200 [12:40<04:06,  4.83s/it]
 75%|███████▌  | 150/200 [12:45<04:00,  4.82s/it]
 76%|███████▌  | 151/200 [12:50<04:00,  4.91s/it]
 76%|███████▌  | 152/200 [12:56<04:06,  5.13s/it]
 76%|███████▋  | 153/200 [13:01<04:06,  5.25s/it]
 77%|███████▋  | 154/200 [13:06<03:57,  5.17s/it]
 78%|███████▊  | 155/200 [13:11<03:51,  5.14s/it]
 78%|███████▊  | 156/200 [13:16<03:43,  5.09s/it]
 78%|███████▊  | 157/200 [13:21<03:38,  5.09s/it]
 79%|███████▉  | 158/200 [13:27<03:34,  5.10s/it]
 80%|███████▉  | 159/200 [13:32<03:28,  5.08s/it]
 80%|████████  | 160/200 [13:37<03:24,  5.12s/it]
 80%|████████  | 161/200 [13:42<03:21,  5.16s/it]
 81%|████████  | 162/200 [13:47<03:17,  5.20s/it]
 82%|████████▏ | 163/200 [13:53<03:19,  5.40s/it]
 82%|████████▏ | 164/200 [13:59<03:17,  5.47s/it]
 82%|████████▎ | 165/200 [14:04<03:07,  5.37s/it]
 83%|████████▎ | 166/200 [14:09<02:58,  5.25s/it]
 84%|████████▎ | 167/200 [14:15<02:55,  5.33s/it]
 84%|████████▍ | 168/200 [14:20<02:49,  5.29s/it]
 84%|████████▍ | 169/200 [14:25<02:39,  5.15s/it]
 85%|████████▌ | 170/200 [14:30<02:33,  5.12s/it]
 86%|████████▌ | 171/200 [14:35<02:27,  5.08s/it]
 86%|████████▌ | 172/200 [14:40<02:21,  5.06s/it]
 86%|████████▋ | 173/200 [14:45<02:16,  5.07s/it]
 87%|████████▋ | 174/200 [14:49<02:09,  4.96s/it]
 88%|████████▊ | 175/200 [14:55<02:05,  5.02s/it]
 88%|████████▊ | 176/200 [15:01<02:08,  5.35s/it]
 88%|████████▊ | 177/200 [15:06<02:01,  5.29s/it]
 89%|████████▉ | 178/200 [15:11<01:56,  5.29s/it]
 90%|████████▉ | 179/200 [15:16<01:47,  5.11s/it]
 90%|█████████ | 180/200 [15:21<01:42,  5.10s/it]
 90%|█████████ | 181/200 [15:26<01:38,  5.21s/it]
 91%|█████████ | 182/200 [15:32<01:34,  5.24s/it]
 92%|█████████▏| 183/200 [15:37<01:27,  5.16s/it]
 92%|█████████▏| 184/200 [15:41<01:20,  5.02s/it]
 92%|█████████▎| 185/200 [15:47<01:18,  5.21s/it]
 93%|█████████▎| 186/200 [15:52<01:12,  5.19s/it]
 94%|█████████▎| 187/200 [15:57<01:06,  5.10s/it]
 94%|█████████▍| 188/200 [16:02<01:00,  5.03s/it]
 94%|█████████▍| 189/200 [16:07<00:55,  5.04s/it]
 95%|█████████▌| 190/200 [16:12<00:50,  5.09s/it]
 96%|█████████▌| 191/200 [16:17<00:45,  5.07s/it]
 96%|█████████▌| 192/200 [16:22<00:40,  5.04s/it]
 96%|█████████▋| 193/200 [16:27<00:35,  5.04s/it]
 97%|█████████▋| 194/200 [16:32<00:29,  5.00s/it]
 98%|█████████▊| 195/200 [16:38<00:25,  5.17s/it]
 98%|█████████▊| 196/200 [16:43<00:20,  5.20s/it]
 98%|█████████▊| 197/200 [16:48<00:15,  5.20s/it]
 99%|█████████▉| 198/200 [16:53<00:10,  5.10s/it]
100%|█████████▉| 199/200 [16:58<00:05,  5.05s/it]
100%|██████████| 200/200 [17:03<00:00,  5.04s/it]
                                                 
0
1
2
3
4
5
6
7
8
9
10
11
12
13
14
15
16
17
18
19
20
21
22
23
24
25
26
27
28
29
30
31
32
33
34
35
36
37
38
39
40
41
42
43
44
45
46
47
48
49
50
51
52
53
54
55
56
57
58
59
60
61
62
63
64
65
66
67
68
69
70
71
72
73
74
75
76
77
78
79
80
81
82
83
84
85
86
87
88
89
90
91
92
93
94
95
96
97
98
99
100
101
102
103
104
105
106
107
108
109
110
111
112
113
114
115
116
117
118
119
120
121
122
123
124
125
126
127
128
129
130
131
132
133
134
135
136
137
138
139
140
141
142
143
144
145
146
147
148
149
150
151
152
153
154
155
156
157
158
159
160
161
162
163
164
165
166
167
168
169
170
171
172
173
174
175
176
177
178
179
180
181
182
183
184
185
186
187
188
189
190
191
192
193
194
195
196
197
198
199
