 
Files to read: ['../pilot-cpjump1-data/profiles/2020_11_04_CPJUMP1/BR00116995/BR00116995_normalized_feature_select_negcon.csv.gz']
Files to read: ['../pilot-cpjump1-data/profiles/2020_11_04_CPJUMP1/BR00117024/BR00117024_normalized_feature_select_negcon.csv.gz']
Files to read: ['../pilot-cpjump1-data/profiles/2020_11_04_CPJUMP1/BR00117025/BR00117025_normalized_feature_select_negcon.csv.gz']
Files to read: ['../pilot-cpjump1-data/profiles/2020_11_04_CPJUMP1/BR00117026/BR00117026_normalized_feature_select_negcon.csv.gz']
Files to read: ['../pilot-cpjump1-data/profiles/2020_11_04_CPJUMP1/BR00116997/BR00116997_normalized_feature_select_negcon.csv.gz']
Files to read: ['../pilot-cpjump1-data/profiles/2020_11_04_CPJUMP1/BR00116998/BR00116998_normalized_feature_select_negcon.csv.gz']
Files to read: ['../pilot-cpjump1-data/profiles/2020_11_04_CPJUMP1/BR00116999/BR00116999_normalized_feature_select_negcon.csv.gz']
Files to read: ['../pilot-cpjump1-data/profiles/2020_11_04_CPJUMP1/BR00116996/BR00116996_normalized_feature_select_negcon.csv.gz']
Files to read: ['../pilot-cpjump1-data/profiles/2020_11_04_CPJUMP1/BR00117022/BR00117022_normalized_feature_select_negcon.csv.gz']
Files to read: ['../pilot-cpjump1-data/profiles/2020_11_04_CPJUMP1/BR00117023/BR00117023_normalized_feature_select_negcon.csv.gz']

  0%|          | 0/200 [00:00<?, ?it/s]
  0%|          | 1/200 [00:06<23:12,  7.00s/it]
  1%|          | 2/200 [00:10<17:06,  5.18s/it]
  2%|▏         | 3/200 [00:15<15:25,  4.70s/it]
  2%|▏         | 4/200 [00:19<14:41,  4.50s/it]
  2%|▎         | 5/200 [00:23<13:57,  4.30s/it]
  3%|▎         | 6/200 [00:27<13:30,  4.18s/it]
  4%|▎         | 7/200 [00:31<13:10,  4.10s/it]
  4%|▍         | 8/200 [00:34<12:56,  4.05s/it]
  4%|▍         | 9/200 [00:38<12:49,  4.03s/it]
  5%|▌         | 10/200 [00:43<12:49,  4.05s/it]
  6%|▌         | 11/200 [00:47<12:48,  4.07s/it]
  6%|▌         | 12/200 [00:51<12:43,  4.06s/it]
  6%|▋         | 13/200 [00:55<12:32,  4.02s/it]
  7%|▋         | 14/200 [00:59<12:36,  4.07s/it]
  8%|▊         | 15/200 [01:03<12:44,  4.13s/it]
  8%|▊         | 16/200 [01:07<12:34,  4.10s/it]
  8%|▊         | 17/200 [01:11<12:11,  4.00s/it]
  9%|▉         | 18/200 [01:15<11:53,  3.92s/it]
 10%|▉         | 19/200 [01:18<11:39,  3.86s/it]
 10%|█         | 20/200 [01:22<11:42,  3.91s/it]
 10%|█         | 21/200 [01:26<11:49,  3.96s/it]
 11%|█         | 22/200 [01:30<11:49,  3.99s/it]
 12%|█▏        | 23/200 [01:34<11:36,  3.93s/it]
 12%|█▏        | 24/200 [01:38<11:29,  3.92s/it]
 12%|█▎        | 25/200 [01:42<11:24,  3.91s/it]
 13%|█▎        | 26/200 [01:46<11:17,  3.90s/it]
 14%|█▎        | 27/200 [01:50<11:11,  3.88s/it]
 14%|█▍        | 28/200 [01:54<11:12,  3.91s/it]
 14%|█▍        | 29/200 [01:58<11:44,  4.12s/it]
 15%|█▌        | 30/200 [02:02<11:29,  4.05s/it]
 16%|█▌        | 31/200 [02:06<11:20,  4.03s/it]
 16%|█▌        | 32/200 [02:10<11:12,  4.00s/it]
 16%|█▋        | 33/200 [02:14<11:03,  3.97s/it]
 17%|█▋        | 34/200 [02:18<11:05,  4.01s/it]
 18%|█▊        | 35/200 [02:22<10:54,  3.97s/it]
 18%|█▊        | 36/200 [02:26<10:54,  3.99s/it]
 18%|█▊        | 37/200 [02:30<10:53,  4.01s/it]
 19%|█▉        | 38/200 [02:34<10:38,  3.94s/it]
 20%|█▉        | 39/200 [02:38<10:36,  3.95s/it]
 20%|██        | 40/200 [02:42<10:31,  3.95s/it]
 20%|██        | 41/200 [02:46<10:35,  3.99s/it]
 21%|██        | 42/200 [02:50<10:35,  4.02s/it]
 22%|██▏       | 43/200 [02:54<10:29,  4.01s/it]
 22%|██▏       | 44/200 [02:58<10:23,  4.00s/it]
 22%|██▎       | 45/200 [03:02<10:20,  4.00s/it]
 23%|██▎       | 46/200 [03:06<10:31,  4.10s/it]
 24%|██▎       | 47/200 [03:10<10:28,  4.10s/it]
 24%|██▍       | 48/200 [03:15<10:25,  4.12s/it]
 24%|██▍       | 49/200 [03:19<10:12,  4.06s/it]
 25%|██▌       | 50/200 [03:22<10:02,  4.01s/it]
 26%|██▌       | 51/200 [03:27<10:11,  4.11s/it]
 26%|██▌       | 52/200 [03:31<09:57,  4.04s/it]
 26%|██▋       | 53/200 [03:35<09:51,  4.02s/it]
 27%|██▋       | 54/200 [03:39<10:09,  4.17s/it]
 28%|██▊       | 55/200 [03:43<10:01,  4.15s/it]
 28%|██▊       | 56/200 [03:47<09:41,  4.04s/it]
 28%|██▊       | 57/200 [03:51<09:36,  4.03s/it]
 29%|██▉       | 58/200 [03:55<09:29,  4.01s/it]
 30%|██▉       | 59/200 [03:59<09:41,  4.13s/it]
 30%|███       | 60/200 [04:03<09:35,  4.11s/it]
 30%|███       | 61/200 [04:07<09:21,  4.04s/it]
 31%|███       | 62/200 [04:11<09:14,  4.02s/it]
 32%|███▏      | 63/200 [04:15<09:13,  4.04s/it]
 32%|███▏      | 64/200 [04:19<09:04,  4.01s/it]
 32%|███▎      | 65/200 [04:24<09:20,  4.15s/it]
 33%|███▎      | 66/200 [04:29<09:49,  4.40s/it]
 34%|███▎      | 67/200 [04:33<09:48,  4.42s/it]
 34%|███▍      | 68/200 [04:37<09:30,  4.32s/it]
 34%|███▍      | 69/200 [04:41<09:17,  4.25s/it]
 35%|███▌      | 70/200 [04:45<08:56,  4.13s/it]
 36%|███▌      | 71/200 [04:49<08:48,  4.09s/it]
 36%|███▌      | 72/200 [04:53<08:38,  4.05s/it]
 36%|███▋      | 73/200 [04:57<08:36,  4.06s/it]
 37%|███▋      | 74/200 [05:02<08:53,  4.24s/it]
 38%|███▊      | 75/200 [05:06<08:35,  4.12s/it]
 38%|███▊      | 76/200 [05:09<08:09,  3.95s/it]
 38%|███▊      | 77/200 [05:13<08:01,  3.92s/it]
 39%|███▉      | 78/200 [05:17<08:05,  3.98s/it]
 40%|███▉      | 79/200 [05:21<08:00,  3.97s/it]
 40%|████      | 80/200 [05:25<07:50,  3.92s/it]
 40%|████      | 81/200 [05:29<07:57,  4.01s/it]
 41%|████      | 82/200 [05:33<07:54,  4.02s/it]
 42%|████▏     | 83/200 [05:37<07:43,  3.96s/it]
 42%|████▏     | 84/200 [05:41<07:29,  3.87s/it]
 42%|████▎     | 85/200 [05:44<07:17,  3.80s/it]
 43%|████▎     | 86/200 [05:49<07:28,  3.93s/it]
 44%|████▎     | 87/200 [05:53<07:43,  4.10s/it]
 44%|████▍     | 88/200 [05:57<07:29,  4.01s/it]
 44%|████▍     | 89/200 [06:01<07:25,  4.01s/it]
 45%|████▌     | 90/200 [06:05<07:13,  3.94s/it]
 46%|████▌     | 91/200 [06:09<07:16,  4.01s/it]
 46%|████▌     | 92/200 [06:13<07:11,  4.00s/it]
 46%|████▋     | 93/200 [06:17<07:06,  3.99s/it]
 47%|████▋     | 94/200 [06:21<07:01,  3.98s/it]
 48%|████▊     | 95/200 [06:25<06:52,  3.93s/it]
 48%|████▊     | 96/200 [06:29<06:59,  4.03s/it]
 48%|████▊     | 97/200 [06:33<06:53,  4.01s/it]
 49%|████▉     | 98/200 [06:37<06:43,  3.95s/it]
 50%|████▉     | 99/200 [06:41<06:44,  4.00s/it]
 50%|█████     | 100/200 [06:45<06:43,  4.04s/it]
 50%|█████     | 101/200 [06:49<06:37,  4.01s/it]
 51%|█████     | 102/200 [06:53<06:35,  4.04s/it]
 52%|█████▏    | 103/200 [06:58<06:48,  4.21s/it]
 52%|█████▏    | 104/200 [07:02<06:57,  4.34s/it]
 52%|█████▎    | 105/200 [07:07<06:57,  4.40s/it]
 53%|█████▎    | 106/200 [07:12<07:05,  4.52s/it]
 54%|█████▎    | 107/200 [07:15<06:41,  4.32s/it]
 54%|█████▍    | 108/200 [07:19<06:25,  4.19s/it]
 55%|█████▍    | 109/200 [07:23<06:13,  4.10s/it]
 55%|█████▌    | 110/200 [07:27<06:04,  4.05s/it]
 56%|█████▌    | 111/200 [07:31<05:54,  3.99s/it]
 56%|█████▌    | 112/200 [07:35<05:43,  3.91s/it]
 56%|█████▋    | 113/200 [07:39<05:40,  3.92s/it]
 57%|█████▋    | 114/200 [07:42<05:33,  3.88s/it]
 57%|█████▊    | 115/200 [07:46<05:30,  3.88s/it]
 58%|█████▊    | 116/200 [07:50<05:25,  3.87s/it]
 58%|█████▊    | 117/200 [07:54<05:19,  3.85s/it]
 59%|█████▉    | 118/200 [07:58<05:23,  3.94s/it]
 60%|█████▉    | 119/200 [08:03<05:32,  4.11s/it]
 60%|██████    | 120/200 [08:07<05:21,  4.02s/it]
 60%|██████    | 121/200 [08:10<05:15,  3.99s/it]
 61%|██████    | 122/200 [08:14<05:09,  3.96s/it]
 62%|██████▏   | 123/200 [08:18<05:03,  3.94s/it]
 62%|██████▏   | 124/200 [08:22<04:59,  3.94s/it]
 62%|██████▎   | 125/200 [08:26<04:53,  3.92s/it]
 63%|██████▎   | 126/200 [08:30<04:55,  3.99s/it]
 64%|██████▎   | 127/200 [08:34<04:50,  3.98s/it]
 64%|██████▍   | 128/200 [08:38<04:43,  3.94s/it]
 64%|██████▍   | 129/200 [08:42<04:38,  3.92s/it]
 65%|██████▌   | 130/200 [08:46<04:32,  3.89s/it]
 66%|██████▌   | 131/200 [08:49<04:27,  3.88s/it]
 66%|██████▌   | 132/200 [08:53<04:25,  3.90s/it]
 66%|██████▋   | 133/200 [08:58<04:25,  3.96s/it]
 67%|██████▋   | 134/200 [09:02<04:24,  4.01s/it]
 68%|██████▊   | 135/200 [09:06<04:18,  3.97s/it]
 68%|██████▊   | 136/200 [09:10<04:15,  3.99s/it]
 68%|██████▊   | 137/200 [09:14<04:11,  3.99s/it]
 69%|██████▉   | 138/200 [09:18<04:07,  3.99s/it]
 70%|██████▉   | 139/200 [09:21<04:02,  3.97s/it]
 70%|███████   | 140/200 [09:25<03:53,  3.90s/it]
 70%|███████   | 141/200 [09:29<03:48,  3.88s/it]
 71%|███████   | 142/200 [09:33<03:49,  3.95s/it]
 72%|███████▏  | 143/200 [09:37<03:44,  3.94s/it]
 72%|███████▏  | 144/200 [09:42<03:49,  4.09s/it]
 72%|███████▎  | 145/200 [09:45<03:41,  4.02s/it]
 73%|███████▎  | 146/200 [09:50<03:43,  4.13s/it]
 74%|███████▎  | 147/200 [09:54<03:39,  4.15s/it]
 74%|███████▍  | 148/200 [09:58<03:31,  4.07s/it]
 74%|███████▍  | 149/200 [10:02<03:24,  4.00s/it]
 75%|███████▌  | 150/200 [10:06<03:19,  4.00s/it]
 76%|███████▌  | 151/200 [10:09<03:12,  3.92s/it]
 76%|███████▌  | 152/200 [10:13<03:06,  3.89s/it]
 76%|███████▋  | 153/200 [10:17<03:06,  3.97s/it]
 77%|███████▋  | 154/200 [10:21<03:01,  3.95s/it]
 78%|███████▊  | 155/200 [10:26<03:04,  4.10s/it]
 78%|███████▊  | 156/200 [10:30<03:01,  4.14s/it]
 78%|███████▊  | 157/200 [10:35<03:02,  4.25s/it]
 79%|███████▉  | 158/200 [10:39<02:59,  4.27s/it]
 80%|███████▉  | 159/200 [10:43<02:48,  4.12s/it]
 80%|████████  | 160/200 [10:46<02:40,  4.01s/it]
 80%|████████  | 161/200 [10:50<02:33,  3.95s/it]
 81%|████████  | 162/200 [10:54<02:28,  3.90s/it]
 82%|████████▏ | 163/200 [10:58<02:24,  3.91s/it]
 82%|████████▏ | 164/200 [11:02<02:25,  4.05s/it]
 82%|████████▎ | 165/200 [11:07<02:24,  4.12s/it]
 83%|████████▎ | 166/200 [11:11<02:22,  4.20s/it]
 84%|████████▎ | 167/200 [11:16<02:22,  4.33s/it]
 84%|████████▍ | 168/200 [11:20<02:15,  4.23s/it]
 84%|████████▍ | 169/200 [11:24<02:08,  4.16s/it]
 85%|████████▌ | 170/200 [11:28<02:04,  4.14s/it]
 86%|████████▌ | 171/200 [11:32<01:57,  4.06s/it]
 86%|████████▌ | 172/200 [11:35<01:52,  4.03s/it]
 86%|████████▋ | 173/200 [11:40<01:53,  4.19s/it]
 87%|████████▋ | 174/200 [11:45<01:51,  4.27s/it]
 88%|████████▊ | 175/200 [11:49<01:48,  4.33s/it]
 88%|████████▊ | 176/200 [11:53<01:40,  4.20s/it]
 88%|████████▊ | 177/200 [11:57<01:34,  4.13s/it]
 89%|████████▉ | 178/200 [12:01<01:29,  4.05s/it]
 90%|████████▉ | 179/200 [12:05<01:23,  4.00s/it]
 90%|█████████ | 180/200 [12:09<01:20,  4.01s/it]
 90%|█████████ | 181/200 [12:13<01:16,  4.01s/it]
 91%|█████████ | 182/200 [12:17<01:16,  4.23s/it]
 92%|█████████▏| 183/200 [12:22<01:15,  4.44s/it]
 92%|█████████▏| 184/200 [12:27<01:10,  4.38s/it]
 92%|█████████▎| 185/200 [12:31<01:06,  4.42s/it]
 93%|█████████▎| 186/200 [12:35<01:00,  4.35s/it]
 94%|█████████▎| 187/200 [12:39<00:55,  4.28s/it]
 94%|█████████▍| 188/200 [12:43<00:49,  4.15s/it]
 94%|█████████▍| 189/200 [12:47<00:44,  4.04s/it]
 95%|█████████▌| 190/200 [12:51<00:39,  3.93s/it]
 96%|█████████▌| 191/200 [12:55<00:35,  3.90s/it]
 96%|█████████▌| 192/200 [12:58<00:31,  3.90s/it]
 96%|█████████▋| 193/200 [13:02<00:27,  3.90s/it]
 97%|█████████▋| 194/200 [13:06<00:23,  3.89s/it]
 98%|█████████▊| 195/200 [13:10<00:19,  3.87s/it]
 98%|█████████▊| 196/200 [13:14<00:15,  3.96s/it]
 98%|█████████▊| 197/200 [13:18<00:12,  4.04s/it]
 99%|█████████▉| 198/200 [13:22<00:08,  4.02s/it]
100%|█████████▉| 199/200 [13:26<00:03,  3.97s/it]
100%|██████████| 200/200 [13:30<00:00,  3.93s/it]
                                                 
0
1
2
3
4
5
6
7
8
9
10
11
12
13
14
15
16
17
18
19
20
21
22
23
24
25
26
27
28
29
30
31
32
33
34
35
36
37
38
39
40
41
42
43
44
45
46
47
48
49
50
51
52
53
54
55
56
57
58
59
60
61
62
63
64
65
66
67
68
69
70
71
72
73
74
75
76
77
78
79
80
81
82
83
84
85
86
87
88
89
90
91
92
93
94
95
96
97
98
99
100
101
102
103
104
105
106
107
108
109
110
111
112
113
114
115
116
117
118
119
120
121
122
123
124
125
126
127
128
129
130
131
132
133
134
135
136
137
138
139
140
141
142
143
144
145
146
147
148
149
150
151
152
153
154
155
156
157
158
159
160
161
162
163
164
165
166
167
168
169
170
171
172
173
174
175
176
177
178
179
180
181
182
183
184
185
186
187
188
189
190
191
192
193
194
195
196
197
198
199
