 
Files to read: ['../pilot-cpjump1-data/profiles/2020_11_04_CPJUMP1/BR00116995/BR00116995_normalized_feature_select_negcon.csv.gz']
Files to read: ['../pilot-cpjump1-data/profiles/2020_11_04_CPJUMP1/BR00117024/BR00117024_normalized_feature_select_negcon.csv.gz']
Files to read: ['../pilot-cpjump1-data/profiles/2020_11_04_CPJUMP1/BR00117025/BR00117025_normalized_feature_select_negcon.csv.gz']
Files to read: ['../pilot-cpjump1-data/profiles/2020_11_04_CPJUMP1/BR00117026/BR00117026_normalized_feature_select_negcon.csv.gz']
Files to read: ['../pilot-cpjump1-data/profiles/2020_11_04_CPJUMP1/BR00116997/BR00116997_normalized_feature_select_negcon.csv.gz']
Files to read: ['../pilot-cpjump1-data/profiles/2020_11_04_CPJUMP1/BR00116998/BR00116998_normalized_feature_select_negcon.csv.gz']
Files to read: ['../pilot-cpjump1-data/profiles/2020_11_04_CPJUMP1/BR00116999/BR00116999_normalized_feature_select_negcon.csv.gz']
Files to read: ['../pilot-cpjump1-data/profiles/2020_11_04_CPJUMP1/BR00116996/BR00116996_normalized_feature_select_negcon.csv.gz']
Files to read: ['../pilot-cpjump1-data/profiles/2020_11_04_CPJUMP1/BR00117022/BR00117022_normalized_feature_select_negcon.csv.gz']
Files to read: ['../pilot-cpjump1-data/profiles/2020_11_04_CPJUMP1/BR00117023/BR00117023_normalized_feature_select_negcon.csv.gz']

  0%|          | 0/200 [00:00<?, ?it/s]
  0%|          | 1/200 [00:08<26:53,  8.11s/it]
  1%|          | 2/200 [00:13<20:54,  6.34s/it]
  2%|▏         | 3/200 [00:18<18:49,  5.73s/it]
  2%|▏         | 4/200 [00:23<17:45,  5.44s/it]
  2%|▎         | 5/200 [00:29<18:18,  5.63s/it]
  3%|▎         | 6/200 [00:33<16:55,  5.24s/it]
  4%|▎         | 7/200 [00:38<16:21,  5.08s/it]
  4%|▍         | 8/200 [00:43<16:30,  5.16s/it]
  4%|▍         | 9/200 [00:49<16:34,  5.21s/it]
  5%|▌         | 10/200 [00:54<16:53,  5.34s/it]
  6%|▌         | 11/200 [01:00<16:59,  5.39s/it]
  6%|▌         | 12/200 [01:04<16:19,  5.21s/it]
  6%|▋         | 13/200 [01:10<16:32,  5.31s/it]
  7%|▋         | 14/200 [01:15<16:06,  5.20s/it]
  8%|▊         | 15/200 [01:20<15:40,  5.08s/it]
  8%|▊         | 16/200 [01:25<15:29,  5.05s/it]
  8%|▊         | 17/200 [01:29<15:03,  4.94s/it]
  9%|▉         | 18/200 [01:34<14:46,  4.87s/it]
 10%|▉         | 19/200 [01:39<14:38,  4.86s/it]
 10%|█         | 20/200 [01:44<14:36,  4.87s/it]
 10%|█         | 21/200 [01:49<14:36,  4.90s/it]
 11%|█         | 22/200 [01:53<14:16,  4.81s/it]
 12%|█▏        | 23/200 [01:58<14:06,  4.78s/it]
 12%|█▏        | 24/200 [02:03<13:58,  4.76s/it]
 12%|█▎        | 25/200 [02:08<13:56,  4.78s/it]
 13%|█▎        | 26/200 [02:13<14:24,  4.97s/it]
 14%|█▎        | 27/200 [02:18<14:18,  4.96s/it]
 14%|█▍        | 28/200 [02:23<13:56,  4.86s/it]
 14%|█▍        | 29/200 [02:27<13:37,  4.78s/it]
 15%|█▌        | 30/200 [02:32<13:30,  4.77s/it]
 16%|█▌        | 31/200 [02:37<13:38,  4.84s/it]
 16%|█▌        | 32/200 [02:42<13:42,  4.90s/it]
 16%|█▋        | 33/200 [02:47<13:55,  5.01s/it]
 17%|█▋        | 34/200 [02:52<13:34,  4.91s/it]
 18%|█▊        | 35/200 [02:57<13:36,  4.95s/it]
 18%|█▊        | 36/200 [03:02<13:21,  4.88s/it]
 18%|█▊        | 37/200 [03:07<13:11,  4.86s/it]
 19%|█▉        | 38/200 [03:12<13:16,  4.92s/it]
 20%|█▉        | 39/200 [03:16<13:02,  4.86s/it]
 20%|██        | 40/200 [03:21<12:53,  4.83s/it]
 20%|██        | 41/200 [03:26<12:41,  4.79s/it]
 21%|██        | 42/200 [03:31<12:42,  4.82s/it]
 22%|██▏       | 43/200 [03:36<12:38,  4.83s/it]
 22%|██▏       | 44/200 [03:40<12:26,  4.78s/it]
 22%|██▎       | 45/200 [03:45<12:40,  4.91s/it]
 23%|██▎       | 46/200 [03:50<12:31,  4.88s/it]
 24%|██▎       | 47/200 [03:55<12:16,  4.81s/it]
 24%|██▍       | 48/200 [04:00<12:05,  4.77s/it]
 24%|██▍       | 49/200 [04:04<11:56,  4.74s/it]
 25%|██▌       | 50/200 [04:09<11:54,  4.76s/it]
 26%|██▌       | 51/200 [04:14<11:53,  4.79s/it]
 26%|██▌       | 52/200 [04:19<12:08,  4.93s/it]
 26%|██▋       | 53/200 [04:24<12:04,  4.93s/it]
 27%|██▋       | 54/200 [04:29<11:59,  4.93s/it]
 28%|██▊       | 55/200 [04:34<11:56,  4.94s/it]
 28%|██▊       | 56/200 [04:39<11:45,  4.90s/it]
 28%|██▊       | 57/200 [04:45<12:30,  5.25s/it]
 29%|██▉       | 58/200 [04:50<12:29,  5.28s/it]
 30%|██▉       | 59/200 [04:55<11:55,  5.07s/it]
 30%|███       | 60/200 [05:00<11:54,  5.10s/it]
 30%|███       | 61/200 [05:06<12:12,  5.27s/it]
 31%|███       | 62/200 [05:10<11:41,  5.09s/it]
 32%|███▏      | 63/200 [05:15<11:20,  4.97s/it]
 32%|███▏      | 64/200 [05:20<11:31,  5.08s/it]
 32%|███▎      | 65/200 [05:25<11:12,  4.98s/it]
 33%|███▎      | 66/200 [05:30<10:59,  4.93s/it]
 34%|███▎      | 67/200 [05:35<10:44,  4.85s/it]
 34%|███▍      | 68/200 [05:40<10:50,  4.93s/it]
 34%|███▍      | 69/200 [05:44<10:38,  4.87s/it]
 35%|███▌      | 70/200 [05:49<10:25,  4.81s/it]
 36%|███▌      | 71/200 [05:53<10:04,  4.69s/it]
 36%|███▌      | 72/200 [05:58<10:00,  4.69s/it]
 36%|███▋      | 73/200 [06:03<10:18,  4.87s/it]
 37%|███▋      | 74/200 [06:10<11:01,  5.25s/it]
 38%|███▊      | 75/200 [06:16<11:23,  5.47s/it]
 38%|███▊      | 76/200 [06:21<11:14,  5.44s/it]
 38%|███▊      | 77/200 [06:26<10:40,  5.21s/it]
 39%|███▉      | 78/200 [06:30<10:16,  5.05s/it]
 40%|███▉      | 79/200 [06:35<10:01,  4.97s/it]
 40%|████      | 80/200 [06:40<09:53,  4.95s/it]
 40%|████      | 81/200 [06:45<09:48,  4.94s/it]
 41%|████      | 82/200 [06:50<09:44,  4.95s/it]
 42%|████▏     | 83/200 [06:55<09:32,  4.90s/it]
 42%|████▏     | 84/200 [07:00<09:47,  5.07s/it]
 42%|████▎     | 85/200 [07:05<09:34,  4.99s/it]
 43%|████▎     | 86/200 [07:10<09:20,  4.91s/it]
 44%|████▎     | 87/200 [07:14<09:04,  4.82s/it]
 44%|████▍     | 88/200 [07:19<08:56,  4.79s/it]
 44%|████▍     | 89/200 [07:24<08:53,  4.80s/it]
 45%|████▌     | 90/200 [07:29<08:49,  4.81s/it]
 46%|████▌     | 91/200 [07:33<08:43,  4.81s/it]
 46%|████▌     | 92/200 [07:38<08:36,  4.78s/it]
 46%|████▋     | 93/200 [07:43<08:34,  4.81s/it]
 47%|████▋     | 94/200 [07:48<08:25,  4.77s/it]
 48%|████▊     | 95/200 [07:52<08:13,  4.70s/it]
 48%|████▊     | 96/200 [07:57<08:07,  4.69s/it]
 48%|████▊     | 97/200 [08:02<08:01,  4.67s/it]
 49%|████▉     | 98/200 [08:07<08:09,  4.80s/it]
 50%|████▉     | 99/200 [08:12<08:18,  4.93s/it]
 50%|█████     | 100/200 [08:17<08:27,  5.07s/it]
 50%|█████     | 101/200 [08:22<08:07,  4.93s/it]
 51%|█████     | 102/200 [08:27<08:02,  4.92s/it]
 52%|█████▏    | 103/200 [08:32<08:01,  4.97s/it]
 52%|█████▏    | 104/200 [08:38<08:21,  5.22s/it]
 52%|█████▎    | 105/200 [08:44<08:39,  5.47s/it]
 53%|█████▎    | 106/200 [08:50<08:43,  5.57s/it]
 54%|█████▎    | 107/200 [08:55<08:32,  5.51s/it]
 54%|█████▍    | 108/200 [09:00<08:14,  5.37s/it]
 55%|█████▍    | 109/200 [09:05<07:52,  5.19s/it]
 55%|█████▌    | 110/200 [09:10<07:41,  5.13s/it]
 56%|█████▌    | 111/200 [09:15<07:49,  5.27s/it]
 56%|█████▌    | 112/200 [09:20<07:32,  5.14s/it]
 56%|█████▋    | 113/200 [09:25<07:14,  4.99s/it]
 57%|█████▋    | 114/200 [09:30<07:05,  4.94s/it]
 57%|█████▊    | 115/200 [09:34<06:53,  4.87s/it]
 58%|█████▊    | 116/200 [09:39<06:53,  4.92s/it]
 58%|█████▊    | 117/200 [09:44<06:40,  4.82s/it]
 59%|█████▉    | 118/200 [09:49<06:38,  4.86s/it]
 60%|█████▉    | 119/200 [09:54<06:31,  4.84s/it]
 60%|██████    | 120/200 [09:59<06:29,  4.87s/it]
 60%|██████    | 121/200 [10:03<06:18,  4.79s/it]
 61%|██████    | 122/200 [10:08<06:16,  4.83s/it]
 62%|██████▏   | 123/200 [10:13<06:05,  4.75s/it]
 62%|██████▏   | 124/200 [10:17<06:01,  4.76s/it]
 62%|██████▎   | 125/200 [10:22<05:58,  4.79s/it]
 63%|██████▎   | 126/200 [10:27<05:56,  4.81s/it]
 64%|██████▎   | 127/200 [10:32<05:48,  4.77s/it]
 64%|██████▍   | 128/200 [10:37<05:48,  4.85s/it]
 64%|██████▍   | 129/200 [10:42<05:49,  4.92s/it]
 65%|██████▌   | 130/200 [10:47<05:47,  4.97s/it]
 66%|██████▌   | 131/200 [10:52<05:36,  4.88s/it]
 66%|██████▌   | 132/200 [10:57<05:36,  4.95s/it]
 66%|██████▋   | 133/200 [11:02<05:44,  5.14s/it]
 67%|██████▋   | 134/200 [11:08<05:56,  5.41s/it]
 68%|██████▊   | 135/200 [11:13<05:36,  5.17s/it]
 68%|██████▊   | 136/200 [11:18<05:25,  5.09s/it]
 68%|██████▊   | 137/200 [11:23<05:12,  4.96s/it]
 69%|██████▉   | 138/200 [11:27<05:02,  4.87s/it]
 70%|██████▉   | 139/200 [11:33<05:05,  5.02s/it]
 70%|███████   | 140/200 [11:38<05:05,  5.10s/it]
 70%|███████   | 141/200 [11:43<05:06,  5.20s/it]
 71%|███████   | 142/200 [11:49<05:02,  5.22s/it]
 72%|███████▏  | 143/200 [11:54<04:56,  5.20s/it]
 72%|███████▏  | 144/200 [11:59<04:44,  5.08s/it]
 72%|███████▎  | 145/200 [12:04<04:44,  5.18s/it]
 73%|███████▎  | 146/200 [12:09<04:35,  5.10s/it]
 74%|███████▎  | 147/200 [12:14<04:29,  5.08s/it]
 74%|███████▍  | 148/200 [12:19<04:19,  4.99s/it]
 74%|███████▍  | 149/200 [12:23<04:10,  4.91s/it]
 75%|███████▌  | 150/200 [12:28<04:05,  4.91s/it]
 76%|███████▌  | 151/200 [12:33<04:01,  4.92s/it]
 76%|███████▌  | 152/200 [12:38<03:54,  4.89s/it]
 76%|███████▋  | 153/200 [12:43<03:47,  4.84s/it]
 77%|███████▋  | 154/200 [12:47<03:38,  4.76s/it]
 78%|███████▊  | 155/200 [12:52<03:33,  4.74s/it]
 78%|███████▊  | 156/200 [12:57<03:29,  4.75s/it]
 78%|███████▊  | 157/200 [13:02<03:25,  4.77s/it]
 79%|███████▉  | 158/200 [13:07<03:21,  4.79s/it]
 80%|███████▉  | 159/200 [13:11<03:16,  4.80s/it]
 80%|████████  | 160/200 [13:17<03:20,  5.01s/it]
 80%|████████  | 161/200 [13:22<03:12,  4.95s/it]
 81%|████████  | 162/200 [13:27<03:12,  5.06s/it]
 82%|████████▏ | 163/200 [13:32<03:03,  4.97s/it]
 82%|████████▏ | 164/200 [13:36<02:54,  4.85s/it]
 82%|████████▎ | 165/200 [13:41<02:50,  4.88s/it]
 83%|████████▎ | 166/200 [13:46<02:47,  4.92s/it]
 84%|████████▎ | 167/200 [13:51<02:38,  4.82s/it]
 84%|████████▍ | 168/200 [13:56<02:34,  4.84s/it]
 84%|████████▍ | 169/200 [14:02<02:38,  5.12s/it]
 85%|████████▌ | 170/200 [14:08<02:48,  5.61s/it]
 86%|████████▌ | 171/200 [14:14<02:39,  5.49s/it]
 86%|████████▌ | 172/200 [14:19<02:30,  5.36s/it]
 86%|████████▋ | 173/200 [14:24<02:27,  5.46s/it]
 87%|████████▋ | 174/200 [14:29<02:18,  5.31s/it]
 88%|████████▊ | 175/200 [14:34<02:07,  5.11s/it]
 88%|████████▊ | 176/200 [14:38<01:58,  4.94s/it]
 88%|████████▊ | 177/200 [14:43<01:53,  4.93s/it]
 89%|████████▉ | 178/200 [14:48<01:46,  4.83s/it]
 90%|████████▉ | 179/200 [14:53<01:40,  4.79s/it]
 90%|█████████ | 180/200 [14:57<01:36,  4.81s/it]
 90%|█████████ | 181/200 [15:03<01:32,  4.88s/it]
 91%|█████████ | 182/200 [15:08<01:30,  5.04s/it]
 92%|█████████▏| 183/200 [15:13<01:25,  5.05s/it]
 92%|█████████▏| 184/200 [15:18<01:21,  5.07s/it]
 92%|█████████▎| 185/200 [15:23<01:15,  5.00s/it]
 93%|█████████▎| 186/200 [15:28<01:08,  4.93s/it]
 94%|█████████▎| 187/200 [15:32<01:03,  4.86s/it]
 94%|█████████▍| 188/200 [15:37<00:59,  4.92s/it]
 94%|█████████▍| 189/200 [15:43<00:55,  5.00s/it]
 95%|█████████▌| 190/200 [15:48<00:50,  5.10s/it]
 96%|█████████▌| 191/200 [15:53<00:44,  4.97s/it]
 96%|█████████▌| 192/200 [15:58<00:39,  4.95s/it]
 96%|█████████▋| 193/200 [16:03<00:35,  5.10s/it]
 97%|█████████▋| 194/200 [16:08<00:30,  5.16s/it]
 98%|█████████▊| 195/200 [16:14<00:26,  5.21s/it]
 98%|█████████▊| 196/200 [16:19<00:20,  5.24s/it]
 98%|█████████▊| 197/200 [16:24<00:15,  5.26s/it]
 99%|█████████▉| 198/200 [16:30<00:10,  5.26s/it]
100%|█████████▉| 199/200 [16:35<00:05,  5.37s/it]
100%|██████████| 200/200 [16:41<00:00,  5.51s/it]
                                                 
0
1
2
3
4
5
6
7
8
9
10
11
12
13
14
15
16
17
18
19
20
21
22
23
24
25
26
27
28
29
30
31
32
33
34
35
36
37
38
39
40
41
42
43
44
45
46
47
48
49
50
51
52
53
54
55
56
57
58
59
60
61
62
63
64
65
66
67
68
69
70
71
72
73
74
75
76
77
78
79
80
81
82
83
84
85
86
87
88
89
90
91
92
93
94
95
96
97
98
99
100
101
102
103
104
105
106
107
108
109
110
111
112
113
114
115
116
117
118
119
120
121
122
123
124
125
126
127
128
129
130
131
132
133
134
135
136
137
138
139
140
141
142
143
144
145
146
147
148
149
150
151
152
153
154
155
156
157
158
159
160
161
162
163
164
165
166
167
168
169
170
171
172
173
174
175
176
177
178
179
180
181
182
183
184
185
186
187
188
189
190
191
192
193
194
195
196
197
198
199
