 
Files to read: ['../pilot-cpjump1-data/profiles/2020_11_04_CPJUMP1/BR00116995/BR00116995_normalized_feature_select_negcon.csv.gz']
Files to read: ['../pilot-cpjump1-data/profiles/2020_11_04_CPJUMP1/BR00117024/BR00117024_normalized_feature_select_negcon.csv.gz']
Files to read: ['../pilot-cpjump1-data/profiles/2020_11_04_CPJUMP1/BR00117025/BR00117025_normalized_feature_select_negcon.csv.gz']
Files to read: ['../pilot-cpjump1-data/profiles/2020_11_04_CPJUMP1/BR00117026/BR00117026_normalized_feature_select_negcon.csv.gz']
Files to read: ['../pilot-cpjump1-data/profiles/2020_11_04_CPJUMP1/BR00116997/BR00116997_normalized_feature_select_negcon.csv.gz']
Files to read: ['../pilot-cpjump1-data/profiles/2020_11_04_CPJUMP1/BR00116998/BR00116998_normalized_feature_select_negcon.csv.gz']
Files to read: ['../pilot-cpjump1-data/profiles/2020_11_04_CPJUMP1/BR00116999/BR00116999_normalized_feature_select_negcon.csv.gz']
Files to read: ['../pilot-cpjump1-data/profiles/2020_11_04_CPJUMP1/BR00116996/BR00116996_normalized_feature_select_negcon.csv.gz']
Files to read: ['../pilot-cpjump1-data/profiles/2020_11_04_CPJUMP1/BR00117022/BR00117022_normalized_feature_select_negcon.csv.gz']
Files to read: ['../pilot-cpjump1-data/profiles/2020_11_04_CPJUMP1/BR00117023/BR00117023_normalized_feature_select_negcon.csv.gz']

  0%|          | 0/200 [00:00<?, ?it/s]
  0%|          | 1/200 [00:07<23:48,  7.18s/it]
  1%|          | 2/200 [00:10<17:06,  5.19s/it]
  2%|▏         | 3/200 [00:14<14:40,  4.47s/it]
  2%|▏         | 4/200 [00:18<13:48,  4.23s/it]
  2%|▎         | 5/200 [00:22<13:31,  4.16s/it]
  3%|▎         | 6/200 [00:26<13:18,  4.12s/it]
  4%|▎         | 7/200 [00:30<13:32,  4.21s/it]
  4%|▍         | 8/200 [00:35<13:26,  4.20s/it]
  4%|▍         | 9/200 [00:38<13:03,  4.10s/it]
  5%|▌         | 10/200 [00:43<13:04,  4.13s/it]
  6%|▌         | 11/200 [00:47<12:56,  4.11s/it]
  6%|▌         | 12/200 [00:51<12:40,  4.05s/it]
  6%|▋         | 13/200 [00:55<12:36,  4.05s/it]
  7%|▋         | 14/200 [00:59<12:40,  4.09s/it]
  8%|▊         | 15/200 [01:03<12:20,  4.00s/it]
  8%|▊         | 16/200 [01:07<12:34,  4.10s/it]
  8%|▊         | 17/200 [01:11<12:25,  4.07s/it]
  9%|▉         | 18/200 [01:16<12:57,  4.27s/it]
 10%|▉         | 19/200 [01:20<12:54,  4.28s/it]
 10%|█         | 20/200 [01:25<13:08,  4.38s/it]
 10%|█         | 21/200 [01:29<13:06,  4.39s/it]
 11%|█         | 22/200 [01:34<13:15,  4.47s/it]
 12%|█▏        | 23/200 [01:38<12:45,  4.33s/it]
 12%|█▏        | 24/200 [01:42<12:20,  4.21s/it]
 12%|█▎        | 25/200 [01:46<12:46,  4.38s/it]
 13%|█▎        | 26/200 [01:50<12:16,  4.23s/it]
 14%|█▎        | 27/200 [01:55<12:10,  4.22s/it]
 14%|█▍        | 28/200 [01:59<12:10,  4.25s/it]
 14%|█▍        | 29/200 [02:04<12:33,  4.40s/it]
 15%|█▌        | 30/200 [02:08<12:13,  4.32s/it]
 16%|█▌        | 31/200 [02:12<12:06,  4.30s/it]
 16%|█▌        | 32/200 [02:16<11:49,  4.22s/it]
 16%|█▋        | 33/200 [02:20<11:21,  4.08s/it]
 17%|█▋        | 34/200 [02:24<11:00,  3.98s/it]
 18%|█▊        | 35/200 [02:27<10:47,  3.92s/it]
 18%|█▊        | 36/200 [02:31<10:41,  3.91s/it]
 18%|█▊        | 37/200 [02:35<10:45,  3.96s/it]
 19%|█▉        | 38/200 [02:40<11:10,  4.14s/it]
 20%|█▉        | 39/200 [02:44<11:11,  4.17s/it]
 20%|██        | 40/200 [02:48<11:07,  4.17s/it]
 20%|██        | 41/200 [02:52<10:50,  4.09s/it]
 21%|██        | 42/200 [02:56<10:37,  4.03s/it]
 22%|██▏       | 43/200 [03:00<10:20,  3.95s/it]
 22%|██▏       | 44/200 [03:04<10:18,  3.97s/it]
 22%|██▎       | 45/200 [03:07<09:58,  3.86s/it]
 23%|██▎       | 46/200 [03:12<10:28,  4.08s/it]
 24%|██▎       | 47/200 [03:16<10:18,  4.04s/it]
 24%|██▍       | 48/200 [03:20<10:08,  4.01s/it]
 24%|██▍       | 49/200 [03:24<10:03,  4.00s/it]
 25%|██▌       | 50/200 [03:28<10:07,  4.05s/it]
 26%|██▌       | 51/200 [03:32<09:41,  3.90s/it]
 26%|██▌       | 52/200 [03:35<09:27,  3.83s/it]
 26%|██▋       | 53/200 [03:39<09:21,  3.82s/it]
 27%|██▋       | 54/200 [03:43<09:35,  3.95s/it]
 28%|██▊       | 55/200 [03:47<09:42,  4.02s/it]
 28%|██▊       | 56/200 [03:52<09:42,  4.04s/it]
 28%|██▊       | 57/200 [03:56<09:40,  4.06s/it]
 29%|██▉       | 58/200 [04:00<09:36,  4.06s/it]
 30%|██▉       | 59/200 [04:04<09:28,  4.03s/it]
 30%|███       | 60/200 [04:08<09:41,  4.16s/it]
 30%|███       | 61/200 [04:13<09:58,  4.30s/it]
 31%|███       | 62/200 [04:17<09:59,  4.34s/it]
 32%|███▏      | 63/200 [04:22<10:18,  4.51s/it]
 32%|███▏      | 64/200 [04:26<10:05,  4.45s/it]
 32%|███▎      | 65/200 [04:31<09:58,  4.44s/it]
 33%|███▎      | 66/200 [04:34<09:21,  4.19s/it]
 34%|███▎      | 67/200 [04:39<09:13,  4.16s/it]
 34%|███▍      | 68/200 [04:43<09:06,  4.14s/it]
 34%|███▍      | 69/200 [04:47<08:59,  4.12s/it]
 35%|███▌      | 70/200 [04:51<08:56,  4.13s/it]
 36%|███▌      | 71/200 [04:55<08:58,  4.17s/it]
 36%|███▌      | 72/200 [04:59<08:48,  4.13s/it]
 36%|███▋      | 73/200 [05:03<08:49,  4.17s/it]
 37%|███▋      | 74/200 [05:08<08:47,  4.19s/it]
 38%|███▊      | 75/200 [05:12<08:34,  4.12s/it]
 38%|███▊      | 76/200 [05:16<08:35,  4.16s/it]
 38%|███▊      | 77/200 [05:20<08:32,  4.17s/it]
 39%|███▉      | 78/200 [05:24<08:34,  4.22s/it]
 40%|███▉      | 79/200 [05:28<08:26,  4.18s/it]
 40%|████      | 80/200 [05:33<08:25,  4.21s/it]
 40%|████      | 81/200 [05:37<08:25,  4.25s/it]
 41%|████      | 82/200 [05:41<08:15,  4.20s/it]
 42%|████▏     | 83/200 [05:45<08:03,  4.13s/it]
 42%|████▏     | 84/200 [05:49<08:04,  4.18s/it]
 42%|████▎     | 85/200 [05:54<08:00,  4.18s/it]
 43%|████▎     | 86/200 [05:58<08:00,  4.22s/it]
 44%|████▎     | 87/200 [06:02<07:42,  4.10s/it]
 44%|████▍     | 88/200 [06:06<07:34,  4.06s/it]
 44%|████▍     | 89/200 [06:10<07:33,  4.09s/it]
 45%|████▌     | 90/200 [06:14<07:22,  4.02s/it]
 46%|████▌     | 91/200 [06:18<07:29,  4.13s/it]
 46%|████▌     | 92/200 [06:23<07:35,  4.21s/it]
 46%|████▋     | 93/200 [06:27<07:39,  4.29s/it]
 47%|████▋     | 94/200 [06:31<07:38,  4.33s/it]
 48%|████▊     | 95/200 [06:35<07:21,  4.20s/it]
 48%|████▊     | 96/200 [06:39<07:09,  4.13s/it]
 48%|████▊     | 97/200 [06:43<06:50,  3.98s/it]
 49%|████▉     | 98/200 [06:47<06:44,  3.96s/it]
 50%|████▉     | 99/200 [06:51<06:32,  3.89s/it]
 50%|█████     | 100/200 [06:55<06:59,  4.20s/it]
 50%|█████     | 101/200 [07:00<07:02,  4.26s/it]
 51%|█████     | 102/200 [07:04<06:53,  4.22s/it]
 52%|█████▏    | 103/200 [07:08<06:54,  4.27s/it]
 52%|█████▏    | 104/200 [07:13<07:10,  4.48s/it]
 52%|█████▎    | 105/200 [07:18<06:56,  4.38s/it]
 53%|█████▎    | 106/200 [07:22<06:44,  4.31s/it]
 54%|█████▎    | 107/200 [07:25<06:24,  4.14s/it]
 54%|█████▍    | 108/200 [07:29<06:15,  4.08s/it]
 55%|█████▍    | 109/200 [07:34<06:17,  4.14s/it]
 55%|█████▌    | 110/200 [07:38<06:06,  4.07s/it]
 56%|█████▌    | 111/200 [07:41<05:55,  4.00s/it]
 56%|█████▌    | 112/200 [07:45<05:51,  3.99s/it]
 56%|█████▋    | 113/200 [07:49<05:35,  3.85s/it]
 57%|█████▋    | 114/200 [07:53<05:37,  3.92s/it]
 57%|█████▊    | 115/200 [07:57<05:39,  4.00s/it]
 58%|█████▊    | 116/200 [08:01<05:40,  4.05s/it]
 58%|█████▊    | 117/200 [08:05<05:31,  3.99s/it]
 59%|█████▉    | 118/200 [08:09<05:17,  3.87s/it]
 60%|█████▉    | 119/200 [08:12<05:09,  3.82s/it]
 60%|██████    | 120/200 [08:16<04:58,  3.73s/it]
 60%|██████    | 121/200 [08:20<04:56,  3.76s/it]
 61%|██████    | 122/200 [08:24<04:55,  3.79s/it]
 62%|██████▏   | 123/200 [08:28<05:00,  3.91s/it]
 62%|██████▏   | 124/200 [08:32<05:02,  3.99s/it]
 62%|██████▎   | 125/200 [08:35<04:47,  3.84s/it]
 63%|██████▎   | 126/200 [08:40<04:56,  4.00s/it]
 64%|██████▎   | 127/200 [08:45<05:18,  4.36s/it]
 64%|██████▍   | 128/200 [08:49<05:08,  4.28s/it]
 64%|██████▍   | 129/200 [08:54<05:06,  4.32s/it]
 65%|██████▌   | 130/200 [08:58<05:00,  4.29s/it]
 66%|██████▌   | 131/200 [09:02<04:49,  4.19s/it]
 66%|██████▌   | 132/200 [09:06<04:35,  4.06s/it]
 66%|██████▋   | 133/200 [09:09<04:19,  3.87s/it]
 67%|██████▋   | 134/200 [09:13<04:11,  3.81s/it]
 68%|██████▊   | 135/200 [09:16<04:08,  3.82s/it]
 68%|██████▊   | 136/200 [09:21<04:12,  3.95s/it]
 68%|██████▊   | 137/200 [09:25<04:15,  4.06s/it]
 69%|██████▉   | 138/200 [09:29<04:05,  3.96s/it]
 70%|██████▉   | 139/200 [09:32<03:56,  3.88s/it]
 70%|███████   | 140/200 [09:36<03:53,  3.90s/it]
 70%|███████   | 141/200 [09:40<03:49,  3.88s/it]
 71%|███████   | 142/200 [09:45<03:52,  4.01s/it]
 72%|███████▏  | 143/200 [09:49<03:56,  4.14s/it]
 72%|███████▏  | 144/200 [09:53<03:48,  4.08s/it]
 72%|███████▎  | 145/200 [09:57<03:46,  4.12s/it]
 73%|███████▎  | 146/200 [10:01<03:39,  4.07s/it]
 74%|███████▎  | 147/200 [10:05<03:33,  4.03s/it]
 74%|███████▍  | 148/200 [10:09<03:29,  4.02s/it]
 74%|███████▍  | 149/200 [10:13<03:21,  3.95s/it]
 75%|███████▌  | 150/200 [10:17<03:13,  3.88s/it]
 76%|███████▌  | 151/200 [10:20<03:06,  3.81s/it]
 76%|███████▌  | 152/200 [10:24<03:00,  3.76s/it]
 76%|███████▋  | 153/200 [10:27<02:53,  3.69s/it]
 77%|███████▋  | 154/200 [10:31<02:47,  3.63s/it]
 78%|███████▊  | 155/200 [10:34<02:40,  3.57s/it]
 78%|███████▊  | 156/200 [10:38<02:38,  3.60s/it]
 78%|███████▊  | 157/200 [10:42<02:45,  3.84s/it]
 79%|███████▉  | 158/200 [10:47<02:46,  3.97s/it]
 80%|███████▉  | 159/200 [10:51<02:44,  4.00s/it]
 80%|████████  | 160/200 [10:55<02:41,  4.04s/it]
 80%|████████  | 161/200 [10:59<02:40,  4.12s/it]
 81%|████████  | 162/200 [11:03<02:38,  4.17s/it]
 82%|████████▏ | 163/200 [11:08<02:34,  4.18s/it]
 82%|████████▏ | 164/200 [11:12<02:33,  4.28s/it]
 82%|████████▎ | 165/200 [11:16<02:28,  4.24s/it]
 83%|████████▎ | 166/200 [11:20<02:22,  4.20s/it]
 84%|████████▎ | 167/200 [11:24<02:13,  4.06s/it]
 84%|████████▍ | 168/200 [11:28<02:10,  4.09s/it]
 84%|████████▍ | 169/200 [11:33<02:10,  4.21s/it]
 85%|████████▌ | 170/200 [11:37<02:07,  4.24s/it]
 86%|████████▌ | 171/200 [11:41<02:01,  4.17s/it]
 86%|████████▌ | 172/200 [11:46<02:00,  4.30s/it]
 86%|████████▋ | 173/200 [11:50<01:55,  4.28s/it]
 87%|████████▋ | 174/200 [11:54<01:50,  4.23s/it]
 88%|████████▊ | 175/200 [11:58<01:43,  4.14s/it]
 88%|████████▊ | 176/200 [12:02<01:38,  4.11s/it]
 88%|████████▊ | 177/200 [12:06<01:34,  4.10s/it]
 89%|████████▉ | 178/200 [12:10<01:29,  4.07s/it]
 90%|████████▉ | 179/200 [12:14<01:25,  4.09s/it]
 90%|█████████ | 180/200 [12:18<01:21,  4.09s/it]
 90%|█████████ | 181/200 [12:22<01:18,  4.11s/it]
 91%|█████████ | 182/200 [12:26<01:13,  4.08s/it]
 92%|█████████▏| 183/200 [12:30<01:07,  3.96s/it]
 92%|█████████▏| 184/200 [12:34<01:02,  3.88s/it]
 92%|█████████▎| 185/200 [12:38<00:59,  3.96s/it]
 93%|█████████▎| 186/200 [12:42<00:55,  3.99s/it]
 94%|█████████▎| 187/200 [12:46<00:52,  4.03s/it]
 94%|█████████▍| 188/200 [12:50<00:48,  4.08s/it]
 94%|█████████▍| 189/200 [12:54<00:45,  4.10s/it]
 95%|█████████▌| 190/200 [12:59<00:41,  4.17s/it]
 96%|█████████▌| 191/200 [13:03<00:37,  4.12s/it]
 96%|█████████▌| 192/200 [13:07<00:32,  4.06s/it]
 96%|█████████▋| 193/200 [13:11<00:27,  3.98s/it]
 97%|█████████▋| 194/200 [13:15<00:25,  4.22s/it]
 98%|█████████▊| 195/200 [13:19<00:20,  4.18s/it]
 98%|█████████▊| 196/200 [13:24<00:16,  4.18s/it]
 98%|█████████▊| 197/200 [13:28<00:12,  4.14s/it]
 99%|█████████▉| 198/200 [13:32<00:08,  4.12s/it]
100%|█████████▉| 199/200 [13:36<00:04,  4.21s/it]
100%|██████████| 200/200 [13:41<00:00,  4.30s/it]
                                                 
0
1
2
3
4
5
6
7
8
9
10
11
12
13
14
15
16
17
18
19
20
21
22
23
24
25
26
27
28
29
30
31
32
33
34
35
36
37
38
39
40
41
42
43
44
45
46
47
48
49
50
51
52
53
54
55
56
57
58
59
60
61
62
63
64
65
66
67
68
69
70
71
72
73
74
75
76
77
78
79
80
81
82
83
84
85
86
87
88
89
90
91
92
93
94
95
96
97
98
99
100
101
102
103
104
105
106
107
108
109
110
111
112
113
114
115
116
117
118
119
120
121
122
123
124
125
126
127
128
129
130
131
132
133
134
135
136
137
138
139
140
141
142
143
144
145
146
147
148
149
150
151
152
153
154
155
156
157
158
159
160
161
162
163
164
165
166
167
168
169
170
171
172
173
174
175
176
177
178
179
180
181
182
183
184
185
186
187
188
189
190
191
192
193
194
195
196
197
198
199
