 
Files to read: ['../pilot-cpjump1-data/profiles/2020_11_04_CPJUMP1/BR00116995/BR00116995_normalized_feature_select_negcon.csv.gz']
Files to read: ['../pilot-cpjump1-data/profiles/2020_11_04_CPJUMP1/BR00117024/BR00117024_normalized_feature_select_negcon.csv.gz']
Files to read: ['../pilot-cpjump1-data/profiles/2020_11_04_CPJUMP1/BR00117025/BR00117025_normalized_feature_select_negcon.csv.gz']
Files to read: ['../pilot-cpjump1-data/profiles/2020_11_04_CPJUMP1/BR00117026/BR00117026_normalized_feature_select_negcon.csv.gz']
Files to read: ['../pilot-cpjump1-data/profiles/2020_11_04_CPJUMP1/BR00116997/BR00116997_normalized_feature_select_negcon.csv.gz']
Files to read: ['../pilot-cpjump1-data/profiles/2020_11_04_CPJUMP1/BR00116998/BR00116998_normalized_feature_select_negcon.csv.gz']
Files to read: ['../pilot-cpjump1-data/profiles/2020_11_04_CPJUMP1/BR00116999/BR00116999_normalized_feature_select_negcon.csv.gz']
Files to read: ['../pilot-cpjump1-data/profiles/2020_11_04_CPJUMP1/BR00116996/BR00116996_normalized_feature_select_negcon.csv.gz']
Files to read: ['../pilot-cpjump1-data/profiles/2020_11_04_CPJUMP1/BR00117022/BR00117022_normalized_feature_select_negcon.csv.gz']
Files to read: ['../pilot-cpjump1-data/profiles/2020_11_04_CPJUMP1/BR00117023/BR00117023_normalized_feature_select_negcon.csv.gz']

  0%|          | 0/200 [00:00<?, ?it/s]
  0%|          | 1/200 [00:08<26:52,  8.10s/it]
  1%|          | 2/200 [00:12<18:41,  5.66s/it]
  2%|▏         | 3/200 [00:15<15:49,  4.82s/it]
  2%|▏         | 4/200 [00:20<15:13,  4.66s/it]
  2%|▎         | 5/200 [00:24<14:32,  4.48s/it]
  3%|▎         | 6/200 [00:28<14:07,  4.37s/it]
  4%|▎         | 7/200 [00:32<13:38,  4.24s/it]
  4%|▍         | 8/200 [00:36<13:02,  4.07s/it]
  4%|▍         | 9/200 [00:39<12:32,  3.94s/it]
  5%|▌         | 10/200 [00:44<12:36,  3.98s/it]
  6%|▌         | 11/200 [00:48<12:55,  4.10s/it]
  6%|▌         | 12/200 [00:52<12:48,  4.09s/it]
  6%|▋         | 13/200 [00:56<12:23,  3.98s/it]
  7%|▋         | 14/200 [01:00<12:13,  3.95s/it]
  8%|▊         | 15/200 [01:04<12:14,  3.97s/it]
  8%|▊         | 16/200 [01:08<12:13,  3.99s/it]
  8%|▊         | 17/200 [01:11<11:56,  3.91s/it]
  9%|▉         | 18/200 [01:15<11:39,  3.84s/it]
 10%|▉         | 19/200 [01:19<11:58,  3.97s/it]
 10%|█         | 20/200 [01:24<12:16,  4.09s/it]
 10%|█         | 21/200 [01:28<11:59,  4.02s/it]
 11%|█         | 22/200 [01:31<11:43,  3.95s/it]
 12%|█▏        | 23/200 [01:35<11:30,  3.90s/it]
 12%|█▏        | 24/200 [01:39<11:27,  3.90s/it]
 12%|█▎        | 25/200 [01:43<11:33,  3.96s/it]
 13%|█▎        | 26/200 [01:47<11:24,  3.93s/it]
 14%|█▎        | 27/200 [01:51<11:10,  3.87s/it]
 14%|█▍        | 28/200 [01:55<11:05,  3.87s/it]
 14%|█▍        | 29/200 [01:58<10:59,  3.86s/it]
 15%|█▌        | 30/200 [02:02<11:01,  3.89s/it]
 16%|█▌        | 31/200 [02:06<10:48,  3.84s/it]
 16%|█▌        | 32/200 [02:10<10:48,  3.86s/it]
 16%|█▋        | 33/200 [02:14<10:47,  3.88s/it]
 17%|█▋        | 34/200 [02:18<10:45,  3.89s/it]
 18%|█▊        | 35/200 [02:22<10:51,  3.95s/it]
 18%|█▊        | 36/200 [02:26<10:37,  3.89s/it]
 18%|█▊        | 37/200 [02:30<10:41,  3.93s/it]
 19%|█▉        | 38/200 [02:34<10:51,  4.02s/it]
 20%|█▉        | 39/200 [02:38<10:39,  3.97s/it]
 20%|██        | 40/200 [02:42<10:48,  4.06s/it]
 20%|██        | 41/200 [02:46<11:03,  4.17s/it]
 21%|██        | 42/200 [02:51<11:29,  4.37s/it]
 22%|██▏       | 43/200 [02:56<11:26,  4.37s/it]
 22%|██▏       | 44/200 [03:00<11:19,  4.36s/it]
 22%|██▎       | 45/200 [03:04<11:00,  4.26s/it]
 23%|██▎       | 46/200 [03:08<10:50,  4.23s/it]
 24%|██▎       | 47/200 [03:12<10:33,  4.14s/it]
 24%|██▍       | 48/200 [03:16<10:10,  4.02s/it]
 24%|██▍       | 49/200 [03:20<09:52,  3.93s/it]
 25%|██▌       | 50/200 [03:23<09:45,  3.91s/it]
 26%|██▌       | 51/200 [03:27<09:40,  3.90s/it]
 26%|██▌       | 52/200 [03:31<09:35,  3.89s/it]
 26%|██▋       | 53/200 [03:35<09:26,  3.85s/it]
 27%|██▋       | 54/200 [03:39<09:17,  3.82s/it]
 28%|██▊       | 55/200 [03:43<09:18,  3.85s/it]
 28%|██▊       | 56/200 [03:46<09:15,  3.85s/it]
 28%|██▊       | 57/200 [03:50<09:08,  3.84s/it]
 29%|██▉       | 58/200 [03:54<09:11,  3.88s/it]
 30%|██▉       | 59/200 [03:58<09:03,  3.85s/it]
 30%|███       | 60/200 [04:02<09:04,  3.89s/it]
 30%|███       | 61/200 [04:06<09:05,  3.92s/it]
 31%|███       | 62/200 [04:10<08:58,  3.90s/it]
 32%|███▏      | 63/200 [04:14<08:50,  3.87s/it]
 32%|███▏      | 64/200 [04:18<08:50,  3.90s/it]
 32%|███▎      | 65/200 [04:21<08:37,  3.83s/it]
 33%|███▎      | 66/200 [04:25<08:35,  3.84s/it]
 34%|███▎      | 67/200 [04:29<08:24,  3.79s/it]
 34%|███▍      | 68/200 [04:33<08:27,  3.84s/it]
 34%|███▍      | 69/200 [04:37<08:18,  3.81s/it]
 35%|███▌      | 70/200 [04:40<08:20,  3.85s/it]
 36%|███▌      | 71/200 [04:45<08:31,  3.96s/it]
 36%|███▌      | 72/200 [04:49<08:25,  3.95s/it]
 36%|███▋      | 73/200 [04:52<08:16,  3.91s/it]
 37%|███▋      | 74/200 [04:57<08:22,  3.99s/it]
 38%|███▊      | 75/200 [05:01<08:16,  3.97s/it]
 38%|███▊      | 76/200 [05:05<08:16,  4.01s/it]
 38%|███▊      | 77/200 [05:08<08:02,  3.92s/it]
 39%|███▉      | 78/200 [05:12<07:54,  3.89s/it]
 40%|███▉      | 79/200 [05:16<07:53,  3.91s/it]
 40%|████      | 80/200 [05:20<07:58,  3.99s/it]
 40%|████      | 81/200 [05:25<08:04,  4.07s/it]
 41%|████      | 82/200 [05:28<07:53,  4.01s/it]
 42%|████▏     | 83/200 [05:32<07:44,  3.97s/it]
 42%|████▏     | 84/200 [05:36<07:35,  3.93s/it]
 42%|████▎     | 85/200 [05:40<07:26,  3.88s/it]
 43%|████▎     | 86/200 [05:44<07:19,  3.86s/it]
 44%|████▎     | 87/200 [05:48<07:16,  3.87s/it]
 44%|████▍     | 88/200 [05:52<07:37,  4.09s/it]
 44%|████▍     | 89/200 [05:56<07:33,  4.08s/it]
 45%|████▌     | 90/200 [06:01<07:45,  4.23s/it]
 46%|████▌     | 91/200 [06:05<07:44,  4.26s/it]
 46%|████▌     | 92/200 [06:09<07:42,  4.28s/it]
 46%|████▋     | 93/200 [06:14<07:37,  4.28s/it]
 47%|████▋     | 94/200 [06:18<07:30,  4.25s/it]
 48%|████▊     | 95/200 [06:22<07:25,  4.24s/it]
 48%|████▊     | 96/200 [06:26<07:04,  4.08s/it]
 48%|████▊     | 97/200 [06:30<07:02,  4.10s/it]
 49%|████▉     | 98/200 [06:34<06:52,  4.04s/it]
 50%|████▉     | 99/200 [06:38<06:44,  4.01s/it]
 50%|█████     | 100/200 [06:42<06:32,  3.92s/it]
 50%|█████     | 101/200 [06:45<06:27,  3.91s/it]
 51%|█████     | 102/200 [06:49<06:21,  3.89s/it]
 52%|█████▏    | 103/200 [06:53<06:19,  3.91s/it]
 52%|█████▏    | 104/200 [06:58<06:29,  4.05s/it]
 52%|█████▎    | 105/200 [07:02<06:35,  4.16s/it]
 53%|█████▎    | 106/200 [07:06<06:28,  4.13s/it]
 54%|█████▎    | 107/200 [07:10<06:23,  4.12s/it]
 54%|█████▍    | 108/200 [07:14<06:18,  4.11s/it]
 55%|█████▍    | 109/200 [07:18<06:10,  4.07s/it]
 55%|█████▌    | 110/200 [07:23<06:14,  4.16s/it]
 56%|█████▌    | 111/200 [07:27<06:27,  4.35s/it]
 56%|█████▌    | 112/200 [07:31<06:07,  4.18s/it]
 56%|█████▋    | 113/200 [07:36<06:06,  4.21s/it]
 57%|█████▋    | 114/200 [07:41<06:23,  4.46s/it]
 57%|█████▊    | 115/200 [07:44<06:04,  4.29s/it]
 58%|█████▊    | 116/200 [07:48<05:49,  4.16s/it]
 58%|█████▊    | 117/200 [07:52<05:40,  4.11s/it]
 59%|█████▉    | 118/200 [07:56<05:33,  4.06s/it]
 60%|█████▉    | 119/200 [08:01<05:34,  4.13s/it]
 60%|██████    | 120/200 [08:04<05:22,  4.03s/it]
 60%|██████    | 121/200 [08:08<05:11,  3.95s/it]
 61%|██████    | 122/200 [08:12<05:17,  4.07s/it]
 62%|██████▏   | 123/200 [08:16<05:11,  4.04s/it]
 62%|██████▏   | 124/200 [08:20<05:04,  4.01s/it]
 62%|██████▎   | 125/200 [08:24<05:02,  4.04s/it]
 63%|██████▎   | 126/200 [08:28<04:54,  3.98s/it]
 64%|██████▎   | 127/200 [08:32<04:48,  3.96s/it]
 64%|██████▍   | 128/200 [08:36<04:45,  3.96s/it]
 64%|██████▍   | 129/200 [08:40<04:36,  3.90s/it]
 65%|██████▌   | 130/200 [08:44<04:39,  3.99s/it]
 66%|██████▌   | 131/200 [08:49<04:49,  4.20s/it]
 66%|██████▌   | 132/200 [08:53<04:54,  4.33s/it]
 66%|██████▋   | 133/200 [08:57<04:42,  4.21s/it]
 67%|██████▋   | 134/200 [09:01<04:34,  4.16s/it]
 68%|██████▊   | 135/200 [09:05<04:25,  4.08s/it]
 68%|██████▊   | 136/200 [09:09<04:20,  4.07s/it]
 68%|██████▊   | 137/200 [09:13<04:15,  4.05s/it]
 69%|██████▉   | 138/200 [09:17<04:12,  4.07s/it]
 70%|██████▉   | 139/200 [09:22<04:09,  4.09s/it]
 70%|███████   | 140/200 [09:26<04:05,  4.09s/it]
 70%|███████   | 141/200 [09:30<03:56,  4.01s/it]
 71%|███████   | 142/200 [09:33<03:47,  3.92s/it]
 72%|███████▏  | 143/200 [09:37<03:44,  3.95s/it]
 72%|███████▏  | 144/200 [09:41<03:41,  3.96s/it]
 72%|███████▎  | 145/200 [09:45<03:35,  3.91s/it]
 73%|███████▎  | 146/200 [09:49<03:31,  3.92s/it]
 74%|███████▎  | 147/200 [09:53<03:32,  4.00s/it]
 74%|███████▍  | 148/200 [09:57<03:29,  4.03s/it]
 74%|███████▍  | 149/200 [10:01<03:24,  4.00s/it]
 75%|███████▌  | 150/200 [10:05<03:18,  3.97s/it]
 76%|███████▌  | 151/200 [10:09<03:10,  3.89s/it]
 76%|███████▌  | 152/200 [10:13<03:07,  3.90s/it]
 76%|███████▋  | 153/200 [10:17<03:03,  3.90s/it]
 77%|███████▋  | 154/200 [10:21<03:01,  3.94s/it]
 78%|███████▊  | 155/200 [10:25<02:56,  3.93s/it]
 78%|███████▊  | 156/200 [10:28<02:51,  3.91s/it]
 78%|███████▊  | 157/200 [10:32<02:46,  3.87s/it]
 79%|███████▉  | 158/200 [10:36<02:43,  3.90s/it]
 80%|███████▉  | 159/200 [10:40<02:39,  3.89s/it]
 80%|████████  | 160/200 [10:44<02:42,  4.05s/it]
 80%|████████  | 161/200 [10:48<02:37,  4.03s/it]
 81%|████████  | 162/200 [10:53<02:37,  4.14s/it]
 82%|████████▏ | 163/200 [10:57<02:32,  4.12s/it]
 82%|████████▏ | 164/200 [11:01<02:28,  4.13s/it]
 82%|████████▎ | 165/200 [11:05<02:21,  4.06s/it]
 83%|████████▎ | 166/200 [11:09<02:13,  3.93s/it]
 84%|████████▎ | 167/200 [11:12<02:08,  3.88s/it]
 84%|████████▍ | 168/200 [11:17<02:07,  3.98s/it]
 84%|████████▍ | 169/200 [11:20<02:00,  3.90s/it]
 85%|████████▌ | 170/200 [11:24<01:55,  3.85s/it]
 86%|████████▌ | 171/200 [11:28<01:51,  3.85s/it]
 86%|████████▌ | 172/200 [11:32<01:49,  3.92s/it]
 86%|████████▋ | 173/200 [11:36<01:47,  3.99s/it]
 87%|████████▋ | 174/200 [11:40<01:46,  4.09s/it]
 88%|████████▊ | 175/200 [11:45<01:48,  4.32s/it]
 88%|████████▊ | 176/200 [11:50<01:46,  4.45s/it]
 88%|████████▊ | 177/200 [11:54<01:39,  4.32s/it]
 89%|████████▉ | 178/200 [11:58<01:34,  4.29s/it]
 90%|████████▉ | 179/200 [12:02<01:28,  4.21s/it]
 90%|█████████ | 180/200 [12:06<01:21,  4.10s/it]
 90%|█████████ | 181/200 [12:10<01:18,  4.11s/it]
 91%|█████████ | 182/200 [12:14<01:12,  4.02s/it]
 92%|█████████▏| 183/200 [12:18<01:07,  3.97s/it]
 92%|█████████▏| 184/200 [12:22<01:02,  3.90s/it]
 92%|█████████▎| 185/200 [12:25<00:57,  3.86s/it]
 93%|█████████▎| 186/200 [12:30<00:55,  3.93s/it]
 94%|█████████▎| 187/200 [12:34<00:51,  3.95s/it]
 94%|█████████▍| 188/200 [12:38<00:48,  4.02s/it]
 94%|█████████▍| 189/200 [12:41<00:43,  3.94s/it]
 95%|█████████▌| 190/200 [12:46<00:41,  4.10s/it]
 96%|█████████▌| 191/200 [12:50<00:36,  4.07s/it]
 96%|█████████▌| 192/200 [12:54<00:32,  4.06s/it]
 96%|█████████▋| 193/200 [12:58<00:28,  4.02s/it]
 97%|█████████▋| 194/200 [13:02<00:25,  4.17s/it]
 98%|█████████▊| 195/200 [13:07<00:20,  4.16s/it]
 98%|█████████▊| 196/200 [13:10<00:16,  4.08s/it]
 98%|█████████▊| 197/200 [13:14<00:12,  4.03s/it]
 99%|█████████▉| 198/200 [13:18<00:07,  3.93s/it]
100%|█████████▉| 199/200 [13:22<00:03,  3.91s/it]
100%|██████████| 200/200 [13:26<00:00,  3.89s/it]
                                                 
0
1
2
3
4
5
6
7
8
9
10
11
12
13
14
15
16
17
18
19
20
21
22
23
24
25
26
27
28
29
30
31
32
33
34
35
36
37
38
39
40
41
42
43
44
45
46
47
48
49
50
51
52
53
54
55
56
57
58
59
60
61
62
63
64
65
66
67
68
69
70
71
72
73
74
75
76
77
78
79
80
81
82
83
84
85
86
87
88
89
90
91
92
93
94
95
96
97
98
99
100
101
102
103
104
105
106
107
108
109
110
111
112
113
114
115
116
117
118
119
120
121
122
123
124
125
126
127
128
129
130
131
132
133
134
135
136
137
138
139
140
141
142
143
144
145
146
147
148
149
150
151
152
153
154
155
156
157
158
159
160
161
162
163
164
165
166
167
168
169
170
171
172
173
174
175
176
177
178
179
180
181
182
183
184
185
186
187
188
189
190
191
192
193
194
195
196
197
198
199
