 
Files to read: ['../pilot-cpjump1-data/profiles/2020_11_04_CPJUMP1/BR00116995/BR00116995_normalized_feature_select_negcon.csv.gz']
Files to read: ['../pilot-cpjump1-data/profiles/2020_11_04_CPJUMP1/BR00117024/BR00117024_normalized_feature_select_negcon.csv.gz']
Files to read: ['../pilot-cpjump1-data/profiles/2020_11_04_CPJUMP1/BR00117025/BR00117025_normalized_feature_select_negcon.csv.gz']
Files to read: ['../pilot-cpjump1-data/profiles/2020_11_04_CPJUMP1/BR00117026/BR00117026_normalized_feature_select_negcon.csv.gz']
Files to read: ['../pilot-cpjump1-data/profiles/2020_11_04_CPJUMP1/BR00116997/BR00116997_normalized_feature_select_negcon.csv.gz']
Files to read: ['../pilot-cpjump1-data/profiles/2020_11_04_CPJUMP1/BR00116998/BR00116998_normalized_feature_select_negcon.csv.gz']
Files to read: ['../pilot-cpjump1-data/profiles/2020_11_04_CPJUMP1/BR00116999/BR00116999_normalized_feature_select_negcon.csv.gz']
Files to read: ['../pilot-cpjump1-data/profiles/2020_11_04_CPJUMP1/BR00116996/BR00116996_normalized_feature_select_negcon.csv.gz']
Files to read: ['../pilot-cpjump1-data/profiles/2020_11_04_CPJUMP1/BR00117022/BR00117022_normalized_feature_select_negcon.csv.gz']
Files to read: ['../pilot-cpjump1-data/profiles/2020_11_04_CPJUMP1/BR00117023/BR00117023_normalized_feature_select_negcon.csv.gz']

  0%|          | 0/200 [00:00<?, ?it/s]
  0%|          | 1/200 [00:05<19:13,  5.80s/it]
  1%|          | 2/200 [00:11<18:02,  5.47s/it]
  2%|▏         | 3/200 [00:16<17:26,  5.31s/it]
  2%|▏         | 4/200 [00:21<17:04,  5.23s/it]
  2%|▎         | 5/200 [00:26<16:48,  5.17s/it]
  3%|▎         | 6/200 [00:32<17:23,  5.38s/it]
  4%|▎         | 7/200 [00:37<17:21,  5.40s/it]
  4%|▍         | 8/200 [00:43<17:34,  5.49s/it]
  4%|▍         | 9/200 [00:48<16:55,  5.32s/it]
  5%|▌         | 10/200 [00:53<16:37,  5.25s/it]
  6%|▌         | 11/200 [00:58<16:24,  5.21s/it]
  6%|▌         | 12/200 [01:03<16:08,  5.15s/it]
  6%|▋         | 13/200 [01:08<16:02,  5.14s/it]
  7%|▋         | 14/200 [01:13<15:56,  5.14s/it]
  8%|▊         | 15/200 [01:19<16:28,  5.34s/it]
  8%|▊         | 16/200 [01:24<16:22,  5.34s/it]
  8%|▊         | 17/200 [01:29<15:58,  5.24s/it]
  9%|▉         | 18/200 [01:35<15:57,  5.26s/it]
 10%|▉         | 19/200 [01:40<15:40,  5.19s/it]
 10%|█         | 20/200 [01:45<15:46,  5.26s/it]
 10%|█         | 21/200 [01:51<16:33,  5.55s/it]
 11%|█         | 22/200 [01:57<16:46,  5.65s/it]
 12%|█▏        | 23/200 [02:02<16:20,  5.54s/it]
 12%|█▏        | 24/200 [02:08<15:49,  5.39s/it]
 12%|█▎        | 25/200 [02:13<15:43,  5.39s/it]
 13%|█▎        | 26/200 [02:18<15:11,  5.24s/it]
 14%|█▎        | 27/200 [02:23<14:49,  5.14s/it]
 14%|█▍        | 28/200 [02:28<14:48,  5.17s/it]
 14%|█▍        | 29/200 [02:34<15:22,  5.39s/it]
 15%|█▌        | 30/200 [02:40<15:39,  5.53s/it]
 16%|█▌        | 31/200 [02:46<16:05,  5.71s/it]
 16%|█▌        | 32/200 [02:52<16:05,  5.74s/it]
 16%|█▋        | 33/200 [02:57<15:43,  5.65s/it]
 17%|█▋        | 34/200 [03:03<15:34,  5.63s/it]
 18%|█▊        | 35/200 [03:08<15:08,  5.50s/it]
 18%|█▊        | 36/200 [03:13<15:08,  5.54s/it]
 18%|█▊        | 37/200 [03:19<14:45,  5.43s/it]
 19%|█▉        | 38/200 [03:24<14:27,  5.36s/it]
 20%|█▉        | 39/200 [03:29<14:05,  5.25s/it]
 20%|██        | 40/200 [03:34<13:47,  5.17s/it]
 20%|██        | 41/200 [03:39<13:26,  5.07s/it]
 21%|██        | 42/200 [03:44<13:19,  5.06s/it]
 22%|██▏       | 43/200 [03:49<13:27,  5.14s/it]
 22%|██▏       | 44/200 [03:54<13:10,  5.07s/it]
 22%|██▎       | 45/200 [03:59<13:06,  5.08s/it]
 23%|██▎       | 46/200 [04:04<13:18,  5.18s/it]
 24%|██▎       | 47/200 [04:10<13:12,  5.18s/it]
 24%|██▍       | 48/200 [04:15<13:10,  5.20s/it]
 24%|██▍       | 49/200 [04:20<13:14,  5.26s/it]
 25%|██▌       | 50/200 [04:26<13:13,  5.29s/it]
 26%|██▌       | 51/200 [04:31<13:17,  5.35s/it]
 26%|██▌       | 52/200 [04:36<13:05,  5.31s/it]
 26%|██▋       | 53/200 [04:42<13:13,  5.39s/it]
 27%|██▋       | 54/200 [04:48<13:18,  5.47s/it]
 28%|██▊       | 55/200 [04:53<13:26,  5.56s/it]
 28%|██▊       | 56/200 [04:59<13:01,  5.43s/it]
 28%|██▊       | 57/200 [05:04<12:45,  5.36s/it]
 29%|██▉       | 58/200 [05:09<12:34,  5.31s/it]
 30%|██▉       | 59/200 [05:14<12:17,  5.23s/it]
 30%|███       | 60/200 [05:19<12:00,  5.15s/it]
 30%|███       | 61/200 [05:24<11:51,  5.12s/it]
 31%|███       | 62/200 [05:29<11:51,  5.15s/it]
 32%|███▏      | 63/200 [05:34<11:35,  5.08s/it]
 32%|███▏      | 64/200 [05:40<12:10,  5.37s/it]
 32%|███▎      | 65/200 [05:45<11:56,  5.31s/it]
 33%|███▎      | 66/200 [05:51<11:51,  5.31s/it]
 34%|███▎      | 67/200 [05:56<11:36,  5.24s/it]
 34%|███▍      | 68/200 [06:01<11:29,  5.22s/it]
 34%|███▍      | 69/200 [06:06<11:13,  5.14s/it]
 35%|███▌      | 70/200 [06:11<11:02,  5.10s/it]
 36%|███▌      | 71/200 [06:16<10:56,  5.09s/it]
 36%|███▌      | 72/200 [06:21<10:56,  5.13s/it]
 36%|███▋      | 73/200 [06:27<11:19,  5.35s/it]
 37%|███▋      | 74/200 [06:32<11:02,  5.26s/it]
 38%|███▊      | 75/200 [06:37<10:58,  5.27s/it]
 38%|███▊      | 76/200 [06:42<10:47,  5.22s/it]
 38%|███▊      | 77/200 [06:48<10:39,  5.20s/it]
 39%|███▉      | 78/200 [06:53<10:26,  5.14s/it]
 40%|███▉      | 79/200 [06:58<10:14,  5.08s/it]
 40%|████      | 80/200 [07:03<10:11,  5.10s/it]
 40%|████      | 81/200 [07:08<10:08,  5.11s/it]
 41%|████      | 82/200 [07:14<10:34,  5.37s/it]
 42%|████▏     | 83/200 [07:19<10:19,  5.29s/it]
 42%|████▏     | 84/200 [07:24<10:00,  5.18s/it]
 42%|████▎     | 85/200 [07:29<09:52,  5.16s/it]
 43%|████▎     | 86/200 [07:34<09:53,  5.21s/it]
 44%|████▎     | 87/200 [07:39<09:47,  5.20s/it]
 44%|████▍     | 88/200 [07:45<09:55,  5.32s/it]
 44%|████▍     | 89/200 [07:50<09:54,  5.36s/it]
 45%|████▌     | 90/200 [07:56<09:46,  5.33s/it]
 46%|████▌     | 91/200 [08:01<09:31,  5.24s/it]
 46%|████▌     | 92/200 [08:06<09:24,  5.23s/it]
 46%|████▋     | 93/200 [08:11<09:20,  5.24s/it]
 47%|████▋     | 94/200 [08:17<09:20,  5.29s/it]
 48%|████▊     | 95/200 [08:22<09:08,  5.22s/it]
 48%|████▊     | 96/200 [08:27<08:59,  5.19s/it]
 48%|████▊     | 97/200 [08:32<08:43,  5.08s/it]
 49%|████▉     | 98/200 [08:37<08:42,  5.13s/it]
 50%|████▉     | 99/200 [08:42<08:37,  5.13s/it]
 50%|█████     | 100/200 [08:47<08:31,  5.11s/it]
 50%|█████     | 101/200 [08:52<08:21,  5.06s/it]
 51%|█████     | 102/200 [08:57<08:25,  5.16s/it]
 52%|█████▏    | 103/200 [09:02<08:10,  5.06s/it]
 52%|█████▏    | 104/200 [09:07<08:03,  5.04s/it]
 52%|█████▎    | 105/200 [09:12<07:52,  4.98s/it]
 53%|█████▎    | 106/200 [09:18<08:02,  5.14s/it]
 54%|█████▎    | 107/200 [09:23<08:06,  5.23s/it]
 54%|█████▍    | 108/200 [09:28<08:06,  5.29s/it]
 55%|█████▍    | 109/200 [09:34<08:15,  5.44s/it]
 55%|█████▌    | 110/200 [09:40<08:20,  5.56s/it]
 56%|█████▌    | 111/200 [09:45<08:05,  5.46s/it]
 56%|█████▌    | 112/200 [09:50<07:45,  5.29s/it]
 56%|█████▋    | 113/200 [09:56<07:41,  5.30s/it]
 57%|█████▋    | 114/200 [10:01<07:40,  5.35s/it]
 57%|█████▊    | 115/200 [10:06<07:24,  5.22s/it]
 58%|█████▊    | 116/200 [10:11<07:23,  5.28s/it]
 58%|█████▊    | 117/200 [10:16<07:10,  5.19s/it]
 59%|█████▉    | 118/200 [10:22<07:18,  5.34s/it]
 60%|█████▉    | 119/200 [10:27<07:02,  5.21s/it]
 60%|██████    | 120/200 [10:32<06:53,  5.17s/it]
 60%|██████    | 121/200 [10:38<06:57,  5.28s/it]
 61%|██████    | 122/200 [10:44<07:13,  5.56s/it]
 62%|██████▏   | 123/200 [10:49<07:00,  5.46s/it]
 62%|██████▏   | 124/200 [10:55<06:59,  5.52s/it]
 62%|██████▎   | 125/200 [11:00<06:43,  5.39s/it]
 63%|██████▎   | 126/200 [11:05<06:30,  5.28s/it]
 64%|██████▎   | 127/200 [11:10<06:19,  5.20s/it]
 64%|██████▍   | 128/200 [11:15<06:14,  5.20s/it]
 64%|██████▍   | 129/200 [11:20<06:06,  5.16s/it]
 65%|██████▌   | 130/200 [11:25<05:59,  5.13s/it]
 66%|██████▌   | 131/200 [11:30<05:49,  5.06s/it]
 66%|██████▌   | 132/200 [11:35<05:50,  5.15s/it]
 66%|██████▋   | 133/200 [11:40<05:41,  5.10s/it]
 67%|██████▋   | 134/200 [11:45<05:35,  5.09s/it]
 68%|██████▊   | 135/200 [11:50<05:29,  5.07s/it]
 68%|██████▊   | 136/200 [11:56<05:26,  5.10s/it]
 68%|██████▊   | 137/200 [12:01<05:21,  5.10s/it]
 69%|██████▉   | 138/200 [12:06<05:19,  5.15s/it]
 70%|██████▉   | 139/200 [12:11<05:11,  5.10s/it]
 70%|███████   | 140/200 [12:16<05:05,  5.08s/it]
 70%|███████   | 141/200 [12:22<05:09,  5.25s/it]
 71%|███████   | 142/200 [12:28<05:16,  5.46s/it]
 72%|███████▏  | 143/200 [12:33<05:12,  5.49s/it]
 72%|███████▏  | 144/200 [12:39<05:14,  5.62s/it]
 72%|███████▎  | 145/200 [12:45<05:12,  5.69s/it]
 73%|███████▎  | 146/200 [12:50<05:04,  5.65s/it]
 74%|███████▎  | 147/200 [12:56<04:52,  5.51s/it]
 74%|███████▍  | 148/200 [13:01<04:38,  5.35s/it]
 74%|███████▍  | 149/200 [13:06<04:32,  5.33s/it]
 75%|███████▌  | 150/200 [13:11<04:21,  5.23s/it]
 76%|███████▌  | 151/200 [13:16<04:10,  5.12s/it]
 76%|███████▌  | 152/200 [13:21<04:03,  5.08s/it]
 76%|███████▋  | 153/200 [13:26<04:08,  5.28s/it]
 77%|███████▋  | 154/200 [13:32<04:08,  5.39s/it]
 78%|███████▊  | 155/200 [13:37<03:59,  5.32s/it]
 78%|███████▊  | 156/200 [13:43<03:57,  5.40s/it]
 78%|███████▊  | 157/200 [13:48<03:44,  5.22s/it]
 79%|███████▉  | 158/200 [13:53<03:36,  5.16s/it]
 80%|███████▉  | 159/200 [13:58<03:39,  5.35s/it]
 80%|████████  | 160/200 [14:04<03:37,  5.45s/it]
 80%|████████  | 161/200 [14:09<03:27,  5.32s/it]
 81%|████████  | 162/200 [14:14<03:19,  5.25s/it]
 82%|████████▏ | 163/200 [14:19<03:08,  5.08s/it]
 82%|████████▏ | 164/200 [14:24<03:04,  5.11s/it]
 82%|████████▎ | 165/200 [14:29<02:57,  5.06s/it]
 83%|████████▎ | 166/200 [14:35<03:01,  5.33s/it]
 84%|████████▎ | 167/200 [14:40<02:53,  5.24s/it]
 84%|████████▍ | 168/200 [14:45<02:46,  5.21s/it]
 84%|████████▍ | 169/200 [14:50<02:39,  5.15s/it]
 85%|████████▌ | 170/200 [14:55<02:32,  5.09s/it]
 86%|████████▌ | 171/200 [15:00<02:23,  4.94s/it]
 86%|████████▌ | 172/200 [15:04<02:16,  4.87s/it]
 86%|████████▋ | 173/200 [15:09<02:11,  4.88s/it]
 87%|████████▋ | 174/200 [15:15<02:09,  4.97s/it]
 88%|████████▊ | 175/200 [15:20<02:04,  4.99s/it]
 88%|████████▊ | 176/200 [15:25<02:02,  5.10s/it]
 88%|████████▊ | 177/200 [15:30<02:00,  5.23s/it]
 89%|████████▉ | 178/200 [15:36<02:00,  5.46s/it]
 90%|████████▉ | 179/200 [15:41<01:51,  5.33s/it]
 90%|█████████ | 180/200 [15:47<01:45,  5.27s/it]
 90%|█████████ | 181/200 [15:52<01:38,  5.16s/it]
 91%|█████████ | 182/200 [15:57<01:32,  5.15s/it]
 92%|█████████▏| 183/200 [16:02<01:26,  5.07s/it]
 92%|█████████▏| 184/200 [16:07<01:20,  5.06s/it]
 92%|█████████▎| 185/200 [16:12<01:15,  5.06s/it]
 93%|█████████▎| 186/200 [16:18<01:14,  5.35s/it]
 94%|█████████▎| 187/200 [16:23<01:10,  5.46s/it]
 94%|█████████▍| 188/200 [16:29<01:06,  5.54s/it]
 94%|█████████▍| 189/200 [16:35<01:01,  5.58s/it]
 95%|█████████▌| 190/200 [16:40<00:54,  5.42s/it]
 96%|█████████▌| 191/200 [16:46<00:49,  5.52s/it]
 96%|█████████▌| 192/200 [16:51<00:43,  5.49s/it]
 96%|█████████▋| 193/200 [16:56<00:37,  5.42s/it]
 97%|█████████▋| 194/200 [17:02<00:32,  5.41s/it]
 98%|█████████▊| 195/200 [17:07<00:27,  5.48s/it]
 98%|█████████▊| 196/200 [17:13<00:21,  5.47s/it]
 98%|█████████▊| 197/200 [17:18<00:16,  5.35s/it]
 99%|█████████▉| 198/200 [17:23<00:10,  5.36s/it]
100%|█████████▉| 199/200 [17:30<00:05,  5.73s/it]
100%|██████████| 200/200 [17:36<00:00,  5.86s/it]
                                                 
0
1
2
3
4
5
6
7
8
9
10
11
12
13
14
15
16
17
18
19
20
21
22
23
24
25
26
27
28
29
30
31
32
33
34
35
36
37
38
39
40
41
42
43
44
45
46
47
48
49
50
51
52
53
54
55
56
57
58
59
60
61
62
63
64
65
66
67
68
69
70
71
72
73
74
75
76
77
78
79
80
81
82
83
84
85
86
87
88
89
90
91
92
93
94
95
96
97
98
99
100
101
102
103
104
105
106
107
108
109
110
111
112
113
114
115
116
117
118
119
120
121
122
123
124
125
126
127
128
129
130
131
132
133
134
135
136
137
138
139
140
141
142
143
144
145
146
147
148
149
150
151
152
153
154
155
156
157
158
159
160
161
162
163
164
165
166
167
168
169
170
171
172
173
174
175
176
177
178
179
180
181
182
183
184
185
186
187
188
189
190
191
192
193
194
195
196
197
198
199
