 
Files to read: ['../pilot-cpjump1-data/profiles/2020_11_04_CPJUMP1/BR00116995/BR00116995_normalized_feature_select_negcon.csv.gz']
Files to read: ['../pilot-cpjump1-data/profiles/2020_11_04_CPJUMP1/BR00117024/BR00117024_normalized_feature_select_negcon.csv.gz']
Files to read: ['../pilot-cpjump1-data/profiles/2020_11_04_CPJUMP1/BR00117025/BR00117025_normalized_feature_select_negcon.csv.gz']
Files to read: ['../pilot-cpjump1-data/profiles/2020_11_04_CPJUMP1/BR00117026/BR00117026_normalized_feature_select_negcon.csv.gz']
Files to read: ['../pilot-cpjump1-data/profiles/2020_11_04_CPJUMP1/BR00116997/BR00116997_normalized_feature_select_negcon.csv.gz']
Files to read: ['../pilot-cpjump1-data/profiles/2020_11_04_CPJUMP1/BR00116998/BR00116998_normalized_feature_select_negcon.csv.gz']
Files to read: ['../pilot-cpjump1-data/profiles/2020_11_04_CPJUMP1/BR00116999/BR00116999_normalized_feature_select_negcon.csv.gz']
Files to read: ['../pilot-cpjump1-data/profiles/2020_11_04_CPJUMP1/BR00116996/BR00116996_normalized_feature_select_negcon.csv.gz']
Files to read: ['../pilot-cpjump1-data/profiles/2020_11_04_CPJUMP1/BR00117022/BR00117022_normalized_feature_select_negcon.csv.gz']
Files to read: ['../pilot-cpjump1-data/profiles/2020_11_04_CPJUMP1/BR00117023/BR00117023_normalized_feature_select_negcon.csv.gz']

  0%|          | 0/200 [00:00<?, ?it/s]
  0%|          | 1/200 [00:07<23:15,  7.01s/it]
  1%|          | 2/200 [00:12<20:45,  6.29s/it]
  2%|▏         | 3/200 [00:18<19:22,  5.90s/it]
  2%|▏         | 4/200 [00:23<18:45,  5.74s/it]
  2%|▎         | 5/200 [00:28<17:53,  5.51s/it]
  3%|▎         | 6/200 [00:33<17:18,  5.36s/it]
  4%|▎         | 7/200 [00:38<16:38,  5.17s/it]
  4%|▍         | 8/200 [00:43<16:32,  5.17s/it]
  4%|▍         | 9/200 [00:48<16:11,  5.09s/it]
  5%|▌         | 10/200 [00:54<16:26,  5.19s/it]
  6%|▌         | 11/200 [00:59<16:37,  5.28s/it]
  6%|▌         | 12/200 [01:04<16:23,  5.23s/it]
  6%|▋         | 13/200 [01:10<16:25,  5.27s/it]
  7%|▋         | 14/200 [01:15<16:35,  5.35s/it]
  8%|▊         | 15/200 [01:21<16:32,  5.36s/it]
  8%|▊         | 16/200 [01:26<16:05,  5.25s/it]
  8%|▊         | 17/200 [01:30<15:32,  5.10s/it]
  9%|▉         | 18/200 [01:35<15:26,  5.09s/it]
 10%|▉         | 19/200 [01:41<15:29,  5.13s/it]
 10%|█         | 20/200 [01:46<15:58,  5.33s/it]
 10%|█         | 21/200 [01:52<15:51,  5.32s/it]
 11%|█         | 22/200 [01:57<15:32,  5.24s/it]
 12%|█▏        | 23/200 [02:02<15:28,  5.25s/it]
 12%|█▏        | 24/200 [02:07<15:15,  5.20s/it]
 12%|█▎        | 25/200 [02:12<15:11,  5.21s/it]
 13%|█▎        | 26/200 [02:17<15:03,  5.19s/it]
 14%|█▎        | 27/200 [02:23<15:14,  5.29s/it]
 14%|█▍        | 28/200 [02:28<15:03,  5.25s/it]
 14%|█▍        | 29/200 [02:33<14:58,  5.26s/it]
 15%|█▌        | 30/200 [02:39<15:07,  5.34s/it]
 16%|█▌        | 31/200 [02:44<14:55,  5.30s/it]
 16%|█▌        | 32/200 [02:49<14:39,  5.24s/it]
 16%|█▋        | 33/200 [02:54<14:15,  5.12s/it]
 17%|█▋        | 34/200 [02:59<14:20,  5.18s/it]
 18%|█▊        | 35/200 [03:05<14:23,  5.24s/it]
 18%|█▊        | 36/200 [03:10<14:32,  5.32s/it]
 18%|█▊        | 37/200 [03:16<14:28,  5.33s/it]
 19%|█▉        | 38/200 [03:21<14:22,  5.32s/it]
 20%|█▉        | 39/200 [03:26<14:15,  5.31s/it]
 20%|██        | 40/200 [03:31<13:58,  5.24s/it]
 20%|██        | 41/200 [03:36<13:37,  5.14s/it]
 21%|██        | 42/200 [03:42<13:41,  5.20s/it]
 22%|██▏       | 43/200 [03:47<13:36,  5.20s/it]
 22%|██▏       | 44/200 [03:53<14:13,  5.47s/it]
 22%|██▎       | 45/200 [03:59<14:23,  5.57s/it]
 23%|██▎       | 46/200 [04:05<14:33,  5.67s/it]
 24%|██▎       | 47/200 [04:11<15:00,  5.88s/it]
 24%|██▍       | 48/200 [04:17<14:47,  5.84s/it]
 24%|██▍       | 49/200 [04:22<14:15,  5.67s/it]
 25%|██▌       | 50/200 [04:28<14:11,  5.68s/it]
 26%|██▌       | 51/200 [04:33<13:44,  5.53s/it]
 26%|██▌       | 52/200 [04:38<13:33,  5.50s/it]
 26%|██▋       | 53/200 [04:44<13:26,  5.48s/it]
 27%|██▋       | 54/200 [04:49<13:12,  5.43s/it]
 28%|██▊       | 55/200 [04:54<12:51,  5.32s/it]
 28%|██▊       | 56/200 [04:59<12:39,  5.27s/it]
 28%|██▊       | 57/200 [05:05<12:38,  5.31s/it]
 29%|██▉       | 58/200 [05:10<12:29,  5.28s/it]
 30%|██▉       | 59/200 [05:15<12:33,  5.35s/it]
 30%|███       | 60/200 [05:21<12:21,  5.30s/it]
 30%|███       | 61/200 [05:26<12:07,  5.23s/it]
 31%|███       | 62/200 [05:31<11:52,  5.16s/it]
 32%|███▏      | 63/200 [05:36<11:52,  5.20s/it]
 32%|███▏      | 64/200 [05:41<11:47,  5.20s/it]
 32%|███▎      | 65/200 [05:47<11:53,  5.29s/it]
 33%|███▎      | 66/200 [05:52<11:47,  5.28s/it]
 34%|███▎      | 67/200 [05:57<11:38,  5.25s/it]
 34%|███▍      | 68/200 [06:02<11:32,  5.24s/it]
 34%|███▍      | 69/200 [06:07<11:21,  5.21s/it]
 35%|███▌      | 70/200 [06:13<11:22,  5.25s/it]
 36%|███▌      | 71/200 [06:18<11:13,  5.22s/it]
 36%|███▌      | 72/200 [06:24<11:29,  5.38s/it]
 36%|███▋      | 73/200 [06:29<11:15,  5.32s/it]
 37%|███▋      | 74/200 [06:34<11:14,  5.35s/it]
 38%|███▊      | 75/200 [06:39<11:04,  5.32s/it]
 38%|███▊      | 76/200 [06:45<11:14,  5.44s/it]
 38%|███▊      | 77/200 [06:50<10:52,  5.31s/it]
 39%|███▉      | 78/200 [06:55<10:37,  5.23s/it]
 40%|███▉      | 79/200 [07:01<10:54,  5.41s/it]
 40%|████      | 80/200 [07:08<11:28,  5.73s/it]
 40%|████      | 81/200 [07:14<11:37,  5.86s/it]
 41%|████      | 82/200 [07:20<11:35,  5.89s/it]
 42%|████▏     | 83/200 [07:26<11:27,  5.87s/it]
 42%|████▏     | 84/200 [07:31<11:03,  5.72s/it]
 42%|████▎     | 85/200 [07:36<10:38,  5.55s/it]
 43%|████▎     | 86/200 [07:41<10:22,  5.46s/it]
 44%|████▎     | 87/200 [07:46<09:55,  5.27s/it]
 44%|████▍     | 88/200 [07:51<09:49,  5.26s/it]
 44%|████▍     | 89/200 [07:57<09:40,  5.23s/it]
 45%|████▌     | 90/200 [08:02<09:31,  5.20s/it]
 46%|████▌     | 91/200 [08:07<09:18,  5.12s/it]
 46%|████▌     | 92/200 [08:12<09:15,  5.14s/it]
 46%|████▋     | 93/200 [08:17<09:20,  5.24s/it]
 47%|████▋     | 94/200 [08:23<09:19,  5.27s/it]
 48%|████▊     | 95/200 [08:28<09:11,  5.25s/it]
 48%|████▊     | 96/200 [08:33<09:01,  5.21s/it]
 48%|████▊     | 97/200 [08:38<08:53,  5.17s/it]
 49%|████▉     | 98/200 [08:43<08:48,  5.18s/it]
 50%|████▉     | 99/200 [08:48<08:41,  5.16s/it]
 50%|█████     | 100/200 [08:53<08:33,  5.14s/it]
 50%|█████     | 101/200 [08:58<08:26,  5.12s/it]
 51%|█████     | 102/200 [09:04<08:19,  5.10s/it]
 52%|█████▏    | 103/200 [09:09<08:13,  5.09s/it]
 52%|█████▏    | 104/200 [09:14<08:16,  5.17s/it]
 52%|█████▎    | 105/200 [09:19<08:17,  5.24s/it]
 53%|█████▎    | 106/200 [09:24<08:09,  5.20s/it]
 54%|█████▎    | 107/200 [09:30<08:01,  5.18s/it]
 54%|█████▍    | 108/200 [09:35<07:54,  5.15s/it]
 55%|█████▍    | 109/200 [09:40<07:48,  5.15s/it]
 55%|█████▌    | 110/200 [09:45<07:46,  5.18s/it]
 56%|█████▌    | 111/200 [09:51<07:48,  5.27s/it]
 56%|█████▌    | 112/200 [09:56<07:45,  5.29s/it]
 56%|█████▋    | 113/200 [10:02<07:53,  5.44s/it]
 57%|█████▋    | 114/200 [10:07<07:47,  5.43s/it]
 57%|█████▊    | 115/200 [10:12<07:32,  5.33s/it]
 58%|█████▊    | 116/200 [10:18<07:31,  5.38s/it]
 58%|█████▊    | 117/200 [10:23<07:14,  5.23s/it]
 59%|█████▉    | 118/200 [10:28<07:07,  5.21s/it]
 60%|█████▉    | 119/200 [10:33<06:55,  5.13s/it]
 60%|██████    | 120/200 [10:38<06:52,  5.16s/it]
 60%|██████    | 121/200 [10:43<06:41,  5.09s/it]
 61%|██████    | 122/200 [10:48<06:45,  5.21s/it]
 62%|██████▏   | 123/200 [10:54<06:57,  5.43s/it]
 62%|██████▏   | 124/200 [10:59<06:46,  5.35s/it]
 62%|██████▎   | 125/200 [11:05<06:40,  5.34s/it]
 63%|██████▎   | 126/200 [11:10<06:25,  5.21s/it]
 64%|██████▎   | 127/200 [11:15<06:19,  5.20s/it]
 64%|██████▍   | 128/200 [11:20<06:08,  5.12s/it]
 64%|██████▍   | 129/200 [11:25<05:57,  5.04s/it]
 65%|██████▌   | 130/200 [11:31<06:16,  5.37s/it]
 66%|██████▌   | 131/200 [11:36<06:09,  5.36s/it]
 66%|██████▌   | 132/200 [11:41<06:00,  5.30s/it]
 66%|██████▋   | 133/200 [11:47<05:54,  5.29s/it]
 67%|██████▋   | 134/200 [11:52<05:51,  5.32s/it]
 68%|██████▊   | 135/200 [11:57<05:39,  5.23s/it]
 68%|██████▊   | 136/200 [12:02<05:33,  5.21s/it]
 68%|██████▊   | 137/200 [12:07<05:24,  5.15s/it]
 69%|██████▉   | 138/200 [12:12<05:21,  5.18s/it]
 70%|██████▉   | 139/200 [12:18<05:19,  5.24s/it]
 70%|███████   | 140/200 [12:23<05:15,  5.27s/it]
 70%|███████   | 141/200 [12:28<05:03,  5.14s/it]
 71%|███████   | 142/200 [12:33<04:54,  5.08s/it]
 72%|███████▏  | 143/200 [12:38<04:58,  5.24s/it]
 72%|███████▏  | 144/200 [12:44<04:52,  5.22s/it]
 72%|███████▎  | 145/200 [12:49<04:44,  5.17s/it]
 73%|███████▎  | 146/200 [12:54<04:42,  5.24s/it]
 74%|███████▎  | 147/200 [12:59<04:35,  5.20s/it]
 74%|███████▍  | 148/200 [13:05<04:33,  5.25s/it]
 74%|███████▍  | 149/200 [13:10<04:24,  5.18s/it]
 75%|███████▌  | 150/200 [13:15<04:22,  5.26s/it]
 76%|███████▌  | 151/200 [13:20<04:16,  5.24s/it]
 76%|███████▌  | 152/200 [13:25<04:12,  5.26s/it]
 76%|███████▋  | 153/200 [13:31<04:08,  5.28s/it]
 77%|███████▋  | 154/200 [13:36<04:02,  5.26s/it]
 78%|███████▊  | 155/200 [13:41<03:53,  5.19s/it]
 78%|███████▊  | 156/200 [13:46<03:47,  5.18s/it]
 78%|███████▊  | 157/200 [13:52<03:51,  5.37s/it]
 79%|███████▉  | 158/200 [13:58<03:52,  5.53s/it]
 80%|███████▉  | 159/200 [14:04<03:51,  5.64s/it]
 80%|████████  | 160/200 [14:10<03:47,  5.69s/it]
 80%|████████  | 161/200 [14:15<03:36,  5.54s/it]
 81%|████████  | 162/200 [14:20<03:25,  5.41s/it]
 82%|████████▏ | 163/200 [14:25<03:16,  5.31s/it]
 82%|████████▏ | 164/200 [14:30<03:07,  5.22s/it]
 82%|████████▎ | 165/200 [14:35<03:05,  5.29s/it]
 83%|████████▎ | 166/200 [14:40<02:56,  5.18s/it]
 84%|████████▎ | 167/200 [14:45<02:49,  5.15s/it]
 84%|████████▍ | 168/200 [14:51<02:51,  5.37s/it]
 84%|████████▍ | 169/200 [14:56<02:44,  5.30s/it]
 85%|████████▌ | 170/200 [15:02<02:36,  5.23s/it]
 86%|████████▌ | 171/200 [15:06<02:28,  5.12s/it]
 86%|████████▌ | 172/200 [15:12<02:26,  5.25s/it]
 86%|████████▋ | 173/200 [15:17<02:22,  5.29s/it]
 87%|████████▋ | 174/200 [15:23<02:22,  5.47s/it]
 88%|████████▊ | 175/200 [15:28<02:13,  5.35s/it]
 88%|████████▊ | 176/200 [15:34<02:07,  5.32s/it]
 88%|████████▊ | 177/200 [15:39<02:01,  5.30s/it]
 89%|████████▉ | 178/200 [15:44<01:55,  5.26s/it]
 90%|████████▉ | 179/200 [15:49<01:49,  5.21s/it]
 90%|█████████ | 180/200 [15:55<01:48,  5.44s/it]
 90%|█████████ | 181/200 [16:00<01:41,  5.33s/it]
 91%|█████████ | 182/200 [16:05<01:34,  5.25s/it]
 92%|█████████▏| 183/200 [16:10<01:28,  5.20s/it]
 92%|█████████▏| 184/200 [16:15<01:23,  5.20s/it]
 92%|█████████▎| 185/200 [16:21<01:17,  5.16s/it]
 93%|█████████▎| 186/200 [16:26<01:11,  5.11s/it]
 94%|█████████▎| 187/200 [16:31<01:08,  5.27s/it]
 94%|█████████▍| 188/200 [16:37<01:03,  5.30s/it]
 94%|█████████▍| 189/200 [16:42<00:57,  5.20s/it]
 95%|█████████▌| 190/200 [16:47<00:51,  5.19s/it]
 96%|█████████▌| 191/200 [16:52<00:46,  5.19s/it]
 96%|█████████▌| 192/200 [16:57<00:42,  5.30s/it]
 96%|█████████▋| 193/200 [17:03<00:38,  5.44s/it]
 97%|█████████▋| 194/200 [17:10<00:34,  5.71s/it]
 98%|█████████▊| 195/200 [17:15<00:28,  5.73s/it]
 98%|█████████▊| 196/200 [17:21<00:23,  5.82s/it]
 98%|█████████▊| 197/200 [17:27<00:17,  5.74s/it]
 99%|█████████▉| 198/200 [17:32<00:11,  5.61s/it]
100%|█████████▉| 199/200 [17:37<00:05,  5.48s/it]
100%|██████████| 200/200 [17:42<00:00,  5.35s/it]
                                                 
0
1
2
3
4
5
6
7
8
9
10
11
12
13
14
15
16
17
18
19
20
21
22
23
24
25
26
27
28
29
30
31
32
33
34
35
36
37
38
39
40
41
42
43
44
45
46
47
48
49
50
51
52
53
54
55
56
57
58
59
60
61
62
63
64
65
66
67
68
69
70
71
72
73
74
75
76
77
78
79
80
81
82
83
84
85
86
87
88
89
90
91
92
93
94
95
96
97
98
99
100
101
102
103
104
105
106
107
108
109
110
111
112
113
114
115
116
117
118
119
120
121
122
123
124
125
126
127
128
129
130
131
132
133
134
135
136
137
138
139
140
141
142
143
144
145
146
147
148
149
150
151
152
153
154
155
156
157
158
159
160
161
162
163
164
165
166
167
168
169
170
171
172
173
174
175
176
177
178
179
180
181
182
183
184
185
186
187
188
189
190
191
192
193
194
195
196
197
198
199
