 
Files to read: ['../pilot-cpjump1-data/profiles/2020_11_04_CPJUMP1/BR00116995/BR00116995_normalized_feature_select_negcon.csv.gz']
Files to read: ['../pilot-cpjump1-data/profiles/2020_11_04_CPJUMP1/BR00117024/BR00117024_normalized_feature_select_negcon.csv.gz']
Files to read: ['../pilot-cpjump1-data/profiles/2020_11_04_CPJUMP1/BR00117025/BR00117025_normalized_feature_select_negcon.csv.gz']
Files to read: ['../pilot-cpjump1-data/profiles/2020_11_04_CPJUMP1/BR00117026/BR00117026_normalized_feature_select_negcon.csv.gz']
Files to read: ['../pilot-cpjump1-data/profiles/2020_11_04_CPJUMP1/BR00116997/BR00116997_normalized_feature_select_negcon.csv.gz']
Files to read: ['../pilot-cpjump1-data/profiles/2020_11_04_CPJUMP1/BR00116998/BR00116998_normalized_feature_select_negcon.csv.gz']
Files to read: ['../pilot-cpjump1-data/profiles/2020_11_04_CPJUMP1/BR00116999/BR00116999_normalized_feature_select_negcon.csv.gz']
Files to read: ['../pilot-cpjump1-data/profiles/2020_11_04_CPJUMP1/BR00116996/BR00116996_normalized_feature_select_negcon.csv.gz']
Files to read: ['../pilot-cpjump1-data/profiles/2020_11_04_CPJUMP1/BR00117022/BR00117022_normalized_feature_select_negcon.csv.gz']
Files to read: ['../pilot-cpjump1-data/profiles/2020_11_04_CPJUMP1/BR00117023/BR00117023_normalized_feature_select_negcon.csv.gz']

  0%|          | 0/200 [00:00<?, ?it/s]
  0%|          | 1/200 [00:07<24:07,  7.27s/it]
  1%|          | 2/200 [00:10<17:02,  5.17s/it]
  2%|▏         | 3/200 [00:14<14:46,  4.50s/it]
  2%|▏         | 4/200 [00:18<13:40,  4.19s/it]
  2%|▎         | 5/200 [00:22<13:03,  4.02s/it]
  3%|▎         | 6/200 [00:26<12:57,  4.01s/it]
  4%|▎         | 7/200 [00:29<12:33,  3.90s/it]
  4%|▍         | 8/200 [00:33<12:31,  3.92s/it]
  4%|▍         | 9/200 [00:37<12:30,  3.93s/it]
  5%|▌         | 10/200 [00:41<12:48,  4.04s/it]
  6%|▌         | 11/200 [00:46<12:43,  4.04s/it]
  6%|▌         | 12/200 [00:50<12:55,  4.13s/it]
  6%|▋         | 13/200 [00:54<12:52,  4.13s/it]
  7%|▋         | 14/200 [00:58<12:37,  4.07s/it]
  8%|▊         | 15/200 [01:02<12:45,  4.14s/it]
  8%|▊         | 16/200 [01:06<12:17,  4.01s/it]
  8%|▊         | 17/200 [01:10<12:35,  4.13s/it]
  9%|▉         | 18/200 [01:15<12:44,  4.20s/it]
 10%|▉         | 19/200 [01:19<12:30,  4.15s/it]
 10%|█         | 20/200 [01:23<12:20,  4.11s/it]
 10%|█         | 21/200 [01:28<12:53,  4.32s/it]
 11%|█         | 22/200 [01:32<13:06,  4.42s/it]
 12%|█▏        | 23/200 [01:36<12:39,  4.29s/it]
 12%|█▏        | 24/200 [01:40<12:18,  4.20s/it]
 12%|█▎        | 25/200 [01:44<12:17,  4.21s/it]
 13%|█▎        | 26/200 [01:48<12:03,  4.16s/it]
 14%|█▎        | 27/200 [01:52<11:43,  4.06s/it]
 14%|█▍        | 28/200 [01:56<11:30,  4.01s/it]
 14%|█▍        | 29/200 [02:00<11:39,  4.09s/it]
 15%|█▌        | 30/200 [02:04<11:26,  4.04s/it]
 16%|█▌        | 31/200 [02:08<11:20,  4.03s/it]
 16%|█▌        | 32/200 [02:12<11:19,  4.04s/it]
 16%|█▋        | 33/200 [02:17<11:15,  4.05s/it]
 17%|█▋        | 34/200 [02:20<11:07,  4.02s/it]
 18%|█▊        | 35/200 [02:24<10:56,  3.98s/it]
 18%|█▊        | 36/200 [02:28<10:46,  3.94s/it]
 18%|█▊        | 37/200 [02:32<10:42,  3.94s/it]
 19%|█▉        | 38/200 [02:36<10:38,  3.94s/it]
 20%|█▉        | 39/200 [02:40<10:43,  4.00s/it]
 20%|██        | 40/200 [02:45<11:00,  4.13s/it]
 20%|██        | 41/200 [02:48<10:42,  4.04s/it]
 21%|██        | 42/200 [02:52<10:30,  3.99s/it]
 22%|██▏       | 43/200 [02:56<10:18,  3.94s/it]
 22%|██▏       | 44/200 [03:00<10:26,  4.01s/it]
 22%|██▎       | 45/200 [03:04<10:21,  4.01s/it]
 23%|██▎       | 46/200 [03:08<10:10,  3.96s/it]
 24%|██▎       | 47/200 [03:12<10:18,  4.04s/it]
 24%|██▍       | 48/200 [03:16<10:06,  3.99s/it]
 24%|██▍       | 49/200 [03:20<09:49,  3.90s/it]
 25%|██▌       | 50/200 [03:24<09:35,  3.84s/it]
 26%|██▌       | 51/200 [03:28<09:43,  3.92s/it]
 26%|██▌       | 52/200 [03:31<09:26,  3.83s/it]
 26%|██▋       | 53/200 [03:36<09:36,  3.92s/it]
 27%|██▋       | 54/200 [03:40<09:43,  4.00s/it]
 28%|██▊       | 55/200 [03:44<09:41,  4.01s/it]
 28%|██▊       | 56/200 [03:48<09:29,  3.96s/it]
 28%|██▊       | 57/200 [03:51<09:21,  3.92s/it]
 29%|██▉       | 58/200 [03:56<09:24,  3.97s/it]
 30%|██▉       | 59/200 [03:59<09:10,  3.90s/it]
 30%|███       | 60/200 [04:04<09:19,  4.00s/it]
 30%|███       | 61/200 [04:08<09:38,  4.16s/it]
 31%|███       | 62/200 [04:12<09:43,  4.22s/it]
 32%|███▏      | 63/200 [04:17<09:47,  4.29s/it]
 32%|███▏      | 64/200 [04:21<09:35,  4.23s/it]
 32%|███▎      | 65/200 [04:25<09:32,  4.24s/it]
 33%|███▎      | 66/200 [04:29<09:13,  4.13s/it]
 34%|███▎      | 67/200 [04:33<09:10,  4.14s/it]
 34%|███▍      | 68/200 [04:37<08:51,  4.02s/it]
 34%|███▍      | 69/200 [04:41<08:39,  3.97s/it]
 35%|███▌      | 70/200 [04:45<08:28,  3.91s/it]
 36%|███▌      | 71/200 [04:48<08:17,  3.86s/it]
 36%|███▌      | 72/200 [04:52<08:04,  3.78s/it]
 36%|███▋      | 73/200 [04:56<08:08,  3.84s/it]
 37%|███▋      | 74/200 [05:00<08:02,  3.83s/it]
 38%|███▊      | 75/200 [05:04<07:58,  3.83s/it]
 38%|███▊      | 76/200 [05:08<08:01,  3.89s/it]
 38%|███▊      | 77/200 [05:11<07:53,  3.85s/it]
 39%|███▉      | 78/200 [05:15<07:52,  3.87s/it]
 40%|███▉      | 79/200 [05:19<07:52,  3.90s/it]
 40%|████      | 80/200 [05:23<07:45,  3.88s/it]
 40%|████      | 81/200 [05:27<07:44,  3.91s/it]
 41%|████      | 82/200 [05:31<07:45,  3.94s/it]
 42%|████▏     | 83/200 [05:35<07:32,  3.87s/it]
 42%|████▏     | 84/200 [05:38<07:22,  3.81s/it]
 42%|████▎     | 85/200 [05:42<07:18,  3.81s/it]
 43%|████▎     | 86/200 [05:46<07:23,  3.89s/it]
 44%|████▎     | 87/200 [05:50<07:17,  3.87s/it]
 44%|████▍     | 88/200 [05:54<07:12,  3.87s/it]
 44%|████▍     | 89/200 [05:58<07:08,  3.86s/it]
 45%|████▌     | 90/200 [06:02<07:06,  3.88s/it]
 46%|████▌     | 91/200 [06:06<07:12,  3.97s/it]
 46%|████▌     | 92/200 [06:10<07:04,  3.93s/it]
 46%|████▋     | 93/200 [06:14<06:59,  3.92s/it]
 47%|████▋     | 94/200 [06:17<06:50,  3.87s/it]
 48%|████▊     | 95/200 [06:21<06:47,  3.88s/it]
 48%|████▊     | 96/200 [06:25<06:49,  3.94s/it]
 48%|████▊     | 97/200 [06:29<06:49,  3.98s/it]
 49%|████▉     | 98/200 [06:33<06:46,  3.98s/it]
 50%|████▉     | 99/200 [06:37<06:43,  3.99s/it]
 50%|█████     | 100/200 [06:42<06:43,  4.03s/it]
 50%|█████     | 101/200 [06:46<06:41,  4.06s/it]
 51%|█████     | 102/200 [06:50<06:41,  4.10s/it]
 52%|█████▏    | 103/200 [06:54<06:34,  4.07s/it]
 52%|█████▏    | 104/200 [06:58<06:17,  3.93s/it]
 52%|█████▎    | 105/200 [07:02<06:23,  4.03s/it]
 53%|█████▎    | 106/200 [07:06<06:21,  4.06s/it]
 54%|█████▎    | 107/200 [07:10<06:08,  3.96s/it]
 54%|█████▍    | 108/200 [07:14<06:14,  4.07s/it]
 55%|█████▍    | 109/200 [07:18<06:15,  4.13s/it]
 55%|█████▌    | 110/200 [07:22<05:58,  3.98s/it]
 56%|█████▌    | 111/200 [07:26<05:53,  3.98s/it]
 56%|█████▌    | 112/200 [07:30<05:52,  4.01s/it]
 56%|█████▋    | 113/200 [07:34<05:53,  4.07s/it]
 57%|█████▋    | 114/200 [07:38<05:53,  4.12s/it]
 57%|█████▊    | 115/200 [07:43<05:50,  4.13s/it]
 58%|█████▊    | 116/200 [07:47<05:48,  4.15s/it]
 58%|█████▊    | 117/200 [07:51<05:43,  4.14s/it]
 59%|█████▉    | 118/200 [07:55<05:28,  4.01s/it]
 60%|█████▉    | 119/200 [07:58<05:21,  3.97s/it]
 60%|██████    | 120/200 [08:02<05:17,  3.97s/it]
 60%|██████    | 121/200 [08:06<05:10,  3.93s/it]
 61%|██████    | 122/200 [08:10<05:14,  4.03s/it]
 62%|██████▏   | 123/200 [08:15<05:25,  4.23s/it]
 62%|██████▏   | 124/200 [08:19<05:15,  4.15s/it]
 62%|██████▎   | 125/200 [08:23<05:04,  4.06s/it]
 63%|██████▎   | 126/200 [08:27<05:01,  4.07s/it]
 64%|██████▎   | 127/200 [08:31<04:57,  4.08s/it]
 64%|██████▍   | 128/200 [08:35<04:45,  3.96s/it]
 64%|██████▍   | 129/200 [08:39<04:43,  3.99s/it]
 65%|██████▌   | 130/200 [08:43<04:43,  4.05s/it]
 66%|██████▌   | 131/200 [08:47<04:37,  4.02s/it]
 66%|██████▌   | 132/200 [08:51<04:28,  3.95s/it]
 66%|██████▋   | 133/200 [08:55<04:20,  3.89s/it]
 67%|██████▋   | 134/200 [08:58<04:08,  3.76s/it]
 68%|██████▊   | 135/200 [09:02<04:04,  3.76s/it]
 68%|██████▊   | 136/200 [09:06<04:05,  3.83s/it]
 68%|██████▊   | 137/200 [09:10<04:04,  3.89s/it]
 69%|██████▉   | 138/200 [09:14<04:02,  3.91s/it]
 70%|██████▉   | 139/200 [09:18<03:58,  3.91s/it]
 70%|███████   | 140/200 [09:21<03:50,  3.84s/it]
 70%|███████   | 141/200 [09:25<03:47,  3.86s/it]
 71%|███████   | 142/200 [09:30<03:52,  4.01s/it]
 72%|███████▏  | 143/200 [09:34<03:48,  4.01s/it]
 72%|███████▏  | 144/200 [09:38<03:44,  4.01s/it]
 72%|███████▎  | 145/200 [09:42<03:40,  4.01s/it]
 73%|███████▎  | 146/200 [09:45<03:31,  3.91s/it]
 74%|███████▎  | 147/200 [09:49<03:28,  3.93s/it]
 74%|███████▍  | 148/200 [09:53<03:21,  3.88s/it]
 74%|███████▍  | 149/200 [09:57<03:16,  3.86s/it]
 75%|███████▌  | 150/200 [10:01<03:14,  3.89s/it]
 76%|███████▌  | 151/200 [10:05<03:12,  3.92s/it]
 76%|███████▌  | 152/200 [10:09<03:16,  4.08s/it]
 76%|███████▋  | 153/200 [10:14<03:22,  4.31s/it]
 77%|███████▋  | 154/200 [10:18<03:17,  4.29s/it]
 78%|███████▊  | 155/200 [10:22<03:08,  4.19s/it]
 78%|███████▊  | 156/200 [10:26<03:00,  4.10s/it]
 78%|███████▊  | 157/200 [10:30<02:55,  4.09s/it]
 79%|███████▉  | 158/200 [10:34<02:50,  4.05s/it]
 80%|███████▉  | 159/200 [10:38<02:46,  4.05s/it]
 80%|████████  | 160/200 [10:42<02:40,  4.02s/it]
 80%|████████  | 161/200 [10:46<02:35,  3.98s/it]
 81%|████████  | 162/200 [10:50<02:32,  4.00s/it]
 82%|████████▏ | 163/200 [10:54<02:29,  4.05s/it]
 82%|████████▏ | 164/200 [10:59<02:29,  4.16s/it]
 82%|████████▎ | 165/200 [11:03<02:23,  4.09s/it]
 83%|████████▎ | 166/200 [11:07<02:16,  4.00s/it]
 84%|████████▎ | 167/200 [11:10<02:10,  3.96s/it]
 84%|████████▍ | 168/200 [11:15<02:10,  4.08s/it]
 84%|████████▍ | 169/200 [11:19<02:04,  4.02s/it]
 85%|████████▌ | 170/200 [11:23<02:00,  4.01s/it]
 86%|████████▌ | 171/200 [11:27<01:56,  4.02s/it]
 86%|████████▌ | 172/200 [11:31<01:53,  4.05s/it]
 86%|████████▋ | 173/200 [11:35<01:49,  4.07s/it]
 87%|████████▋ | 174/200 [11:39<01:42,  3.95s/it]
 88%|████████▊ | 175/200 [11:43<01:44,  4.18s/it]
 88%|████████▊ | 176/200 [11:47<01:39,  4.13s/it]
 88%|████████▊ | 177/200 [11:52<01:37,  4.24s/it]
 89%|████████▉ | 178/200 [11:55<01:29,  4.06s/it]
 90%|████████▉ | 179/200 [11:59<01:23,  3.98s/it]
 90%|█████████ | 180/200 [12:03<01:19,  3.99s/it]
 90%|█████████ | 181/200 [12:07<01:16,  4.05s/it]
 91%|█████████ | 182/200 [12:11<01:11,  3.99s/it]
 92%|█████████▏| 183/200 [12:15<01:07,  3.96s/it]
 92%|█████████▏| 184/200 [12:19<01:02,  3.93s/it]
 92%|█████████▎| 185/200 [12:23<00:58,  3.90s/it]
 93%|█████████▎| 186/200 [12:27<00:54,  3.90s/it]
 94%|█████████▎| 187/200 [12:31<00:52,  4.06s/it]
 94%|█████████▍| 188/200 [12:35<00:47,  3.97s/it]
 94%|█████████▍| 189/200 [12:39<00:43,  3.97s/it]
 95%|█████████▌| 190/200 [12:43<00:40,  4.00s/it]
 96%|█████████▌| 191/200 [12:47<00:36,  4.05s/it]
 96%|█████████▌| 192/200 [12:51<00:32,  4.02s/it]
 96%|█████████▋| 193/200 [12:55<00:27,  3.93s/it]
 97%|█████████▋| 194/200 [12:59<00:23,  3.89s/it]
 98%|█████████▊| 195/200 [13:03<00:19,  3.96s/it]
 98%|█████████▊| 196/200 [13:08<00:17,  4.25s/it]
 98%|█████████▊| 197/200 [13:13<00:13,  4.46s/it]
 99%|█████████▉| 198/200 [13:17<00:08,  4.46s/it]
100%|█████████▉| 199/200 [13:21<00:04,  4.41s/it]
100%|██████████| 200/200 [13:26<00:00,  4.48s/it]
                                                 
0
1
2
3
4
5
6
7
8
9
10
11
12
13
14
15
16
17
18
19
20
21
22
23
24
25
26
27
28
29
30
31
32
33
34
35
36
37
38
39
40
41
42
43
44
45
46
47
48
49
50
51
52
53
54
55
56
57
58
59
60
61
62
63
64
65
66
67
68
69
70
71
72
73
74
75
76
77
78
79
80
81
82
83
84
85
86
87
88
89
90
91
92
93
94
95
96
97
98
99
100
101
102
103
104
105
106
107
108
109
110
111
112
113
114
115
116
117
118
119
120
121
122
123
124
125
126
127
128
129
130
131
132
133
134
135
136
137
138
139
140
141
142
143
144
145
146
147
148
149
150
151
152
153
154
155
156
157
158
159
160
161
162
163
164
165
166
167
168
169
170
171
172
173
174
175
176
177
178
179
180
181
182
183
184
185
186
187
188
189
190
191
192
193
194
195
196
197
198
199
