 
Files to read: ['../pilot-cpjump1-data/profiles/2020_11_04_CPJUMP1/BR00116995/BR00116995_normalized_feature_select_negcon.csv.gz']
Files to read: ['../pilot-cpjump1-data/profiles/2020_11_04_CPJUMP1/BR00117024/BR00117024_normalized_feature_select_negcon.csv.gz']
Files to read: ['../pilot-cpjump1-data/profiles/2020_11_04_CPJUMP1/BR00117025/BR00117025_normalized_feature_select_negcon.csv.gz']
Files to read: ['../pilot-cpjump1-data/profiles/2020_11_04_CPJUMP1/BR00117026/BR00117026_normalized_feature_select_negcon.csv.gz']
Files to read: ['../pilot-cpjump1-data/profiles/2020_11_04_CPJUMP1/BR00116997/BR00116997_normalized_feature_select_negcon.csv.gz']
Files to read: ['../pilot-cpjump1-data/profiles/2020_11_04_CPJUMP1/BR00116998/BR00116998_normalized_feature_select_negcon.csv.gz']
Files to read: ['../pilot-cpjump1-data/profiles/2020_11_04_CPJUMP1/BR00116999/BR00116999_normalized_feature_select_negcon.csv.gz']
Files to read: ['../pilot-cpjump1-data/profiles/2020_11_04_CPJUMP1/BR00116996/BR00116996_normalized_feature_select_negcon.csv.gz']
Files to read: ['../pilot-cpjump1-data/profiles/2020_11_04_CPJUMP1/BR00117022/BR00117022_normalized_feature_select_negcon.csv.gz']
Files to read: ['../pilot-cpjump1-data/profiles/2020_11_04_CPJUMP1/BR00117023/BR00117023_normalized_feature_select_negcon.csv.gz']

  0%|          | 0/200 [00:00<?, ?it/s]
  0%|          | 1/200 [00:08<27:30,  8.29s/it]
  1%|          | 2/200 [00:13<20:54,  6.34s/it]
  2%|▏         | 3/200 [00:18<19:32,  5.95s/it]
  2%|▏         | 4/200 [00:23<17:59,  5.51s/it]
  2%|▎         | 5/200 [00:28<17:20,  5.34s/it]
  3%|▎         | 6/200 [00:33<16:36,  5.14s/it]
  4%|▎         | 7/200 [00:38<16:05,  5.00s/it]
  4%|▍         | 8/200 [00:43<16:06,  5.03s/it]
  4%|▍         | 9/200 [00:48<16:17,  5.12s/it]
  5%|▌         | 10/200 [00:53<15:48,  4.99s/it]
  6%|▌         | 11/200 [00:57<15:32,  4.93s/it]
  6%|▌         | 12/200 [01:03<15:42,  5.01s/it]
  6%|▋         | 13/200 [01:07<15:16,  4.90s/it]
  7%|▋         | 14/200 [01:13<15:30,  5.01s/it]
  8%|▊         | 15/200 [01:18<15:35,  5.06s/it]
  8%|▊         | 16/200 [01:23<15:21,  5.01s/it]
  8%|▊         | 17/200 [01:27<15:01,  4.93s/it]
  9%|▉         | 18/200 [01:32<14:46,  4.87s/it]
 10%|▉         | 19/200 [01:38<15:39,  5.19s/it]
 10%|█         | 20/200 [01:44<15:56,  5.31s/it]
 10%|█         | 21/200 [01:49<16:15,  5.45s/it]
 11%|█         | 22/200 [01:55<16:21,  5.51s/it]
 12%|█▏        | 23/200 [02:00<16:00,  5.43s/it]
 12%|█▏        | 24/200 [02:05<15:22,  5.24s/it]
 12%|█▎        | 25/200 [02:11<15:26,  5.30s/it]
 13%|█▎        | 26/200 [02:16<15:07,  5.22s/it]
 14%|█▎        | 27/200 [02:20<14:39,  5.08s/it]
 14%|█▍        | 28/200 [02:25<14:33,  5.08s/it]
 14%|█▍        | 29/200 [02:30<14:15,  5.00s/it]
 15%|█▌        | 30/200 [02:35<14:04,  4.97s/it]
 16%|█▌        | 31/200 [02:40<13:57,  4.96s/it]
 16%|█▌        | 32/200 [02:45<13:50,  4.94s/it]
 16%|█▋        | 33/200 [02:50<13:34,  4.88s/it]
 17%|█▋        | 34/200 [02:54<13:24,  4.85s/it]
 18%|█▊        | 35/200 [02:59<13:15,  4.82s/it]
 18%|█▊        | 36/200 [03:04<13:06,  4.80s/it]
 18%|█▊        | 37/200 [03:09<12:48,  4.71s/it]
 19%|█▉        | 38/200 [03:13<12:49,  4.75s/it]
 20%|█▉        | 39/200 [03:18<12:47,  4.77s/it]
 20%|██        | 40/200 [03:23<12:39,  4.75s/it]
 20%|██        | 41/200 [03:27<12:25,  4.69s/it]
 21%|██        | 42/200 [03:32<12:40,  4.81s/it]
 22%|██▏       | 43/200 [03:38<12:50,  4.91s/it]
 22%|██▏       | 44/200 [03:42<12:42,  4.89s/it]
 22%|██▎       | 45/200 [03:47<12:27,  4.83s/it]
 23%|██▎       | 46/200 [03:52<12:21,  4.81s/it]
 24%|██▎       | 47/200 [03:57<12:05,  4.74s/it]
 24%|██▍       | 48/200 [04:01<12:07,  4.79s/it]
 24%|██▍       | 49/200 [04:06<11:59,  4.76s/it]
 25%|██▌       | 50/200 [04:11<12:01,  4.81s/it]
 26%|██▌       | 51/200 [04:16<12:20,  4.97s/it]
 26%|██▌       | 52/200 [04:22<12:25,  5.03s/it]
 26%|██▋       | 53/200 [04:27<12:16,  5.01s/it]
 27%|██▋       | 54/200 [04:32<12:13,  5.02s/it]
 28%|██▊       | 55/200 [04:37<12:09,  5.03s/it]
 28%|██▊       | 56/200 [04:42<12:27,  5.19s/it]
 28%|██▊       | 57/200 [04:48<13:04,  5.49s/it]
 29%|██▉       | 58/200 [04:53<12:30,  5.29s/it]
 30%|██▉       | 59/200 [04:58<11:56,  5.08s/it]
 30%|███       | 60/200 [05:03<11:47,  5.05s/it]
 30%|███       | 61/200 [05:08<11:34,  5.00s/it]
 31%|███       | 62/200 [05:13<11:27,  4.98s/it]
 32%|███▏      | 63/200 [05:18<11:30,  5.04s/it]
 32%|███▏      | 64/200 [05:23<11:40,  5.15s/it]
 32%|███▎      | 65/200 [05:28<11:23,  5.06s/it]
 33%|███▎      | 66/200 [05:33<11:07,  4.98s/it]
 34%|███▎      | 67/200 [05:38<11:07,  5.02s/it]
 34%|███▍      | 68/200 [05:43<10:58,  4.99s/it]
 34%|███▍      | 69/200 [05:48<10:44,  4.92s/it]
 35%|███▌      | 70/200 [05:52<10:26,  4.82s/it]
 36%|███▌      | 71/200 [05:57<10:29,  4.88s/it]
 36%|███▌      | 72/200 [06:02<10:18,  4.83s/it]
 36%|███▋      | 73/200 [06:07<10:14,  4.84s/it]
 37%|███▋      | 74/200 [06:12<10:38,  5.07s/it]
 38%|███▊      | 75/200 [06:18<10:41,  5.13s/it]
 38%|███▊      | 76/200 [06:23<10:42,  5.18s/it]
 38%|███▊      | 77/200 [06:28<10:14,  5.00s/it]
 39%|███▉      | 78/200 [06:32<10:00,  4.92s/it]
 40%|███▉      | 79/200 [06:37<09:46,  4.85s/it]
 40%|████      | 80/200 [06:42<09:38,  4.82s/it]
 40%|████      | 81/200 [06:47<09:52,  4.97s/it]
 41%|████      | 82/200 [06:52<09:59,  5.08s/it]
 42%|████▏     | 83/200 [06:58<09:57,  5.11s/it]
 42%|████▏     | 84/200 [07:02<09:45,  5.05s/it]
 42%|████▎     | 85/200 [07:07<09:31,  4.97s/it]
 43%|████▎     | 86/200 [07:12<09:34,  5.04s/it]
 44%|████▎     | 87/200 [07:17<09:20,  4.96s/it]
 44%|████▍     | 88/200 [07:23<09:34,  5.13s/it]
 44%|████▍     | 89/200 [07:28<09:43,  5.26s/it]
 45%|████▌     | 90/200 [07:34<09:55,  5.41s/it]
 46%|████▌     | 91/200 [07:39<09:25,  5.19s/it]
 46%|████▌     | 92/200 [07:44<09:18,  5.17s/it]
 46%|████▋     | 93/200 [07:49<08:56,  5.02s/it]
 47%|████▋     | 94/200 [07:54<08:52,  5.02s/it]
 48%|████▊     | 95/200 [07:58<08:37,  4.93s/it]
 48%|████▊     | 96/200 [08:03<08:28,  4.89s/it]
 48%|████▊     | 97/200 [08:08<08:30,  4.95s/it]
 49%|████▉     | 98/200 [08:13<08:33,  5.03s/it]
 50%|████▉     | 99/200 [08:18<08:19,  4.95s/it]
 50%|█████     | 100/200 [08:23<08:11,  4.92s/it]
 50%|█████     | 101/200 [08:28<08:16,  5.01s/it]
 51%|█████     | 102/200 [08:33<08:17,  5.08s/it]
 52%|█████▏    | 103/200 [08:39<08:14,  5.10s/it]
 52%|█████▏    | 104/200 [08:43<08:02,  5.02s/it]
 52%|█████▎    | 105/200 [08:48<07:47,  4.92s/it]
 53%|█████▎    | 106/200 [08:53<07:37,  4.87s/it]
 54%|█████▎    | 107/200 [08:58<07:35,  4.90s/it]
 54%|█████▍    | 108/200 [09:03<07:34,  4.94s/it]
 55%|█████▍    | 109/200 [09:08<07:39,  5.05s/it]
 55%|█████▌    | 110/200 [09:13<07:38,  5.09s/it]
 56%|█████▌    | 111/200 [09:19<07:35,  5.12s/it]
 56%|█████▌    | 112/200 [09:24<07:39,  5.22s/it]
 56%|█████▋    | 113/200 [09:29<07:20,  5.06s/it]
 57%|█████▋    | 114/200 [09:34<07:12,  5.03s/it]
 57%|█████▊    | 115/200 [09:38<06:59,  4.93s/it]
 58%|█████▊    | 116/200 [09:43<06:51,  4.90s/it]
 58%|█████▊    | 117/200 [09:48<06:46,  4.90s/it]
 59%|█████▉    | 118/200 [09:53<06:38,  4.86s/it]
 60%|█████▉    | 119/200 [09:58<06:29,  4.80s/it]
 60%|██████    | 120/200 [10:03<06:45,  5.07s/it]
 60%|██████    | 121/200 [10:09<07:03,  5.37s/it]
 61%|██████    | 122/200 [10:15<07:02,  5.42s/it]
 62%|██████▏   | 123/200 [10:20<06:55,  5.39s/it]
 62%|██████▏   | 124/200 [10:25<06:39,  5.25s/it]
 62%|██████▎   | 125/200 [10:30<06:31,  5.23s/it]
 63%|██████▎   | 126/200 [10:36<06:30,  5.27s/it]
 64%|██████▎   | 127/200 [10:41<06:19,  5.19s/it]
 64%|██████▍   | 128/200 [10:46<06:14,  5.20s/it]
 64%|██████▍   | 129/200 [10:50<05:54,  5.00s/it]
 65%|██████▌   | 130/200 [10:55<05:48,  4.97s/it]
 66%|██████▌   | 131/200 [11:01<05:52,  5.11s/it]
 66%|██████▌   | 132/200 [11:05<05:39,  5.00s/it]
 66%|██████▋   | 133/200 [11:10<05:35,  5.01s/it]
 67%|██████▋   | 134/200 [11:16<05:34,  5.07s/it]
 68%|██████▊   | 135/200 [11:20<05:23,  4.97s/it]
 68%|██████▊   | 136/200 [11:25<05:15,  4.93s/it]
 68%|██████▊   | 137/200 [11:30<05:10,  4.93s/it]
 69%|██████▉   | 138/200 [11:35<05:00,  4.85s/it]
 70%|██████▉   | 139/200 [11:40<04:54,  4.82s/it]
 70%|███████   | 140/200 [11:44<04:48,  4.81s/it]
 70%|███████   | 141/200 [11:49<04:43,  4.81s/it]
 71%|███████   | 142/200 [11:54<04:45,  4.93s/it]
 72%|███████▏  | 143/200 [12:00<04:49,  5.07s/it]
 72%|███████▏  | 144/200 [12:05<04:44,  5.08s/it]
 72%|███████▎  | 145/200 [12:10<04:32,  4.95s/it]
 73%|███████▎  | 146/200 [12:15<04:32,  5.04s/it]
 74%|███████▎  | 147/200 [12:20<04:28,  5.07s/it]
 74%|███████▍  | 148/200 [12:25<04:28,  5.16s/it]
 74%|███████▍  | 149/200 [12:31<04:31,  5.32s/it]
 75%|███████▌  | 150/200 [12:37<04:35,  5.51s/it]
 76%|███████▌  | 151/200 [12:42<04:27,  5.45s/it]
 76%|███████▌  | 152/200 [12:48<04:27,  5.58s/it]
 76%|███████▋  | 153/200 [12:53<04:08,  5.28s/it]
 77%|███████▋  | 154/200 [12:57<03:55,  5.12s/it]
 78%|███████▊  | 155/200 [13:02<03:45,  5.02s/it]
 78%|███████▊  | 156/200 [13:07<03:35,  4.91s/it]
 78%|███████▊  | 157/200 [13:12<03:36,  5.03s/it]
 79%|███████▉  | 158/200 [13:17<03:26,  4.92s/it]
 80%|███████▉  | 159/200 [13:22<03:23,  4.96s/it]
 80%|████████  | 160/200 [13:27<03:16,  4.92s/it]
 80%|████████  | 161/200 [13:31<03:09,  4.85s/it]
 81%|████████  | 162/200 [13:36<03:03,  4.82s/it]
 82%|████████▏ | 163/200 [13:41<03:02,  4.92s/it]
 82%|████████▏ | 164/200 [13:46<02:57,  4.94s/it]
 82%|████████▎ | 165/200 [13:52<02:55,  5.01s/it]
 83%|████████▎ | 166/200 [13:57<02:54,  5.14s/it]
 84%|████████▎ | 167/200 [14:02<02:50,  5.18s/it]
 84%|████████▍ | 168/200 [14:08<02:49,  5.29s/it]
 84%|████████▍ | 169/200 [14:13<02:40,  5.17s/it]
 85%|████████▌ | 170/200 [14:18<02:34,  5.14s/it]
 86%|████████▌ | 171/200 [14:23<02:26,  5.04s/it]
 86%|████████▌ | 172/200 [14:28<02:24,  5.16s/it]
 86%|████████▋ | 173/200 [14:33<02:15,  5.00s/it]
 87%|████████▋ | 174/200 [14:38<02:10,  5.02s/it]
 88%|████████▊ | 175/200 [14:43<02:05,  5.04s/it]
 88%|████████▊ | 176/200 [14:48<02:01,  5.05s/it]
 88%|████████▊ | 177/200 [14:53<01:53,  4.95s/it]
 89%|████████▉ | 178/200 [14:57<01:48,  4.93s/it]
 90%|████████▉ | 179/200 [15:03<01:45,  5.02s/it]
 90%|█████████ | 180/200 [15:08<01:40,  5.00s/it]
 90%|█████████ | 181/200 [15:12<01:33,  4.93s/it]
 91%|█████████ | 182/200 [15:17<01:28,  4.93s/it]
 92%|█████████▏| 183/200 [15:22<01:23,  4.92s/it]
 92%|█████████▏| 184/200 [15:27<01:20,  5.01s/it]
 92%|█████████▎| 185/200 [15:32<01:14,  4.93s/it]
 93%|█████████▎| 186/200 [15:37<01:09,  5.00s/it]
 94%|█████████▎| 187/200 [15:42<01:05,  5.01s/it]
 94%|█████████▍| 188/200 [15:48<01:01,  5.09s/it]
 94%|█████████▍| 189/200 [15:54<00:58,  5.36s/it]
 95%|█████████▌| 190/200 [16:00<00:56,  5.60s/it]
 96%|█████████▌| 191/200 [16:05<00:49,  5.46s/it]
 96%|█████████▌| 192/200 [16:10<00:42,  5.36s/it]
 96%|█████████▋| 193/200 [16:15<00:37,  5.37s/it]
 97%|█████████▋| 194/200 [16:21<00:32,  5.36s/it]
 98%|█████████▊| 195/200 [16:26<00:26,  5.21s/it]
 98%|█████████▊| 196/200 [16:31<00:20,  5.19s/it]
 98%|█████████▊| 197/200 [16:36<00:15,  5.06s/it]
 99%|█████████▉| 198/200 [16:41<00:10,  5.11s/it]
100%|█████████▉| 199/200 [16:46<00:05,  5.24s/it]
100%|██████████| 200/200 [16:52<00:00,  5.35s/it]
                                                 
0
1
2
3
4
5
6
7
8
9
10
11
12
13
14
15
16
17
18
19
20
21
22
23
24
25
26
27
28
29
30
31
32
33
34
35
36
37
38
39
40
41
42
43
44
45
46
47
48
49
50
51
52
53
54
55
56
57
58
59
60
61
62
63
64
65
66
67
68
69
70
71
72
73
74
75
76
77
78
79
80
81
82
83
84
85
86
87
88
89
90
91
92
93
94
95
96
97
98
99
100
101
102
103
104
105
106
107
108
109
110
111
112
113
114
115
116
117
118
119
120
121
122
123
124
125
126
127
128
129
130
131
132
133
134
135
136
137
138
139
140
141
142
143
144
145
146
147
148
149
150
151
152
153
154
155
156
157
158
159
160
161
162
163
164
165
166
167
168
169
170
171
172
173
174
175
176
177
178
179
180
181
182
183
184
185
186
187
188
189
190
191
192
193
194
195
196
197
198
199
