 
Files to read: ['../pilot-cpjump1-data/profiles/2020_11_04_CPJUMP1/BR00116995/BR00116995_normalized_feature_select_negcon.csv.gz']
Files to read: ['../pilot-cpjump1-data/profiles/2020_11_04_CPJUMP1/BR00117024/BR00117024_normalized_feature_select_negcon.csv.gz']
Files to read: ['../pilot-cpjump1-data/profiles/2020_11_04_CPJUMP1/BR00117025/BR00117025_normalized_feature_select_negcon.csv.gz']
Files to read: ['../pilot-cpjump1-data/profiles/2020_11_04_CPJUMP1/BR00117026/BR00117026_normalized_feature_select_negcon.csv.gz']
Files to read: ['../pilot-cpjump1-data/profiles/2020_11_04_CPJUMP1/BR00116997/BR00116997_normalized_feature_select_negcon.csv.gz']
Files to read: ['../pilot-cpjump1-data/profiles/2020_11_04_CPJUMP1/BR00116998/BR00116998_normalized_feature_select_negcon.csv.gz']
Files to read: ['../pilot-cpjump1-data/profiles/2020_11_04_CPJUMP1/BR00116999/BR00116999_normalized_feature_select_negcon.csv.gz']
Files to read: ['../pilot-cpjump1-data/profiles/2020_11_04_CPJUMP1/BR00116996/BR00116996_normalized_feature_select_negcon.csv.gz']
Files to read: ['../pilot-cpjump1-data/profiles/2020_11_04_CPJUMP1/BR00117022/BR00117022_normalized_feature_select_negcon.csv.gz']
Files to read: ['../pilot-cpjump1-data/profiles/2020_11_04_CPJUMP1/BR00117023/BR00117023_normalized_feature_select_negcon.csv.gz']

  0%|          | 0/200 [00:00<?, ?it/s]
  0%|          | 1/200 [00:08<27:31,  8.30s/it]
  1%|          | 2/200 [00:13<21:08,  6.41s/it]
  2%|▏         | 3/200 [00:18<18:55,  5.76s/it]
  2%|▏         | 4/200 [00:23<17:44,  5.43s/it]
  2%|▎         | 5/200 [00:28<16:59,  5.23s/it]
  3%|▎         | 6/200 [00:32<16:18,  5.04s/it]
  4%|▎         | 7/200 [00:37<16:09,  5.02s/it]
  4%|▍         | 8/200 [00:42<16:01,  5.01s/it]
  4%|▍         | 9/200 [00:47<16:05,  5.06s/it]
  5%|▌         | 10/200 [00:52<15:52,  5.01s/it]
  6%|▌         | 11/200 [00:57<15:41,  4.98s/it]
  6%|▌         | 12/200 [01:02<15:26,  4.93s/it]
  6%|▋         | 13/200 [01:07<15:33,  4.99s/it]
  7%|▋         | 14/200 [01:12<15:27,  4.99s/it]
  8%|▊         | 15/200 [01:17<15:30,  5.03s/it]
  8%|▊         | 16/200 [01:22<15:31,  5.06s/it]
  8%|▊         | 17/200 [01:28<15:24,  5.05s/it]
  9%|▉         | 18/200 [01:33<15:20,  5.06s/it]
 10%|▉         | 19/200 [01:39<16:06,  5.34s/it]
 10%|█         | 20/200 [01:45<16:43,  5.58s/it]
 10%|█         | 21/200 [01:51<17:00,  5.70s/it]
 11%|█         | 22/200 [01:56<16:27,  5.55s/it]
 12%|█▏        | 23/200 [02:01<15:55,  5.40s/it]
 12%|█▏        | 24/200 [02:07<16:09,  5.51s/it]
 12%|█▎        | 25/200 [02:13<16:21,  5.61s/it]
 13%|█▎        | 26/200 [02:17<15:41,  5.41s/it]
 14%|█▎        | 27/200 [02:23<15:25,  5.35s/it]
 14%|█▍        | 28/200 [02:28<14:55,  5.21s/it]
 14%|█▍        | 29/200 [02:32<14:34,  5.12s/it]
 15%|█▌        | 30/200 [02:38<14:29,  5.11s/it]
 16%|█▌        | 31/200 [02:43<14:27,  5.14s/it]
 16%|█▌        | 32/200 [02:48<14:05,  5.03s/it]
 16%|█▋        | 33/200 [02:53<14:03,  5.05s/it]
 17%|█▋        | 34/200 [02:57<13:42,  4.95s/it]
 18%|█▊        | 35/200 [03:03<14:19,  5.21s/it]
 18%|█▊        | 36/200 [03:08<14:03,  5.14s/it]
 18%|█▊        | 37/200 [03:13<13:41,  5.04s/it]
 19%|█▉        | 38/200 [03:18<13:20,  4.94s/it]
 20%|█▉        | 39/200 [03:23<13:54,  5.19s/it]
 20%|██        | 40/200 [03:29<13:44,  5.15s/it]
 20%|██        | 41/200 [03:34<13:32,  5.11s/it]
 21%|██        | 42/200 [03:39<14:02,  5.33s/it]
 22%|██▏       | 43/200 [03:45<14:00,  5.36s/it]
 22%|██▏       | 44/200 [03:50<13:54,  5.35s/it]
 22%|██▎       | 45/200 [03:55<13:30,  5.23s/it]
 23%|██▎       | 46/200 [04:00<13:33,  5.28s/it]
 24%|██▎       | 47/200 [04:06<13:16,  5.20s/it]
 24%|██▍       | 48/200 [04:11<13:17,  5.25s/it]
 24%|██▍       | 49/200 [04:17<13:52,  5.51s/it]
 25%|██▌       | 50/200 [04:23<13:56,  5.58s/it]
 26%|██▌       | 51/200 [04:28<13:21,  5.38s/it]
 26%|██▌       | 52/200 [04:33<12:58,  5.26s/it]
 26%|██▋       | 53/200 [04:37<12:35,  5.14s/it]
 27%|██▋       | 54/200 [04:43<13:05,  5.38s/it]
 28%|██▊       | 55/200 [04:49<13:20,  5.52s/it]
 28%|██▊       | 56/200 [04:54<12:52,  5.36s/it]
 28%|██▊       | 57/200 [04:59<12:32,  5.26s/it]
 29%|██▉       | 58/200 [05:04<12:21,  5.22s/it]
 30%|██▉       | 59/200 [05:09<12:06,  5.15s/it]
 30%|███       | 60/200 [05:15<12:02,  5.16s/it]
 30%|███       | 61/200 [05:20<12:00,  5.18s/it]
 31%|███       | 62/200 [05:25<11:46,  5.12s/it]
 32%|███▏      | 63/200 [05:30<12:02,  5.28s/it]
 32%|███▏      | 64/200 [05:35<11:44,  5.18s/it]
 32%|███▎      | 65/200 [05:40<11:26,  5.08s/it]
 33%|███▎      | 66/200 [05:45<11:21,  5.09s/it]
 34%|███▎      | 67/200 [05:50<11:16,  5.09s/it]
 34%|███▍      | 68/200 [05:55<11:01,  5.01s/it]
 34%|███▍      | 69/200 [06:00<10:57,  5.02s/it]
 35%|███▌      | 70/200 [06:05<10:55,  5.05s/it]
 36%|███▌      | 71/200 [06:10<10:39,  4.95s/it]
 36%|███▌      | 72/200 [06:15<10:44,  5.04s/it]
 36%|███▋      | 73/200 [06:21<10:52,  5.14s/it]
 37%|███▋      | 74/200 [06:26<10:35,  5.04s/it]
 38%|███▊      | 75/200 [06:30<10:24,  5.00s/it]
 38%|███▊      | 76/200 [06:36<10:46,  5.22s/it]
 38%|███▊      | 77/200 [06:41<10:36,  5.18s/it]
 39%|███▉      | 78/200 [06:46<10:27,  5.14s/it]
 40%|███▉      | 79/200 [06:51<10:21,  5.13s/it]
 40%|████      | 80/200 [06:57<10:21,  5.18s/it]
 40%|████      | 81/200 [07:02<10:06,  5.10s/it]
 41%|████      | 82/200 [07:07<10:04,  5.12s/it]
 42%|████▏     | 83/200 [07:12<09:46,  5.01s/it]
 42%|████▏     | 84/200 [07:17<09:40,  5.00s/it]
 42%|████▎     | 85/200 [07:22<09:57,  5.20s/it]
 43%|████▎     | 86/200 [07:28<10:18,  5.42s/it]
 44%|████▎     | 87/200 [07:34<10:20,  5.49s/it]
 44%|████▍     | 88/200 [07:39<09:51,  5.29s/it]
 44%|████▍     | 89/200 [07:43<09:31,  5.15s/it]
 45%|████▌     | 90/200 [07:49<09:24,  5.13s/it]
 46%|████▌     | 91/200 [07:54<09:19,  5.13s/it]
 46%|████▌     | 92/200 [07:59<09:14,  5.14s/it]
 46%|████▋     | 93/200 [08:04<09:06,  5.11s/it]
 47%|████▋     | 94/200 [08:09<08:55,  5.05s/it]
 48%|████▊     | 95/200 [08:14<09:06,  5.21s/it]
 48%|████▊     | 96/200 [08:19<08:49,  5.09s/it]
 48%|████▊     | 97/200 [08:24<08:31,  4.96s/it]
 49%|████▉     | 98/200 [08:29<08:23,  4.93s/it]
 50%|████▉     | 99/200 [08:33<08:13,  4.89s/it]
 50%|█████     | 100/200 [08:39<08:16,  4.97s/it]
 50%|█████     | 101/200 [08:43<08:06,  4.92s/it]
 51%|█████     | 102/200 [08:48<08:01,  4.92s/it]
 52%|█████▏    | 103/200 [08:53<07:54,  4.89s/it]
 52%|█████▏    | 104/200 [08:58<07:52,  4.92s/it]
 52%|█████▎    | 105/200 [09:03<07:49,  4.95s/it]
 53%|█████▎    | 106/200 [09:08<07:47,  4.97s/it]
 54%|█████▎    | 107/200 [09:13<07:43,  4.98s/it]
 54%|█████▍    | 108/200 [09:19<07:59,  5.21s/it]
 55%|█████▍    | 109/200 [09:24<08:00,  5.28s/it]
 55%|█████▌    | 110/200 [09:29<07:46,  5.19s/it]
 56%|█████▌    | 111/200 [09:34<07:28,  5.04s/it]
 56%|█████▌    | 112/200 [09:39<07:23,  5.04s/it]
 56%|█████▋    | 113/200 [09:44<07:15,  5.01s/it]
 57%|█████▋    | 114/200 [09:49<07:04,  4.93s/it]
 57%|█████▊    | 115/200 [09:54<07:01,  4.96s/it]
 58%|█████▊    | 116/200 [09:59<06:56,  4.95s/it]
 58%|█████▊    | 117/200 [10:04<06:52,  4.97s/it]
 59%|█████▉    | 118/200 [10:09<07:05,  5.18s/it]
 60%|█████▉    | 119/200 [10:15<07:15,  5.38s/it]
 60%|██████    | 120/200 [10:20<07:06,  5.33s/it]
 60%|██████    | 121/200 [10:25<06:52,  5.23s/it]
 61%|██████    | 122/200 [10:30<06:35,  5.07s/it]
 62%|██████▏   | 123/200 [10:35<06:30,  5.07s/it]
 62%|██████▏   | 124/200 [10:40<06:22,  5.03s/it]
 62%|██████▎   | 125/200 [10:45<06:14,  4.99s/it]
 63%|██████▎   | 126/200 [10:50<06:07,  4.97s/it]
 64%|██████▎   | 127/200 [10:55<05:59,  4.92s/it]
 64%|██████▍   | 128/200 [11:00<05:55,  4.94s/it]
 64%|██████▍   | 129/200 [11:05<05:57,  5.03s/it]
 65%|██████▌   | 130/200 [11:10<05:46,  4.95s/it]
 66%|██████▌   | 131/200 [11:15<05:38,  4.91s/it]
 66%|██████▌   | 132/200 [11:20<05:36,  4.95s/it]
 66%|██████▋   | 133/200 [11:25<05:38,  5.05s/it]
 67%|██████▋   | 134/200 [11:30<05:30,  5.01s/it]
 68%|██████▊   | 135/200 [11:36<05:38,  5.20s/it]
 68%|██████▊   | 136/200 [11:41<05:34,  5.23s/it]
 68%|██████▊   | 137/200 [11:46<05:30,  5.25s/it]
 69%|██████▉   | 138/200 [11:51<05:26,  5.26s/it]
 70%|██████▉   | 139/200 [11:57<05:30,  5.43s/it]
 70%|███████   | 140/200 [12:03<05:23,  5.39s/it]
 70%|███████   | 141/200 [12:08<05:24,  5.50s/it]
 71%|███████   | 142/200 [12:13<05:11,  5.38s/it]
 72%|███████▏  | 143/200 [12:19<05:05,  5.35s/it]
 72%|███████▏  | 144/200 [12:24<04:53,  5.24s/it]
 72%|███████▎  | 145/200 [12:29<04:44,  5.18s/it]
 73%|███████▎  | 146/200 [12:34<04:41,  5.21s/it]
 74%|███████▎  | 147/200 [12:39<04:28,  5.07s/it]
 74%|███████▍  | 148/200 [12:44<04:30,  5.19s/it]
 74%|███████▍  | 149/200 [12:49<04:24,  5.18s/it]
 75%|███████▌  | 150/200 [12:54<04:13,  5.08s/it]
 76%|███████▌  | 151/200 [12:59<04:05,  5.01s/it]
 76%|███████▌  | 152/200 [13:04<03:59,  4.98s/it]
 76%|███████▋  | 153/200 [13:10<04:04,  5.20s/it]
 77%|███████▋  | 154/200 [13:15<04:05,  5.33s/it]
 78%|███████▊  | 155/200 [13:20<03:56,  5.26s/it]
 78%|███████▊  | 156/200 [13:25<03:48,  5.19s/it]
 78%|███████▊  | 157/200 [13:31<03:44,  5.23s/it]
 79%|███████▉  | 158/200 [13:36<03:36,  5.17s/it]
 80%|███████▉  | 159/200 [13:41<03:28,  5.08s/it]
 80%|████████  | 160/200 [13:46<03:22,  5.06s/it]
 80%|████████  | 161/200 [13:51<03:16,  5.05s/it]
 81%|████████  | 162/200 [13:56<03:10,  5.01s/it]
 82%|████████▏ | 163/200 [14:01<03:06,  5.03s/it]
 82%|████████▏ | 164/200 [14:06<03:00,  5.01s/it]
 82%|████████▎ | 165/200 [14:11<02:54,  5.00s/it]
 83%|████████▎ | 166/200 [14:16<02:49,  4.98s/it]
 84%|████████▎ | 167/200 [14:21<02:49,  5.14s/it]
 84%|████████▍ | 168/200 [14:26<02:40,  5.02s/it]
 84%|████████▍ | 169/200 [14:31<02:35,  5.01s/it]
 85%|████████▌ | 170/200 [14:36<02:29,  4.97s/it]
 86%|████████▌ | 171/200 [14:41<02:23,  4.95s/it]
 86%|████████▌ | 172/200 [14:46<02:20,  5.02s/it]
 86%|████████▋ | 173/200 [14:51<02:15,  5.01s/it]
 87%|████████▋ | 174/200 [14:56<02:12,  5.09s/it]
 88%|████████▊ | 175/200 [15:01<02:05,  5.00s/it]
 88%|████████▊ | 176/200 [15:06<01:59,  4.98s/it]
 88%|████████▊ | 177/200 [15:11<01:53,  4.94s/it]
 89%|████████▉ | 178/200 [15:15<01:47,  4.88s/it]
 90%|████████▉ | 179/200 [15:21<01:44,  5.00s/it]
 90%|█████████ | 180/200 [15:26<01:40,  5.01s/it]
 90%|█████████ | 181/200 [15:30<01:33,  4.90s/it]
 91%|█████████ | 182/200 [15:35<01:29,  4.99s/it]
 92%|█████████▏| 183/200 [15:41<01:26,  5.07s/it]
 92%|█████████▏| 184/200 [15:46<01:22,  5.17s/it]
 92%|█████████▎| 185/200 [15:52<01:19,  5.27s/it]
 93%|█████████▎| 186/200 [15:58<01:17,  5.51s/it]
 94%|█████████▎| 187/200 [16:03<01:10,  5.42s/it]
 94%|█████████▍| 188/200 [16:08<01:05,  5.42s/it]
 94%|█████████▍| 189/200 [16:13<00:58,  5.31s/it]
 95%|█████████▌| 190/200 [16:18<00:52,  5.23s/it]
 96%|█████████▌| 191/200 [16:23<00:46,  5.14s/it]
 96%|█████████▌| 192/200 [16:28<00:40,  5.02s/it]
 96%|█████████▋| 193/200 [16:33<00:35,  5.12s/it]
 97%|█████████▋| 194/200 [16:39<00:30,  5.12s/it]
 98%|█████████▊| 195/200 [16:43<00:24,  5.00s/it]
 98%|█████████▊| 196/200 [16:48<00:19,  4.98s/it]
 98%|█████████▊| 197/200 [16:53<00:14,  4.91s/it]
 99%|█████████▉| 198/200 [16:58<00:09,  4.86s/it]
100%|█████████▉| 199/200 [17:03<00:04,  4.87s/it]
100%|██████████| 200/200 [17:08<00:00,  4.95s/it]
                                                 
0
1
2
3
4
5
6
7
8
9
10
11
12
13
14
15
16
17
18
19
20
21
22
23
24
25
26
27
28
29
30
31
32
33
34
35
36
37
38
39
40
41
42
43
44
45
46
47
48
49
50
51
52
53
54
55
56
57
58
59
60
61
62
63
64
65
66
67
68
69
70
71
72
73
74
75
76
77
78
79
80
81
82
83
84
85
86
87
88
89
90
91
92
93
94
95
96
97
98
99
100
101
102
103
104
105
106
107
108
109
110
111
112
113
114
115
116
117
118
119
120
121
122
123
124
125
126
127
128
129
130
131
132
133
134
135
136
137
138
139
140
141
142
143
144
145
146
147
148
149
150
151
152
153
154
155
156
157
158
159
160
161
162
163
164
165
166
167
168
169
170
171
172
173
174
175
176
177
178
179
180
181
182
183
184
185
186
187
188
189
190
191
192
193
194
195
196
197
198
199
