 
Files to read: ['../pilot-cpjump1-data/profiles/2020_11_04_CPJUMP1/BR00116995/BR00116995_normalized_feature_select_negcon.csv.gz']
Files to read: ['../pilot-cpjump1-data/profiles/2020_11_04_CPJUMP1/BR00117024/BR00117024_normalized_feature_select_negcon.csv.gz']
Files to read: ['../pilot-cpjump1-data/profiles/2020_11_04_CPJUMP1/BR00117025/BR00117025_normalized_feature_select_negcon.csv.gz']
Files to read: ['../pilot-cpjump1-data/profiles/2020_11_04_CPJUMP1/BR00117026/BR00117026_normalized_feature_select_negcon.csv.gz']
Files to read: ['../pilot-cpjump1-data/profiles/2020_11_04_CPJUMP1/BR00116997/BR00116997_normalized_feature_select_negcon.csv.gz']
Files to read: ['../pilot-cpjump1-data/profiles/2020_11_04_CPJUMP1/BR00116998/BR00116998_normalized_feature_select_negcon.csv.gz']
Files to read: ['../pilot-cpjump1-data/profiles/2020_11_04_CPJUMP1/BR00116999/BR00116999_normalized_feature_select_negcon.csv.gz']
Files to read: ['../pilot-cpjump1-data/profiles/2020_11_04_CPJUMP1/BR00116996/BR00116996_normalized_feature_select_negcon.csv.gz']
Files to read: ['../pilot-cpjump1-data/profiles/2020_11_04_CPJUMP1/BR00117022/BR00117022_normalized_feature_select_negcon.csv.gz']
Files to read: ['../pilot-cpjump1-data/profiles/2020_11_04_CPJUMP1/BR00117023/BR00117023_normalized_feature_select_negcon.csv.gz']

  0%|          | 0/200 [00:00<?, ?it/s]
  0%|          | 1/200 [00:08<27:12,  8.20s/it]
  1%|          | 2/200 [00:13<20:32,  6.22s/it]
  2%|▏         | 3/200 [00:17<18:31,  5.64s/it]
  2%|▏         | 4/200 [00:22<17:34,  5.38s/it]
  2%|▎         | 5/200 [00:27<16:19,  5.02s/it]
  3%|▎         | 6/200 [00:32<16:31,  5.11s/it]
  4%|▎         | 7/200 [00:37<16:00,  4.98s/it]
  4%|▍         | 8/200 [00:42<15:44,  4.92s/it]
  4%|▍         | 9/200 [00:47<16:00,  5.03s/it]
  5%|▌         | 10/200 [00:52<16:14,  5.13s/it]
  6%|▌         | 11/200 [00:57<15:55,  5.06s/it]
  6%|▌         | 12/200 [01:02<15:50,  5.06s/it]
  6%|▋         | 13/200 [01:07<15:45,  5.06s/it]
  7%|▋         | 14/200 [01:12<15:17,  4.93s/it]
  8%|▊         | 15/200 [01:17<15:11,  4.93s/it]
  8%|▊         | 16/200 [01:22<14:58,  4.88s/it]
  8%|▊         | 17/200 [01:27<15:04,  4.94s/it]
  9%|▉         | 18/200 [01:32<14:53,  4.91s/it]
 10%|▉         | 19/200 [01:37<15:35,  5.17s/it]
 10%|█         | 20/200 [01:42<15:22,  5.12s/it]
 10%|█         | 21/200 [01:48<15:23,  5.16s/it]
 11%|█         | 22/200 [01:52<15:04,  5.08s/it]
 12%|█▏        | 23/200 [01:57<14:48,  5.02s/it]
 12%|█▏        | 24/200 [02:02<14:46,  5.04s/it]
 12%|█▎        | 25/200 [02:08<15:04,  5.17s/it]
 13%|█▎        | 26/200 [02:13<14:48,  5.10s/it]
 14%|█▎        | 27/200 [02:18<14:26,  5.01s/it]
 14%|█▍        | 28/200 [02:23<14:44,  5.14s/it]
 14%|█▍        | 29/200 [02:28<14:27,  5.07s/it]
 15%|█▌        | 30/200 [02:33<14:07,  4.99s/it]
 16%|█▌        | 31/200 [02:38<14:30,  5.15s/it]
 16%|█▌        | 32/200 [02:43<14:17,  5.10s/it]
 16%|█▋        | 33/200 [02:48<14:13,  5.11s/it]
 17%|█▋        | 34/200 [02:54<14:50,  5.37s/it]
 18%|█▊        | 35/200 [03:00<14:48,  5.38s/it]
 18%|█▊        | 36/200 [03:05<14:36,  5.34s/it]
 18%|█▊        | 37/200 [03:10<14:11,  5.22s/it]
 19%|█▉        | 38/200 [03:15<13:45,  5.10s/it]
 20%|█▉        | 39/200 [03:20<13:23,  4.99s/it]
 20%|██        | 40/200 [03:24<13:15,  4.97s/it]
 20%|██        | 41/200 [03:29<12:55,  4.88s/it]
 21%|██        | 42/200 [03:34<12:55,  4.91s/it]
 22%|██▏       | 43/200 [03:39<12:48,  4.90s/it]
 22%|██▏       | 44/200 [03:44<12:49,  4.93s/it]
 22%|██▎       | 45/200 [03:49<12:26,  4.81s/it]
 23%|██▎       | 46/200 [03:53<12:27,  4.86s/it]
 24%|██▎       | 47/200 [03:58<12:26,  4.88s/it]
 24%|██▍       | 48/200 [04:03<12:28,  4.92s/it]
 24%|██▍       | 49/200 [04:08<12:11,  4.84s/it]
 25%|██▌       | 50/200 [04:14<12:35,  5.04s/it]
 26%|██▌       | 51/200 [04:19<12:26,  5.01s/it]
 26%|██▌       | 52/200 [04:24<12:35,  5.11s/it]
 26%|██▋       | 53/200 [04:30<13:03,  5.33s/it]
 27%|██▋       | 54/200 [04:35<13:08,  5.40s/it]
 28%|██▊       | 55/200 [04:41<12:57,  5.36s/it]
 28%|██▊       | 56/200 [04:46<13:01,  5.42s/it]
 28%|██▊       | 57/200 [04:51<12:32,  5.26s/it]
 29%|██▉       | 58/200 [04:56<12:05,  5.11s/it]
 30%|██▉       | 59/200 [05:01<12:03,  5.13s/it]
 30%|███       | 60/200 [05:06<12:10,  5.22s/it]
 30%|███       | 61/200 [05:11<11:32,  4.98s/it]
 31%|███       | 62/200 [05:15<11:14,  4.89s/it]
 32%|███▏      | 63/200 [05:21<11:34,  5.07s/it]
 32%|███▏      | 64/200 [05:26<11:34,  5.11s/it]
 32%|███▎      | 65/200 [05:31<11:16,  5.01s/it]
 33%|███▎      | 66/200 [05:36<10:54,  4.88s/it]
 34%|███▎      | 67/200 [05:40<10:51,  4.90s/it]
 34%|███▍      | 68/200 [05:46<10:56,  4.97s/it]
 34%|███▍      | 69/200 [05:51<10:49,  4.96s/it]
 35%|███▌      | 70/200 [05:56<11:00,  5.08s/it]
 36%|███▌      | 71/200 [06:01<10:54,  5.08s/it]
 36%|███▌      | 72/200 [06:06<10:55,  5.12s/it]
 36%|███▋      | 73/200 [06:11<10:40,  5.04s/it]
 37%|███▋      | 74/200 [06:16<10:29,  5.00s/it]
 38%|███▊      | 75/200 [06:21<10:27,  5.02s/it]
 38%|███▊      | 76/200 [06:26<10:23,  5.03s/it]
 38%|███▊      | 77/200 [06:31<10:19,  5.03s/it]
 39%|███▉      | 78/200 [06:37<10:29,  5.16s/it]
 40%|███▉      | 79/200 [06:42<10:16,  5.10s/it]
 40%|████      | 80/200 [06:47<10:23,  5.19s/it]
 40%|████      | 81/200 [06:53<10:34,  5.33s/it]
 41%|████      | 82/200 [06:59<10:51,  5.52s/it]
 42%|████▏     | 83/200 [07:04<10:34,  5.42s/it]
 42%|████▏     | 84/200 [07:09<10:25,  5.39s/it]
 42%|████▎     | 85/200 [07:15<10:26,  5.45s/it]
 43%|████▎     | 86/200 [07:20<10:17,  5.42s/it]
 44%|████▎     | 87/200 [07:25<10:03,  5.34s/it]
 44%|████▍     | 88/200 [07:30<09:56,  5.33s/it]
 44%|████▍     | 89/200 [07:35<09:38,  5.21s/it]
 45%|████▌     | 90/200 [07:40<09:24,  5.13s/it]
 46%|████▌     | 91/200 [07:45<09:05,  5.01s/it]
 46%|████▌     | 92/200 [07:50<09:01,  5.01s/it]
 46%|████▋     | 93/200 [07:55<08:50,  4.96s/it]
 47%|████▋     | 94/200 [08:00<08:40,  4.91s/it]
 48%|████▊     | 95/200 [08:05<08:33,  4.89s/it]
 48%|████▊     | 96/200 [08:09<08:30,  4.91s/it]
 48%|████▊     | 97/200 [08:14<08:20,  4.86s/it]
 49%|████▉     | 98/200 [08:19<08:15,  4.86s/it]
 50%|████▉     | 99/200 [08:25<08:41,  5.16s/it]
 50%|█████     | 100/200 [08:30<08:38,  5.18s/it]
 50%|█████     | 101/200 [08:35<08:32,  5.18s/it]
 51%|█████     | 102/200 [08:41<08:27,  5.18s/it]
 52%|█████▏    | 103/200 [08:46<08:17,  5.13s/it]
 52%|█████▏    | 104/200 [08:51<08:10,  5.11s/it]
 52%|█████▎    | 105/200 [08:56<08:16,  5.23s/it]
 53%|█████▎    | 106/200 [09:01<08:12,  5.24s/it]
 54%|█████▎    | 107/200 [09:07<08:10,  5.28s/it]
 54%|█████▍    | 108/200 [09:12<08:10,  5.33s/it]
 55%|█████▍    | 109/200 [09:17<07:59,  5.27s/it]
 55%|█████▌    | 110/200 [09:23<07:55,  5.29s/it]
 56%|█████▌    | 111/200 [09:28<07:54,  5.33s/it]
 56%|█████▌    | 112/200 [09:33<07:34,  5.16s/it]
 56%|█████▋    | 113/200 [09:38<07:36,  5.24s/it]
 57%|█████▋    | 114/200 [09:44<07:37,  5.32s/it]
 57%|█████▊    | 115/200 [09:49<07:20,  5.18s/it]
 58%|█████▊    | 116/200 [09:54<07:11,  5.14s/it]
 58%|█████▊    | 117/200 [09:59<07:06,  5.14s/it]
 59%|█████▉    | 118/200 [10:04<06:58,  5.10s/it]
 60%|█████▉    | 119/200 [10:09<06:49,  5.06s/it]
 60%|██████    | 120/200 [10:14<06:44,  5.05s/it]
 60%|██████    | 121/200 [10:19<06:37,  5.03s/it]
 61%|██████    | 122/200 [10:24<06:30,  5.01s/it]
 62%|██████▏   | 123/200 [10:29<06:23,  4.98s/it]
 62%|██████▏   | 124/200 [10:34<06:25,  5.07s/it]
 62%|██████▎   | 125/200 [10:39<06:20,  5.07s/it]
 63%|██████▎   | 126/200 [10:44<06:09,  4.99s/it]
 64%|██████▎   | 127/200 [10:49<06:00,  4.94s/it]
 64%|██████▍   | 128/200 [10:54<05:57,  4.97s/it]
 64%|██████▍   | 129/200 [10:59<05:55,  5.01s/it]
 65%|██████▌   | 130/200 [11:04<05:52,  5.04s/it]
 66%|██████▌   | 131/200 [11:09<05:41,  4.95s/it]
 66%|██████▌   | 132/200 [11:14<05:38,  4.98s/it]
 66%|██████▋   | 133/200 [11:19<05:33,  4.98s/it]
 67%|██████▋   | 134/200 [11:24<05:31,  5.02s/it]
 68%|██████▊   | 135/200 [11:29<05:22,  4.97s/it]
 68%|██████▊   | 136/200 [11:34<05:23,  5.06s/it]
 68%|██████▊   | 137/200 [11:39<05:24,  5.14s/it]
 69%|██████▉   | 138/200 [11:44<05:19,  5.15s/it]
 70%|██████▉   | 139/200 [11:50<05:14,  5.16s/it]
 70%|███████   | 140/200 [11:55<05:10,  5.18s/it]
 70%|███████   | 141/200 [12:00<05:03,  5.14s/it]
 71%|███████   | 142/200 [12:06<05:08,  5.32s/it]
 72%|███████▏  | 143/200 [12:11<05:09,  5.43s/it]
 72%|███████▏  | 144/200 [12:17<05:10,  5.55s/it]
 72%|███████▎  | 145/200 [12:22<04:54,  5.35s/it]
 73%|███████▎  | 146/200 [12:27<04:45,  5.29s/it]
 74%|███████▎  | 147/200 [12:32<04:36,  5.21s/it]
 74%|███████▍  | 148/200 [12:37<04:29,  5.18s/it]
 74%|███████▍  | 149/200 [12:42<04:23,  5.17s/it]
 75%|███████▌  | 150/200 [12:47<04:16,  5.13s/it]
 76%|███████▌  | 151/200 [12:52<04:08,  5.07s/it]
 76%|███████▌  | 152/200 [12:57<04:00,  5.00s/it]
 76%|███████▋  | 153/200 [13:02<03:52,  4.94s/it]
 77%|███████▋  | 154/200 [13:07<03:48,  4.96s/it]
 78%|███████▊  | 155/200 [13:12<03:45,  5.02s/it]
 78%|███████▊  | 156/200 [13:17<03:41,  5.04s/it]
 78%|███████▊  | 157/200 [13:22<03:37,  5.06s/it]
 79%|███████▉  | 158/200 [13:27<03:31,  5.04s/it]
 80%|███████▉  | 159/200 [13:32<03:22,  4.95s/it]
 80%|████████  | 160/200 [13:37<03:19,  4.98s/it]
 80%|████████  | 161/200 [13:42<03:14,  4.98s/it]
 81%|████████  | 162/200 [13:47<03:09,  4.99s/it]
 82%|████████▏ | 163/200 [13:52<03:04,  4.98s/it]
 82%|████████▏ | 164/200 [13:57<02:59,  4.99s/it]
 82%|████████▎ | 165/200 [14:02<02:53,  4.97s/it]
 83%|████████▎ | 166/200 [14:07<02:49,  4.98s/it]
 84%|████████▎ | 167/200 [14:12<02:46,  5.04s/it]
 84%|████████▍ | 168/200 [14:18<02:44,  5.14s/it]
 84%|████████▍ | 169/200 [14:23<02:42,  5.25s/it]
 85%|████████▌ | 170/200 [14:28<02:37,  5.25s/it]
 86%|████████▌ | 171/200 [14:34<02:35,  5.38s/it]
 86%|████████▌ | 172/200 [14:40<02:32,  5.45s/it]
 86%|████████▋ | 173/200 [14:45<02:26,  5.41s/it]
 87%|████████▋ | 174/200 [14:50<02:17,  5.30s/it]
 88%|████████▊ | 175/200 [14:55<02:08,  5.14s/it]
 88%|████████▊ | 176/200 [15:00<02:02,  5.12s/it]
 88%|████████▊ | 177/200 [15:05<01:55,  5.03s/it]
 89%|████████▉ | 178/200 [15:10<01:50,  5.01s/it]
 90%|████████▉ | 179/200 [15:15<01:45,  5.00s/it]
 90%|█████████ | 180/200 [15:20<01:41,  5.07s/it]
 90%|█████████ | 181/200 [15:25<01:36,  5.06s/it]
 91%|█████████ | 182/200 [15:30<01:30,  5.03s/it]
 92%|█████████▏| 183/200 [15:35<01:25,  5.03s/it]
 92%|█████████▏| 184/200 [15:40<01:20,  5.06s/it]
 92%|█████████▎| 185/200 [15:45<01:15,  5.05s/it]
 93%|█████████▎| 186/200 [15:50<01:09,  4.99s/it]
 94%|█████████▎| 187/200 [15:55<01:04,  4.95s/it]
 94%|█████████▍| 188/200 [16:00<01:00,  5.02s/it]
 94%|█████████▍| 189/200 [16:05<00:56,  5.13s/it]
 95%|█████████▌| 190/200 [16:10<00:50,  5.04s/it]
 96%|█████████▌| 191/200 [16:15<00:44,  4.95s/it]
 96%|█████████▌| 192/200 [16:20<00:39,  4.93s/it]
 96%|█████████▋| 193/200 [16:25<00:34,  4.93s/it]
 97%|█████████▋| 194/200 [16:30<00:29,  4.91s/it]
 98%|█████████▊| 195/200 [16:35<00:25,  5.10s/it]
 98%|█████████▊| 196/200 [16:41<00:21,  5.26s/it]
 98%|█████████▊| 197/200 [16:46<00:15,  5.23s/it]
 99%|█████████▉| 198/200 [16:51<00:10,  5.15s/it]
100%|█████████▉| 199/200 [16:56<00:05,  5.14s/it]
100%|██████████| 200/200 [17:02<00:00,  5.27s/it]
                                                 
0
1
2
3
4
5
6
7
8
9
10
11
12
13
14
15
16
17
18
19
20
21
22
23
24
25
26
27
28
29
30
31
32
33
34
35
36
37
38
39
40
41
42
43
44
45
46
47
48
49
50
51
52
53
54
55
56
57
58
59
60
61
62
63
64
65
66
67
68
69
70
71
72
73
74
75
76
77
78
79
80
81
82
83
84
85
86
87
88
89
90
91
92
93
94
95
96
97
98
99
100
101
102
103
104
105
106
107
108
109
110
111
112
113
114
115
116
117
118
119
120
121
122
123
124
125
126
127
128
129
130
131
132
133
134
135
136
137
138
139
140
141
142
143
144
145
146
147
148
149
150
151
152
153
154
155
156
157
158
159
160
161
162
163
164
165
166
167
168
169
170
171
172
173
174
175
176
177
178
179
180
181
182
183
184
185
186
187
188
189
190
191
192
193
194
195
196
197
198
199
