 
Files to read: ['../pilot-cpjump1-data/profiles/2020_11_04_CPJUMP1/BR00116995/BR00116995_normalized_feature_select_negcon.csv.gz']
Files to read: ['../pilot-cpjump1-data/profiles/2020_11_04_CPJUMP1/BR00117024/BR00117024_normalized_feature_select_negcon.csv.gz']
Files to read: ['../pilot-cpjump1-data/profiles/2020_11_04_CPJUMP1/BR00117025/BR00117025_normalized_feature_select_negcon.csv.gz']
Files to read: ['../pilot-cpjump1-data/profiles/2020_11_04_CPJUMP1/BR00117026/BR00117026_normalized_feature_select_negcon.csv.gz']
Files to read: ['../pilot-cpjump1-data/profiles/2020_11_04_CPJUMP1/BR00116997/BR00116997_normalized_feature_select_negcon.csv.gz']
Files to read: ['../pilot-cpjump1-data/profiles/2020_11_04_CPJUMP1/BR00116998/BR00116998_normalized_feature_select_negcon.csv.gz']
Files to read: ['../pilot-cpjump1-data/profiles/2020_11_04_CPJUMP1/BR00116999/BR00116999_normalized_feature_select_negcon.csv.gz']
Files to read: ['../pilot-cpjump1-data/profiles/2020_11_04_CPJUMP1/BR00116996/BR00116996_normalized_feature_select_negcon.csv.gz']
Files to read: ['../pilot-cpjump1-data/profiles/2020_11_04_CPJUMP1/BR00117022/BR00117022_normalized_feature_select_negcon.csv.gz']
Files to read: ['../pilot-cpjump1-data/profiles/2020_11_04_CPJUMP1/BR00117023/BR00117023_normalized_feature_select_negcon.csv.gz']

  0%|          | 0/200 [00:00<?, ?it/s]
  0%|          | 1/200 [00:05<19:08,  5.77s/it]
  1%|          | 2/200 [00:11<19:11,  5.81s/it]
  2%|▏         | 3/200 [00:16<17:57,  5.47s/it]
  2%|▏         | 4/200 [00:21<17:29,  5.36s/it]
  2%|▎         | 5/200 [00:27<17:23,  5.35s/it]
  3%|▎         | 6/200 [00:32<16:44,  5.18s/it]
  4%|▎         | 7/200 [00:37<16:35,  5.16s/it]
  4%|▍         | 8/200 [00:42<16:29,  5.15s/it]
  4%|▍         | 9/200 [00:47<16:15,  5.11s/it]
  5%|▌         | 10/200 [00:52<15:58,  5.04s/it]
  6%|▌         | 11/200 [00:57<15:50,  5.03s/it]
  6%|▌         | 12/200 [01:02<15:53,  5.07s/it]
  6%|▋         | 13/200 [01:07<16:13,  5.21s/it]
  7%|▋         | 14/200 [01:13<16:30,  5.32s/it]
  8%|▊         | 15/200 [01:19<16:41,  5.41s/it]
  8%|▊         | 16/200 [01:24<16:38,  5.43s/it]
  8%|▊         | 17/200 [01:29<16:23,  5.37s/it]
  9%|▉         | 18/200 [01:35<16:12,  5.34s/it]
 10%|▉         | 19/200 [01:40<16:08,  5.35s/it]
 10%|█         | 20/200 [01:45<15:44,  5.25s/it]
 10%|█         | 21/200 [01:50<15:26,  5.18s/it]
 11%|█         | 22/200 [01:55<15:12,  5.13s/it]
 12%|█▏        | 23/200 [02:00<14:58,  5.08s/it]
 12%|█▏        | 24/200 [02:05<14:51,  5.07s/it]
 12%|█▎        | 25/200 [02:10<14:56,  5.12s/it]
 13%|█▎        | 26/200 [02:15<14:39,  5.06s/it]
 14%|█▎        | 27/200 [02:20<14:38,  5.08s/it]
 14%|█▍        | 28/200 [02:25<14:18,  4.99s/it]
 14%|█▍        | 29/200 [02:31<14:42,  5.16s/it]
 15%|█▌        | 30/200 [02:36<14:32,  5.13s/it]
 16%|█▌        | 31/200 [02:41<14:17,  5.07s/it]
 16%|█▌        | 32/200 [02:46<14:20,  5.12s/it]
 16%|█▋        | 33/200 [02:51<14:31,  5.22s/it]
 17%|█▋        | 34/200 [02:56<14:07,  5.10s/it]
 18%|█▊        | 35/200 [03:01<14:14,  5.18s/it]
 18%|█▊        | 36/200 [03:07<14:15,  5.22s/it]
 18%|█▊        | 37/200 [03:12<14:06,  5.19s/it]
 19%|█▉        | 38/200 [03:18<14:41,  5.44s/it]
 20%|█▉        | 39/200 [03:23<14:39,  5.46s/it]
 20%|██        | 40/200 [03:29<14:40,  5.50s/it]
 20%|██        | 41/200 [03:34<14:13,  5.37s/it]
 21%|██        | 42/200 [03:39<13:40,  5.19s/it]
 22%|██▏       | 43/200 [03:44<13:39,  5.22s/it]
 22%|██▏       | 44/200 [03:49<13:14,  5.09s/it]
 22%|██▎       | 45/200 [03:54<13:07,  5.08s/it]
 23%|██▎       | 46/200 [04:00<13:24,  5.22s/it]
 24%|██▎       | 47/200 [04:05<13:19,  5.22s/it]
 24%|██▍       | 48/200 [04:10<13:08,  5.19s/it]
 24%|██▍       | 49/200 [04:15<13:05,  5.20s/it]
 25%|██▌       | 50/200 [04:20<12:59,  5.20s/it]
 26%|██▌       | 51/200 [04:26<13:06,  5.28s/it]
 26%|██▌       | 52/200 [04:31<12:56,  5.25s/it]
 26%|██▋       | 53/200 [04:37<13:25,  5.48s/it]
 27%|██▋       | 54/200 [04:42<13:01,  5.35s/it]
 28%|██▊       | 55/200 [04:47<12:54,  5.34s/it]
 28%|██▊       | 56/200 [04:52<12:39,  5.27s/it]
 28%|██▊       | 57/200 [04:58<13:05,  5.49s/it]
 29%|██▉       | 58/200 [05:04<13:02,  5.51s/it]
 30%|██▉       | 59/200 [05:09<12:44,  5.42s/it]
 30%|███       | 60/200 [05:14<12:10,  5.22s/it]
 30%|███       | 61/200 [05:19<12:00,  5.18s/it]
 31%|███       | 62/200 [05:24<11:46,  5.12s/it]
 32%|███▏      | 63/200 [05:29<11:32,  5.05s/it]
 32%|███▏      | 64/200 [05:34<11:25,  5.04s/it]
 32%|███▎      | 65/200 [05:39<11:18,  5.03s/it]
 33%|███▎      | 66/200 [05:44<11:07,  4.98s/it]
 34%|███▎      | 67/200 [05:49<11:12,  5.05s/it]
 34%|███▍      | 68/200 [05:54<11:15,  5.12s/it]
 34%|███▍      | 69/200 [06:00<11:17,  5.17s/it]
 35%|███▌      | 70/200 [06:05<11:04,  5.11s/it]
 36%|███▌      | 71/200 [06:10<11:11,  5.20s/it]
 36%|███▌      | 72/200 [06:15<10:58,  5.15s/it]
 36%|███▋      | 73/200 [06:20<11:02,  5.21s/it]
 37%|███▋      | 74/200 [06:27<11:33,  5.50s/it]
 38%|███▊      | 75/200 [06:32<11:29,  5.51s/it]
 38%|███▊      | 76/200 [06:37<11:15,  5.45s/it]
 38%|███▊      | 77/200 [06:43<11:02,  5.39s/it]
 39%|███▉      | 78/200 [06:48<10:42,  5.26s/it]
 40%|███▉      | 79/200 [06:53<10:38,  5.28s/it]
 40%|████      | 80/200 [06:58<10:18,  5.16s/it]
 40%|████      | 81/200 [07:03<10:02,  5.07s/it]
 41%|████      | 82/200 [07:08<10:01,  5.09s/it]
 42%|████▏     | 83/200 [07:13<09:54,  5.08s/it]
 42%|████▏     | 84/200 [07:19<10:13,  5.29s/it]
 42%|████▎     | 85/200 [07:24<09:56,  5.19s/it]
 43%|████▎     | 86/200 [07:29<09:50,  5.18s/it]
 44%|████▎     | 87/200 [07:34<09:39,  5.13s/it]
 44%|████▍     | 88/200 [07:39<09:30,  5.10s/it]
 44%|████▍     | 89/200 [07:44<09:32,  5.16s/it]
 45%|████▌     | 90/200 [07:49<09:29,  5.18s/it]
 46%|████▌     | 91/200 [07:55<09:45,  5.37s/it]
 46%|████▌     | 92/200 [08:00<09:30,  5.28s/it]
 46%|████▋     | 93/200 [08:06<09:28,  5.31s/it]
 47%|████▋     | 94/200 [08:11<09:11,  5.21s/it]
 48%|████▊     | 95/200 [08:16<09:05,  5.19s/it]
 48%|████▊     | 96/200 [08:21<08:57,  5.17s/it]
 48%|████▊     | 97/200 [08:26<08:58,  5.23s/it]
 49%|████▉     | 98/200 [08:32<09:01,  5.31s/it]
 50%|████▉     | 99/200 [08:37<08:52,  5.27s/it]
 50%|█████     | 100/200 [08:42<08:45,  5.25s/it]
 50%|█████     | 101/200 [08:47<08:38,  5.24s/it]
 51%|█████     | 102/200 [08:53<08:40,  5.31s/it]
 52%|█████▏    | 103/200 [08:59<08:55,  5.52s/it]
 52%|█████▏    | 104/200 [09:04<08:44,  5.46s/it]
 52%|█████▎    | 105/200 [09:09<08:32,  5.40s/it]
 53%|█████▎    | 106/200 [09:14<08:13,  5.25s/it]
 54%|█████▎    | 107/200 [09:19<08:02,  5.19s/it]
 54%|█████▍    | 108/200 [09:24<07:48,  5.09s/it]
 55%|█████▍    | 109/200 [09:29<07:36,  5.02s/it]
 55%|█████▌    | 110/200 [09:34<07:34,  5.05s/it]
 56%|█████▌    | 111/200 [09:39<07:31,  5.07s/it]
 56%|█████▌    | 112/200 [09:45<07:39,  5.22s/it]
 56%|█████▋    | 113/200 [09:50<07:31,  5.19s/it]
 57%|█████▋    | 114/200 [09:55<07:23,  5.15s/it]
 57%|█████▊    | 115/200 [10:00<07:14,  5.12s/it]
 58%|█████▊    | 116/200 [10:05<07:11,  5.13s/it]
 58%|█████▊    | 117/200 [10:11<07:10,  5.19s/it]
 59%|█████▉    | 118/200 [10:16<07:16,  5.32s/it]
 60%|█████▉    | 119/200 [10:21<06:58,  5.17s/it]
 60%|██████    | 120/200 [10:26<06:53,  5.17s/it]
 60%|██████    | 121/200 [10:31<06:43,  5.11s/it]
 61%|██████    | 122/200 [10:36<06:31,  5.03s/it]
 62%|██████▏   | 123/200 [10:41<06:28,  5.05s/it]
 62%|██████▏   | 124/200 [10:46<06:21,  5.02s/it]
 62%|██████▎   | 125/200 [10:51<06:20,  5.07s/it]
 63%|██████▎   | 126/200 [10:56<06:19,  5.13s/it]
 64%|██████▎   | 127/200 [11:02<06:20,  5.21s/it]
 64%|██████▍   | 128/200 [11:07<06:09,  5.13s/it]
 64%|██████▍   | 129/200 [11:12<06:02,  5.11s/it]
 65%|██████▌   | 130/200 [11:17<05:52,  5.03s/it]
 66%|██████▌   | 131/200 [11:22<05:42,  4.97s/it]
 66%|██████▌   | 132/200 [11:27<05:41,  5.02s/it]
 66%|██████▋   | 133/200 [11:32<05:37,  5.03s/it]
 67%|██████▋   | 134/200 [11:37<05:33,  5.06s/it]
 68%|██████▊   | 135/200 [11:42<05:37,  5.19s/it]
 68%|██████▊   | 136/200 [11:48<05:33,  5.22s/it]
 68%|██████▊   | 137/200 [11:53<05:38,  5.37s/it]
 69%|██████▉   | 138/200 [11:58<05:23,  5.22s/it]
 70%|██████▉   | 139/200 [12:03<05:11,  5.10s/it]
 70%|███████   | 140/200 [12:08<04:59,  5.00s/it]
 70%|███████   | 141/200 [12:13<04:55,  5.01s/it]
 71%|███████   | 142/200 [12:18<04:49,  5.00s/it]
 72%|███████▏  | 143/200 [12:23<04:45,  5.00s/it]
 72%|███████▏  | 144/200 [12:28<04:38,  4.98s/it]
 72%|███████▎  | 145/200 [12:33<04:31,  4.93s/it]
 73%|███████▎  | 146/200 [12:38<04:32,  5.05s/it]
 74%|███████▎  | 147/200 [12:43<04:24,  4.98s/it]
 74%|███████▍  | 148/200 [12:48<04:16,  4.93s/it]
 74%|███████▍  | 149/200 [12:53<04:17,  5.04s/it]
 75%|███████▌  | 150/200 [12:58<04:11,  5.04s/it]
 76%|███████▌  | 151/200 [13:04<04:19,  5.30s/it]
 76%|███████▌  | 152/200 [13:09<04:08,  5.17s/it]
 76%|███████▋  | 153/200 [13:14<04:01,  5.14s/it]
 77%|███████▋  | 154/200 [13:19<03:52,  5.05s/it]
 78%|███████▊  | 155/200 [13:24<03:46,  5.03s/it]
 78%|███████▊  | 156/200 [13:29<03:40,  5.02s/it]
 78%|███████▊  | 157/200 [13:33<03:33,  4.97s/it]
 79%|███████▉  | 158/200 [13:38<03:29,  4.99s/it]
 80%|███████▉  | 159/200 [13:43<03:24,  4.98s/it]
 80%|████████  | 160/200 [13:48<03:19,  4.98s/it]
 80%|████████  | 161/200 [13:53<03:13,  4.97s/it]
 81%|████████  | 162/200 [13:59<03:22,  5.32s/it]
 82%|████████▏ | 163/200 [14:06<03:27,  5.60s/it]
 82%|████████▏ | 164/200 [14:11<03:17,  5.49s/it]
 82%|████████▎ | 165/200 [14:16<03:12,  5.49s/it]
 83%|████████▎ | 166/200 [14:22<03:10,  5.61s/it]
 84%|████████▎ | 167/200 [14:28<03:01,  5.50s/it]
 84%|████████▍ | 168/200 [14:33<02:51,  5.35s/it]
 84%|████████▍ | 169/200 [14:38<02:42,  5.24s/it]
 85%|████████▌ | 170/200 [14:43<02:36,  5.23s/it]
 86%|████████▌ | 171/200 [14:48<02:30,  5.20s/it]
 86%|████████▌ | 172/200 [14:53<02:23,  5.11s/it]
 86%|████████▋ | 173/200 [14:58<02:16,  5.06s/it]
 87%|████████▋ | 174/200 [15:03<02:10,  5.04s/it]
 88%|████████▊ | 175/200 [15:08<02:05,  5.03s/it]
 88%|████████▊ | 176/200 [15:14<02:07,  5.32s/it]
 88%|████████▊ | 177/200 [15:19<02:01,  5.28s/it]
 89%|████████▉ | 178/200 [15:24<01:54,  5.22s/it]
 90%|████████▉ | 179/200 [15:29<01:47,  5.12s/it]
 90%|█████████ | 180/200 [15:34<01:40,  5.03s/it]
 90%|█████████ | 181/200 [15:39<01:35,  5.01s/it]
 91%|█████████ | 182/200 [15:44<01:30,  5.05s/it]
 92%|█████████▏| 183/200 [15:49<01:26,  5.12s/it]
 92%|█████████▏| 184/200 [15:54<01:21,  5.11s/it]
 92%|█████████▎| 185/200 [15:59<01:17,  5.14s/it]
 93%|█████████▎| 186/200 [16:04<01:11,  5.07s/it]
 94%|█████████▎| 187/200 [16:09<01:04,  4.93s/it]
 94%|█████████▍| 188/200 [16:14<01:00,  5.06s/it]
 94%|█████████▍| 189/200 [16:20<00:56,  5.13s/it]
 95%|█████████▌| 190/200 [16:25<00:51,  5.12s/it]
 96%|█████████▌| 191/200 [16:30<00:46,  5.19s/it]
 96%|█████████▌| 192/200 [16:35<00:42,  5.27s/it]
 96%|█████████▋| 193/200 [16:41<00:37,  5.37s/it]
 97%|█████████▋| 194/200 [16:46<00:31,  5.33s/it]
 98%|█████████▊| 195/200 [16:51<00:26,  5.23s/it]
 98%|█████████▊| 196/200 [16:56<00:20,  5.15s/it]
 98%|█████████▊| 197/200 [17:01<00:15,  5.06s/it]
 99%|█████████▉| 198/200 [17:06<00:10,  5.07s/it]
100%|█████████▉| 199/200 [17:11<00:05,  5.07s/it]
100%|██████████| 200/200 [17:16<00:00,  5.06s/it]
                                                 
0
1
2
3
4
5
6
7
8
9
10
11
12
13
14
15
16
17
18
19
20
21
22
23
24
25
26
27
28
29
30
31
32
33
34
35
36
37
38
39
40
41
42
43
44
45
46
47
48
49
50
51
52
53
54
55
56
57
58
59
60
61
62
63
64
65
66
67
68
69
70
71
72
73
74
75
76
77
78
79
80
81
82
83
84
85
86
87
88
89
90
91
92
93
94
95
96
97
98
99
100
101
102
103
104
105
106
107
108
109
110
111
112
113
114
115
116
117
118
119
120
121
122
123
124
125
126
127
128
129
130
131
132
133
134
135
136
137
138
139
140
141
142
143
144
145
146
147
148
149
150
151
152
153
154
155
156
157
158
159
160
161
162
163
164
165
166
167
168
169
170
171
172
173
174
175
176
177
178
179
180
181
182
183
184
185
186
187
188
189
190
191
192
193
194
195
196
197
198
199
