 
Files to read: ['../pilot-cpjump1-data/profiles/2020_11_04_CPJUMP1/BR00116995/BR00116995_normalized_feature_select_negcon.csv.gz']
Files to read: ['../pilot-cpjump1-data/profiles/2020_11_04_CPJUMP1/BR00117024/BR00117024_normalized_feature_select_negcon.csv.gz']
Files to read: ['../pilot-cpjump1-data/profiles/2020_11_04_CPJUMP1/BR00117025/BR00117025_normalized_feature_select_negcon.csv.gz']
Files to read: ['../pilot-cpjump1-data/profiles/2020_11_04_CPJUMP1/BR00117026/BR00117026_normalized_feature_select_negcon.csv.gz']
Files to read: ['../pilot-cpjump1-data/profiles/2020_11_04_CPJUMP1/BR00116997/BR00116997_normalized_feature_select_negcon.csv.gz']
Files to read: ['../pilot-cpjump1-data/profiles/2020_11_04_CPJUMP1/BR00116998/BR00116998_normalized_feature_select_negcon.csv.gz']
Files to read: ['../pilot-cpjump1-data/profiles/2020_11_04_CPJUMP1/BR00116999/BR00116999_normalized_feature_select_negcon.csv.gz']
Files to read: ['../pilot-cpjump1-data/profiles/2020_11_04_CPJUMP1/BR00116996/BR00116996_normalized_feature_select_negcon.csv.gz']
Files to read: ['../pilot-cpjump1-data/profiles/2020_11_04_CPJUMP1/BR00117022/BR00117022_normalized_feature_select_negcon.csv.gz']
Files to read: ['../pilot-cpjump1-data/profiles/2020_11_04_CPJUMP1/BR00117023/BR00117023_normalized_feature_select_negcon.csv.gz']

  0%|          | 0/200 [00:00<?, ?it/s]
  0%|          | 1/200 [00:06<23:08,  6.98s/it]
  1%|          | 2/200 [00:10<16:36,  5.03s/it]
  2%|▏         | 3/200 [00:14<14:45,  4.49s/it]
  2%|▏         | 4/200 [00:18<13:54,  4.26s/it]
  2%|▎         | 5/200 [00:22<13:54,  4.28s/it]
  3%|▎         | 6/200 [00:26<13:43,  4.24s/it]
  4%|▎         | 7/200 [00:31<13:35,  4.23s/it]
  4%|▍         | 8/200 [00:34<13:11,  4.12s/it]
  4%|▍         | 9/200 [00:38<12:39,  3.98s/it]
  5%|▌         | 10/200 [00:42<12:11,  3.85s/it]
  6%|▌         | 11/200 [00:45<12:00,  3.81s/it]
  6%|▌         | 12/200 [00:49<11:58,  3.82s/it]
  6%|▋         | 13/200 [00:53<11:55,  3.82s/it]
  7%|▋         | 14/200 [00:57<11:56,  3.85s/it]
  8%|▊         | 15/200 [01:01<11:52,  3.85s/it]
  8%|▊         | 16/200 [01:05<11:51,  3.87s/it]
  8%|▊         | 17/200 [01:09<11:50,  3.88s/it]
  9%|▉         | 18/200 [01:13<11:53,  3.92s/it]
 10%|▉         | 19/200 [01:17<12:00,  3.98s/it]
 10%|█         | 20/200 [01:21<11:59,  3.99s/it]
 10%|█         | 21/200 [01:25<11:48,  3.96s/it]
 11%|█         | 22/200 [01:29<11:42,  3.95s/it]
 12%|█▏        | 23/200 [01:33<11:34,  3.92s/it]
 12%|█▏        | 24/200 [01:36<11:19,  3.86s/it]
 12%|█▎        | 25/200 [01:40<11:17,  3.87s/it]
 13%|█▎        | 26/200 [01:44<11:02,  3.81s/it]
 14%|█▎        | 27/200 [01:48<10:56,  3.79s/it]
 14%|█▍        | 28/200 [01:52<11:11,  3.90s/it]
 14%|█▍        | 29/200 [01:56<11:13,  3.94s/it]
 15%|█▌        | 30/200 [02:00<11:15,  3.97s/it]
 16%|█▌        | 31/200 [02:04<11:36,  4.12s/it]
 16%|█▌        | 32/200 [02:08<11:26,  4.08s/it]
 16%|█▋        | 33/200 [02:12<11:09,  4.01s/it]
 17%|█▋        | 34/200 [02:16<10:57,  3.96s/it]
 18%|█▊        | 35/200 [02:20<10:54,  3.96s/it]
 18%|█▊        | 36/200 [02:24<10:45,  3.94s/it]
 18%|█▊        | 37/200 [02:29<11:22,  4.18s/it]
 19%|█▉        | 38/200 [02:32<11:07,  4.12s/it]
 20%|█▉        | 39/200 [02:36<10:42,  3.99s/it]
 20%|██        | 40/200 [02:40<10:22,  3.89s/it]
 20%|██        | 41/200 [02:44<10:50,  4.09s/it]
 21%|██        | 42/200 [02:48<10:34,  4.01s/it]
 22%|██▏       | 43/200 [02:52<10:28,  4.01s/it]
 22%|██▏       | 44/200 [02:56<10:20,  3.98s/it]
 22%|██▎       | 45/200 [03:00<10:10,  3.94s/it]
 23%|██▎       | 46/200 [03:04<10:20,  4.03s/it]
 24%|██▎       | 47/200 [03:08<10:07,  3.97s/it]
 24%|██▍       | 48/200 [03:12<10:01,  3.96s/it]
 24%|██▍       | 49/200 [03:16<10:00,  3.97s/it]
 25%|██▌       | 50/200 [03:20<09:57,  3.98s/it]
 26%|██▌       | 51/200 [03:24<10:04,  4.06s/it]
 26%|██▌       | 52/200 [03:28<09:54,  4.02s/it]
 26%|██▋       | 53/200 [03:32<09:50,  4.02s/it]
 27%|██▋       | 54/200 [03:36<09:36,  3.95s/it]
 28%|██▊       | 55/200 [03:40<09:36,  3.97s/it]
 28%|██▊       | 56/200 [03:44<09:28,  3.94s/it]
 28%|██▊       | 57/200 [03:48<09:24,  3.95s/it]
 29%|██▉       | 58/200 [03:51<09:08,  3.86s/it]
 30%|██▉       | 59/200 [03:55<09:05,  3.87s/it]
 30%|███       | 60/200 [04:00<09:14,  3.96s/it]
 30%|███       | 61/200 [04:03<09:04,  3.92s/it]
 31%|███       | 62/200 [04:07<08:48,  3.83s/it]
 32%|███▏      | 63/200 [04:11<08:36,  3.77s/it]
 32%|███▏      | 64/200 [04:14<08:26,  3.73s/it]
 32%|███▎      | 65/200 [04:18<08:29,  3.77s/it]
 33%|███▎      | 66/200 [04:22<08:36,  3.85s/it]
 34%|███▎      | 67/200 [04:26<08:31,  3.85s/it]
 34%|███▍      | 68/200 [04:30<08:26,  3.84s/it]
 34%|███▍      | 69/200 [04:34<08:17,  3.80s/it]
 35%|███▌      | 70/200 [04:38<08:21,  3.86s/it]
 36%|███▌      | 71/200 [04:41<08:21,  3.89s/it]
 36%|███▌      | 72/200 [04:45<08:15,  3.87s/it]
 36%|███▋      | 73/200 [04:50<08:31,  4.03s/it]
 37%|███▋      | 74/200 [04:54<08:44,  4.17s/it]
 38%|███▊      | 75/200 [04:59<09:09,  4.40s/it]
 38%|███▊      | 76/200 [05:03<08:50,  4.28s/it]
 38%|███▊      | 77/200 [05:07<08:34,  4.18s/it]
 39%|███▉      | 78/200 [05:11<08:11,  4.03s/it]
 40%|███▉      | 79/200 [05:15<08:13,  4.08s/it]
 40%|████      | 80/200 [05:19<08:04,  4.03s/it]
 40%|████      | 81/200 [05:23<07:54,  3.99s/it]
 41%|████      | 82/200 [05:27<07:49,  3.98s/it]
 42%|████▏     | 83/200 [05:31<07:44,  3.97s/it]
 42%|████▏     | 84/200 [05:35<07:36,  3.94s/it]
 42%|████▎     | 85/200 [05:38<07:29,  3.91s/it]
 43%|████▎     | 86/200 [05:43<07:33,  3.98s/it]
 44%|████▎     | 87/200 [05:46<07:26,  3.95s/it]
 44%|████▍     | 88/200 [05:50<07:23,  3.96s/it]
 44%|████▍     | 89/200 [05:55<07:25,  4.01s/it]
 45%|████▌     | 90/200 [05:58<07:16,  3.97s/it]
 46%|████▌     | 91/200 [06:02<07:08,  3.93s/it]
 46%|████▌     | 92/200 [06:06<07:02,  3.91s/it]
 46%|████▋     | 93/200 [06:10<07:05,  3.97s/it]
 47%|████▋     | 94/200 [06:14<06:54,  3.91s/it]
 48%|████▊     | 95/200 [06:19<07:17,  4.17s/it]
 48%|████▊     | 96/200 [06:23<07:04,  4.08s/it]
 48%|████▊     | 97/200 [06:26<06:49,  3.97s/it]
 49%|████▉     | 98/200 [06:30<06:42,  3.95s/it]
 50%|████▉     | 99/200 [06:35<06:50,  4.07s/it]
 50%|█████     | 100/200 [06:39<06:43,  4.03s/it]
 50%|█████     | 101/200 [06:42<06:32,  3.97s/it]
 51%|█████     | 102/200 [06:47<06:41,  4.09s/it]
 52%|█████▏    | 103/200 [06:51<06:52,  4.25s/it]
 52%|█████▏    | 104/200 [06:56<06:49,  4.26s/it]
 52%|█████▎    | 105/200 [06:59<06:32,  4.14s/it]
 53%|█████▎    | 106/200 [07:04<06:31,  4.17s/it]
 54%|█████▎    | 107/200 [07:08<06:18,  4.07s/it]
 54%|█████▍    | 108/200 [07:12<06:11,  4.04s/it]
 55%|█████▍    | 109/200 [07:16<06:07,  4.04s/it]
 55%|█████▌    | 110/200 [07:20<06:03,  4.04s/it]
 56%|█████▌    | 111/200 [07:24<06:17,  4.24s/it]
 56%|█████▌    | 112/200 [07:29<06:20,  4.32s/it]
 56%|█████▋    | 113/200 [07:33<06:17,  4.34s/it]
 57%|█████▋    | 114/200 [07:37<06:08,  4.28s/it]
 57%|█████▊    | 115/200 [07:42<06:00,  4.25s/it]
 58%|█████▊    | 116/200 [07:45<05:48,  4.15s/it]
 58%|█████▊    | 117/200 [07:50<05:43,  4.14s/it]
 59%|█████▉    | 118/200 [07:54<05:44,  4.20s/it]
 60%|█████▉    | 119/200 [07:58<05:29,  4.07s/it]
 60%|██████    | 120/200 [08:02<05:23,  4.04s/it]
 60%|██████    | 121/200 [08:06<05:17,  4.02s/it]
 61%|██████    | 122/200 [08:10<05:17,  4.07s/it]
 62%|██████▏   | 123/200 [08:14<05:08,  4.00s/it]
 62%|██████▏   | 124/200 [08:18<05:02,  3.99s/it]
 62%|██████▎   | 125/200 [08:22<04:59,  3.99s/it]
 63%|██████▎   | 126/200 [08:26<04:55,  3.99s/it]
 64%|██████▎   | 127/200 [08:30<04:50,  3.97s/it]
 64%|██████▍   | 128/200 [08:33<04:41,  3.91s/it]
 64%|██████▍   | 129/200 [08:37<04:37,  3.91s/it]
 65%|██████▌   | 130/200 [08:41<04:31,  3.87s/it]
 66%|██████▌   | 131/200 [08:45<04:32,  3.95s/it]
 66%|██████▌   | 132/200 [08:49<04:29,  3.96s/it]
 66%|██████▋   | 133/200 [08:53<04:22,  3.91s/it]
 67%|██████▋   | 134/200 [08:57<04:15,  3.87s/it]
 68%|██████▊   | 135/200 [09:01<04:11,  3.87s/it]
 68%|██████▊   | 136/200 [09:05<04:22,  4.11s/it]
 68%|██████▊   | 137/200 [09:09<04:11,  4.00s/it]
 69%|██████▉   | 138/200 [09:13<04:05,  3.96s/it]
 70%|██████▉   | 139/200 [09:17<03:58,  3.91s/it]
 70%|███████   | 140/200 [09:20<03:53,  3.90s/it]
 70%|███████   | 141/200 [09:25<03:53,  3.96s/it]
 71%|███████   | 142/200 [09:29<03:51,  3.99s/it]
 72%|███████▏  | 143/200 [09:33<03:46,  3.98s/it]
 72%|███████▏  | 144/200 [09:37<03:42,  3.98s/it]
 72%|███████▎  | 145/200 [09:41<03:43,  4.06s/it]
 73%|███████▎  | 146/200 [09:45<03:36,  4.00s/it]
 74%|███████▎  | 147/200 [09:49<03:29,  3.96s/it]
 74%|███████▍  | 148/200 [09:53<03:27,  3.99s/it]
 74%|███████▍  | 149/200 [09:56<03:18,  3.90s/it]
 75%|███████▌  | 150/200 [10:00<03:13,  3.86s/it]
 76%|███████▌  | 151/200 [10:04<03:12,  3.94s/it]
 76%|███████▌  | 152/200 [10:08<03:12,  4.01s/it]
 76%|███████▋  | 153/200 [10:12<03:07,  3.98s/it]
 77%|███████▋  | 154/200 [10:17<03:09,  4.13s/it]
 78%|███████▊  | 155/200 [10:21<03:09,  4.20s/it]
 78%|███████▊  | 156/200 [10:25<03:01,  4.11s/it]
 78%|███████▊  | 157/200 [10:29<02:55,  4.07s/it]
 79%|███████▉  | 158/200 [10:33<02:48,  4.02s/it]
 80%|███████▉  | 159/200 [10:37<02:42,  3.96s/it]
 80%|████████  | 160/200 [10:41<02:38,  3.95s/it]
 80%|████████  | 161/200 [10:45<02:34,  3.95s/it]
 81%|████████  | 162/200 [10:49<02:30,  3.95s/it]
 82%|████████▏ | 163/200 [10:53<02:28,  4.01s/it]
 82%|████████▏ | 164/200 [10:56<02:21,  3.94s/it]
 82%|████████▎ | 165/200 [11:00<02:16,  3.91s/it]
 83%|████████▎ | 166/200 [11:04<02:13,  3.92s/it]
 84%|████████▎ | 167/200 [11:08<02:09,  3.91s/it]
 84%|████████▍ | 168/200 [11:12<02:07,  3.99s/it]
 84%|████████▍ | 169/200 [11:16<02:00,  3.90s/it]
 85%|████████▌ | 170/200 [11:20<01:58,  3.96s/it]
 86%|████████▌ | 171/200 [11:24<01:52,  3.88s/it]
 86%|████████▌ | 172/200 [11:28<01:48,  3.89s/it]
 86%|████████▋ | 173/200 [11:31<01:43,  3.84s/it]
 87%|████████▋ | 174/200 [11:36<01:45,  4.04s/it]
 88%|████████▊ | 175/200 [11:40<01:42,  4.11s/it]
 88%|████████▊ | 176/200 [11:44<01:36,  4.03s/it]
 88%|████████▊ | 177/200 [11:48<01:31,  3.98s/it]
 89%|████████▉ | 178/200 [11:52<01:27,  3.96s/it]
 90%|████████▉ | 179/200 [11:56<01:22,  3.91s/it]
 90%|█████████ | 180/200 [12:00<01:18,  3.92s/it]
 90%|█████████ | 181/200 [12:04<01:19,  4.17s/it]
 91%|█████████ | 182/200 [12:08<01:14,  4.13s/it]
 92%|█████████▏| 183/200 [12:12<01:07,  3.96s/it]
 92%|█████████▏| 184/200 [12:16<01:03,  3.96s/it]
 92%|█████████▎| 185/200 [12:20<00:58,  3.89s/it]
 93%|█████████▎| 186/200 [12:23<00:53,  3.83s/it]
 94%|█████████▎| 187/200 [12:27<00:49,  3.83s/it]
 94%|█████████▍| 188/200 [12:31<00:45,  3.82s/it]
 94%|█████████▍| 189/200 [12:35<00:43,  3.98s/it]
 95%|█████████▌| 190/200 [12:40<00:42,  4.29s/it]
 96%|█████████▌| 191/200 [12:45<00:39,  4.43s/it]
 96%|█████████▌| 192/200 [12:49<00:34,  4.34s/it]
 96%|█████████▋| 193/200 [12:53<00:29,  4.19s/it]
 97%|█████████▋| 194/200 [12:57<00:25,  4.20s/it]
 98%|█████████▊| 195/200 [13:01<00:20,  4.08s/it]
 98%|█████████▊| 196/200 [13:05<00:16,  4.03s/it]
 98%|█████████▊| 197/200 [13:09<00:11,  3.95s/it]
 99%|█████████▉| 198/200 [13:13<00:07,  3.91s/it]
100%|█████████▉| 199/200 [13:17<00:03,  4.00s/it]
100%|██████████| 200/200 [13:21<00:00,  4.00s/it]
                                                 
0
1
2
3
4
5
6
7
8
9
10
11
12
13
14
15
16
17
18
19
20
21
22
23
24
25
26
27
28
29
30
31
32
33
34
35
36
37
38
39
40
41
42
43
44
45
46
47
48
49
50
51
52
53
54
55
56
57
58
59
60
61
62
63
64
65
66
67
68
69
70
71
72
73
74
75
76
77
78
79
80
81
82
83
84
85
86
87
88
89
90
91
92
93
94
95
96
97
98
99
100
101
102
103
104
105
106
107
108
109
110
111
112
113
114
115
116
117
118
119
120
121
122
123
124
125
126
127
128
129
130
131
132
133
134
135
136
137
138
139
140
141
142
143
144
145
146
147
148
149
150
151
152
153
154
155
156
157
158
159
160
161
162
163
164
165
166
167
168
169
170
171
172
173
174
175
176
177
178
179
180
181
182
183
184
185
186
187
188
189
190
191
192
193
194
195
196
197
198
199
