 
Files to read: ['../pilot-cpjump1-data/profiles/2020_11_04_CPJUMP1/BR00116995/BR00116995_normalized_feature_select_negcon.csv.gz']
Files to read: ['../pilot-cpjump1-data/profiles/2020_11_04_CPJUMP1/BR00117024/BR00117024_normalized_feature_select_negcon.csv.gz']
Files to read: ['../pilot-cpjump1-data/profiles/2020_11_04_CPJUMP1/BR00117025/BR00117025_normalized_feature_select_negcon.csv.gz']
Files to read: ['../pilot-cpjump1-data/profiles/2020_11_04_CPJUMP1/BR00117026/BR00117026_normalized_feature_select_negcon.csv.gz']
Files to read: ['../pilot-cpjump1-data/profiles/2020_11_04_CPJUMP1/BR00116997/BR00116997_normalized_feature_select_negcon.csv.gz']
Files to read: ['../pilot-cpjump1-data/profiles/2020_11_04_CPJUMP1/BR00116998/BR00116998_normalized_feature_select_negcon.csv.gz']
Files to read: ['../pilot-cpjump1-data/profiles/2020_11_04_CPJUMP1/BR00116999/BR00116999_normalized_feature_select_negcon.csv.gz']
Files to read: ['../pilot-cpjump1-data/profiles/2020_11_04_CPJUMP1/BR00116996/BR00116996_normalized_feature_select_negcon.csv.gz']
Files to read: ['../pilot-cpjump1-data/profiles/2020_11_04_CPJUMP1/BR00117022/BR00117022_normalized_feature_select_negcon.csv.gz']
Files to read: ['../pilot-cpjump1-data/profiles/2020_11_04_CPJUMP1/BR00117023/BR00117023_normalized_feature_select_negcon.csv.gz']

  0%|          | 0/200 [00:00<?, ?it/s]
  0%|          | 1/200 [00:07<23:49,  7.19s/it]
  1%|          | 2/200 [00:12<19:08,  5.80s/it]
  2%|▏         | 3/200 [00:17<18:09,  5.53s/it]
  2%|▏         | 4/200 [00:22<17:38,  5.40s/it]
  2%|▎         | 5/200 [00:27<17:25,  5.36s/it]
  3%|▎         | 6/200 [00:32<17:05,  5.29s/it]
  4%|▎         | 7/200 [00:37<16:49,  5.23s/it]
  4%|▍         | 8/200 [00:42<16:07,  5.04s/it]
  4%|▍         | 9/200 [00:47<15:25,  4.85s/it]
  5%|▌         | 10/200 [00:51<15:27,  4.88s/it]
  6%|▌         | 11/200 [00:57<15:47,  5.01s/it]
  6%|▌         | 12/200 [01:03<16:27,  5.25s/it]
  6%|▋         | 13/200 [01:08<16:35,  5.32s/it]
  7%|▋         | 14/200 [01:14<16:44,  5.40s/it]
  8%|▊         | 15/200 [01:19<16:24,  5.32s/it]
  8%|▊         | 16/200 [01:24<16:20,  5.33s/it]
  8%|▊         | 17/200 [01:29<15:46,  5.17s/it]
  9%|▉         | 18/200 [01:34<15:24,  5.08s/it]
 10%|▉         | 19/200 [01:39<15:22,  5.10s/it]
 10%|█         | 20/200 [01:44<15:21,  5.12s/it]
 10%|█         | 21/200 [01:49<15:12,  5.10s/it]
 11%|█         | 22/200 [01:54<14:50,  5.00s/it]
 12%|█▏        | 23/200 [01:59<14:39,  4.97s/it]
 12%|█▏        | 24/200 [02:04<14:38,  4.99s/it]
 12%|█▎        | 25/200 [02:09<14:25,  4.94s/it]
 13%|█▎        | 26/200 [02:14<14:16,  4.92s/it]
 14%|█▎        | 27/200 [02:19<14:30,  5.03s/it]
 14%|█▍        | 28/200 [02:24<14:16,  4.98s/it]
 14%|█▍        | 29/200 [02:29<14:08,  4.96s/it]
 15%|█▌        | 30/200 [02:34<14:05,  4.97s/it]
 16%|█▌        | 31/200 [02:39<14:07,  5.02s/it]
 16%|█▌        | 32/200 [02:44<14:13,  5.08s/it]
 16%|█▋        | 33/200 [02:49<14:23,  5.17s/it]
 17%|█▋        | 34/200 [02:54<14:09,  5.11s/it]
 18%|█▊        | 35/200 [02:59<13:58,  5.08s/it]
 18%|█▊        | 36/200 [03:04<13:32,  4.95s/it]
 18%|█▊        | 37/200 [03:09<13:39,  5.03s/it]
 19%|█▉        | 38/200 [03:14<13:37,  5.05s/it]
 20%|█▉        | 39/200 [03:19<13:34,  5.06s/it]
 20%|██        | 40/200 [03:24<13:17,  4.98s/it]
 20%|██        | 41/200 [03:29<13:15,  5.00s/it]
 21%|██        | 42/200 [03:35<14:01,  5.33s/it]
 22%|██▏       | 43/200 [03:41<14:06,  5.39s/it]
 22%|██▏       | 44/200 [03:46<14:01,  5.39s/it]
 22%|██▎       | 45/200 [03:52<14:10,  5.48s/it]
 23%|██▎       | 46/200 [03:57<13:57,  5.44s/it]
 24%|██▎       | 47/200 [04:02<13:35,  5.33s/it]
 24%|██▍       | 48/200 [04:07<13:20,  5.27s/it]
 24%|██▍       | 49/200 [04:13<13:26,  5.34s/it]
 25%|██▌       | 50/200 [04:18<13:00,  5.20s/it]
 26%|██▌       | 51/200 [04:23<12:33,  5.06s/it]
 26%|██▌       | 52/200 [04:27<12:17,  4.98s/it]
 26%|██▋       | 53/200 [04:32<12:07,  4.95s/it]
 27%|██▋       | 54/200 [04:37<11:53,  4.89s/it]
 28%|██▊       | 55/200 [04:42<11:46,  4.87s/it]
 28%|██▊       | 56/200 [04:47<11:41,  4.87s/it]
 28%|██▊       | 57/200 [04:52<11:54,  5.00s/it]
 29%|██▉       | 58/200 [04:57<12:08,  5.13s/it]
 30%|██▉       | 59/200 [05:03<12:26,  5.30s/it]
 30%|███       | 60/200 [05:08<11:57,  5.12s/it]
 30%|███       | 61/200 [05:13<11:41,  5.04s/it]
 31%|███       | 62/200 [05:18<11:24,  4.96s/it]
 32%|███▏      | 63/200 [05:22<11:11,  4.90s/it]
 32%|███▏      | 64/200 [05:27<11:03,  4.88s/it]
 32%|███▎      | 65/200 [05:32<11:09,  4.96s/it]
 33%|███▎      | 66/200 [05:37<10:58,  4.92s/it]
 34%|███▎      | 67/200 [05:42<11:12,  5.05s/it]
 34%|███▍      | 68/200 [05:47<10:57,  4.98s/it]
 34%|███▍      | 69/200 [05:52<10:50,  4.96s/it]
 35%|███▌      | 70/200 [05:57<10:40,  4.93s/it]
 36%|███▌      | 71/200 [06:02<10:46,  5.01s/it]
 36%|███▌      | 72/200 [06:07<10:33,  4.95s/it]
 36%|███▋      | 73/200 [06:12<10:35,  5.00s/it]
 37%|███▋      | 74/200 [06:18<10:45,  5.12s/it]
 38%|███▊      | 75/200 [06:23<10:50,  5.20s/it]
 38%|███▊      | 76/200 [06:28<10:29,  5.08s/it]
 38%|███▊      | 77/200 [06:33<10:21,  5.05s/it]
 39%|███▉      | 78/200 [06:38<10:07,  4.98s/it]
 40%|███▉      | 79/200 [06:42<09:56,  4.93s/it]
 40%|████      | 80/200 [06:48<10:14,  5.12s/it]
 40%|████      | 81/200 [06:53<10:10,  5.13s/it]
 41%|████      | 82/200 [06:58<09:49,  4.99s/it]
 42%|████▏     | 83/200 [07:03<10:00,  5.13s/it]
 42%|████▏     | 84/200 [07:09<10:02,  5.19s/it]
 42%|████▎     | 85/200 [07:14<10:07,  5.28s/it]
 43%|████▎     | 86/200 [07:20<10:37,  5.59s/it]
 44%|████▎     | 87/200 [07:25<10:07,  5.38s/it]
 44%|████▍     | 88/200 [07:30<09:43,  5.21s/it]
 44%|████▍     | 89/200 [07:35<09:33,  5.17s/it]
 45%|████▌     | 90/200 [07:40<09:28,  5.17s/it]
 46%|████▌     | 91/200 [07:45<09:15,  5.10s/it]
 46%|████▌     | 92/200 [07:50<09:08,  5.08s/it]
 46%|████▋     | 93/200 [07:56<09:10,  5.14s/it]
 47%|████▋     | 94/200 [08:01<09:02,  5.12s/it]
 48%|████▊     | 95/200 [08:06<09:01,  5.15s/it]
 48%|████▊     | 96/200 [08:11<09:05,  5.24s/it]
 48%|████▊     | 97/200 [08:16<08:55,  5.20s/it]
 49%|████▉     | 98/200 [08:22<08:52,  5.22s/it]
 50%|████▉     | 99/200 [08:26<08:33,  5.08s/it]
 50%|█████     | 100/200 [08:31<08:24,  5.04s/it]
 50%|█████     | 101/200 [08:37<08:32,  5.18s/it]
 51%|█████     | 102/200 [08:42<08:24,  5.15s/it]
 52%|█████▏    | 103/200 [08:47<08:13,  5.09s/it]
 52%|█████▏    | 104/200 [08:52<08:05,  5.05s/it]
 52%|█████▎    | 105/200 [08:57<07:56,  5.02s/it]
 53%|█████▎    | 106/200 [09:02<07:47,  4.98s/it]
 54%|█████▎    | 107/200 [09:06<07:33,  4.88s/it]
 54%|█████▍    | 108/200 [09:11<07:37,  4.97s/it]
 55%|█████▍    | 109/200 [09:17<07:36,  5.02s/it]
 55%|█████▌    | 110/200 [09:22<07:33,  5.04s/it]
 56%|█████▌    | 111/200 [09:26<07:21,  4.96s/it]
 56%|█████▌    | 112/200 [09:31<07:10,  4.90s/it]
 56%|█████▋    | 113/200 [09:36<07:10,  4.94s/it]
 57%|█████▋    | 114/200 [09:42<07:14,  5.05s/it]
 57%|█████▊    | 115/200 [09:47<07:31,  5.31s/it]
 58%|█████▊    | 116/200 [09:53<07:29,  5.35s/it]
 58%|█████▊    | 117/200 [09:58<07:15,  5.25s/it]
 59%|█████▉    | 118/200 [10:03<07:04,  5.18s/it]
 60%|█████▉    | 119/200 [10:08<06:52,  5.09s/it]
 60%|██████    | 120/200 [10:13<06:47,  5.09s/it]
 60%|██████    | 121/200 [10:18<06:37,  5.03s/it]
 61%|██████    | 122/200 [10:23<06:33,  5.04s/it]
 62%|██████▏   | 123/200 [10:28<06:20,  4.94s/it]
 62%|██████▏   | 124/200 [10:32<06:12,  4.90s/it]
 62%|██████▎   | 125/200 [10:37<06:10,  4.93s/it]
 63%|██████▎   | 126/200 [10:42<06:02,  4.90s/it]
 64%|██████▎   | 127/200 [10:47<05:59,  4.92s/it]
 64%|██████▍   | 128/200 [10:52<05:53,  4.91s/it]
 64%|██████▍   | 129/200 [10:57<05:52,  4.97s/it]
 65%|██████▌   | 130/200 [11:02<05:44,  4.92s/it]
 66%|██████▌   | 131/200 [11:07<05:39,  4.92s/it]
 66%|██████▌   | 132/200 [11:12<05:33,  4.91s/it]
 66%|██████▋   | 133/200 [11:17<05:26,  4.87s/it]
 67%|██████▋   | 134/200 [11:21<05:19,  4.84s/it]
 68%|██████▊   | 135/200 [11:26<05:16,  4.87s/it]
 68%|██████▊   | 136/200 [11:31<05:17,  4.96s/it]
 68%|██████▊   | 137/200 [11:37<05:19,  5.07s/it]
 69%|██████▉   | 138/200 [11:42<05:17,  5.13s/it]
 70%|██████▉   | 139/200 [11:47<05:05,  5.01s/it]
 70%|███████   | 140/200 [11:52<05:02,  5.04s/it]
 70%|███████   | 141/200 [11:57<05:01,  5.10s/it]
 71%|███████   | 142/200 [12:02<04:47,  4.96s/it]
 72%|███████▏  | 143/200 [12:06<04:37,  4.87s/it]
 72%|███████▏  | 144/200 [12:11<04:35,  4.91s/it]
 72%|███████▎  | 145/200 [12:16<04:30,  4.93s/it]
 73%|███████▎  | 146/200 [12:21<04:22,  4.86s/it]
 74%|███████▎  | 147/200 [12:26<04:15,  4.83s/it]
 74%|███████▍  | 148/200 [12:31<04:12,  4.86s/it]
 74%|███████▍  | 149/200 [12:36<04:12,  4.96s/it]
 75%|███████▌  | 150/200 [12:42<04:26,  5.34s/it]
 76%|███████▌  | 151/200 [12:48<04:28,  5.48s/it]
 76%|███████▌  | 152/200 [12:53<04:17,  5.36s/it]
 76%|███████▋  | 153/200 [12:58<04:10,  5.33s/it]
 77%|███████▋  | 154/200 [13:03<03:56,  5.15s/it]
 78%|███████▊  | 155/200 [13:09<03:55,  5.23s/it]
 78%|███████▊  | 156/200 [13:14<03:49,  5.23s/it]
 78%|███████▊  | 157/200 [13:19<03:39,  5.12s/it]
 79%|███████▉  | 158/200 [13:23<03:30,  5.01s/it]
 80%|███████▉  | 159/200 [13:28<03:23,  4.97s/it]
 80%|████████  | 160/200 [13:33<03:20,  5.01s/it]
 80%|████████  | 161/200 [13:38<03:17,  5.05s/it]
 81%|████████  | 162/200 [13:43<03:11,  5.03s/it]
 82%|████████▏ | 163/200 [13:48<03:04,  4.97s/it]
 82%|████████▏ | 164/200 [13:53<02:57,  4.94s/it]
 82%|████████▎ | 165/200 [13:59<02:59,  5.14s/it]
 83%|████████▎ | 166/200 [14:04<02:51,  5.03s/it]
 84%|████████▎ | 167/200 [14:09<02:45,  5.03s/it]
 84%|████████▍ | 168/200 [14:13<02:39,  4.99s/it]
 84%|████████▍ | 169/200 [14:18<02:33,  4.95s/it]
 85%|████████▌ | 170/200 [14:23<02:27,  4.90s/it]
 86%|████████▌ | 171/200 [14:28<02:23,  4.96s/it]
 86%|████████▌ | 172/200 [14:34<02:22,  5.10s/it]
 86%|████████▋ | 173/200 [14:39<02:16,  5.07s/it]
 87%|████████▋ | 174/200 [14:43<02:07,  4.91s/it]
 88%|████████▊ | 175/200 [14:48<02:00,  4.83s/it]
 88%|████████▊ | 176/200 [14:53<01:59,  4.96s/it]
 88%|████████▊ | 177/200 [14:58<01:54,  4.98s/it]
 89%|████████▉ | 178/200 [15:03<01:48,  4.92s/it]
 90%|████████▉ | 179/200 [15:08<01:44,  4.99s/it]
 90%|█████████ | 180/200 [15:13<01:37,  4.90s/it]
 90%|█████████ | 181/200 [15:17<01:32,  4.84s/it]
 91%|█████████ | 182/200 [15:22<01:27,  4.86s/it]
 92%|█████████▏| 183/200 [15:27<01:22,  4.87s/it]
 92%|█████████▏| 184/200 [15:32<01:19,  4.95s/it]
 92%|█████████▎| 185/200 [15:37<01:14,  4.97s/it]
 93%|█████████▎| 186/200 [15:42<01:09,  4.97s/it]
 94%|█████████▎| 187/200 [15:47<01:04,  4.97s/it]
 94%|█████████▍| 188/200 [15:52<00:59,  4.94s/it]
 94%|█████████▍| 189/200 [15:57<00:53,  4.89s/it]
 95%|█████████▌| 190/200 [16:02<00:49,  4.94s/it]
 96%|█████████▌| 191/200 [16:08<00:47,  5.26s/it]
 96%|█████████▌| 192/200 [16:14<00:43,  5.40s/it]
 96%|█████████▋| 193/200 [16:19<00:37,  5.35s/it]
 97%|█████████▋| 194/200 [16:25<00:32,  5.44s/it]
 98%|█████████▊| 195/200 [16:30<00:26,  5.38s/it]
 98%|█████████▊| 196/200 [16:35<00:21,  5.27s/it]
 98%|█████████▊| 197/200 [16:40<00:15,  5.23s/it]
 99%|█████████▉| 198/200 [16:45<00:10,  5.23s/it]
100%|█████████▉| 199/200 [16:50<00:05,  5.12s/it]
100%|██████████| 200/200 [16:55<00:00,  5.06s/it]
                                                 
0
1
2
3
4
5
6
7
8
9
10
11
12
13
14
15
16
17
18
19
20
21
22
23
24
25
26
27
28
29
30
31
32
33
34
35
36
37
38
39
40
41
42
43
44
45
46
47
48
49
50
51
52
53
54
55
56
57
58
59
60
61
62
63
64
65
66
67
68
69
70
71
72
73
74
75
76
77
78
79
80
81
82
83
84
85
86
87
88
89
90
91
92
93
94
95
96
97
98
99
100
101
102
103
104
105
106
107
108
109
110
111
112
113
114
115
116
117
118
119
120
121
122
123
124
125
126
127
128
129
130
131
132
133
134
135
136
137
138
139
140
141
142
143
144
145
146
147
148
149
150
151
152
153
154
155
156
157
158
159
160
161
162
163
164
165
166
167
168
169
170
171
172
173
174
175
176
177
178
179
180
181
182
183
184
185
186
187
188
189
190
191
192
193
194
195
196
197
198
199
