 
Files to read: ['../pilot-cpjump1-data/profiles/2020_11_04_CPJUMP1/BR00116995/BR00116995_normalized_feature_select_negcon.csv.gz']
Files to read: ['../pilot-cpjump1-data/profiles/2020_11_04_CPJUMP1/BR00117024/BR00117024_normalized_feature_select_negcon.csv.gz']
Files to read: ['../pilot-cpjump1-data/profiles/2020_11_04_CPJUMP1/BR00117025/BR00117025_normalized_feature_select_negcon.csv.gz']
Files to read: ['../pilot-cpjump1-data/profiles/2020_11_04_CPJUMP1/BR00117026/BR00117026_normalized_feature_select_negcon.csv.gz']
Files to read: ['../pilot-cpjump1-data/profiles/2020_11_04_CPJUMP1/BR00116997/BR00116997_normalized_feature_select_negcon.csv.gz']
Files to read: ['../pilot-cpjump1-data/profiles/2020_11_04_CPJUMP1/BR00116998/BR00116998_normalized_feature_select_negcon.csv.gz']
Files to read: ['../pilot-cpjump1-data/profiles/2020_11_04_CPJUMP1/BR00116999/BR00116999_normalized_feature_select_negcon.csv.gz']
Files to read: ['../pilot-cpjump1-data/profiles/2020_11_04_CPJUMP1/BR00116996/BR00116996_normalized_feature_select_negcon.csv.gz']
Files to read: ['../pilot-cpjump1-data/profiles/2020_11_04_CPJUMP1/BR00117022/BR00117022_normalized_feature_select_negcon.csv.gz']
Files to read: ['../pilot-cpjump1-data/profiles/2020_11_04_CPJUMP1/BR00117023/BR00117023_normalized_feature_select_negcon.csv.gz']

  0%|          | 0/200 [00:00<?, ?it/s]
  0%|          | 1/200 [00:08<28:02,  8.46s/it]
  1%|          | 2/200 [00:14<22:24,  6.79s/it]
  2%|▏         | 3/200 [00:19<20:24,  6.22s/it]
  2%|▏         | 4/200 [00:25<19:34,  5.99s/it]
  2%|▎         | 5/200 [00:30<18:23,  5.66s/it]
  3%|▎         | 6/200 [00:36<18:22,  5.68s/it]
  4%|▎         | 7/200 [00:41<18:07,  5.63s/it]
  4%|▍         | 8/200 [00:47<18:07,  5.66s/it]
  4%|▍         | 9/200 [00:53<18:23,  5.78s/it]
  5%|▌         | 10/200 [00:59<18:27,  5.83s/it]
  6%|▌         | 11/200 [01:05<18:30,  5.87s/it]
  6%|▌         | 12/200 [01:10<18:04,  5.77s/it]
  6%|▋         | 13/200 [01:15<17:21,  5.57s/it]
  7%|▋         | 14/200 [01:21<17:07,  5.53s/it]
  8%|▊         | 15/200 [01:27<17:22,  5.63s/it]
  8%|▊         | 16/200 [01:33<17:26,  5.69s/it]
  8%|▊         | 17/200 [01:38<16:56,  5.55s/it]
  9%|▉         | 18/200 [01:44<17:16,  5.70s/it]
 10%|▉         | 19/200 [01:49<16:55,  5.61s/it]
 10%|█         | 20/200 [01:55<16:38,  5.55s/it]
 10%|█         | 21/200 [02:00<16:33,  5.55s/it]
 11%|█         | 22/200 [02:06<16:23,  5.53s/it]
 12%|█▏        | 23/200 [02:11<16:05,  5.45s/it]
 12%|█▏        | 24/200 [02:16<16:05,  5.49s/it]
 12%|█▎        | 25/200 [02:22<16:05,  5.52s/it]
 13%|█▎        | 26/200 [02:27<15:51,  5.47s/it]
 14%|█▎        | 27/200 [02:33<15:30,  5.38s/it]
 14%|█▍        | 28/200 [02:38<15:07,  5.28s/it]
 14%|█▍        | 29/200 [02:43<15:13,  5.34s/it]
 15%|█▌        | 30/200 [02:49<15:14,  5.38s/it]
 16%|█▌        | 31/200 [02:54<15:08,  5.37s/it]
 16%|█▌        | 32/200 [02:59<15:09,  5.41s/it]
 16%|█▋        | 33/200 [03:05<15:01,  5.40s/it]
 17%|█▋        | 34/200 [03:10<14:59,  5.42s/it]
 18%|█▊        | 35/200 [03:16<14:56,  5.43s/it]
 18%|█▊        | 36/200 [03:21<14:52,  5.44s/it]
 18%|█▊        | 37/200 [03:26<14:38,  5.39s/it]
 19%|█▉        | 38/200 [03:33<15:23,  5.70s/it]
 20%|█▉        | 39/200 [03:39<15:29,  5.77s/it]
 20%|██        | 40/200 [03:44<14:54,  5.59s/it]
 20%|██        | 41/200 [03:49<14:19,  5.41s/it]
 21%|██        | 42/200 [03:55<14:28,  5.49s/it]
 22%|██▏       | 43/200 [04:00<14:36,  5.58s/it]
 22%|██▏       | 44/200 [04:07<14:57,  5.75s/it]
 22%|██▎       | 45/200 [04:12<14:44,  5.71s/it]
 23%|██▎       | 46/200 [04:18<14:41,  5.72s/it]
 24%|██▎       | 47/200 [04:23<14:12,  5.57s/it]
 24%|██▍       | 48/200 [04:29<14:11,  5.60s/it]
 24%|██▍       | 49/200 [04:34<13:31,  5.38s/it]
 25%|██▌       | 50/200 [04:39<13:19,  5.33s/it]
 26%|██▌       | 51/200 [04:45<13:26,  5.41s/it]
 26%|██▌       | 52/200 [04:50<13:14,  5.37s/it]
 26%|██▋       | 53/200 [04:55<13:02,  5.32s/it]
 27%|██▋       | 54/200 [05:00<12:48,  5.27s/it]
 28%|██▊       | 55/200 [05:06<12:51,  5.32s/it]
 28%|██▊       | 56/200 [05:11<12:47,  5.33s/it]
 28%|██▊       | 57/200 [05:16<12:36,  5.29s/it]
 29%|██▉       | 58/200 [05:21<12:27,  5.26s/it]
 30%|██▉       | 59/200 [05:27<12:23,  5.27s/it]
 30%|███       | 60/200 [05:32<12:16,  5.26s/it]
 30%|███       | 61/200 [05:37<12:22,  5.34s/it]
 31%|███       | 62/200 [05:43<12:15,  5.33s/it]
 32%|███▏      | 63/200 [05:48<12:05,  5.30s/it]
 32%|███▏      | 64/200 [05:53<11:54,  5.25s/it]
 32%|███▎      | 65/200 [05:58<11:41,  5.19s/it]
 33%|███▎      | 66/200 [06:03<11:32,  5.17s/it]
 34%|███▎      | 67/200 [06:09<11:51,  5.35s/it]
 34%|███▍      | 68/200 [06:15<12:19,  5.61s/it]
 34%|███▍      | 69/200 [06:20<11:51,  5.43s/it]
 35%|███▌      | 70/200 [06:26<11:40,  5.39s/it]
 36%|███▌      | 71/200 [06:31<11:34,  5.39s/it]
 36%|███▌      | 72/200 [06:36<11:31,  5.40s/it]
 36%|███▋      | 73/200 [06:42<11:24,  5.39s/it]
 37%|███▋      | 74/200 [06:47<11:15,  5.36s/it]
 38%|███▊      | 75/200 [06:53<11:20,  5.44s/it]
 38%|███▊      | 76/200 [06:58<11:17,  5.46s/it]
 38%|███▊      | 77/200 [07:04<11:15,  5.49s/it]
 39%|███▉      | 78/200 [07:09<11:04,  5.45s/it]
 40%|███▉      | 79/200 [07:14<10:47,  5.35s/it]
 40%|████      | 80/200 [07:20<10:44,  5.37s/it]
 40%|████      | 81/200 [07:25<10:44,  5.42s/it]
 41%|████      | 82/200 [07:30<10:28,  5.32s/it]
 42%|████▏     | 83/200 [07:35<10:03,  5.16s/it]
 42%|████▏     | 84/200 [07:40<09:52,  5.11s/it]
 42%|████▎     | 85/200 [07:45<09:38,  5.03s/it]
 43%|████▎     | 86/200 [07:50<09:25,  4.96s/it]
 44%|████▎     | 87/200 [07:54<09:12,  4.89s/it]
 44%|████▍     | 88/200 [08:00<09:17,  4.98s/it]
 44%|████▍     | 89/200 [08:05<09:23,  5.08s/it]
 45%|████▌     | 90/200 [08:10<09:14,  5.04s/it]
 46%|████▌     | 91/200 [08:15<09:06,  5.01s/it]
 46%|████▌     | 92/200 [08:20<09:02,  5.02s/it]
 46%|████▋     | 93/200 [08:25<08:56,  5.01s/it]
 47%|████▋     | 94/200 [08:30<08:41,  4.92s/it]
 48%|████▊     | 95/200 [08:35<08:41,  4.97s/it]
 48%|████▊     | 96/200 [08:39<08:34,  4.94s/it]
 48%|████▊     | 97/200 [08:45<08:44,  5.09s/it]
 49%|████▉     | 98/200 [08:50<08:37,  5.07s/it]
 50%|████▉     | 99/200 [08:55<08:32,  5.08s/it]
 50%|█████     | 100/200 [09:01<08:41,  5.21s/it]
 50%|█████     | 101/200 [09:05<08:25,  5.10s/it]
 51%|█████     | 102/200 [09:10<08:12,  5.03s/it]
 52%|█████▏    | 103/200 [09:15<07:58,  4.93s/it]
 52%|█████▏    | 104/200 [09:20<07:51,  4.91s/it]
 52%|█████▎    | 105/200 [09:25<07:52,  4.97s/it]
 53%|█████▎    | 106/200 [09:30<07:50,  5.00s/it]
 54%|█████▎    | 107/200 [09:35<07:43,  4.99s/it]
 54%|█████▍    | 108/200 [09:40<07:34,  4.94s/it]
 55%|█████▍    | 109/200 [09:45<07:28,  4.93s/it]
 55%|█████▌    | 110/200 [09:50<07:27,  4.97s/it]
 56%|█████▌    | 111/200 [09:55<07:19,  4.93s/it]
 56%|█████▌    | 112/200 [10:00<07:22,  5.03s/it]
 56%|█████▋    | 113/200 [10:05<07:17,  5.03s/it]
 57%|█████▋    | 114/200 [10:10<07:03,  4.93s/it]
 57%|█████▊    | 115/200 [10:15<07:01,  4.96s/it]
 58%|█████▊    | 116/200 [10:20<06:55,  4.95s/it]
 58%|█████▊    | 117/200 [10:24<06:48,  4.92s/it]
 59%|█████▉    | 118/200 [10:29<06:42,  4.91s/it]
 60%|█████▉    | 119/200 [10:34<06:40,  4.94s/it]
 60%|██████    | 120/200 [10:39<06:32,  4.90s/it]
 60%|██████    | 121/200 [10:44<06:24,  4.86s/it]
 61%|██████    | 122/200 [10:49<06:25,  4.94s/it]
 62%|██████▏   | 123/200 [10:54<06:22,  4.96s/it]
 62%|██████▏   | 124/200 [10:59<06:12,  4.90s/it]
 62%|██████▎   | 125/200 [11:04<06:08,  4.92s/it]
 63%|██████▎   | 126/200 [11:08<05:57,  4.83s/it]
 64%|██████▎   | 127/200 [11:13<05:49,  4.79s/it]
 64%|██████▍   | 128/200 [11:18<05:47,  4.82s/it]
 64%|██████▍   | 129/200 [11:23<05:43,  4.84s/it]
 65%|██████▌   | 130/200 [11:27<05:33,  4.77s/it]
 66%|██████▌   | 131/200 [11:32<05:31,  4.81s/it]
 66%|██████▌   | 132/200 [11:37<05:27,  4.81s/it]
 66%|██████▋   | 133/200 [11:42<05:23,  4.82s/it]
 67%|██████▋   | 134/200 [11:47<05:19,  4.85s/it]
 68%|██████▊   | 135/200 [11:52<05:12,  4.80s/it]
 68%|██████▊   | 136/200 [11:56<05:06,  4.79s/it]
 68%|██████▊   | 137/200 [12:01<05:03,  4.82s/it]
 69%|██████▉   | 138/200 [12:06<04:55,  4.76s/it]
 70%|██████▉   | 139/200 [12:11<04:56,  4.85s/it]
 70%|███████   | 140/200 [12:17<05:10,  5.18s/it]
 70%|███████   | 141/200 [12:22<05:04,  5.17s/it]
 71%|███████   | 142/200 [12:28<05:13,  5.40s/it]
 72%|███████▏  | 143/200 [12:33<05:04,  5.34s/it]
 72%|███████▏  | 144/200 [12:38<04:48,  5.16s/it]
 72%|███████▎  | 145/200 [12:43<04:38,  5.07s/it]
 73%|███████▎  | 146/200 [12:48<04:28,  4.97s/it]
 74%|███████▎  | 147/200 [12:53<04:25,  5.02s/it]
 74%|███████▍  | 148/200 [12:57<04:15,  4.92s/it]
 74%|███████▍  | 149/200 [13:02<04:10,  4.91s/it]
 75%|███████▌  | 150/200 [13:07<04:01,  4.83s/it]
 76%|███████▌  | 151/200 [13:12<03:54,  4.78s/it]
 76%|███████▌  | 152/200 [13:16<03:49,  4.77s/it]
 76%|███████▋  | 153/200 [13:21<03:46,  4.83s/it]
 77%|███████▋  | 154/200 [13:26<03:42,  4.84s/it]
 78%|███████▊  | 155/200 [13:31<03:38,  4.86s/it]
 78%|███████▊  | 156/200 [13:36<03:31,  4.81s/it]
 78%|███████▊  | 157/200 [13:41<03:28,  4.84s/it]
 79%|███████▉  | 158/200 [13:45<03:23,  4.84s/it]
 80%|███████▉  | 159/200 [13:50<03:19,  4.86s/it]
 80%|████████  | 160/200 [13:55<03:17,  4.94s/it]
 80%|████████  | 161/200 [14:00<03:13,  4.95s/it]
 81%|████████  | 162/200 [14:05<03:08,  4.96s/it]
 82%|████████▏ | 163/200 [14:10<03:03,  4.96s/it]
 82%|████████▏ | 164/200 [14:15<02:58,  4.95s/it]
 82%|████████▎ | 165/200 [14:20<02:49,  4.85s/it]
 83%|████████▎ | 166/200 [14:25<02:50,  5.01s/it]
 84%|████████▎ | 167/200 [14:30<02:45,  5.02s/it]
 84%|████████▍ | 168/200 [14:35<02:38,  4.95s/it]
 84%|████████▍ | 169/200 [14:41<02:37,  5.08s/it]
 85%|████████▌ | 170/200 [14:45<02:30,  5.03s/it]
 86%|████████▌ | 171/200 [14:50<02:26,  5.04s/it]
 86%|████████▌ | 172/200 [14:56<02:20,  5.03s/it]
 86%|████████▋ | 173/200 [15:00<02:13,  4.95s/it]
 87%|████████▋ | 174/200 [15:05<02:10,  5.00s/it]
 88%|████████▊ | 175/200 [15:11<02:06,  5.05s/it]
 88%|████████▊ | 176/200 [15:16<02:05,  5.22s/it]
 88%|████████▊ | 177/200 [15:21<01:57,  5.12s/it]
 89%|████████▉ | 178/200 [15:26<01:49,  5.00s/it]
 90%|████████▉ | 179/200 [15:31<01:43,  4.94s/it]
 90%|█████████ | 180/200 [15:36<01:38,  4.95s/it]
 90%|█████████ | 181/200 [15:40<01:33,  4.91s/it]
 91%|█████████ | 182/200 [15:45<01:28,  4.92s/it]
 92%|█████████▏| 183/200 [15:50<01:23,  4.92s/it]
 92%|█████████▏| 184/200 [15:55<01:18,  4.90s/it]
 92%|█████████▎| 185/200 [16:00<01:13,  4.88s/it]
 93%|█████████▎| 186/200 [16:05<01:08,  4.86s/it]
 94%|█████████▎| 187/200 [16:10<01:03,  4.90s/it]
 94%|█████████▍| 188/200 [16:14<00:58,  4.86s/it]
 94%|█████████▍| 189/200 [16:19<00:53,  4.82s/it]
 95%|█████████▌| 190/200 [16:24<00:48,  4.82s/it]
 96%|█████████▌| 191/200 [16:29<00:42,  4.74s/it]
 96%|█████████▌| 192/200 [16:34<00:38,  4.86s/it]
 96%|█████████▋| 193/200 [16:39<00:34,  4.98s/it]
 97%|█████████▋| 194/200 [16:44<00:29,  4.93s/it]
 98%|█████████▊| 195/200 [16:49<00:24,  4.89s/it]
 98%|█████████▊| 196/200 [16:54<00:19,  4.92s/it]
 98%|█████████▊| 197/200 [16:59<00:14,  4.93s/it]
 99%|█████████▉| 198/200 [17:03<00:09,  4.89s/it]
100%|█████████▉| 199/200 [17:08<00:04,  4.94s/it]
100%|██████████| 200/200 [17:14<00:00,  4.99s/it]
                                                 
0
1
2
3
4
5
6
7
8
9
10
11
12
13
14
15
16
17
18
19
20
21
22
23
24
25
26
27
28
29
30
31
32
33
34
35
36
37
38
39
40
41
42
43
44
45
46
47
48
49
50
51
52
53
54
55
56
57
58
59
60
61
62
63
64
65
66
67
68
69
70
71
72
73
74
75
76
77
78
79
80
81
82
83
84
85
86
87
88
89
90
91
92
93
94
95
96
97
98
99
100
101
102
103
104
105
106
107
108
109
110
111
112
113
114
115
116
117
118
119
120
121
122
123
124
125
126
127
128
129
130
131
132
133
134
135
136
137
138
139
140
141
142
143
144
145
146
147
148
149
150
151
152
153
154
155
156
157
158
159
160
161
162
163
164
165
166
167
168
169
170
171
172
173
174
175
176
177
178
179
180
181
182
183
184
185
186
187
188
189
190
191
192
193
194
195
196
197
198
199
