 
Files to read: ['../pilot-cpjump1-data/profiles/2020_11_04_CPJUMP1/BR00116995/BR00116995_normalized_feature_select_negcon.csv.gz']
Files to read: ['../pilot-cpjump1-data/profiles/2020_11_04_CPJUMP1/BR00117024/BR00117024_normalized_feature_select_negcon.csv.gz']
Files to read: ['../pilot-cpjump1-data/profiles/2020_11_04_CPJUMP1/BR00117025/BR00117025_normalized_feature_select_negcon.csv.gz']
Files to read: ['../pilot-cpjump1-data/profiles/2020_11_04_CPJUMP1/BR00117026/BR00117026_normalized_feature_select_negcon.csv.gz']
Files to read: ['../pilot-cpjump1-data/profiles/2020_11_04_CPJUMP1/BR00116997/BR00116997_normalized_feature_select_negcon.csv.gz']
Files to read: ['../pilot-cpjump1-data/profiles/2020_11_04_CPJUMP1/BR00116998/BR00116998_normalized_feature_select_negcon.csv.gz']
Files to read: ['../pilot-cpjump1-data/profiles/2020_11_04_CPJUMP1/BR00116999/BR00116999_normalized_feature_select_negcon.csv.gz']
Files to read: ['../pilot-cpjump1-data/profiles/2020_11_04_CPJUMP1/BR00116996/BR00116996_normalized_feature_select_negcon.csv.gz']
Files to read: ['../pilot-cpjump1-data/profiles/2020_11_04_CPJUMP1/BR00117022/BR00117022_normalized_feature_select_negcon.csv.gz']
Files to read: ['../pilot-cpjump1-data/profiles/2020_11_04_CPJUMP1/BR00117023/BR00117023_normalized_feature_select_negcon.csv.gz']

  0%|          | 0/200 [00:00<?, ?it/s]
  0%|          | 1/200 [00:08<27:06,  8.17s/it]
  1%|          | 2/200 [00:12<20:26,  6.20s/it]
  2%|▏         | 3/200 [00:17<18:06,  5.51s/it]
  2%|▏         | 4/200 [00:22<17:26,  5.34s/it]
  2%|▎         | 5/200 [00:27<16:39,  5.13s/it]
  3%|▎         | 6/200 [00:32<16:12,  5.01s/it]
  4%|▎         | 7/200 [00:37<16:11,  5.03s/it]
  4%|▍         | 8/200 [00:42<15:55,  4.98s/it]
  4%|▍         | 9/200 [00:47<15:40,  4.93s/it]
  5%|▌         | 10/200 [00:52<15:58,  5.04s/it]
  6%|▌         | 11/200 [00:57<15:55,  5.06s/it]
  6%|▌         | 12/200 [01:02<16:10,  5.16s/it]
  6%|▋         | 13/200 [01:08<16:18,  5.23s/it]
  7%|▋         | 14/200 [01:14<17:14,  5.56s/it]
  8%|▊         | 15/200 [01:19<17:01,  5.52s/it]
  8%|▊         | 16/200 [01:25<17:07,  5.58s/it]
  8%|▊         | 17/200 [01:30<16:21,  5.37s/it]
  9%|▉         | 18/200 [01:35<16:14,  5.35s/it]
 10%|▉         | 19/200 [01:40<15:38,  5.19s/it]
 10%|█         | 20/200 [01:45<15:34,  5.19s/it]
 10%|█         | 21/200 [01:51<15:45,  5.28s/it]
 11%|█         | 22/200 [01:56<15:32,  5.24s/it]
 12%|█▏        | 23/200 [02:01<15:13,  5.16s/it]
 12%|█▏        | 24/200 [02:06<15:10,  5.17s/it]
 12%|█▎        | 25/200 [02:11<15:01,  5.15s/it]
 13%|█▎        | 26/200 [02:16<14:49,  5.11s/it]
 14%|█▎        | 27/200 [02:22<15:02,  5.22s/it]
 14%|█▍        | 28/200 [02:27<14:41,  5.13s/it]
 14%|█▍        | 29/200 [02:32<14:44,  5.17s/it]
 15%|█▌        | 30/200 [02:37<14:31,  5.13s/it]
 16%|█▌        | 31/200 [02:42<14:32,  5.17s/it]
 16%|█▌        | 32/200 [02:47<14:23,  5.14s/it]
 16%|█▋        | 33/200 [02:52<14:14,  5.12s/it]
 17%|█▋        | 34/200 [02:57<13:53,  5.02s/it]
 18%|█▊        | 35/200 [03:02<13:36,  4.95s/it]
 18%|█▊        | 36/200 [03:07<13:37,  4.98s/it]
 18%|█▊        | 37/200 [03:12<13:31,  4.98s/it]
 19%|█▉        | 38/200 [03:17<13:12,  4.89s/it]
 20%|█▉        | 39/200 [03:21<12:58,  4.83s/it]
 20%|██        | 40/200 [03:27<13:15,  4.97s/it]
 20%|██        | 41/200 [03:32<13:08,  4.96s/it]
 21%|██        | 42/200 [03:37<13:16,  5.04s/it]
 22%|██▏       | 43/200 [03:42<13:10,  5.03s/it]
 22%|██▏       | 44/200 [03:48<14:08,  5.44s/it]
 22%|██▎       | 45/200 [03:53<13:47,  5.34s/it]
 23%|██▎       | 46/200 [03:58<13:22,  5.21s/it]
 24%|██▎       | 47/200 [04:03<13:05,  5.14s/it]
 24%|██▍       | 48/200 [04:08<12:46,  5.04s/it]
 24%|██▍       | 49/200 [04:15<13:51,  5.50s/it]
 25%|██▌       | 50/200 [04:20<13:56,  5.57s/it]
 26%|██▌       | 51/200 [04:25<13:16,  5.34s/it]
 26%|██▌       | 52/200 [04:31<13:16,  5.38s/it]
 26%|██▋       | 53/200 [04:36<12:51,  5.25s/it]
 27%|██▋       | 54/200 [04:41<12:35,  5.17s/it]
 28%|██▊       | 55/200 [04:46<12:19,  5.10s/it]
 28%|██▊       | 56/200 [04:50<12:06,  5.05s/it]
 28%|██▊       | 57/200 [04:55<11:52,  4.98s/it]
 29%|██▉       | 58/200 [05:01<12:09,  5.13s/it]
 30%|██▉       | 59/200 [05:06<11:56,  5.08s/it]
 30%|███       | 60/200 [05:11<11:51,  5.08s/it]
 30%|███       | 61/200 [05:16<11:54,  5.14s/it]
 31%|███       | 62/200 [05:21<11:51,  5.16s/it]
 32%|███▏      | 63/200 [05:26<11:45,  5.15s/it]
 32%|███▏      | 64/200 [05:31<11:28,  5.06s/it]
 32%|███▎      | 65/200 [05:36<11:17,  5.02s/it]
 33%|███▎      | 66/200 [05:41<11:14,  5.03s/it]
 34%|███▎      | 67/200 [05:46<11:02,  4.98s/it]
 34%|███▍      | 68/200 [05:51<10:51,  4.94s/it]
 34%|███▍      | 69/200 [05:56<10:55,  5.01s/it]
 35%|███▌      | 70/200 [06:01<10:52,  5.02s/it]
 36%|███▌      | 71/200 [06:06<10:47,  5.02s/it]
 36%|███▌      | 72/200 [06:11<10:45,  5.04s/it]
 36%|███▋      | 73/200 [06:16<10:46,  5.09s/it]
 37%|███▋      | 74/200 [06:21<10:37,  5.06s/it]
 38%|███▊      | 75/200 [06:27<10:34,  5.08s/it]
 38%|███▊      | 76/200 [06:32<10:29,  5.08s/it]
 38%|███▊      | 77/200 [06:37<10:27,  5.10s/it]
 39%|███▉      | 78/200 [06:42<10:37,  5.22s/it]
 40%|███▉      | 79/200 [06:47<10:16,  5.10s/it]
 40%|████      | 80/200 [06:53<10:50,  5.42s/it]
 40%|████      | 81/200 [06:59<10:58,  5.53s/it]
 41%|████      | 82/200 [07:04<10:45,  5.47s/it]
 42%|████▏     | 83/200 [07:10<10:29,  5.38s/it]
 42%|████▏     | 84/200 [07:15<10:15,  5.31s/it]
 42%|████▎     | 85/200 [07:20<10:08,  5.29s/it]
 43%|████▎     | 86/200 [07:25<09:57,  5.25s/it]
 44%|████▎     | 87/200 [07:30<09:39,  5.13s/it]
 44%|████▍     | 88/200 [07:35<09:30,  5.10s/it]
 44%|████▍     | 89/200 [07:40<09:31,  5.15s/it]
 45%|████▌     | 90/200 [07:45<09:28,  5.16s/it]
 46%|████▌     | 91/200 [07:50<09:14,  5.09s/it]
 46%|████▌     | 92/200 [07:56<09:13,  5.12s/it]
 46%|████▋     | 93/200 [08:00<09:00,  5.05s/it]
 47%|████▋     | 94/200 [08:06<08:55,  5.05s/it]
 48%|████▊     | 95/200 [08:10<08:43,  4.99s/it]
 48%|████▊     | 96/200 [08:15<08:39,  4.99s/it]
 48%|████▊     | 97/200 [08:20<08:31,  4.96s/it]
 49%|████▉     | 98/200 [08:25<08:25,  4.95s/it]
 50%|████▉     | 99/200 [08:30<08:13,  4.88s/it]
 50%|█████     | 100/200 [08:35<08:25,  5.05s/it]
 50%|█████     | 101/200 [08:40<08:17,  5.03s/it]
 51%|█████     | 102/200 [08:45<08:09,  5.00s/it]
 52%|█████▏    | 103/200 [08:50<07:56,  4.91s/it]
 52%|█████▏    | 104/200 [08:55<07:55,  4.95s/it]
 52%|█████▎    | 105/200 [09:00<07:48,  4.93s/it]
 53%|█████▎    | 106/200 [09:05<07:44,  4.95s/it]
 54%|█████▎    | 107/200 [09:10<07:53,  5.09s/it]
 54%|█████▍    | 108/200 [09:15<07:47,  5.08s/it]
 55%|█████▍    | 109/200 [09:20<07:38,  5.04s/it]
 55%|█████▌    | 110/200 [09:26<07:42,  5.13s/it]
 56%|█████▌    | 111/200 [09:32<08:00,  5.40s/it]
 56%|█████▌    | 112/200 [09:37<07:51,  5.36s/it]
 56%|█████▋    | 113/200 [09:43<07:56,  5.48s/it]
 57%|█████▋    | 114/200 [09:48<07:41,  5.37s/it]
 57%|█████▊    | 115/200 [09:53<07:24,  5.23s/it]
 58%|█████▊    | 116/200 [09:58<07:13,  5.16s/it]
 58%|█████▊    | 117/200 [10:03<07:07,  5.15s/it]
 59%|█████▉    | 118/200 [10:08<06:58,  5.10s/it]
 60%|█████▉    | 119/200 [10:13<06:48,  5.05s/it]
 60%|██████    | 120/200 [10:18<06:40,  5.00s/it]
 60%|██████    | 121/200 [10:23<06:33,  4.98s/it]
 61%|██████    | 122/200 [10:28<06:28,  4.98s/it]
 62%|██████▏   | 123/200 [10:32<06:19,  4.93s/it]
 62%|██████▏   | 124/200 [10:37<06:13,  4.92s/it]
 62%|██████▎   | 125/200 [10:43<06:23,  5.11s/it]
 63%|██████▎   | 126/200 [10:48<06:15,  5.08s/it]
 64%|██████▎   | 127/200 [10:53<06:05,  5.00s/it]
 64%|██████▍   | 128/200 [10:57<05:54,  4.93s/it]
 64%|██████▍   | 129/200 [11:03<05:55,  5.01s/it]
 65%|██████▌   | 130/200 [11:08<05:52,  5.03s/it]
 66%|██████▌   | 131/200 [11:13<05:51,  5.10s/it]
 66%|██████▌   | 132/200 [11:18<05:44,  5.06s/it]
 66%|██████▋   | 133/200 [11:23<05:37,  5.03s/it]
 67%|██████▋   | 134/200 [11:29<05:49,  5.29s/it]
 68%|██████▊   | 135/200 [11:34<05:37,  5.20s/it]
 68%|██████▊   | 136/200 [11:39<05:27,  5.11s/it]
 68%|██████▊   | 137/200 [11:44<05:19,  5.07s/it]
 69%|██████▉   | 138/200 [11:49<05:13,  5.05s/it]
 70%|██████▉   | 139/200 [11:54<05:05,  5.01s/it]
 70%|███████   | 140/200 [11:59<05:07,  5.12s/it]
 70%|███████   | 141/200 [12:04<05:01,  5.11s/it]
 71%|███████   | 142/200 [12:10<05:13,  5.41s/it]
 72%|███████▏  | 143/200 [12:15<05:07,  5.40s/it]
 72%|███████▏  | 144/200 [12:21<05:08,  5.50s/it]
 72%|███████▎  | 145/200 [12:27<05:00,  5.46s/it]
 73%|███████▎  | 146/200 [12:32<04:59,  5.54s/it]
 74%|███████▎  | 147/200 [12:37<04:45,  5.38s/it]
 74%|███████▍  | 148/200 [12:42<04:35,  5.29s/it]
 74%|███████▍  | 149/200 [12:47<04:23,  5.17s/it]
 75%|███████▌  | 150/200 [12:53<04:21,  5.23s/it]
 76%|███████▌  | 151/200 [12:58<04:11,  5.13s/it]
 76%|███████▌  | 152/200 [13:02<04:02,  5.06s/it]
 76%|███████▋  | 153/200 [13:08<03:58,  5.07s/it]
 77%|███████▋  | 154/200 [13:14<04:06,  5.36s/it]
 78%|███████▊  | 155/200 [13:20<04:08,  5.53s/it]
 78%|███████▊  | 156/200 [13:25<03:58,  5.43s/it]
 78%|███████▊  | 157/200 [13:30<03:48,  5.31s/it]
 79%|███████▉  | 158/200 [13:35<03:45,  5.36s/it]
 80%|███████▉  | 159/200 [13:40<03:32,  5.19s/it]
 80%|████████  | 160/200 [13:45<03:23,  5.09s/it]
 80%|████████  | 161/200 [13:50<03:16,  5.04s/it]
 81%|████████  | 162/200 [13:55<03:15,  5.14s/it]
 82%|████████▏ | 163/200 [14:00<03:08,  5.10s/it]
 82%|████████▏ | 164/200 [14:05<03:01,  5.04s/it]
 82%|████████▎ | 165/200 [14:10<02:53,  4.96s/it]
 83%|████████▎ | 166/200 [14:15<02:49,  5.00s/it]
 84%|████████▎ | 167/200 [14:20<02:42,  4.92s/it]
 84%|████████▍ | 168/200 [14:25<02:37,  4.94s/it]
 84%|████████▍ | 169/200 [14:30<02:33,  4.96s/it]
 85%|████████▌ | 170/200 [14:35<02:28,  4.97s/it]
 86%|████████▌ | 171/200 [14:39<02:22,  4.93s/it]
 86%|████████▌ | 172/200 [14:45<02:18,  4.96s/it]
 86%|████████▋ | 173/200 [14:49<02:12,  4.93s/it]
 87%|████████▋ | 174/200 [14:54<02:07,  4.89s/it]
 88%|████████▊ | 175/200 [15:00<02:09,  5.16s/it]
 88%|████████▊ | 176/200 [15:06<02:12,  5.53s/it]
 88%|████████▊ | 177/200 [15:12<02:07,  5.55s/it]
 89%|████████▉ | 178/200 [15:17<02:01,  5.54s/it]
 90%|████████▉ | 179/200 [15:23<01:53,  5.42s/it]
 90%|█████████ | 180/200 [15:28<01:45,  5.27s/it]
 90%|█████████ | 181/200 [15:32<01:37,  5.12s/it]
 91%|█████████ | 182/200 [15:37<01:31,  5.07s/it]
 92%|█████████▏| 183/200 [15:43<01:27,  5.12s/it]
 92%|█████████▏| 184/200 [15:48<01:22,  5.13s/it]
 92%|█████████▎| 185/200 [15:53<01:16,  5.11s/it]
 93%|█████████▎| 186/200 [15:58<01:10,  5.02s/it]
 94%|█████████▎| 187/200 [16:02<01:04,  4.93s/it]
 94%|█████████▍| 188/200 [16:07<00:58,  4.84s/it]
 94%|█████████▍| 189/200 [16:12<00:53,  4.89s/it]
 95%|█████████▌| 190/200 [16:17<00:49,  4.99s/it]
 96%|█████████▌| 191/200 [16:22<00:45,  5.06s/it]
 96%|█████████▌| 192/200 [16:27<00:40,  5.01s/it]
 96%|█████████▋| 193/200 [16:32<00:34,  4.98s/it]
 97%|█████████▋| 194/200 [16:37<00:29,  4.98s/it]
 98%|█████████▊| 195/200 [16:43<00:26,  5.24s/it]
 98%|█████████▊| 196/200 [16:49<00:21,  5.40s/it]
 98%|█████████▊| 197/200 [16:54<00:15,  5.26s/it]
 99%|█████████▉| 198/200 [16:59<00:10,  5.21s/it]
100%|█████████▉| 199/200 [17:05<00:05,  5.39s/it]
100%|██████████| 200/200 [17:10<00:00,  5.36s/it]
                                                 
0
1
2
3
4
5
6
7
8
9
10
11
12
13
14
15
16
17
18
19
20
21
22
23
24
25
26
27
28
29
30
31
32
33
34
35
36
37
38
39
40
41
42
43
44
45
46
47
48
49
50
51
52
53
54
55
56
57
58
59
60
61
62
63
64
65
66
67
68
69
70
71
72
73
74
75
76
77
78
79
80
81
82
83
84
85
86
87
88
89
90
91
92
93
94
95
96
97
98
99
100
101
102
103
104
105
106
107
108
109
110
111
112
113
114
115
116
117
118
119
120
121
122
123
124
125
126
127
128
129
130
131
132
133
134
135
136
137
138
139
140
141
142
143
144
145
146
147
148
149
150
151
152
153
154
155
156
157
158
159
160
161
162
163
164
165
166
167
168
169
170
171
172
173
174
175
176
177
178
179
180
181
182
183
184
185
186
187
188
189
190
191
192
193
194
195
196
197
198
199
