 
Files to read: ['../pilot-cpjump1-data/profiles/2020_11_04_CPJUMP1/BR00116995/BR00116995_normalized_feature_select_negcon.csv.gz']
Files to read: ['../pilot-cpjump1-data/profiles/2020_11_04_CPJUMP1/BR00117024/BR00117024_normalized_feature_select_negcon.csv.gz']
Files to read: ['../pilot-cpjump1-data/profiles/2020_11_04_CPJUMP1/BR00117025/BR00117025_normalized_feature_select_negcon.csv.gz']
Files to read: ['../pilot-cpjump1-data/profiles/2020_11_04_CPJUMP1/BR00117026/BR00117026_normalized_feature_select_negcon.csv.gz']
Files to read: ['../pilot-cpjump1-data/profiles/2020_11_04_CPJUMP1/BR00116997/BR00116997_normalized_feature_select_negcon.csv.gz']
Files to read: ['../pilot-cpjump1-data/profiles/2020_11_04_CPJUMP1/BR00116998/BR00116998_normalized_feature_select_negcon.csv.gz']
Files to read: ['../pilot-cpjump1-data/profiles/2020_11_04_CPJUMP1/BR00116999/BR00116999_normalized_feature_select_negcon.csv.gz']
Files to read: ['../pilot-cpjump1-data/profiles/2020_11_04_CPJUMP1/BR00116996/BR00116996_normalized_feature_select_negcon.csv.gz']
Files to read: ['../pilot-cpjump1-data/profiles/2020_11_04_CPJUMP1/BR00117022/BR00117022_normalized_feature_select_negcon.csv.gz']
Files to read: ['../pilot-cpjump1-data/profiles/2020_11_04_CPJUMP1/BR00117023/BR00117023_normalized_feature_select_negcon.csv.gz']

  0%|          | 0/200 [00:00<?, ?it/s]
  0%|          | 1/200 [00:07<25:23,  7.65s/it]
  1%|          | 2/200 [00:11<18:19,  5.55s/it]
  2%|▏         | 3/200 [00:15<16:14,  4.95s/it]
  2%|▏         | 4/200 [00:19<14:45,  4.52s/it]
  2%|▎         | 5/200 [00:24<14:21,  4.42s/it]
  3%|▎         | 6/200 [00:28<13:50,  4.28s/it]
  4%|▎         | 7/200 [00:32<13:26,  4.18s/it]
  4%|▍         | 8/200 [00:36<13:11,  4.12s/it]
  4%|▍         | 9/200 [00:40<13:13,  4.16s/it]
  5%|▌         | 10/200 [00:45<13:48,  4.36s/it]
  6%|▌         | 11/200 [00:49<14:10,  4.50s/it]
  6%|▌         | 12/200 [00:54<14:09,  4.52s/it]
  6%|▋         | 13/200 [00:58<13:54,  4.46s/it]
  7%|▋         | 14/200 [01:02<13:28,  4.34s/it]
  8%|▊         | 15/200 [01:07<13:15,  4.30s/it]
  8%|▊         | 16/200 [01:10<12:46,  4.16s/it]
  8%|▊         | 17/200 [01:14<12:32,  4.11s/it]
  9%|▉         | 18/200 [01:19<12:41,  4.18s/it]
 10%|▉         | 19/200 [01:23<12:34,  4.17s/it]
 10%|█         | 20/200 [01:27<12:29,  4.16s/it]
 10%|█         | 21/200 [01:31<12:13,  4.10s/it]
 11%|█         | 22/200 [01:35<12:00,  4.05s/it]
 12%|█▏        | 23/200 [01:39<11:57,  4.05s/it]
 12%|█▏        | 24/200 [01:43<11:48,  4.03s/it]
 12%|█▎        | 25/200 [01:47<11:36,  3.98s/it]
 13%|█▎        | 26/200 [01:51<11:39,  4.02s/it]
 14%|█▎        | 27/200 [01:55<11:44,  4.07s/it]
 14%|█▍        | 28/200 [01:59<11:26,  3.99s/it]
 14%|█▍        | 29/200 [02:03<11:10,  3.92s/it]
 15%|█▌        | 30/200 [02:07<11:10,  3.95s/it]
 16%|█▌        | 31/200 [02:11<11:20,  4.03s/it]
 16%|█▌        | 32/200 [02:16<11:48,  4.22s/it]
 16%|█▋        | 33/200 [02:20<12:09,  4.37s/it]
 17%|█▋        | 34/200 [02:24<11:45,  4.25s/it]
 18%|█▊        | 35/200 [02:28<11:26,  4.16s/it]
 18%|█▊        | 36/200 [02:32<11:13,  4.11s/it]
 18%|█▊        | 37/200 [02:36<11:00,  4.05s/it]
 19%|█▉        | 38/200 [02:40<10:50,  4.01s/it]
 20%|█▉        | 39/200 [02:44<10:50,  4.04s/it]
 20%|██        | 40/200 [02:48<10:49,  4.06s/it]
 20%|██        | 41/200 [02:52<10:36,  4.01s/it]
 21%|██        | 42/200 [02:56<10:37,  4.04s/it]
 22%|██▏       | 43/200 [03:01<10:45,  4.11s/it]
 22%|██▏       | 44/200 [03:05<10:44,  4.13s/it]
 22%|██▎       | 45/200 [03:09<10:57,  4.24s/it]
 23%|██▎       | 46/200 [03:13<10:37,  4.14s/it]
 24%|██▎       | 47/200 [03:18<10:51,  4.26s/it]
 24%|██▍       | 48/200 [03:22<10:31,  4.16s/it]
 24%|██▍       | 49/200 [03:26<10:20,  4.11s/it]
 25%|██▌       | 50/200 [03:30<10:10,  4.07s/it]
 26%|██▌       | 51/200 [03:34<10:20,  4.16s/it]
 26%|██▌       | 52/200 [03:38<10:07,  4.11s/it]
 26%|██▋       | 53/200 [03:42<09:57,  4.07s/it]
 27%|██▋       | 54/200 [03:46<10:00,  4.12s/it]
 28%|██▊       | 55/200 [03:50<09:56,  4.11s/it]
 28%|██▊       | 56/200 [03:54<09:39,  4.02s/it]
 28%|██▊       | 57/200 [03:58<09:36,  4.03s/it]
 29%|██▉       | 58/200 [04:02<09:35,  4.05s/it]
 30%|██▉       | 59/200 [04:06<09:32,  4.06s/it]
 30%|███       | 60/200 [04:10<09:28,  4.06s/it]
 30%|███       | 61/200 [04:14<09:15,  4.00s/it]
 31%|███       | 62/200 [04:18<09:08,  3.97s/it]
 32%|███▏      | 63/200 [04:22<09:07,  4.00s/it]
 32%|███▏      | 64/200 [04:26<09:09,  4.04s/it]
 32%|███▎      | 65/200 [04:30<08:58,  3.99s/it]
 33%|███▎      | 66/200 [04:34<08:53,  3.98s/it]
 34%|███▎      | 67/200 [04:38<08:46,  3.96s/it]
 34%|███▍      | 68/200 [04:42<08:51,  4.03s/it]
 34%|███▍      | 69/200 [04:47<09:10,  4.20s/it]
 35%|███▌      | 70/200 [04:51<09:00,  4.15s/it]
 36%|███▌      | 71/200 [04:55<08:44,  4.07s/it]
 36%|███▌      | 72/200 [04:59<08:43,  4.09s/it]
 36%|███▋      | 73/200 [05:03<08:35,  4.06s/it]
 37%|███▋      | 74/200 [05:07<08:49,  4.20s/it]
 38%|███▊      | 75/200 [05:12<09:10,  4.40s/it]
 38%|███▊      | 76/200 [05:16<08:50,  4.28s/it]
 38%|███▊      | 77/200 [05:20<08:29,  4.14s/it]
 39%|███▉      | 78/200 [05:24<08:18,  4.08s/it]
 40%|███▉      | 79/200 [05:28<08:04,  4.01s/it]
 40%|████      | 80/200 [05:32<08:06,  4.05s/it]
 40%|████      | 81/200 [05:36<07:55,  4.00s/it]
 41%|████      | 82/200 [05:40<07:51,  4.00s/it]
 42%|████▏     | 83/200 [05:44<07:40,  3.94s/it]
 42%|████▏     | 84/200 [05:48<07:41,  3.98s/it]
 42%|████▎     | 85/200 [05:52<07:47,  4.07s/it]
 43%|████▎     | 86/200 [05:57<08:04,  4.25s/it]
 44%|████▎     | 87/200 [06:01<08:15,  4.38s/it]
 44%|████▍     | 88/200 [06:06<08:10,  4.38s/it]
 44%|████▍     | 89/200 [06:10<07:51,  4.25s/it]
 45%|████▌     | 90/200 [06:14<07:44,  4.22s/it]
 46%|████▌     | 91/200 [06:18<07:38,  4.21s/it]
 46%|████▌     | 92/200 [06:22<07:33,  4.20s/it]
 46%|████▋     | 93/200 [06:26<07:24,  4.16s/it]
 47%|████▋     | 94/200 [06:30<07:16,  4.12s/it]
 48%|████▊     | 95/200 [06:34<06:59,  4.00s/it]
 48%|████▊     | 96/200 [06:38<06:55,  3.99s/it]
 48%|████▊     | 97/200 [06:42<06:50,  3.99s/it]
 49%|████▉     | 98/200 [06:46<06:51,  4.04s/it]
 50%|████▉     | 99/200 [06:50<06:40,  3.97s/it]
 50%|█████     | 100/200 [06:54<06:36,  3.97s/it]
 50%|█████     | 101/200 [06:58<06:28,  3.92s/it]
 51%|█████     | 102/200 [07:02<06:27,  3.95s/it]
 52%|█████▏    | 103/200 [07:06<06:20,  3.93s/it]
 52%|█████▏    | 104/200 [07:10<06:15,  3.91s/it]
 52%|█████▎    | 105/200 [07:14<06:25,  4.06s/it]
 53%|█████▎    | 106/200 [07:18<06:19,  4.03s/it]
 54%|█████▎    | 107/200 [07:22<06:11,  4.00s/it]
 54%|█████▍    | 108/200 [07:26<06:05,  3.98s/it]
 55%|█████▍    | 109/200 [07:30<06:09,  4.06s/it]
 55%|█████▌    | 110/200 [07:35<06:18,  4.21s/it]
 56%|█████▌    | 111/200 [07:38<06:05,  4.10s/it]
 56%|█████▌    | 112/200 [07:43<06:01,  4.11s/it]
 56%|█████▋    | 113/200 [07:46<05:53,  4.06s/it]
 57%|█████▋    | 114/200 [07:50<05:47,  4.04s/it]
 57%|█████▊    | 115/200 [07:55<05:44,  4.06s/it]
 58%|█████▊    | 116/200 [07:59<05:40,  4.05s/it]
 58%|█████▊    | 117/200 [08:03<05:49,  4.21s/it]
 59%|█████▉    | 118/200 [08:08<05:49,  4.27s/it]
 60%|█████▉    | 119/200 [08:12<05:42,  4.22s/it]
 60%|██████    | 120/200 [08:16<05:40,  4.26s/it]
 60%|██████    | 121/200 [08:20<05:39,  4.30s/it]
 61%|██████    | 122/200 [08:25<05:43,  4.41s/it]
 62%|██████▏   | 123/200 [08:29<05:39,  4.41s/it]
 62%|██████▏   | 124/200 [08:34<05:39,  4.47s/it]
 62%|██████▎   | 125/200 [08:38<05:29,  4.39s/it]
 63%|██████▎   | 126/200 [08:43<05:27,  4.43s/it]
 64%|██████▎   | 127/200 [08:47<05:12,  4.29s/it]
 64%|██████▍   | 128/200 [08:51<05:03,  4.21s/it]
 64%|██████▍   | 129/200 [08:55<04:54,  4.14s/it]
 65%|██████▌   | 130/200 [08:59<04:59,  4.28s/it]
 66%|██████▌   | 131/200 [09:04<04:52,  4.24s/it]
 66%|██████▌   | 132/200 [09:08<04:51,  4.29s/it]
 66%|██████▋   | 133/200 [09:13<04:52,  4.37s/it]
 67%|██████▋   | 134/200 [09:17<04:43,  4.29s/it]
 68%|██████▊   | 135/200 [09:21<04:32,  4.20s/it]
 68%|██████▊   | 136/200 [09:25<04:27,  4.18s/it]
 68%|██████▊   | 137/200 [09:29<04:15,  4.06s/it]
 69%|██████▉   | 138/200 [09:33<04:10,  4.05s/it]
 70%|██████▉   | 139/200 [09:37<04:09,  4.10s/it]
 70%|███████   | 140/200 [09:41<04:03,  4.06s/it]
 70%|███████   | 141/200 [09:45<03:55,  4.00s/it]
 71%|███████   | 142/200 [09:48<03:49,  3.96s/it]
 72%|███████▏  | 143/200 [09:53<03:53,  4.10s/it]
 72%|███████▏  | 144/200 [09:57<03:53,  4.16s/it]
 72%|███████▎  | 145/200 [10:01<03:49,  4.17s/it]
 73%|███████▎  | 146/200 [10:06<03:48,  4.23s/it]
 74%|███████▎  | 147/200 [10:10<03:41,  4.17s/it]
 74%|███████▍  | 148/200 [10:14<03:31,  4.08s/it]
 74%|███████▍  | 149/200 [10:18<03:26,  4.04s/it]
 75%|███████▌  | 150/200 [10:22<03:23,  4.06s/it]
 76%|███████▌  | 151/200 [10:26<03:17,  4.03s/it]
 76%|███████▌  | 152/200 [10:30<03:13,  4.04s/it]
 76%|███████▋  | 153/200 [10:34<03:09,  4.02s/it]
 77%|███████▋  | 154/200 [10:38<03:05,  4.02s/it]
 78%|███████▊  | 155/200 [10:43<03:15,  4.34s/it]
 78%|███████▊  | 156/200 [10:47<03:06,  4.23s/it]
 78%|███████▊  | 157/200 [10:50<02:55,  4.08s/it]
 79%|███████▉  | 158/200 [10:55<02:51,  4.08s/it]
 80%|███████▉  | 159/200 [10:58<02:45,  4.03s/it]
 80%|████████  | 160/200 [11:02<02:39,  4.00s/it]
 80%|████████  | 161/200 [11:06<02:33,  3.94s/it]
 81%|████████  | 162/200 [11:11<02:38,  4.17s/it]
 82%|████████▏ | 163/200 [11:15<02:34,  4.19s/it]
 82%|████████▏ | 164/200 [11:19<02:27,  4.09s/it]
 82%|████████▎ | 165/200 [11:23<02:24,  4.13s/it]
 83%|████████▎ | 166/200 [11:27<02:19,  4.10s/it]
 84%|████████▎ | 167/200 [11:31<02:15,  4.10s/it]
 84%|████████▍ | 168/200 [11:35<02:10,  4.07s/it]
 84%|████████▍ | 169/200 [11:40<02:07,  4.10s/it]
 85%|████████▌ | 170/200 [11:43<02:00,  4.02s/it]
 86%|████████▌ | 171/200 [11:47<01:55,  3.99s/it]
 86%|████████▌ | 172/200 [11:51<01:52,  4.02s/it]
 86%|████████▋ | 173/200 [11:56<01:51,  4.14s/it]
 87%|████████▋ | 174/200 [12:00<01:47,  4.14s/it]
 88%|████████▊ | 175/200 [12:04<01:43,  4.15s/it]
 88%|████████▊ | 176/200 [12:08<01:37,  4.08s/it]
 88%|████████▊ | 177/200 [12:12<01:32,  4.02s/it]
 89%|████████▉ | 178/200 [12:16<01:28,  4.04s/it]
 90%|████████▉ | 179/200 [12:20<01:26,  4.10s/it]
 90%|█████████ | 180/200 [12:25<01:23,  4.16s/it]
 90%|█████████ | 181/200 [12:29<01:19,  4.16s/it]
 91%|█████████ | 182/200 [12:33<01:13,  4.09s/it]
 92%|█████████▏| 183/200 [12:37<01:08,  4.04s/it]
 92%|█████████▏| 184/200 [12:40<01:04,  4.01s/it]
 92%|█████████▎| 185/200 [12:44<00:59,  3.99s/it]
 93%|█████████▎| 186/200 [12:49<00:56,  4.03s/it]
 94%|█████████▎| 187/200 [12:53<00:52,  4.01s/it]
 94%|█████████▍| 188/200 [12:57<00:49,  4.12s/it]
 94%|█████████▍| 189/200 [13:01<00:45,  4.12s/it]
 95%|█████████▌| 190/200 [13:06<00:42,  4.25s/it]
 96%|█████████▌| 191/200 [13:10<00:38,  4.28s/it]
 96%|█████████▌| 192/200 [13:14<00:33,  4.18s/it]
 96%|█████████▋| 193/200 [13:18<00:28,  4.10s/it]
 97%|█████████▋| 194/200 [13:22<00:24,  4.02s/it]
 98%|█████████▊| 195/200 [13:26<00:20,  4.05s/it]
 98%|█████████▊| 196/200 [13:30<00:16,  4.12s/it]
 98%|█████████▊| 197/200 [13:34<00:12,  4.18s/it]
 99%|█████████▉| 198/200 [13:39<00:08,  4.37s/it]
100%|█████████▉| 199/200 [13:43<00:04,  4.32s/it]
100%|██████████| 200/200 [13:48<00:00,  4.28s/it]
                                                 
0
1
2
3
4
5
6
7
8
9
10
11
12
13
14
15
16
17
18
19
20
21
22
23
24
25
26
27
28
29
30
31
32
33
34
35
36
37
38
39
40
41
42
43
44
45
46
47
48
49
50
51
52
53
54
55
56
57
58
59
60
61
62
63
64
65
66
67
68
69
70
71
72
73
74
75
76
77
78
79
80
81
82
83
84
85
86
87
88
89
90
91
92
93
94
95
96
97
98
99
100
101
102
103
104
105
106
107
108
109
110
111
112
113
114
115
116
117
118
119
120
121
122
123
124
125
126
127
128
129
130
131
132
133
134
135
136
137
138
139
140
141
142
143
144
145
146
147
148
149
150
151
152
153
154
155
156
157
158
159
160
161
162
163
164
165
166
167
168
169
170
171
172
173
174
175
176
177
178
179
180
181
182
183
184
185
186
187
188
189
190
191
192
193
194
195
196
197
198
199
