 
Files to read: ['../pilot-cpjump1-data/profiles/2020_11_04_CPJUMP1/BR00116995/BR00116995_normalized_feature_select_negcon.csv.gz']
Files to read: ['../pilot-cpjump1-data/profiles/2020_11_04_CPJUMP1/BR00117024/BR00117024_normalized_feature_select_negcon.csv.gz']
Files to read: ['../pilot-cpjump1-data/profiles/2020_11_04_CPJUMP1/BR00117025/BR00117025_normalized_feature_select_negcon.csv.gz']
Files to read: ['../pilot-cpjump1-data/profiles/2020_11_04_CPJUMP1/BR00117026/BR00117026_normalized_feature_select_negcon.csv.gz']
Files to read: ['../pilot-cpjump1-data/profiles/2020_11_04_CPJUMP1/BR00116997/BR00116997_normalized_feature_select_negcon.csv.gz']
Files to read: ['../pilot-cpjump1-data/profiles/2020_11_04_CPJUMP1/BR00116998/BR00116998_normalized_feature_select_negcon.csv.gz']
Files to read: ['../pilot-cpjump1-data/profiles/2020_11_04_CPJUMP1/BR00116999/BR00116999_normalized_feature_select_negcon.csv.gz']
Files to read: ['../pilot-cpjump1-data/profiles/2020_11_04_CPJUMP1/BR00116996/BR00116996_normalized_feature_select_negcon.csv.gz']
Files to read: ['../pilot-cpjump1-data/profiles/2020_11_04_CPJUMP1/BR00117022/BR00117022_normalized_feature_select_negcon.csv.gz']
Files to read: ['../pilot-cpjump1-data/profiles/2020_11_04_CPJUMP1/BR00117023/BR00117023_normalized_feature_select_negcon.csv.gz']

  0%|          | 0/200 [00:00<?, ?it/s]
  0%|          | 1/200 [00:06<20:08,  6.07s/it]
  1%|          | 2/200 [00:10<17:39,  5.35s/it]
  2%|▏         | 3/200 [00:16<17:33,  5.35s/it]
  2%|▏         | 4/200 [00:21<17:04,  5.23s/it]
  2%|▎         | 5/200 [00:26<16:32,  5.09s/it]
  3%|▎         | 6/200 [00:31<16:34,  5.12s/it]
  4%|▎         | 7/200 [00:36<16:20,  5.08s/it]
  4%|▍         | 8/200 [00:41<16:24,  5.13s/it]
  4%|▍         | 9/200 [00:46<16:20,  5.13s/it]
  5%|▌         | 10/200 [00:51<16:19,  5.16s/it]
  6%|▌         | 11/200 [00:57<16:16,  5.17s/it]
  6%|▌         | 12/200 [01:02<16:29,  5.27s/it]
  6%|▋         | 13/200 [01:08<17:03,  5.48s/it]
  7%|▋         | 14/200 [01:14<17:03,  5.50s/it]
  8%|▊         | 15/200 [01:19<16:34,  5.38s/it]
  8%|▊         | 16/200 [01:24<16:50,  5.49s/it]
  8%|▊         | 17/200 [01:30<16:24,  5.38s/it]
  9%|▉         | 18/200 [01:35<16:43,  5.51s/it]
 10%|▉         | 19/200 [01:41<16:37,  5.51s/it]
 10%|█         | 20/200 [01:47<16:43,  5.58s/it]
 10%|█         | 21/200 [01:52<16:13,  5.44s/it]
 11%|█         | 22/200 [01:57<16:04,  5.42s/it]
 12%|█▏        | 23/200 [02:02<15:37,  5.30s/it]
 12%|█▏        | 24/200 [02:08<16:13,  5.53s/it]
 12%|█▎        | 25/200 [02:14<16:06,  5.52s/it]
 13%|█▎        | 26/200 [02:19<15:41,  5.41s/it]
 14%|█▎        | 27/200 [02:24<15:11,  5.27s/it]
 14%|█▍        | 28/200 [02:29<15:02,  5.25s/it]
 14%|█▍        | 29/200 [02:34<14:46,  5.18s/it]
 15%|█▌        | 30/200 [02:40<15:10,  5.36s/it]
 16%|█▌        | 31/200 [02:45<15:03,  5.35s/it]
 16%|█▌        | 32/200 [02:51<15:34,  5.56s/it]
 16%|█▋        | 33/200 [02:57<15:24,  5.53s/it]
 17%|█▋        | 34/200 [03:02<15:05,  5.46s/it]
 18%|█▊        | 35/200 [03:07<14:44,  5.36s/it]
 18%|█▊        | 36/200 [03:12<14:37,  5.35s/it]
 18%|█▊        | 37/200 [03:18<14:22,  5.29s/it]
 19%|█▉        | 38/200 [03:23<14:24,  5.34s/it]
 20%|█▉        | 39/200 [03:28<14:18,  5.33s/it]
 20%|██        | 40/200 [03:33<14:01,  5.26s/it]
 20%|██        | 41/200 [03:39<14:11,  5.35s/it]
 21%|██        | 42/200 [03:44<14:01,  5.33s/it]
 22%|██▏       | 43/200 [03:50<13:58,  5.34s/it]
 22%|██▏       | 44/200 [03:55<13:45,  5.29s/it]
 22%|██▎       | 45/200 [04:00<13:43,  5.31s/it]
 23%|██▎       | 46/200 [04:06<14:04,  5.48s/it]
 24%|██▎       | 47/200 [04:12<14:16,  5.60s/it]
 24%|██▍       | 48/200 [04:17<13:54,  5.49s/it]
 24%|██▍       | 49/200 [04:22<13:35,  5.40s/it]
 25%|██▌       | 50/200 [04:27<13:16,  5.31s/it]
 26%|██▌       | 51/200 [04:32<12:48,  5.16s/it]
 26%|██▌       | 52/200 [04:37<12:44,  5.17s/it]
 26%|██▋       | 53/200 [04:42<12:27,  5.08s/it]
 27%|██▋       | 54/200 [04:47<12:17,  5.05s/it]
 28%|██▊       | 55/200 [04:53<12:27,  5.16s/it]
 28%|██▊       | 56/200 [04:58<12:12,  5.09s/it]
 28%|██▊       | 57/200 [05:03<12:19,  5.17s/it]
 29%|██▉       | 58/200 [05:08<11:56,  5.05s/it]
 30%|██▉       | 59/200 [05:13<11:54,  5.07s/it]
 30%|███       | 60/200 [05:18<11:53,  5.10s/it]
 30%|███       | 61/200 [05:23<11:41,  5.05s/it]
 31%|███       | 62/200 [05:28<11:34,  5.03s/it]
 32%|███▏      | 63/200 [05:33<11:24,  5.00s/it]
 32%|███▏      | 64/200 [05:38<11:23,  5.03s/it]
 32%|███▎      | 65/200 [05:43<11:14,  5.00s/it]
 33%|███▎      | 66/200 [05:48<11:09,  5.00s/it]
 34%|███▎      | 67/200 [05:53<11:15,  5.08s/it]
 34%|███▍      | 68/200 [05:58<11:09,  5.07s/it]
 34%|███▍      | 69/200 [06:03<11:01,  5.05s/it]
 35%|███▌      | 70/200 [06:08<10:51,  5.01s/it]
 36%|███▌      | 71/200 [06:13<10:50,  5.04s/it]
 36%|███▌      | 72/200 [06:18<10:43,  5.03s/it]
 36%|███▋      | 73/200 [06:23<10:46,  5.09s/it]
 37%|███▋      | 74/200 [06:29<10:41,  5.09s/it]
 38%|███▊      | 75/200 [06:34<10:34,  5.07s/it]
 38%|███▊      | 76/200 [06:39<10:25,  5.04s/it]
 38%|███▊      | 77/200 [06:43<10:14,  5.00s/it]
 39%|███▉      | 78/200 [06:48<10:07,  4.98s/it]
 40%|███▉      | 79/200 [06:54<10:14,  5.08s/it]
 40%|████      | 80/200 [06:59<10:27,  5.23s/it]
 40%|████      | 81/200 [07:04<10:15,  5.18s/it]
 41%|████      | 82/200 [07:09<10:07,  5.15s/it]
 42%|████▏     | 83/200 [07:14<09:45,  5.00s/it]
 42%|████▏     | 84/200 [07:19<09:35,  4.96s/it]
 42%|████▎     | 85/200 [07:24<09:38,  5.03s/it]
 43%|████▎     | 86/200 [07:29<09:28,  4.99s/it]
 44%|████▎     | 87/200 [07:34<09:28,  5.03s/it]
 44%|████▍     | 88/200 [07:39<09:26,  5.06s/it]
 44%|████▍     | 89/200 [07:44<09:18,  5.03s/it]
 45%|████▌     | 90/200 [07:49<09:10,  5.00s/it]
 46%|████▌     | 91/200 [07:54<09:02,  4.98s/it]
 46%|████▌     | 92/200 [07:59<08:59,  4.99s/it]
 46%|████▋     | 93/200 [08:04<08:50,  4.96s/it]
 47%|████▋     | 94/200 [08:09<08:43,  4.94s/it]
 48%|████▊     | 95/200 [08:14<08:28,  4.84s/it]
 48%|████▊     | 96/200 [08:19<08:34,  4.95s/it]
 48%|████▊     | 97/200 [08:24<08:36,  5.01s/it]
 49%|████▉     | 98/200 [08:29<08:40,  5.10s/it]
 50%|████▉     | 99/200 [08:34<08:36,  5.11s/it]
 50%|█████     | 100/200 [08:39<08:32,  5.12s/it]
 50%|█████     | 101/200 [08:45<08:31,  5.17s/it]
 51%|█████     | 102/200 [08:50<08:25,  5.16s/it]
 52%|█████▏    | 103/200 [08:55<08:18,  5.14s/it]
 52%|█████▏    | 104/200 [09:00<08:06,  5.06s/it]
 52%|█████▎    | 105/200 [09:06<08:20,  5.27s/it]
 53%|█████▎    | 106/200 [09:11<08:14,  5.26s/it]
 54%|█████▎    | 107/200 [09:16<08:01,  5.17s/it]
 54%|█████▍    | 108/200 [09:21<07:49,  5.10s/it]
 55%|█████▍    | 109/200 [09:26<07:34,  5.00s/it]
 55%|█████▌    | 110/200 [09:31<07:32,  5.02s/it]
 56%|█████▌    | 111/200 [09:37<07:56,  5.36s/it]
 56%|█████▌    | 112/200 [09:42<08:00,  5.46s/it]
 56%|█████▋    | 113/200 [09:47<07:42,  5.32s/it]
 57%|█████▋    | 114/200 [09:53<07:32,  5.26s/it]
 57%|█████▊    | 115/200 [09:59<07:49,  5.53s/it]
 58%|█████▊    | 116/200 [10:04<07:33,  5.40s/it]
 58%|█████▊    | 117/200 [10:09<07:22,  5.34s/it]
 59%|█████▉    | 118/200 [10:15<07:24,  5.42s/it]
 60%|█████▉    | 119/200 [10:20<07:07,  5.28s/it]
 60%|██████    | 120/200 [10:24<06:49,  5.11s/it]
 60%|██████    | 121/200 [10:29<06:38,  5.04s/it]
 61%|██████    | 122/200 [10:34<06:32,  5.03s/it]
 62%|██████▏   | 123/200 [10:39<06:23,  4.99s/it]
 62%|██████▏   | 124/200 [10:44<06:15,  4.95s/it]
 62%|██████▎   | 125/200 [10:50<06:26,  5.15s/it]
 63%|██████▎   | 126/200 [10:54<06:12,  5.03s/it]
 64%|██████▎   | 127/200 [10:59<06:04,  5.00s/it]
 64%|██████▍   | 128/200 [11:04<05:54,  4.92s/it]
 64%|██████▍   | 129/200 [11:09<05:46,  4.88s/it]
 65%|██████▌   | 130/200 [11:14<05:43,  4.90s/it]
 66%|██████▌   | 131/200 [11:19<05:39,  4.92s/it]
 66%|██████▌   | 132/200 [11:24<05:36,  4.94s/it]
 66%|██████▋   | 133/200 [11:29<05:34,  5.00s/it]
 67%|██████▋   | 134/200 [11:34<05:30,  5.00s/it]
 68%|██████▊   | 135/200 [11:39<05:24,  4.99s/it]
 68%|██████▊   | 136/200 [11:44<05:19,  4.99s/it]
 68%|██████▊   | 137/200 [11:49<05:13,  4.97s/it]
 69%|██████▉   | 138/200 [11:54<05:07,  4.96s/it]
 70%|██████▉   | 139/200 [11:59<05:04,  5.00s/it]
 70%|███████   | 140/200 [12:03<04:53,  4.90s/it]
 70%|███████   | 141/200 [12:08<04:51,  4.94s/it]
 71%|███████   | 142/200 [12:14<04:58,  5.14s/it]
 72%|███████▏  | 143/200 [12:20<05:05,  5.35s/it]
 72%|███████▏  | 144/200 [12:25<04:57,  5.32s/it]
 72%|███████▎  | 145/200 [12:30<04:53,  5.34s/it]
 73%|███████▎  | 146/200 [12:35<04:40,  5.20s/it]
 74%|███████▎  | 147/200 [12:41<04:36,  5.23s/it]
 74%|███████▍  | 148/200 [12:46<04:27,  5.14s/it]
 74%|███████▍  | 149/200 [12:51<04:21,  5.12s/it]
 75%|███████▌  | 150/200 [12:56<04:12,  5.05s/it]
 76%|███████▌  | 151/200 [13:01<04:08,  5.07s/it]
 76%|███████▌  | 152/200 [13:06<04:03,  5.06s/it]
 76%|███████▋  | 153/200 [13:11<03:59,  5.09s/it]
 77%|███████▋  | 154/200 [13:16<03:49,  4.99s/it]
 78%|███████▊  | 155/200 [13:21<03:44,  4.99s/it]
 78%|███████▊  | 156/200 [13:26<03:39,  4.99s/it]
 78%|███████▊  | 157/200 [13:30<03:33,  4.96s/it]
 79%|███████▉  | 158/200 [13:35<03:26,  4.91s/it]
 80%|███████▉  | 159/200 [13:41<03:26,  5.03s/it]
 80%|████████  | 160/200 [13:46<03:23,  5.09s/it]
 80%|████████  | 161/200 [13:51<03:17,  5.05s/it]
 81%|████████  | 162/200 [13:56<03:08,  4.97s/it]
 82%|████████▏ | 163/200 [14:01<03:08,  5.08s/it]
 82%|████████▏ | 164/200 [14:06<03:04,  5.11s/it]
 82%|████████▎ | 165/200 [14:11<02:58,  5.09s/it]
 83%|████████▎ | 166/200 [14:16<02:52,  5.06s/it]
 84%|████████▎ | 167/200 [14:21<02:45,  5.02s/it]
 84%|████████▍ | 168/200 [14:26<02:37,  4.91s/it]
 84%|████████▍ | 169/200 [14:31<02:33,  4.94s/it]
 85%|████████▌ | 170/200 [14:36<02:32,  5.08s/it]
 86%|████████▌ | 171/200 [14:41<02:27,  5.09s/it]
 86%|████████▌ | 172/200 [14:46<02:22,  5.08s/it]
 86%|████████▋ | 173/200 [14:52<02:21,  5.22s/it]
 87%|████████▋ | 174/200 [14:57<02:16,  5.25s/it]
 88%|████████▊ | 175/200 [15:03<02:12,  5.30s/it]
 88%|████████▊ | 176/200 [15:07<02:02,  5.10s/it]
 88%|████████▊ | 177/200 [15:12<01:56,  5.05s/it]
 89%|████████▉ | 178/200 [15:17<01:49,  5.00s/it]
 90%|████████▉ | 179/200 [15:23<01:52,  5.34s/it]
 90%|█████████ | 180/200 [15:29<01:49,  5.46s/it]
 90%|█████████ | 181/200 [15:34<01:41,  5.36s/it]
 91%|█████████ | 182/200 [15:39<01:34,  5.23s/it]
 92%|█████████▏| 183/200 [15:44<01:27,  5.16s/it]
 92%|█████████▏| 184/200 [15:49<01:22,  5.13s/it]
 92%|█████████▎| 185/200 [15:54<01:17,  5.17s/it]
 93%|█████████▎| 186/200 [15:59<01:11,  5.13s/it]
 94%|█████████▎| 187/200 [16:04<01:06,  5.08s/it]
 94%|█████████▍| 188/200 [16:09<00:59,  4.97s/it]
 94%|█████████▍| 189/200 [16:14<00:54,  4.94s/it]
 95%|█████████▌| 190/200 [16:19<00:49,  4.97s/it]
 96%|█████████▌| 191/200 [16:25<00:46,  5.20s/it]
 96%|█████████▌| 192/200 [16:30<00:41,  5.18s/it]
 96%|█████████▋| 193/200 [16:35<00:36,  5.15s/it]
 97%|█████████▋| 194/200 [16:40<00:30,  5.10s/it]
 98%|█████████▊| 195/200 [16:45<00:25,  5.05s/it]
 98%|█████████▊| 196/200 [16:50<00:20,  5.07s/it]
 98%|█████████▊| 197/200 [16:55<00:15,  5.04s/it]
 99%|█████████▉| 198/200 [17:00<00:09,  4.94s/it]
100%|█████████▉| 199/200 [17:05<00:05,  5.00s/it]
100%|██████████| 200/200 [17:10<00:00,  4.98s/it]
                                                 
0
1
2
3
4
5
6
7
8
9
10
11
12
13
14
15
16
17
18
19
20
21
22
23
24
25
26
27
28
29
30
31
32
33
34
35
36
37
38
39
40
41
42
43
44
45
46
47
48
49
50
51
52
53
54
55
56
57
58
59
60
61
62
63
64
65
66
67
68
69
70
71
72
73
74
75
76
77
78
79
80
81
82
83
84
85
86
87
88
89
90
91
92
93
94
95
96
97
98
99
100
101
102
103
104
105
106
107
108
109
110
111
112
113
114
115
116
117
118
119
120
121
122
123
124
125
126
127
128
129
130
131
132
133
134
135
136
137
138
139
140
141
142
143
144
145
146
147
148
149
150
151
152
153
154
155
156
157
158
159
160
161
162
163
164
165
166
167
168
169
170
171
172
173
174
175
176
177
178
179
180
181
182
183
184
185
186
187
188
189
190
191
192
193
194
195
196
197
198
199
