 
Files to read: ['../pilot-cpjump1-data/profiles/2020_11_04_CPJUMP1/BR00116995/BR00116995_normalized_feature_select_negcon.csv.gz']
Files to read: ['../pilot-cpjump1-data/profiles/2020_11_04_CPJUMP1/BR00117024/BR00117024_normalized_feature_select_negcon.csv.gz']
Files to read: ['../pilot-cpjump1-data/profiles/2020_11_04_CPJUMP1/BR00117025/BR00117025_normalized_feature_select_negcon.csv.gz']
Files to read: ['../pilot-cpjump1-data/profiles/2020_11_04_CPJUMP1/BR00117026/BR00117026_normalized_feature_select_negcon.csv.gz']
Files to read: ['../pilot-cpjump1-data/profiles/2020_11_04_CPJUMP1/BR00116997/BR00116997_normalized_feature_select_negcon.csv.gz']
Files to read: ['../pilot-cpjump1-data/profiles/2020_11_04_CPJUMP1/BR00116998/BR00116998_normalized_feature_select_negcon.csv.gz']
Files to read: ['../pilot-cpjump1-data/profiles/2020_11_04_CPJUMP1/BR00116999/BR00116999_normalized_feature_select_negcon.csv.gz']
Files to read: ['../pilot-cpjump1-data/profiles/2020_11_04_CPJUMP1/BR00116996/BR00116996_normalized_feature_select_negcon.csv.gz']
Files to read: ['../pilot-cpjump1-data/profiles/2020_11_04_CPJUMP1/BR00117022/BR00117022_normalized_feature_select_negcon.csv.gz']
Files to read: ['../pilot-cpjump1-data/profiles/2020_11_04_CPJUMP1/BR00117023/BR00117023_normalized_feature_select_negcon.csv.gz']

  0%|          | 0/200 [00:00<?, ?it/s]
  0%|          | 1/200 [00:04<15:54,  4.80s/it]
  1%|          | 2/200 [00:08<14:08,  4.28s/it]
  2%|▏         | 3/200 [00:12<13:09,  4.01s/it]
  2%|▏         | 4/200 [00:16<12:50,  3.93s/it]
  2%|▎         | 5/200 [00:21<13:58,  4.30s/it]
  3%|▎         | 6/200 [00:25<14:14,  4.40s/it]
  4%|▎         | 7/200 [00:29<13:43,  4.27s/it]
  4%|▍         | 8/200 [00:33<13:20,  4.17s/it]
  4%|▍         | 9/200 [00:37<13:06,  4.12s/it]
  5%|▌         | 10/200 [00:42<13:35,  4.29s/it]
  6%|▌         | 11/200 [00:46<13:32,  4.30s/it]
  6%|▌         | 12/200 [00:50<13:13,  4.22s/it]
  6%|▋         | 13/200 [00:54<12:49,  4.11s/it]
  7%|▋         | 14/200 [00:58<12:25,  4.01s/it]
  8%|▊         | 15/200 [01:02<12:12,  3.96s/it]
  8%|▊         | 16/200 [01:06<12:03,  3.93s/it]
  8%|▊         | 17/200 [01:10<12:31,  4.10s/it]
  9%|▉         | 18/200 [01:14<12:12,  4.03s/it]
 10%|▉         | 19/200 [01:18<11:59,  3.98s/it]
 10%|█         | 20/200 [01:22<11:47,  3.93s/it]
 10%|█         | 21/200 [01:25<11:34,  3.88s/it]
 11%|█         | 22/200 [01:29<11:40,  3.93s/it]
 12%|█▏        | 23/200 [01:34<12:23,  4.20s/it]
 12%|█▏        | 24/200 [01:38<12:10,  4.15s/it]
 12%|█▎        | 25/200 [01:42<11:58,  4.11s/it]
 13%|█▎        | 26/200 [01:46<11:33,  3.99s/it]
 14%|█▎        | 27/200 [01:50<11:22,  3.94s/it]
 14%|█▍        | 28/200 [01:54<11:18,  3.95s/it]
 14%|█▍        | 29/200 [01:58<11:12,  3.93s/it]
 15%|█▌        | 30/200 [02:01<10:59,  3.88s/it]
 16%|█▌        | 31/200 [02:05<10:58,  3.90s/it]
 16%|█▌        | 32/200 [02:09<10:58,  3.92s/it]
 16%|█▋        | 33/200 [02:13<10:56,  3.93s/it]
 17%|█▋        | 34/200 [02:17<10:46,  3.89s/it]
 18%|█▊        | 35/200 [02:21<10:31,  3.82s/it]
 18%|█▊        | 36/200 [02:24<10:19,  3.78s/it]
 18%|█▊        | 37/200 [02:28<10:14,  3.77s/it]
 19%|█▉        | 38/200 [02:33<10:51,  4.02s/it]
 20%|█▉        | 39/200 [02:37<10:41,  3.98s/it]
 20%|██        | 40/200 [02:41<10:31,  3.95s/it]
 20%|██        | 41/200 [02:44<10:23,  3.92s/it]
 21%|██        | 42/200 [02:48<10:15,  3.89s/it]
 22%|██▏       | 43/200 [02:52<10:08,  3.87s/it]
 22%|██▏       | 44/200 [02:56<10:18,  3.96s/it]
 22%|██▎       | 45/200 [03:00<10:12,  3.95s/it]
 23%|██▎       | 46/200 [03:04<09:58,  3.89s/it]
 24%|██▎       | 47/200 [03:08<10:00,  3.92s/it]
 24%|██▍       | 48/200 [03:12<10:00,  3.95s/it]
 24%|██▍       | 49/200 [03:16<09:51,  3.92s/it]
 25%|██▌       | 50/200 [03:20<09:55,  3.97s/it]
 26%|██▌       | 51/200 [03:24<09:52,  3.98s/it]
 26%|██▌       | 52/200 [03:28<10:13,  4.15s/it]
 26%|██▋       | 53/200 [03:33<10:36,  4.33s/it]
 27%|██▋       | 54/200 [03:38<10:38,  4.38s/it]
 28%|██▊       | 55/200 [03:42<10:27,  4.33s/it]
 28%|██▊       | 56/200 [03:46<09:56,  4.14s/it]
 28%|██▊       | 57/200 [03:50<09:47,  4.11s/it]
 29%|██▉       | 58/200 [03:53<09:32,  4.03s/it]
 30%|██▉       | 59/200 [03:57<09:23,  4.00s/it]
 30%|███       | 60/200 [04:01<09:12,  3.94s/it]
 30%|███       | 61/200 [04:05<09:03,  3.91s/it]
 31%|███       | 62/200 [04:09<09:14,  4.02s/it]
 32%|███▏      | 63/200 [04:13<09:15,  4.05s/it]
 32%|███▏      | 64/200 [04:17<09:07,  4.03s/it]
 32%|███▎      | 65/200 [04:21<08:54,  3.96s/it]
 33%|███▎      | 66/200 [04:25<08:47,  3.93s/it]
 34%|███▎      | 67/200 [04:29<08:50,  3.99s/it]
 34%|███▍      | 68/200 [04:33<08:46,  3.99s/it]
 34%|███▍      | 69/200 [04:37<08:34,  3.92s/it]
 35%|███▌      | 70/200 [04:41<08:30,  3.92s/it]
 36%|███▌      | 71/200 [04:45<08:30,  3.96s/it]
 36%|███▌      | 72/200 [04:49<08:23,  3.94s/it]
 36%|███▋      | 73/200 [04:53<08:11,  3.87s/it]
 37%|███▋      | 74/200 [04:56<08:06,  3.86s/it]
 38%|███▊      | 75/200 [05:00<08:11,  3.94s/it]
 38%|███▊      | 76/200 [05:04<08:09,  3.95s/it]
 38%|███▊      | 77/200 [05:08<08:00,  3.90s/it]
 39%|███▉      | 78/200 [05:12<07:57,  3.92s/it]
 40%|███▉      | 79/200 [05:16<07:58,  3.96s/it]
 40%|████      | 80/200 [05:20<07:56,  3.97s/it]
 40%|████      | 81/200 [05:24<07:46,  3.92s/it]
 41%|████      | 82/200 [05:28<07:45,  3.94s/it]
 42%|████▏     | 83/200 [05:32<07:38,  3.92s/it]
 42%|████▏     | 84/200 [05:36<07:35,  3.92s/it]
 42%|████▎     | 85/200 [05:40<07:30,  3.92s/it]
 43%|████▎     | 86/200 [05:44<07:53,  4.15s/it]
 44%|████▎     | 87/200 [05:48<07:40,  4.07s/it]
 44%|████▍     | 88/200 [05:53<07:43,  4.14s/it]
 44%|████▍     | 89/200 [05:57<07:39,  4.14s/it]
 45%|████▌     | 90/200 [06:02<08:01,  4.38s/it]
 46%|████▌     | 91/200 [06:06<07:50,  4.31s/it]
 46%|████▌     | 92/200 [06:10<07:49,  4.34s/it]
 46%|████▋     | 93/200 [06:14<07:39,  4.29s/it]
 47%|████▋     | 94/200 [06:18<07:20,  4.15s/it]
 48%|████▊     | 95/200 [06:22<07:06,  4.06s/it]
 48%|████▊     | 96/200 [06:26<06:57,  4.02s/it]
 48%|████▊     | 97/200 [06:30<06:51,  4.00s/it]
 49%|████▉     | 98/200 [06:34<06:36,  3.89s/it]
 50%|████▉     | 99/200 [06:38<06:31,  3.88s/it]
 50%|█████     | 100/200 [06:41<06:28,  3.88s/it]
 50%|█████     | 101/200 [06:45<06:17,  3.82s/it]
 51%|█████     | 102/200 [06:49<06:16,  3.84s/it]
 52%|█████▏    | 103/200 [06:53<06:18,  3.90s/it]
 52%|█████▏    | 104/200 [06:57<06:17,  3.93s/it]
 52%|█████▎    | 105/200 [07:01<06:10,  3.90s/it]
 53%|█████▎    | 106/200 [07:05<06:02,  3.86s/it]
 54%|█████▎    | 107/200 [07:08<05:59,  3.86s/it]
 54%|█████▍    | 108/200 [07:12<05:49,  3.80s/it]
 55%|█████▍    | 109/200 [07:16<05:48,  3.83s/it]
 55%|█████▌    | 110/200 [07:20<05:43,  3.82s/it]
 56%|█████▌    | 111/200 [07:23<05:33,  3.75s/it]
 56%|█████▌    | 112/200 [07:27<05:27,  3.72s/it]
 56%|█████▋    | 113/200 [07:31<05:26,  3.75s/it]
 57%|█████▋    | 114/200 [07:35<05:30,  3.84s/it]
 57%|█████▊    | 115/200 [07:39<05:34,  3.94s/it]
 58%|█████▊    | 116/200 [07:43<05:24,  3.87s/it]
 58%|█████▊    | 117/200 [07:47<05:17,  3.83s/it]
 59%|█████▉    | 118/200 [07:51<05:17,  3.88s/it]
 60%|█████▉    | 119/200 [07:54<05:14,  3.88s/it]
 60%|██████    | 120/200 [07:59<05:19,  3.99s/it]
 60%|██████    | 121/200 [08:02<05:10,  3.93s/it]
 61%|██████    | 122/200 [08:06<05:06,  3.93s/it]
 62%|██████▏   | 123/200 [08:10<04:59,  3.89s/it]
 62%|██████▏   | 124/200 [08:14<05:00,  3.96s/it]
 62%|██████▎   | 125/200 [08:18<04:52,  3.90s/it]
 63%|██████▎   | 126/200 [08:22<04:57,  4.02s/it]
 64%|██████▎   | 127/200 [08:26<04:52,  4.00s/it]
 64%|██████▍   | 128/200 [08:30<04:51,  4.04s/it]
 64%|██████▍   | 129/200 [08:34<04:45,  4.02s/it]
 65%|██████▌   | 130/200 [08:38<04:39,  4.00s/it]
 66%|██████▌   | 131/200 [08:42<04:36,  4.00s/it]
 66%|██████▌   | 132/200 [08:47<04:40,  4.13s/it]
 66%|██████▋   | 133/200 [08:51<04:28,  4.01s/it]
 67%|██████▋   | 134/200 [08:54<04:21,  3.96s/it]
 68%|██████▊   | 135/200 [08:58<04:14,  3.92s/it]
 68%|██████▊   | 136/200 [09:02<04:12,  3.94s/it]
 68%|██████▊   | 137/200 [09:06<04:09,  3.96s/it]
 69%|██████▉   | 138/200 [09:10<04:00,  3.88s/it]
 70%|██████▉   | 139/200 [09:15<04:12,  4.13s/it]
 70%|███████   | 140/200 [09:19<04:05,  4.10s/it]
 70%|███████   | 141/200 [09:22<03:56,  4.01s/it]
 71%|███████   | 142/200 [09:26<03:51,  3.99s/it]
 72%|███████▏  | 143/200 [09:30<03:42,  3.90s/it]
 72%|███████▏  | 144/200 [09:34<03:41,  3.96s/it]
 72%|███████▎  | 145/200 [09:38<03:32,  3.87s/it]
 73%|███████▎  | 146/200 [09:42<03:26,  3.83s/it]
 74%|███████▎  | 147/200 [09:45<03:23,  3.84s/it]
 74%|███████▍  | 148/200 [09:49<03:22,  3.89s/it]
 74%|███████▍  | 149/200 [09:53<03:17,  3.87s/it]
 75%|███████▌  | 150/200 [09:57<03:13,  3.88s/it]
 76%|███████▌  | 151/200 [10:01<03:12,  3.92s/it]
 76%|███████▌  | 152/200 [10:05<03:09,  3.95s/it]
 76%|███████▋  | 153/200 [10:09<03:05,  3.96s/it]
 77%|███████▋  | 154/200 [10:13<03:00,  3.93s/it]
 78%|███████▊  | 155/200 [10:17<02:55,  3.90s/it]
 78%|███████▊  | 156/200 [10:21<02:51,  3.89s/it]
 78%|███████▊  | 157/200 [10:25<02:46,  3.88s/it]
 79%|███████▉  | 158/200 [10:29<02:43,  3.90s/it]
 80%|███████▉  | 159/200 [10:32<02:37,  3.84s/it]
 80%|████████  | 160/200 [10:36<02:33,  3.84s/it]
 80%|████████  | 161/200 [10:40<02:29,  3.83s/it]
 81%|████████  | 162/200 [10:44<02:26,  3.85s/it]
 82%|████████▏ | 163/200 [10:48<02:22,  3.84s/it]
 82%|████████▏ | 164/200 [10:51<02:17,  3.82s/it]
 82%|████████▎ | 165/200 [10:55<02:14,  3.85s/it]
 83%|████████▎ | 166/200 [11:00<02:16,  4.01s/it]
 84%|████████▎ | 167/200 [11:04<02:13,  4.05s/it]
 84%|████████▍ | 168/200 [11:08<02:11,  4.11s/it]
 84%|████████▍ | 169/200 [11:13<02:10,  4.22s/it]
 85%|████████▌ | 170/200 [11:17<02:08,  4.28s/it]
 86%|████████▌ | 171/200 [11:21<02:01,  4.18s/it]
 86%|████████▌ | 172/200 [11:25<01:53,  4.06s/it]
 86%|████████▋ | 173/200 [11:29<01:49,  4.06s/it]
 87%|████████▋ | 174/200 [11:33<01:47,  4.14s/it]
 88%|████████▊ | 175/200 [11:37<01:43,  4.15s/it]
 88%|████████▊ | 176/200 [11:42<01:40,  4.19s/it]
 88%|████████▊ | 177/200 [11:45<01:32,  4.01s/it]
 89%|████████▉ | 178/200 [11:49<01:26,  3.95s/it]
 90%|████████▉ | 179/200 [11:53<01:23,  3.98s/it]
 90%|█████████ | 180/200 [11:57<01:19,  3.96s/it]
 90%|█████████ | 181/200 [12:01<01:16,  4.01s/it]
 91%|█████████ | 182/200 [12:05<01:11,  4.00s/it]
 92%|█████████▏| 183/200 [12:09<01:06,  3.90s/it]
 92%|█████████▏| 184/200 [12:12<01:01,  3.86s/it]
 92%|█████████▎| 185/200 [12:16<00:57,  3.83s/it]
 93%|█████████▎| 186/200 [12:20<00:53,  3.85s/it]
 94%|█████████▎| 187/200 [12:24<00:50,  3.87s/it]
 94%|█████████▍| 188/200 [12:28<00:47,  3.96s/it]
 94%|█████████▍| 189/200 [12:32<00:43,  3.94s/it]
 95%|█████████▌| 190/200 [12:36<00:39,  3.95s/it]
 96%|█████████▌| 191/200 [12:40<00:35,  3.99s/it]
 96%|█████████▌| 192/200 [12:44<00:32,  4.04s/it]
 96%|█████████▋| 193/200 [12:48<00:27,  3.99s/it]
 97%|█████████▋| 194/200 [12:52<00:23,  3.98s/it]
 98%|█████████▊| 195/200 [12:56<00:19,  3.87s/it]
 98%|█████████▊| 196/200 [13:00<00:15,  3.92s/it]
 98%|█████████▊| 197/200 [13:04<00:11,  3.92s/it]
 99%|█████████▉| 198/200 [13:08<00:07,  3.90s/it]
100%|█████████▉| 199/200 [13:11<00:03,  3.89s/it]
100%|██████████| 200/200 [13:15<00:00,  3.91s/it]
                                                 
0
1
2
3
4
5
6
7
8
9
10
11
12
13
14
15
16
17
18
19
20
21
22
23
24
25
26
27
28
29
30
31
32
33
34
35
36
37
38
39
40
41
42
43
44
45
46
47
48
49
50
51
52
53
54
55
56
57
58
59
60
61
62
63
64
65
66
67
68
69
70
71
72
73
74
75
76
77
78
79
80
81
82
83
84
85
86
87
88
89
90
91
92
93
94
95
96
97
98
99
100
101
102
103
104
105
106
107
108
109
110
111
112
113
114
115
116
117
118
119
120
121
122
123
124
125
126
127
128
129
130
131
132
133
134
135
136
137
138
139
140
141
142
143
144
145
146
147
148
149
150
151
152
153
154
155
156
157
158
159
160
161
162
163
164
165
166
167
168
169
170
171
172
173
174
175
176
177
178
179
180
181
182
183
184
185
186
187
188
189
190
191
192
193
194
195
196
197
198
199
