 
Files to read: ['../pilot-cpjump1-data/profiles/2020_11_04_CPJUMP1/BR00116995/BR00116995_normalized_feature_select_negcon.csv.gz']
Files to read: ['../pilot-cpjump1-data/profiles/2020_11_04_CPJUMP1/BR00117024/BR00117024_normalized_feature_select_negcon.csv.gz']
Files to read: ['../pilot-cpjump1-data/profiles/2020_11_04_CPJUMP1/BR00117025/BR00117025_normalized_feature_select_negcon.csv.gz']
Files to read: ['../pilot-cpjump1-data/profiles/2020_11_04_CPJUMP1/BR00117026/BR00117026_normalized_feature_select_negcon.csv.gz']
Files to read: ['../pilot-cpjump1-data/profiles/2020_11_04_CPJUMP1/BR00116997/BR00116997_normalized_feature_select_negcon.csv.gz']
Files to read: ['../pilot-cpjump1-data/profiles/2020_11_04_CPJUMP1/BR00116998/BR00116998_normalized_feature_select_negcon.csv.gz']
Files to read: ['../pilot-cpjump1-data/profiles/2020_11_04_CPJUMP1/BR00116999/BR00116999_normalized_feature_select_negcon.csv.gz']
Files to read: ['../pilot-cpjump1-data/profiles/2020_11_04_CPJUMP1/BR00116996/BR00116996_normalized_feature_select_negcon.csv.gz']
Files to read: ['../pilot-cpjump1-data/profiles/2020_11_04_CPJUMP1/BR00117022/BR00117022_normalized_feature_select_negcon.csv.gz']
Files to read: ['../pilot-cpjump1-data/profiles/2020_11_04_CPJUMP1/BR00117023/BR00117023_normalized_feature_select_negcon.csv.gz']

  0%|          | 0/200 [00:00<?, ?it/s]
  0%|          | 1/200 [00:05<19:33,  5.90s/it]
  1%|          | 2/200 [00:11<18:44,  5.68s/it]
  2%|▏         | 3/200 [00:16<17:30,  5.33s/it]
  2%|▏         | 4/200 [00:21<16:48,  5.15s/it]
  2%|▎         | 5/200 [00:26<16:25,  5.06s/it]
  3%|▎         | 6/200 [00:31<16:25,  5.08s/it]
  4%|▎         | 7/200 [00:37<17:05,  5.31s/it]
  4%|▍         | 8/200 [00:41<16:34,  5.18s/it]
  4%|▍         | 9/200 [00:47<16:29,  5.18s/it]
  5%|▌         | 10/200 [00:52<16:10,  5.11s/it]
  6%|▌         | 11/200 [00:57<16:07,  5.12s/it]
  6%|▌         | 12/200 [01:02<16:10,  5.16s/it]
  6%|▋         | 13/200 [01:07<15:44,  5.05s/it]
  7%|▋         | 14/200 [01:12<15:37,  5.04s/it]
  8%|▊         | 15/200 [01:17<15:40,  5.08s/it]
  8%|▊         | 16/200 [01:22<15:47,  5.15s/it]
  8%|▊         | 17/200 [01:27<15:42,  5.15s/it]
  9%|▉         | 18/200 [01:33<15:51,  5.23s/it]
 10%|▉         | 19/200 [01:38<15:53,  5.27s/it]
 10%|█         | 20/200 [01:43<15:47,  5.26s/it]
 10%|█         | 21/200 [01:48<15:27,  5.18s/it]
 11%|█         | 22/200 [01:54<15:37,  5.27s/it]
 12%|█▏        | 23/200 [01:59<15:19,  5.19s/it]
 12%|█▏        | 24/200 [02:04<15:13,  5.19s/it]
 12%|█▎        | 25/200 [02:10<15:26,  5.29s/it]
 13%|█▎        | 26/200 [02:15<15:22,  5.30s/it]
 14%|█▎        | 27/200 [02:20<14:53,  5.16s/it]
 14%|█▍        | 28/200 [02:25<14:49,  5.17s/it]
 14%|█▍        | 29/200 [02:30<14:30,  5.09s/it]
 15%|█▌        | 30/200 [02:35<14:26,  5.10s/it]
 16%|█▌        | 31/200 [02:41<14:44,  5.23s/it]
 16%|█▌        | 32/200 [02:45<14:18,  5.11s/it]
 16%|█▋        | 33/200 [02:51<14:30,  5.21s/it]
 17%|█▋        | 34/200 [02:57<14:53,  5.38s/it]
 18%|█▊        | 35/200 [03:02<14:40,  5.33s/it]
 18%|█▊        | 36/200 [03:06<13:54,  5.09s/it]
 18%|█▊        | 37/200 [03:11<13:41,  5.04s/it]
 19%|█▉        | 38/200 [03:16<13:25,  4.97s/it]
 20%|█▉        | 39/200 [03:21<13:21,  4.98s/it]
 20%|██        | 40/200 [03:26<13:09,  4.93s/it]
 20%|██        | 41/200 [03:31<13:06,  4.95s/it]
 21%|██        | 42/200 [03:36<12:51,  4.88s/it]
 22%|██▏       | 43/200 [03:41<13:08,  5.02s/it]
 22%|██▏       | 44/200 [03:46<13:07,  5.05s/it]
 22%|██▎       | 45/200 [03:51<12:52,  4.98s/it]
 23%|██▎       | 46/200 [03:56<12:59,  5.06s/it]
 24%|██▎       | 47/200 [04:02<13:37,  5.34s/it]
 24%|██▍       | 48/200 [04:08<13:40,  5.40s/it]
 24%|██▍       | 49/200 [04:13<13:29,  5.36s/it]
 25%|██▌       | 50/200 [04:18<13:16,  5.31s/it]
 26%|██▌       | 51/200 [04:23<13:03,  5.26s/it]
 26%|██▌       | 52/200 [04:28<12:40,  5.14s/it]
 26%|██▋       | 53/200 [04:34<12:49,  5.23s/it]
 27%|██▋       | 54/200 [04:40<13:33,  5.57s/it]
 28%|██▊       | 55/200 [04:46<13:40,  5.66s/it]
 28%|██▊       | 56/200 [04:51<13:01,  5.42s/it]
 28%|██▊       | 57/200 [04:56<12:36,  5.29s/it]
 29%|██▉       | 58/200 [05:01<12:33,  5.31s/it]
 30%|██▉       | 59/200 [05:06<12:21,  5.26s/it]
 30%|███       | 60/200 [05:11<12:10,  5.22s/it]
 30%|███       | 61/200 [05:17<12:35,  5.43s/it]
 31%|███       | 62/200 [05:22<12:07,  5.27s/it]
 32%|███▏      | 63/200 [05:27<11:50,  5.19s/it]
 32%|███▏      | 64/200 [05:32<11:45,  5.19s/it]
 32%|███▎      | 65/200 [05:37<11:35,  5.15s/it]
 33%|███▎      | 66/200 [05:42<11:15,  5.04s/it]
 34%|███▎      | 67/200 [05:47<11:20,  5.11s/it]
 34%|███▍      | 68/200 [05:53<11:32,  5.25s/it]
 34%|███▍      | 69/200 [05:58<11:21,  5.20s/it]
 35%|███▌      | 70/200 [06:03<11:14,  5.19s/it]
 36%|███▌      | 71/200 [06:08<10:59,  5.12s/it]
 36%|███▌      | 72/200 [06:13<10:47,  5.06s/it]
 36%|███▋      | 73/200 [06:18<10:48,  5.10s/it]
 37%|███▋      | 74/200 [06:23<10:46,  5.13s/it]
 38%|███▊      | 75/200 [06:30<11:16,  5.41s/it]
 38%|███▊      | 76/200 [06:35<11:22,  5.50s/it]
 38%|███▊      | 77/200 [06:40<11:04,  5.40s/it]
 39%|███▉      | 78/200 [06:45<10:40,  5.25s/it]
 40%|███▉      | 79/200 [06:50<10:25,  5.17s/it]
 40%|████      | 80/200 [06:55<10:03,  5.03s/it]
 40%|████      | 81/200 [07:00<09:56,  5.01s/it]
 41%|████      | 82/200 [07:05<09:53,  5.03s/it]
 42%|████▏     | 83/200 [07:10<09:42,  4.98s/it]
 42%|████▏     | 84/200 [07:15<09:43,  5.03s/it]
 42%|████▎     | 85/200 [07:20<09:47,  5.11s/it]
 43%|████▎     | 86/200 [07:26<09:49,  5.17s/it]
 44%|████▎     | 87/200 [07:31<09:45,  5.18s/it]
 44%|████▍     | 88/200 [07:36<09:48,  5.25s/it]
 44%|████▍     | 89/200 [07:42<09:51,  5.33s/it]
 45%|████▌     | 90/200 [07:47<09:35,  5.23s/it]
 46%|████▌     | 91/200 [07:52<09:24,  5.18s/it]
 46%|████▌     | 92/200 [07:57<09:04,  5.04s/it]
 46%|████▋     | 93/200 [08:01<08:48,  4.94s/it]
 47%|████▋     | 94/200 [08:07<08:52,  5.02s/it]
 48%|████▊     | 95/200 [08:11<08:38,  4.94s/it]
 48%|████▊     | 96/200 [08:16<08:37,  4.98s/it]
 48%|████▊     | 97/200 [08:21<08:29,  4.95s/it]
 49%|████▉     | 98/200 [08:26<08:28,  4.99s/it]
 50%|████▉     | 99/200 [08:31<08:21,  4.97s/it]
 50%|█████     | 100/200 [08:37<08:31,  5.12s/it]
 50%|█████     | 101/200 [08:42<08:38,  5.23s/it]
 51%|█████     | 102/200 [08:49<09:09,  5.61s/it]
 52%|█████▏    | 103/200 [08:54<09:06,  5.64s/it]
 52%|█████▏    | 104/200 [09:00<08:47,  5.50s/it]
 52%|█████▎    | 105/200 [09:04<08:23,  5.30s/it]
 53%|█████▎    | 106/200 [09:09<08:05,  5.17s/it]
 54%|█████▎    | 107/200 [09:14<07:51,  5.07s/it]
 54%|█████▍    | 108/200 [09:20<08:08,  5.31s/it]
 55%|█████▍    | 109/200 [09:26<08:16,  5.45s/it]
 55%|█████▌    | 110/200 [09:31<08:00,  5.34s/it]
 56%|█████▌    | 111/200 [09:36<07:49,  5.27s/it]
 56%|█████▌    | 112/200 [09:41<07:36,  5.19s/it]
 56%|█████▋    | 113/200 [09:46<07:24,  5.11s/it]
 57%|█████▋    | 114/200 [09:51<07:13,  5.04s/it]
 57%|█████▊    | 115/200 [09:57<07:27,  5.27s/it]
 58%|█████▊    | 116/200 [10:01<07:12,  5.15s/it]
 58%|█████▊    | 117/200 [10:07<07:08,  5.16s/it]
 59%|█████▉    | 118/200 [10:12<07:02,  5.15s/it]
 60%|█████▉    | 119/200 [10:17<06:56,  5.14s/it]
 60%|██████    | 120/200 [10:22<06:44,  5.05s/it]
 60%|██████    | 121/200 [10:27<06:37,  5.04s/it]
 61%|██████    | 122/200 [10:32<06:34,  5.05s/it]
 62%|██████▏   | 123/200 [10:37<06:29,  5.06s/it]
 62%|██████▏   | 124/200 [10:42<06:18,  4.98s/it]
 62%|██████▎   | 125/200 [10:47<06:13,  4.98s/it]
 63%|██████▎   | 126/200 [10:52<06:21,  5.15s/it]
 64%|██████▎   | 127/200 [10:57<06:18,  5.19s/it]
 64%|██████▍   | 128/200 [11:02<06:06,  5.10s/it]
 64%|██████▍   | 129/200 [11:08<06:16,  5.30s/it]
 65%|██████▌   | 130/200 [11:13<06:01,  5.16s/it]
 66%|██████▌   | 131/200 [11:18<05:55,  5.15s/it]
 66%|██████▌   | 132/200 [11:23<05:54,  5.21s/it]
 66%|██████▋   | 133/200 [11:28<05:41,  5.09s/it]
 67%|██████▋   | 134/200 [11:33<05:25,  4.93s/it]
 68%|██████▊   | 135/200 [11:38<05:24,  4.99s/it]
 68%|██████▊   | 136/200 [11:43<05:23,  5.05s/it]
 68%|██████▊   | 137/200 [11:48<05:16,  5.03s/it]
 69%|██████▉   | 138/200 [11:53<05:12,  5.04s/it]
 70%|██████▉   | 139/200 [11:59<05:20,  5.25s/it]
 70%|███████   | 140/200 [12:05<05:22,  5.37s/it]
 70%|███████   | 141/200 [12:10<05:18,  5.40s/it]
 71%|███████   | 142/200 [12:15<05:03,  5.23s/it]
 72%|███████▏  | 143/200 [12:20<04:58,  5.24s/it]
 72%|███████▏  | 144/200 [12:25<04:54,  5.26s/it]
 72%|███████▎  | 145/200 [12:31<04:47,  5.23s/it]
 73%|███████▎  | 146/200 [12:35<04:36,  5.11s/it]
 74%|███████▎  | 147/200 [12:41<04:34,  5.17s/it]
 74%|███████▍  | 148/200 [12:46<04:27,  5.15s/it]
 74%|███████▍  | 149/200 [12:51<04:20,  5.11s/it]
 75%|███████▌  | 150/200 [12:56<04:13,  5.06s/it]
 76%|███████▌  | 151/200 [13:01<04:14,  5.20s/it]
 76%|███████▌  | 152/200 [13:06<04:06,  5.13s/it]
 76%|███████▋  | 153/200 [13:11<04:01,  5.13s/it]
 77%|███████▋  | 154/200 [13:16<03:53,  5.07s/it]
 78%|███████▊  | 155/200 [13:21<03:46,  5.04s/it]
 78%|███████▊  | 156/200 [13:26<03:43,  5.07s/it]
 78%|███████▊  | 157/200 [13:32<03:38,  5.09s/it]
 79%|███████▉  | 158/200 [13:37<03:39,  5.23s/it]
 80%|███████▉  | 159/200 [13:42<03:32,  5.18s/it]
 80%|████████  | 160/200 [13:48<03:29,  5.24s/it]
 80%|████████  | 161/200 [13:53<03:25,  5.27s/it]
 81%|████████  | 162/200 [13:58<03:17,  5.20s/it]
 82%|████████▏ | 163/200 [14:03<03:08,  5.10s/it]
 82%|████████▏ | 164/200 [14:08<03:00,  5.01s/it]
 82%|████████▎ | 165/200 [14:13<02:54,  4.98s/it]
 83%|████████▎ | 166/200 [14:18<02:51,  5.06s/it]
 84%|████████▎ | 167/200 [14:23<02:45,  5.01s/it]
 84%|████████▍ | 168/200 [14:28<02:42,  5.07s/it]
 84%|████████▍ | 169/200 [14:33<02:39,  5.13s/it]
 85%|████████▌ | 170/200 [14:39<02:41,  5.39s/it]
 86%|████████▌ | 171/200 [14:45<02:41,  5.55s/it]
 86%|████████▌ | 172/200 [14:50<02:34,  5.50s/it]
 86%|████████▋ | 173/200 [14:56<02:25,  5.41s/it]
 87%|████████▋ | 174/200 [15:01<02:19,  5.36s/it]
 88%|████████▊ | 175/200 [15:06<02:09,  5.17s/it]
 88%|████████▊ | 176/200 [15:11<02:03,  5.15s/it]
 88%|████████▊ | 177/200 [15:16<02:00,  5.24s/it]
 89%|████████▉ | 178/200 [15:21<01:54,  5.20s/it]
 90%|████████▉ | 179/200 [15:27<01:50,  5.24s/it]
 90%|█████████ | 180/200 [15:32<01:43,  5.19s/it]
 90%|█████████ | 181/200 [15:37<01:39,  5.26s/it]
 91%|█████████ | 182/200 [15:43<01:35,  5.31s/it]
 92%|█████████▏| 183/200 [15:48<01:30,  5.31s/it]
 92%|█████████▏| 184/200 [15:53<01:22,  5.15s/it]
 92%|█████████▎| 185/200 [15:58<01:16,  5.09s/it]
 93%|█████████▎| 186/200 [16:03<01:10,  5.07s/it]
 94%|█████████▎| 187/200 [16:08<01:06,  5.14s/it]
 94%|█████████▍| 188/200 [16:13<01:01,  5.12s/it]
 94%|█████████▍| 189/200 [16:18<00:56,  5.13s/it]
 95%|█████████▌| 190/200 [16:23<00:50,  5.06s/it]
 96%|█████████▌| 191/200 [16:28<00:45,  5.04s/it]
 96%|█████████▌| 192/200 [16:33<00:40,  5.00s/it]
 96%|█████████▋| 193/200 [16:39<00:36,  5.24s/it]
 97%|█████████▋| 194/200 [16:44<00:31,  5.19s/it]
 98%|█████████▊| 195/200 [16:49<00:25,  5.15s/it]
 98%|█████████▊| 196/200 [16:54<00:20,  5.21s/it]
 98%|█████████▊| 197/200 [16:59<00:15,  5.17s/it]
 99%|█████████▉| 198/200 [17:04<00:10,  5.10s/it]
100%|█████████▉| 199/200 [17:09<00:05,  5.07s/it]
100%|██████████| 200/200 [17:15<00:00,  5.13s/it]
                                                 
0
1
2
3
4
5
6
7
8
9
10
11
12
13
14
15
16
17
18
19
20
21
22
23
24
25
26
27
28
29
30
31
32
33
34
35
36
37
38
39
40
41
42
43
44
45
46
47
48
49
50
51
52
53
54
55
56
57
58
59
60
61
62
63
64
65
66
67
68
69
70
71
72
73
74
75
76
77
78
79
80
81
82
83
84
85
86
87
88
89
90
91
92
93
94
95
96
97
98
99
100
101
102
103
104
105
106
107
108
109
110
111
112
113
114
115
116
117
118
119
120
121
122
123
124
125
126
127
128
129
130
131
132
133
134
135
136
137
138
139
140
141
142
143
144
145
146
147
148
149
150
151
152
153
154
155
156
157
158
159
160
161
162
163
164
165
166
167
168
169
170
171
172
173
174
175
176
177
178
179
180
181
182
183
184
185
186
187
188
189
190
191
192
193
194
195
196
197
198
199
