 
Files to read: ['../pilot-cpjump1-data/profiles/2020_11_04_CPJUMP1/BR00116995/BR00116995_normalized_feature_select_negcon.csv.gz']
Files to read: ['../pilot-cpjump1-data/profiles/2020_11_04_CPJUMP1/BR00117024/BR00117024_normalized_feature_select_negcon.csv.gz']
Files to read: ['../pilot-cpjump1-data/profiles/2020_11_04_CPJUMP1/BR00117025/BR00117025_normalized_feature_select_negcon.csv.gz']
Files to read: ['../pilot-cpjump1-data/profiles/2020_11_04_CPJUMP1/BR00117026/BR00117026_normalized_feature_select_negcon.csv.gz']
Files to read: ['../pilot-cpjump1-data/profiles/2020_11_04_CPJUMP1/BR00116997/BR00116997_normalized_feature_select_negcon.csv.gz']
Files to read: ['../pilot-cpjump1-data/profiles/2020_11_04_CPJUMP1/BR00116998/BR00116998_normalized_feature_select_negcon.csv.gz']
Files to read: ['../pilot-cpjump1-data/profiles/2020_11_04_CPJUMP1/BR00116999/BR00116999_normalized_feature_select_negcon.csv.gz']
Files to read: ['../pilot-cpjump1-data/profiles/2020_11_04_CPJUMP1/BR00116996/BR00116996_normalized_feature_select_negcon.csv.gz']
Files to read: ['../pilot-cpjump1-data/profiles/2020_11_04_CPJUMP1/BR00117022/BR00117022_normalized_feature_select_negcon.csv.gz']
Files to read: ['../pilot-cpjump1-data/profiles/2020_11_04_CPJUMP1/BR00117023/BR00117023_normalized_feature_select_negcon.csv.gz']

  0%|          | 0/200 [00:00<?, ?it/s]
  0%|          | 1/200 [00:07<25:19,  7.63s/it]
  1%|          | 2/200 [00:12<19:30,  5.91s/it]
  2%|▏         | 3/200 [00:17<17:33,  5.35s/it]
  2%|▏         | 4/200 [00:21<16:57,  5.19s/it]
  2%|▎         | 5/200 [00:26<16:32,  5.09s/it]
  3%|▎         | 6/200 [00:31<16:09,  5.00s/it]
  4%|▎         | 7/200 [00:36<15:30,  4.82s/it]
  4%|▍         | 8/200 [00:41<15:43,  4.91s/it]
  4%|▍         | 9/200 [00:46<16:21,  5.14s/it]
  5%|▌         | 10/200 [00:52<16:45,  5.29s/it]
  6%|▌         | 11/200 [00:58<16:59,  5.39s/it]
  6%|▌         | 12/200 [01:03<16:59,  5.42s/it]
  6%|▋         | 13/200 [01:09<17:07,  5.50s/it]
  7%|▋         | 14/200 [01:14<16:35,  5.35s/it]
  8%|▊         | 15/200 [01:19<15:57,  5.18s/it]
  8%|▊         | 16/200 [01:24<15:44,  5.13s/it]
  8%|▊         | 17/200 [01:29<15:27,  5.07s/it]
  9%|▉         | 18/200 [01:33<15:13,  5.02s/it]
 10%|▉         | 19/200 [01:39<15:11,  5.03s/it]
 10%|█         | 20/200 [01:43<14:56,  4.98s/it]
 10%|█         | 21/200 [01:48<14:42,  4.93s/it]
 11%|█         | 22/200 [01:53<14:24,  4.86s/it]
 12%|█▏        | 23/200 [01:58<14:35,  4.94s/it]
 12%|█▏        | 24/200 [02:03<14:33,  4.96s/it]
 12%|█▎        | 25/200 [02:08<14:29,  4.97s/it]
 13%|█▎        | 26/200 [02:13<14:44,  5.08s/it]
 14%|█▎        | 27/200 [02:18<14:39,  5.09s/it]
 14%|█▍        | 28/200 [02:23<14:21,  5.01s/it]
 14%|█▍        | 29/200 [02:28<14:06,  4.95s/it]
 15%|█▌        | 30/200 [02:33<13:58,  4.93s/it]
 16%|█▌        | 31/200 [02:38<14:12,  5.04s/it]
 16%|█▌        | 32/200 [02:44<14:39,  5.23s/it]
 16%|█▋        | 33/200 [02:49<14:34,  5.24s/it]
 17%|█▋        | 34/200 [02:54<14:12,  5.13s/it]
 18%|█▊        | 35/200 [02:59<13:51,  5.04s/it]
 18%|█▊        | 36/200 [03:04<13:44,  5.03s/it]
 18%|█▊        | 37/200 [03:09<13:41,  5.04s/it]
 19%|█▉        | 38/200 [03:14<13:46,  5.10s/it]
 20%|█▉        | 39/200 [03:19<13:38,  5.08s/it]
 20%|██        | 40/200 [03:24<13:31,  5.07s/it]
 20%|██        | 41/200 [03:29<13:29,  5.09s/it]
 21%|██        | 42/200 [03:35<13:53,  5.27s/it]
 22%|██▏       | 43/200 [03:40<13:44,  5.25s/it]
 22%|██▏       | 44/200 [03:45<13:26,  5.17s/it]
 22%|██▎       | 45/200 [03:50<13:08,  5.09s/it]
 23%|██▎       | 46/200 [03:55<13:00,  5.07s/it]
 24%|██▎       | 47/200 [04:00<12:58,  5.09s/it]
 24%|██▍       | 48/200 [04:06<13:10,  5.20s/it]
 24%|██▍       | 49/200 [04:11<13:15,  5.27s/it]
 25%|██▌       | 50/200 [04:16<13:05,  5.24s/it]
 26%|██▌       | 51/200 [04:21<12:38,  5.09s/it]
 26%|██▌       | 52/200 [04:26<12:36,  5.11s/it]
 26%|██▋       | 53/200 [04:32<12:43,  5.20s/it]
 27%|██▋       | 54/200 [04:37<12:32,  5.15s/it]
 28%|██▊       | 55/200 [04:42<12:23,  5.13s/it]
 28%|██▊       | 56/200 [04:47<12:21,  5.15s/it]
 28%|██▊       | 57/200 [04:53<12:34,  5.28s/it]
 29%|██▉       | 58/200 [04:58<12:26,  5.26s/it]
 30%|██▉       | 59/200 [05:03<12:25,  5.29s/it]
 30%|███       | 60/200 [05:08<12:10,  5.21s/it]
 30%|███       | 61/200 [05:13<11:53,  5.13s/it]
 31%|███       | 62/200 [05:19<11:55,  5.19s/it]
 32%|███▏      | 63/200 [05:24<11:52,  5.20s/it]
 32%|███▏      | 64/200 [05:29<11:44,  5.18s/it]
 32%|███▎      | 65/200 [05:34<11:30,  5.11s/it]
 33%|███▎      | 66/200 [05:39<11:35,  5.19s/it]
 34%|███▎      | 67/200 [05:45<11:34,  5.22s/it]
 34%|███▍      | 68/200 [05:49<11:13,  5.10s/it]
 34%|███▍      | 69/200 [05:54<11:00,  5.04s/it]
 35%|███▌      | 70/200 [06:00<11:21,  5.24s/it]
 36%|███▌      | 71/200 [06:06<11:34,  5.39s/it]
 36%|███▌      | 72/200 [06:11<11:32,  5.41s/it]
 36%|███▋      | 73/200 [06:17<11:46,  5.56s/it]
 37%|███▋      | 74/200 [06:23<11:45,  5.60s/it]
 38%|███▊      | 75/200 [06:28<11:45,  5.64s/it]
 38%|███▊      | 76/200 [06:34<11:18,  5.47s/it]
 38%|███▊      | 77/200 [06:39<11:08,  5.44s/it]
 39%|███▉      | 78/200 [06:44<11:01,  5.42s/it]
 40%|███▉      | 79/200 [06:49<10:35,  5.26s/it]
 40%|████      | 80/200 [06:54<10:19,  5.16s/it]
 40%|████      | 81/200 [06:59<10:21,  5.22s/it]
 41%|████      | 82/200 [07:04<10:06,  5.14s/it]
 42%|████▏     | 83/200 [07:10<10:14,  5.25s/it]
 42%|████▏     | 84/200 [07:15<10:04,  5.21s/it]
 42%|████▎     | 85/200 [07:20<10:02,  5.24s/it]
 43%|████▎     | 86/200 [07:25<09:48,  5.16s/it]
 44%|████▎     | 87/200 [07:30<09:37,  5.11s/it]
 44%|████▍     | 88/200 [07:36<09:35,  5.14s/it]
 44%|████▍     | 89/200 [07:41<09:37,  5.20s/it]
 45%|████▌     | 90/200 [07:47<10:00,  5.46s/it]
 46%|████▌     | 91/200 [07:52<09:41,  5.33s/it]
 46%|████▌     | 92/200 [07:57<09:39,  5.36s/it]
 46%|████▋     | 93/200 [08:03<09:33,  5.36s/it]
 47%|████▋     | 94/200 [08:08<09:13,  5.22s/it]
 48%|████▊     | 95/200 [08:13<09:05,  5.19s/it]
 48%|████▊     | 96/200 [08:18<09:00,  5.20s/it]
 48%|████▊     | 97/200 [08:24<09:06,  5.31s/it]
 49%|████▉     | 98/200 [08:29<09:05,  5.34s/it]
 50%|████▉     | 99/200 [08:35<09:22,  5.56s/it]
 50%|█████     | 100/200 [08:41<09:19,  5.59s/it]
 50%|█████     | 101/200 [08:46<09:09,  5.55s/it]
 51%|█████     | 102/200 [08:51<08:49,  5.40s/it]
 52%|█████▏    | 103/200 [08:57<08:47,  5.44s/it]
 52%|█████▏    | 104/200 [09:02<08:27,  5.28s/it]
 52%|█████▎    | 105/200 [09:07<08:22,  5.29s/it]
 53%|█████▎    | 106/200 [09:12<08:07,  5.18s/it]
 54%|█████▎    | 107/200 [09:18<08:16,  5.33s/it]
 54%|█████▍    | 108/200 [09:24<08:32,  5.57s/it]
 55%|█████▍    | 109/200 [09:29<08:12,  5.41s/it]
 55%|█████▌    | 110/200 [09:35<08:15,  5.51s/it]
 56%|█████▌    | 111/200 [09:39<07:53,  5.32s/it]
 56%|█████▌    | 112/200 [09:44<07:35,  5.17s/it]
 56%|█████▋    | 113/200 [09:49<07:20,  5.06s/it]
 57%|█████▋    | 114/200 [09:54<07:07,  4.97s/it]
 57%|█████▊    | 115/200 [09:58<06:54,  4.87s/it]
 58%|█████▊    | 116/200 [10:03<06:44,  4.82s/it]
 58%|█████▊    | 117/200 [10:09<06:56,  5.02s/it]
 59%|█████▉    | 118/200 [10:13<06:47,  4.97s/it]
 60%|█████▉    | 119/200 [10:19<06:46,  5.02s/it]
 60%|██████    | 120/200 [10:24<06:39,  5.00s/it]
 60%|██████    | 121/200 [10:29<06:39,  5.06s/it]
 61%|██████    | 122/200 [10:34<06:28,  4.98s/it]
 62%|██████▏   | 123/200 [10:39<06:23,  4.98s/it]
 62%|██████▏   | 124/200 [10:44<06:19,  5.00s/it]
 62%|██████▎   | 125/200 [10:48<06:13,  4.98s/it]
 63%|██████▎   | 126/200 [10:54<06:16,  5.09s/it]
 64%|██████▎   | 127/200 [10:59<06:07,  5.04s/it]
 64%|██████▍   | 128/200 [11:04<06:01,  5.02s/it]
 64%|██████▍   | 129/200 [11:09<06:01,  5.10s/it]
 65%|██████▌   | 130/200 [11:14<05:50,  5.01s/it]
 66%|██████▌   | 131/200 [11:19<05:45,  5.01s/it]
 66%|██████▌   | 132/200 [11:24<05:49,  5.14s/it]
 66%|██████▋   | 133/200 [11:29<05:37,  5.03s/it]
 67%|██████▋   | 134/200 [11:34<05:28,  4.97s/it]
 68%|██████▊   | 135/200 [11:39<05:23,  4.98s/it]
 68%|██████▊   | 136/200 [11:44<05:18,  4.97s/it]
 68%|██████▊   | 137/200 [11:49<05:15,  5.00s/it]
 69%|██████▉   | 138/200 [11:54<05:06,  4.95s/it]
 70%|██████▉   | 139/200 [11:59<05:01,  4.95s/it]
 70%|███████   | 140/200 [12:04<05:00,  5.01s/it]
 70%|███████   | 141/200 [12:09<04:59,  5.08s/it]
 71%|███████   | 142/200 [12:14<04:53,  5.06s/it]
 72%|███████▏  | 143/200 [12:19<04:49,  5.08s/it]
 72%|███████▏  | 144/200 [12:24<04:44,  5.07s/it]
 72%|███████▎  | 145/200 [12:29<04:35,  5.02s/it]
 73%|███████▎  | 146/200 [12:34<04:29,  4.98s/it]
 74%|███████▎  | 147/200 [12:39<04:23,  4.98s/it]
 74%|███████▍  | 148/200 [12:45<04:32,  5.23s/it]
 74%|███████▍  | 149/200 [12:50<04:26,  5.22s/it]
 75%|███████▌  | 150/200 [12:55<04:15,  5.12s/it]
 76%|███████▌  | 151/200 [13:00<04:08,  5.07s/it]
 76%|███████▌  | 152/200 [13:05<04:03,  5.08s/it]
 76%|███████▋  | 153/200 [13:10<04:03,  5.19s/it]
 77%|███████▋  | 154/200 [13:15<03:54,  5.10s/it]
 78%|███████▊  | 155/200 [13:20<03:47,  5.07s/it]
 78%|███████▊  | 156/200 [13:25<03:44,  5.10s/it]
 78%|███████▊  | 157/200 [13:31<03:40,  5.12s/it]
 79%|███████▉  | 158/200 [13:36<03:35,  5.13s/it]
 80%|███████▉  | 159/200 [13:41<03:34,  5.22s/it]
 80%|████████  | 160/200 [13:47<03:35,  5.39s/it]
 80%|████████  | 161/200 [13:53<03:31,  5.43s/it]
 81%|████████  | 162/200 [13:58<03:24,  5.38s/it]
 82%|████████▏ | 163/200 [14:03<03:16,  5.30s/it]
 82%|████████▏ | 164/200 [14:08<03:05,  5.16s/it]
 82%|████████▎ | 165/200 [14:13<02:59,  5.13s/it]
 83%|████████▎ | 166/200 [14:18<02:58,  5.24s/it]
 84%|████████▎ | 167/200 [14:23<02:52,  5.21s/it]
 84%|████████▍ | 168/200 [14:29<02:45,  5.18s/it]
 84%|████████▍ | 169/200 [14:34<02:40,  5.17s/it]
 85%|████████▌ | 170/200 [14:39<02:36,  5.21s/it]
 86%|████████▌ | 171/200 [14:45<02:38,  5.45s/it]
 86%|████████▌ | 172/200 [14:50<02:26,  5.22s/it]
 86%|████████▋ | 173/200 [14:54<02:16,  5.07s/it]
 87%|████████▋ | 174/200 [15:00<02:14,  5.18s/it]
 88%|████████▊ | 175/200 [15:05<02:09,  5.18s/it]
 88%|████████▊ | 176/200 [15:10<02:02,  5.12s/it]
 88%|████████▊ | 177/200 [15:15<01:56,  5.06s/it]
 89%|████████▉ | 178/200 [15:20<01:49,  4.99s/it]
 90%|████████▉ | 179/200 [15:25<01:45,  5.01s/it]
 90%|█████████ | 180/200 [15:30<01:43,  5.18s/it]
 90%|█████████ | 181/200 [15:36<01:38,  5.18s/it]
 91%|█████████ | 182/200 [15:41<01:33,  5.17s/it]
 92%|█████████▏| 183/200 [15:46<01:27,  5.14s/it]
 92%|█████████▏| 184/200 [15:51<01:20,  5.04s/it]
 92%|█████████▎| 185/200 [15:56<01:16,  5.07s/it]
 93%|█████████▎| 186/200 [16:01<01:11,  5.12s/it]
 94%|█████████▎| 187/200 [16:06<01:06,  5.13s/it]
 94%|█████████▍| 188/200 [16:12<01:03,  5.26s/it]
 94%|█████████▍| 189/200 [16:18<01:00,  5.46s/it]
 95%|█████████▌| 190/200 [16:23<00:54,  5.41s/it]
 96%|█████████▌| 191/200 [16:28<00:48,  5.44s/it]
 96%|█████████▌| 192/200 [16:34<00:42,  5.34s/it]
 96%|█████████▋| 193/200 [16:38<00:36,  5.15s/it]
 97%|█████████▋| 194/200 [16:43<00:30,  5.09s/it]
 98%|█████████▊| 195/200 [16:48<00:25,  5.05s/it]
 98%|█████████▊| 196/200 [16:53<00:20,  5.02s/it]
 98%|█████████▊| 197/200 [16:58<00:14,  4.97s/it]
 99%|█████████▉| 198/200 [17:03<00:09,  4.96s/it]
100%|█████████▉| 199/200 [17:08<00:04,  4.97s/it]
100%|██████████| 200/200 [17:13<00:00,  4.89s/it]
                                                 
0
1
2
3
4
5
6
7
8
9
10
11
12
13
14
15
16
17
18
19
20
21
22
23
24
25
26
27
28
29
30
31
32
33
34
35
36
37
38
39
40
41
42
43
44
45
46
47
48
49
50
51
52
53
54
55
56
57
58
59
60
61
62
63
64
65
66
67
68
69
70
71
72
73
74
75
76
77
78
79
80
81
82
83
84
85
86
87
88
89
90
91
92
93
94
95
96
97
98
99
100
101
102
103
104
105
106
107
108
109
110
111
112
113
114
115
116
117
118
119
120
121
122
123
124
125
126
127
128
129
130
131
132
133
134
135
136
137
138
139
140
141
142
143
144
145
146
147
148
149
150
151
152
153
154
155
156
157
158
159
160
161
162
163
164
165
166
167
168
169
170
171
172
173
174
175
176
177
178
179
180
181
182
183
184
185
186
187
188
189
190
191
192
193
194
195
196
197
198
199
