 
Files to read: ['../pilot-cpjump1-data/profiles/2020_11_04_CPJUMP1/BR00116995/BR00116995_normalized_feature_select_negcon.csv.gz']
Files to read: ['../pilot-cpjump1-data/profiles/2020_11_04_CPJUMP1/BR00117024/BR00117024_normalized_feature_select_negcon.csv.gz']
Files to read: ['../pilot-cpjump1-data/profiles/2020_11_04_CPJUMP1/BR00117025/BR00117025_normalized_feature_select_negcon.csv.gz']
Files to read: ['../pilot-cpjump1-data/profiles/2020_11_04_CPJUMP1/BR00117026/BR00117026_normalized_feature_select_negcon.csv.gz']
Files to read: ['../pilot-cpjump1-data/profiles/2020_11_04_CPJUMP1/BR00116997/BR00116997_normalized_feature_select_negcon.csv.gz']
Files to read: ['../pilot-cpjump1-data/profiles/2020_11_04_CPJUMP1/BR00116998/BR00116998_normalized_feature_select_negcon.csv.gz']
Files to read: ['../pilot-cpjump1-data/profiles/2020_11_04_CPJUMP1/BR00116999/BR00116999_normalized_feature_select_negcon.csv.gz']
Files to read: ['../pilot-cpjump1-data/profiles/2020_11_04_CPJUMP1/BR00116996/BR00116996_normalized_feature_select_negcon.csv.gz']
Files to read: ['../pilot-cpjump1-data/profiles/2020_11_04_CPJUMP1/BR00117022/BR00117022_normalized_feature_select_negcon.csv.gz']
Files to read: ['../pilot-cpjump1-data/profiles/2020_11_04_CPJUMP1/BR00117023/BR00117023_normalized_feature_select_negcon.csv.gz']

  0%|          | 0/200 [00:00<?, ?it/s]
  0%|          | 1/200 [00:04<16:22,  4.94s/it]
  1%|          | 2/200 [00:08<14:19,  4.34s/it]
  2%|▏         | 3/200 [00:12<13:42,  4.18s/it]
  2%|▏         | 4/200 [00:16<13:07,  4.02s/it]
  2%|▎         | 5/200 [00:20<12:38,  3.89s/it]
  3%|▎         | 6/200 [00:24<12:33,  3.88s/it]
  4%|▎         | 7/200 [00:28<12:30,  3.89s/it]
  4%|▍         | 8/200 [00:32<12:34,  3.93s/it]
  4%|▍         | 9/200 [00:36<12:45,  4.01s/it]
  5%|▌         | 10/200 [00:40<12:45,  4.03s/it]
  6%|▌         | 11/200 [00:44<12:37,  4.01s/it]
  6%|▌         | 12/200 [00:48<12:43,  4.06s/it]
  6%|▋         | 13/200 [00:52<12:41,  4.07s/it]
  7%|▋         | 14/200 [00:56<12:40,  4.09s/it]
  8%|▊         | 15/200 [01:00<12:32,  4.07s/it]
  8%|▊         | 16/200 [01:04<12:33,  4.10s/it]
  8%|▊         | 17/200 [01:09<12:39,  4.15s/it]
  9%|▉         | 18/200 [01:13<12:53,  4.25s/it]
 10%|▉         | 19/200 [01:17<12:32,  4.16s/it]
 10%|█         | 20/200 [01:21<12:19,  4.11s/it]
 10%|█         | 21/200 [01:25<12:08,  4.07s/it]
 11%|█         | 22/200 [01:29<12:04,  4.07s/it]
 12%|█▏        | 23/200 [01:33<12:09,  4.12s/it]
 12%|█▏        | 24/200 [01:38<12:13,  4.17s/it]
 12%|█▎        | 25/200 [01:42<12:44,  4.37s/it]
 13%|█▎        | 26/200 [01:47<12:24,  4.28s/it]
 14%|█▎        | 27/200 [01:51<12:37,  4.38s/it]
 14%|█▍        | 28/200 [01:55<12:17,  4.29s/it]
 14%|█▍        | 29/200 [01:59<11:55,  4.18s/it]
 15%|█▌        | 30/200 [02:03<11:31,  4.07s/it]
 16%|█▌        | 31/200 [02:07<11:22,  4.04s/it]
 16%|█▌        | 32/200 [02:11<11:13,  4.01s/it]
 16%|█▋        | 33/200 [02:15<10:56,  3.93s/it]
 17%|█▋        | 34/200 [02:20<11:46,  4.25s/it]
 18%|█▊        | 35/200 [02:24<11:49,  4.30s/it]
 18%|█▊        | 36/200 [02:28<11:33,  4.23s/it]
 18%|█▊        | 37/200 [02:33<11:40,  4.29s/it]
 19%|█▉        | 38/200 [02:37<11:30,  4.26s/it]
 20%|█▉        | 39/200 [02:41<11:05,  4.14s/it]
 20%|██        | 40/200 [02:44<10:45,  4.04s/it]
 20%|██        | 41/200 [02:49<10:47,  4.07s/it]
 21%|██        | 42/200 [02:53<10:52,  4.13s/it]
 22%|██▏       | 43/200 [02:57<10:42,  4.09s/it]
 22%|██▏       | 44/200 [03:01<10:34,  4.07s/it]
 22%|██▎       | 45/200 [03:06<11:05,  4.30s/it]
 23%|██▎       | 46/200 [03:10<10:49,  4.22s/it]
 24%|██▎       | 47/200 [03:14<10:46,  4.22s/it]
 24%|██▍       | 48/200 [03:18<10:42,  4.23s/it]
 24%|██▍       | 49/200 [03:22<10:16,  4.09s/it]
 25%|██▌       | 50/200 [03:26<10:06,  4.04s/it]
 26%|██▌       | 51/200 [03:30<09:52,  3.98s/it]
 26%|██▌       | 52/200 [03:34<10:01,  4.07s/it]
 26%|██▋       | 53/200 [03:38<09:45,  3.98s/it]
 27%|██▋       | 54/200 [03:42<09:59,  4.10s/it]
 28%|██▊       | 55/200 [03:47<10:08,  4.19s/it]
 28%|██▊       | 56/200 [03:51<09:58,  4.16s/it]
 28%|██▊       | 57/200 [03:55<09:48,  4.11s/it]
 29%|██▉       | 58/200 [03:59<10:04,  4.26s/it]
 30%|██▉       | 59/200 [04:03<09:50,  4.19s/it]
 30%|███       | 60/200 [04:07<09:33,  4.10s/it]
 30%|███       | 61/200 [04:12<09:46,  4.22s/it]
 31%|███       | 62/200 [04:16<09:44,  4.24s/it]
 32%|███▏      | 63/200 [04:20<09:48,  4.30s/it]
 32%|███▏      | 64/200 [04:25<09:46,  4.31s/it]
 32%|███▎      | 65/200 [04:28<09:17,  4.13s/it]
 33%|███▎      | 66/200 [04:32<08:59,  4.03s/it]
 34%|███▎      | 67/200 [04:36<08:50,  3.99s/it]
 34%|███▍      | 68/200 [04:40<08:53,  4.04s/it]
 34%|███▍      | 69/200 [04:44<08:40,  3.97s/it]
 35%|███▌      | 70/200 [04:48<08:36,  3.97s/it]
 36%|███▌      | 71/200 [04:52<08:41,  4.04s/it]
 36%|███▌      | 72/200 [04:57<08:48,  4.13s/it]
 36%|███▋      | 73/200 [05:01<08:46,  4.14s/it]
 37%|███▋      | 74/200 [05:05<08:39,  4.13s/it]
 38%|███▊      | 75/200 [05:09<08:24,  4.03s/it]
 38%|███▊      | 76/200 [05:13<08:17,  4.02s/it]
 38%|███▊      | 77/200 [05:17<08:09,  3.98s/it]
 39%|███▉      | 78/200 [05:21<08:11,  4.03s/it]
 40%|███▉      | 79/200 [05:25<08:07,  4.03s/it]
 40%|████      | 80/200 [05:29<07:59,  3.99s/it]
 40%|████      | 81/200 [05:33<07:58,  4.02s/it]
 41%|████      | 82/200 [05:37<07:58,  4.05s/it]
 42%|████▏     | 83/200 [05:41<07:53,  4.05s/it]
 42%|████▏     | 84/200 [05:45<07:42,  3.99s/it]
 42%|████▎     | 85/200 [05:49<07:34,  3.95s/it]
 43%|████▎     | 86/200 [05:53<07:33,  3.98s/it]
 44%|████▎     | 87/200 [05:57<07:32,  4.01s/it]
 44%|████▍     | 88/200 [06:01<07:50,  4.20s/it]
 44%|████▍     | 89/200 [06:06<07:47,  4.21s/it]
 45%|████▌     | 90/200 [06:10<07:42,  4.20s/it]
 46%|████▌     | 91/200 [06:15<08:01,  4.42s/it]
 46%|████▌     | 92/200 [06:19<08:07,  4.51s/it]
 46%|████▋     | 93/200 [06:23<07:47,  4.37s/it]
 47%|████▋     | 94/200 [06:27<07:29,  4.24s/it]
 48%|████▊     | 95/200 [06:31<07:09,  4.09s/it]
 48%|████▊     | 96/200 [06:35<07:11,  4.15s/it]
 48%|████▊     | 97/200 [06:40<07:08,  4.16s/it]
 49%|████▉     | 98/200 [06:44<06:58,  4.10s/it]
 50%|████▉     | 99/200 [06:47<06:47,  4.03s/it]
 50%|█████     | 100/200 [06:51<06:42,  4.03s/it]
 50%|█████     | 101/200 [06:55<06:39,  4.04s/it]
 51%|█████     | 102/200 [06:59<06:33,  4.02s/it]
 52%|█████▏    | 103/200 [07:03<06:26,  3.98s/it]
 52%|█████▏    | 104/200 [07:07<06:20,  3.97s/it]
 52%|█████▎    | 105/200 [07:11<06:18,  3.98s/it]
 53%|█████▎    | 106/200 [07:15<06:20,  4.05s/it]
 54%|█████▎    | 107/200 [07:19<06:08,  3.96s/it]
 54%|█████▍    | 108/200 [07:23<06:09,  4.01s/it]
 55%|█████▍    | 109/200 [07:27<06:02,  3.98s/it]
 55%|█████▌    | 110/200 [07:32<06:07,  4.09s/it]
 56%|█████▌    | 111/200 [07:35<05:56,  4.00s/it]
 56%|█████▌    | 112/200 [07:39<05:51,  3.99s/it]
 56%|█████▋    | 113/200 [07:43<05:43,  3.95s/it]
 57%|█████▋    | 114/200 [07:47<05:41,  3.97s/it]
 57%|█████▊    | 115/200 [07:52<05:45,  4.06s/it]
 58%|█████▊    | 116/200 [07:55<05:37,  4.01s/it]
 58%|█████▊    | 117/200 [07:59<05:30,  3.99s/it]
 59%|█████▉    | 118/200 [08:03<05:29,  4.01s/it]
 60%|█████▉    | 119/200 [08:08<05:44,  4.26s/it]
 60%|██████    | 120/200 [08:13<05:45,  4.32s/it]
 60%|██████    | 121/200 [08:17<05:31,  4.20s/it]
 61%|██████    | 122/200 [08:21<05:30,  4.24s/it]
 62%|██████▏   | 123/200 [08:25<05:21,  4.17s/it]
 62%|██████▏   | 124/200 [08:29<05:20,  4.22s/it]
 62%|██████▎   | 125/200 [08:33<05:13,  4.18s/it]
 63%|██████▎   | 126/200 [08:38<05:09,  4.18s/it]
 64%|██████▎   | 127/200 [08:42<05:00,  4.11s/it]
 64%|██████▍   | 128/200 [08:46<04:54,  4.09s/it]
 64%|██████▍   | 129/200 [08:49<04:43,  4.00s/it]
 65%|██████▌   | 130/200 [08:53<04:39,  4.00s/it]
 66%|██████▌   | 131/200 [08:57<04:35,  3.99s/it]
 66%|██████▌   | 132/200 [09:01<04:34,  4.04s/it]
 66%|██████▋   | 133/200 [09:05<04:25,  3.96s/it]
 67%|██████▋   | 134/200 [09:09<04:26,  4.03s/it]
 68%|██████▊   | 135/200 [09:14<04:31,  4.18s/it]
 68%|██████▊   | 136/200 [09:19<04:36,  4.32s/it]
 68%|██████▊   | 137/200 [09:23<04:35,  4.37s/it]
 69%|██████▉   | 138/200 [09:28<04:42,  4.55s/it]
 70%|██████▉   | 139/200 [09:32<04:34,  4.50s/it]
 70%|███████   | 140/200 [09:37<04:28,  4.48s/it]
 70%|███████   | 141/200 [09:41<04:14,  4.31s/it]
 71%|███████   | 142/200 [09:45<04:04,  4.21s/it]
 72%|███████▏  | 143/200 [09:49<03:56,  4.14s/it]
 72%|███████▏  | 144/200 [09:53<03:49,  4.10s/it]
 72%|███████▎  | 145/200 [09:57<03:43,  4.05s/it]
 73%|███████▎  | 146/200 [10:01<03:46,  4.19s/it]
 74%|███████▎  | 147/200 [10:05<03:40,  4.16s/it]
 74%|███████▍  | 148/200 [10:09<03:32,  4.09s/it]
 74%|███████▍  | 149/200 [10:13<03:27,  4.06s/it]
 75%|███████▌  | 150/200 [10:18<03:27,  4.14s/it]
 76%|███████▌  | 151/200 [10:22<03:21,  4.11s/it]
 76%|███████▌  | 152/200 [10:26<03:16,  4.09s/it]
 76%|███████▋  | 153/200 [10:30<03:16,  4.18s/it]
 77%|███████▋  | 154/200 [10:34<03:10,  4.13s/it]
 78%|███████▊  | 155/200 [10:38<03:02,  4.06s/it]
 78%|███████▊  | 156/200 [10:43<03:06,  4.23s/it]
 78%|███████▊  | 157/200 [10:47<03:05,  4.33s/it]
 79%|███████▉  | 158/200 [10:52<03:08,  4.49s/it]
 80%|███████▉  | 159/200 [10:56<02:59,  4.38s/it]
 80%|████████  | 160/200 [11:01<02:56,  4.40s/it]
 80%|████████  | 161/200 [11:04<02:44,  4.21s/it]
 81%|████████  | 162/200 [11:08<02:38,  4.16s/it]
 82%|████████▏ | 163/200 [11:13<02:35,  4.20s/it]
 82%|████████▏ | 164/200 [11:17<02:30,  4.19s/it]
 82%|████████▎ | 165/200 [11:21<02:24,  4.13s/it]
 83%|████████▎ | 166/200 [11:25<02:19,  4.09s/it]
 84%|████████▎ | 167/200 [11:29<02:15,  4.11s/it]
 84%|████████▍ | 168/200 [11:33<02:10,  4.07s/it]
 84%|████████▍ | 169/200 [11:37<02:03,  3.97s/it]
 85%|████████▌ | 170/200 [11:41<01:59,  3.98s/it]
 86%|████████▌ | 171/200 [11:45<01:56,  4.00s/it]
 86%|████████▌ | 172/200 [11:49<01:55,  4.14s/it]
 86%|████████▋ | 173/200 [11:53<01:48,  4.00s/it]
 87%|████████▋ | 174/200 [11:57<01:43,  3.99s/it]
 88%|████████▊ | 175/200 [12:01<01:42,  4.10s/it]
 88%|████████▊ | 176/200 [12:05<01:37,  4.06s/it]
 88%|████████▊ | 177/200 [12:09<01:31,  3.97s/it]
 89%|████████▉ | 178/200 [12:13<01:29,  4.05s/it]
 90%|████████▉ | 179/200 [12:18<01:27,  4.17s/it]
 90%|█████████ | 180/200 [12:22<01:25,  4.28s/it]
 90%|█████████ | 181/200 [12:26<01:20,  4.25s/it]
 91%|█████████ | 182/200 [12:31<01:16,  4.22s/it]
 92%|█████████▏| 183/200 [12:34<01:09,  4.11s/it]
 92%|█████████▏| 184/200 [12:38<01:05,  4.07s/it]
 92%|█████████▎| 185/200 [12:42<01:01,  4.09s/it]
 93%|█████████▎| 186/200 [12:46<00:56,  4.06s/it]
 94%|█████████▎| 187/200 [12:50<00:52,  4.00s/it]
 94%|█████████▍| 188/200 [12:55<00:49,  4.10s/it]
 94%|█████████▍| 189/200 [12:59<00:44,  4.03s/it]
 95%|█████████▌| 190/200 [13:02<00:40,  4.00s/it]
 96%|█████████▌| 191/200 [13:07<00:38,  4.30s/it]
 96%|█████████▌| 192/200 [13:12<00:33,  4.23s/it]
 96%|█████████▋| 193/200 [13:16<00:29,  4.18s/it]
 97%|█████████▋| 194/200 [13:20<00:24,  4.17s/it]
 98%|█████████▊| 195/200 [13:24<00:20,  4.17s/it]
 98%|█████████▊| 196/200 [13:28<00:16,  4.15s/it]
 98%|█████████▊| 197/200 [13:32<00:12,  4.07s/it]
 99%|█████████▉| 198/200 [13:36<00:07,  3.99s/it]
100%|█████████▉| 199/200 [13:40<00:03,  3.98s/it]
100%|██████████| 200/200 [13:44<00:00,  4.07s/it]
                                                 
0
1
2
3
4
5
6
7
8
9
10
11
12
13
14
15
16
17
18
19
20
21
22
23
24
25
26
27
28
29
30
31
32
33
34
35
36
37
38
39
40
41
42
43
44
45
46
47
48
49
50
51
52
53
54
55
56
57
58
59
60
61
62
63
64
65
66
67
68
69
70
71
72
73
74
75
76
77
78
79
80
81
82
83
84
85
86
87
88
89
90
91
92
93
94
95
96
97
98
99
100
101
102
103
104
105
106
107
108
109
110
111
112
113
114
115
116
117
118
119
120
121
122
123
124
125
126
127
128
129
130
131
132
133
134
135
136
137
138
139
140
141
142
143
144
145
146
147
148
149
150
151
152
153
154
155
156
157
158
159
160
161
162
163
164
165
166
167
168
169
170
171
172
173
174
175
176
177
178
179
180
181
182
183
184
185
186
187
188
189
190
191
192
193
194
195
196
197
198
199
