 
Files to read: ['../pilot-cpjump1-data/profiles/2020_11_04_CPJUMP1/BR00116995/BR00116995_normalized_feature_select_negcon.csv.gz']
Files to read: ['../pilot-cpjump1-data/profiles/2020_11_04_CPJUMP1/BR00117024/BR00117024_normalized_feature_select_negcon.csv.gz']
Files to read: ['../pilot-cpjump1-data/profiles/2020_11_04_CPJUMP1/BR00117025/BR00117025_normalized_feature_select_negcon.csv.gz']
Files to read: ['../pilot-cpjump1-data/profiles/2020_11_04_CPJUMP1/BR00117026/BR00117026_normalized_feature_select_negcon.csv.gz']
Files to read: ['../pilot-cpjump1-data/profiles/2020_11_04_CPJUMP1/BR00116997/BR00116997_normalized_feature_select_negcon.csv.gz']
Files to read: ['../pilot-cpjump1-data/profiles/2020_11_04_CPJUMP1/BR00116998/BR00116998_normalized_feature_select_negcon.csv.gz']
Files to read: ['../pilot-cpjump1-data/profiles/2020_11_04_CPJUMP1/BR00116999/BR00116999_normalized_feature_select_negcon.csv.gz']
Files to read: ['../pilot-cpjump1-data/profiles/2020_11_04_CPJUMP1/BR00116996/BR00116996_normalized_feature_select_negcon.csv.gz']
Files to read: ['../pilot-cpjump1-data/profiles/2020_11_04_CPJUMP1/BR00117022/BR00117022_normalized_feature_select_negcon.csv.gz']
Files to read: ['../pilot-cpjump1-data/profiles/2020_11_04_CPJUMP1/BR00117023/BR00117023_normalized_feature_select_negcon.csv.gz']

  0%|          | 0/200 [00:00<?, ?it/s]
  0%|          | 1/200 [00:06<21:33,  6.50s/it]
  1%|          | 2/200 [00:09<15:20,  4.65s/it]
  2%|▏         | 3/200 [00:13<13:28,  4.11s/it]
  2%|▏         | 4/200 [00:17<13:17,  4.07s/it]
  2%|▎         | 5/200 [00:22<14:40,  4.51s/it]
  3%|▎         | 6/200 [00:27<14:38,  4.53s/it]
  4%|▎         | 7/200 [00:31<14:41,  4.57s/it]
  4%|▍         | 8/200 [00:36<14:51,  4.64s/it]
  4%|▍         | 9/200 [00:40<14:09,  4.45s/it]
  5%|▌         | 10/200 [00:44<13:19,  4.21s/it]
  6%|▌         | 11/200 [00:47<12:42,  4.04s/it]
  6%|▌         | 12/200 [00:51<12:18,  3.93s/it]
  6%|▋         | 13/200 [00:55<12:17,  3.94s/it]
  7%|▋         | 14/200 [00:59<11:59,  3.87s/it]
  8%|▊         | 15/200 [01:03<11:53,  3.86s/it]
  8%|▊         | 16/200 [01:06<11:43,  3.82s/it]
  8%|▊         | 17/200 [01:10<11:32,  3.78s/it]
  9%|▉         | 18/200 [01:14<11:22,  3.75s/it]
 10%|▉         | 19/200 [01:17<11:15,  3.73s/it]
 10%|█         | 20/200 [01:21<11:10,  3.73s/it]
 10%|█         | 21/200 [01:25<11:02,  3.70s/it]
 11%|█         | 22/200 [01:29<11:12,  3.78s/it]
 12%|█▏        | 23/200 [01:33<11:41,  3.97s/it]
 12%|█▏        | 24/200 [01:37<11:23,  3.88s/it]
 12%|█▎        | 25/200 [01:41<11:11,  3.84s/it]
 13%|█▎        | 26/200 [01:45<11:14,  3.88s/it]
 14%|█▎        | 27/200 [01:48<11:09,  3.87s/it]
 14%|█▍        | 28/200 [01:52<10:55,  3.81s/it]
 14%|█▍        | 29/200 [01:56<10:53,  3.82s/it]
 15%|█▌        | 30/200 [02:00<10:42,  3.78s/it]
 16%|█▌        | 31/200 [02:03<10:25,  3.70s/it]
 16%|█▌        | 32/200 [02:07<10:25,  3.72s/it]
 16%|█▋        | 33/200 [02:11<10:18,  3.70s/it]
 17%|█▋        | 34/200 [02:15<11:14,  4.06s/it]
 18%|█▊        | 35/200 [02:19<10:47,  3.92s/it]
 18%|█▊        | 36/200 [02:23<10:40,  3.90s/it]
 18%|█▊        | 37/200 [02:27<10:27,  3.85s/it]
 19%|█▉        | 38/200 [02:30<10:10,  3.77s/it]
 20%|█▉        | 39/200 [02:34<10:12,  3.80s/it]
 20%|██        | 40/200 [02:38<09:59,  3.75s/it]
 20%|██        | 41/200 [02:41<09:49,  3.71s/it]
 21%|██        | 42/200 [02:45<09:54,  3.76s/it]
 22%|██▏       | 43/200 [02:49<09:51,  3.77s/it]
 22%|██▏       | 44/200 [02:53<10:00,  3.85s/it]
 22%|██▎       | 45/200 [02:58<10:25,  4.03s/it]
 23%|██▎       | 46/200 [03:02<10:49,  4.22s/it]
 24%|██▎       | 47/200 [03:07<11:26,  4.49s/it]
 24%|██▍       | 48/200 [03:11<11:01,  4.35s/it]
 24%|██▍       | 49/200 [03:15<10:24,  4.13s/it]
 25%|██▌       | 50/200 [03:19<10:09,  4.06s/it]
 26%|██▌       | 51/200 [03:23<10:11,  4.10s/it]
 26%|██▌       | 52/200 [03:27<10:09,  4.12s/it]
 26%|██▋       | 53/200 [03:31<09:53,  4.04s/it]
 27%|██▋       | 54/200 [03:35<10:06,  4.16s/it]
 28%|██▊       | 55/200 [03:39<09:49,  4.06s/it]
 28%|██▊       | 56/200 [03:43<09:35,  4.00s/it]
 28%|██▊       | 57/200 [03:47<09:27,  3.97s/it]
 29%|██▉       | 58/200 [03:51<09:16,  3.92s/it]
 30%|██▉       | 59/200 [03:55<09:02,  3.85s/it]
 30%|███       | 60/200 [03:58<08:53,  3.81s/it]
 30%|███       | 61/200 [04:02<08:55,  3.85s/it]
 31%|███       | 62/200 [04:07<09:15,  4.03s/it]
 32%|███▏      | 63/200 [04:11<09:06,  3.99s/it]
 32%|███▏      | 64/200 [04:15<09:05,  4.01s/it]
 32%|███▎      | 65/200 [04:18<08:50,  3.93s/it]
 33%|███▎      | 66/200 [04:22<08:36,  3.85s/it]
 34%|███▎      | 67/200 [04:26<08:22,  3.78s/it]
 34%|███▍      | 68/200 [04:29<08:16,  3.76s/it]
 34%|███▍      | 69/200 [04:33<08:10,  3.75s/it]
 35%|███▌      | 70/200 [04:37<08:04,  3.72s/it]
 36%|███▌      | 71/200 [04:40<07:58,  3.71s/it]
 36%|███▌      | 72/200 [04:44<07:54,  3.70s/it]
 36%|███▋      | 73/200 [04:48<07:46,  3.67s/it]
 37%|███▋      | 74/200 [04:51<07:44,  3.69s/it]
 38%|███▊      | 75/200 [04:56<08:03,  3.87s/it]
 38%|███▊      | 76/200 [05:00<08:13,  3.98s/it]
 38%|███▊      | 77/200 [05:04<08:09,  3.98s/it]
 39%|███▉      | 78/200 [05:08<07:55,  3.90s/it]
 40%|███▉      | 79/200 [05:11<07:42,  3.82s/it]
 40%|████      | 80/200 [05:15<07:46,  3.89s/it]
 40%|████      | 81/200 [05:19<07:49,  3.94s/it]
 41%|████      | 82/200 [05:24<08:01,  4.08s/it]
 42%|████▏     | 83/200 [05:28<07:49,  4.01s/it]
 42%|████▏     | 84/200 [05:32<07:41,  3.98s/it]
 42%|████▎     | 85/200 [05:35<07:25,  3.88s/it]
 43%|████▎     | 86/200 [05:39<07:16,  3.83s/it]
 44%|████▎     | 87/200 [05:43<07:07,  3.78s/it]
 44%|████▍     | 88/200 [05:46<07:03,  3.78s/it]
 44%|████▍     | 89/200 [05:51<07:21,  3.98s/it]
 45%|████▌     | 90/200 [05:55<07:26,  4.06s/it]
 46%|████▌     | 91/200 [05:59<07:07,  3.92s/it]
 46%|████▌     | 92/200 [06:02<07:00,  3.89s/it]
 46%|████▋     | 93/200 [06:07<07:02,  3.95s/it]
 47%|████▋     | 94/200 [06:10<06:54,  3.91s/it]
 48%|████▊     | 95/200 [06:14<06:49,  3.90s/it]
 48%|████▊     | 96/200 [06:18<06:38,  3.83s/it]
 48%|████▊     | 97/200 [06:22<06:38,  3.87s/it]
 49%|████▉     | 98/200 [06:26<06:27,  3.80s/it]
 50%|████▉     | 99/200 [06:30<06:42,  3.99s/it]
 50%|█████     | 100/200 [06:34<06:32,  3.92s/it]
 50%|█████     | 101/200 [06:37<06:22,  3.86s/it]
 51%|█████     | 102/200 [06:41<06:19,  3.87s/it]
 52%|█████▏    | 103/200 [06:45<06:08,  3.80s/it]
 52%|█████▏    | 104/200 [06:49<06:06,  3.82s/it]
 52%|█████▎    | 105/200 [06:52<05:53,  3.72s/it]
 53%|█████▎    | 106/200 [06:56<05:55,  3.78s/it]
 54%|█████▎    | 107/200 [07:00<05:51,  3.78s/it]
 54%|█████▍    | 108/200 [07:04<05:45,  3.76s/it]
 55%|█████▍    | 109/200 [07:07<05:41,  3.75s/it]
 55%|█████▌    | 110/200 [07:11<05:39,  3.77s/it]
 56%|█████▌    | 111/200 [07:15<05:34,  3.76s/it]
 56%|█████▌    | 112/200 [07:19<05:29,  3.75s/it]
 56%|█████▋    | 113/200 [07:22<05:23,  3.72s/it]
 57%|█████▋    | 114/200 [07:26<05:18,  3.71s/it]
 57%|█████▊    | 115/200 [07:30<05:21,  3.78s/it]
 58%|█████▊    | 116/200 [07:34<05:26,  3.88s/it]
 58%|█████▊    | 117/200 [07:38<05:13,  3.77s/it]
 59%|█████▉    | 118/200 [07:42<05:18,  3.88s/it]
 60%|█████▉    | 119/200 [07:46<05:12,  3.86s/it]
 60%|██████    | 120/200 [07:49<05:09,  3.87s/it]
 60%|██████    | 121/200 [07:53<04:57,  3.77s/it]
 61%|██████    | 122/200 [07:57<04:51,  3.73s/it]
 62%|██████▏   | 123/200 [08:01<04:53,  3.81s/it]
 62%|██████▏   | 124/200 [08:04<04:47,  3.79s/it]
 62%|██████▎   | 125/200 [08:08<04:41,  3.76s/it]
 63%|██████▎   | 126/200 [08:12<04:41,  3.80s/it]
 64%|██████▎   | 127/200 [08:16<04:53,  4.01s/it]
 64%|██████▍   | 128/200 [08:21<04:58,  4.14s/it]
 64%|██████▍   | 129/200 [08:26<05:06,  4.31s/it]
 65%|██████▌   | 130/200 [08:30<04:59,  4.28s/it]
 66%|██████▌   | 131/200 [08:34<04:46,  4.15s/it]
 66%|██████▌   | 132/200 [08:38<04:46,  4.21s/it]
 66%|██████▋   | 133/200 [08:42<04:30,  4.04s/it]
 67%|██████▋   | 134/200 [08:46<04:22,  3.97s/it]
 68%|██████▊   | 135/200 [08:49<04:13,  3.90s/it]
 68%|██████▊   | 136/200 [08:53<04:08,  3.88s/it]
 68%|██████▊   | 137/200 [08:57<04:01,  3.84s/it]
 69%|██████▉   | 138/200 [09:01<04:00,  3.88s/it]
 70%|██████▉   | 139/200 [09:04<03:49,  3.76s/it]
 70%|███████   | 140/200 [09:08<03:46,  3.78s/it]
 70%|███████   | 141/200 [09:12<03:44,  3.81s/it]
 71%|███████   | 142/200 [09:16<03:41,  3.81s/it]
 72%|███████▏  | 143/200 [09:20<03:41,  3.88s/it]
 72%|███████▏  | 144/200 [09:24<03:36,  3.87s/it]
 72%|███████▎  | 145/200 [09:27<03:30,  3.82s/it]
 73%|███████▎  | 146/200 [09:31<03:26,  3.83s/it]
 74%|███████▎  | 147/200 [09:36<03:31,  3.99s/it]
 74%|███████▍  | 148/200 [09:39<03:21,  3.87s/it]
 74%|███████▍  | 149/200 [09:44<03:28,  4.09s/it]
 75%|███████▌  | 150/200 [09:48<03:20,  4.02s/it]
 76%|███████▌  | 151/200 [09:51<03:12,  3.92s/it]
 76%|███████▌  | 152/200 [09:55<03:09,  3.95s/it]
 76%|███████▋  | 153/200 [09:59<03:04,  3.92s/it]
 77%|███████▋  | 154/200 [10:03<02:58,  3.88s/it]
 78%|███████▊  | 155/200 [10:07<02:54,  3.89s/it]
 78%|███████▊  | 156/200 [10:11<02:51,  3.90s/it]
 78%|███████▊  | 157/200 [10:15<02:46,  3.88s/it]
 79%|███████▉  | 158/200 [10:19<02:48,  4.00s/it]
 80%|███████▉  | 159/200 [10:23<02:46,  4.06s/it]
 80%|████████  | 160/200 [10:27<02:45,  4.15s/it]
 80%|████████  | 161/200 [10:32<02:41,  4.14s/it]
 81%|████████  | 162/200 [10:36<02:39,  4.20s/it]
 82%|████████▏ | 163/200 [10:40<02:34,  4.18s/it]
 82%|████████▏ | 164/200 [10:44<02:30,  4.18s/it]
 82%|████████▎ | 165/200 [10:48<02:24,  4.13s/it]
 83%|████████▎ | 166/200 [10:53<02:25,  4.28s/it]
 84%|████████▎ | 167/200 [10:57<02:24,  4.37s/it]
 84%|████████▍ | 168/200 [11:02<02:19,  4.36s/it]
 84%|████████▍ | 169/200 [11:06<02:16,  4.39s/it]
 85%|████████▌ | 170/200 [11:10<02:07,  4.24s/it]
 86%|████████▌ | 171/200 [11:14<02:03,  4.26s/it]
 86%|████████▌ | 172/200 [11:18<01:53,  4.06s/it]
 86%|████████▋ | 173/200 [11:22<01:45,  3.92s/it]
 87%|████████▋ | 174/200 [11:26<01:43,  3.96s/it]
 88%|████████▊ | 175/200 [11:30<01:37,  3.91s/it]
 88%|████████▊ | 176/200 [11:33<01:32,  3.87s/it]
 88%|████████▊ | 177/200 [11:37<01:28,  3.85s/it]
 89%|████████▉ | 178/200 [11:41<01:23,  3.79s/it]
 90%|████████▉ | 179/200 [11:45<01:20,  3.86s/it]
 90%|█████████ | 180/200 [11:49<01:17,  3.86s/it]
 90%|█████████ | 181/200 [11:53<01:14,  3.90s/it]
 91%|█████████ | 182/200 [11:56<01:09,  3.87s/it]
 92%|█████████▏| 183/200 [12:01<01:06,  3.94s/it]
 92%|█████████▏| 184/200 [12:04<01:02,  3.88s/it]
 92%|█████████▎| 185/200 [12:08<00:58,  3.87s/it]
 93%|█████████▎| 186/200 [12:13<00:56,  4.04s/it]
 94%|█████████▎| 187/200 [12:17<00:53,  4.11s/it]
 94%|█████████▍| 188/200 [12:21<00:48,  4.07s/it]
 94%|█████████▍| 189/200 [12:24<00:43,  3.96s/it]
 95%|█████████▌| 190/200 [12:28<00:39,  3.95s/it]
 96%|█████████▌| 191/200 [12:32<00:35,  3.91s/it]
 96%|█████████▌| 192/200 [12:36<00:31,  3.93s/it]
 96%|█████████▋| 193/200 [12:40<00:27,  3.96s/it]
 97%|█████████▋| 194/200 [12:44<00:23,  4.00s/it]
 98%|█████████▊| 195/200 [12:48<00:19,  3.99s/it]
 98%|█████████▊| 196/200 [12:52<00:16,  4.01s/it]
 98%|█████████▊| 197/200 [12:56<00:11,  3.91s/it]
 99%|█████████▉| 198/200 [13:00<00:07,  3.86s/it]
100%|█████████▉| 199/200 [13:04<00:03,  3.99s/it]
100%|██████████| 200/200 [13:09<00:00,  4.12s/it]
                                                 
0
1
2
3
4
5
6
7
8
9
10
11
12
13
14
15
16
17
18
19
20
21
22
23
24
25
26
27
28
29
30
31
32
33
34
35
36
37
38
39
40
41
42
43
44
45
46
47
48
49
50
51
52
53
54
55
56
57
58
59
60
61
62
63
64
65
66
67
68
69
70
71
72
73
74
75
76
77
78
79
80
81
82
83
84
85
86
87
88
89
90
91
92
93
94
95
96
97
98
99
100
101
102
103
104
105
106
107
108
109
110
111
112
113
114
115
116
117
118
119
120
121
122
123
124
125
126
127
128
129
130
131
132
133
134
135
136
137
138
139
140
141
142
143
144
145
146
147
148
149
150
151
152
153
154
155
156
157
158
159
160
161
162
163
164
165
166
167
168
169
170
171
172
173
174
175
176
177
178
179
180
181
182
183
184
185
186
187
188
189
190
191
192
193
194
195
196
197
198
199
