 
Files to read: ['../pilot-cpjump1-data/profiles/2020_11_04_CPJUMP1/BR00116995/BR00116995_normalized_feature_select_negcon.csv.gz']
Files to read: ['../pilot-cpjump1-data/profiles/2020_11_04_CPJUMP1/BR00117024/BR00117024_normalized_feature_select_negcon.csv.gz']
Files to read: ['../pilot-cpjump1-data/profiles/2020_11_04_CPJUMP1/BR00117025/BR00117025_normalized_feature_select_negcon.csv.gz']
Files to read: ['../pilot-cpjump1-data/profiles/2020_11_04_CPJUMP1/BR00117026/BR00117026_normalized_feature_select_negcon.csv.gz']
Files to read: ['../pilot-cpjump1-data/profiles/2020_11_04_CPJUMP1/BR00116997/BR00116997_normalized_feature_select_negcon.csv.gz']
Files to read: ['../pilot-cpjump1-data/profiles/2020_11_04_CPJUMP1/BR00116998/BR00116998_normalized_feature_select_negcon.csv.gz']
Files to read: ['../pilot-cpjump1-data/profiles/2020_11_04_CPJUMP1/BR00116999/BR00116999_normalized_feature_select_negcon.csv.gz']
Files to read: ['../pilot-cpjump1-data/profiles/2020_11_04_CPJUMP1/BR00116996/BR00116996_normalized_feature_select_negcon.csv.gz']
Files to read: ['../pilot-cpjump1-data/profiles/2020_11_04_CPJUMP1/BR00117022/BR00117022_normalized_feature_select_negcon.csv.gz']
Files to read: ['../pilot-cpjump1-data/profiles/2020_11_04_CPJUMP1/BR00117023/BR00117023_normalized_feature_select_negcon.csv.gz']

  0%|          | 0/200 [00:00<?, ?it/s]
  0%|          | 1/200 [00:06<21:22,  6.45s/it]
  1%|          | 2/200 [00:11<18:22,  5.57s/it]
  2%|▏         | 3/200 [00:16<18:10,  5.53s/it]
  2%|▏         | 4/200 [00:22<17:37,  5.40s/it]
  2%|▎         | 5/200 [00:27<17:10,  5.28s/it]
  3%|▎         | 6/200 [00:32<16:44,  5.18s/it]
  4%|▎         | 7/200 [00:36<16:10,  5.03s/it]
  4%|▍         | 8/200 [00:41<15:35,  4.87s/it]
  4%|▍         | 9/200 [00:46<15:17,  4.80s/it]
  5%|▌         | 10/200 [00:50<15:12,  4.80s/it]
  6%|▌         | 11/200 [00:55<15:00,  4.76s/it]
  6%|▌         | 12/200 [01:00<14:50,  4.74s/it]
  6%|▋         | 13/200 [01:04<14:36,  4.69s/it]
  7%|▋         | 14/200 [01:09<14:31,  4.69s/it]
  8%|▊         | 15/200 [01:14<14:31,  4.71s/it]
  8%|▊         | 16/200 [01:18<14:24,  4.70s/it]
  8%|▊         | 17/200 [01:23<14:30,  4.76s/it]
  9%|▉         | 18/200 [01:28<14:17,  4.71s/it]
 10%|▉         | 19/200 [01:33<14:15,  4.72s/it]
 10%|█         | 20/200 [01:38<14:24,  4.80s/it]
 10%|█         | 21/200 [01:43<14:51,  4.98s/it]
 11%|█         | 22/200 [01:49<15:24,  5.20s/it]
 12%|█▏        | 23/200 [01:54<15:39,  5.31s/it]
 12%|█▏        | 24/200 [01:59<15:25,  5.26s/it]
 12%|█▎        | 25/200 [02:05<15:15,  5.23s/it]
 13%|█▎        | 26/200 [02:10<15:12,  5.25s/it]
 14%|█▎        | 27/200 [02:15<15:01,  5.21s/it]
 14%|█▍        | 28/200 [02:20<14:54,  5.20s/it]
 14%|█▍        | 29/200 [02:25<14:39,  5.14s/it]
 15%|█▌        | 30/200 [02:30<14:30,  5.12s/it]
 16%|█▌        | 31/200 [02:35<14:03,  4.99s/it]
 16%|█▌        | 32/200 [02:40<13:46,  4.92s/it]
 16%|█▋        | 33/200 [02:45<13:54,  5.00s/it]
 17%|█▋        | 34/200 [02:50<13:59,  5.06s/it]
 18%|█▊        | 35/200 [02:55<13:55,  5.06s/it]
 18%|█▊        | 36/200 [03:00<13:52,  5.08s/it]
 18%|█▊        | 37/200 [03:05<13:37,  5.01s/it]
 19%|█▉        | 38/200 [03:11<14:07,  5.23s/it]
 20%|█▉        | 39/200 [03:16<14:08,  5.27s/it]
 20%|██        | 40/200 [03:21<13:34,  5.09s/it]
 20%|██        | 41/200 [03:25<13:05,  4.94s/it]
 21%|██        | 42/200 [03:30<12:43,  4.83s/it]
 22%|██▏       | 43/200 [03:35<12:53,  4.92s/it]
 22%|██▏       | 44/200 [03:40<12:58,  4.99s/it]
 22%|██▎       | 45/200 [03:45<12:44,  4.93s/it]
 23%|██▎       | 46/200 [03:50<12:24,  4.84s/it]
 24%|██▎       | 47/200 [03:55<12:20,  4.84s/it]
 24%|██▍       | 48/200 [03:59<12:10,  4.81s/it]
 24%|██▍       | 49/200 [04:04<12:09,  4.83s/it]
 25%|██▌       | 50/200 [04:09<12:05,  4.84s/it]
 26%|██▌       | 51/200 [04:14<11:54,  4.80s/it]
 26%|██▌       | 52/200 [04:18<11:44,  4.76s/it]
 26%|██▋       | 53/200 [04:23<11:37,  4.74s/it]
 27%|██▋       | 54/200 [04:28<11:33,  4.75s/it]
 28%|██▊       | 55/200 [04:33<12:01,  4.97s/it]
 28%|██▊       | 56/200 [04:38<11:53,  4.96s/it]
 28%|██▊       | 57/200 [04:43<11:36,  4.87s/it]
 29%|██▉       | 58/200 [04:48<11:26,  4.83s/it]
 30%|██▉       | 59/200 [04:52<11:11,  4.76s/it]
 30%|███       | 60/200 [04:57<10:56,  4.69s/it]
 30%|███       | 61/200 [05:02<10:52,  4.69s/it]
 31%|███       | 62/200 [05:07<11:13,  4.88s/it]
 32%|███▏      | 63/200 [05:12<11:06,  4.86s/it]
 32%|███▏      | 64/200 [05:16<10:51,  4.79s/it]
 32%|███▎      | 65/200 [05:21<10:35,  4.70s/it]
 33%|███▎      | 66/200 [05:26<10:37,  4.76s/it]
 34%|███▎      | 67/200 [05:31<10:45,  4.86s/it]
 34%|███▍      | 68/200 [05:35<10:33,  4.80s/it]
 34%|███▍      | 69/200 [05:40<10:30,  4.81s/it]
 35%|███▌      | 70/200 [05:45<10:18,  4.75s/it]
 36%|███▌      | 71/200 [05:50<10:07,  4.71s/it]
 36%|███▌      | 72/200 [05:55<10:25,  4.89s/it]
 36%|███▋      | 73/200 [06:00<10:11,  4.81s/it]
 37%|███▋      | 74/200 [06:04<10:07,  4.82s/it]
 38%|███▊      | 75/200 [06:09<09:58,  4.78s/it]
 38%|███▊      | 76/200 [06:14<09:53,  4.79s/it]
 38%|███▊      | 77/200 [06:19<09:46,  4.77s/it]
 39%|███▉      | 78/200 [06:23<09:38,  4.74s/it]
 40%|███▉      | 79/200 [06:28<09:41,  4.80s/it]
 40%|████      | 80/200 [06:33<09:25,  4.71s/it]
 40%|████      | 81/200 [06:37<09:19,  4.71s/it]
 41%|████      | 82/200 [06:42<09:14,  4.70s/it]
 42%|████▏     | 83/200 [06:47<09:13,  4.73s/it]
 42%|████▏     | 84/200 [06:53<09:55,  5.13s/it]
 42%|████▎     | 85/200 [06:58<09:58,  5.20s/it]
 43%|████▎     | 86/200 [07:03<09:41,  5.10s/it]
 44%|████▎     | 87/200 [07:08<09:22,  4.98s/it]
 44%|████▍     | 88/200 [07:13<09:06,  4.88s/it]
 44%|████▍     | 89/200 [07:17<08:54,  4.81s/it]
 45%|████▌     | 90/200 [07:22<08:44,  4.77s/it]
 46%|████▌     | 91/200 [07:26<08:33,  4.71s/it]
 46%|████▌     | 92/200 [07:31<08:24,  4.67s/it]
 46%|████▋     | 93/200 [07:36<08:15,  4.63s/it]
 47%|████▋     | 94/200 [07:40<08:10,  4.63s/it]
 48%|████▊     | 95/200 [07:45<08:05,  4.63s/it]
 48%|████▊     | 96/200 [07:49<08:01,  4.63s/it]
 48%|████▊     | 97/200 [07:54<07:54,  4.61s/it]
 49%|████▉     | 98/200 [07:59<07:48,  4.60s/it]
 50%|████▉     | 99/200 [08:03<07:48,  4.64s/it]
 50%|█████     | 100/200 [08:08<07:50,  4.71s/it]
 50%|█████     | 101/200 [08:13<07:46,  4.71s/it]
 51%|█████     | 102/200 [08:18<07:53,  4.84s/it]
 52%|█████▏    | 103/200 [08:23<07:56,  4.92s/it]
 52%|█████▏    | 104/200 [08:28<07:47,  4.87s/it]
 52%|█████▎    | 105/200 [08:32<07:35,  4.79s/it]
 53%|█████▎    | 106/200 [08:37<07:32,  4.82s/it]
 54%|█████▎    | 107/200 [08:42<07:20,  4.73s/it]
 54%|█████▍    | 108/200 [08:47<07:15,  4.74s/it]
 55%|█████▍    | 109/200 [08:52<07:20,  4.84s/it]
 55%|█████▌    | 110/200 [08:57<07:33,  5.03s/it]
 56%|█████▌    | 111/200 [09:02<07:14,  4.88s/it]
 56%|█████▌    | 112/200 [09:07<07:22,  5.03s/it]
 56%|█████▋    | 113/200 [09:12<07:21,  5.07s/it]
 57%|█████▋    | 114/200 [09:18<07:31,  5.25s/it]
 57%|█████▊    | 115/200 [09:23<07:27,  5.27s/it]
 58%|█████▊    | 116/200 [09:28<07:16,  5.20s/it]
 58%|█████▊    | 117/200 [09:33<07:09,  5.17s/it]
 59%|█████▉    | 118/200 [09:39<07:04,  5.18s/it]
 60%|█████▉    | 119/200 [09:44<07:03,  5.23s/it]
 60%|██████    | 120/200 [09:49<06:48,  5.10s/it]
 60%|██████    | 121/200 [09:53<06:31,  4.96s/it]
 61%|██████    | 122/200 [09:58<06:21,  4.89s/it]
 62%|██████▏   | 123/200 [10:03<06:12,  4.84s/it]
 62%|██████▏   | 124/200 [10:08<06:11,  4.88s/it]
 62%|██████▎   | 125/200 [10:13<06:11,  4.95s/it]
 63%|██████▎   | 126/200 [10:18<06:01,  4.88s/it]
 64%|██████▎   | 127/200 [10:23<06:16,  5.15s/it]
 64%|██████▍   | 128/200 [10:29<06:16,  5.23s/it]
 64%|██████▍   | 129/200 [10:34<06:04,  5.13s/it]
 65%|██████▌   | 130/200 [10:40<06:16,  5.37s/it]
 66%|██████▌   | 131/200 [10:45<06:12,  5.40s/it]
 66%|██████▌   | 132/200 [10:50<06:02,  5.32s/it]
 66%|██████▋   | 133/200 [10:55<05:43,  5.12s/it]
 67%|██████▋   | 134/200 [11:00<05:27,  4.97s/it]
 68%|██████▊   | 135/200 [11:04<05:17,  4.88s/it]
 68%|██████▊   | 136/200 [11:09<05:06,  4.79s/it]
 68%|██████▊   | 137/200 [11:14<05:12,  4.97s/it]
 69%|██████▉   | 138/200 [11:20<05:17,  5.11s/it]
 70%|██████▉   | 139/200 [11:25<05:09,  5.08s/it]
 70%|███████   | 140/200 [11:29<05:00,  5.01s/it]
 70%|███████   | 141/200 [11:34<04:52,  4.96s/it]
 71%|███████   | 142/200 [11:39<04:41,  4.85s/it]
 72%|███████▏  | 143/200 [11:44<04:36,  4.85s/it]
 72%|███████▏  | 144/200 [11:49<04:31,  4.85s/it]
 72%|███████▎  | 145/200 [11:53<04:24,  4.81s/it]
 73%|███████▎  | 146/200 [11:59<04:26,  4.94s/it]
 74%|███████▎  | 147/200 [12:03<04:20,  4.91s/it]
 74%|███████▍  | 148/200 [12:10<04:34,  5.27s/it]
 74%|███████▍  | 149/200 [12:14<04:21,  5.13s/it]
 75%|███████▌  | 150/200 [12:19<04:15,  5.11s/it]
 76%|███████▌  | 151/200 [12:24<04:07,  5.04s/it]
 76%|███████▌  | 152/200 [12:29<03:57,  4.95s/it]
 76%|███████▋  | 153/200 [12:34<03:46,  4.83s/it]
 77%|███████▋  | 154/200 [12:38<03:37,  4.73s/it]
 78%|███████▊  | 155/200 [12:42<03:27,  4.62s/it]
 78%|███████▊  | 156/200 [12:47<03:26,  4.68s/it]
 78%|███████▊  | 157/200 [12:52<03:25,  4.79s/it]
 79%|███████▉  | 158/200 [12:58<03:27,  4.94s/it]
 80%|███████▉  | 159/200 [13:02<03:21,  4.92s/it]
 80%|████████  | 160/200 [13:08<03:21,  5.05s/it]
 80%|████████  | 161/200 [13:13<03:14,  4.99s/it]
 81%|████████  | 162/200 [13:17<03:05,  4.89s/it]
 82%|████████▏ | 163/200 [13:22<02:59,  4.85s/it]
 82%|████████▏ | 164/200 [13:27<02:57,  4.93s/it]
 82%|████████▎ | 165/200 [13:32<02:54,  4.98s/it]
 83%|████████▎ | 166/200 [13:38<02:52,  5.07s/it]
 84%|████████▎ | 167/200 [13:43<02:48,  5.11s/it]
 84%|████████▍ | 168/200 [13:48<02:44,  5.13s/it]
 84%|████████▍ | 169/200 [13:53<02:40,  5.18s/it]
 85%|████████▌ | 170/200 [13:59<02:36,  5.22s/it]
 86%|████████▌ | 171/200 [14:04<02:32,  5.27s/it]
 86%|████████▌ | 172/200 [14:09<02:27,  5.27s/it]
 86%|████████▋ | 173/200 [14:15<02:24,  5.37s/it]
 87%|████████▋ | 174/200 [14:20<02:19,  5.35s/it]
 88%|████████▊ | 175/200 [14:26<02:15,  5.44s/it]
 88%|████████▊ | 176/200 [14:31<02:12,  5.51s/it]
 88%|████████▊ | 177/200 [14:37<02:04,  5.41s/it]
 89%|████████▉ | 178/200 [14:42<01:57,  5.36s/it]
 90%|████████▉ | 179/200 [14:47<01:51,  5.31s/it]
 90%|█████████ | 180/200 [14:52<01:46,  5.31s/it]
 90%|█████████ | 181/200 [14:58<01:44,  5.50s/it]
 91%|█████████ | 182/200 [15:04<01:38,  5.45s/it]
 92%|█████████▏| 183/200 [15:09<01:30,  5.35s/it]
 92%|█████████▏| 184/200 [15:14<01:24,  5.31s/it]
 92%|█████████▎| 185/200 [15:19<01:19,  5.27s/it]
 93%|█████████▎| 186/200 [15:24<01:14,  5.29s/it]
 94%|█████████▎| 187/200 [15:30<01:08,  5.28s/it]
 94%|█████████▍| 188/200 [15:35<01:03,  5.33s/it]
 94%|█████████▍| 189/200 [15:41<00:58,  5.33s/it]
 95%|█████████▌| 190/200 [15:46<00:53,  5.37s/it]
 96%|█████████▌| 191/200 [15:51<00:47,  5.26s/it]
 96%|█████████▌| 192/200 [15:56<00:42,  5.27s/it]
 96%|█████████▋| 193/200 [16:02<00:36,  5.28s/it]
 97%|█████████▋| 194/200 [16:07<00:31,  5.33s/it]
 98%|█████████▊| 195/200 [16:12<00:26,  5.25s/it]
 98%|█████████▊| 196/200 [16:17<00:20,  5.14s/it]
 98%|█████████▊| 197/200 [16:22<00:15,  5.08s/it]
 99%|█████████▉| 198/200 [16:27<00:10,  5.10s/it]
100%|█████████▉| 199/200 [16:32<00:05,  5.06s/it]
100%|██████████| 200/200 [16:37<00:00,  4.99s/it]
                                                 
0
1
2
3
4
5
6
7
8
9
10
11
12
13
14
15
16
17
18
19
20
21
22
23
24
25
26
27
28
29
30
31
32
33
34
35
36
37
38
39
40
41
42
43
44
45
46
47
48
49
50
51
52
53
54
55
56
57
58
59
60
61
62
63
64
65
66
67
68
69
70
71
72
73
74
75
76
77
78
79
80
81
82
83
84
85
86
87
88
89
90
91
92
93
94
95
96
97
98
99
100
101
102
103
104
105
106
107
108
109
110
111
112
113
114
115
116
117
118
119
120
121
122
123
124
125
126
127
128
129
130
131
132
133
134
135
136
137
138
139
140
141
142
143
144
145
146
147
148
149
150
151
152
153
154
155
156
157
158
159
160
161
162
163
164
165
166
167
168
169
170
171
172
173
174
175
176
177
178
179
180
181
182
183
184
185
186
187
188
189
190
191
192
193
194
195
196
197
198
199
