 
Files to read: ['../pilot-cpjump1-data/profiles/2020_11_04_CPJUMP1/BR00116995/BR00116995_normalized_feature_select_negcon.csv.gz']
Files to read: ['../pilot-cpjump1-data/profiles/2020_11_04_CPJUMP1/BR00117024/BR00117024_normalized_feature_select_negcon.csv.gz']
Files to read: ['../pilot-cpjump1-data/profiles/2020_11_04_CPJUMP1/BR00117025/BR00117025_normalized_feature_select_negcon.csv.gz']
Files to read: ['../pilot-cpjump1-data/profiles/2020_11_04_CPJUMP1/BR00117026/BR00117026_normalized_feature_select_negcon.csv.gz']
Files to read: ['../pilot-cpjump1-data/profiles/2020_11_04_CPJUMP1/BR00116997/BR00116997_normalized_feature_select_negcon.csv.gz']
Files to read: ['../pilot-cpjump1-data/profiles/2020_11_04_CPJUMP1/BR00116998/BR00116998_normalized_feature_select_negcon.csv.gz']
Files to read: ['../pilot-cpjump1-data/profiles/2020_11_04_CPJUMP1/BR00116999/BR00116999_normalized_feature_select_negcon.csv.gz']
Files to read: ['../pilot-cpjump1-data/profiles/2020_11_04_CPJUMP1/BR00116996/BR00116996_normalized_feature_select_negcon.csv.gz']
Files to read: ['../pilot-cpjump1-data/profiles/2020_11_04_CPJUMP1/BR00117022/BR00117022_normalized_feature_select_negcon.csv.gz']
Files to read: ['../pilot-cpjump1-data/profiles/2020_11_04_CPJUMP1/BR00117023/BR00117023_normalized_feature_select_negcon.csv.gz']

  0%|          | 0/200 [00:00<?, ?it/s]
  0%|          | 1/200 [00:07<24:59,  7.53s/it]
  1%|          | 2/200 [00:12<20:18,  6.15s/it]
  2%|▏         | 3/200 [00:18<19:49,  6.04s/it]
  2%|▏         | 4/200 [00:23<18:25,  5.64s/it]
  2%|▎         | 5/200 [00:29<18:17,  5.63s/it]
  3%|▎         | 6/200 [00:34<18:14,  5.64s/it]
  4%|▎         | 7/200 [00:39<17:01,  5.29s/it]
  4%|▍         | 8/200 [00:44<16:49,  5.26s/it]
  4%|▍         | 9/200 [00:50<17:14,  5.42s/it]
  5%|▌         | 10/200 [00:55<16:58,  5.36s/it]
  6%|▌         | 11/200 [01:01<16:54,  5.37s/it]
  6%|▌         | 12/200 [01:06<17:06,  5.46s/it]
  6%|▋         | 13/200 [01:13<18:07,  5.82s/it]
  7%|▋         | 14/200 [01:18<17:33,  5.66s/it]
  8%|▊         | 15/200 [01:24<17:21,  5.63s/it]
  8%|▊         | 16/200 [01:29<17:09,  5.59s/it]
  8%|▊         | 17/200 [01:35<17:21,  5.69s/it]
  9%|▉         | 18/200 [01:41<17:00,  5.61s/it]
 10%|▉         | 19/200 [01:46<17:04,  5.66s/it]
 10%|█         | 20/200 [01:52<16:34,  5.52s/it]
 10%|█         | 21/200 [01:57<16:17,  5.46s/it]
 11%|█         | 22/200 [02:02<16:07,  5.44s/it]
 12%|█▏        | 23/200 [02:08<16:04,  5.45s/it]
 12%|█▏        | 24/200 [02:13<15:54,  5.42s/it]
 12%|█▎        | 25/200 [02:18<15:35,  5.35s/it]
 13%|█▎        | 26/200 [02:23<15:13,  5.25s/it]
 14%|█▎        | 27/200 [02:29<15:20,  5.32s/it]
 14%|█▍        | 28/200 [02:34<15:19,  5.35s/it]
 14%|█▍        | 29/200 [02:40<15:31,  5.45s/it]
 15%|█▌        | 30/200 [02:46<15:38,  5.52s/it]
 16%|█▌        | 31/200 [02:51<15:28,  5.50s/it]
 16%|█▌        | 32/200 [02:57<15:25,  5.51s/it]
 16%|█▋        | 33/200 [03:02<15:18,  5.50s/it]
 17%|█▋        | 34/200 [03:08<15:23,  5.56s/it]
 18%|█▊        | 35/200 [03:13<15:19,  5.58s/it]
 18%|█▊        | 36/200 [03:19<15:38,  5.72s/it]
 18%|█▊        | 37/200 [03:25<15:49,  5.83s/it]
 19%|█▉        | 38/200 [03:31<15:13,  5.64s/it]
 20%|█▉        | 39/200 [03:36<15:04,  5.62s/it]
 20%|██        | 40/200 [03:42<14:50,  5.56s/it]
 20%|██        | 41/200 [03:47<14:36,  5.51s/it]
 21%|██        | 42/200 [03:53<14:29,  5.50s/it]
 22%|██▏       | 43/200 [03:58<14:21,  5.49s/it]
 22%|██▏       | 44/200 [04:03<14:08,  5.44s/it]
 22%|██▎       | 45/200 [04:09<14:31,  5.62s/it]
 23%|██▎       | 46/200 [04:15<14:20,  5.59s/it]
 24%|██▎       | 47/200 [04:20<14:06,  5.53s/it]
 24%|██▍       | 48/200 [04:25<13:45,  5.43s/it]
 24%|██▍       | 49/200 [04:31<13:28,  5.35s/it]
 25%|██▌       | 50/200 [04:36<13:29,  5.40s/it]
 26%|██▌       | 51/200 [04:41<13:19,  5.36s/it]
 26%|██▌       | 52/200 [04:47<13:06,  5.31s/it]
 26%|██▋       | 53/200 [04:52<12:51,  5.25s/it]
 27%|██▋       | 54/200 [04:57<12:59,  5.34s/it]
 28%|██▊       | 55/200 [05:03<13:09,  5.45s/it]
 28%|██▊       | 56/200 [05:09<13:17,  5.54s/it]
 28%|██▊       | 57/200 [05:14<13:02,  5.47s/it]
 29%|██▉       | 58/200 [05:19<12:39,  5.35s/it]
 30%|██▉       | 59/200 [05:24<12:21,  5.26s/it]
 30%|███       | 60/200 [05:29<12:11,  5.22s/it]
 30%|███       | 61/200 [05:34<12:02,  5.20s/it]
 31%|███       | 62/200 [05:40<12:05,  5.26s/it]
 32%|███▏      | 63/200 [05:45<12:15,  5.37s/it]
 32%|███▏      | 64/200 [05:52<12:38,  5.58s/it]
 32%|███▎      | 65/200 [05:57<12:35,  5.60s/it]
 33%|███▎      | 66/200 [06:03<12:26,  5.57s/it]
 34%|███▎      | 67/200 [06:08<12:02,  5.43s/it]
 34%|███▍      | 68/200 [06:13<11:48,  5.37s/it]
 34%|███▍      | 69/200 [06:18<11:30,  5.27s/it]
 35%|███▌      | 70/200 [06:23<11:27,  5.29s/it]
 36%|███▌      | 71/200 [06:29<11:19,  5.27s/it]
 36%|███▌      | 72/200 [06:34<11:15,  5.28s/it]
 36%|███▋      | 73/200 [06:39<11:06,  5.25s/it]
 37%|███▋      | 74/200 [06:44<10:56,  5.21s/it]
 38%|███▊      | 75/200 [06:50<10:58,  5.27s/it]
 38%|███▊      | 76/200 [06:55<10:47,  5.23s/it]
 38%|███▊      | 77/200 [07:00<10:43,  5.23s/it]
 39%|███▉      | 78/200 [07:05<10:38,  5.23s/it]
 40%|███▉      | 79/200 [07:10<10:32,  5.23s/it]
 40%|████      | 80/200 [07:16<10:31,  5.27s/it]
 40%|████      | 81/200 [07:21<10:37,  5.36s/it]
 41%|████      | 82/200 [07:27<10:56,  5.57s/it]
 42%|████▏     | 83/200 [07:33<10:50,  5.56s/it]
 42%|████▏     | 84/200 [07:38<10:43,  5.54s/it]
 42%|████▎     | 85/200 [07:44<10:31,  5.49s/it]
 43%|████▎     | 86/200 [07:49<10:15,  5.40s/it]
 44%|████▎     | 87/200 [07:54<10:09,  5.40s/it]
 44%|████▍     | 88/200 [08:00<10:13,  5.48s/it]
 44%|████▍     | 89/200 [08:05<09:56,  5.37s/it]
 45%|████▌     | 90/200 [08:11<10:07,  5.53s/it]
 46%|████▌     | 91/200 [08:17<10:11,  5.61s/it]
 46%|████▌     | 92/200 [08:22<09:53,  5.49s/it]
 46%|████▋     | 93/200 [08:27<09:33,  5.36s/it]
 47%|████▋     | 94/200 [08:32<09:23,  5.32s/it]
 48%|████▊     | 95/200 [08:37<09:10,  5.24s/it]
 48%|████▊     | 96/200 [08:43<09:19,  5.38s/it]
 48%|████▊     | 97/200 [08:49<09:14,  5.38s/it]
 49%|████▉     | 98/200 [08:54<09:19,  5.48s/it]
 50%|████▉     | 99/200 [09:00<09:19,  5.54s/it]
 50%|█████     | 100/200 [09:06<09:20,  5.61s/it]
 50%|█████     | 101/200 [09:11<09:08,  5.54s/it]
 51%|█████     | 102/200 [09:17<09:06,  5.58s/it]
 52%|█████▏    | 103/200 [09:22<08:54,  5.51s/it]
 52%|█████▏    | 104/200 [09:28<08:51,  5.54s/it]
 52%|█████▎    | 105/200 [09:33<08:43,  5.51s/it]
 53%|█████▎    | 106/200 [09:38<08:30,  5.43s/it]
 54%|█████▎    | 107/200 [09:44<08:26,  5.44s/it]
 54%|█████▍    | 108/200 [09:50<08:27,  5.52s/it]
 55%|█████▍    | 109/200 [09:55<08:16,  5.46s/it]
 55%|█████▌    | 110/200 [10:00<08:14,  5.49s/it]
 56%|█████▌    | 111/200 [10:05<07:56,  5.35s/it]
 56%|█████▌    | 112/200 [10:11<07:49,  5.34s/it]
 56%|█████▋    | 113/200 [10:16<07:48,  5.38s/it]
 57%|█████▋    | 114/200 [10:22<08:02,  5.62s/it]
 57%|█████▊    | 115/200 [10:28<07:48,  5.51s/it]
 58%|█████▊    | 116/200 [10:33<07:35,  5.42s/it]
 58%|█████▊    | 117/200 [10:38<07:21,  5.31s/it]
 59%|█████▉    | 118/200 [10:43<07:06,  5.20s/it]
 60%|█████▉    | 119/200 [10:48<06:56,  5.14s/it]
 60%|██████    | 120/200 [10:53<07:01,  5.26s/it]
 60%|██████    | 121/200 [10:59<06:51,  5.21s/it]
 61%|██████    | 122/200 [11:04<06:50,  5.26s/it]
 62%|██████▏   | 123/200 [11:10<06:59,  5.45s/it]
 62%|██████▏   | 124/200 [11:16<07:21,  5.81s/it]
 62%|██████▎   | 125/200 [11:22<07:09,  5.73s/it]
 63%|██████▎   | 126/200 [11:27<06:50,  5.55s/it]
 64%|██████▎   | 127/200 [11:34<07:04,  5.81s/it]
 64%|██████▍   | 128/200 [11:39<06:48,  5.67s/it]
 64%|██████▍   | 129/200 [11:44<06:30,  5.51s/it]
 65%|██████▌   | 130/200 [11:49<06:17,  5.39s/it]
 66%|██████▌   | 131/200 [11:55<06:12,  5.39s/it]
 66%|██████▌   | 132/200 [12:00<06:03,  5.35s/it]
 66%|██████▋   | 133/200 [12:05<05:57,  5.33s/it]
 67%|██████▋   | 134/200 [12:10<05:48,  5.27s/it]
 68%|██████▊   | 135/200 [12:15<05:38,  5.21s/it]
 68%|██████▊   | 136/200 [12:21<05:36,  5.25s/it]
 68%|██████▊   | 137/200 [12:26<05:37,  5.36s/it]
 69%|██████▉   | 138/200 [12:31<05:30,  5.33s/it]
 70%|██████▉   | 139/200 [12:37<05:20,  5.25s/it]
 70%|███████   | 140/200 [12:41<05:09,  5.16s/it]
 70%|███████   | 141/200 [12:47<05:02,  5.12s/it]
 71%|███████   | 142/200 [12:52<04:57,  5.14s/it]
 72%|███████▏  | 143/200 [12:57<04:49,  5.07s/it]
 72%|███████▏  | 144/200 [13:02<04:49,  5.16s/it]
 72%|███████▎  | 145/200 [13:07<04:40,  5.11s/it]
 73%|███████▎  | 146/200 [13:12<04:39,  5.18s/it]
 74%|███████▎  | 147/200 [13:17<04:29,  5.08s/it]
 74%|███████▍  | 148/200 [13:22<04:26,  5.12s/it]
 74%|███████▍  | 149/200 [13:28<04:23,  5.17s/it]
 75%|███████▌  | 150/200 [13:33<04:22,  5.25s/it]
 76%|███████▌  | 151/200 [13:39<04:25,  5.41s/it]
 76%|███████▌  | 152/200 [13:45<04:30,  5.63s/it]
 76%|███████▋  | 153/200 [13:51<04:24,  5.62s/it]
 77%|███████▋  | 154/200 [13:56<04:11,  5.47s/it]
 78%|███████▊  | 155/200 [14:01<04:02,  5.39s/it]
 78%|███████▊  | 156/200 [14:06<03:55,  5.35s/it]
 78%|███████▊  | 157/200 [14:11<03:40,  5.14s/it]
 79%|███████▉  | 158/200 [14:16<03:31,  5.03s/it]
 80%|███████▉  | 159/200 [14:20<03:22,  4.95s/it]
 80%|████████  | 160/200 [14:25<03:18,  4.95s/it]
 80%|████████  | 161/200 [14:30<03:13,  4.95s/it]
 81%|████████  | 162/200 [14:35<03:09,  4.97s/it]
 82%|████████▏ | 163/200 [14:40<03:02,  4.93s/it]
 82%|████████▏ | 164/200 [14:45<02:57,  4.94s/it]
 82%|████████▎ | 165/200 [14:50<02:53,  4.96s/it]
 83%|████████▎ | 166/200 [14:55<02:52,  5.07s/it]
 84%|████████▎ | 167/200 [15:01<02:48,  5.09s/it]
 84%|████████▍ | 168/200 [15:05<02:40,  5.01s/it]
 84%|████████▍ | 169/200 [15:10<02:32,  4.93s/it]
 85%|████████▌ | 170/200 [15:15<02:28,  4.96s/it]
 86%|████████▌ | 171/200 [15:20<02:23,  4.95s/it]
 86%|████████▌ | 172/200 [15:25<02:19,  5.00s/it]
 86%|████████▋ | 173/200 [15:30<02:15,  5.01s/it]
 87%|████████▋ | 174/200 [15:36<02:12,  5.09s/it]
 88%|████████▊ | 175/200 [15:41<02:06,  5.06s/it]
 88%|████████▊ | 176/200 [15:46<02:01,  5.04s/it]
 88%|████████▊ | 177/200 [15:51<01:56,  5.07s/it]
 89%|████████▉ | 178/200 [15:56<01:54,  5.19s/it]
 90%|████████▉ | 179/200 [16:01<01:49,  5.20s/it]
 90%|█████████ | 180/200 [16:07<01:45,  5.27s/it]
 90%|█████████ | 181/200 [16:12<01:39,  5.25s/it]
 91%|█████████ | 182/200 [16:17<01:33,  5.19s/it]
 92%|█████████▏| 183/200 [16:22<01:27,  5.12s/it]
 92%|█████████▏| 184/200 [16:27<01:22,  5.17s/it]
 92%|█████████▎| 185/200 [16:33<01:18,  5.25s/it]
 93%|█████████▎| 186/200 [16:38<01:13,  5.27s/it]
 94%|█████████▎| 187/200 [16:43<01:07,  5.18s/it]
 94%|█████████▍| 188/200 [16:48<01:02,  5.19s/it]
 94%|█████████▍| 189/200 [16:53<00:56,  5.12s/it]
 95%|█████████▌| 190/200 [16:59<00:53,  5.30s/it]
 96%|█████████▌| 191/200 [17:04<00:47,  5.33s/it]
 96%|█████████▌| 192/200 [17:10<00:42,  5.33s/it]
 96%|█████████▋| 193/200 [17:15<00:36,  5.23s/it]
 97%|█████████▋| 194/200 [17:20<00:31,  5.23s/it]
 98%|█████████▊| 195/200 [17:25<00:26,  5.30s/it]
 98%|█████████▊| 196/200 [17:31<00:22,  5.53s/it]
 98%|█████████▊| 197/200 [17:36<00:16,  5.39s/it]
 99%|█████████▉| 198/200 [17:42<00:10,  5.39s/it]
100%|█████████▉| 199/200 [17:47<00:05,  5.33s/it]
100%|██████████| 200/200 [17:52<00:00,  5.24s/it]
                                                 
0
1
2
3
4
5
6
7
8
9
10
11
12
13
14
15
16
17
18
19
20
21
22
23
24
25
26
27
28
29
30
31
32
33
34
35
36
37
38
39
40
41
42
43
44
45
46
47
48
49
50
51
52
53
54
55
56
57
58
59
60
61
62
63
64
65
66
67
68
69
70
71
72
73
74
75
76
77
78
79
80
81
82
83
84
85
86
87
88
89
90
91
92
93
94
95
96
97
98
99
100
101
102
103
104
105
106
107
108
109
110
111
112
113
114
115
116
117
118
119
120
121
122
123
124
125
126
127
128
129
130
131
132
133
134
135
136
137
138
139
140
141
142
143
144
145
146
147
148
149
150
151
152
153
154
155
156
157
158
159
160
161
162
163
164
165
166
167
168
169
170
171
172
173
174
175
176
177
178
179
180
181
182
183
184
185
186
187
188
189
190
191
192
193
194
195
196
197
198
199
