 
Files to read: ['../pilot-cpjump1-data/profiles/2020_11_04_CPJUMP1/BR00116995/BR00116995_normalized_feature_select_negcon.csv.gz']
Files to read: ['../pilot-cpjump1-data/profiles/2020_11_04_CPJUMP1/BR00117024/BR00117024_normalized_feature_select_negcon.csv.gz']
Files to read: ['../pilot-cpjump1-data/profiles/2020_11_04_CPJUMP1/BR00117025/BR00117025_normalized_feature_select_negcon.csv.gz']
Files to read: ['../pilot-cpjump1-data/profiles/2020_11_04_CPJUMP1/BR00117026/BR00117026_normalized_feature_select_negcon.csv.gz']
Files to read: ['../pilot-cpjump1-data/profiles/2020_11_04_CPJUMP1/BR00116997/BR00116997_normalized_feature_select_negcon.csv.gz']
Files to read: ['../pilot-cpjump1-data/profiles/2020_11_04_CPJUMP1/BR00116998/BR00116998_normalized_feature_select_negcon.csv.gz']
Files to read: ['../pilot-cpjump1-data/profiles/2020_11_04_CPJUMP1/BR00116999/BR00116999_normalized_feature_select_negcon.csv.gz']
Files to read: ['../pilot-cpjump1-data/profiles/2020_11_04_CPJUMP1/BR00116996/BR00116996_normalized_feature_select_negcon.csv.gz']
Files to read: ['../pilot-cpjump1-data/profiles/2020_11_04_CPJUMP1/BR00117022/BR00117022_normalized_feature_select_negcon.csv.gz']
Files to read: ['../pilot-cpjump1-data/profiles/2020_11_04_CPJUMP1/BR00117023/BR00117023_normalized_feature_select_negcon.csv.gz']

  0%|          | 0/200 [00:00<?, ?it/s]
  0%|          | 1/200 [00:06<20:34,  6.21s/it]
  1%|          | 2/200 [00:11<18:21,  5.56s/it]
  2%|▏         | 3/200 [00:16<17:46,  5.41s/it]
  2%|▏         | 4/200 [00:21<17:25,  5.33s/it]
  2%|▎         | 5/200 [00:27<17:16,  5.32s/it]
  3%|▎         | 6/200 [00:33<18:29,  5.72s/it]
  4%|▎         | 7/200 [00:38<17:43,  5.51s/it]
  4%|▍         | 8/200 [00:43<17:16,  5.40s/it]
  4%|▍         | 9/200 [00:48<16:57,  5.33s/it]
  5%|▌         | 10/200 [00:54<16:43,  5.28s/it]
  6%|▌         | 11/200 [00:59<16:32,  5.25s/it]
  6%|▌         | 12/200 [01:04<16:42,  5.33s/it]
  6%|▋         | 13/200 [01:10<16:47,  5.39s/it]
  7%|▋         | 14/200 [01:16<17:07,  5.53s/it]
  8%|▊         | 15/200 [01:21<17:00,  5.52s/it]
  8%|▊         | 16/200 [01:26<16:39,  5.43s/it]
  8%|▊         | 17/200 [01:32<16:19,  5.35s/it]
  9%|▉         | 18/200 [01:37<16:03,  5.29s/it]
 10%|▉         | 19/200 [01:42<15:58,  5.30s/it]
 10%|█         | 20/200 [01:47<15:45,  5.25s/it]
 10%|█         | 21/200 [01:52<15:35,  5.23s/it]
 11%|█         | 22/200 [01:58<15:25,  5.20s/it]
 12%|█▏        | 23/200 [02:03<15:20,  5.20s/it]
 12%|█▏        | 24/200 [02:08<15:16,  5.21s/it]
 12%|█▎        | 25/200 [02:13<15:17,  5.24s/it]
 13%|█▎        | 26/200 [02:19<15:15,  5.26s/it]
 14%|█▎        | 27/200 [02:24<15:15,  5.29s/it]
 14%|█▍        | 28/200 [02:29<15:01,  5.24s/it]
 14%|█▍        | 29/200 [02:34<14:50,  5.20s/it]
 15%|█▌        | 30/200 [02:39<14:42,  5.19s/it]
 16%|█▌        | 31/200 [02:45<14:48,  5.26s/it]
 16%|█▌        | 32/200 [02:50<14:36,  5.22s/it]
 16%|█▋        | 33/200 [02:56<14:56,  5.37s/it]
 17%|█▋        | 34/200 [03:01<14:33,  5.26s/it]
 18%|█▊        | 35/200 [03:05<13:58,  5.08s/it]
 18%|█▊        | 36/200 [03:10<13:47,  5.04s/it]
 18%|█▊        | 37/200 [03:16<13:55,  5.12s/it]
 19%|█▉        | 38/200 [03:21<13:42,  5.08s/it]
 20%|█▉        | 39/200 [03:25<13:27,  5.02s/it]
 20%|██        | 40/200 [03:31<13:41,  5.13s/it]
 20%|██        | 41/200 [03:35<13:08,  4.96s/it]
 21%|██        | 42/200 [03:40<13:01,  4.95s/it]
 22%|██▏       | 43/200 [03:46<13:25,  5.13s/it]
 22%|██▏       | 44/200 [03:51<13:45,  5.29s/it]
 22%|██▎       | 45/200 [03:57<13:54,  5.39s/it]
 23%|██▎       | 46/200 [04:02<13:45,  5.36s/it]
 24%|██▎       | 47/200 [04:07<13:17,  5.21s/it]
 24%|██▍       | 48/200 [04:12<13:02,  5.15s/it]
 24%|██▍       | 49/200 [04:17<12:31,  4.98s/it]
 25%|██▌       | 50/200 [04:22<12:29,  5.00s/it]
 26%|██▌       | 51/200 [04:27<12:23,  4.99s/it]
 26%|██▌       | 52/200 [04:32<12:14,  4.96s/it]
 26%|██▋       | 53/200 [04:37<12:22,  5.05s/it]
 27%|██▋       | 54/200 [04:42<12:13,  5.02s/it]
 28%|██▊       | 55/200 [04:47<12:06,  5.01s/it]
 28%|██▊       | 56/200 [04:52<12:00,  5.00s/it]
 28%|██▊       | 57/200 [04:57<12:06,  5.08s/it]
 29%|██▉       | 58/200 [05:03<12:28,  5.27s/it]
 30%|██▉       | 59/200 [05:08<12:24,  5.28s/it]
 30%|███       | 60/200 [05:13<12:00,  5.15s/it]
 30%|███       | 61/200 [05:18<11:47,  5.09s/it]
 31%|███       | 62/200 [05:23<11:49,  5.14s/it]
 32%|███▏      | 63/200 [05:28<11:38,  5.10s/it]
 32%|███▏      | 64/200 [05:34<11:42,  5.17s/it]
 32%|███▎      | 65/200 [05:40<12:14,  5.44s/it]
 33%|███▎      | 66/200 [05:46<12:36,  5.65s/it]
 34%|███▎      | 67/200 [05:51<11:57,  5.40s/it]
 34%|███▍      | 68/200 [05:55<11:32,  5.24s/it]
 34%|███▍      | 69/200 [06:02<12:24,  5.68s/it]
 35%|███▌      | 70/200 [06:08<12:06,  5.59s/it]
 36%|███▌      | 71/200 [06:12<11:32,  5.37s/it]
 36%|███▌      | 72/200 [06:17<11:09,  5.23s/it]
 36%|███▋      | 73/200 [06:22<10:44,  5.08s/it]
 37%|███▋      | 74/200 [06:27<10:36,  5.05s/it]
 38%|███▊      | 75/200 [06:32<10:43,  5.15s/it]
 38%|███▊      | 76/200 [06:38<10:54,  5.28s/it]
 38%|███▊      | 77/200 [06:43<10:54,  5.32s/it]
 39%|███▉      | 78/200 [06:48<10:29,  5.16s/it]
 40%|███▉      | 79/200 [06:54<10:36,  5.26s/it]
 40%|████      | 80/200 [07:00<11:00,  5.50s/it]
 40%|████      | 81/200 [07:05<10:28,  5.28s/it]
 41%|████      | 82/200 [07:10<10:31,  5.35s/it]
 42%|████▏     | 83/200 [07:15<10:20,  5.31s/it]
 42%|████▏     | 84/200 [07:20<10:13,  5.29s/it]
 42%|████▎     | 85/200 [07:26<10:09,  5.30s/it]
 43%|████▎     | 86/200 [07:31<09:46,  5.14s/it]
 44%|████▎     | 87/200 [07:35<09:24,  5.00s/it]
 44%|████▍     | 88/200 [07:40<09:17,  4.98s/it]
 44%|████▍     | 89/200 [07:45<09:15,  5.00s/it]
 45%|████▌     | 90/200 [07:50<09:10,  5.01s/it]
 46%|████▌     | 91/200 [07:55<09:02,  4.98s/it]
 46%|████▌     | 92/200 [08:00<09:07,  5.07s/it]
 46%|████▋     | 93/200 [08:05<08:48,  4.94s/it]
 47%|████▋     | 94/200 [08:10<08:42,  4.93s/it]
 48%|████▊     | 95/200 [08:15<08:38,  4.94s/it]
 48%|████▊     | 96/200 [08:20<08:34,  4.95s/it]
 48%|████▊     | 97/200 [08:25<08:19,  4.85s/it]
 49%|████▉     | 98/200 [08:30<08:25,  4.95s/it]
 50%|████▉     | 99/200 [08:35<08:36,  5.11s/it]
 50%|█████     | 100/200 [08:40<08:32,  5.13s/it]
 50%|█████     | 101/200 [08:45<08:15,  5.01s/it]
 51%|█████     | 102/200 [08:50<08:00,  4.90s/it]
 52%|█████▏    | 103/200 [08:55<07:59,  4.94s/it]
 52%|█████▏    | 104/200 [09:01<08:34,  5.36s/it]
 52%|█████▎    | 105/200 [09:07<08:32,  5.40s/it]
 53%|█████▎    | 106/200 [09:11<08:09,  5.21s/it]
 54%|█████▎    | 107/200 [09:16<07:59,  5.15s/it]
 54%|█████▍    | 108/200 [09:21<07:46,  5.07s/it]
 55%|█████▍    | 109/200 [09:26<07:38,  5.03s/it]
 55%|█████▌    | 110/200 [09:31<07:30,  5.00s/it]
 56%|█████▌    | 111/200 [09:36<07:27,  5.02s/it]
 56%|█████▌    | 112/200 [09:41<07:17,  4.97s/it]
 56%|█████▋    | 113/200 [09:47<07:26,  5.13s/it]
 57%|█████▋    | 114/200 [09:52<07:22,  5.15s/it]
 57%|█████▊    | 115/200 [09:57<07:12,  5.08s/it]
 58%|█████▊    | 116/200 [10:02<07:07,  5.09s/it]
 58%|█████▊    | 117/200 [10:07<06:53,  4.98s/it]
 59%|█████▉    | 118/200 [10:11<06:43,  4.92s/it]
 60%|█████▉    | 119/200 [10:16<06:40,  4.94s/it]
 60%|██████    | 120/200 [10:21<06:38,  4.98s/it]
 60%|██████    | 121/200 [10:26<06:25,  4.88s/it]
 61%|██████    | 122/200 [10:31<06:24,  4.93s/it]
 62%|██████▏   | 123/200 [10:36<06:29,  5.05s/it]
 62%|██████▏   | 124/200 [10:41<06:16,  4.95s/it]
 62%|██████▎   | 125/200 [10:46<06:09,  4.92s/it]
 63%|██████▎   | 126/200 [10:51<05:59,  4.86s/it]
 64%|██████▎   | 127/200 [10:55<05:53,  4.84s/it]
 64%|██████▍   | 128/200 [11:00<05:48,  4.83s/it]
 64%|██████▍   | 129/200 [11:05<05:44,  4.86s/it]
 65%|██████▌   | 130/200 [11:10<05:42,  4.90s/it]
 66%|██████▌   | 131/200 [11:15<05:39,  4.92s/it]
 66%|██████▌   | 132/200 [11:20<05:36,  4.95s/it]
 66%|██████▋   | 133/200 [11:26<05:43,  5.12s/it]
 67%|██████▋   | 134/200 [11:32<05:59,  5.45s/it]
 68%|██████▊   | 135/200 [11:37<05:49,  5.38s/it]
 68%|██████▊   | 136/200 [11:42<05:41,  5.34s/it]
 68%|██████▊   | 137/200 [11:47<05:30,  5.25s/it]
 69%|██████▉   | 138/200 [11:52<05:17,  5.13s/it]
 70%|██████▉   | 139/200 [11:57<05:04,  5.00s/it]
 70%|███████   | 140/200 [12:02<04:56,  4.94s/it]
 70%|███████   | 141/200 [12:07<04:59,  5.08s/it]
 71%|███████   | 142/200 [12:12<04:52,  5.05s/it]
 72%|███████▏  | 143/200 [12:17<04:48,  5.06s/it]
 72%|███████▏  | 144/200 [12:22<04:42,  5.04s/it]
 72%|███████▎  | 145/200 [12:27<04:37,  5.04s/it]
 73%|███████▎  | 146/200 [12:32<04:34,  5.08s/it]
 74%|███████▎  | 147/200 [12:37<04:22,  4.96s/it]
 74%|███████▍  | 148/200 [12:42<04:15,  4.91s/it]
 74%|███████▍  | 149/200 [12:47<04:10,  4.90s/it]
 75%|███████▌  | 150/200 [12:52<04:07,  4.94s/it]
 76%|███████▌  | 151/200 [12:57<04:07,  5.05s/it]
 76%|███████▌  | 152/200 [13:02<04:04,  5.10s/it]
 76%|███████▋  | 153/200 [13:08<04:00,  5.12s/it]
 77%|███████▋  | 154/200 [13:13<04:00,  5.24s/it]
 78%|███████▊  | 155/200 [13:18<03:52,  5.17s/it]
 78%|███████▊  | 156/200 [13:23<03:41,  5.03s/it]
 78%|███████▊  | 157/200 [13:28<03:33,  4.95s/it]
 79%|███████▉  | 158/200 [13:32<03:27,  4.94s/it]
 80%|███████▉  | 159/200 [13:37<03:21,  4.93s/it]
 80%|████████  | 160/200 [13:43<03:20,  5.02s/it]
 80%|████████  | 161/200 [13:48<03:20,  5.14s/it]
 81%|████████  | 162/200 [13:53<03:11,  5.04s/it]
 82%|████████▏ | 163/200 [13:58<03:03,  4.95s/it]
 82%|████████▏ | 164/200 [14:03<02:59,  4.99s/it]
 82%|████████▎ | 165/200 [14:08<02:56,  5.03s/it]
 83%|████████▎ | 166/200 [14:13<02:57,  5.21s/it]
 84%|████████▎ | 167/200 [14:19<02:54,  5.29s/it]
 84%|████████▍ | 168/200 [14:24<02:50,  5.33s/it]
 84%|████████▍ | 169/200 [14:30<02:44,  5.31s/it]
 85%|████████▌ | 170/200 [14:35<02:37,  5.24s/it]
 86%|████████▌ | 171/200 [14:39<02:28,  5.10s/it]
 86%|████████▌ | 172/200 [14:44<02:21,  5.06s/it]
 86%|████████▋ | 173/200 [14:49<02:16,  5.04s/it]
 87%|████████▋ | 174/200 [14:54<02:09,  4.99s/it]
 88%|████████▊ | 175/200 [14:59<02:03,  4.95s/it]
 88%|████████▊ | 176/200 [15:04<01:58,  4.93s/it]
 88%|████████▊ | 177/200 [15:10<01:57,  5.12s/it]
 89%|████████▉ | 178/200 [15:14<01:51,  5.06s/it]
 90%|████████▉ | 179/200 [15:19<01:44,  4.98s/it]
 90%|█████████ | 180/200 [15:24<01:40,  5.05s/it]
 90%|█████████ | 181/200 [15:30<01:35,  5.04s/it]
 91%|█████████ | 182/200 [15:34<01:30,  5.02s/it]
 92%|█████████▏| 183/200 [15:39<01:24,  4.96s/it]
 92%|█████████▏| 184/200 [15:44<01:19,  4.94s/it]
 92%|█████████▎| 185/200 [15:49<01:14,  4.97s/it]
 93%|█████████▎| 186/200 [15:54<01:09,  4.95s/it]
 94%|█████████▎| 187/200 [15:59<01:05,  5.00s/it]
 94%|█████████▍| 188/200 [16:04<01:00,  5.05s/it]
 94%|█████████▍| 189/200 [16:09<00:55,  5.01s/it]
 95%|█████████▌| 190/200 [16:14<00:49,  4.94s/it]
 96%|█████████▌| 191/200 [16:19<00:43,  4.86s/it]
 96%|█████████▌| 192/200 [16:24<00:39,  4.91s/it]
 96%|█████████▋| 193/200 [16:29<00:33,  4.85s/it]
 97%|█████████▋| 194/200 [16:34<00:29,  4.92s/it]
 98%|█████████▊| 195/200 [16:39<00:26,  5.21s/it]
 98%|█████████▊| 196/200 [16:45<00:21,  5.28s/it]
 98%|█████████▊| 197/200 [16:50<00:15,  5.30s/it]
 99%|█████████▉| 198/200 [16:56<00:10,  5.34s/it]
100%|█████████▉| 199/200 [17:01<00:05,  5.24s/it]
100%|██████████| 200/200 [17:06<00:00,  5.23s/it]
                                                 
0
1
2
3
4
5
6
7
8
9
10
11
12
13
14
15
16
17
18
19
20
21
22
23
24
25
26
27
28
29
30
31
32
33
34
35
36
37
38
39
40
41
42
43
44
45
46
47
48
49
50
51
52
53
54
55
56
57
58
59
60
61
62
63
64
65
66
67
68
69
70
71
72
73
74
75
76
77
78
79
80
81
82
83
84
85
86
87
88
89
90
91
92
93
94
95
96
97
98
99
100
101
102
103
104
105
106
107
108
109
110
111
112
113
114
115
116
117
118
119
120
121
122
123
124
125
126
127
128
129
130
131
132
133
134
135
136
137
138
139
140
141
142
143
144
145
146
147
148
149
150
151
152
153
154
155
156
157
158
159
160
161
162
163
164
165
166
167
168
169
170
171
172
173
174
175
176
177
178
179
180
181
182
183
184
185
186
187
188
189
190
191
192
193
194
195
196
197
198
199
