 
Files to read: ['../pilot-cpjump1-data/profiles/2020_11_04_CPJUMP1/BR00116995/BR00116995_normalized_feature_select_negcon.csv.gz']
Files to read: ['../pilot-cpjump1-data/profiles/2020_11_04_CPJUMP1/BR00117024/BR00117024_normalized_feature_select_negcon.csv.gz']
Files to read: ['../pilot-cpjump1-data/profiles/2020_11_04_CPJUMP1/BR00117025/BR00117025_normalized_feature_select_negcon.csv.gz']
Files to read: ['../pilot-cpjump1-data/profiles/2020_11_04_CPJUMP1/BR00117026/BR00117026_normalized_feature_select_negcon.csv.gz']
Files to read: ['../pilot-cpjump1-data/profiles/2020_11_04_CPJUMP1/BR00116997/BR00116997_normalized_feature_select_negcon.csv.gz']
Files to read: ['../pilot-cpjump1-data/profiles/2020_11_04_CPJUMP1/BR00116998/BR00116998_normalized_feature_select_negcon.csv.gz']
Files to read: ['../pilot-cpjump1-data/profiles/2020_11_04_CPJUMP1/BR00116999/BR00116999_normalized_feature_select_negcon.csv.gz']
Files to read: ['../pilot-cpjump1-data/profiles/2020_11_04_CPJUMP1/BR00116996/BR00116996_normalized_feature_select_negcon.csv.gz']
Files to read: ['../pilot-cpjump1-data/profiles/2020_11_04_CPJUMP1/BR00117022/BR00117022_normalized_feature_select_negcon.csv.gz']
Files to read: ['../pilot-cpjump1-data/profiles/2020_11_04_CPJUMP1/BR00117023/BR00117023_normalized_feature_select_negcon.csv.gz']

  0%|          | 0/200 [00:00<?, ?it/s]
  0%|          | 1/200 [00:05<18:40,  5.63s/it]
  1%|          | 2/200 [00:09<14:47,  4.48s/it]
  2%|▏         | 3/200 [00:13<13:32,  4.12s/it]
  2%|▏         | 4/200 [00:16<12:40,  3.88s/it]
  2%|▎         | 5/200 [00:20<12:12,  3.76s/it]
  3%|▎         | 6/200 [00:23<11:52,  3.67s/it]
  4%|▎         | 7/200 [00:27<11:41,  3.63s/it]
  4%|▍         | 8/200 [00:30<11:40,  3.65s/it]
  4%|▍         | 9/200 [00:34<11:37,  3.65s/it]
  5%|▌         | 10/200 [00:37<11:25,  3.61s/it]
  6%|▌         | 11/200 [00:41<11:23,  3.62s/it]
  6%|▌         | 12/200 [00:45<11:24,  3.64s/it]
  6%|▋         | 13/200 [00:48<11:21,  3.64s/it]
  7%|▋         | 14/200 [00:52<11:17,  3.64s/it]
  8%|▊         | 15/200 [00:56<11:11,  3.63s/it]
  8%|▊         | 16/200 [01:00<11:19,  3.69s/it]
  8%|▊         | 17/200 [01:03<11:16,  3.70s/it]
  9%|▉         | 18/200 [01:07<11:12,  3.70s/it]
 10%|▉         | 19/200 [01:10<11:00,  3.65s/it]
 10%|█         | 20/200 [01:14<10:57,  3.65s/it]
 10%|█         | 21/200 [01:18<11:16,  3.78s/it]
 11%|█         | 22/200 [01:23<11:48,  3.98s/it]
 12%|█▏        | 23/200 [01:26<11:27,  3.89s/it]
 12%|█▏        | 24/200 [01:30<11:29,  3.92s/it]
 12%|█▎        | 25/200 [01:34<11:20,  3.89s/it]
 13%|█▎        | 26/200 [01:38<11:26,  3.95s/it]
 14%|█▎        | 27/200 [01:43<11:43,  4.07s/it]
 14%|█▍        | 28/200 [01:47<11:57,  4.17s/it]
 14%|█▍        | 29/200 [01:51<11:45,  4.13s/it]
 15%|█▌        | 30/200 [01:55<11:43,  4.14s/it]
 16%|█▌        | 31/200 [02:00<12:05,  4.29s/it]
 16%|█▌        | 32/200 [02:04<11:53,  4.25s/it]
 16%|█▋        | 33/200 [02:08<11:23,  4.09s/it]
 17%|█▋        | 34/200 [02:12<11:18,  4.09s/it]
 18%|█▊        | 35/200 [02:16<11:02,  4.01s/it]
 18%|█▊        | 36/200 [02:20<10:57,  4.01s/it]
 18%|█▊        | 37/200 [02:24<10:51,  4.00s/it]
 19%|█▉        | 38/200 [02:28<10:50,  4.02s/it]
 20%|█▉        | 39/200 [02:32<10:45,  4.01s/it]
 20%|██        | 40/200 [02:35<10:26,  3.91s/it]
 20%|██        | 41/200 [02:39<10:16,  3.88s/it]
 21%|██        | 42/200 [02:43<10:13,  3.88s/it]
 22%|██▏       | 43/200 [02:47<10:11,  3.89s/it]
 22%|██▏       | 44/200 [02:51<10:07,  3.90s/it]
 22%|██▎       | 45/200 [02:55<10:08,  3.93s/it]
 23%|██▎       | 46/200 [02:59<10:14,  3.99s/it]
 24%|██▎       | 47/200 [03:03<09:55,  3.89s/it]
 24%|██▍       | 48/200 [03:06<09:32,  3.77s/it]
 24%|██▍       | 49/200 [03:10<09:16,  3.69s/it]
 25%|██▌       | 50/200 [03:14<09:33,  3.82s/it]
 26%|██▌       | 51/200 [03:18<10:01,  4.04s/it]
 26%|██▌       | 52/200 [03:23<10:13,  4.14s/it]
 26%|██▋       | 53/200 [03:27<10:18,  4.21s/it]
 27%|██▋       | 54/200 [03:31<09:49,  4.04s/it]
 28%|██▊       | 55/200 [03:34<09:23,  3.89s/it]
 28%|██▊       | 56/200 [03:38<09:27,  3.94s/it]
 28%|██▊       | 57/200 [03:42<09:04,  3.81s/it]
 29%|██▉       | 58/200 [03:45<08:51,  3.74s/it]
 30%|██▉       | 59/200 [03:49<08:40,  3.69s/it]
 30%|███       | 60/200 [03:53<08:36,  3.69s/it]
 30%|███       | 61/200 [03:57<08:40,  3.74s/it]
 31%|███       | 62/200 [04:00<08:42,  3.79s/it]
 32%|███▏      | 63/200 [04:04<08:44,  3.83s/it]
 32%|███▏      | 64/200 [04:08<08:44,  3.86s/it]
 32%|███▎      | 65/200 [04:12<08:32,  3.80s/it]
 33%|███▎      | 66/200 [04:15<08:18,  3.72s/it]
 34%|███▎      | 67/200 [04:19<08:10,  3.69s/it]
 34%|███▍      | 68/200 [04:23<08:13,  3.74s/it]
 34%|███▍      | 69/200 [04:26<08:03,  3.69s/it]
 35%|███▌      | 70/200 [04:30<08:10,  3.77s/it]
 36%|███▌      | 71/200 [04:35<08:19,  3.87s/it]
 36%|███▌      | 72/200 [04:38<08:07,  3.81s/it]
 36%|███▋      | 73/200 [04:42<08:04,  3.82s/it]
 37%|███▋      | 74/200 [04:46<08:13,  3.92s/it]
 38%|███▊      | 75/200 [04:50<07:59,  3.84s/it]
 38%|███▊      | 76/200 [04:54<07:49,  3.79s/it]
 38%|███▊      | 77/200 [04:57<07:38,  3.73s/it]
 39%|███▉      | 78/200 [05:01<07:37,  3.75s/it]
 40%|███▉      | 79/200 [05:05<07:27,  3.70s/it]
 40%|████      | 80/200 [05:08<07:21,  3.68s/it]
 40%|████      | 81/200 [05:13<07:43,  3.89s/it]
 41%|████      | 82/200 [05:17<07:57,  4.05s/it]
 42%|████▏     | 83/200 [05:21<07:42,  3.96s/it]
 42%|████▏     | 84/200 [05:24<07:26,  3.85s/it]
 42%|████▎     | 85/200 [05:28<07:23,  3.85s/it]
 43%|████▎     | 86/200 [05:32<07:13,  3.80s/it]
 44%|████▎     | 87/200 [05:36<07:08,  3.79s/it]
 44%|████▍     | 88/200 [05:39<07:07,  3.82s/it]
 44%|████▍     | 89/200 [05:43<06:51,  3.71s/it]
 45%|████▌     | 90/200 [05:46<06:40,  3.64s/it]
 46%|████▌     | 91/200 [05:50<06:33,  3.61s/it]
 46%|████▌     | 92/200 [05:54<06:39,  3.70s/it]
 46%|████▋     | 93/200 [05:58<06:35,  3.69s/it]
 47%|████▋     | 94/200 [06:01<06:29,  3.67s/it]
 48%|████▊     | 95/200 [06:05<06:22,  3.64s/it]
 48%|████▊     | 96/200 [06:08<06:20,  3.66s/it]
 48%|████▊     | 97/200 [06:12<06:21,  3.71s/it]
 49%|████▉     | 98/200 [06:16<06:20,  3.73s/it]
 50%|████▉     | 99/200 [06:20<06:14,  3.71s/it]
 50%|█████     | 100/200 [06:23<06:06,  3.67s/it]
 50%|█████     | 101/200 [06:27<05:57,  3.61s/it]
 51%|█████     | 102/200 [06:30<05:53,  3.61s/it]
 52%|█████▏    | 103/200 [06:34<05:52,  3.63s/it]
 52%|█████▏    | 104/200 [06:38<05:46,  3.61s/it]
 52%|█████▎    | 105/200 [06:41<05:40,  3.58s/it]
 53%|█████▎    | 106/200 [06:45<05:39,  3.61s/it]
 54%|█████▎    | 107/200 [06:49<05:44,  3.70s/it]
 54%|█████▍    | 108/200 [06:53<06:02,  3.94s/it]
 55%|█████▍    | 109/200 [06:57<06:06,  4.02s/it]
 55%|█████▌    | 110/200 [07:01<05:55,  3.95s/it]
 56%|█████▌    | 111/200 [07:05<05:44,  3.87s/it]
 56%|█████▌    | 112/200 [07:09<05:40,  3.87s/it]
 56%|█████▋    | 113/200 [07:12<05:30,  3.80s/it]
 57%|█████▋    | 114/200 [07:16<05:22,  3.75s/it]
 57%|█████▊    | 115/200 [07:20<05:19,  3.76s/it]
 58%|█████▊    | 116/200 [07:23<05:13,  3.73s/it]
 58%|█████▊    | 117/200 [07:27<05:06,  3.69s/it]
 59%|█████▉    | 118/200 [07:31<05:02,  3.69s/it]
 60%|█████▉    | 119/200 [07:34<04:59,  3.69s/it]
 60%|██████    | 120/200 [07:38<04:52,  3.65s/it]
 60%|██████    | 121/200 [07:42<04:46,  3.62s/it]
 61%|██████    | 122/200 [07:45<04:41,  3.60s/it]
 62%|██████▏   | 123/200 [07:49<04:36,  3.60s/it]
 62%|██████▏   | 124/200 [07:53<04:40,  3.69s/it]
 62%|██████▎   | 125/200 [07:56<04:36,  3.69s/it]
 63%|██████▎   | 126/200 [08:00<04:28,  3.63s/it]
 64%|██████▎   | 127/200 [08:04<04:35,  3.77s/it]
 64%|██████▍   | 128/200 [08:08<04:28,  3.73s/it]
 64%|██████▍   | 129/200 [08:11<04:19,  3.66s/it]
 65%|██████▌   | 130/200 [08:15<04:16,  3.67s/it]
 66%|██████▌   | 131/200 [08:18<04:08,  3.60s/it]
 66%|██████▌   | 132/200 [08:22<04:07,  3.64s/it]
 66%|██████▋   | 133/200 [08:26<04:14,  3.80s/it]
 67%|██████▋   | 134/200 [08:30<04:10,  3.79s/it]
 68%|██████▊   | 135/200 [08:33<04:00,  3.70s/it]
 68%|██████▊   | 136/200 [08:37<04:00,  3.75s/it]
 68%|██████▊   | 137/200 [08:41<04:06,  3.91s/it]
 69%|██████▉   | 138/200 [08:45<03:57,  3.83s/it]
 70%|██████▉   | 139/200 [08:49<03:49,  3.76s/it]
 70%|███████   | 140/200 [08:52<03:43,  3.73s/it]
 70%|███████   | 141/200 [08:56<03:38,  3.70s/it]
 71%|███████   | 142/200 [09:00<03:46,  3.91s/it]
 72%|███████▏  | 143/200 [09:05<03:59,  4.21s/it]
 72%|███████▏  | 144/200 [09:09<03:52,  4.15s/it]
 72%|███████▎  | 145/200 [09:13<03:47,  4.14s/it]
 73%|███████▎  | 146/200 [09:18<03:49,  4.26s/it]
 74%|███████▎  | 147/200 [09:22<03:47,  4.30s/it]
 74%|███████▍  | 148/200 [09:26<03:32,  4.09s/it]
 74%|███████▍  | 149/200 [09:30<03:23,  3.99s/it]
 75%|███████▌  | 150/200 [09:33<03:15,  3.91s/it]
 76%|███████▌  | 151/200 [09:37<03:08,  3.85s/it]
 76%|███████▌  | 152/200 [09:41<03:02,  3.80s/it]
 76%|███████▋  | 153/200 [09:44<02:55,  3.74s/it]
 77%|███████▋  | 154/200 [09:48<02:56,  3.84s/it]
 78%|███████▊  | 155/200 [09:52<02:51,  3.81s/it]
 78%|███████▊  | 156/200 [09:56<02:44,  3.74s/it]
 78%|███████▊  | 157/200 [10:00<02:42,  3.78s/it]
 79%|███████▉  | 158/200 [10:04<02:40,  3.83s/it]
 80%|███████▉  | 159/200 [10:07<02:35,  3.80s/it]
 80%|████████  | 160/200 [10:11<02:34,  3.87s/it]
 80%|████████  | 161/200 [10:15<02:26,  3.76s/it]
 81%|████████  | 162/200 [10:18<02:21,  3.72s/it]
 82%|████████▏ | 163/200 [10:22<02:16,  3.70s/it]
 82%|████████▏ | 164/200 [10:26<02:15,  3.76s/it]
 82%|████████▎ | 165/200 [10:30<02:08,  3.67s/it]
 83%|████████▎ | 166/200 [10:33<02:06,  3.71s/it]
 84%|████████▎ | 167/200 [10:37<02:00,  3.66s/it]
 84%|████████▍ | 168/200 [10:40<01:55,  3.62s/it]
 84%|████████▍ | 169/200 [10:44<01:52,  3.62s/it]
 85%|████████▌ | 170/200 [10:48<01:49,  3.64s/it]
 86%|████████▌ | 171/200 [10:52<01:51,  3.84s/it]
 86%|████████▌ | 172/200 [10:56<01:48,  3.87s/it]
 86%|████████▋ | 173/200 [10:59<01:41,  3.78s/it]
 87%|████████▋ | 174/200 [11:03<01:36,  3.71s/it]
 88%|████████▊ | 175/200 [11:07<01:33,  3.75s/it]
 88%|████████▊ | 176/200 [11:11<01:29,  3.72s/it]
 88%|████████▊ | 177/200 [11:14<01:24,  3.66s/it]
 89%|████████▉ | 178/200 [11:18<01:20,  3.65s/it]
 90%|████████▉ | 179/200 [11:21<01:16,  3.62s/it]
 90%|█████████ | 180/200 [11:25<01:14,  3.72s/it]
 90%|█████████ | 181/200 [11:29<01:11,  3.75s/it]
 91%|█████████ | 182/200 [11:33<01:08,  3.82s/it]
 92%|█████████▏| 183/200 [11:37<01:03,  3.76s/it]
 92%|█████████▏| 184/200 [11:40<00:59,  3.71s/it]
 92%|█████████▎| 185/200 [11:44<00:55,  3.68s/it]
 93%|█████████▎| 186/200 [11:48<00:51,  3.69s/it]
 94%|█████████▎| 187/200 [11:51<00:47,  3.65s/it]
 94%|█████████▍| 188/200 [11:55<00:43,  3.65s/it]
 94%|█████████▍| 189/200 [11:59<00:41,  3.75s/it]
 95%|█████████▌| 190/200 [12:03<00:38,  3.86s/it]
 96%|█████████▌| 191/200 [12:06<00:34,  3.80s/it]
 96%|█████████▌| 192/200 [12:10<00:30,  3.77s/it]
 96%|█████████▋| 193/200 [12:14<00:27,  3.93s/it]
 97%|█████████▋| 194/200 [12:18<00:22,  3.83s/it]
 98%|█████████▊| 195/200 [12:22<00:19,  3.95s/it]
 98%|█████████▊| 196/200 [12:26<00:16,  4.00s/it]
 98%|█████████▊| 197/200 [12:30<00:11,  3.91s/it]
 99%|█████████▉| 198/200 [12:34<00:07,  3.92s/it]
100%|█████████▉| 199/200 [12:38<00:03,  3.81s/it]
100%|██████████| 200/200 [12:41<00:00,  3.74s/it]
                                                 
0
1
2
3
4
5
6
7
8
9
10
11
12
13
14
15
16
17
18
19
20
21
22
23
24
25
26
27
28
29
30
31
32
33
34
35
36
37
38
39
40
41
42
43
44
45
46
47
48
49
50
51
52
53
54
55
56
57
58
59
60
61
62
63
64
65
66
67
68
69
70
71
72
73
74
75
76
77
78
79
80
81
82
83
84
85
86
87
88
89
90
91
92
93
94
95
96
97
98
99
100
101
102
103
104
105
106
107
108
109
110
111
112
113
114
115
116
117
118
119
120
121
122
123
124
125
126
127
128
129
130
131
132
133
134
135
136
137
138
139
140
141
142
143
144
145
146
147
148
149
150
151
152
153
154
155
156
157
158
159
160
161
162
163
164
165
166
167
168
169
170
171
172
173
174
175
176
177
178
179
180
181
182
183
184
185
186
187
188
189
190
191
192
193
194
195
196
197
198
199
