 
Files to read: ['../pilot-cpjump1-data/profiles/2020_11_04_CPJUMP1/BR00116995/BR00116995_normalized_feature_select_negcon.csv.gz']
Files to read: ['../pilot-cpjump1-data/profiles/2020_11_04_CPJUMP1/BR00117024/BR00117024_normalized_feature_select_negcon.csv.gz']
Files to read: ['../pilot-cpjump1-data/profiles/2020_11_04_CPJUMP1/BR00117025/BR00117025_normalized_feature_select_negcon.csv.gz']
Files to read: ['../pilot-cpjump1-data/profiles/2020_11_04_CPJUMP1/BR00117026/BR00117026_normalized_feature_select_negcon.csv.gz']
Files to read: ['../pilot-cpjump1-data/profiles/2020_11_04_CPJUMP1/BR00116997/BR00116997_normalized_feature_select_negcon.csv.gz']
Files to read: ['../pilot-cpjump1-data/profiles/2020_11_04_CPJUMP1/BR00116998/BR00116998_normalized_feature_select_negcon.csv.gz']
Files to read: ['../pilot-cpjump1-data/profiles/2020_11_04_CPJUMP1/BR00116999/BR00116999_normalized_feature_select_negcon.csv.gz']
Files to read: ['../pilot-cpjump1-data/profiles/2020_11_04_CPJUMP1/BR00116996/BR00116996_normalized_feature_select_negcon.csv.gz']
Files to read: ['../pilot-cpjump1-data/profiles/2020_11_04_CPJUMP1/BR00117022/BR00117022_normalized_feature_select_negcon.csv.gz']
Files to read: ['../pilot-cpjump1-data/profiles/2020_11_04_CPJUMP1/BR00117023/BR00117023_normalized_feature_select_negcon.csv.gz']

  0%|          | 0/200 [00:00<?, ?it/s]
  0%|          | 1/200 [00:06<22:19,  6.73s/it]
  1%|          | 2/200 [00:11<18:15,  5.53s/it]
  2%|▏         | 3/200 [00:15<16:06,  4.91s/it]
  2%|▏         | 4/200 [00:20<16:05,  4.93s/it]
  2%|▎         | 5/200 [00:25<15:29,  4.77s/it]
  3%|▎         | 6/200 [00:29<15:32,  4.81s/it]
  4%|▎         | 7/200 [00:34<15:09,  4.71s/it]
  4%|▍         | 8/200 [00:38<14:24,  4.50s/it]
  4%|▍         | 9/200 [00:43<14:29,  4.55s/it]
  5%|▌         | 10/200 [00:47<14:07,  4.46s/it]
  6%|▌         | 11/200 [00:51<13:51,  4.40s/it]
  6%|▌         | 12/200 [00:55<13:25,  4.28s/it]
  6%|▋         | 13/200 [00:59<13:04,  4.19s/it]
  7%|▋         | 14/200 [01:03<12:59,  4.19s/it]
  8%|▊         | 15/200 [01:07<12:40,  4.11s/it]
  8%|▊         | 16/200 [01:11<12:16,  4.00s/it]
  8%|▊         | 17/200 [01:15<12:04,  3.96s/it]
  9%|▉         | 18/200 [01:19<12:05,  3.99s/it]
 10%|▉         | 19/200 [01:23<11:54,  3.95s/it]
 10%|█         | 20/200 [01:27<11:40,  3.89s/it]
 10%|█         | 21/200 [01:30<11:29,  3.85s/it]
 11%|█         | 22/200 [01:34<11:24,  3.85s/it]
 12%|█▏        | 23/200 [01:38<11:24,  3.87s/it]
 12%|█▏        | 24/200 [01:42<11:15,  3.84s/it]
 12%|█▎        | 25/200 [01:46<11:23,  3.90s/it]
 13%|█▎        | 26/200 [01:50<11:28,  3.96s/it]
 14%|█▎        | 27/200 [01:54<11:24,  3.96s/it]
 14%|█▍        | 28/200 [01:58<11:29,  4.01s/it]
 14%|█▍        | 29/200 [02:02<11:25,  4.01s/it]
 15%|█▌        | 30/200 [02:07<11:45,  4.15s/it]
 16%|█▌        | 31/200 [02:11<11:31,  4.09s/it]
 16%|█▌        | 32/200 [02:15<11:40,  4.17s/it]
 16%|█▋        | 33/200 [02:19<11:31,  4.14s/it]
 17%|█▋        | 34/200 [02:23<11:06,  4.02s/it]
 18%|█▊        | 35/200 [02:27<11:04,  4.03s/it]
 18%|█▊        | 36/200 [02:31<11:01,  4.03s/it]
 18%|█▊        | 37/200 [02:35<10:43,  3.95s/it]
 19%|█▉        | 38/200 [02:38<10:30,  3.89s/it]
 20%|█▉        | 39/200 [02:42<10:21,  3.86s/it]
 20%|██        | 40/200 [02:46<10:32,  3.95s/it]
 20%|██        | 41/200 [02:50<10:23,  3.92s/it]
 21%|██        | 42/200 [02:54<10:16,  3.90s/it]
 22%|██▏       | 43/200 [02:59<11:13,  4.29s/it]
 22%|██▏       | 44/200 [03:03<10:48,  4.16s/it]
 22%|██▎       | 45/200 [03:07<10:41,  4.14s/it]
 23%|██▎       | 46/200 [03:11<10:30,  4.09s/it]
 24%|██▎       | 47/200 [03:15<10:14,  4.01s/it]
 24%|██▍       | 48/200 [03:19<10:16,  4.06s/it]
 24%|██▍       | 49/200 [03:23<10:19,  4.10s/it]
 25%|██▌       | 50/200 [03:28<10:31,  4.21s/it]
 26%|██▌       | 51/200 [03:32<10:46,  4.34s/it]
 26%|██▌       | 52/200 [03:37<11:10,  4.53s/it]
 26%|██▋       | 53/200 [03:42<11:01,  4.50s/it]
 27%|██▋       | 54/200 [03:46<10:54,  4.48s/it]
 28%|██▊       | 55/200 [03:51<10:45,  4.45s/it]
 28%|██▊       | 56/200 [03:55<10:30,  4.38s/it]
 28%|██▊       | 57/200 [03:59<10:07,  4.25s/it]
 29%|██▉       | 58/200 [04:03<09:48,  4.14s/it]
 30%|██▉       | 59/200 [04:07<09:34,  4.08s/it]
 30%|███       | 60/200 [04:11<09:32,  4.09s/it]
 30%|███       | 61/200 [04:15<09:22,  4.05s/it]
 31%|███       | 62/200 [04:19<09:17,  4.04s/it]
 32%|███▏      | 63/200 [04:23<09:08,  4.00s/it]
 32%|███▏      | 64/200 [04:26<09:01,  3.98s/it]
 32%|███▎      | 65/200 [04:31<08:58,  3.99s/it]
 33%|███▎      | 66/200 [04:34<08:54,  3.99s/it]
 34%|███▎      | 67/200 [04:38<08:35,  3.87s/it]
 34%|███▍      | 68/200 [04:42<08:29,  3.86s/it]
 34%|███▍      | 69/200 [04:46<08:33,  3.92s/it]
 35%|███▌      | 70/200 [04:50<08:33,  3.95s/it]
 36%|███▌      | 71/200 [04:54<08:36,  4.01s/it]
 36%|███▌      | 72/200 [04:58<08:27,  3.96s/it]
 36%|███▋      | 73/200 [05:03<08:50,  4.18s/it]
 37%|███▋      | 74/200 [05:07<08:45,  4.17s/it]
 38%|███▊      | 75/200 [05:11<08:36,  4.13s/it]
 38%|███▊      | 76/200 [05:15<08:22,  4.05s/it]
 38%|███▊      | 77/200 [05:19<08:11,  4.00s/it]
 39%|███▉      | 78/200 [05:22<08:00,  3.94s/it]
 40%|███▉      | 79/200 [05:26<07:54,  3.92s/it]
 40%|████      | 80/200 [05:30<07:51,  3.93s/it]
 40%|████      | 81/200 [05:34<07:35,  3.83s/it]
 41%|████      | 82/200 [05:38<07:37,  3.88s/it]
 42%|████▏     | 83/200 [05:42<07:37,  3.91s/it]
 42%|████▏     | 84/200 [05:46<07:27,  3.86s/it]
 42%|████▎     | 85/200 [05:49<07:14,  3.78s/it]
 43%|████▎     | 86/200 [05:53<07:19,  3.85s/it]
 44%|████▎     | 87/200 [05:57<07:19,  3.89s/it]
 44%|████▍     | 88/200 [06:01<07:17,  3.90s/it]
 44%|████▍     | 89/200 [06:05<07:14,  3.91s/it]
 45%|████▌     | 90/200 [06:09<07:11,  3.93s/it]
 46%|████▌     | 91/200 [06:13<07:14,  3.99s/it]
 46%|████▌     | 92/200 [06:17<07:17,  4.06s/it]
 46%|████▋     | 93/200 [06:21<07:13,  4.05s/it]
 47%|████▋     | 94/200 [06:25<07:11,  4.07s/it]
 48%|████▊     | 95/200 [06:30<07:19,  4.19s/it]
 48%|████▊     | 96/200 [06:35<07:29,  4.32s/it]
 48%|████▊     | 97/200 [06:39<07:35,  4.42s/it]
 49%|████▉     | 98/200 [06:44<07:38,  4.49s/it]
 50%|████▉     | 99/200 [06:48<07:13,  4.30s/it]
 50%|█████     | 100/200 [06:52<06:57,  4.17s/it]
 50%|█████     | 101/200 [06:56<06:57,  4.22s/it]
 51%|█████     | 102/200 [07:00<06:48,  4.16s/it]
 52%|█████▏    | 103/200 [07:04<06:33,  4.06s/it]
 52%|█████▏    | 104/200 [07:08<06:25,  4.01s/it]
 52%|█████▎    | 105/200 [07:12<06:24,  4.04s/it]
 53%|█████▎    | 106/200 [07:17<06:40,  4.26s/it]
 54%|█████▎    | 107/200 [07:20<06:20,  4.09s/it]
 54%|█████▍    | 108/200 [07:24<06:14,  4.07s/it]
 55%|█████▍    | 109/200 [07:28<05:59,  3.95s/it]
 55%|█████▌    | 110/200 [07:32<05:54,  3.94s/it]
 56%|█████▌    | 111/200 [07:36<05:48,  3.91s/it]
 56%|█████▌    | 112/200 [07:40<05:43,  3.90s/it]
 56%|█████▋    | 113/200 [07:44<05:45,  3.97s/it]
 57%|█████▋    | 114/200 [07:48<05:55,  4.13s/it]
 57%|█████▊    | 115/200 [07:52<05:51,  4.13s/it]
 58%|█████▊    | 116/200 [07:57<05:50,  4.17s/it]
 58%|█████▊    | 117/200 [08:01<06:02,  4.37s/it]
 59%|█████▉    | 118/200 [08:06<05:51,  4.28s/it]
 60%|█████▉    | 119/200 [08:09<05:36,  4.15s/it]
 60%|██████    | 120/200 [08:13<05:30,  4.13s/it]
 60%|██████    | 121/200 [08:18<05:30,  4.19s/it]
 61%|██████    | 122/200 [08:22<05:25,  4.17s/it]
 62%|██████▏   | 123/200 [08:26<05:18,  4.14s/it]
 62%|██████▏   | 124/200 [08:30<05:11,  4.10s/it]
 62%|██████▎   | 125/200 [08:34<04:58,  3.98s/it]
 63%|██████▎   | 126/200 [08:38<04:51,  3.94s/it]
 64%|██████▎   | 127/200 [08:41<04:45,  3.91s/it]
 64%|██████▍   | 128/200 [08:45<04:42,  3.93s/it]
 64%|██████▍   | 129/200 [08:49<04:38,  3.92s/it]
 65%|██████▌   | 130/200 [08:54<04:49,  4.14s/it]
 66%|██████▌   | 131/200 [08:58<04:46,  4.16s/it]
 66%|██████▌   | 132/200 [09:02<04:38,  4.10s/it]
 66%|██████▋   | 133/200 [09:06<04:25,  3.97s/it]
 67%|██████▋   | 134/200 [09:10<04:22,  3.98s/it]
 68%|██████▊   | 135/200 [09:14<04:22,  4.04s/it]
 68%|██████▊   | 136/200 [09:18<04:16,  4.00s/it]
 68%|██████▊   | 137/200 [09:22<04:09,  3.97s/it]
 69%|██████▉   | 138/200 [09:26<04:08,  4.01s/it]
 70%|██████▉   | 139/200 [09:30<04:04,  4.00s/it]
 70%|███████   | 140/200 [09:34<04:02,  4.04s/it]
 70%|███████   | 141/200 [09:38<04:00,  4.08s/it]
 71%|███████   | 142/200 [09:42<03:49,  3.96s/it]
 72%|███████▏  | 143/200 [09:46<03:47,  3.99s/it]
 72%|███████▏  | 144/200 [09:50<03:45,  4.03s/it]
 72%|███████▎  | 145/200 [09:54<03:39,  4.00s/it]
 73%|███████▎  | 146/200 [09:58<03:35,  3.99s/it]
 74%|███████▎  | 147/200 [10:02<03:28,  3.93s/it]
 74%|███████▍  | 148/200 [10:06<03:28,  4.01s/it]
 74%|███████▍  | 149/200 [10:10<03:28,  4.09s/it]
 75%|███████▌  | 150/200 [10:15<03:31,  4.23s/it]
 76%|███████▌  | 151/200 [10:19<03:31,  4.32s/it]
 76%|███████▌  | 152/200 [10:24<03:35,  4.49s/it]
 76%|███████▋  | 153/200 [10:29<03:39,  4.67s/it]
 77%|███████▋  | 154/200 [10:34<03:32,  4.63s/it]
 78%|███████▊  | 155/200 [10:38<03:18,  4.42s/it]
 78%|███████▊  | 156/200 [10:42<03:07,  4.26s/it]
 78%|███████▊  | 157/200 [10:45<02:59,  4.17s/it]
 79%|███████▉  | 158/200 [10:49<02:51,  4.09s/it]
 80%|███████▉  | 159/200 [10:53<02:44,  4.02s/it]
 80%|████████  | 160/200 [10:57<02:38,  3.95s/it]
 80%|████████  | 161/200 [11:01<02:32,  3.92s/it]
 81%|████████  | 162/200 [11:05<02:29,  3.94s/it]
 82%|████████▏ | 163/200 [11:09<02:30,  4.06s/it]
 82%|████████▏ | 164/200 [11:14<02:29,  4.16s/it]
 82%|████████▎ | 165/200 [11:18<02:23,  4.09s/it]
 83%|████████▎ | 166/200 [11:21<02:17,  4.05s/it]
 84%|████████▎ | 167/200 [11:25<02:11,  3.98s/it]
 84%|████████▍ | 168/200 [11:29<02:08,  4.03s/it]
 84%|████████▍ | 169/200 [11:34<02:05,  4.06s/it]
 85%|████████▌ | 170/200 [11:37<02:00,  4.00s/it]
 86%|████████▌ | 171/200 [11:42<01:56,  4.03s/it]
 86%|████████▌ | 172/200 [11:45<01:49,  3.93s/it]
 86%|████████▋ | 173/200 [11:50<01:53,  4.19s/it]
 87%|████████▋ | 174/200 [11:54<01:48,  4.17s/it]
 88%|████████▊ | 175/200 [11:58<01:45,  4.22s/it]
 88%|████████▊ | 176/200 [12:02<01:39,  4.14s/it]
 88%|████████▊ | 177/200 [12:07<01:34,  4.13s/it]
 89%|████████▉ | 178/200 [12:11<01:32,  4.19s/it]
 90%|████████▉ | 179/200 [12:15<01:27,  4.15s/it]
 90%|█████████ | 180/200 [12:19<01:23,  4.15s/it]
 90%|█████████ | 181/200 [12:23<01:17,  4.06s/it]
 91%|█████████ | 182/200 [12:27<01:11,  3.98s/it]
 92%|█████████▏| 183/200 [12:31<01:07,  3.95s/it]
 92%|█████████▏| 184/200 [12:34<01:02,  3.90s/it]
 92%|█████████▎| 185/200 [12:38<00:57,  3.80s/it]
 93%|█████████▎| 186/200 [12:42<00:52,  3.77s/it]
 94%|█████████▎| 187/200 [12:45<00:48,  3.76s/it]
 94%|█████████▍| 188/200 [12:49<00:46,  3.83s/it]
 94%|█████████▍| 189/200 [12:53<00:42,  3.88s/it]
 95%|█████████▌| 190/200 [12:58<00:40,  4.02s/it]
 96%|█████████▌| 191/200 [13:01<00:35,  3.93s/it]
 96%|█████████▌| 192/200 [13:05<00:31,  3.96s/it]
 96%|█████████▋| 193/200 [13:09<00:27,  3.91s/it]
 97%|█████████▋| 194/200 [13:13<00:23,  3.89s/it]
 98%|█████████▊| 195/200 [13:18<00:20,  4.06s/it]
 98%|█████████▊| 196/200 [13:22<00:16,  4.12s/it]
 98%|█████████▊| 197/200 [13:26<00:12,  4.24s/it]
 99%|█████████▉| 198/200 [13:31<00:08,  4.44s/it]
100%|█████████▉| 199/200 [13:36<00:04,  4.47s/it]
100%|██████████| 200/200 [13:41<00:00,  4.56s/it]
                                                 
0
1
2
3
4
5
6
7
8
9
10
11
12
13
14
15
16
17
18
19
20
21
22
23
24
25
26
27
28
29
30
31
32
33
34
35
36
37
38
39
40
41
42
43
44
45
46
47
48
49
50
51
52
53
54
55
56
57
58
59
60
61
62
63
64
65
66
67
68
69
70
71
72
73
74
75
76
77
78
79
80
81
82
83
84
85
86
87
88
89
90
91
92
93
94
95
96
97
98
99
100
101
102
103
104
105
106
107
108
109
110
111
112
113
114
115
116
117
118
119
120
121
122
123
124
125
126
127
128
129
130
131
132
133
134
135
136
137
138
139
140
141
142
143
144
145
146
147
148
149
150
151
152
153
154
155
156
157
158
159
160
161
162
163
164
165
166
167
168
169
170
171
172
173
174
175
176
177
178
179
180
181
182
183
184
185
186
187
188
189
190
191
192
193
194
195
196
197
198
199
