 
Files to read: ['../pilot-cpjump1-data/profiles/2020_11_04_CPJUMP1/BR00116995/BR00116995_normalized_feature_select_negcon.csv.gz']
Files to read: ['../pilot-cpjump1-data/profiles/2020_11_04_CPJUMP1/BR00117024/BR00117024_normalized_feature_select_negcon.csv.gz']
Files to read: ['../pilot-cpjump1-data/profiles/2020_11_04_CPJUMP1/BR00117025/BR00117025_normalized_feature_select_negcon.csv.gz']
Files to read: ['../pilot-cpjump1-data/profiles/2020_11_04_CPJUMP1/BR00117026/BR00117026_normalized_feature_select_negcon.csv.gz']
Files to read: ['../pilot-cpjump1-data/profiles/2020_11_04_CPJUMP1/BR00116997/BR00116997_normalized_feature_select_negcon.csv.gz']
Files to read: ['../pilot-cpjump1-data/profiles/2020_11_04_CPJUMP1/BR00116998/BR00116998_normalized_feature_select_negcon.csv.gz']
Files to read: ['../pilot-cpjump1-data/profiles/2020_11_04_CPJUMP1/BR00116999/BR00116999_normalized_feature_select_negcon.csv.gz']
Files to read: ['../pilot-cpjump1-data/profiles/2020_11_04_CPJUMP1/BR00116996/BR00116996_normalized_feature_select_negcon.csv.gz']
Files to read: ['../pilot-cpjump1-data/profiles/2020_11_04_CPJUMP1/BR00117022/BR00117022_normalized_feature_select_negcon.csv.gz']
Files to read: ['../pilot-cpjump1-data/profiles/2020_11_04_CPJUMP1/BR00117023/BR00117023_normalized_feature_select_negcon.csv.gz']

  0%|          | 0/200 [00:00<?, ?it/s]
  0%|          | 1/200 [00:08<28:18,  8.53s/it]
  1%|          | 2/200 [00:13<21:20,  6.47s/it]
  2%|▏         | 3/200 [00:18<19:13,  5.85s/it]
  2%|▏         | 4/200 [00:24<18:45,  5.74s/it]
  2%|▎         | 5/200 [00:29<18:01,  5.55s/it]
  3%|▎         | 6/200 [00:34<17:17,  5.35s/it]
  4%|▎         | 7/200 [00:39<16:44,  5.20s/it]
  4%|▍         | 8/200 [00:44<16:40,  5.21s/it]
  4%|▍         | 9/200 [00:49<16:23,  5.15s/it]
  5%|▌         | 10/200 [00:54<16:02,  5.06s/it]
  6%|▌         | 11/200 [00:59<15:58,  5.07s/it]
  6%|▌         | 12/200 [01:04<16:01,  5.11s/it]
  6%|▋         | 13/200 [01:11<17:05,  5.49s/it]
  7%|▋         | 14/200 [01:16<16:54,  5.45s/it]
  8%|▊         | 15/200 [01:21<16:51,  5.47s/it]
  8%|▊         | 16/200 [01:27<16:40,  5.44s/it]
  8%|▊         | 17/200 [01:32<16:41,  5.47s/it]
  9%|▉         | 18/200 [01:37<16:11,  5.34s/it]
 10%|▉         | 19/200 [01:42<15:46,  5.23s/it]
 10%|█         | 20/200 [01:47<15:25,  5.14s/it]
 10%|█         | 21/200 [01:52<15:11,  5.09s/it]
 11%|█         | 22/200 [01:57<15:02,  5.07s/it]
 12%|█▏        | 23/200 [02:02<14:58,  5.08s/it]
 12%|█▏        | 24/200 [02:08<15:17,  5.21s/it]
 12%|█▎        | 25/200 [02:13<15:07,  5.19s/it]
 13%|█▎        | 26/200 [02:18<15:02,  5.19s/it]
 14%|█▎        | 27/200 [02:23<14:41,  5.09s/it]
 14%|█▍        | 28/200 [02:28<14:27,  5.04s/it]
 14%|█▍        | 29/200 [02:33<14:12,  4.98s/it]
 15%|█▌        | 30/200 [02:38<14:23,  5.08s/it]
 16%|█▌        | 31/200 [02:43<14:25,  5.12s/it]
 16%|█▌        | 32/200 [02:48<14:17,  5.11s/it]
 16%|█▋        | 33/200 [02:53<14:04,  5.06s/it]
 17%|█▋        | 34/200 [02:59<14:12,  5.13s/it]
 18%|█▊        | 35/200 [03:04<13:50,  5.04s/it]
 18%|█▊        | 36/200 [03:09<13:48,  5.05s/it]
 18%|█▊        | 37/200 [03:14<14:09,  5.21s/it]
 19%|█▉        | 38/200 [03:20<14:08,  5.24s/it]
 20%|█▉        | 39/200 [03:25<14:07,  5.26s/it]
 20%|██        | 40/200 [03:30<13:54,  5.22s/it]
 20%|██        | 41/200 [03:35<13:35,  5.13s/it]
 21%|██        | 42/200 [03:40<13:42,  5.21s/it]
 22%|██▏       | 43/200 [03:46<14:10,  5.42s/it]
 22%|██▏       | 44/200 [03:52<14:17,  5.50s/it]
 22%|██▎       | 45/200 [03:57<14:09,  5.48s/it]
 23%|██▎       | 46/200 [04:03<13:59,  5.45s/it]
 24%|██▎       | 47/200 [04:08<13:47,  5.41s/it]
 24%|██▍       | 48/200 [04:13<13:33,  5.35s/it]
 24%|██▍       | 49/200 [04:19<13:35,  5.40s/it]
 25%|██▌       | 50/200 [04:24<13:18,  5.33s/it]
 26%|██▌       | 51/200 [04:29<12:56,  5.21s/it]
 26%|██▌       | 52/200 [04:34<12:38,  5.13s/it]
 26%|██▋       | 53/200 [04:39<12:31,  5.11s/it]
 27%|██▋       | 54/200 [04:44<12:41,  5.21s/it]
 28%|██▊       | 55/200 [04:49<12:25,  5.14s/it]
 28%|██▊       | 56/200 [04:55<12:30,  5.21s/it]
 28%|██▊       | 57/200 [05:00<12:17,  5.16s/it]
 29%|██▉       | 58/200 [05:05<12:14,  5.17s/it]
 30%|██▉       | 59/200 [05:10<12:04,  5.14s/it]
 30%|███       | 60/200 [05:15<12:03,  5.17s/it]
 30%|███       | 61/200 [05:20<11:48,  5.10s/it]
 31%|███       | 62/200 [05:25<11:38,  5.06s/it]
 32%|███▏      | 63/200 [05:30<11:21,  4.97s/it]
 32%|███▏      | 64/200 [05:35<11:44,  5.18s/it]
 32%|███▎      | 65/200 [05:40<11:28,  5.10s/it]
 33%|███▎      | 66/200 [05:45<11:20,  5.08s/it]
 34%|███▎      | 67/200 [05:50<11:11,  5.05s/it]
 34%|███▍      | 68/200 [05:55<11:05,  5.04s/it]
 34%|███▍      | 69/200 [06:01<11:18,  5.18s/it]
 35%|███▌      | 70/200 [06:07<11:33,  5.33s/it]
 36%|███▌      | 71/200 [06:11<11:06,  5.16s/it]
 36%|███▌      | 72/200 [06:17<10:59,  5.16s/it]
 36%|███▋      | 73/200 [06:22<11:06,  5.25s/it]
 37%|███▋      | 74/200 [06:28<11:13,  5.35s/it]
 38%|███▊      | 75/200 [06:33<10:56,  5.25s/it]
 38%|███▊      | 76/200 [06:38<10:39,  5.16s/it]
 38%|███▊      | 77/200 [06:42<10:25,  5.09s/it]
 39%|███▉      | 78/200 [06:48<10:29,  5.16s/it]
 40%|███▉      | 79/200 [06:52<10:05,  5.01s/it]
 40%|████      | 80/200 [06:58<10:12,  5.10s/it]
 40%|████      | 81/200 [07:03<10:05,  5.09s/it]
 41%|████      | 82/200 [07:08<10:03,  5.12s/it]
 42%|████▏     | 83/200 [07:13<09:55,  5.09s/it]
 42%|████▏     | 84/200 [07:18<09:50,  5.09s/it]
 42%|████▎     | 85/200 [07:24<10:04,  5.26s/it]
 43%|████▎     | 86/200 [07:29<09:48,  5.16s/it]
 44%|████▎     | 87/200 [07:34<09:39,  5.13s/it]
 44%|████▍     | 88/200 [07:39<09:46,  5.23s/it]
 44%|████▍     | 89/200 [07:45<09:53,  5.35s/it]
 45%|████▌     | 90/200 [07:50<09:46,  5.33s/it]
 46%|████▌     | 91/200 [07:55<09:34,  5.27s/it]
 46%|████▌     | 92/200 [08:00<09:19,  5.18s/it]
 46%|████▋     | 93/200 [08:05<09:12,  5.16s/it]
 47%|████▋     | 94/200 [08:10<08:58,  5.08s/it]
 48%|████▊     | 95/200 [08:16<08:59,  5.14s/it]
 48%|████▊     | 96/200 [08:21<08:51,  5.11s/it]
 48%|████▊     | 97/200 [08:26<08:47,  5.12s/it]
 49%|████▉     | 98/200 [08:31<08:45,  5.15s/it]
 50%|████▉     | 99/200 [08:36<08:49,  5.24s/it]
 50%|█████     | 100/200 [08:42<08:52,  5.32s/it]
 50%|█████     | 101/200 [08:47<08:50,  5.35s/it]
 51%|█████     | 102/200 [08:52<08:36,  5.27s/it]
 52%|█████▏    | 103/200 [08:58<08:31,  5.27s/it]
 52%|█████▏    | 104/200 [09:03<08:25,  5.26s/it]
 52%|█████▎    | 105/200 [09:08<08:14,  5.21s/it]
 53%|█████▎    | 106/200 [09:13<08:08,  5.20s/it]
 54%|█████▎    | 107/200 [09:19<08:10,  5.28s/it]
 54%|█████▍    | 108/200 [09:24<08:03,  5.26s/it]
 55%|█████▍    | 109/200 [09:30<08:17,  5.47s/it]
 55%|█████▌    | 110/200 [09:35<08:07,  5.42s/it]
 56%|█████▌    | 111/200 [09:41<08:04,  5.44s/it]
 56%|█████▌    | 112/200 [09:46<08:00,  5.46s/it]
 56%|█████▋    | 113/200 [09:51<07:43,  5.33s/it]
 57%|█████▋    | 114/200 [09:57<07:45,  5.41s/it]
 57%|█████▊    | 115/200 [10:02<07:34,  5.35s/it]
 58%|█████▊    | 116/200 [10:08<07:47,  5.57s/it]
 58%|█████▊    | 117/200 [10:13<07:27,  5.39s/it]
 59%|█████▉    | 118/200 [10:18<07:20,  5.37s/it]
 60%|█████▉    | 119/200 [10:24<07:10,  5.32s/it]
 60%|██████    | 120/200 [10:28<06:57,  5.22s/it]
 60%|██████    | 121/200 [10:33<06:40,  5.07s/it]
 61%|██████    | 122/200 [10:38<06:32,  5.04s/it]
 62%|██████▏   | 123/200 [10:43<06:25,  5.00s/it]
 62%|██████▏   | 124/200 [10:48<06:18,  4.98s/it]
 62%|██████▎   | 125/200 [10:53<06:22,  5.09s/it]
 63%|██████▎   | 126/200 [10:58<06:15,  5.07s/it]
 64%|██████▎   | 127/200 [11:03<06:04,  4.99s/it]
 64%|██████▍   | 128/200 [11:08<06:04,  5.06s/it]
 64%|██████▍   | 129/200 [11:14<06:08,  5.19s/it]
 65%|██████▌   | 130/200 [11:19<05:57,  5.11s/it]
 66%|██████▌   | 131/200 [11:24<05:48,  5.05s/it]
 66%|██████▌   | 132/200 [11:28<05:34,  4.92s/it]
 66%|██████▋   | 133/200 [11:33<05:24,  4.85s/it]
 67%|██████▋   | 134/200 [11:38<05:29,  4.99s/it]
 68%|██████▊   | 135/200 [11:44<05:38,  5.20s/it]
 68%|██████▊   | 136/200 [11:50<05:52,  5.51s/it]
 68%|██████▊   | 137/200 [11:55<05:40,  5.41s/it]
 69%|██████▉   | 138/200 [12:01<05:36,  5.43s/it]
 70%|██████▉   | 139/200 [12:06<05:31,  5.43s/it]
 70%|███████   | 140/200 [12:12<05:31,  5.53s/it]
 70%|███████   | 141/200 [12:18<05:24,  5.51s/it]
 71%|███████   | 142/200 [12:23<05:18,  5.49s/it]
 72%|███████▏  | 143/200 [12:28<05:08,  5.41s/it]
 72%|███████▏  | 144/200 [12:34<04:59,  5.36s/it]
 72%|███████▎  | 145/200 [12:39<04:49,  5.26s/it]
 73%|███████▎  | 146/200 [12:44<04:44,  5.27s/it]
 74%|███████▎  | 147/200 [12:49<04:42,  5.33s/it]
 74%|███████▍  | 148/200 [12:55<04:39,  5.38s/it]
 74%|███████▍  | 149/200 [13:00<04:38,  5.45s/it]
 75%|███████▌  | 150/200 [13:06<04:30,  5.42s/it]
 76%|███████▌  | 151/200 [13:11<04:21,  5.35s/it]
 76%|███████▌  | 152/200 [13:16<04:16,  5.35s/it]
 76%|███████▋  | 153/200 [13:21<04:07,  5.26s/it]
 77%|███████▋  | 154/200 [13:27<04:00,  5.24s/it]
 78%|███████▊  | 155/200 [13:32<03:53,  5.18s/it]
 78%|███████▊  | 156/200 [13:37<03:49,  5.20s/it]
 78%|███████▊  | 157/200 [13:42<03:44,  5.21s/it]
 79%|███████▉  | 158/200 [13:47<03:35,  5.12s/it]
 80%|███████▉  | 159/200 [13:52<03:29,  5.10s/it]
 80%|████████  | 160/200 [13:57<03:25,  5.14s/it]
 80%|████████  | 161/200 [14:02<03:19,  5.11s/it]
 81%|████████  | 162/200 [14:07<03:13,  5.08s/it]
 82%|████████▏ | 163/200 [14:13<03:13,  5.24s/it]
 82%|████████▏ | 164/200 [14:18<03:10,  5.29s/it]
 82%|████████▎ | 165/200 [14:24<03:04,  5.26s/it]
 83%|████████▎ | 166/200 [14:29<02:58,  5.26s/it]
 84%|████████▎ | 167/200 [14:34<02:51,  5.19s/it]
 84%|████████▍ | 168/200 [14:39<02:46,  5.19s/it]
 84%|████████▍ | 169/200 [14:44<02:43,  5.27s/it]
 85%|████████▌ | 170/200 [14:50<02:39,  5.32s/it]
 86%|████████▌ | 171/200 [14:55<02:29,  5.17s/it]
 86%|████████▌ | 172/200 [15:00<02:22,  5.08s/it]
 86%|████████▋ | 173/200 [15:04<02:14,  5.00s/it]
 87%|████████▋ | 174/200 [15:09<02:09,  5.00s/it]
 88%|████████▊ | 175/200 [15:14<02:03,  4.93s/it]
 88%|████████▊ | 176/200 [15:20<02:02,  5.10s/it]
 88%|████████▊ | 177/200 [15:25<01:59,  5.20s/it]
 89%|████████▉ | 178/200 [15:30<01:52,  5.10s/it]
 90%|████████▉ | 179/200 [15:36<01:51,  5.29s/it]
 90%|█████████ | 180/200 [15:41<01:45,  5.27s/it]
 90%|█████████ | 181/200 [15:46<01:39,  5.22s/it]
 91%|█████████ | 182/200 [15:51<01:33,  5.17s/it]
 92%|█████████▏| 183/200 [15:56<01:27,  5.18s/it]
 92%|█████████▏| 184/200 [16:02<01:24,  5.25s/it]
 92%|█████████▎| 185/200 [16:07<01:19,  5.31s/it]
 93%|█████████▎| 186/200 [16:12<01:14,  5.30s/it]
 94%|█████████▎| 187/200 [16:17<01:07,  5.19s/it]
 94%|█████████▍| 188/200 [16:23<01:03,  5.25s/it]
 94%|█████████▍| 189/200 [16:28<00:58,  5.29s/it]
 95%|█████████▌| 190/200 [16:33<00:52,  5.24s/it]
 96%|█████████▌| 191/200 [16:39<00:49,  5.49s/it]
 96%|█████████▌| 192/200 [16:44<00:43,  5.38s/it]
 96%|█████████▋| 193/200 [16:49<00:35,  5.14s/it]
 97%|█████████▋| 194/200 [16:54<00:30,  5.08s/it]
 98%|█████████▊| 195/200 [16:59<00:25,  5.16s/it]
 98%|█████████▊| 196/200 [17:04<00:20,  5.02s/it]
 98%|█████████▊| 197/200 [17:09<00:14,  4.94s/it]
 99%|█████████▉| 198/200 [17:14<00:10,  5.07s/it]
100%|█████████▉| 199/200 [17:19<00:05,  5.11s/it]
100%|██████████| 200/200 [17:25<00:00,  5.23s/it]
                                                 
0
1
2
3
4
5
6
7
8
9
10
11
12
13
14
15
16
17
18
19
20
21
22
23
24
25
26
27
28
29
30
31
32
33
34
35
36
37
38
39
40
41
42
43
44
45
46
47
48
49
50
51
52
53
54
55
56
57
58
59
60
61
62
63
64
65
66
67
68
69
70
71
72
73
74
75
76
77
78
79
80
81
82
83
84
85
86
87
88
89
90
91
92
93
94
95
96
97
98
99
100
101
102
103
104
105
106
107
108
109
110
111
112
113
114
115
116
117
118
119
120
121
122
123
124
125
126
127
128
129
130
131
132
133
134
135
136
137
138
139
140
141
142
143
144
145
146
147
148
149
150
151
152
153
154
155
156
157
158
159
160
161
162
163
164
165
166
167
168
169
170
171
172
173
174
175
176
177
178
179
180
181
182
183
184
185
186
187
188
189
190
191
192
193
194
195
196
197
198
199
