 
Files to read: ['../pilot-cpjump1-data/profiles/2020_11_04_CPJUMP1/BR00116995/BR00116995_normalized_feature_select_negcon.csv.gz']
Files to read: ['../pilot-cpjump1-data/profiles/2020_11_04_CPJUMP1/BR00117024/BR00117024_normalized_feature_select_negcon.csv.gz']
Files to read: ['../pilot-cpjump1-data/profiles/2020_11_04_CPJUMP1/BR00117025/BR00117025_normalized_feature_select_negcon.csv.gz']
Files to read: ['../pilot-cpjump1-data/profiles/2020_11_04_CPJUMP1/BR00117026/BR00117026_normalized_feature_select_negcon.csv.gz']
Files to read: ['../pilot-cpjump1-data/profiles/2020_11_04_CPJUMP1/BR00116997/BR00116997_normalized_feature_select_negcon.csv.gz']
Files to read: ['../pilot-cpjump1-data/profiles/2020_11_04_CPJUMP1/BR00116998/BR00116998_normalized_feature_select_negcon.csv.gz']
Files to read: ['../pilot-cpjump1-data/profiles/2020_11_04_CPJUMP1/BR00116999/BR00116999_normalized_feature_select_negcon.csv.gz']
Files to read: ['../pilot-cpjump1-data/profiles/2020_11_04_CPJUMP1/BR00116996/BR00116996_normalized_feature_select_negcon.csv.gz']
Files to read: ['../pilot-cpjump1-data/profiles/2020_11_04_CPJUMP1/BR00117022/BR00117022_normalized_feature_select_negcon.csv.gz']
Files to read: ['../pilot-cpjump1-data/profiles/2020_11_04_CPJUMP1/BR00117023/BR00117023_normalized_feature_select_negcon.csv.gz']

  0%|          | 0/200 [00:00<?, ?it/s]
  0%|          | 1/200 [00:04<14:38,  4.41s/it]
  1%|          | 2/200 [00:08<13:35,  4.12s/it]
  2%|▏         | 3/200 [00:12<12:52,  3.92s/it]
  2%|▏         | 4/200 [00:16<13:20,  4.08s/it]
  2%|▎         | 5/200 [00:20<13:31,  4.16s/it]
  3%|▎         | 6/200 [00:24<13:10,  4.07s/it]
  4%|▎         | 7/200 [00:28<12:57,  4.03s/it]
  4%|▍         | 8/200 [00:32<13:06,  4.10s/it]
  4%|▍         | 9/200 [00:37<13:13,  4.15s/it]
  5%|▌         | 10/200 [00:41<13:46,  4.35s/it]
  6%|▌         | 11/200 [00:46<13:47,  4.38s/it]
  6%|▌         | 12/200 [00:50<13:16,  4.24s/it]
  6%|▋         | 13/200 [00:54<12:56,  4.15s/it]
  7%|▋         | 14/200 [00:58<13:13,  4.27s/it]
  8%|▊         | 15/200 [01:02<12:40,  4.11s/it]
  8%|▊         | 16/200 [01:06<12:18,  4.02s/it]
  8%|▊         | 17/200 [01:10<12:07,  3.98s/it]
  9%|▉         | 18/200 [01:14<12:09,  4.01s/it]
 10%|▉         | 19/200 [01:18<11:58,  3.97s/it]
 10%|█         | 20/200 [01:21<11:40,  3.89s/it]
 10%|█         | 21/200 [01:25<11:34,  3.88s/it]
 11%|█         | 22/200 [01:29<11:17,  3.81s/it]
 12%|█▏        | 23/200 [01:33<11:15,  3.81s/it]
 12%|█▏        | 24/200 [01:36<11:15,  3.84s/it]
 12%|█▎        | 25/200 [01:40<11:10,  3.83s/it]
 13%|█▎        | 26/200 [01:44<11:18,  3.90s/it]
 14%|█▎        | 27/200 [01:48<11:27,  3.97s/it]
 14%|█▍        | 28/200 [01:53<11:27,  4.00s/it]
 14%|█▍        | 29/200 [01:56<11:12,  3.93s/it]
 15%|█▌        | 30/200 [02:00<11:07,  3.92s/it]
 16%|█▌        | 31/200 [02:04<11:01,  3.92s/it]
 16%|█▌        | 32/200 [02:08<10:53,  3.89s/it]
 16%|█▋        | 33/200 [02:12<10:48,  3.88s/it]
 17%|█▋        | 34/200 [02:16<11:10,  4.04s/it]
 18%|█▊        | 35/200 [02:20<10:57,  3.99s/it]
 18%|█▊        | 36/200 [02:24<11:03,  4.04s/it]
 18%|█▊        | 37/200 [02:28<10:54,  4.01s/it]
 19%|█▉        | 38/200 [02:32<10:43,  3.97s/it]
 20%|█▉        | 39/200 [02:36<10:35,  3.95s/it]
 20%|██        | 40/200 [02:40<10:32,  3.95s/it]
 20%|██        | 41/200 [02:44<10:30,  3.96s/it]
 21%|██        | 42/200 [02:48<10:25,  3.96s/it]
 22%|██▏       | 43/200 [02:52<10:24,  3.98s/it]
 22%|██▏       | 44/200 [02:56<10:12,  3.93s/it]
 22%|██▎       | 45/200 [03:00<10:16,  3.98s/it]
 23%|██▎       | 46/200 [03:04<10:09,  3.96s/it]
 24%|██▎       | 47/200 [03:07<09:58,  3.91s/it]
 24%|██▍       | 48/200 [03:12<10:12,  4.03s/it]
 24%|██▍       | 49/200 [03:16<10:06,  4.02s/it]
 25%|██▌       | 50/200 [03:20<10:16,  4.11s/it]
 26%|██▌       | 51/200 [03:24<10:01,  4.04s/it]
 26%|██▌       | 52/200 [03:28<10:07,  4.10s/it]
 26%|██▋       | 53/200 [03:33<10:12,  4.17s/it]
 27%|██▋       | 54/200 [03:37<10:35,  4.35s/it]
 28%|██▊       | 55/200 [03:42<10:32,  4.36s/it]
 28%|██▊       | 56/200 [03:46<10:25,  4.35s/it]
 28%|██▊       | 57/200 [03:51<10:28,  4.39s/it]
 29%|██▉       | 58/200 [03:54<09:59,  4.22s/it]
 30%|██▉       | 59/200 [03:58<09:34,  4.08s/it]
 30%|███       | 60/200 [04:02<09:22,  4.02s/it]
 30%|███       | 61/200 [04:06<09:14,  3.99s/it]
 31%|███       | 62/200 [04:10<08:58,  3.90s/it]
 32%|███▏      | 63/200 [04:13<08:51,  3.88s/it]
 32%|███▏      | 64/200 [04:17<08:53,  3.93s/it]
 32%|███▎      | 65/200 [04:22<08:55,  3.97s/it]
 33%|███▎      | 66/200 [04:25<08:42,  3.90s/it]
 34%|███▎      | 67/200 [04:29<08:35,  3.88s/it]
 34%|███▍      | 68/200 [04:33<08:34,  3.90s/it]
 34%|███▍      | 69/200 [04:37<08:28,  3.88s/it]
 35%|███▌      | 70/200 [04:41<08:24,  3.88s/it]
 36%|███▌      | 71/200 [04:45<08:16,  3.85s/it]
 36%|███▌      | 72/200 [04:48<08:15,  3.87s/it]
 36%|███▋      | 73/200 [04:52<08:18,  3.92s/it]
 37%|███▋      | 74/200 [04:56<08:14,  3.93s/it]
 38%|███▊      | 75/200 [05:00<08:10,  3.93s/it]
 38%|███▊      | 76/200 [05:04<08:05,  3.92s/it]
 38%|███▊      | 77/200 [05:08<08:06,  3.96s/it]
 39%|███▉      | 78/200 [05:13<08:25,  4.15s/it]
 40%|███▉      | 79/200 [05:17<08:11,  4.06s/it]
 40%|████      | 80/200 [05:20<07:55,  3.96s/it]
 40%|████      | 81/200 [05:24<07:46,  3.92s/it]
 41%|████      | 82/200 [05:28<07:39,  3.90s/it]
 42%|████▏     | 83/200 [05:32<07:46,  3.99s/it]
 42%|████▏     | 84/200 [05:36<07:37,  3.94s/it]
 42%|████▎     | 85/200 [05:40<07:29,  3.91s/it]
 43%|████▎     | 86/200 [05:44<07:29,  3.94s/it]
 44%|████▎     | 87/200 [05:48<07:23,  3.93s/it]
 44%|████▍     | 88/200 [05:52<07:25,  3.98s/it]
 44%|████▍     | 89/200 [05:57<07:41,  4.16s/it]
 45%|████▌     | 90/200 [06:01<07:49,  4.27s/it]
 46%|████▌     | 91/200 [06:05<07:38,  4.20s/it]
 46%|████▌     | 92/200 [06:09<07:28,  4.15s/it]
 46%|████▋     | 93/200 [06:13<07:09,  4.01s/it]
 47%|████▋     | 94/200 [06:17<07:07,  4.03s/it]
 48%|████▊     | 95/200 [06:21<07:03,  4.03s/it]
 48%|████▊     | 96/200 [06:25<07:09,  4.13s/it]
 48%|████▊     | 97/200 [06:30<07:13,  4.21s/it]
 49%|████▉     | 98/200 [06:34<07:06,  4.19s/it]
 50%|████▉     | 99/200 [06:38<06:55,  4.11s/it]
 50%|█████     | 100/200 [06:42<06:50,  4.11s/it]
 50%|█████     | 101/200 [06:47<07:00,  4.25s/it]
 51%|█████     | 102/200 [06:51<07:01,  4.30s/it]
 52%|█████▏    | 103/200 [06:55<07:04,  4.38s/it]
 52%|█████▏    | 104/200 [07:00<06:57,  4.35s/it]
 52%|█████▎    | 105/200 [07:04<06:40,  4.21s/it]
 53%|█████▎    | 106/200 [07:08<06:26,  4.11s/it]
 54%|█████▎    | 107/200 [07:11<06:13,  4.02s/it]
 54%|█████▍    | 108/200 [07:15<06:07,  3.99s/it]
 55%|█████▍    | 109/200 [07:19<06:04,  4.01s/it]
 55%|█████▌    | 110/200 [07:24<06:21,  4.24s/it]
 56%|█████▌    | 111/200 [07:28<06:08,  4.15s/it]
 56%|█████▌    | 112/200 [07:32<05:53,  4.02s/it]
 56%|█████▋    | 113/200 [07:35<05:40,  3.91s/it]
 57%|█████▋    | 114/200 [07:39<05:36,  3.92s/it]
 57%|█████▊    | 115/200 [07:43<05:37,  3.97s/it]
 58%|█████▊    | 116/200 [07:48<05:44,  4.11s/it]
 58%|█████▊    | 117/200 [07:52<05:37,  4.06s/it]
 59%|█████▉    | 118/200 [07:56<05:40,  4.16s/it]
 60%|█████▉    | 119/200 [08:00<05:28,  4.06s/it]
 60%|██████    | 120/200 [08:04<05:17,  3.96s/it]
 60%|██████    | 121/200 [08:07<05:06,  3.88s/it]
 61%|██████    | 122/200 [08:11<04:59,  3.84s/it]
 62%|██████▏   | 123/200 [08:16<05:11,  4.04s/it]
 62%|██████▏   | 124/200 [08:20<05:04,  4.01s/it]
 62%|██████▎   | 125/200 [08:24<04:58,  3.98s/it]
 63%|██████▎   | 126/200 [08:27<04:51,  3.94s/it]
 64%|██████▎   | 127/200 [08:31<04:39,  3.82s/it]
 64%|██████▍   | 128/200 [08:35<04:41,  3.91s/it]
 64%|██████▍   | 129/200 [08:39<04:34,  3.86s/it]
 65%|██████▌   | 130/200 [08:43<04:33,  3.91s/it]
 66%|██████▌   | 131/200 [08:47<04:27,  3.88s/it]
 66%|██████▌   | 132/200 [08:51<04:30,  3.98s/it]
 66%|██████▋   | 133/200 [08:55<04:22,  3.92s/it]
 67%|██████▋   | 134/200 [08:58<04:13,  3.84s/it]
 68%|██████▊   | 135/200 [09:02<04:13,  3.90s/it]
 68%|██████▊   | 136/200 [09:06<04:10,  3.91s/it]
 68%|██████▊   | 137/200 [09:10<04:04,  3.89s/it]
 69%|██████▉   | 138/200 [09:14<04:00,  3.87s/it]
 70%|██████▉   | 139/200 [09:18<04:02,  3.97s/it]
 70%|███████   | 140/200 [09:22<04:01,  4.03s/it]
 70%|███████   | 141/200 [09:26<03:54,  3.97s/it]
 71%|███████   | 142/200 [09:30<03:55,  4.06s/it]
 72%|███████▏  | 143/200 [09:35<03:55,  4.13s/it]
 72%|███████▏  | 144/200 [09:39<03:50,  4.12s/it]
 72%|███████▎  | 145/200 [09:43<03:49,  4.17s/it]
 73%|███████▎  | 146/200 [09:47<03:44,  4.17s/it]
 74%|███████▎  | 147/200 [09:52<03:43,  4.22s/it]
 74%|███████▍  | 148/200 [09:56<03:44,  4.31s/it]
 74%|███████▍  | 149/200 [10:00<03:37,  4.27s/it]
 75%|███████▌  | 150/200 [10:05<03:33,  4.27s/it]
 76%|███████▌  | 151/200 [10:08<03:24,  4.17s/it]
 76%|███████▌  | 152/200 [10:12<03:16,  4.09s/it]
 76%|███████▋  | 153/200 [10:16<03:07,  3.98s/it]
 77%|███████▋  | 154/200 [10:20<03:01,  3.94s/it]
 78%|███████▊  | 155/200 [10:24<02:53,  3.86s/it]
 78%|███████▊  | 156/200 [10:28<02:52,  3.91s/it]
 78%|███████▊  | 157/200 [10:32<02:54,  4.05s/it]
 79%|███████▉  | 158/200 [10:36<02:54,  4.16s/it]
 80%|███████▉  | 159/200 [10:40<02:47,  4.09s/it]
 80%|████████  | 160/200 [10:44<02:42,  4.05s/it]
 80%|████████  | 161/200 [10:49<02:45,  4.23s/it]
 81%|████████  | 162/200 [10:53<02:36,  4.11s/it]
 82%|████████▏ | 163/200 [10:57<02:29,  4.05s/it]
 82%|████████▏ | 164/200 [11:01<02:23,  3.97s/it]
 82%|████████▎ | 165/200 [11:04<02:17,  3.93s/it]
 83%|████████▎ | 166/200 [11:09<02:15,  3.99s/it]
 84%|████████▎ | 167/200 [11:12<02:07,  3.86s/it]
 84%|████████▍ | 168/200 [11:16<02:02,  3.82s/it]
 84%|████████▍ | 169/200 [11:19<01:56,  3.76s/it]
 85%|████████▌ | 170/200 [11:23<01:54,  3.81s/it]
 86%|████████▌ | 171/200 [11:27<01:52,  3.89s/it]
 86%|████████▌ | 172/200 [11:32<01:55,  4.14s/it]
 86%|████████▋ | 173/200 [11:36<01:52,  4.16s/it]
 87%|████████▋ | 174/200 [11:41<01:48,  4.16s/it]
 88%|████████▊ | 175/200 [11:44<01:40,  4.04s/it]
 88%|████████▊ | 176/200 [11:49<01:39,  4.15s/it]
 88%|████████▊ | 177/200 [11:52<01:32,  4.00s/it]
 89%|████████▉ | 178/200 [11:56<01:28,  4.00s/it]
 90%|████████▉ | 179/200 [12:00<01:22,  3.93s/it]
 90%|█████████ | 180/200 [12:04<01:18,  3.92s/it]
 90%|█████████ | 181/200 [12:08<01:12,  3.81s/it]
 91%|█████████ | 182/200 [12:11<01:08,  3.78s/it]
 92%|█████████▏| 183/200 [12:15<01:04,  3.81s/it]
 92%|█████████▏| 184/200 [12:19<01:03,  3.96s/it]
 92%|█████████▎| 185/200 [12:23<00:59,  3.96s/it]
 93%|█████████▎| 186/200 [12:28<00:58,  4.16s/it]
 94%|█████████▎| 187/200 [12:32<00:54,  4.16s/it]
 94%|█████████▍| 188/200 [12:36<00:49,  4.15s/it]
 94%|█████████▍| 189/200 [12:40<00:44,  4.03s/it]
 95%|█████████▌| 190/200 [12:44<00:39,  3.94s/it]
 96%|█████████▌| 191/200 [12:48<00:35,  3.96s/it]
 96%|█████████▌| 192/200 [12:52<00:31,  3.89s/it]
 96%|█████████▋| 193/200 [12:55<00:26,  3.82s/it]
 97%|█████████▋| 194/200 [12:59<00:22,  3.81s/it]
 98%|█████████▊| 195/200 [13:03<00:19,  3.85s/it]
 98%|█████████▊| 196/200 [13:07<00:15,  3.91s/it]
 98%|█████████▊| 197/200 [13:11<00:11,  3.85s/it]
 99%|█████████▉| 198/200 [13:15<00:07,  3.85s/it]
100%|█████████▉| 199/200 [13:19<00:03,  3.99s/it]
100%|██████████| 200/200 [13:23<00:00,  4.00s/it]
                                                 
0
1
2
3
4
5
6
7
8
9
10
11
12
13
14
15
16
17
18
19
20
21
22
23
24
25
26
27
28
29
30
31
32
33
34
35
36
37
38
39
40
41
42
43
44
45
46
47
48
49
50
51
52
53
54
55
56
57
58
59
60
61
62
63
64
65
66
67
68
69
70
71
72
73
74
75
76
77
78
79
80
81
82
83
84
85
86
87
88
89
90
91
92
93
94
95
96
97
98
99
100
101
102
103
104
105
106
107
108
109
110
111
112
113
114
115
116
117
118
119
120
121
122
123
124
125
126
127
128
129
130
131
132
133
134
135
136
137
138
139
140
141
142
143
144
145
146
147
148
149
150
151
152
153
154
155
156
157
158
159
160
161
162
163
164
165
166
167
168
169
170
171
172
173
174
175
176
177
178
179
180
181
182
183
184
185
186
187
188
189
190
191
192
193
194
195
196
197
198
199
