 
Files to read: ['../pilot-cpjump1-data/profiles/2020_11_04_CPJUMP1/BR00116995/BR00116995_normalized_feature_select_negcon.csv.gz']
Files to read: ['../pilot-cpjump1-data/profiles/2020_11_04_CPJUMP1/BR00117024/BR00117024_normalized_feature_select_negcon.csv.gz']
Files to read: ['../pilot-cpjump1-data/profiles/2020_11_04_CPJUMP1/BR00117025/BR00117025_normalized_feature_select_negcon.csv.gz']
Files to read: ['../pilot-cpjump1-data/profiles/2020_11_04_CPJUMP1/BR00117026/BR00117026_normalized_feature_select_negcon.csv.gz']
Files to read: ['../pilot-cpjump1-data/profiles/2020_11_04_CPJUMP1/BR00116997/BR00116997_normalized_feature_select_negcon.csv.gz']
Files to read: ['../pilot-cpjump1-data/profiles/2020_11_04_CPJUMP1/BR00116998/BR00116998_normalized_feature_select_negcon.csv.gz']
Files to read: ['../pilot-cpjump1-data/profiles/2020_11_04_CPJUMP1/BR00116999/BR00116999_normalized_feature_select_negcon.csv.gz']
Files to read: ['../pilot-cpjump1-data/profiles/2020_11_04_CPJUMP1/BR00116996/BR00116996_normalized_feature_select_negcon.csv.gz']
Files to read: ['../pilot-cpjump1-data/profiles/2020_11_04_CPJUMP1/BR00117022/BR00117022_normalized_feature_select_negcon.csv.gz']
Files to read: ['../pilot-cpjump1-data/profiles/2020_11_04_CPJUMP1/BR00117023/BR00117023_normalized_feature_select_negcon.csv.gz']

  0%|          | 0/200 [00:00<?, ?it/s]
  0%|          | 1/200 [00:05<17:11,  5.18s/it]
  1%|          | 2/200 [00:09<14:32,  4.41s/it]
  2%|▏         | 3/200 [00:13<14:03,  4.28s/it]
  2%|▏         | 4/200 [00:17<13:32,  4.15s/it]
  2%|▎         | 5/200 [00:21<13:21,  4.11s/it]
  3%|▎         | 6/200 [00:25<13:23,  4.14s/it]
  4%|▎         | 7/200 [00:29<13:09,  4.09s/it]
  4%|▍         | 8/200 [00:33<12:57,  4.05s/it]
  4%|▍         | 9/200 [00:37<12:55,  4.06s/it]
  5%|▌         | 10/200 [00:41<12:59,  4.10s/it]
  6%|▌         | 11/200 [00:45<13:01,  4.14s/it]
  6%|▌         | 12/200 [00:50<13:03,  4.17s/it]
  6%|▋         | 13/200 [00:54<13:26,  4.31s/it]
  7%|▋         | 14/200 [00:58<13:12,  4.26s/it]
  8%|▊         | 15/200 [01:03<13:02,  4.23s/it]
  8%|▊         | 16/200 [01:07<12:56,  4.22s/it]
  8%|▊         | 17/200 [01:11<12:35,  4.13s/it]
  9%|▉         | 18/200 [01:15<12:21,  4.08s/it]
 10%|▉         | 19/200 [01:18<12:08,  4.03s/it]
 10%|█         | 20/200 [01:22<12:04,  4.02s/it]
 10%|█         | 21/200 [01:26<11:50,  3.97s/it]
 11%|█         | 22/200 [01:30<11:50,  3.99s/it]
 12%|█▏        | 23/200 [01:35<12:00,  4.07s/it]
 12%|█▏        | 24/200 [01:39<12:05,  4.12s/it]
 12%|█▎        | 25/200 [01:44<12:31,  4.30s/it]
 13%|█▎        | 26/200 [01:48<12:39,  4.37s/it]
 14%|█▎        | 27/200 [01:52<12:19,  4.27s/it]
 14%|█▍        | 28/200 [01:56<12:01,  4.20s/it]
 14%|█▍        | 29/200 [02:00<11:49,  4.15s/it]
 15%|█▌        | 30/200 [02:04<11:28,  4.05s/it]
 16%|█▌        | 31/200 [02:08<11:37,  4.13s/it]
 16%|█▌        | 32/200 [02:13<11:55,  4.26s/it]
 16%|█▋        | 33/200 [02:17<11:46,  4.23s/it]
 17%|█▋        | 34/200 [02:21<11:35,  4.19s/it]
 18%|█▊        | 35/200 [02:25<11:18,  4.11s/it]
 18%|█▊        | 36/200 [02:29<11:05,  4.06s/it]
 18%|█▊        | 37/200 [02:33<11:08,  4.10s/it]
 19%|█▉        | 38/200 [02:37<11:02,  4.09s/it]
 20%|█▉        | 39/200 [02:41<10:55,  4.07s/it]
 20%|██        | 40/200 [02:45<10:39,  4.00s/it]
 20%|██        | 41/200 [02:49<10:49,  4.09s/it]
 21%|██        | 42/200 [02:54<10:45,  4.09s/it]
 22%|██▏       | 43/200 [02:57<10:29,  4.01s/it]
 22%|██▏       | 44/200 [03:01<10:28,  4.03s/it]
 22%|██▎       | 45/200 [03:06<10:34,  4.10s/it]
 23%|██▎       | 46/200 [03:09<10:14,  3.99s/it]
 24%|██▎       | 47/200 [03:13<10:06,  3.96s/it]
 24%|██▍       | 48/200 [03:17<10:01,  3.95s/it]
 24%|██▍       | 49/200 [03:21<10:04,  4.00s/it]
 25%|██▌       | 50/200 [03:25<10:01,  4.01s/it]
 26%|██▌       | 51/200 [03:29<09:55,  4.00s/it]
 26%|██▌       | 52/200 [03:34<09:59,  4.05s/it]
 26%|██▋       | 53/200 [03:38<10:00,  4.08s/it]
 27%|██▋       | 54/200 [03:42<09:43,  3.99s/it]
 28%|██▊       | 55/200 [03:45<09:31,  3.94s/it]
 28%|██▊       | 56/200 [03:49<09:35,  4.00s/it]
 28%|██▊       | 57/200 [03:53<09:32,  4.00s/it]
 29%|██▉       | 58/200 [03:58<09:51,  4.16s/it]
 30%|██▉       | 59/200 [04:02<09:48,  4.17s/it]
 30%|███       | 60/200 [04:06<09:40,  4.15s/it]
 30%|███       | 61/200 [04:11<09:40,  4.17s/it]
 31%|███       | 62/200 [04:15<09:33,  4.15s/it]
 32%|███▏      | 63/200 [04:19<09:48,  4.30s/it]
 32%|███▏      | 64/200 [04:24<09:51,  4.35s/it]
 32%|███▎      | 65/200 [04:28<09:46,  4.35s/it]
 33%|███▎      | 66/200 [04:32<09:28,  4.24s/it]
 34%|███▎      | 67/200 [04:36<09:12,  4.15s/it]
 34%|███▍      | 68/200 [04:40<09:02,  4.11s/it]
 34%|███▍      | 69/200 [04:44<08:58,  4.11s/it]
 35%|███▌      | 70/200 [04:48<08:48,  4.06s/it]
 36%|███▌      | 71/200 [04:52<08:41,  4.04s/it]
 36%|███▌      | 72/200 [04:56<08:49,  4.14s/it]
 36%|███▋      | 73/200 [05:00<08:31,  4.03s/it]
 37%|███▋      | 74/200 [05:04<08:19,  3.96s/it]
 38%|███▊      | 75/200 [05:08<08:14,  3.95s/it]
 38%|███▊      | 76/200 [05:12<08:03,  3.90s/it]
 38%|███▊      | 77/200 [05:16<08:14,  4.02s/it]
 39%|███▉      | 78/200 [05:20<08:08,  4.00s/it]
 40%|███▉      | 79/200 [05:24<08:03,  4.00s/it]
 40%|████      | 80/200 [05:28<07:54,  3.95s/it]
 40%|████      | 81/200 [05:32<07:48,  3.93s/it]
 41%|████      | 82/200 [05:36<07:41,  3.91s/it]
 42%|████▏     | 83/200 [05:40<07:54,  4.06s/it]
 42%|████▏     | 84/200 [05:44<07:45,  4.01s/it]
 42%|████▎     | 85/200 [05:48<07:38,  3.99s/it]
 43%|████▎     | 86/200 [05:52<07:35,  3.99s/it]
 44%|████▎     | 87/200 [05:56<07:32,  4.01s/it]
 44%|████▍     | 88/200 [06:00<07:19,  3.92s/it]
 44%|████▍     | 89/200 [06:04<07:17,  3.94s/it]
 45%|████▌     | 90/200 [06:08<07:18,  3.99s/it]
 46%|████▌     | 91/200 [06:12<07:13,  3.98s/it]
 46%|████▌     | 92/200 [06:16<07:07,  3.96s/it]
 46%|████▋     | 93/200 [06:20<07:05,  3.98s/it]
 47%|████▋     | 94/200 [06:23<06:59,  3.96s/it]
 48%|████▊     | 95/200 [06:28<07:02,  4.02s/it]
 48%|████▊     | 96/200 [06:32<07:01,  4.06s/it]
 48%|████▊     | 97/200 [06:35<06:47,  3.95s/it]
 49%|████▉     | 98/200 [06:40<06:45,  3.97s/it]
 50%|████▉     | 99/200 [06:44<06:42,  3.98s/it]
 50%|█████     | 100/200 [06:47<06:37,  3.98s/it]
 50%|█████     | 101/200 [06:51<06:31,  3.95s/it]
 51%|█████     | 102/200 [06:56<06:36,  4.05s/it]
 52%|█████▏    | 103/200 [07:00<06:29,  4.01s/it]
 52%|█████▏    | 104/200 [07:04<06:48,  4.26s/it]
 52%|█████▎    | 105/200 [07:09<06:49,  4.31s/it]
 53%|█████▎    | 106/200 [07:14<06:58,  4.45s/it]
 54%|█████▎    | 107/200 [07:18<06:43,  4.34s/it]
 54%|█████▍    | 108/200 [07:22<06:24,  4.18s/it]
 55%|█████▍    | 109/200 [07:26<06:20,  4.18s/it]
 55%|█████▌    | 110/200 [07:30<06:09,  4.11s/it]
 56%|█████▌    | 111/200 [07:34<05:59,  4.04s/it]
 56%|█████▌    | 112/200 [07:37<05:52,  4.00s/it]
 56%|█████▋    | 113/200 [07:41<05:44,  3.95s/it]
 57%|█████▋    | 114/200 [07:45<05:37,  3.93s/it]
 57%|█████▊    | 115/200 [07:49<05:31,  3.90s/it]
 58%|█████▊    | 116/200 [07:53<05:30,  3.94s/it]
 58%|█████▊    | 117/200 [07:57<05:22,  3.89s/it]
 59%|█████▉    | 118/200 [08:01<05:25,  3.97s/it]
 60%|█████▉    | 119/200 [08:05<05:23,  4.00s/it]
 60%|██████    | 120/200 [08:09<05:19,  4.00s/it]
 60%|██████    | 121/200 [08:13<05:15,  4.00s/it]
 61%|██████    | 122/200 [08:17<05:12,  4.00s/it]
 62%|██████▏   | 123/200 [08:21<05:01,  3.91s/it]
 62%|██████▏   | 124/200 [08:25<05:00,  3.96s/it]
 62%|██████▎   | 125/200 [08:29<04:59,  3.99s/it]
 63%|██████▎   | 126/200 [08:33<04:53,  3.97s/it]
 64%|██████▎   | 127/200 [08:37<04:50,  3.98s/it]
 64%|██████▍   | 128/200 [08:41<04:55,  4.11s/it]
 64%|██████▍   | 129/200 [08:45<04:53,  4.13s/it]
 65%|██████▌   | 130/200 [08:49<04:48,  4.13s/it]
 66%|██████▌   | 131/200 [08:54<04:47,  4.17s/it]
 66%|██████▌   | 132/200 [08:58<04:40,  4.12s/it]
 66%|██████▋   | 133/200 [09:02<04:32,  4.07s/it]
 67%|██████▋   | 134/200 [09:06<04:27,  4.06s/it]
 68%|██████▊   | 135/200 [09:10<04:20,  4.00s/it]
 68%|██████▊   | 136/200 [09:13<04:12,  3.94s/it]
 68%|██████▊   | 137/200 [09:17<04:08,  3.94s/it]
 69%|██████▉   | 138/200 [09:21<04:07,  3.99s/it]
 70%|██████▉   | 139/200 [09:25<04:02,  3.97s/it]
 70%|███████   | 140/200 [09:29<03:58,  3.97s/it]
 70%|███████   | 141/200 [09:33<03:51,  3.92s/it]
 71%|███████   | 142/200 [09:38<03:55,  4.07s/it]
 72%|███████▏  | 143/200 [09:43<04:07,  4.35s/it]
 72%|███████▏  | 144/200 [09:47<04:08,  4.44s/it]
 72%|███████▎  | 145/200 [09:51<04:00,  4.37s/it]
 73%|███████▎  | 146/200 [09:56<04:06,  4.56s/it]
 74%|███████▎  | 147/200 [10:01<04:08,  4.70s/it]
 74%|███████▍  | 148/200 [10:06<03:54,  4.52s/it]
 74%|███████▍  | 149/200 [10:09<03:40,  4.32s/it]
 75%|███████▌  | 150/200 [10:13<03:27,  4.16s/it]
 76%|███████▌  | 151/200 [10:17<03:21,  4.11s/it]
 76%|███████▌  | 152/200 [10:21<03:17,  4.11s/it]
 76%|███████▋  | 153/200 [10:25<03:13,  4.12s/it]
 77%|███████▋  | 154/200 [10:30<03:09,  4.11s/it]
 78%|███████▊  | 155/200 [10:34<03:10,  4.24s/it]
 78%|███████▊  | 156/200 [10:39<03:09,  4.31s/it]
 78%|███████▊  | 157/200 [10:43<03:01,  4.22s/it]
 79%|███████▉  | 158/200 [10:47<02:54,  4.17s/it]
 80%|███████▉  | 159/200 [10:51<02:48,  4.11s/it]
 80%|████████  | 160/200 [10:55<02:44,  4.11s/it]
 80%|████████  | 161/200 [10:59<02:43,  4.19s/it]
 81%|████████  | 162/200 [11:04<02:42,  4.29s/it]
 82%|████████▏ | 163/200 [11:07<02:33,  4.14s/it]
 82%|████████▏ | 164/200 [11:12<02:35,  4.31s/it]
 82%|████████▎ | 165/200 [11:16<02:25,  4.16s/it]
 83%|████████▎ | 166/200 [11:20<02:19,  4.09s/it]
 84%|████████▎ | 167/200 [11:24<02:12,  4.03s/it]
 84%|████████▍ | 168/200 [11:27<02:06,  3.96s/it]
 84%|████████▍ | 169/200 [11:32<02:03,  3.99s/it]
 85%|████████▌ | 170/200 [11:36<02:00,  4.02s/it]
 86%|████████▌ | 171/200 [11:39<01:54,  3.94s/it]
 86%|████████▌ | 172/200 [11:43<01:50,  3.95s/it]
 86%|████████▋ | 173/200 [11:47<01:45,  3.92s/it]
 87%|████████▋ | 174/200 [11:51<01:43,  3.97s/it]
 88%|████████▊ | 175/200 [11:55<01:39,  3.97s/it]
 88%|████████▊ | 176/200 [11:59<01:34,  3.94s/it]
 88%|████████▊ | 177/200 [12:03<01:30,  3.92s/it]
 89%|████████▉ | 178/200 [12:07<01:26,  3.93s/it]
 90%|████████▉ | 179/200 [12:11<01:22,  3.93s/it]
 90%|█████████ | 180/200 [12:15<01:19,  4.00s/it]
 90%|█████████ | 181/200 [12:19<01:18,  4.13s/it]
 91%|█████████ | 182/200 [12:24<01:15,  4.19s/it]
 92%|█████████▏| 183/200 [12:29<01:16,  4.49s/it]
 92%|█████████▏| 184/200 [12:33<01:09,  4.35s/it]
 92%|█████████▎| 185/200 [12:38<01:07,  4.50s/it]
 93%|█████████▎| 186/200 [12:42<01:01,  4.37s/it]
 94%|█████████▎| 187/200 [12:46<00:56,  4.31s/it]
 94%|█████████▍| 188/200 [12:50<00:49,  4.13s/it]
 94%|█████████▍| 189/200 [12:54<00:45,  4.11s/it]
 95%|█████████▌| 190/200 [12:58<00:41,  4.11s/it]
 96%|█████████▌| 191/200 [13:02<00:36,  4.10s/it]
 96%|█████████▌| 192/200 [13:06<00:32,  4.08s/it]
 96%|█████████▋| 193/200 [13:10<00:28,  4.04s/it]
 97%|█████████▋| 194/200 [13:14<00:24,  4.12s/it]
 98%|█████████▊| 195/200 [13:19<00:21,  4.36s/it]
 98%|█████████▊| 196/200 [13:23<00:16,  4.21s/it]
 98%|█████████▊| 197/200 [13:27<00:12,  4.14s/it]
 99%|█████████▉| 198/200 [13:31<00:08,  4.11s/it]
100%|█████████▉| 199/200 [13:35<00:04,  4.06s/it]
100%|██████████| 200/200 [13:39<00:00,  4.06s/it]
                                                 
0
1
2
3
4
5
6
7
8
9
10
11
12
13
14
15
16
17
18
19
20
21
22
23
24
25
26
27
28
29
30
31
32
33
34
35
36
37
38
39
40
41
42
43
44
45
46
47
48
49
50
51
52
53
54
55
56
57
58
59
60
61
62
63
64
65
66
67
68
69
70
71
72
73
74
75
76
77
78
79
80
81
82
83
84
85
86
87
88
89
90
91
92
93
94
95
96
97
98
99
100
101
102
103
104
105
106
107
108
109
110
111
112
113
114
115
116
117
118
119
120
121
122
123
124
125
126
127
128
129
130
131
132
133
134
135
136
137
138
139
140
141
142
143
144
145
146
147
148
149
150
151
152
153
154
155
156
157
158
159
160
161
162
163
164
165
166
167
168
169
170
171
172
173
174
175
176
177
178
179
180
181
182
183
184
185
186
187
188
189
190
191
192
193
194
195
196
197
198
199
