 
Files to read: ['../pilot-cpjump1-data/profiles/2020_11_04_CPJUMP1/BR00116995/BR00116995_normalized_feature_select_negcon.csv.gz']
Files to read: ['../pilot-cpjump1-data/profiles/2020_11_04_CPJUMP1/BR00117024/BR00117024_normalized_feature_select_negcon.csv.gz']
Files to read: ['../pilot-cpjump1-data/profiles/2020_11_04_CPJUMP1/BR00117025/BR00117025_normalized_feature_select_negcon.csv.gz']
Files to read: ['../pilot-cpjump1-data/profiles/2020_11_04_CPJUMP1/BR00117026/BR00117026_normalized_feature_select_negcon.csv.gz']
Files to read: ['../pilot-cpjump1-data/profiles/2020_11_04_CPJUMP1/BR00116997/BR00116997_normalized_feature_select_negcon.csv.gz']
Files to read: ['../pilot-cpjump1-data/profiles/2020_11_04_CPJUMP1/BR00116998/BR00116998_normalized_feature_select_negcon.csv.gz']
Files to read: ['../pilot-cpjump1-data/profiles/2020_11_04_CPJUMP1/BR00116999/BR00116999_normalized_feature_select_negcon.csv.gz']
Files to read: ['../pilot-cpjump1-data/profiles/2020_11_04_CPJUMP1/BR00116996/BR00116996_normalized_feature_select_negcon.csv.gz']
Files to read: ['../pilot-cpjump1-data/profiles/2020_11_04_CPJUMP1/BR00117022/BR00117022_normalized_feature_select_negcon.csv.gz']
Files to read: ['../pilot-cpjump1-data/profiles/2020_11_04_CPJUMP1/BR00117023/BR00117023_normalized_feature_select_negcon.csv.gz']

  0%|          | 0/200 [00:00<?, ?it/s]
  0%|          | 1/200 [00:04<16:26,  4.96s/it]
  1%|          | 2/200 [00:09<14:53,  4.51s/it]
  2%|▏         | 3/200 [00:13<14:58,  4.56s/it]
  2%|▏         | 4/200 [00:18<14:29,  4.44s/it]
  2%|▎         | 5/200 [00:21<13:37,  4.19s/it]
  3%|▎         | 6/200 [00:25<13:11,  4.08s/it]
  4%|▎         | 7/200 [00:29<12:56,  4.02s/it]
  4%|▍         | 8/200 [00:33<13:05,  4.09s/it]
  4%|▍         | 9/200 [00:37<12:49,  4.03s/it]
  5%|▌         | 10/200 [00:41<12:28,  3.94s/it]
  6%|▌         | 11/200 [00:45<12:38,  4.02s/it]
  6%|▌         | 12/200 [00:49<12:34,  4.01s/it]
  6%|▋         | 13/200 [00:53<12:32,  4.02s/it]
  7%|▋         | 14/200 [00:57<12:29,  4.03s/it]
  8%|▊         | 15/200 [01:01<12:24,  4.02s/it]
  8%|▊         | 16/200 [01:05<12:30,  4.08s/it]
  8%|▊         | 17/200 [01:09<12:14,  4.01s/it]
  9%|▉         | 18/200 [01:13<12:06,  3.99s/it]
 10%|▉         | 19/200 [01:17<11:57,  3.96s/it]
 10%|█         | 20/200 [01:21<11:51,  3.95s/it]
 10%|█         | 21/200 [01:25<11:42,  3.93s/it]
 11%|█         | 22/200 [01:29<11:31,  3.89s/it]
 12%|█▏        | 23/200 [01:33<11:39,  3.95s/it]
 12%|█▏        | 24/200 [01:37<11:32,  3.93s/it]
 12%|█▎        | 25/200 [01:41<11:32,  3.96s/it]
 13%|█▎        | 26/200 [01:45<11:26,  3.95s/it]
 14%|█▎        | 27/200 [01:49<11:22,  3.94s/it]
 14%|█▍        | 28/200 [01:53<11:23,  3.98s/it]
 14%|█▍        | 29/200 [01:57<11:18,  3.97s/it]
 15%|█▌        | 30/200 [02:00<11:03,  3.90s/it]
 16%|█▌        | 31/200 [02:04<11:02,  3.92s/it]
 16%|█▌        | 32/200 [02:08<10:53,  3.89s/it]
 16%|█▋        | 33/200 [02:12<10:52,  3.91s/it]
 17%|█▋        | 34/200 [02:16<10:45,  3.89s/it]
 18%|█▊        | 35/200 [02:20<10:42,  3.90s/it]
 18%|█▊        | 36/200 [02:24<10:41,  3.91s/it]
 18%|█▊        | 37/200 [02:28<10:40,  3.93s/it]
 19%|█▉        | 38/200 [02:32<10:39,  3.95s/it]
 20%|█▉        | 39/200 [02:36<11:00,  4.11s/it]
 20%|██        | 40/200 [02:41<11:17,  4.23s/it]
 20%|██        | 41/200 [02:45<11:24,  4.31s/it]
 21%|██        | 42/200 [02:49<11:12,  4.26s/it]
 22%|██▏       | 43/200 [02:53<10:46,  4.12s/it]
 22%|██▏       | 44/200 [02:57<10:31,  4.05s/it]
 22%|██▎       | 45/200 [03:01<10:21,  4.01s/it]
 23%|██▎       | 46/200 [03:05<10:15,  4.00s/it]
 24%|██▎       | 47/200 [03:09<10:04,  3.95s/it]
 24%|██▍       | 48/200 [03:13<09:51,  3.89s/it]
 24%|██▍       | 49/200 [03:17<10:03,  4.00s/it]
 25%|██▌       | 50/200 [03:21<10:01,  4.01s/it]
 26%|██▌       | 51/200 [03:25<10:10,  4.10s/it]
 26%|██▌       | 52/200 [03:30<10:23,  4.22s/it]
 26%|██▋       | 53/200 [03:34<10:12,  4.17s/it]
 27%|██▋       | 54/200 [03:38<09:55,  4.08s/it]
 28%|██▊       | 55/200 [03:42<09:49,  4.07s/it]
 28%|██▊       | 56/200 [03:45<09:36,  4.00s/it]
 28%|██▊       | 57/200 [03:49<09:20,  3.92s/it]
 29%|██▉       | 58/200 [03:53<09:24,  3.98s/it]
 30%|██▉       | 59/200 [03:57<09:18,  3.96s/it]
 30%|███       | 60/200 [04:01<09:15,  3.97s/it]
 30%|███       | 61/200 [04:05<09:00,  3.89s/it]
 31%|███       | 62/200 [04:09<08:50,  3.85s/it]
 32%|███▏      | 63/200 [04:13<08:50,  3.87s/it]
 32%|███▏      | 64/200 [04:17<08:53,  3.92s/it]
 32%|███▎      | 65/200 [04:21<09:18,  4.14s/it]
 33%|███▎      | 66/200 [04:25<09:08,  4.09s/it]
 34%|███▎      | 67/200 [04:29<08:43,  3.93s/it]
 34%|███▍      | 68/200 [04:33<08:42,  3.96s/it]
 34%|███▍      | 69/200 [04:37<08:38,  3.96s/it]
 35%|███▌      | 70/200 [04:41<08:37,  3.98s/it]
 36%|███▌      | 71/200 [04:45<08:48,  4.10s/it]
 36%|███▌      | 72/200 [04:49<08:37,  4.05s/it]
 36%|███▋      | 73/200 [04:53<08:26,  3.99s/it]
 37%|███▋      | 74/200 [04:57<08:26,  4.02s/it]
 38%|███▊      | 75/200 [05:01<08:25,  4.05s/it]
 38%|███▊      | 76/200 [05:05<08:26,  4.09s/it]
 38%|███▊      | 77/200 [05:10<08:39,  4.22s/it]
 39%|███▉      | 78/200 [05:14<08:33,  4.21s/it]
 40%|███▉      | 79/200 [05:18<08:18,  4.12s/it]
 40%|████      | 80/200 [05:22<08:26,  4.22s/it]
 40%|████      | 81/200 [05:26<08:12,  4.14s/it]
 41%|████      | 82/200 [05:30<07:52,  4.01s/it]
 42%|████▏     | 83/200 [05:34<07:42,  3.95s/it]
 42%|████▏     | 84/200 [05:38<07:41,  3.98s/it]
 42%|████▎     | 85/200 [05:42<07:31,  3.93s/it]
 43%|████▎     | 86/200 [05:46<07:48,  4.11s/it]
 44%|████▎     | 87/200 [05:50<07:36,  4.04s/it]
 44%|████▍     | 88/200 [05:54<07:25,  3.98s/it]
 44%|████▍     | 89/200 [05:58<07:19,  3.96s/it]
 45%|████▌     | 90/200 [06:02<07:16,  3.96s/it]
 46%|████▌     | 91/200 [06:06<07:10,  3.95s/it]
 46%|████▌     | 92/200 [06:10<07:14,  4.03s/it]
 46%|████▋     | 93/200 [06:14<07:16,  4.08s/it]
 47%|████▋     | 94/200 [06:18<07:02,  3.98s/it]
 48%|████▊     | 95/200 [06:22<06:58,  3.98s/it]
 48%|████▊     | 96/200 [06:26<06:49,  3.94s/it]
 48%|████▊     | 97/200 [06:29<06:31,  3.80s/it]
 49%|████▉     | 98/200 [06:34<06:57,  4.10s/it]
 50%|████▉     | 99/200 [06:38<07:01,  4.17s/it]
 50%|█████     | 100/200 [06:42<06:40,  4.00s/it]
 50%|█████     | 101/200 [06:46<06:27,  3.91s/it]
 51%|█████     | 102/200 [06:50<06:21,  3.89s/it]
 52%|█████▏    | 103/200 [06:53<06:10,  3.82s/it]
 52%|█████▏    | 104/200 [06:57<06:03,  3.79s/it]
 52%|█████▎    | 105/200 [07:01<06:00,  3.80s/it]
 53%|█████▎    | 106/200 [07:05<05:59,  3.82s/it]
 54%|█████▎    | 107/200 [07:08<05:50,  3.77s/it]
 54%|█████▍    | 108/200 [07:12<05:58,  3.89s/it]
 55%|█████▍    | 109/200 [07:16<05:56,  3.92s/it]
 55%|█████▌    | 110/200 [07:20<05:55,  3.95s/it]
 56%|█████▌    | 111/200 [07:24<05:51,  3.95s/it]
 56%|█████▌    | 112/200 [07:28<05:43,  3.90s/it]
 56%|█████▋    | 113/200 [07:32<05:43,  3.95s/it]
 57%|█████▋    | 114/200 [07:36<05:43,  4.00s/it]
 57%|█████▊    | 115/200 [07:40<05:36,  3.95s/it]
 58%|█████▊    | 116/200 [07:44<05:28,  3.91s/it]
 58%|█████▊    | 117/200 [07:48<05:37,  4.07s/it]
 59%|█████▉    | 118/200 [07:53<05:42,  4.17s/it]
 60%|█████▉    | 119/200 [07:57<05:37,  4.17s/it]
 60%|██████    | 120/200 [08:01<05:30,  4.13s/it]
 60%|██████    | 121/200 [08:05<05:16,  4.00s/it]
 61%|██████    | 122/200 [08:09<05:09,  3.96s/it]
 62%|██████▏   | 123/200 [08:12<04:58,  3.87s/it]
 62%|██████▏   | 124/200 [08:16<04:54,  3.88s/it]
 62%|██████▎   | 125/200 [08:20<04:53,  3.91s/it]
 63%|██████▎   | 126/200 [08:24<04:55,  4.00s/it]
 64%|██████▎   | 127/200 [08:28<04:51,  3.99s/it]
 64%|██████▍   | 128/200 [08:33<04:59,  4.16s/it]
 64%|██████▍   | 129/200 [08:37<04:51,  4.11s/it]
 65%|██████▌   | 130/200 [08:41<04:43,  4.05s/it]
 66%|██████▌   | 131/200 [08:45<04:33,  3.96s/it]
 66%|██████▌   | 132/200 [08:48<04:28,  3.95s/it]
 66%|██████▋   | 133/200 [08:52<04:25,  3.96s/it]
 67%|██████▋   | 134/200 [08:57<04:25,  4.03s/it]
 68%|██████▊   | 135/200 [09:01<04:20,  4.00s/it]
 68%|██████▊   | 136/200 [09:05<04:23,  4.12s/it]
 68%|██████▊   | 137/200 [09:09<04:18,  4.11s/it]
 69%|██████▉   | 138/200 [09:13<04:09,  4.03s/it]
 70%|██████▉   | 139/200 [09:17<04:08,  4.07s/it]
 70%|███████   | 140/200 [09:21<04:07,  4.12s/it]
 70%|███████   | 141/200 [09:26<04:16,  4.35s/it]
 71%|███████   | 142/200 [09:30<04:02,  4.19s/it]
 72%|███████▏  | 143/200 [09:34<03:50,  4.05s/it]
 72%|███████▏  | 144/200 [09:38<03:44,  4.00s/it]
 72%|███████▎  | 145/200 [09:42<03:39,  3.99s/it]
 73%|███████▎  | 146/200 [09:46<03:34,  3.98s/it]
 74%|███████▎  | 147/200 [09:49<03:30,  3.97s/it]
 74%|███████▍  | 148/200 [09:53<03:23,  3.92s/it]
 74%|███████▍  | 149/200 [09:57<03:18,  3.89s/it]
 75%|███████▌  | 150/200 [10:01<03:15,  3.92s/it]
 76%|███████▌  | 151/200 [10:05<03:13,  3.94s/it]
 76%|███████▌  | 152/200 [10:09<03:13,  4.03s/it]
 76%|███████▋  | 153/200 [10:13<03:10,  4.04s/it]
 77%|███████▋  | 154/200 [10:18<03:10,  4.14s/it]
 78%|███████▊  | 155/200 [10:22<03:09,  4.21s/it]
 78%|███████▊  | 156/200 [10:27<03:07,  4.27s/it]
 78%|███████▊  | 157/200 [10:31<03:01,  4.23s/it]
 79%|███████▉  | 158/200 [10:34<02:51,  4.09s/it]
 80%|███████▉  | 159/200 [10:38<02:43,  3.98s/it]
 80%|████████  | 160/200 [10:42<02:43,  4.08s/it]
 80%|████████  | 161/200 [10:47<02:44,  4.22s/it]
 81%|████████  | 162/200 [10:52<02:44,  4.32s/it]
 82%|████████▏ | 163/200 [10:56<02:36,  4.24s/it]
 82%|████████▏ | 164/200 [11:00<02:33,  4.26s/it]
 82%|████████▎ | 165/200 [11:04<02:23,  4.09s/it]
 83%|████████▎ | 166/200 [11:07<02:15,  3.99s/it]
 84%|████████▎ | 167/200 [11:11<02:09,  3.93s/it]
 84%|████████▍ | 168/200 [11:15<02:05,  3.91s/it]
 84%|████████▍ | 169/200 [11:20<02:08,  4.14s/it]
 85%|████████▌ | 170/200 [11:25<02:10,  4.36s/it]
 86%|████████▌ | 171/200 [11:28<02:01,  4.19s/it]
 86%|████████▌ | 172/200 [11:32<01:54,  4.09s/it]
 86%|████████▋ | 173/200 [11:36<01:48,  4.03s/it]
 87%|████████▋ | 174/200 [11:40<01:46,  4.11s/it]
 88%|████████▊ | 175/200 [11:44<01:42,  4.10s/it]
 88%|████████▊ | 176/200 [11:48<01:37,  4.05s/it]
 88%|████████▊ | 177/200 [11:52<01:31,  3.96s/it]
 89%|████████▉ | 178/200 [11:56<01:26,  3.94s/it]
 90%|████████▉ | 179/200 [12:00<01:21,  3.89s/it]
 90%|█████████ | 180/200 [12:04<01:21,  4.07s/it]
 90%|█████████ | 181/200 [12:08<01:17,  4.06s/it]
 91%|█████████ | 182/200 [12:12<01:12,  4.01s/it]
 92%|█████████▏| 183/200 [12:16<01:06,  3.88s/it]
 92%|█████████▏| 184/200 [12:20<01:01,  3.85s/it]
 92%|█████████▎| 185/200 [12:24<00:59,  3.94s/it]
 93%|█████████▎| 186/200 [12:28<00:55,  3.99s/it]
 94%|█████████▎| 187/200 [12:32<00:52,  4.02s/it]
 94%|█████████▍| 188/200 [12:36<00:48,  4.04s/it]
 94%|█████████▍| 189/200 [12:40<00:43,  3.95s/it]
 95%|█████████▌| 190/200 [12:44<00:39,  3.97s/it]
 96%|█████████▌| 191/200 [12:48<00:35,  3.95s/it]
 96%|█████████▌| 192/200 [12:52<00:33,  4.14s/it]
 96%|█████████▋| 193/200 [12:56<00:28,  4.09s/it]
 97%|█████████▋| 194/200 [13:00<00:23,  4.00s/it]
 98%|█████████▊| 195/200 [13:04<00:19,  3.94s/it]
 98%|█████████▊| 196/200 [13:09<00:16,  4.16s/it]
 98%|█████████▊| 197/200 [13:13<00:12,  4.18s/it]
 99%|█████████▉| 198/200 [13:17<00:08,  4.14s/it]
100%|█████████▉| 199/200 [13:21<00:04,  4.18s/it]
100%|██████████| 200/200 [13:25<00:00,  4.09s/it]
                                                 
0
1
2
3
4
5
6
7
8
9
10
11
12
13
14
15
16
17
18
19
20
21
22
23
24
25
26
27
28
29
30
31
32
33
34
35
36
37
38
39
40
41
42
43
44
45
46
47
48
49
50
51
52
53
54
55
56
57
58
59
60
61
62
63
64
65
66
67
68
69
70
71
72
73
74
75
76
77
78
79
80
81
82
83
84
85
86
87
88
89
90
91
92
93
94
95
96
97
98
99
100
101
102
103
104
105
106
107
108
109
110
111
112
113
114
115
116
117
118
119
120
121
122
123
124
125
126
127
128
129
130
131
132
133
134
135
136
137
138
139
140
141
142
143
144
145
146
147
148
149
150
151
152
153
154
155
156
157
158
159
160
161
162
163
164
165
166
167
168
169
170
171
172
173
174
175
176
177
178
179
180
181
182
183
184
185
186
187
188
189
190
191
192
193
194
195
196
197
198
199
