 
Files to read: ['../pilot-cpjump1-data/profiles/2020_11_04_CPJUMP1/BR00116995/BR00116995_normalized_feature_select_negcon.csv.gz']
Files to read: ['../pilot-cpjump1-data/profiles/2020_11_04_CPJUMP1/BR00117024/BR00117024_normalized_feature_select_negcon.csv.gz']
Files to read: ['../pilot-cpjump1-data/profiles/2020_11_04_CPJUMP1/BR00117025/BR00117025_normalized_feature_select_negcon.csv.gz']
Files to read: ['../pilot-cpjump1-data/profiles/2020_11_04_CPJUMP1/BR00117026/BR00117026_normalized_feature_select_negcon.csv.gz']
Files to read: ['../pilot-cpjump1-data/profiles/2020_11_04_CPJUMP1/BR00116997/BR00116997_normalized_feature_select_negcon.csv.gz']
Files to read: ['../pilot-cpjump1-data/profiles/2020_11_04_CPJUMP1/BR00116998/BR00116998_normalized_feature_select_negcon.csv.gz']
Files to read: ['../pilot-cpjump1-data/profiles/2020_11_04_CPJUMP1/BR00116999/BR00116999_normalized_feature_select_negcon.csv.gz']
Files to read: ['../pilot-cpjump1-data/profiles/2020_11_04_CPJUMP1/BR00116996/BR00116996_normalized_feature_select_negcon.csv.gz']
Files to read: ['../pilot-cpjump1-data/profiles/2020_11_04_CPJUMP1/BR00117022/BR00117022_normalized_feature_select_negcon.csv.gz']
Files to read: ['../pilot-cpjump1-data/profiles/2020_11_04_CPJUMP1/BR00117023/BR00117023_normalized_feature_select_negcon.csv.gz']

  0%|          | 0/200 [00:00<?, ?it/s]
  0%|          | 1/200 [00:07<23:35,  7.11s/it]
  1%|          | 2/200 [00:10<17:00,  5.15s/it]
  2%|▏         | 3/200 [00:14<14:57,  4.56s/it]
  2%|▏         | 4/200 [00:18<13:47,  4.22s/it]
  2%|▎         | 5/200 [00:22<13:43,  4.23s/it]
  3%|▎         | 6/200 [00:26<13:35,  4.20s/it]
  4%|▎         | 7/200 [00:31<13:32,  4.21s/it]
  4%|▍         | 8/200 [00:35<13:11,  4.12s/it]
  4%|▍         | 9/200 [00:38<12:49,  4.03s/it]
  5%|▌         | 10/200 [00:42<12:44,  4.02s/it]
  6%|▌         | 11/200 [00:47<12:50,  4.08s/it]
  6%|▌         | 12/200 [00:51<12:47,  4.08s/it]
  6%|▋         | 13/200 [00:54<12:21,  3.96s/it]
  7%|▋         | 14/200 [00:59<12:35,  4.06s/it]
  8%|▊         | 15/200 [01:03<12:26,  4.03s/it]
  8%|▊         | 16/200 [01:07<12:20,  4.02s/it]
  8%|▊         | 17/200 [01:11<12:13,  4.01s/it]
  9%|▉         | 18/200 [01:14<12:01,  3.96s/it]
 10%|▉         | 19/200 [01:19<12:09,  4.03s/it]
 10%|█         | 20/200 [01:23<12:02,  4.01s/it]
 10%|█         | 21/200 [01:27<12:00,  4.03s/it]
 11%|█         | 22/200 [01:31<12:23,  4.18s/it]
 12%|█▏        | 23/200 [01:35<12:23,  4.20s/it]
 12%|█▏        | 24/200 [01:40<12:22,  4.22s/it]
 12%|█▎        | 25/200 [01:44<12:13,  4.19s/it]
 13%|█▎        | 26/200 [01:48<12:08,  4.19s/it]
 14%|█▎        | 27/200 [01:52<11:47,  4.09s/it]
 14%|█▍        | 28/200 [01:56<11:23,  3.97s/it]
 14%|█▍        | 29/200 [01:59<11:05,  3.89s/it]
 15%|█▌        | 30/200 [02:03<10:37,  3.75s/it]
 16%|█▌        | 31/200 [02:07<10:49,  3.84s/it]
 16%|█▌        | 32/200 [02:11<10:52,  3.88s/it]
 16%|█▋        | 33/200 [02:15<11:07,  4.00s/it]
 17%|█▋        | 34/200 [02:19<11:16,  4.07s/it]
 18%|█▊        | 35/200 [02:23<10:59,  3.99s/it]
 18%|█▊        | 36/200 [02:27<10:44,  3.93s/it]
 18%|█▊        | 37/200 [02:31<10:44,  3.95s/it]
 19%|█▉        | 38/200 [02:35<10:46,  3.99s/it]
 20%|█▉        | 39/200 [02:39<10:36,  3.96s/it]
 20%|██        | 40/200 [02:43<10:25,  3.91s/it]
 20%|██        | 41/200 [02:46<10:18,  3.89s/it]
 21%|██        | 42/200 [02:50<10:14,  3.89s/it]
 22%|██▏       | 43/200 [02:54<10:21,  3.96s/it]
 22%|██▏       | 44/200 [02:58<10:09,  3.90s/it]
 22%|██▎       | 45/200 [03:02<10:00,  3.87s/it]
 23%|██▎       | 46/200 [03:06<09:53,  3.86s/it]
 24%|██▎       | 47/200 [03:10<09:48,  3.84s/it]
 24%|██▍       | 48/200 [03:14<09:53,  3.91s/it]
 24%|██▍       | 49/200 [03:18<09:56,  3.95s/it]
 25%|██▌       | 50/200 [03:22<09:49,  3.93s/it]
 26%|██▌       | 51/200 [03:25<09:39,  3.89s/it]
 26%|██▌       | 52/200 [03:29<09:33,  3.87s/it]
 26%|██▋       | 53/200 [03:33<09:29,  3.88s/it]
 27%|██▋       | 54/200 [03:37<09:30,  3.91s/it]
 28%|██▊       | 55/200 [03:41<09:26,  3.91s/it]
 28%|██▊       | 56/200 [03:45<09:24,  3.92s/it]
 28%|██▊       | 57/200 [03:49<09:31,  4.00s/it]
 29%|██▉       | 58/200 [03:53<09:25,  3.98s/it]
 30%|██▉       | 59/200 [03:57<09:21,  3.98s/it]
 30%|███       | 60/200 [04:01<09:19,  4.00s/it]
 30%|███       | 61/200 [04:05<09:11,  3.97s/it]
 31%|███       | 62/200 [04:09<08:55,  3.88s/it]
 32%|███▏      | 63/200 [04:13<09:02,  3.96s/it]
 32%|███▏      | 64/200 [04:17<08:52,  3.91s/it]
 32%|███▎      | 65/200 [04:21<08:51,  3.94s/it]
 33%|███▎      | 66/200 [04:24<08:44,  3.92s/it]
 34%|███▎      | 67/200 [04:28<08:38,  3.90s/it]
 34%|███▍      | 68/200 [04:33<08:51,  4.03s/it]
 34%|███▍      | 69/200 [04:37<08:57,  4.11s/it]
 35%|███▌      | 70/200 [04:42<09:12,  4.25s/it]
 36%|███▌      | 71/200 [04:46<09:19,  4.34s/it]
 36%|███▌      | 72/200 [04:50<08:53,  4.17s/it]
 36%|███▋      | 73/200 [04:54<08:40,  4.10s/it]
 37%|███▋      | 74/200 [04:58<08:30,  4.05s/it]
 38%|███▊      | 75/200 [05:01<08:12,  3.94s/it]
 38%|███▊      | 76/200 [05:06<08:22,  4.05s/it]
 38%|███▊      | 77/200 [05:10<08:15,  4.03s/it]
 39%|███▉      | 78/200 [05:15<08:40,  4.27s/it]
 40%|███▉      | 79/200 [05:19<08:42,  4.32s/it]
 40%|████      | 80/200 [05:23<08:23,  4.20s/it]
 40%|████      | 81/200 [05:27<08:08,  4.11s/it]
 41%|████      | 82/200 [05:31<08:03,  4.10s/it]
 42%|████▏     | 83/200 [05:35<07:57,  4.08s/it]
 42%|████▏     | 84/200 [05:39<07:45,  4.02s/it]
 42%|████▎     | 85/200 [05:43<07:32,  3.94s/it]
 43%|████▎     | 86/200 [05:47<07:34,  3.99s/it]
 44%|████▎     | 87/200 [05:50<07:25,  3.94s/it]
 44%|████▍     | 88/200 [05:54<07:18,  3.92s/it]
 44%|████▍     | 89/200 [05:58<07:13,  3.91s/it]
 45%|████▌     | 90/200 [06:03<07:23,  4.03s/it]
 46%|████▌     | 91/200 [06:06<07:14,  3.99s/it]
 46%|████▌     | 92/200 [06:10<07:02,  3.92s/it]
 46%|████▋     | 93/200 [06:14<06:48,  3.82s/it]
 47%|████▋     | 94/200 [06:18<07:05,  4.02s/it]
 48%|████▊     | 95/200 [06:22<07:03,  4.03s/it]
 48%|████▊     | 96/200 [06:27<07:04,  4.08s/it]
 48%|████▊     | 97/200 [06:30<06:50,  3.99s/it]
 49%|████▉     | 98/200 [06:34<06:45,  3.98s/it]
 50%|████▉     | 99/200 [06:38<06:43,  4.00s/it]
 50%|█████     | 100/200 [06:42<06:38,  3.99s/it]
 50%|█████     | 101/200 [06:46<06:27,  3.92s/it]
 51%|█████     | 102/200 [06:50<06:39,  4.07s/it]
 52%|█████▏    | 103/200 [06:55<06:38,  4.11s/it]
 52%|█████▏    | 104/200 [06:59<06:34,  4.11s/it]
 52%|█████▎    | 105/200 [07:03<06:32,  4.13s/it]
 53%|█████▎    | 106/200 [07:08<06:41,  4.27s/it]
 54%|█████▎    | 107/200 [07:12<06:49,  4.40s/it]
 54%|█████▍    | 108/200 [07:17<06:54,  4.50s/it]
 55%|█████▍    | 109/200 [07:21<06:46,  4.46s/it]
 55%|█████▌    | 110/200 [07:26<06:38,  4.43s/it]
 56%|█████▌    | 111/200 [07:30<06:26,  4.35s/it]
 56%|█████▌    | 112/200 [07:34<06:15,  4.27s/it]
 56%|█████▋    | 113/200 [07:38<06:00,  4.14s/it]
 57%|█████▋    | 114/200 [07:42<05:50,  4.08s/it]
 57%|█████▊    | 115/200 [07:46<05:44,  4.05s/it]
 58%|█████▊    | 116/200 [07:50<05:37,  4.01s/it]
 58%|█████▊    | 117/200 [07:54<05:39,  4.09s/it]
 59%|█████▉    | 118/200 [07:58<05:39,  4.14s/it]
 60%|█████▉    | 119/200 [08:02<05:35,  4.14s/it]
 60%|██████    | 120/200 [08:06<05:32,  4.16s/it]
 60%|██████    | 121/200 [08:11<05:26,  4.13s/it]
 61%|██████    | 122/200 [08:15<05:21,  4.13s/it]
 62%|██████▏   | 123/200 [08:19<05:11,  4.04s/it]
 62%|██████▏   | 124/200 [08:22<05:04,  4.01s/it]
 62%|██████▎   | 125/200 [08:26<04:55,  3.94s/it]
 63%|██████▎   | 126/200 [08:30<04:58,  4.03s/it]
 64%|██████▎   | 127/200 [08:35<05:03,  4.15s/it]
 64%|██████▍   | 128/200 [08:39<04:52,  4.07s/it]
 64%|██████▍   | 129/200 [08:43<04:46,  4.03s/it]
 65%|██████▌   | 130/200 [08:47<04:44,  4.07s/it]
 66%|██████▌   | 131/200 [08:51<04:39,  4.04s/it]
 66%|██████▌   | 132/200 [08:55<04:32,  4.00s/it]
 66%|██████▋   | 133/200 [08:59<04:34,  4.10s/it]
 67%|██████▋   | 134/200 [09:03<04:36,  4.19s/it]
 68%|██████▊   | 135/200 [09:07<04:27,  4.12s/it]
 68%|██████▊   | 136/200 [09:11<04:21,  4.09s/it]
 68%|██████▊   | 137/200 [09:15<04:16,  4.06s/it]
 69%|██████▉   | 138/200 [09:20<04:18,  4.17s/it]
 70%|██████▉   | 139/200 [09:24<04:13,  4.16s/it]
 70%|███████   | 140/200 [09:28<04:10,  4.17s/it]
 70%|███████   | 141/200 [09:33<04:12,  4.29s/it]
 71%|███████   | 142/200 [09:38<04:18,  4.46s/it]
 72%|███████▏  | 143/200 [09:42<04:15,  4.49s/it]
 72%|███████▏  | 144/200 [09:46<03:59,  4.28s/it]
 72%|███████▎  | 145/200 [09:50<03:53,  4.24s/it]
 73%|███████▎  | 146/200 [09:54<03:44,  4.15s/it]
 74%|███████▎  | 147/200 [09:59<03:46,  4.27s/it]
 74%|███████▍  | 148/200 [10:03<03:37,  4.18s/it]
 74%|███████▍  | 149/200 [10:07<03:29,  4.11s/it]
 75%|███████▌  | 150/200 [10:11<03:26,  4.13s/it]
 76%|███████▌  | 151/200 [10:15<03:18,  4.06s/it]
 76%|███████▌  | 152/200 [10:19<03:13,  4.04s/it]
 76%|███████▋  | 153/200 [10:22<03:06,  3.98s/it]
 77%|███████▋  | 154/200 [10:27<03:04,  4.01s/it]
 78%|███████▊  | 155/200 [10:31<03:01,  4.02s/it]
 78%|███████▊  | 156/200 [10:35<02:57,  4.04s/it]
 78%|███████▊  | 157/200 [10:39<02:54,  4.05s/it]
 79%|███████▉  | 158/200 [10:43<02:49,  4.04s/it]
 80%|███████▉  | 159/200 [10:47<02:45,  4.03s/it]
 80%|████████  | 160/200 [10:51<02:41,  4.04s/it]
 80%|████████  | 161/200 [10:55<02:37,  4.04s/it]
 81%|████████  | 162/200 [10:59<02:36,  4.12s/it]
 82%|████████▏ | 163/200 [11:03<02:31,  4.09s/it]
 82%|████████▏ | 164/200 [11:07<02:26,  4.06s/it]
 82%|████████▎ | 165/200 [11:11<02:20,  4.03s/it]
 83%|████████▎ | 166/200 [11:15<02:14,  3.96s/it]
 84%|████████▎ | 167/200 [11:19<02:10,  3.94s/it]
 84%|████████▍ | 168/200 [11:23<02:05,  3.93s/it]
 84%|████████▍ | 169/200 [11:27<02:04,  4.03s/it]
 85%|████████▌ | 170/200 [11:31<02:00,  4.01s/it]
 86%|████████▌ | 171/200 [11:35<01:55,  3.97s/it]
 86%|████████▌ | 172/200 [11:39<01:50,  3.96s/it]
 86%|████████▋ | 173/200 [11:43<01:46,  3.96s/it]
 87%|████████▋ | 174/200 [11:47<01:44,  4.01s/it]
 88%|████████▊ | 175/200 [11:51<01:39,  3.97s/it]
 88%|████████▊ | 176/200 [11:55<01:35,  3.98s/it]
 88%|████████▊ | 177/200 [11:59<01:31,  3.98s/it]
 89%|████████▉ | 178/200 [12:03<01:26,  3.94s/it]
 90%|████████▉ | 179/200 [12:07<01:22,  3.95s/it]
 90%|█████████ | 180/200 [12:10<01:18,  3.92s/it]
 90%|█████████ | 181/200 [12:14<01:15,  3.95s/it]
 91%|█████████ | 182/200 [12:19<01:16,  4.23s/it]
 92%|█████████▏| 183/200 [12:24<01:15,  4.44s/it]
 92%|█████████▏| 184/200 [12:29<01:11,  4.48s/it]
 92%|█████████▎| 185/200 [12:33<01:04,  4.28s/it]
 93%|█████████▎| 186/200 [12:37<00:58,  4.20s/it]
 94%|█████████▎| 187/200 [12:40<00:52,  4.06s/it]
 94%|█████████▍| 188/200 [12:45<00:50,  4.19s/it]
 94%|█████████▍| 189/200 [12:49<00:45,  4.13s/it]
 95%|█████████▌| 190/200 [12:53<00:40,  4.05s/it]
 96%|█████████▌| 191/200 [12:57<00:36,  4.04s/it]
 96%|█████████▌| 192/200 [13:01<00:32,  4.06s/it]
 96%|█████████▋| 193/200 [13:05<00:28,  4.06s/it]
 97%|█████████▋| 194/200 [13:09<00:24,  4.07s/it]
 98%|█████████▊| 195/200 [13:13<00:20,  4.05s/it]
 98%|█████████▊| 196/200 [13:18<00:17,  4.33s/it]
 98%|█████████▊| 197/200 [13:22<00:12,  4.28s/it]
 99%|█████████▉| 198/200 [13:26<00:08,  4.14s/it]
100%|█████████▉| 199/200 [13:30<00:04,  4.13s/it]
100%|██████████| 200/200 [13:34<00:00,  4.05s/it]
                                                 
0
1
2
3
4
5
6
7
8
9
10
11
12
13
14
15
16
17
18
19
20
21
22
23
24
25
26
27
28
29
30
31
32
33
34
35
36
37
38
39
40
41
42
43
44
45
46
47
48
49
50
51
52
53
54
55
56
57
58
59
60
61
62
63
64
65
66
67
68
69
70
71
72
73
74
75
76
77
78
79
80
81
82
83
84
85
86
87
88
89
90
91
92
93
94
95
96
97
98
99
100
101
102
103
104
105
106
107
108
109
110
111
112
113
114
115
116
117
118
119
120
121
122
123
124
125
126
127
128
129
130
131
132
133
134
135
136
137
138
139
140
141
142
143
144
145
146
147
148
149
150
151
152
153
154
155
156
157
158
159
160
161
162
163
164
165
166
167
168
169
170
171
172
173
174
175
176
177
178
179
180
181
182
183
184
185
186
187
188
189
190
191
192
193
194
195
196
197
198
199
