 
Files to read: ['../pilot-cpjump1-data/profiles/2020_11_04_CPJUMP1/BR00116995/BR00116995_normalized_feature_select_negcon.csv.gz']
Files to read: ['../pilot-cpjump1-data/profiles/2020_11_04_CPJUMP1/BR00117024/BR00117024_normalized_feature_select_negcon.csv.gz']
Files to read: ['../pilot-cpjump1-data/profiles/2020_11_04_CPJUMP1/BR00117025/BR00117025_normalized_feature_select_negcon.csv.gz']
Files to read: ['../pilot-cpjump1-data/profiles/2020_11_04_CPJUMP1/BR00117026/BR00117026_normalized_feature_select_negcon.csv.gz']
Files to read: ['../pilot-cpjump1-data/profiles/2020_11_04_CPJUMP1/BR00116997/BR00116997_normalized_feature_select_negcon.csv.gz']
Files to read: ['../pilot-cpjump1-data/profiles/2020_11_04_CPJUMP1/BR00116998/BR00116998_normalized_feature_select_negcon.csv.gz']
Files to read: ['../pilot-cpjump1-data/profiles/2020_11_04_CPJUMP1/BR00116999/BR00116999_normalized_feature_select_negcon.csv.gz']
Files to read: ['../pilot-cpjump1-data/profiles/2020_11_04_CPJUMP1/BR00116996/BR00116996_normalized_feature_select_negcon.csv.gz']
Files to read: ['../pilot-cpjump1-data/profiles/2020_11_04_CPJUMP1/BR00117022/BR00117022_normalized_feature_select_negcon.csv.gz']
Files to read: ['../pilot-cpjump1-data/profiles/2020_11_04_CPJUMP1/BR00117023/BR00117023_normalized_feature_select_negcon.csv.gz']

  0%|          | 0/200 [00:00<?, ?it/s]
  0%|          | 1/200 [00:08<27:00,  8.14s/it]
  1%|          | 2/200 [00:14<22:27,  6.81s/it]
  2%|▏         | 3/200 [00:19<20:01,  6.10s/it]
  2%|▏         | 4/200 [00:24<18:23,  5.63s/it]
  2%|▎         | 5/200 [00:29<18:22,  5.65s/it]
  3%|▎         | 6/200 [00:35<18:36,  5.75s/it]
  4%|▎         | 7/200 [00:41<18:17,  5.68s/it]
  4%|▍         | 8/200 [00:46<17:49,  5.57s/it]
  4%|▍         | 9/200 [00:52<17:47,  5.59s/it]
  5%|▌         | 10/200 [00:57<17:31,  5.53s/it]
  6%|▌         | 11/200 [01:02<16:52,  5.36s/it]
  6%|▌         | 12/200 [01:07<16:28,  5.26s/it]
  6%|▋         | 13/200 [01:12<16:11,  5.19s/it]
  7%|▋         | 14/200 [01:17<15:55,  5.14s/it]
  8%|▊         | 15/200 [01:22<15:44,  5.11s/it]
  8%|▊         | 16/200 [01:27<15:33,  5.07s/it]
  8%|▊         | 17/200 [01:33<15:57,  5.23s/it]
  9%|▉         | 18/200 [01:38<15:35,  5.14s/it]
 10%|▉         | 19/200 [01:43<15:46,  5.23s/it]
 10%|█         | 20/200 [01:49<15:48,  5.27s/it]
 10%|█         | 21/200 [01:53<15:10,  5.09s/it]
 11%|█         | 22/200 [01:59<15:12,  5.13s/it]
 12%|█▏        | 23/200 [02:03<14:54,  5.05s/it]
 12%|█▏        | 24/200 [02:08<14:39,  5.00s/it]
 12%|█▎        | 25/200 [02:13<14:33,  4.99s/it]
 13%|█▎        | 26/200 [02:18<14:30,  5.00s/it]
 14%|█▎        | 27/200 [02:23<14:18,  4.96s/it]
 14%|█▍        | 28/200 [02:29<14:34,  5.09s/it]
 14%|█▍        | 29/200 [02:34<14:46,  5.18s/it]
 15%|█▌        | 30/200 [02:39<14:21,  5.07s/it]
 16%|█▌        | 31/200 [02:44<14:12,  5.04s/it]
 16%|█▌        | 32/200 [02:49<14:28,  5.17s/it]
 16%|█▋        | 33/200 [02:54<14:30,  5.21s/it]
 17%|█▋        | 34/200 [03:00<14:32,  5.25s/it]
 18%|█▊        | 35/200 [03:06<14:59,  5.45s/it]
 18%|█▊        | 36/200 [03:12<15:09,  5.55s/it]
 18%|█▊        | 37/200 [03:17<14:56,  5.50s/it]
 19%|█▉        | 38/200 [03:22<14:42,  5.44s/it]
 20%|█▉        | 39/200 [03:27<14:25,  5.37s/it]
 20%|██        | 40/200 [03:33<14:27,  5.42s/it]
 20%|██        | 41/200 [03:38<14:02,  5.30s/it]
 21%|██        | 42/200 [03:43<13:51,  5.27s/it]
 22%|██▏       | 43/200 [03:49<13:54,  5.32s/it]
 22%|██▏       | 44/200 [03:53<13:26,  5.17s/it]
 22%|██▎       | 45/200 [03:58<13:10,  5.10s/it]
 23%|██▎       | 46/200 [04:04<13:07,  5.12s/it]
 24%|██▎       | 47/200 [04:09<12:58,  5.09s/it]
 24%|██▍       | 48/200 [04:14<12:48,  5.05s/it]
 24%|██▍       | 49/200 [04:18<12:30,  4.97s/it]
 25%|██▌       | 50/200 [04:23<12:34,  5.03s/it]
 26%|██▌       | 51/200 [04:29<12:33,  5.06s/it]
 26%|██▌       | 52/200 [04:34<12:25,  5.04s/it]
 26%|██▋       | 53/200 [04:39<12:21,  5.05s/it]
 27%|██▋       | 54/200 [04:43<11:54,  4.89s/it]
 28%|██▊       | 55/200 [04:48<11:57,  4.95s/it]
 28%|██▊       | 56/200 [04:53<11:57,  4.99s/it]
 28%|██▊       | 57/200 [04:58<11:44,  4.93s/it]
 29%|██▉       | 58/200 [05:04<12:03,  5.09s/it]
 30%|██▉       | 59/200 [05:09<11:51,  5.04s/it]
 30%|███       | 60/200 [05:14<12:03,  5.17s/it]
 30%|███       | 61/200 [05:19<12:07,  5.23s/it]
 31%|███       | 62/200 [05:24<11:49,  5.14s/it]
 32%|███▏      | 63/200 [05:29<11:37,  5.09s/it]
 32%|███▏      | 64/200 [05:34<11:35,  5.11s/it]
 32%|███▎      | 65/200 [05:39<11:27,  5.09s/it]
 33%|███▎      | 66/200 [05:44<11:14,  5.04s/it]
 34%|███▎      | 67/200 [05:50<11:32,  5.21s/it]
 34%|███▍      | 68/200 [05:56<11:47,  5.36s/it]
 34%|███▍      | 69/200 [06:01<11:30,  5.27s/it]
 35%|███▌      | 70/200 [06:06<11:09,  5.15s/it]
 36%|███▌      | 71/200 [06:11<11:01,  5.13s/it]
 36%|███▌      | 72/200 [06:16<10:59,  5.16s/it]
 36%|███▋      | 73/200 [06:21<10:44,  5.07s/it]
 37%|███▋      | 74/200 [06:26<10:42,  5.10s/it]
 38%|███▊      | 75/200 [06:31<10:51,  5.21s/it]
 38%|███▊      | 76/200 [06:37<10:45,  5.20s/it]
 38%|███▊      | 77/200 [06:42<10:52,  5.31s/it]
 39%|███▉      | 78/200 [06:47<10:37,  5.22s/it]
 40%|███▉      | 79/200 [06:52<10:22,  5.15s/it]
 40%|████      | 80/200 [06:57<10:21,  5.18s/it]
 40%|████      | 81/200 [07:02<10:04,  5.08s/it]
 41%|████      | 82/200 [07:07<10:01,  5.10s/it]
 42%|████▏     | 83/200 [07:13<10:00,  5.13s/it]
 42%|████▏     | 84/200 [07:18<09:50,  5.09s/it]
 42%|████▎     | 85/200 [07:23<09:42,  5.06s/it]
 43%|████▎     | 86/200 [07:28<09:33,  5.03s/it]
 44%|████▎     | 87/200 [07:33<09:34,  5.08s/it]
 44%|████▍     | 88/200 [07:38<09:21,  5.02s/it]
 44%|████▍     | 89/200 [07:42<08:59,  4.86s/it]
 45%|████▌     | 90/200 [07:47<09:06,  4.97s/it]
 46%|████▌     | 91/200 [07:52<09:02,  4.98s/it]
 46%|████▌     | 92/200 [07:59<09:36,  5.33s/it]
 46%|████▋     | 93/200 [08:03<09:10,  5.14s/it]
 47%|████▋     | 94/200 [08:08<09:00,  5.10s/it]
 48%|████▊     | 95/200 [08:13<08:59,  5.14s/it]
 48%|████▊     | 96/200 [08:20<09:22,  5.41s/it]
 48%|████▊     | 97/200 [08:25<09:31,  5.55s/it]
 49%|████▉     | 98/200 [08:30<09:12,  5.41s/it]
 50%|████▉     | 99/200 [08:36<08:58,  5.33s/it]
 50%|█████     | 100/200 [08:41<08:43,  5.23s/it]
 50%|█████     | 101/200 [08:46<08:29,  5.14s/it]
 51%|█████     | 102/200 [08:50<08:17,  5.07s/it]
 52%|█████▏    | 103/200 [08:55<08:10,  5.06s/it]
 52%|█████▏    | 104/200 [09:01<08:05,  5.06s/it]
 52%|█████▎    | 105/200 [09:06<08:10,  5.17s/it]
 53%|█████▎    | 106/200 [09:11<08:02,  5.13s/it]
 54%|█████▎    | 107/200 [09:16<08:00,  5.17s/it]
 54%|█████▍    | 108/200 [09:21<07:42,  5.03s/it]
 55%|█████▍    | 109/200 [09:26<07:34,  4.99s/it]
 55%|█████▌    | 110/200 [09:31<07:41,  5.13s/it]
 56%|█████▌    | 111/200 [09:37<07:48,  5.26s/it]
 56%|█████▌    | 112/200 [09:42<07:29,  5.11s/it]
 56%|█████▋    | 113/200 [09:47<07:21,  5.08s/it]
 57%|█████▋    | 114/200 [09:52<07:19,  5.11s/it]
 57%|█████▊    | 115/200 [09:57<07:27,  5.27s/it]
 58%|█████▊    | 116/200 [10:02<07:15,  5.19s/it]
 58%|█████▊    | 117/200 [10:08<07:09,  5.17s/it]
 59%|█████▉    | 118/200 [10:13<07:01,  5.14s/it]
 60%|█████▉    | 119/200 [10:18<06:49,  5.06s/it]
 60%|██████    | 120/200 [10:23<07:02,  5.29s/it]
 60%|██████    | 121/200 [10:28<06:51,  5.21s/it]
 61%|██████    | 122/200 [10:34<06:48,  5.24s/it]
 62%|██████▏   | 123/200 [10:39<06:46,  5.28s/it]
 62%|██████▏   | 124/200 [10:44<06:42,  5.30s/it]
 62%|██████▎   | 125/200 [10:50<06:50,  5.48s/it]
 63%|██████▎   | 126/200 [10:56<06:54,  5.61s/it]
 64%|██████▎   | 127/200 [11:02<06:45,  5.56s/it]
 64%|██████▍   | 128/200 [11:07<06:37,  5.52s/it]
 64%|██████▍   | 129/200 [11:12<06:24,  5.42s/it]
 65%|██████▌   | 130/200 [11:17<06:08,  5.26s/it]
 66%|██████▌   | 131/200 [11:22<06:01,  5.24s/it]
 66%|██████▌   | 132/200 [11:28<05:56,  5.24s/it]
 66%|██████▋   | 133/200 [11:33<05:45,  5.16s/it]
 67%|██████▋   | 134/200 [11:37<05:34,  5.06s/it]
 68%|██████▊   | 135/200 [11:42<05:26,  5.02s/it]
 68%|██████▊   | 136/200 [11:47<05:23,  5.06s/it]
 68%|██████▊   | 137/200 [11:52<05:15,  5.00s/it]
 69%|██████▉   | 138/200 [11:58<05:12,  5.05s/it]
 70%|██████▉   | 139/200 [12:03<05:09,  5.07s/it]
 70%|███████   | 140/200 [12:08<05:04,  5.08s/it]
 70%|███████   | 141/200 [12:13<05:02,  5.13s/it]
 71%|███████   | 142/200 [12:18<05:02,  5.22s/it]
 72%|███████▏  | 143/200 [12:23<04:52,  5.13s/it]
 72%|███████▏  | 144/200 [12:29<04:52,  5.22s/it]
 72%|███████▎  | 145/200 [12:34<04:50,  5.29s/it]
 73%|███████▎  | 146/200 [12:40<04:49,  5.36s/it]
 74%|███████▎  | 147/200 [12:45<04:44,  5.36s/it]
 74%|███████▍  | 148/200 [12:50<04:34,  5.27s/it]
 74%|███████▍  | 149/200 [12:56<04:31,  5.32s/it]
 75%|███████▌  | 150/200 [13:01<04:27,  5.35s/it]
 76%|███████▌  | 151/200 [13:06<04:20,  5.32s/it]
 76%|███████▌  | 152/200 [13:12<04:19,  5.40s/it]
 76%|███████▋  | 153/200 [13:17<04:06,  5.25s/it]
 77%|███████▋  | 154/200 [13:22<03:58,  5.18s/it]
 78%|███████▊  | 155/200 [13:27<03:49,  5.10s/it]
 78%|███████▊  | 156/200 [13:32<03:44,  5.10s/it]
 78%|███████▊  | 157/200 [13:37<03:36,  5.03s/it]
 79%|███████▉  | 158/200 [13:42<03:40,  5.26s/it]
 80%|███████▉  | 159/200 [13:48<03:34,  5.24s/it]
 80%|████████  | 160/200 [13:53<03:27,  5.19s/it]
 80%|████████  | 161/200 [13:58<03:17,  5.08s/it]
 81%|████████  | 162/200 [14:02<03:11,  5.04s/it]
 82%|████████▏ | 163/200 [14:07<03:04,  5.00s/it]
 82%|████████▏ | 164/200 [14:12<02:59,  4.98s/it]
 82%|████████▎ | 165/200 [14:18<02:56,  5.05s/it]
 83%|████████▎ | 166/200 [14:23<02:56,  5.20s/it]
 84%|████████▎ | 167/200 [14:28<02:48,  5.11s/it]
 84%|████████▍ | 168/200 [14:34<02:49,  5.29s/it]
 84%|████████▍ | 169/200 [14:40<02:52,  5.56s/it]
 85%|████████▌ | 170/200 [14:46<02:49,  5.64s/it]
 86%|████████▌ | 171/200 [14:51<02:41,  5.57s/it]
 86%|████████▌ | 172/200 [14:57<02:38,  5.66s/it]
 86%|████████▋ | 173/200 [15:03<02:33,  5.68s/it]
 87%|████████▋ | 174/200 [15:07<02:20,  5.40s/it]
 88%|████████▊ | 175/200 [15:13<02:13,  5.33s/it]
 88%|████████▊ | 176/200 [15:17<02:03,  5.17s/it]
 88%|████████▊ | 177/200 [15:22<01:55,  5.03s/it]
 89%|████████▉ | 178/200 [15:27<01:51,  5.07s/it]
 90%|████████▉ | 179/200 [15:32<01:43,  4.94s/it]
 90%|█████████ | 180/200 [15:37<01:37,  4.89s/it]
 90%|█████████ | 181/200 [15:41<01:31,  4.80s/it]
 91%|█████████ | 182/200 [15:47<01:31,  5.06s/it]
 92%|█████████▏| 183/200 [15:52<01:25,  5.05s/it]
 92%|█████████▏| 184/200 [15:57<01:20,  5.00s/it]
 92%|█████████▎| 185/200 [16:02<01:15,  5.00s/it]
 93%|█████████▎| 186/200 [16:08<01:14,  5.29s/it]
 94%|█████████▎| 187/200 [16:14<01:11,  5.49s/it]
 94%|█████████▍| 188/200 [16:19<01:04,  5.33s/it]
 94%|█████████▍| 189/200 [16:24<00:57,  5.23s/it]
 95%|█████████▌| 190/200 [16:29<00:51,  5.14s/it]
 96%|█████████▌| 191/200 [16:33<00:45,  5.04s/it]
 96%|█████████▌| 192/200 [16:38<00:39,  4.94s/it]
 96%|█████████▋| 193/200 [16:43<00:34,  4.90s/it]
 97%|█████████▋| 194/200 [16:49<00:30,  5.13s/it]
 98%|█████████▊| 195/200 [16:53<00:24,  4.96s/it]
 98%|█████████▊| 196/200 [16:58<00:19,  4.93s/it]
 98%|█████████▊| 197/200 [17:03<00:14,  4.84s/it]
 99%|█████████▉| 198/200 [17:07<00:09,  4.83s/it]
100%|█████████▉| 199/200 [17:12<00:04,  4.83s/it]
100%|██████████| 200/200 [17:18<00:00,  5.01s/it]
                                                 
0
1
2
3
4
5
6
7
8
9
10
11
12
13
14
15
16
17
18
19
20
21
22
23
24
25
26
27
28
29
30
31
32
33
34
35
36
37
38
39
40
41
42
43
44
45
46
47
48
49
50
51
52
53
54
55
56
57
58
59
60
61
62
63
64
65
66
67
68
69
70
71
72
73
74
75
76
77
78
79
80
81
82
83
84
85
86
87
88
89
90
91
92
93
94
95
96
97
98
99
100
101
102
103
104
105
106
107
108
109
110
111
112
113
114
115
116
117
118
119
120
121
122
123
124
125
126
127
128
129
130
131
132
133
134
135
136
137
138
139
140
141
142
143
144
145
146
147
148
149
150
151
152
153
154
155
156
157
158
159
160
161
162
163
164
165
166
167
168
169
170
171
172
173
174
175
176
177
178
179
180
181
182
183
184
185
186
187
188
189
190
191
192
193
194
195
196
197
198
199
