 
Files to read: ['../pilot-cpjump1-data/profiles/2020_11_04_CPJUMP1/BR00116995/BR00116995_normalized_feature_select_negcon.csv.gz']
Files to read: ['../pilot-cpjump1-data/profiles/2020_11_04_CPJUMP1/BR00117024/BR00117024_normalized_feature_select_negcon.csv.gz']
Files to read: ['../pilot-cpjump1-data/profiles/2020_11_04_CPJUMP1/BR00117025/BR00117025_normalized_feature_select_negcon.csv.gz']
Files to read: ['../pilot-cpjump1-data/profiles/2020_11_04_CPJUMP1/BR00117026/BR00117026_normalized_feature_select_negcon.csv.gz']
Files to read: ['../pilot-cpjump1-data/profiles/2020_11_04_CPJUMP1/BR00116997/BR00116997_normalized_feature_select_negcon.csv.gz']
Files to read: ['../pilot-cpjump1-data/profiles/2020_11_04_CPJUMP1/BR00116998/BR00116998_normalized_feature_select_negcon.csv.gz']
Files to read: ['../pilot-cpjump1-data/profiles/2020_11_04_CPJUMP1/BR00116999/BR00116999_normalized_feature_select_negcon.csv.gz']
Files to read: ['../pilot-cpjump1-data/profiles/2020_11_04_CPJUMP1/BR00116996/BR00116996_normalized_feature_select_negcon.csv.gz']
Files to read: ['../pilot-cpjump1-data/profiles/2020_11_04_CPJUMP1/BR00117022/BR00117022_normalized_feature_select_negcon.csv.gz']
Files to read: ['../pilot-cpjump1-data/profiles/2020_11_04_CPJUMP1/BR00117023/BR00117023_normalized_feature_select_negcon.csv.gz']

  0%|          | 0/200 [00:00<?, ?it/s]
  0%|          | 1/200 [00:04<16:11,  4.88s/it]
  1%|          | 2/200 [00:09<14:44,  4.47s/it]
  2%|▏         | 3/200 [00:12<13:21,  4.07s/it]
  2%|▏         | 4/200 [00:16<12:55,  3.96s/it]
  2%|▎         | 5/200 [00:20<12:26,  3.83s/it]
  3%|▎         | 6/200 [00:24<12:38,  3.91s/it]
  4%|▎         | 7/200 [00:28<12:45,  3.96s/it]
  4%|▍         | 8/200 [00:32<12:34,  3.93s/it]
  4%|▍         | 9/200 [00:36<12:49,  4.03s/it]
  5%|▌         | 10/200 [00:40<12:57,  4.09s/it]
  6%|▌         | 11/200 [00:44<12:48,  4.07s/it]
  6%|▌         | 12/200 [00:48<12:39,  4.04s/it]
  6%|▋         | 13/200 [00:52<12:28,  4.00s/it]
  7%|▋         | 14/200 [00:56<12:09,  3.92s/it]
  8%|▊         | 15/200 [01:00<12:33,  4.07s/it]
  8%|▊         | 16/200 [01:04<12:18,  4.01s/it]
  8%|▊         | 17/200 [01:08<12:09,  3.99s/it]
  9%|▉         | 18/200 [01:12<12:23,  4.08s/it]
 10%|▉         | 19/200 [01:17<12:35,  4.17s/it]
 10%|█         | 20/200 [01:20<12:11,  4.06s/it]
 10%|█         | 21/200 [01:24<11:46,  3.95s/it]
 11%|█         | 22/200 [01:28<11:38,  3.92s/it]
 12%|█▏        | 23/200 [01:32<11:41,  3.97s/it]
 12%|█▏        | 24/200 [01:36<11:58,  4.08s/it]
 12%|█▎        | 25/200 [01:41<11:58,  4.11s/it]
 13%|█▎        | 26/200 [01:45<12:19,  4.25s/it]
 14%|█▎        | 27/200 [01:49<11:55,  4.14s/it]
 14%|█▍        | 28/200 [01:53<11:39,  4.07s/it]
 14%|█▍        | 29/200 [01:57<11:37,  4.08s/it]
 15%|█▌        | 30/200 [02:01<11:35,  4.09s/it]
 16%|█▌        | 31/200 [02:05<11:11,  3.97s/it]
 16%|█▌        | 32/200 [02:09<11:00,  3.93s/it]
 16%|█▋        | 33/200 [02:13<10:53,  3.91s/it]
 17%|█▋        | 34/200 [02:17<11:08,  4.03s/it]
 18%|█▊        | 35/200 [02:21<10:56,  3.98s/it]
 18%|█▊        | 36/200 [02:25<11:03,  4.04s/it]
 18%|█▊        | 37/200 [02:29<11:12,  4.13s/it]
 19%|█▉        | 38/200 [02:34<11:31,  4.27s/it]
 20%|█▉        | 39/200 [02:39<11:50,  4.41s/it]
 20%|██        | 40/200 [02:43<11:44,  4.41s/it]
 20%|██        | 41/200 [02:47<11:18,  4.27s/it]
 21%|██        | 42/200 [02:51<10:57,  4.16s/it]
 22%|██▏       | 43/200 [02:55<10:57,  4.19s/it]
 22%|██▏       | 44/200 [02:59<10:49,  4.16s/it]
 22%|██▎       | 45/200 [03:03<10:32,  4.08s/it]
 23%|██▎       | 46/200 [03:07<10:29,  4.09s/it]
 24%|██▎       | 47/200 [03:11<10:26,  4.09s/it]
 24%|██▍       | 48/200 [03:15<10:11,  4.02s/it]
 24%|██▍       | 49/200 [03:19<09:54,  3.94s/it]
 25%|██▌       | 50/200 [03:23<09:59,  4.00s/it]
 26%|██▌       | 51/200 [03:27<10:02,  4.05s/it]
 26%|██▌       | 52/200 [03:32<10:27,  4.24s/it]
 26%|██▋       | 53/200 [03:36<10:14,  4.18s/it]
 27%|██▋       | 54/200 [03:40<10:01,  4.12s/it]
 28%|██▊       | 55/200 [03:44<09:52,  4.09s/it]
 28%|██▊       | 56/200 [03:48<09:38,  4.02s/it]
 28%|██▊       | 57/200 [03:51<09:24,  3.95s/it]
 29%|██▉       | 58/200 [03:55<09:16,  3.92s/it]
 30%|██▉       | 59/200 [03:59<09:10,  3.91s/it]
 30%|███       | 60/200 [04:03<09:00,  3.86s/it]
 30%|███       | 61/200 [04:07<09:04,  3.92s/it]
 31%|███       | 62/200 [04:11<09:05,  3.95s/it]
 32%|███▏      | 63/200 [04:15<09:02,  3.96s/it]
 32%|███▏      | 64/200 [04:19<09:02,  3.99s/it]
 32%|███▎      | 65/200 [04:23<08:53,  3.95s/it]
 33%|███▎      | 66/200 [04:27<08:42,  3.90s/it]
 34%|███▎      | 67/200 [04:31<08:38,  3.90s/it]
 34%|███▍      | 68/200 [04:34<08:24,  3.82s/it]
 34%|███▍      | 69/200 [04:38<08:27,  3.87s/it]
 35%|███▌      | 70/200 [04:42<08:33,  3.95s/it]
 36%|███▌      | 71/200 [04:46<08:28,  3.94s/it]
 36%|███▌      | 72/200 [04:50<08:17,  3.89s/it]
 36%|███▋      | 73/200 [04:54<08:33,  4.04s/it]
 37%|███▋      | 74/200 [04:58<08:23,  4.00s/it]
 38%|███▊      | 75/200 [05:02<08:15,  3.96s/it]
 38%|███▊      | 76/200 [05:07<08:32,  4.13s/it]
 38%|███▊      | 77/200 [05:11<08:37,  4.21s/it]
 39%|███▉      | 78/200 [05:15<08:15,  4.06s/it]
 40%|███▉      | 79/200 [05:19<08:00,  3.97s/it]
 40%|████      | 80/200 [05:22<07:46,  3.89s/it]
 40%|████      | 81/200 [05:26<07:42,  3.89s/it]
 41%|████      | 82/200 [05:30<07:34,  3.85s/it]
 42%|████▏     | 83/200 [05:34<07:31,  3.86s/it]
 42%|████▏     | 84/200 [05:38<07:32,  3.90s/it]
 42%|████▎     | 85/200 [05:42<07:42,  4.02s/it]
 43%|████▎     | 86/200 [05:46<07:34,  3.99s/it]
 44%|████▎     | 87/200 [05:51<07:46,  4.12s/it]
 44%|████▍     | 88/200 [05:54<07:32,  4.04s/it]
 44%|████▍     | 89/200 [05:58<07:23,  3.99s/it]
 45%|████▌     | 90/200 [06:02<07:11,  3.93s/it]
 46%|████▌     | 91/200 [06:06<07:08,  3.93s/it]
 46%|████▌     | 92/200 [06:10<07:01,  3.90s/it]
 46%|████▋     | 93/200 [06:14<06:54,  3.87s/it]
 47%|████▋     | 94/200 [06:18<06:58,  3.95s/it]
 48%|████▊     | 95/200 [06:22<06:55,  3.96s/it]
 48%|████▊     | 96/200 [06:26<06:52,  3.96s/it]
 48%|████▊     | 97/200 [06:30<06:45,  3.94s/it]
 49%|████▉     | 98/200 [06:34<06:52,  4.04s/it]
 50%|████▉     | 99/200 [06:38<06:53,  4.10s/it]
 50%|█████     | 100/200 [06:42<06:45,  4.06s/it]
 50%|█████     | 101/200 [06:46<06:35,  3.99s/it]
 51%|█████     | 102/200 [06:50<06:45,  4.14s/it]
 52%|█████▏    | 103/200 [06:55<06:58,  4.32s/it]
 52%|█████▏    | 104/200 [06:59<06:47,  4.24s/it]
 52%|█████▎    | 105/200 [07:03<06:37,  4.19s/it]
 53%|█████▎    | 106/200 [07:07<06:35,  4.21s/it]
 54%|█████▎    | 107/200 [07:12<06:28,  4.18s/it]
 54%|█████▍    | 108/200 [07:16<06:17,  4.11s/it]
 55%|█████▍    | 109/200 [07:19<06:10,  4.07s/it]
 55%|█████▌    | 110/200 [07:24<06:10,  4.11s/it]
 56%|█████▌    | 111/200 [07:28<06:01,  4.06s/it]
 56%|█████▌    | 112/200 [07:32<05:53,  4.02s/it]
 56%|█████▋    | 113/200 [07:36<05:57,  4.11s/it]
 57%|█████▋    | 114/200 [07:40<05:49,  4.06s/it]
 57%|█████▊    | 115/200 [07:44<05:40,  4.00s/it]
 58%|█████▊    | 116/200 [07:48<05:35,  4.00s/it]
 58%|█████▊    | 117/200 [07:52<05:29,  3.97s/it]
 59%|█████▉    | 118/200 [07:56<05:33,  4.07s/it]
 60%|█████▉    | 119/200 [08:00<05:21,  3.97s/it]
 60%|██████    | 120/200 [08:03<05:13,  3.92s/it]
 60%|██████    | 121/200 [08:08<05:13,  3.96s/it]
 61%|██████    | 122/200 [08:12<05:15,  4.05s/it]
 62%|██████▏   | 123/200 [08:16<05:25,  4.23s/it]
 62%|██████▏   | 124/200 [08:21<05:30,  4.35s/it]
 62%|██████▎   | 125/200 [08:25<05:25,  4.34s/it]
 63%|██████▎   | 126/200 [08:29<05:08,  4.16s/it]
 64%|██████▎   | 127/200 [08:33<04:55,  4.05s/it]
 64%|██████▍   | 128/200 [08:37<04:44,  3.94s/it]
 64%|██████▍   | 129/200 [08:41<04:44,  4.00s/it]
 65%|██████▌   | 130/200 [08:45<04:37,  3.97s/it]
 66%|██████▌   | 131/200 [08:49<04:37,  4.02s/it]
 66%|██████▌   | 132/200 [08:53<04:33,  4.03s/it]
 66%|██████▋   | 133/200 [08:57<04:26,  3.98s/it]
 67%|██████▋   | 134/200 [09:01<04:24,  4.01s/it]
 68%|██████▊   | 135/200 [09:05<04:19,  4.00s/it]
 68%|██████▊   | 136/200 [09:09<04:14,  3.97s/it]
 68%|██████▊   | 137/200 [09:12<04:07,  3.92s/it]
 69%|██████▉   | 138/200 [09:16<04:01,  3.89s/it]
 70%|██████▉   | 139/200 [09:20<03:56,  3.88s/it]
 70%|███████   | 140/200 [09:24<03:52,  3.87s/it]
 70%|███████   | 141/200 [09:28<03:47,  3.86s/it]
 71%|███████   | 142/200 [09:32<03:45,  3.88s/it]
 72%|███████▏  | 143/200 [09:36<03:40,  3.86s/it]
 72%|███████▏  | 144/200 [09:40<03:38,  3.91s/it]
 72%|███████▎  | 145/200 [09:44<03:36,  3.94s/it]
 73%|███████▎  | 146/200 [09:48<03:32,  3.94s/it]
 74%|███████▎  | 147/200 [09:51<03:26,  3.90s/it]
 74%|███████▍  | 148/200 [09:55<03:22,  3.90s/it]
 74%|███████▍  | 149/200 [09:59<03:18,  3.89s/it]
 75%|███████▌  | 150/200 [10:03<03:13,  3.87s/it]
 76%|███████▌  | 151/200 [10:07<03:14,  3.97s/it]
 76%|███████▌  | 152/200 [10:11<03:07,  3.90s/it]
 76%|███████▋  | 153/200 [10:15<03:05,  3.95s/it]
 77%|███████▋  | 154/200 [10:19<03:01,  3.94s/it]
 78%|███████▊  | 155/200 [10:23<02:55,  3.91s/it]
 78%|███████▊  | 156/200 [10:27<02:56,  4.01s/it]
 78%|███████▊  | 157/200 [10:31<02:51,  3.98s/it]
 79%|███████▉  | 158/200 [10:35<02:44,  3.92s/it]
 80%|███████▉  | 159/200 [10:39<02:40,  3.92s/it]
 80%|████████  | 160/200 [10:42<02:35,  3.90s/it]
 80%|████████  | 161/200 [10:47<02:37,  4.03s/it]
 81%|████████  | 162/200 [10:51<02:35,  4.09s/it]
 82%|████████▏ | 163/200 [10:55<02:32,  4.12s/it]
 82%|████████▏ | 164/200 [11:00<02:33,  4.26s/it]
 82%|████████▎ | 165/200 [11:04<02:33,  4.39s/it]
 83%|████████▎ | 166/200 [11:09<02:27,  4.34s/it]
 84%|████████▎ | 167/200 [11:13<02:21,  4.28s/it]
 84%|████████▍ | 168/200 [11:17<02:15,  4.22s/it]
 84%|████████▍ | 169/200 [11:21<02:09,  4.16s/it]
 85%|████████▌ | 170/200 [11:25<02:00,  4.02s/it]
 86%|████████▌ | 171/200 [11:29<01:56,  4.01s/it]
 86%|████████▌ | 172/200 [11:33<01:56,  4.18s/it]
 86%|████████▋ | 173/200 [11:38<01:58,  4.37s/it]
 87%|████████▋ | 174/200 [11:42<01:52,  4.33s/it]
 88%|████████▊ | 175/200 [11:47<01:48,  4.36s/it]
 88%|████████▊ | 176/200 [11:51<01:42,  4.25s/it]
 88%|████████▊ | 177/200 [11:55<01:38,  4.27s/it]
 89%|████████▉ | 178/200 [11:59<01:31,  4.17s/it]
 90%|████████▉ | 179/200 [12:04<01:31,  4.36s/it]
 90%|█████████ | 180/200 [12:07<01:23,  4.17s/it]
 90%|█████████ | 181/200 [12:11<01:18,  4.11s/it]
 91%|█████████ | 182/200 [12:15<01:13,  4.07s/it]
 92%|█████████▏| 183/200 [12:19<01:09,  4.07s/it]
 92%|█████████▏| 184/200 [12:23<01:04,  4.04s/it]
 92%|█████████▎| 185/200 [12:27<00:59,  3.99s/it]
 93%|█████████▎| 186/200 [12:31<00:55,  3.96s/it]
 94%|█████████▎| 187/200 [12:35<00:51,  3.95s/it]
 94%|█████████▍| 188/200 [12:40<00:50,  4.22s/it]
 94%|█████████▍| 189/200 [12:45<00:48,  4.40s/it]
 95%|█████████▌| 190/200 [12:49<00:42,  4.23s/it]
 96%|█████████▌| 191/200 [12:52<00:36,  4.08s/it]
 96%|█████████▌| 192/200 [12:56<00:31,  3.97s/it]
 96%|█████████▋| 193/200 [13:00<00:28,  4.03s/it]
 97%|█████████▋| 194/200 [13:04<00:24,  4.11s/it]
 98%|█████████▊| 195/200 [13:09<00:20,  4.11s/it]
 98%|█████████▊| 196/200 [13:12<00:16,  4.00s/it]
 98%|█████████▊| 197/200 [13:16<00:11,  3.93s/it]
 99%|█████████▉| 198/200 [13:20<00:07,  3.97s/it]
100%|█████████▉| 199/200 [13:25<00:04,  4.14s/it]
100%|██████████| 200/200 [13:29<00:00,  4.13s/it]
                                                 
0
1
2
3
4
5
6
7
8
9
10
11
12
13
14
15
16
17
18
19
20
21
22
23
24
25
26
27
28
29
30
31
32
33
34
35
36
37
38
39
40
41
42
43
44
45
46
47
48
49
50
51
52
53
54
55
56
57
58
59
60
61
62
63
64
65
66
67
68
69
70
71
72
73
74
75
76
77
78
79
80
81
82
83
84
85
86
87
88
89
90
91
92
93
94
95
96
97
98
99
100
101
102
103
104
105
106
107
108
109
110
111
112
113
114
115
116
117
118
119
120
121
122
123
124
125
126
127
128
129
130
131
132
133
134
135
136
137
138
139
140
141
142
143
144
145
146
147
148
149
150
151
152
153
154
155
156
157
158
159
160
161
162
163
164
165
166
167
168
169
170
171
172
173
174
175
176
177
178
179
180
181
182
183
184
185
186
187
188
189
190
191
192
193
194
195
196
197
198
199
