 
Files to read: ['../pilot-cpjump1-data/profiles/2020_11_04_CPJUMP1/BR00116995/BR00116995_normalized_feature_select_negcon.csv.gz']
Files to read: ['../pilot-cpjump1-data/profiles/2020_11_04_CPJUMP1/BR00117024/BR00117024_normalized_feature_select_negcon.csv.gz']
Files to read: ['../pilot-cpjump1-data/profiles/2020_11_04_CPJUMP1/BR00117025/BR00117025_normalized_feature_select_negcon.csv.gz']
Files to read: ['../pilot-cpjump1-data/profiles/2020_11_04_CPJUMP1/BR00117026/BR00117026_normalized_feature_select_negcon.csv.gz']
Files to read: ['../pilot-cpjump1-data/profiles/2020_11_04_CPJUMP1/BR00116997/BR00116997_normalized_feature_select_negcon.csv.gz']
Files to read: ['../pilot-cpjump1-data/profiles/2020_11_04_CPJUMP1/BR00116998/BR00116998_normalized_feature_select_negcon.csv.gz']
Files to read: ['../pilot-cpjump1-data/profiles/2020_11_04_CPJUMP1/BR00116999/BR00116999_normalized_feature_select_negcon.csv.gz']
Files to read: ['../pilot-cpjump1-data/profiles/2020_11_04_CPJUMP1/BR00116996/BR00116996_normalized_feature_select_negcon.csv.gz']
Files to read: ['../pilot-cpjump1-data/profiles/2020_11_04_CPJUMP1/BR00117022/BR00117022_normalized_feature_select_negcon.csv.gz']
Files to read: ['../pilot-cpjump1-data/profiles/2020_11_04_CPJUMP1/BR00117023/BR00117023_normalized_feature_select_negcon.csv.gz']

  0%|          | 0/200 [00:00<?, ?it/s]
  0%|          | 1/200 [00:04<16:18,  4.92s/it]
  1%|          | 2/200 [00:09<15:17,  4.63s/it]
  2%|▏         | 3/200 [00:14<15:31,  4.73s/it]
  2%|▏         | 4/200 [00:18<15:23,  4.71s/it]
  2%|▎         | 5/200 [00:23<15:25,  4.74s/it]
  3%|▎         | 6/200 [00:28<15:08,  4.68s/it]
  4%|▎         | 7/200 [00:32<14:50,  4.61s/it]
  4%|▍         | 8/200 [00:36<14:09,  4.43s/it]
  4%|▍         | 9/200 [00:40<13:41,  4.30s/it]
  5%|▌         | 10/200 [00:44<13:16,  4.19s/it]
  6%|▌         | 11/200 [00:48<13:08,  4.17s/it]
  6%|▌         | 12/200 [00:52<12:57,  4.14s/it]
  6%|▋         | 13/200 [00:57<12:56,  4.15s/it]
  7%|▋         | 14/200 [01:01<12:44,  4.11s/it]
  8%|▊         | 15/200 [01:05<12:30,  4.06s/it]
  8%|▊         | 16/200 [01:08<12:18,  4.02s/it]
  8%|▊         | 17/200 [01:12<12:09,  3.99s/it]
  9%|▉         | 18/200 [01:16<12:02,  3.97s/it]
 10%|▉         | 19/200 [01:20<12:00,  3.98s/it]
 10%|█         | 20/200 [01:24<12:03,  4.02s/it]
 10%|█         | 21/200 [01:29<12:03,  4.04s/it]
 11%|█         | 22/200 [01:32<11:52,  4.01s/it]
 12%|█▏        | 23/200 [01:37<11:57,  4.05s/it]
 12%|█▏        | 24/200 [01:41<11:52,  4.05s/it]
 12%|█▎        | 25/200 [01:45<12:01,  4.12s/it]
 13%|█▎        | 26/200 [01:49<11:58,  4.13s/it]
 14%|█▎        | 27/200 [01:53<11:43,  4.07s/it]
 14%|█▍        | 28/200 [01:57<11:46,  4.11s/it]
 14%|█▍        | 29/200 [02:01<11:42,  4.11s/it]
 15%|█▌        | 30/200 [02:05<11:26,  4.04s/it]
 16%|█▌        | 31/200 [02:09<11:27,  4.07s/it]
 16%|█▌        | 32/200 [02:14<11:31,  4.12s/it]
 16%|█▋        | 33/200 [02:17<11:10,  4.02s/it]
 17%|█▋        | 34/200 [02:21<10:58,  3.97s/it]
 18%|█▊        | 35/200 [02:25<10:50,  3.94s/it]
 18%|█▊        | 36/200 [02:30<11:23,  4.17s/it]
 18%|█▊        | 37/200 [02:34<11:42,  4.31s/it]
 19%|█▉        | 38/200 [02:39<11:37,  4.31s/it]
 20%|█▉        | 39/200 [02:43<11:18,  4.21s/it]
 20%|██        | 40/200 [02:47<11:28,  4.30s/it]
 20%|██        | 41/200 [02:51<11:12,  4.23s/it]
 21%|██        | 42/200 [02:56<11:08,  4.23s/it]
 22%|██▏       | 43/200 [02:59<10:47,  4.12s/it]
 22%|██▏       | 44/200 [03:03<10:35,  4.07s/it]
 22%|██▎       | 45/200 [03:07<10:27,  4.05s/it]
 23%|██▎       | 46/200 [03:11<10:14,  3.99s/it]
 24%|██▎       | 47/200 [03:16<10:30,  4.12s/it]
 24%|██▍       | 48/200 [03:20<10:52,  4.29s/it]
 24%|██▍       | 49/200 [03:25<10:52,  4.32s/it]
 25%|██▌       | 50/200 [03:29<11:10,  4.47s/it]
 26%|██▌       | 51/200 [03:34<11:13,  4.52s/it]
 26%|██▌       | 52/200 [03:39<11:08,  4.51s/it]
 26%|██▋       | 53/200 [03:43<10:59,  4.49s/it]
 27%|██▋       | 54/200 [03:47<10:42,  4.40s/it]
 28%|██▊       | 55/200 [03:51<10:22,  4.29s/it]
 28%|██▊       | 56/200 [03:56<10:21,  4.32s/it]
 28%|██▊       | 57/200 [04:00<10:15,  4.31s/it]
 29%|██▉       | 58/200 [04:04<10:04,  4.26s/it]
 30%|██▉       | 59/200 [04:08<09:58,  4.24s/it]
 30%|███       | 60/200 [04:12<09:40,  4.14s/it]
 30%|███       | 61/200 [04:16<09:27,  4.08s/it]
 31%|███       | 62/200 [04:20<09:12,  4.00s/it]
 32%|███▏      | 63/200 [04:24<09:13,  4.04s/it]
 32%|███▏      | 64/200 [04:28<09:03,  4.00s/it]
 32%|███▎      | 65/200 [04:32<08:50,  3.93s/it]
 33%|███▎      | 66/200 [04:36<08:42,  3.90s/it]
 34%|███▎      | 67/200 [04:39<08:35,  3.88s/it]
 34%|███▍      | 68/200 [04:43<08:33,  3.89s/it]
 34%|███▍      | 69/200 [04:47<08:33,  3.92s/it]
 35%|███▌      | 70/200 [04:51<08:29,  3.92s/it]
 36%|███▌      | 71/200 [04:55<08:24,  3.91s/it]
 36%|███▌      | 72/200 [04:59<08:18,  3.90s/it]
 36%|███▋      | 73/200 [05:03<08:13,  3.88s/it]
 37%|███▋      | 74/200 [05:07<08:06,  3.86s/it]
 38%|███▊      | 75/200 [05:11<08:07,  3.90s/it]
 38%|███▊      | 76/200 [05:15<08:03,  3.90s/it]
 38%|███▊      | 77/200 [05:19<08:08,  3.97s/it]
 39%|███▉      | 78/200 [05:23<08:18,  4.08s/it]
 40%|███▉      | 79/200 [05:27<08:23,  4.16s/it]
 40%|████      | 80/200 [05:31<08:16,  4.14s/it]
 40%|████      | 81/200 [05:35<08:04,  4.07s/it]
 41%|████      | 82/200 [05:40<08:06,  4.12s/it]
 42%|████▏     | 83/200 [05:44<08:01,  4.12s/it]
 42%|████▏     | 84/200 [05:48<07:49,  4.05s/it]
 42%|████▎     | 85/200 [05:51<07:38,  3.99s/it]
 43%|████▎     | 86/200 [05:55<07:35,  4.00s/it]
 44%|████▎     | 87/200 [06:00<07:32,  4.01s/it]
 44%|████▍     | 88/200 [06:04<07:31,  4.03s/it]
 44%|████▍     | 89/200 [06:08<07:35,  4.11s/it]
 45%|████▌     | 90/200 [06:12<07:36,  4.15s/it]
 46%|████▌     | 91/200 [06:16<07:24,  4.08s/it]
 46%|████▌     | 92/200 [06:20<07:27,  4.14s/it]
 46%|████▋     | 93/200 [06:25<07:24,  4.15s/it]
 47%|████▋     | 94/200 [06:28<07:10,  4.06s/it]
 48%|████▊     | 95/200 [06:32<07:03,  4.04s/it]
 48%|████▊     | 96/200 [06:36<06:50,  3.95s/it]
 48%|████▊     | 97/200 [06:40<06:48,  3.96s/it]
 49%|████▉     | 98/200 [06:44<06:45,  3.98s/it]
 50%|████▉     | 99/200 [06:48<06:42,  3.98s/it]
 50%|█████     | 100/200 [06:52<06:30,  3.91s/it]
 50%|█████     | 101/200 [06:56<06:31,  3.95s/it]
 51%|█████     | 102/200 [07:00<06:25,  3.93s/it]
 52%|█████▏    | 103/200 [07:04<06:18,  3.91s/it]
 52%|█████▏    | 104/200 [07:08<06:42,  4.19s/it]
 52%|█████▎    | 105/200 [07:12<06:25,  4.06s/it]
 53%|█████▎    | 106/200 [07:16<06:22,  4.07s/it]
 54%|█████▎    | 107/200 [07:21<06:36,  4.27s/it]
 54%|█████▍    | 108/200 [07:26<06:45,  4.41s/it]
 55%|█████▍    | 109/200 [07:30<06:36,  4.36s/it]
 55%|█████▌    | 110/200 [07:34<06:24,  4.27s/it]
 56%|█████▌    | 111/200 [07:38<06:04,  4.10s/it]
 56%|█████▌    | 112/200 [07:42<06:00,  4.09s/it]
 56%|█████▋    | 113/200 [07:46<05:57,  4.11s/it]
 57%|█████▋    | 114/200 [07:50<05:44,  4.01s/it]
 57%|█████▊    | 115/200 [07:54<05:35,  3.95s/it]
 58%|█████▊    | 116/200 [07:57<05:28,  3.91s/it]
 58%|█████▊    | 117/200 [08:01<05:18,  3.83s/it]
 59%|█████▉    | 118/200 [08:06<05:33,  4.07s/it]
 60%|█████▉    | 119/200 [08:10<05:35,  4.14s/it]
 60%|██████    | 120/200 [08:14<05:26,  4.08s/it]
 60%|██████    | 121/200 [08:18<05:23,  4.09s/it]
 61%|██████    | 122/200 [08:22<05:13,  4.02s/it]
 62%|██████▏   | 123/200 [08:26<05:12,  4.06s/it]
 62%|██████▏   | 124/200 [08:30<05:05,  4.02s/it]
 62%|██████▎   | 125/200 [08:34<05:01,  4.02s/it]
 63%|██████▎   | 126/200 [08:38<04:53,  3.97s/it]
 64%|██████▎   | 127/200 [08:42<04:49,  3.97s/it]
 64%|██████▍   | 128/200 [08:46<04:42,  3.92s/it]
 64%|██████▍   | 129/200 [08:49<04:35,  3.89s/it]
 65%|██████▌   | 130/200 [08:53<04:30,  3.87s/it]
 66%|██████▌   | 131/200 [08:57<04:29,  3.90s/it]
 66%|██████▌   | 132/200 [09:01<04:24,  3.89s/it]
 66%|██████▋   | 133/200 [09:05<04:28,  4.00s/it]
 67%|██████▋   | 134/200 [09:09<04:19,  3.93s/it]
 68%|██████▊   | 135/200 [09:13<04:12,  3.89s/it]
 68%|██████▊   | 136/200 [09:17<04:08,  3.88s/it]
 68%|██████▊   | 137/200 [09:21<04:07,  3.93s/it]
 69%|██████▉   | 138/200 [09:25<04:03,  3.92s/it]
 70%|██████▉   | 139/200 [09:29<04:00,  3.95s/it]
 70%|███████   | 140/200 [09:33<03:53,  3.89s/it]
 70%|███████   | 141/200 [09:36<03:48,  3.87s/it]
 71%|███████   | 142/200 [09:40<03:45,  3.89s/it]
 72%|███████▏  | 143/200 [09:45<03:51,  4.06s/it]
 72%|███████▏  | 144/200 [09:49<03:42,  3.97s/it]
 72%|███████▎  | 145/200 [09:52<03:38,  3.97s/it]
 73%|███████▎  | 146/200 [09:56<03:33,  3.96s/it]
 74%|███████▎  | 147/200 [10:01<03:32,  4.02s/it]
 74%|███████▍  | 148/200 [10:05<03:30,  4.05s/it]
 74%|███████▍  | 149/200 [10:09<03:35,  4.22s/it]
 75%|███████▌  | 150/200 [10:14<03:35,  4.30s/it]
 76%|███████▌  | 151/200 [10:19<03:40,  4.51s/it]
 76%|███████▌  | 152/200 [10:23<03:37,  4.52s/it]
 76%|███████▋  | 153/200 [10:28<03:30,  4.47s/it]
 77%|███████▋  | 154/200 [10:32<03:17,  4.30s/it]
 78%|███████▊  | 155/200 [10:36<03:10,  4.24s/it]
 78%|███████▊  | 156/200 [10:40<03:03,  4.16s/it]
 78%|███████▊  | 157/200 [10:44<02:55,  4.08s/it]
 79%|███████▉  | 158/200 [10:47<02:49,  4.03s/it]
 80%|███████▉  | 159/200 [10:51<02:42,  3.97s/it]
 80%|████████  | 160/200 [10:55<02:38,  3.96s/it]
 80%|████████  | 161/200 [10:59<02:32,  3.92s/it]
 81%|████████  | 162/200 [11:03<02:31,  3.98s/it]
 82%|████████▏ | 163/200 [11:07<02:26,  3.97s/it]
 82%|████████▏ | 164/200 [11:11<02:20,  3.91s/it]
 82%|████████▎ | 165/200 [11:15<02:16,  3.90s/it]
 83%|████████▎ | 166/200 [11:19<02:14,  3.96s/it]
 84%|████████▎ | 167/200 [11:23<02:11,  3.98s/it]
 84%|████████▍ | 168/200 [11:27<02:08,  4.03s/it]
 84%|████████▍ | 169/200 [11:31<02:03,  3.98s/it]
 85%|████████▌ | 170/200 [11:35<02:01,  4.05s/it]
 86%|████████▌ | 171/200 [11:40<02:02,  4.23s/it]
 86%|████████▌ | 172/200 [11:44<01:54,  4.10s/it]
 86%|████████▋ | 173/200 [11:47<01:48,  4.03s/it]
 87%|████████▋ | 174/200 [11:52<01:50,  4.26s/it]
 88%|████████▊ | 175/200 [11:56<01:46,  4.24s/it]
 88%|████████▊ | 176/200 [12:01<01:42,  4.28s/it]
 88%|████████▊ | 177/200 [12:05<01:34,  4.12s/it]
 89%|████████▉ | 178/200 [12:09<01:30,  4.10s/it]
 90%|████████▉ | 179/200 [12:13<01:26,  4.10s/it]
 90%|█████████ | 180/200 [12:17<01:20,  4.01s/it]
 90%|█████████ | 181/200 [12:20<01:15,  3.99s/it]
 91%|█████████ | 182/200 [12:24<01:10,  3.92s/it]
 92%|█████████▏| 183/200 [12:28<01:06,  3.91s/it]
 92%|█████████▏| 184/200 [12:32<01:03,  3.95s/it]
 92%|█████████▎| 185/200 [12:36<00:59,  3.94s/it]
 93%|█████████▎| 186/200 [12:40<00:55,  3.98s/it]
 94%|█████████▎| 187/200 [12:44<00:52,  4.03s/it]
 94%|█████████▍| 188/200 [12:48<00:48,  4.06s/it]
 94%|█████████▍| 189/200 [12:52<00:44,  4.03s/it]
 95%|█████████▌| 190/200 [12:56<00:39,  3.99s/it]
 96%|█████████▌| 191/200 [13:00<00:35,  3.99s/it]
 96%|█████████▌| 192/200 [13:04<00:31,  3.94s/it]
 96%|█████████▋| 193/200 [13:08<00:27,  3.95s/it]
 97%|█████████▋| 194/200 [13:13<00:25,  4.29s/it]
 98%|█████████▊| 195/200 [13:18<00:21,  4.32s/it]
 98%|█████████▊| 196/200 [13:22<00:17,  4.48s/it]
 98%|█████████▊| 197/200 [13:27<00:13,  4.49s/it]
 99%|█████████▉| 198/200 [13:32<00:09,  4.53s/it]
100%|█████████▉| 199/200 [13:36<00:04,  4.64s/it]
100%|██████████| 200/200 [13:41<00:00,  4.54s/it]
                                                 
0
1
2
3
4
5
6
7
8
9
10
11
12
13
14
15
16
17
18
19
20
21
22
23
24
25
26
27
28
29
30
31
32
33
34
35
36
37
38
39
40
41
42
43
44
45
46
47
48
49
50
51
52
53
54
55
56
57
58
59
60
61
62
63
64
65
66
67
68
69
70
71
72
73
74
75
76
77
78
79
80
81
82
83
84
85
86
87
88
89
90
91
92
93
94
95
96
97
98
99
100
101
102
103
104
105
106
107
108
109
110
111
112
113
114
115
116
117
118
119
120
121
122
123
124
125
126
127
128
129
130
131
132
133
134
135
136
137
138
139
140
141
142
143
144
145
146
147
148
149
150
151
152
153
154
155
156
157
158
159
160
161
162
163
164
165
166
167
168
169
170
171
172
173
174
175
176
177
178
179
180
181
182
183
184
185
186
187
188
189
190
191
192
193
194
195
196
197
198
199
