 
Files to read: ['../pilot-cpjump1-data/profiles/2020_11_04_CPJUMP1/BR00116995/BR00116995_normalized_feature_select_negcon.csv.gz']
Files to read: ['../pilot-cpjump1-data/profiles/2020_11_04_CPJUMP1/BR00117024/BR00117024_normalized_feature_select_negcon.csv.gz']
Files to read: ['../pilot-cpjump1-data/profiles/2020_11_04_CPJUMP1/BR00117025/BR00117025_normalized_feature_select_negcon.csv.gz']
Files to read: ['../pilot-cpjump1-data/profiles/2020_11_04_CPJUMP1/BR00117026/BR00117026_normalized_feature_select_negcon.csv.gz']
Files to read: ['../pilot-cpjump1-data/profiles/2020_11_04_CPJUMP1/BR00116997/BR00116997_normalized_feature_select_negcon.csv.gz']
Files to read: ['../pilot-cpjump1-data/profiles/2020_11_04_CPJUMP1/BR00116998/BR00116998_normalized_feature_select_negcon.csv.gz']
Files to read: ['../pilot-cpjump1-data/profiles/2020_11_04_CPJUMP1/BR00116999/BR00116999_normalized_feature_select_negcon.csv.gz']
Files to read: ['../pilot-cpjump1-data/profiles/2020_11_04_CPJUMP1/BR00116996/BR00116996_normalized_feature_select_negcon.csv.gz']
Files to read: ['../pilot-cpjump1-data/profiles/2020_11_04_CPJUMP1/BR00117022/BR00117022_normalized_feature_select_negcon.csv.gz']
Files to read: ['../pilot-cpjump1-data/profiles/2020_11_04_CPJUMP1/BR00117023/BR00117023_normalized_feature_select_negcon.csv.gz']

  0%|          | 0/200 [00:00<?, ?it/s]
  0%|          | 1/200 [00:05<18:51,  5.69s/it]
  1%|          | 2/200 [00:10<17:06,  5.18s/it]
  2%|▏         | 3/200 [00:15<16:42,  5.09s/it]
  2%|▏         | 4/200 [00:20<16:37,  5.09s/it]
  2%|▎         | 5/200 [00:25<16:19,  5.02s/it]
  3%|▎         | 6/200 [00:30<15:58,  4.94s/it]
  4%|▎         | 7/200 [00:35<15:42,  4.88s/it]
  4%|▍         | 8/200 [00:39<15:33,  4.86s/it]
  4%|▍         | 9/200 [00:44<15:33,  4.89s/it]
  5%|▌         | 10/200 [00:50<16:19,  5.16s/it]
  6%|▌         | 11/200 [00:55<16:16,  5.17s/it]
  6%|▌         | 12/200 [01:01<17:08,  5.47s/it]
  6%|▋         | 13/200 [01:07<17:28,  5.61s/it]
  7%|▋         | 14/200 [01:12<16:45,  5.41s/it]
  8%|▊         | 15/200 [01:18<17:00,  5.52s/it]
  8%|▊         | 16/200 [01:23<16:22,  5.34s/it]
  8%|▊         | 17/200 [01:28<16:12,  5.32s/it]
  9%|▉         | 18/200 [01:33<15:41,  5.17s/it]
 10%|▉         | 19/200 [01:38<15:35,  5.17s/it]
 10%|█         | 20/200 [01:44<15:42,  5.24s/it]
 10%|█         | 21/200 [01:48<15:15,  5.12s/it]
 11%|█         | 22/200 [01:53<15:01,  5.07s/it]
 12%|█▏        | 23/200 [01:59<15:19,  5.20s/it]
 12%|█▏        | 24/200 [02:04<15:26,  5.27s/it]
 12%|█▎        | 25/200 [02:09<14:55,  5.12s/it]
 13%|█▎        | 26/200 [02:14<14:49,  5.11s/it]
 14%|█▎        | 27/200 [02:19<14:38,  5.08s/it]
 14%|█▍        | 28/200 [02:24<14:37,  5.10s/it]
 14%|█▍        | 29/200 [02:29<14:29,  5.09s/it]
 15%|█▌        | 30/200 [02:34<14:10,  5.00s/it]
 16%|█▌        | 31/200 [02:39<13:53,  4.93s/it]
 16%|█▌        | 32/200 [02:44<13:41,  4.89s/it]
 16%|█▋        | 33/200 [02:49<13:31,  4.86s/it]
 17%|█▋        | 34/200 [02:54<13:50,  5.01s/it]
 18%|█▊        | 35/200 [03:00<14:24,  5.24s/it]
 18%|█▊        | 36/200 [03:06<15:01,  5.50s/it]
 18%|█▊        | 37/200 [03:11<14:33,  5.36s/it]
 19%|█▉        | 38/200 [03:16<14:06,  5.22s/it]
 20%|█▉        | 39/200 [03:21<13:46,  5.13s/it]
 20%|██        | 40/200 [03:25<13:12,  4.95s/it]
 20%|██        | 41/200 [03:30<13:03,  4.93s/it]
 21%|██        | 42/200 [03:35<13:11,  5.01s/it]
 22%|██▏       | 43/200 [03:41<13:18,  5.08s/it]
 22%|██▏       | 44/200 [03:46<13:14,  5.09s/it]
 22%|██▎       | 45/200 [03:51<13:10,  5.10s/it]
 23%|██▎       | 46/200 [03:56<12:54,  5.03s/it]
 24%|██▎       | 47/200 [04:00<12:35,  4.94s/it]
 24%|██▍       | 48/200 [04:06<12:56,  5.11s/it]
 24%|██▍       | 49/200 [04:11<12:57,  5.15s/it]
 25%|██▌       | 50/200 [04:16<12:32,  5.01s/it]
 26%|██▌       | 51/200 [04:22<13:03,  5.26s/it]
 26%|██▌       | 52/200 [04:26<12:36,  5.11s/it]
 26%|██▋       | 53/200 [04:31<12:24,  5.07s/it]
 27%|██▋       | 54/200 [04:36<11:57,  4.91s/it]
 28%|██▊       | 55/200 [04:41<11:51,  4.91s/it]
 28%|██▊       | 56/200 [04:46<11:40,  4.87s/it]
 28%|██▊       | 57/200 [04:51<11:45,  4.93s/it]
 29%|██▉       | 58/200 [04:56<11:39,  4.93s/it]
 30%|██▉       | 59/200 [05:01<11:51,  5.04s/it]
 30%|███       | 60/200 [05:06<11:43,  5.02s/it]
 30%|███       | 61/200 [05:11<11:30,  4.96s/it]
 31%|███       | 62/200 [05:16<11:22,  4.95s/it]
 32%|███▏      | 63/200 [05:20<11:12,  4.91s/it]
 32%|███▏      | 64/200 [05:25<10:57,  4.84s/it]
 32%|███▎      | 65/200 [05:30<10:55,  4.86s/it]
 33%|███▎      | 66/200 [05:35<10:44,  4.81s/it]
 34%|███▎      | 67/200 [05:40<10:42,  4.83s/it]
 34%|███▍      | 68/200 [05:44<10:37,  4.83s/it]
 34%|███▍      | 69/200 [05:50<10:48,  4.95s/it]
 35%|███▌      | 70/200 [05:54<10:34,  4.88s/it]
 36%|███▌      | 71/200 [05:59<10:36,  4.93s/it]
 36%|███▌      | 72/200 [06:04<10:36,  4.97s/it]
 36%|███▋      | 73/200 [06:09<10:30,  4.97s/it]
 37%|███▋      | 74/200 [06:14<10:19,  4.92s/it]
 38%|███▊      | 75/200 [06:19<10:04,  4.84s/it]
 38%|███▊      | 76/200 [06:24<10:09,  4.92s/it]
 38%|███▊      | 77/200 [06:29<10:12,  4.98s/it]
 39%|███▉      | 78/200 [06:34<10:17,  5.06s/it]
 40%|███▉      | 79/200 [06:40<10:25,  5.17s/it]
 40%|████      | 80/200 [06:46<10:42,  5.35s/it]
 40%|████      | 81/200 [06:51<10:46,  5.43s/it]
 41%|████      | 82/200 [06:56<10:24,  5.29s/it]
 42%|████▏     | 83/200 [07:01<10:09,  5.21s/it]
 42%|████▏     | 84/200 [07:06<09:51,  5.10s/it]
 42%|████▎     | 85/200 [07:11<09:41,  5.06s/it]
 43%|████▎     | 86/200 [07:16<09:39,  5.08s/it]
 44%|████▎     | 87/200 [07:21<09:32,  5.06s/it]
 44%|████▍     | 88/200 [07:26<09:29,  5.08s/it]
 44%|████▍     | 89/200 [07:32<09:33,  5.16s/it]
 45%|████▌     | 90/200 [07:37<09:37,  5.25s/it]
 46%|████▌     | 91/200 [07:43<09:59,  5.50s/it]
 46%|████▌     | 92/200 [07:49<10:15,  5.70s/it]
 46%|████▋     | 93/200 [07:55<10:20,  5.80s/it]
 47%|████▋     | 94/200 [08:01<10:21,  5.86s/it]
 48%|████▊     | 95/200 [08:06<09:49,  5.61s/it]
 48%|████▊     | 96/200 [08:11<09:12,  5.31s/it]
 48%|████▊     | 97/200 [08:16<08:55,  5.20s/it]
 49%|████▉     | 98/200 [08:22<09:07,  5.37s/it]
 50%|████▉     | 99/200 [08:26<08:42,  5.18s/it]
 50%|█████     | 100/200 [08:31<08:24,  5.04s/it]
 50%|█████     | 101/200 [08:36<08:22,  5.07s/it]
 51%|█████     | 102/200 [08:42<08:48,  5.39s/it]
 52%|█████▏    | 103/200 [08:47<08:32,  5.29s/it]
 52%|█████▏    | 104/200 [08:53<08:22,  5.23s/it]
 52%|█████▎    | 105/200 [08:57<08:07,  5.13s/it]
 53%|█████▎    | 106/200 [09:02<07:53,  5.03s/it]
 54%|█████▎    | 107/200 [09:07<07:38,  4.93s/it]
 54%|█████▍    | 108/200 [09:12<07:41,  5.02s/it]
 55%|█████▍    | 109/200 [09:17<07:32,  4.98s/it]
 55%|█████▌    | 110/200 [09:23<07:51,  5.23s/it]
 56%|█████▌    | 111/200 [09:29<07:59,  5.39s/it]
 56%|█████▌    | 112/200 [09:34<07:49,  5.34s/it]
 56%|█████▋    | 113/200 [09:39<07:32,  5.21s/it]
 57%|█████▋    | 114/200 [09:44<07:17,  5.08s/it]
 57%|█████▊    | 115/200 [09:49<07:11,  5.07s/it]
 58%|█████▊    | 116/200 [09:53<07:00,  5.01s/it]
 58%|█████▊    | 117/200 [09:59<06:58,  5.05s/it]
 59%|█████▉    | 118/200 [10:04<06:52,  5.03s/it]
 60%|█████▉    | 119/200 [10:08<06:35,  4.89s/it]
 60%|██████    | 120/200 [10:14<06:46,  5.08s/it]
 60%|██████    | 121/200 [10:19<06:37,  5.03s/it]
 61%|██████    | 122/200 [10:23<06:26,  4.96s/it]
 62%|██████▏   | 123/200 [10:28<06:20,  4.94s/it]
 62%|██████▏   | 124/200 [10:33<06:14,  4.93s/it]
 62%|██████▎   | 125/200 [10:38<06:08,  4.91s/it]
 63%|██████▎   | 126/200 [10:43<06:03,  4.91s/it]
 64%|██████▎   | 127/200 [10:48<06:06,  5.01s/it]
 64%|██████▍   | 128/200 [10:53<06:01,  5.03s/it]
 64%|██████▍   | 129/200 [10:58<05:55,  5.01s/it]
 65%|██████▌   | 130/200 [11:03<05:49,  5.00s/it]
 66%|██████▌   | 131/200 [11:09<05:53,  5.13s/it]
 66%|██████▌   | 132/200 [11:14<05:44,  5.07s/it]
 66%|██████▋   | 133/200 [11:18<05:36,  5.02s/it]
 67%|██████▋   | 134/200 [11:24<05:38,  5.13s/it]
 68%|██████▊   | 135/200 [11:29<05:27,  5.05s/it]
 68%|██████▊   | 136/200 [11:34<05:19,  4.99s/it]
 68%|██████▊   | 137/200 [11:38<05:09,  4.92s/it]
 69%|██████▉   | 138/200 [11:43<05:03,  4.89s/it]
 70%|██████▉   | 139/200 [11:48<05:00,  4.93s/it]
 70%|███████   | 140/200 [11:53<04:55,  4.93s/it]
 70%|███████   | 141/200 [11:58<04:58,  5.05s/it]
 71%|███████   | 142/200 [12:04<04:56,  5.11s/it]
 72%|███████▏  | 143/200 [12:09<04:48,  5.06s/it]
 72%|███████▏  | 144/200 [12:13<04:39,  5.00s/it]
 72%|███████▎  | 145/200 [12:18<04:32,  4.95s/it]
 73%|███████▎  | 146/200 [12:23<04:28,  4.97s/it]
 74%|███████▎  | 147/200 [12:29<04:36,  5.22s/it]
 74%|███████▍  | 148/200 [12:34<04:25,  5.10s/it]
 74%|███████▍  | 149/200 [12:39<04:19,  5.08s/it]
 75%|███████▌  | 150/200 [12:44<04:11,  5.02s/it]
 76%|███████▌  | 151/200 [12:50<04:16,  5.23s/it]
 76%|███████▌  | 152/200 [12:54<04:05,  5.11s/it]
 76%|███████▋  | 153/200 [13:00<04:01,  5.13s/it]
 77%|███████▋  | 154/200 [13:05<03:53,  5.08s/it]
 78%|███████▊  | 155/200 [13:09<03:45,  5.01s/it]
 78%|███████▊  | 156/200 [13:14<03:39,  4.98s/it]
 78%|███████▊  | 157/200 [13:19<03:33,  4.96s/it]
 79%|███████▉  | 158/200 [13:24<03:25,  4.89s/it]
 80%|███████▉  | 159/200 [13:29<03:22,  4.94s/it]
 80%|████████  | 160/200 [13:34<03:15,  4.88s/it]
 80%|████████  | 161/200 [13:39<03:14,  4.99s/it]
 81%|████████  | 162/200 [13:44<03:11,  5.03s/it]
 82%|████████▏ | 163/200 [13:49<03:05,  5.00s/it]
 82%|████████▏ | 164/200 [13:54<02:59,  4.99s/it]
 82%|████████▎ | 165/200 [13:59<02:56,  5.03s/it]
 83%|████████▎ | 166/200 [14:04<02:49,  4.99s/it]
 84%|████████▎ | 167/200 [14:10<02:53,  5.26s/it]
 84%|████████▍ | 168/200 [14:15<02:49,  5.29s/it]
 84%|████████▍ | 169/200 [14:21<02:44,  5.32s/it]
 85%|████████▌ | 170/200 [14:26<02:40,  5.34s/it]
 86%|████████▌ | 171/200 [14:31<02:29,  5.17s/it]
 86%|████████▌ | 172/200 [14:36<02:26,  5.24s/it]
 86%|████████▋ | 173/200 [14:41<02:21,  5.23s/it]
 87%|████████▋ | 174/200 [14:46<02:13,  5.12s/it]
 88%|████████▊ | 175/200 [14:51<02:06,  5.05s/it]
 88%|████████▊ | 176/200 [14:56<01:58,  4.93s/it]
 88%|████████▊ | 177/200 [15:01<01:55,  5.04s/it]
 89%|████████▉ | 178/200 [15:07<01:54,  5.20s/it]
 90%|████████▉ | 179/200 [15:13<01:55,  5.50s/it]
 90%|█████████ | 180/200 [15:18<01:47,  5.36s/it]
 90%|█████████ | 181/200 [15:23<01:39,  5.22s/it]
 91%|█████████ | 182/200 [15:28<01:30,  5.05s/it]
 92%|█████████▏| 183/200 [15:33<01:26,  5.08s/it]
 92%|█████████▏| 184/200 [15:38<01:20,  5.01s/it]
 92%|█████████▎| 185/200 [15:42<01:13,  4.92s/it]
 93%|█████████▎| 186/200 [15:48<01:10,  5.04s/it]
 94%|█████████▎| 187/200 [15:54<01:10,  5.39s/it]
 94%|█████████▍| 188/200 [15:59<01:04,  5.34s/it]
 94%|█████████▍| 189/200 [16:04<00:57,  5.25s/it]
 95%|█████████▌| 190/200 [16:10<00:54,  5.45s/it]
 96%|█████████▌| 191/200 [16:16<00:50,  5.66s/it]
 96%|█████████▌| 192/200 [16:21<00:44,  5.55s/it]
 96%|█████████▋| 193/200 [16:26<00:37,  5.38s/it]
 97%|█████████▋| 194/200 [16:31<00:31,  5.25s/it]
 98%|█████████▊| 195/200 [16:37<00:26,  5.25s/it]
 98%|█████████▊| 196/200 [16:41<00:20,  5.13s/it]
 98%|█████████▊| 197/200 [16:47<00:15,  5.14s/it]
 99%|█████████▉| 198/200 [16:51<00:10,  5.02s/it]
100%|█████████▉| 199/200 [16:57<00:05,  5.14s/it]
100%|██████████| 200/200 [17:02<00:00,  5.16s/it]
                                                 
0
1
2
3
4
5
6
7
8
9
10
11
12
13
14
15
16
17
18
19
20
21
22
23
24
25
26
27
28
29
30
31
32
33
34
35
36
37
38
39
40
41
42
43
44
45
46
47
48
49
50
51
52
53
54
55
56
57
58
59
60
61
62
63
64
65
66
67
68
69
70
71
72
73
74
75
76
77
78
79
80
81
82
83
84
85
86
87
88
89
90
91
92
93
94
95
96
97
98
99
100
101
102
103
104
105
106
107
108
109
110
111
112
113
114
115
116
117
118
119
120
121
122
123
124
125
126
127
128
129
130
131
132
133
134
135
136
137
138
139
140
141
142
143
144
145
146
147
148
149
150
151
152
153
154
155
156
157
158
159
160
161
162
163
164
165
166
167
168
169
170
171
172
173
174
175
176
177
178
179
180
181
182
183
184
185
186
187
188
189
190
191
192
193
194
195
196
197
198
199
