 
Files to read: ['../pilot-cpjump1-data/profiles/2020_11_04_CPJUMP1/BR00116995/BR00116995_normalized_feature_select_negcon.csv.gz']
Files to read: ['../pilot-cpjump1-data/profiles/2020_11_04_CPJUMP1/BR00117024/BR00117024_normalized_feature_select_negcon.csv.gz']
Files to read: ['../pilot-cpjump1-data/profiles/2020_11_04_CPJUMP1/BR00117025/BR00117025_normalized_feature_select_negcon.csv.gz']
Files to read: ['../pilot-cpjump1-data/profiles/2020_11_04_CPJUMP1/BR00117026/BR00117026_normalized_feature_select_negcon.csv.gz']
Files to read: ['../pilot-cpjump1-data/profiles/2020_11_04_CPJUMP1/BR00116997/BR00116997_normalized_feature_select_negcon.csv.gz']
Files to read: ['../pilot-cpjump1-data/profiles/2020_11_04_CPJUMP1/BR00116998/BR00116998_normalized_feature_select_negcon.csv.gz']
Files to read: ['../pilot-cpjump1-data/profiles/2020_11_04_CPJUMP1/BR00116999/BR00116999_normalized_feature_select_negcon.csv.gz']
Files to read: ['../pilot-cpjump1-data/profiles/2020_11_04_CPJUMP1/BR00116996/BR00116996_normalized_feature_select_negcon.csv.gz']
Files to read: ['../pilot-cpjump1-data/profiles/2020_11_04_CPJUMP1/BR00117022/BR00117022_normalized_feature_select_negcon.csv.gz']
Files to read: ['../pilot-cpjump1-data/profiles/2020_11_04_CPJUMP1/BR00117023/BR00117023_normalized_feature_select_negcon.csv.gz']

  0%|          | 0/200 [00:00<?, ?it/s]
  0%|          | 1/200 [00:05<19:19,  5.83s/it]
  1%|          | 2/200 [00:09<15:37,  4.73s/it]
  2%|▏         | 3/200 [00:13<14:24,  4.39s/it]
  2%|▏         | 4/200 [00:17<14:01,  4.29s/it]
  2%|▎         | 5/200 [00:21<13:33,  4.17s/it]
  3%|▎         | 6/200 [00:26<13:30,  4.18s/it]
  4%|▎         | 7/200 [00:29<13:04,  4.07s/it]
  4%|▍         | 8/200 [00:33<12:52,  4.02s/it]
  4%|▍         | 9/200 [00:37<12:46,  4.01s/it]
  5%|▌         | 10/200 [00:42<13:36,  4.30s/it]
  6%|▌         | 11/200 [00:46<13:25,  4.26s/it]
  6%|▌         | 12/200 [00:50<13:01,  4.16s/it]
  6%|▋         | 13/200 [00:54<12:36,  4.05s/it]
  7%|▋         | 14/200 [00:58<12:31,  4.04s/it]
  8%|▊         | 15/200 [01:02<12:23,  4.02s/it]
  8%|▊         | 16/200 [01:07<13:11,  4.30s/it]
  8%|▊         | 17/200 [01:12<13:27,  4.41s/it]
  9%|▉         | 18/200 [01:16<12:49,  4.23s/it]
 10%|▉         | 19/200 [01:20<12:31,  4.15s/it]
 10%|█         | 20/200 [01:24<12:21,  4.12s/it]
 10%|█         | 21/200 [01:28<12:12,  4.09s/it]
 11%|█         | 22/200 [01:32<12:04,  4.07s/it]
 12%|█▏        | 23/200 [01:36<11:56,  4.05s/it]
 12%|█▏        | 24/200 [01:39<11:42,  3.99s/it]
 12%|█▎        | 25/200 [01:43<11:33,  3.96s/it]
 13%|█▎        | 26/200 [01:47<11:25,  3.94s/it]
 14%|█▎        | 27/200 [01:51<11:21,  3.94s/it]
 14%|█▍        | 28/200 [01:55<11:16,  3.93s/it]
 14%|█▍        | 29/200 [01:59<11:11,  3.92s/it]
 15%|█▌        | 30/200 [02:03<11:07,  3.93s/it]
 16%|█▌        | 31/200 [02:07<11:11,  3.98s/it]
 16%|█▌        | 32/200 [02:11<11:09,  3.98s/it]
 16%|█▋        | 33/200 [02:15<11:18,  4.06s/it]
 17%|█▋        | 34/200 [02:19<11:13,  4.05s/it]
 18%|█▊        | 35/200 [02:24<11:31,  4.19s/it]
 18%|█▊        | 36/200 [02:28<11:13,  4.11s/it]
 18%|█▊        | 37/200 [02:32<11:07,  4.09s/it]
 19%|█▉        | 38/200 [02:36<10:59,  4.07s/it]
 20%|█▉        | 39/200 [02:40<11:02,  4.11s/it]
 20%|██        | 40/200 [02:44<10:41,  4.01s/it]
 20%|██        | 41/200 [02:48<10:44,  4.05s/it]
 21%|██        | 42/200 [02:52<10:51,  4.12s/it]
 22%|██▏       | 43/200 [02:56<10:50,  4.15s/it]
 22%|██▏       | 44/200 [03:01<11:06,  4.27s/it]
 22%|██▎       | 45/200 [03:05<10:44,  4.16s/it]
 23%|██▎       | 46/200 [03:09<10:26,  4.07s/it]
 24%|██▎       | 47/200 [03:13<10:38,  4.17s/it]
 24%|██▍       | 48/200 [03:18<10:45,  4.24s/it]
 24%|██▍       | 49/200 [03:22<10:43,  4.26s/it]
 25%|██▌       | 50/200 [03:26<10:18,  4.12s/it]
 26%|██▌       | 51/200 [03:30<10:22,  4.18s/it]
 26%|██▌       | 52/200 [03:35<10:34,  4.29s/it]
 26%|██▋       | 53/200 [03:39<10:25,  4.26s/it]
 27%|██▋       | 54/200 [03:43<10:20,  4.25s/it]
 28%|██▊       | 55/200 [03:47<10:16,  4.25s/it]
 28%|██▊       | 56/200 [03:52<10:33,  4.40s/it]
 28%|██▊       | 57/200 [03:57<10:44,  4.50s/it]
 29%|██▉       | 58/200 [04:01<10:17,  4.35s/it]
 30%|██▉       | 59/200 [04:05<10:02,  4.27s/it]
 30%|███       | 60/200 [04:09<09:55,  4.25s/it]
 30%|███       | 61/200 [04:13<09:42,  4.19s/it]
 31%|███       | 62/200 [04:17<09:30,  4.14s/it]
 32%|███▏      | 63/200 [04:21<09:13,  4.04s/it]
 32%|███▏      | 64/200 [04:25<09:11,  4.05s/it]
 32%|███▎      | 65/200 [04:29<09:02,  4.02s/it]
 33%|███▎      | 66/200 [04:33<08:48,  3.94s/it]
 34%|███▎      | 67/200 [04:36<08:39,  3.90s/it]
 34%|███▍      | 68/200 [04:40<08:36,  3.91s/it]
 34%|███▍      | 69/200 [04:44<08:30,  3.90s/it]
 35%|███▌      | 70/200 [04:48<08:33,  3.95s/it]
 36%|███▌      | 71/200 [04:52<08:23,  3.90s/it]
 36%|███▌      | 72/200 [04:56<08:20,  3.91s/it]
 36%|███▋      | 73/200 [05:00<08:19,  3.93s/it]
 37%|███▋      | 74/200 [05:05<09:01,  4.30s/it]
 38%|███▊      | 75/200 [05:09<08:47,  4.22s/it]
 38%|███▊      | 76/200 [05:13<08:24,  4.07s/it]
 38%|███▊      | 77/200 [05:17<08:13,  4.01s/it]
 39%|███▉      | 78/200 [05:21<08:18,  4.09s/it]
 40%|███▉      | 79/200 [05:25<08:09,  4.05s/it]
 40%|████      | 80/200 [05:29<08:08,  4.07s/it]
 40%|████      | 81/200 [05:33<08:04,  4.07s/it]
 41%|████      | 82/200 [05:37<07:54,  4.02s/it]
 42%|████▏     | 83/200 [05:41<07:49,  4.01s/it]
 42%|████▏     | 84/200 [05:45<07:40,  3.97s/it]
 42%|████▎     | 85/200 [05:49<07:52,  4.11s/it]
 43%|████▎     | 86/200 [05:54<07:55,  4.17s/it]
 44%|████▎     | 87/200 [05:58<07:44,  4.11s/it]
 44%|████▍     | 88/200 [06:02<07:34,  4.06s/it]
 44%|████▍     | 89/200 [06:06<07:26,  4.02s/it]
 45%|████▌     | 90/200 [06:10<07:25,  4.05s/it]
 46%|████▌     | 91/200 [06:13<07:11,  3.96s/it]
 46%|████▌     | 92/200 [06:18<07:14,  4.03s/it]
 46%|████▋     | 93/200 [06:22<07:10,  4.03s/it]
 47%|████▋     | 94/200 [06:26<07:02,  3.99s/it]
 48%|████▊     | 95/200 [06:30<07:20,  4.20s/it]
 48%|████▊     | 96/200 [06:34<07:09,  4.13s/it]
 48%|████▊     | 97/200 [06:38<06:59,  4.08s/it]
 49%|████▉     | 98/200 [06:43<07:10,  4.23s/it]
 50%|████▉     | 99/200 [06:47<07:00,  4.16s/it]
 50%|█████     | 100/200 [06:51<07:10,  4.31s/it]
 50%|█████     | 101/200 [06:56<07:10,  4.35s/it]
 51%|█████     | 102/200 [07:00<07:14,  4.43s/it]
 52%|█████▏    | 103/200 [07:06<07:31,  4.66s/it]
 52%|█████▏    | 104/200 [07:10<07:08,  4.46s/it]
 52%|█████▎    | 105/200 [07:14<06:51,  4.33s/it]
 53%|█████▎    | 106/200 [07:18<06:36,  4.21s/it]
 54%|█████▎    | 107/200 [07:22<06:25,  4.14s/it]
 54%|█████▍    | 108/200 [07:26<06:15,  4.08s/it]
 55%|█████▍    | 109/200 [07:29<06:05,  4.02s/it]
 55%|█████▌    | 110/200 [07:34<06:16,  4.18s/it]
 56%|█████▌    | 111/200 [07:38<06:07,  4.13s/it]
 56%|█████▌    | 112/200 [07:42<05:57,  4.06s/it]
 56%|█████▋    | 113/200 [07:46<05:49,  4.01s/it]
 57%|█████▋    | 114/200 [07:50<05:55,  4.14s/it]
 57%|█████▊    | 115/200 [07:55<06:02,  4.27s/it]
 58%|█████▊    | 116/200 [07:59<05:51,  4.18s/it]
 58%|█████▊    | 117/200 [08:03<05:49,  4.22s/it]
 59%|█████▉    | 118/200 [08:07<05:44,  4.20s/it]
 60%|█████▉    | 119/200 [08:11<05:37,  4.17s/it]
 60%|██████    | 120/200 [08:16<05:37,  4.22s/it]
 60%|██████    | 121/200 [08:20<05:26,  4.13s/it]
 61%|██████    | 122/200 [08:23<05:14,  4.03s/it]
 62%|██████▏   | 123/200 [08:27<05:10,  4.03s/it]
 62%|██████▏   | 124/200 [08:32<05:16,  4.17s/it]
 62%|██████▎   | 125/200 [08:36<05:00,  4.01s/it]
 63%|██████▎   | 126/200 [08:39<04:54,  3.97s/it]
 64%|██████▎   | 127/200 [08:44<04:53,  4.03s/it]
 64%|██████▍   | 128/200 [08:47<04:45,  3.96s/it]
 64%|██████▍   | 129/200 [08:52<04:52,  4.12s/it]
 65%|██████▌   | 130/200 [08:56<04:50,  4.15s/it]
 66%|██████▌   | 131/200 [09:00<04:47,  4.17s/it]
 66%|██████▌   | 132/200 [09:05<04:48,  4.24s/it]
 66%|██████▋   | 133/200 [09:09<04:46,  4.28s/it]
 67%|██████▋   | 134/200 [09:13<04:35,  4.17s/it]
 68%|██████▊   | 135/200 [09:17<04:35,  4.23s/it]
 68%|██████▊   | 136/200 [09:21<04:24,  4.13s/it]
 68%|██████▊   | 137/200 [09:25<04:17,  4.09s/it]
 69%|██████▉   | 138/200 [09:29<04:11,  4.05s/it]
 70%|██████▉   | 139/200 [09:34<04:12,  4.15s/it]
 70%|███████   | 140/200 [09:38<04:11,  4.20s/it]
 70%|███████   | 141/200 [09:42<04:04,  4.14s/it]
 71%|███████   | 142/200 [09:46<03:57,  4.10s/it]
 72%|███████▏  | 143/200 [09:50<03:57,  4.16s/it]
 72%|███████▏  | 144/200 [09:54<03:54,  4.18s/it]
 72%|███████▎  | 145/200 [09:58<03:42,  4.05s/it]
 73%|███████▎  | 146/200 [10:03<03:43,  4.13s/it]
 74%|███████▎  | 147/200 [10:07<03:38,  4.13s/it]
 74%|███████▍  | 148/200 [10:11<03:32,  4.08s/it]
 74%|███████▍  | 149/200 [10:15<03:26,  4.06s/it]
 75%|███████▌  | 150/200 [10:19<03:21,  4.03s/it]
 76%|███████▌  | 151/200 [10:23<03:17,  4.03s/it]
 76%|███████▌  | 152/200 [10:27<03:13,  4.02s/it]
 76%|███████▋  | 153/200 [10:31<03:08,  4.00s/it]
 77%|███████▋  | 154/200 [10:35<03:13,  4.20s/it]
 78%|███████▊  | 155/200 [10:40<03:11,  4.26s/it]
 78%|███████▊  | 156/200 [10:44<03:06,  4.25s/it]
 78%|███████▊  | 157/200 [10:49<03:09,  4.41s/it]
 79%|███████▉  | 158/200 [10:53<02:58,  4.26s/it]
 80%|███████▉  | 159/200 [10:56<02:50,  4.16s/it]
 80%|████████  | 160/200 [11:01<02:49,  4.23s/it]
 80%|████████  | 161/200 [11:05<02:41,  4.15s/it]
 81%|████████  | 162/200 [11:09<02:35,  4.10s/it]
 82%|████████▏ | 163/200 [11:13<02:32,  4.13s/it]
 82%|████████▏ | 164/200 [11:17<02:31,  4.22s/it]
 82%|████████▎ | 165/200 [11:22<02:28,  4.25s/it]
 83%|████████▎ | 166/200 [11:26<02:25,  4.27s/it]
 84%|████████▎ | 167/200 [11:30<02:16,  4.14s/it]
 84%|████████▍ | 168/200 [11:34<02:10,  4.07s/it]
 84%|████████▍ | 169/200 [11:38<02:03,  3.99s/it]
 85%|████████▌ | 170/200 [11:42<02:00,  4.01s/it]
 86%|████████▌ | 171/200 [11:46<01:55,  3.97s/it]
 86%|████████▌ | 172/200 [11:49<01:50,  3.95s/it]
 86%|████████▋ | 173/200 [11:53<01:45,  3.91s/it]
 87%|████████▋ | 174/200 [11:57<01:40,  3.88s/it]
 88%|████████▊ | 175/200 [12:01<01:37,  3.90s/it]
 88%|████████▊ | 176/200 [12:05<01:34,  3.92s/it]
 88%|████████▊ | 177/200 [12:09<01:30,  3.93s/it]
 89%|████████▉ | 178/200 [12:13<01:27,  3.98s/it]
 90%|████████▉ | 179/200 [12:17<01:25,  4.05s/it]
 90%|█████████ | 180/200 [12:22<01:22,  4.11s/it]
 90%|█████████ | 181/200 [12:26<01:17,  4.08s/it]
 91%|█████████ | 182/200 [12:29<01:11,  4.00s/it]
 92%|█████████▏| 183/200 [12:33<01:06,  3.92s/it]
 92%|█████████▏| 184/200 [12:37<01:01,  3.86s/it]
 92%|█████████▎| 185/200 [12:41<00:58,  3.89s/it]
 93%|█████████▎| 186/200 [12:45<00:54,  3.90s/it]
 94%|█████████▎| 187/200 [12:49<00:53,  4.10s/it]
 94%|█████████▍| 188/200 [12:53<00:48,  4.03s/it]
 94%|█████████▍| 189/200 [12:57<00:44,  4.05s/it]
 95%|█████████▌| 190/200 [13:01<00:39,  3.97s/it]
 96%|█████████▌| 191/200 [13:05<00:35,  3.97s/it]
 96%|█████████▌| 192/200 [13:09<00:32,  4.08s/it]
 96%|█████████▋| 193/200 [13:14<00:28,  4.12s/it]
 97%|█████████▋| 194/200 [13:17<00:24,  4.03s/it]
 98%|█████████▊| 195/200 [13:22<00:20,  4.19s/it]
 98%|█████████▊| 196/200 [13:27<00:17,  4.34s/it]
 98%|█████████▊| 197/200 [13:31<00:12,  4.30s/it]
 99%|█████████▉| 198/200 [13:35<00:08,  4.30s/it]
100%|█████████▉| 199/200 [13:39<00:04,  4.17s/it]
100%|██████████| 200/200 [13:44<00:00,  4.33s/it]
                                                 
0
1
2
3
4
5
6
7
8
9
10
11
12
13
14
15
16
17
18
19
20
21
22
23
24
25
26
27
28
29
30
31
32
33
34
35
36
37
38
39
40
41
42
43
44
45
46
47
48
49
50
51
52
53
54
55
56
57
58
59
60
61
62
63
64
65
66
67
68
69
70
71
72
73
74
75
76
77
78
79
80
81
82
83
84
85
86
87
88
89
90
91
92
93
94
95
96
97
98
99
100
101
102
103
104
105
106
107
108
109
110
111
112
113
114
115
116
117
118
119
120
121
122
123
124
125
126
127
128
129
130
131
132
133
134
135
136
137
138
139
140
141
142
143
144
145
146
147
148
149
150
151
152
153
154
155
156
157
158
159
160
161
162
163
164
165
166
167
168
169
170
171
172
173
174
175
176
177
178
179
180
181
182
183
184
185
186
187
188
189
190
191
192
193
194
195
196
197
198
199
