 
Files to read: ['../pilot-cpjump1-data/profiles/2020_11_04_CPJUMP1/BR00116995/BR00116995_normalized_feature_select_negcon.csv.gz']
Files to read: ['../pilot-cpjump1-data/profiles/2020_11_04_CPJUMP1/BR00117024/BR00117024_normalized_feature_select_negcon.csv.gz']
Files to read: ['../pilot-cpjump1-data/profiles/2020_11_04_CPJUMP1/BR00117025/BR00117025_normalized_feature_select_negcon.csv.gz']
Files to read: ['../pilot-cpjump1-data/profiles/2020_11_04_CPJUMP1/BR00117026/BR00117026_normalized_feature_select_negcon.csv.gz']
Files to read: ['../pilot-cpjump1-data/profiles/2020_11_04_CPJUMP1/BR00116997/BR00116997_normalized_feature_select_negcon.csv.gz']
Files to read: ['../pilot-cpjump1-data/profiles/2020_11_04_CPJUMP1/BR00116998/BR00116998_normalized_feature_select_negcon.csv.gz']
Files to read: ['../pilot-cpjump1-data/profiles/2020_11_04_CPJUMP1/BR00116999/BR00116999_normalized_feature_select_negcon.csv.gz']
Files to read: ['../pilot-cpjump1-data/profiles/2020_11_04_CPJUMP1/BR00116996/BR00116996_normalized_feature_select_negcon.csv.gz']
Files to read: ['../pilot-cpjump1-data/profiles/2020_11_04_CPJUMP1/BR00117022/BR00117022_normalized_feature_select_negcon.csv.gz']
Files to read: ['../pilot-cpjump1-data/profiles/2020_11_04_CPJUMP1/BR00117023/BR00117023_normalized_feature_select_negcon.csv.gz']

  0%|          | 0/200 [00:00<?, ?it/s]
  0%|          | 1/200 [00:07<23:23,  7.05s/it]
  1%|          | 2/200 [00:10<16:47,  5.09s/it]
  2%|▏         | 3/200 [00:14<14:51,  4.52s/it]
  2%|▏         | 4/200 [00:18<14:15,  4.36s/it]
  2%|▎         | 5/200 [00:22<13:40,  4.21s/it]
  3%|▎         | 6/200 [00:26<13:19,  4.12s/it]
  4%|▎         | 7/200 [00:30<13:19,  4.14s/it]
  4%|▍         | 8/200 [00:34<13:12,  4.13s/it]
  4%|▍         | 9/200 [00:38<12:53,  4.05s/it]
  5%|▌         | 10/200 [00:42<12:31,  3.95s/it]
  6%|▌         | 11/200 [00:46<12:18,  3.91s/it]
  6%|▌         | 12/200 [00:50<12:12,  3.90s/it]
  6%|▋         | 13/200 [00:53<12:02,  3.87s/it]
  7%|▋         | 14/200 [00:58<12:30,  4.04s/it]
  8%|▊         | 15/200 [01:03<13:07,  4.26s/it]
  8%|▊         | 16/200 [01:07<13:10,  4.30s/it]
  8%|▊         | 17/200 [01:12<13:16,  4.36s/it]
  9%|▉         | 18/200 [01:16<13:00,  4.29s/it]
 10%|▉         | 19/200 [01:20<12:54,  4.28s/it]
 10%|█         | 20/200 [01:24<12:30,  4.17s/it]
 10%|█         | 21/200 [01:28<12:15,  4.11s/it]
 11%|█         | 22/200 [01:32<12:13,  4.12s/it]
 12%|█▏        | 23/200 [01:36<11:54,  4.04s/it]
 12%|█▏        | 24/200 [01:40<11:44,  4.00s/it]
 12%|█▎        | 25/200 [01:44<11:37,  3.99s/it]
 13%|█▎        | 26/200 [01:48<11:30,  3.97s/it]
 14%|█▎        | 27/200 [01:52<11:28,  3.98s/it]
 14%|█▍        | 28/200 [01:56<11:24,  3.98s/it]
 14%|█▍        | 29/200 [02:00<11:22,  3.99s/it]
 15%|█▌        | 30/200 [02:04<11:37,  4.10s/it]
 16%|█▌        | 31/200 [02:08<11:35,  4.12s/it]
 16%|█▌        | 32/200 [02:12<11:37,  4.15s/it]
 16%|█▋        | 33/200 [02:16<11:21,  4.08s/it]
 17%|█▋        | 34/200 [02:20<11:01,  3.99s/it]
 18%|█▊        | 35/200 [02:24<10:42,  3.89s/it]
 18%|█▊        | 36/200 [02:28<10:36,  3.88s/it]
 18%|█▊        | 37/200 [02:31<10:27,  3.85s/it]
 19%|█▉        | 38/200 [02:35<10:34,  3.92s/it]
 20%|█▉        | 39/200 [02:39<10:20,  3.86s/it]
 20%|██        | 40/200 [02:43<10:05,  3.79s/it]
 20%|██        | 41/200 [02:47<10:15,  3.87s/it]
 21%|██        | 42/200 [02:51<10:29,  3.99s/it]
 22%|██▏       | 43/200 [02:55<10:23,  3.97s/it]
 22%|██▏       | 44/200 [02:59<10:10,  3.92s/it]
 22%|██▎       | 45/200 [03:03<10:00,  3.87s/it]
 23%|██▎       | 46/200 [03:07<09:59,  3.89s/it]
 24%|██▎       | 47/200 [03:11<10:05,  3.96s/it]
 24%|██▍       | 48/200 [03:15<09:59,  3.95s/it]
 24%|██▍       | 49/200 [03:19<09:57,  3.96s/it]
 25%|██▌       | 50/200 [03:22<09:45,  3.90s/it]
 26%|██▌       | 51/200 [03:26<09:39,  3.89s/it]
 26%|██▌       | 52/200 [03:30<09:29,  3.85s/it]
 26%|██▋       | 53/200 [03:34<09:40,  3.95s/it]
 27%|██▋       | 54/200 [03:38<09:50,  4.05s/it]
 28%|██▊       | 55/200 [03:42<09:45,  4.04s/it]
 28%|██▊       | 56/200 [03:46<09:35,  4.00s/it]
 28%|██▊       | 57/200 [03:50<09:30,  3.99s/it]
 29%|██▉       | 58/200 [03:54<09:23,  3.97s/it]
 30%|██▉       | 59/200 [03:58<09:29,  4.04s/it]
 30%|███       | 60/200 [04:03<09:43,  4.16s/it]
 30%|███       | 61/200 [04:07<09:31,  4.11s/it]
 31%|███       | 62/200 [04:11<09:18,  4.05s/it]
 32%|███▏      | 63/200 [04:15<09:03,  3.97s/it]
 32%|███▏      | 64/200 [04:18<08:51,  3.91s/it]
 32%|███▎      | 65/200 [04:22<08:51,  3.94s/it]
 33%|███▎      | 66/200 [04:26<08:47,  3.94s/it]
 34%|███▎      | 67/200 [04:30<08:32,  3.86s/it]
 34%|███▍      | 68/200 [04:34<08:30,  3.87s/it]
 34%|███▍      | 69/200 [04:38<08:20,  3.82s/it]
 35%|███▌      | 70/200 [04:41<08:18,  3.83s/it]
 36%|███▌      | 71/200 [04:46<08:29,  3.95s/it]
 36%|███▌      | 72/200 [04:49<08:23,  3.93s/it]
 36%|███▋      | 73/200 [04:53<08:18,  3.93s/it]
 37%|███▋      | 74/200 [04:57<08:17,  3.95s/it]
 38%|███▊      | 75/200 [05:01<08:01,  3.86s/it]
 38%|███▊      | 76/200 [05:05<08:03,  3.90s/it]
 38%|███▊      | 77/200 [05:09<08:14,  4.02s/it]
 39%|███▉      | 78/200 [05:13<08:10,  4.02s/it]
 40%|███▉      | 79/200 [05:17<08:01,  3.98s/it]
 40%|████      | 80/200 [05:21<07:49,  3.91s/it]
 40%|████      | 81/200 [05:25<07:34,  3.82s/it]
 41%|████      | 82/200 [05:28<07:18,  3.72s/it]
 42%|████▏     | 83/200 [05:32<07:12,  3.70s/it]
 42%|████▏     | 84/200 [05:36<07:30,  3.88s/it]
 42%|████▎     | 85/200 [05:40<07:42,  4.02s/it]
 43%|████▎     | 86/200 [05:45<07:43,  4.07s/it]
 44%|████▎     | 87/200 [05:48<07:29,  3.98s/it]
 44%|████▍     | 88/200 [05:52<07:22,  3.95s/it]
 44%|████▍     | 89/200 [05:56<07:13,  3.90s/it]
 45%|████▌     | 90/200 [06:00<07:20,  4.00s/it]
 46%|████▌     | 91/200 [06:05<07:25,  4.09s/it]
 46%|████▌     | 92/200 [06:09<07:26,  4.14s/it]
 46%|████▋     | 93/200 [06:13<07:20,  4.12s/it]
 47%|████▋     | 94/200 [06:17<07:16,  4.12s/it]
 48%|████▊     | 95/200 [06:21<07:09,  4.09s/it]
 48%|████▊     | 96/200 [06:25<06:54,  3.98s/it]
 48%|████▊     | 97/200 [06:29<06:53,  4.02s/it]
 49%|████▉     | 98/200 [06:33<06:47,  4.00s/it]
 50%|████▉     | 99/200 [06:37<06:49,  4.05s/it]
 50%|█████     | 100/200 [06:42<07:04,  4.24s/it]
 50%|█████     | 101/200 [06:46<07:07,  4.32s/it]
 51%|█████     | 102/200 [06:50<07:01,  4.30s/it]
 52%|█████▏    | 103/200 [06:54<06:46,  4.19s/it]
 52%|█████▏    | 104/200 [06:58<06:38,  4.15s/it]
 52%|█████▎    | 105/200 [07:02<06:23,  4.04s/it]
 53%|█████▎    | 106/200 [07:06<06:17,  4.01s/it]
 54%|█████▎    | 107/200 [07:10<06:07,  3.95s/it]
 54%|█████▍    | 108/200 [07:14<06:00,  3.92s/it]
 55%|█████▍    | 109/200 [07:18<05:59,  3.95s/it]
 55%|█████▌    | 110/200 [07:22<05:54,  3.94s/it]
 56%|█████▌    | 111/200 [07:26<05:52,  3.96s/it]
 56%|█████▌    | 112/200 [07:30<05:50,  3.98s/it]
 56%|█████▋    | 113/200 [07:33<05:38,  3.89s/it]
 57%|█████▋    | 114/200 [07:37<05:32,  3.86s/it]
 57%|█████▊    | 115/200 [07:41<05:26,  3.85s/it]
 58%|█████▊    | 116/200 [07:45<05:36,  4.01s/it]
 58%|█████▊    | 117/200 [07:50<05:37,  4.07s/it]
 59%|█████▉    | 118/200 [07:54<05:38,  4.13s/it]
 60%|█████▉    | 119/200 [07:58<05:25,  4.02s/it]
 60%|██████    | 120/200 [08:01<05:14,  3.94s/it]
 60%|██████    | 121/200 [08:05<05:11,  3.95s/it]
 61%|██████    | 122/200 [08:09<05:09,  3.97s/it]
 62%|██████▏   | 123/200 [08:13<05:02,  3.93s/it]
 62%|██████▏   | 124/200 [08:17<04:57,  3.91s/it]
 62%|██████▎   | 125/200 [08:21<04:56,  3.95s/it]
 63%|██████▎   | 126/200 [08:25<04:58,  4.04s/it]
 64%|██████▎   | 127/200 [08:30<04:59,  4.11s/it]
 64%|██████▍   | 128/200 [08:34<04:55,  4.10s/it]
 64%|██████▍   | 129/200 [08:38<04:50,  4.09s/it]
 65%|██████▌   | 130/200 [08:42<04:47,  4.11s/it]
 66%|██████▌   | 131/200 [08:46<04:43,  4.10s/it]
 66%|██████▌   | 132/200 [08:50<04:32,  4.01s/it]
 66%|██████▋   | 133/200 [08:54<04:24,  3.96s/it]
 67%|██████▋   | 134/200 [08:58<04:18,  3.92s/it]
 68%|██████▊   | 135/200 [09:01<04:13,  3.89s/it]
 68%|██████▊   | 136/200 [09:05<04:08,  3.88s/it]
 68%|██████▊   | 137/200 [09:10<04:19,  4.11s/it]
 69%|██████▉   | 138/200 [09:14<04:22,  4.23s/it]
 70%|██████▉   | 139/200 [09:19<04:21,  4.29s/it]
 70%|███████   | 140/200 [09:23<04:24,  4.40s/it]
 70%|███████   | 141/200 [09:28<04:20,  4.41s/it]
 71%|███████   | 142/200 [09:32<04:14,  4.38s/it]
 72%|███████▏  | 143/200 [09:37<04:09,  4.37s/it]
 72%|███████▏  | 144/200 [09:40<03:55,  4.21s/it]
 72%|███████▎  | 145/200 [09:45<03:54,  4.26s/it]
 73%|███████▎  | 146/200 [09:49<03:48,  4.24s/it]
 74%|███████▎  | 147/200 [09:53<03:42,  4.21s/it]
 74%|███████▍  | 148/200 [09:57<03:33,  4.10s/it]
 74%|███████▍  | 149/200 [10:01<03:29,  4.10s/it]
 75%|███████▌  | 150/200 [10:05<03:22,  4.06s/it]
 76%|███████▌  | 151/200 [10:09<03:16,  4.01s/it]
 76%|███████▌  | 152/200 [10:13<03:12,  4.01s/it]
 76%|███████▋  | 153/200 [10:17<03:11,  4.08s/it]
 77%|███████▋  | 154/200 [10:21<03:03,  3.98s/it]
 78%|███████▊  | 155/200 [10:25<03:01,  4.04s/it]
 78%|███████▊  | 156/200 [10:29<02:56,  4.02s/it]
 78%|███████▊  | 157/200 [10:33<02:57,  4.12s/it]
 79%|███████▉  | 158/200 [10:37<02:51,  4.08s/it]
 80%|███████▉  | 159/200 [10:41<02:42,  3.97s/it]
 80%|████████  | 160/200 [10:45<02:37,  3.95s/it]
 80%|████████  | 161/200 [10:49<02:34,  3.96s/it]
 81%|████████  | 162/200 [10:53<02:28,  3.90s/it]
 82%|████████▏ | 163/200 [10:57<02:24,  3.89s/it]
 82%|████████▏ | 164/200 [11:00<02:19,  3.87s/it]
 82%|████████▎ | 165/200 [11:04<02:14,  3.84s/it]
 83%|████████▎ | 166/200 [11:08<02:10,  3.84s/it]
 84%|████████▎ | 167/200 [11:12<02:08,  3.88s/it]
 84%|████████▍ | 168/200 [11:16<02:00,  3.78s/it]
 84%|████████▍ | 169/200 [11:20<02:00,  3.88s/it]
 85%|████████▌ | 170/200 [11:24<01:57,  3.92s/it]
 86%|████████▌ | 171/200 [11:28<01:53,  3.91s/it]
 86%|████████▌ | 172/200 [11:32<01:54,  4.08s/it]
 86%|████████▋ | 173/200 [11:37<01:56,  4.32s/it]
 87%|████████▋ | 174/200 [11:41<01:51,  4.29s/it]
 88%|████████▊ | 175/200 [11:45<01:46,  4.27s/it]
 88%|████████▊ | 176/200 [11:50<01:41,  4.24s/it]
 88%|████████▊ | 177/200 [11:53<01:34,  4.13s/it]
 89%|████████▉ | 178/200 [11:58<01:33,  4.23s/it]
 90%|████████▉ | 179/200 [12:02<01:29,  4.24s/it]
 90%|█████████ | 180/200 [12:06<01:24,  4.20s/it]
 90%|█████████ | 181/200 [12:10<01:16,  4.05s/it]
 91%|█████████ | 182/200 [12:14<01:11,  3.95s/it]
 92%|█████████▏| 183/200 [12:17<01:05,  3.85s/it]
 92%|█████████▏| 184/200 [12:21<01:01,  3.83s/it]
 92%|█████████▎| 185/200 [12:25<00:56,  3.79s/it]
 93%|█████████▎| 186/200 [12:29<00:55,  3.94s/it]
 94%|█████████▎| 187/200 [12:33<00:51,  3.97s/it]
 94%|█████████▍| 188/200 [12:37<00:48,  4.01s/it]
 94%|█████████▍| 189/200 [12:42<00:45,  4.12s/it]
 95%|█████████▌| 190/200 [12:46<00:40,  4.10s/it]
 96%|█████████▌| 191/200 [12:49<00:36,  4.01s/it]
 96%|█████████▌| 192/200 [12:53<00:31,  3.90s/it]
 96%|█████████▋| 193/200 [12:57<00:27,  3.94s/it]
 97%|█████████▋| 194/200 [13:01<00:23,  3.99s/it]
 98%|█████████▊| 195/200 [13:05<00:20,  4.04s/it]
 98%|█████████▊| 196/200 [13:10<00:16,  4.17s/it]
 98%|█████████▊| 197/200 [13:14<00:12,  4.24s/it]
 99%|█████████▉| 198/200 [13:19<00:08,  4.50s/it]
100%|█████████▉| 199/200 [13:24<00:04,  4.50s/it]
100%|██████████| 200/200 [13:28<00:00,  4.40s/it]
                                                 
0
1
2
3
4
5
6
7
8
9
10
11
12
13
14
15
16
17
18
19
20
21
22
23
24
25
26
27
28
29
30
31
32
33
34
35
36
37
38
39
40
41
42
43
44
45
46
47
48
49
50
51
52
53
54
55
56
57
58
59
60
61
62
63
64
65
66
67
68
69
70
71
72
73
74
75
76
77
78
79
80
81
82
83
84
85
86
87
88
89
90
91
92
93
94
95
96
97
98
99
100
101
102
103
104
105
106
107
108
109
110
111
112
113
114
115
116
117
118
119
120
121
122
123
124
125
126
127
128
129
130
131
132
133
134
135
136
137
138
139
140
141
142
143
144
145
146
147
148
149
150
151
152
153
154
155
156
157
158
159
160
161
162
163
164
165
166
167
168
169
170
171
172
173
174
175
176
177
178
179
180
181
182
183
184
185
186
187
188
189
190
191
192
193
194
195
196
197
198
199
