 
Files to read: ['../pilot-cpjump1-data/profiles/2020_11_04_CPJUMP1/BR00116995/BR00116995_normalized_feature_select_negcon.csv.gz']
Files to read: ['../pilot-cpjump1-data/profiles/2020_11_04_CPJUMP1/BR00117024/BR00117024_normalized_feature_select_negcon.csv.gz']
Files to read: ['../pilot-cpjump1-data/profiles/2020_11_04_CPJUMP1/BR00117025/BR00117025_normalized_feature_select_negcon.csv.gz']
Files to read: ['../pilot-cpjump1-data/profiles/2020_11_04_CPJUMP1/BR00117026/BR00117026_normalized_feature_select_negcon.csv.gz']
Files to read: ['../pilot-cpjump1-data/profiles/2020_11_04_CPJUMP1/BR00116997/BR00116997_normalized_feature_select_negcon.csv.gz']
Files to read: ['../pilot-cpjump1-data/profiles/2020_11_04_CPJUMP1/BR00116998/BR00116998_normalized_feature_select_negcon.csv.gz']
Files to read: ['../pilot-cpjump1-data/profiles/2020_11_04_CPJUMP1/BR00116999/BR00116999_normalized_feature_select_negcon.csv.gz']
Files to read: ['../pilot-cpjump1-data/profiles/2020_11_04_CPJUMP1/BR00116996/BR00116996_normalized_feature_select_negcon.csv.gz']
Files to read: ['../pilot-cpjump1-data/profiles/2020_11_04_CPJUMP1/BR00117022/BR00117022_normalized_feature_select_negcon.csv.gz']
Files to read: ['../pilot-cpjump1-data/profiles/2020_11_04_CPJUMP1/BR00117023/BR00117023_normalized_feature_select_negcon.csv.gz']

  0%|          | 0/200 [00:00<?, ?it/s]
  0%|          | 1/200 [00:05<19:26,  5.86s/it]
  1%|          | 2/200 [00:10<16:10,  4.90s/it]
  2%|▏         | 3/200 [00:14<14:57,  4.55s/it]
  2%|▏         | 4/200 [00:18<14:11,  4.34s/it]
  2%|▎         | 5/200 [00:22<13:41,  4.21s/it]
  3%|▎         | 6/200 [00:26<13:22,  4.13s/it]
  4%|▎         | 7/200 [00:30<13:18,  4.14s/it]
  4%|▍         | 8/200 [00:34<13:29,  4.22s/it]
  4%|▍         | 9/200 [00:38<13:16,  4.17s/it]
  5%|▌         | 10/200 [00:42<12:56,  4.09s/it]
  6%|▌         | 11/200 [00:46<12:58,  4.12s/it]
  6%|▌         | 12/200 [00:50<12:46,  4.08s/it]
  6%|▋         | 13/200 [00:54<12:35,  4.04s/it]
  7%|▋         | 14/200 [00:58<12:27,  4.02s/it]
  8%|▊         | 15/200 [01:02<12:05,  3.92s/it]
  8%|▊         | 16/200 [01:06<12:03,  3.93s/it]
  8%|▊         | 17/200 [01:10<12:03,  3.95s/it]
  9%|▉         | 18/200 [01:14<12:16,  4.05s/it]
 10%|▉         | 19/200 [01:18<12:09,  4.03s/it]
 10%|█         | 20/200 [01:22<11:55,  3.97s/it]
 10%|█         | 21/200 [01:26<11:56,  4.00s/it]
 11%|█         | 22/200 [01:31<12:21,  4.17s/it]
 12%|█▏        | 23/200 [01:35<12:42,  4.31s/it]
 12%|█▏        | 24/200 [01:40<12:47,  4.36s/it]
 12%|█▎        | 25/200 [01:44<12:39,  4.34s/it]
 13%|█▎        | 26/200 [01:49<12:55,  4.46s/it]
 14%|█▎        | 27/200 [01:53<12:30,  4.34s/it]
 14%|█▍        | 28/200 [01:57<12:16,  4.28s/it]
 14%|█▍        | 29/200 [02:01<11:55,  4.18s/it]
 15%|█▌        | 30/200 [02:05<12:03,  4.26s/it]
 16%|█▌        | 31/200 [02:09<11:47,  4.18s/it]
 16%|█▌        | 32/200 [02:13<11:31,  4.12s/it]
 16%|█▋        | 33/200 [02:17<11:12,  4.03s/it]
 17%|█▋        | 34/200 [02:21<10:59,  3.98s/it]
 18%|█▊        | 35/200 [02:25<10:56,  3.98s/it]
 18%|█▊        | 36/200 [02:30<11:32,  4.22s/it]
 18%|█▊        | 37/200 [02:34<11:10,  4.11s/it]
 19%|█▉        | 38/200 [02:37<10:49,  4.01s/it]
 20%|█▉        | 39/200 [02:41<10:45,  4.01s/it]
 20%|██        | 40/200 [02:45<10:39,  4.00s/it]
 20%|██        | 41/200 [02:50<11:01,  4.16s/it]
 21%|██        | 42/200 [02:55<11:24,  4.33s/it]
 22%|██▏       | 43/200 [02:59<11:05,  4.24s/it]
 22%|██▏       | 44/200 [03:03<11:02,  4.25s/it]
 22%|██▎       | 45/200 [03:07<10:49,  4.19s/it]
 23%|██▎       | 46/200 [03:11<10:24,  4.06s/it]
 24%|██▎       | 47/200 [03:15<10:06,  3.96s/it]
 24%|██▍       | 48/200 [03:18<09:46,  3.86s/it]
 24%|██▍       | 49/200 [03:22<09:56,  3.95s/it]
 25%|██▌       | 50/200 [03:26<09:49,  3.93s/it]
 26%|██▌       | 51/200 [03:30<09:38,  3.88s/it]
 26%|██▌       | 52/200 [03:35<10:03,  4.07s/it]
 26%|██▋       | 53/200 [03:39<10:25,  4.25s/it]
 27%|██▋       | 54/200 [03:43<10:15,  4.22s/it]
 28%|██▊       | 55/200 [03:47<09:59,  4.13s/it]
 28%|██▊       | 56/200 [03:51<09:53,  4.12s/it]
 28%|██▊       | 57/200 [03:56<09:54,  4.16s/it]
 29%|██▉       | 58/200 [04:00<09:41,  4.10s/it]
 30%|██▉       | 59/200 [04:03<09:24,  4.00s/it]
 30%|███       | 60/200 [04:07<09:10,  3.93s/it]
 30%|███       | 61/200 [04:11<09:15,  3.99s/it]
 31%|███       | 62/200 [04:15<09:08,  3.97s/it]
 32%|███▏      | 63/200 [04:20<09:32,  4.18s/it]
 32%|███▏      | 64/200 [04:25<09:57,  4.39s/it]
 32%|███▎      | 65/200 [04:29<09:38,  4.29s/it]
 33%|███▎      | 66/200 [04:33<09:18,  4.17s/it]
 34%|███▎      | 67/200 [04:36<09:01,  4.07s/it]
 34%|███▍      | 68/200 [04:40<08:54,  4.05s/it]
 34%|███▍      | 69/200 [04:44<08:39,  3.97s/it]
 35%|███▌      | 70/200 [04:48<08:35,  3.97s/it]
 36%|███▌      | 71/200 [04:52<08:29,  3.95s/it]
 36%|███▌      | 72/200 [04:57<08:41,  4.07s/it]
 36%|███▋      | 73/200 [05:00<08:33,  4.05s/it]
 37%|███▋      | 74/200 [05:04<08:20,  3.97s/it]
 38%|███▊      | 75/200 [05:08<08:20,  4.00s/it]
 38%|███▊      | 76/200 [05:13<08:42,  4.21s/it]
 38%|███▊      | 77/200 [05:18<09:00,  4.40s/it]
 39%|███▉      | 78/200 [05:22<08:50,  4.35s/it]
 40%|███▉      | 79/200 [05:26<08:30,  4.22s/it]
 40%|████      | 80/200 [05:30<08:24,  4.21s/it]
 40%|████      | 81/200 [05:34<08:21,  4.22s/it]
 41%|████      | 82/200 [05:38<08:06,  4.12s/it]
 42%|████▏     | 83/200 [05:43<08:14,  4.23s/it]
 42%|████▏     | 84/200 [05:47<08:00,  4.15s/it]
 42%|████▎     | 85/200 [05:51<07:50,  4.09s/it]
 43%|████▎     | 86/200 [05:55<07:40,  4.04s/it]
 44%|████▎     | 87/200 [05:59<07:44,  4.11s/it]
 44%|████▍     | 88/200 [06:03<07:37,  4.08s/it]
 44%|████▍     | 89/200 [06:07<07:25,  4.01s/it]
 45%|████▌     | 90/200 [06:11<07:33,  4.12s/it]
 46%|████▌     | 91/200 [06:15<07:26,  4.10s/it]
 46%|████▌     | 92/200 [06:19<07:22,  4.10s/it]
 46%|████▋     | 93/200 [06:24<07:41,  4.31s/it]
 47%|████▋     | 94/200 [06:28<07:30,  4.25s/it]
 48%|████▊     | 95/200 [06:32<07:12,  4.12s/it]
 48%|████▊     | 96/200 [06:37<07:26,  4.29s/it]
 48%|████▊     | 97/200 [06:41<07:33,  4.40s/it]
 49%|████▉     | 98/200 [06:46<07:34,  4.46s/it]
 50%|████▉     | 99/200 [06:50<07:25,  4.41s/it]
 50%|█████     | 100/200 [06:55<07:16,  4.37s/it]
 50%|█████     | 101/200 [06:59<07:14,  4.39s/it]
 51%|█████     | 102/200 [07:03<07:04,  4.33s/it]
 52%|█████▏    | 103/200 [07:07<06:56,  4.29s/it]
 52%|█████▏    | 104/200 [07:11<06:45,  4.22s/it]
 52%|█████▎    | 105/200 [07:16<06:58,  4.40s/it]
 53%|█████▎    | 106/200 [07:21<06:57,  4.44s/it]
 54%|█████▎    | 107/200 [07:25<06:35,  4.26s/it]
 54%|█████▍    | 108/200 [07:29<06:25,  4.19s/it]
 55%|█████▍    | 109/200 [07:33<06:17,  4.15s/it]
 55%|█████▌    | 110/200 [07:37<06:10,  4.12s/it]
 56%|█████▌    | 111/200 [07:41<06:01,  4.06s/it]
 56%|█████▌    | 112/200 [07:45<05:52,  4.01s/it]
 56%|█████▋    | 113/200 [07:48<05:45,  3.97s/it]
 57%|█████▋    | 114/200 [07:53<05:59,  4.18s/it]
 57%|█████▊    | 115/200 [07:57<05:56,  4.20s/it]
 58%|█████▊    | 116/200 [08:01<05:46,  4.12s/it]
 58%|█████▊    | 117/200 [08:05<05:39,  4.09s/it]
 59%|█████▉    | 118/200 [08:09<05:26,  3.98s/it]
 60%|█████▉    | 119/200 [08:13<05:22,  3.98s/it]
 60%|██████    | 120/200 [08:17<05:18,  3.98s/it]
 60%|██████    | 121/200 [08:21<05:16,  4.01s/it]
 61%|██████    | 122/200 [08:25<05:10,  3.98s/it]
 62%|██████▏   | 123/200 [08:29<05:04,  3.95s/it]
 62%|██████▏   | 124/200 [08:33<05:01,  3.96s/it]
 62%|██████▎   | 125/200 [08:37<05:02,  4.03s/it]
 63%|██████▎   | 126/200 [08:41<05:01,  4.07s/it]
 64%|██████▎   | 127/200 [08:45<04:56,  4.07s/it]
 64%|██████▍   | 128/200 [08:50<04:56,  4.11s/it]
 64%|██████▍   | 129/200 [08:54<04:52,  4.12s/it]
 65%|██████▌   | 130/200 [08:57<04:41,  4.02s/it]
 66%|██████▌   | 131/200 [09:02<04:40,  4.06s/it]
 66%|██████▌   | 132/200 [09:06<04:45,  4.20s/it]
 66%|██████▋   | 133/200 [09:10<04:40,  4.19s/it]
 67%|██████▋   | 134/200 [09:15<04:40,  4.25s/it]
 68%|██████▊   | 135/200 [09:20<04:49,  4.46s/it]
 68%|██████▊   | 136/200 [09:24<04:38,  4.35s/it]
 68%|██████▊   | 137/200 [09:27<04:21,  4.16s/it]
 69%|██████▉   | 138/200 [09:31<04:15,  4.12s/it]
 70%|██████▉   | 139/200 [09:35<04:08,  4.08s/it]
 70%|███████   | 140/200 [09:40<04:06,  4.11s/it]
 70%|███████   | 141/200 [09:44<04:02,  4.12s/it]
 71%|███████   | 142/200 [09:48<03:57,  4.10s/it]
 72%|███████▏  | 143/200 [09:52<03:52,  4.07s/it]
 72%|███████▏  | 144/200 [09:56<03:44,  4.02s/it]
 72%|███████▎  | 145/200 [09:59<03:36,  3.94s/it]
 73%|███████▎  | 146/200 [10:03<03:29,  3.88s/it]
 74%|███████▎  | 147/200 [10:08<03:38,  4.12s/it]
 74%|███████▍  | 148/200 [10:12<03:28,  4.01s/it]
 74%|███████▍  | 149/200 [10:16<03:22,  3.97s/it]
 75%|███████▌  | 150/200 [10:19<03:15,  3.92s/it]
 76%|███████▌  | 151/200 [10:24<03:16,  4.01s/it]
 76%|███████▌  | 152/200 [10:28<03:12,  4.02s/it]
 76%|███████▋  | 153/200 [10:32<03:08,  4.01s/it]
 77%|███████▋  | 154/200 [10:36<03:07,  4.08s/it]
 78%|███████▊  | 155/200 [10:40<03:04,  4.10s/it]
 78%|███████▊  | 156/200 [10:44<02:59,  4.08s/it]
 78%|███████▊  | 157/200 [10:48<02:58,  4.16s/it]
 79%|███████▉  | 158/200 [10:52<02:53,  4.14s/it]
 80%|███████▉  | 159/200 [10:56<02:47,  4.09s/it]
 80%|████████  | 160/200 [11:00<02:41,  4.05s/it]
 80%|████████  | 161/200 [11:05<02:39,  4.10s/it]
 81%|████████  | 162/200 [11:08<02:33,  4.04s/it]
 82%|████████▏ | 163/200 [11:13<02:35,  4.21s/it]
 82%|████████▏ | 164/200 [11:17<02:26,  4.07s/it]
 82%|████████▎ | 165/200 [11:21<02:21,  4.04s/it]
 83%|████████▎ | 166/200 [11:25<02:16,  4.02s/it]
 84%|████████▎ | 167/200 [11:29<02:13,  4.05s/it]
 84%|████████▍ | 168/200 [11:33<02:08,  4.01s/it]
 84%|████████▍ | 169/200 [11:37<02:01,  3.93s/it]
 85%|████████▌ | 170/200 [11:40<01:56,  3.89s/it]
 86%|████████▌ | 171/200 [11:45<01:55,  4.00s/it]
 86%|████████▌ | 172/200 [11:48<01:50,  3.93s/it]
 86%|████████▋ | 173/200 [11:52<01:45,  3.92s/it]
 87%|████████▋ | 174/200 [11:56<01:41,  3.90s/it]
 88%|████████▊ | 175/200 [12:01<01:42,  4.11s/it]
 88%|████████▊ | 176/200 [12:05<01:36,  4.02s/it]
 88%|████████▊ | 177/200 [12:08<01:31,  4.00s/it]
 89%|████████▉ | 178/200 [12:13<01:28,  4.02s/it]
 90%|████████▉ | 179/200 [12:16<01:23,  3.97s/it]
 90%|█████████ | 180/200 [12:21<01:23,  4.16s/it]
 90%|█████████ | 181/200 [12:25<01:16,  4.05s/it]
 91%|█████████ | 182/200 [12:29<01:11,  3.98s/it]
 92%|█████████▏| 183/200 [12:32<01:06,  3.93s/it]
 92%|█████████▏| 184/200 [12:36<01:02,  3.90s/it]
 92%|█████████▎| 185/200 [12:40<00:57,  3.83s/it]
 93%|█████████▎| 186/200 [12:44<00:54,  3.88s/it]
 94%|█████████▎| 187/200 [12:48<00:51,  3.96s/it]
 94%|█████████▍| 188/200 [12:52<00:47,  3.99s/it]
 94%|█████████▍| 189/200 [12:56<00:44,  4.05s/it]
 95%|█████████▌| 190/200 [13:00<00:40,  4.03s/it]
 96%|█████████▌| 191/200 [13:04<00:35,  3.94s/it]
 96%|█████████▌| 192/200 [13:08<00:32,  4.09s/it]
 96%|█████████▋| 193/200 [13:13<00:28,  4.09s/it]
 97%|█████████▋| 194/200 [13:17<00:24,  4.09s/it]
 98%|█████████▊| 195/200 [13:21<00:20,  4.11s/it]
 98%|█████████▊| 196/200 [13:25<00:16,  4.08s/it]
 98%|█████████▊| 197/200 [13:29<00:12,  4.05s/it]
 99%|█████████▉| 198/200 [13:33<00:07,  3.97s/it]
100%|█████████▉| 199/200 [13:37<00:03,  3.98s/it]
100%|██████████| 200/200 [13:41<00:00,  4.04s/it]
                                                 
0
1
2
3
4
5
6
7
8
9
10
11
12
13
14
15
16
17
18
19
20
21
22
23
24
25
26
27
28
29
30
31
32
33
34
35
36
37
38
39
40
41
42
43
44
45
46
47
48
49
50
51
52
53
54
55
56
57
58
59
60
61
62
63
64
65
66
67
68
69
70
71
72
73
74
75
76
77
78
79
80
81
82
83
84
85
86
87
88
89
90
91
92
93
94
95
96
97
98
99
100
101
102
103
104
105
106
107
108
109
110
111
112
113
114
115
116
117
118
119
120
121
122
123
124
125
126
127
128
129
130
131
132
133
134
135
136
137
138
139
140
141
142
143
144
145
146
147
148
149
150
151
152
153
154
155
156
157
158
159
160
161
162
163
164
165
166
167
168
169
170
171
172
173
174
175
176
177
178
179
180
181
182
183
184
185
186
187
188
189
190
191
192
193
194
195
196
197
198
199
