 
Files to read: ['../pilot-cpjump1-data/profiles/2020_11_04_CPJUMP1/BR00116995/BR00116995_normalized_feature_select_negcon.csv.gz']
Files to read: ['../pilot-cpjump1-data/profiles/2020_11_04_CPJUMP1/BR00117024/BR00117024_normalized_feature_select_negcon.csv.gz']
Files to read: ['../pilot-cpjump1-data/profiles/2020_11_04_CPJUMP1/BR00117025/BR00117025_normalized_feature_select_negcon.csv.gz']
Files to read: ['../pilot-cpjump1-data/profiles/2020_11_04_CPJUMP1/BR00117026/BR00117026_normalized_feature_select_negcon.csv.gz']
Files to read: ['../pilot-cpjump1-data/profiles/2020_11_04_CPJUMP1/BR00116997/BR00116997_normalized_feature_select_negcon.csv.gz']
Files to read: ['../pilot-cpjump1-data/profiles/2020_11_04_CPJUMP1/BR00116998/BR00116998_normalized_feature_select_negcon.csv.gz']
Files to read: ['../pilot-cpjump1-data/profiles/2020_11_04_CPJUMP1/BR00116999/BR00116999_normalized_feature_select_negcon.csv.gz']
Files to read: ['../pilot-cpjump1-data/profiles/2020_11_04_CPJUMP1/BR00116996/BR00116996_normalized_feature_select_negcon.csv.gz']
Files to read: ['../pilot-cpjump1-data/profiles/2020_11_04_CPJUMP1/BR00117022/BR00117022_normalized_feature_select_negcon.csv.gz']
Files to read: ['../pilot-cpjump1-data/profiles/2020_11_04_CPJUMP1/BR00117023/BR00117023_normalized_feature_select_negcon.csv.gz']

  0%|          | 0/200 [00:00<?, ?it/s]
  0%|          | 1/200 [00:07<24:44,  7.46s/it]
  1%|          | 2/200 [00:12<19:08,  5.80s/it]
  2%|▏         | 3/200 [00:16<16:25,  5.00s/it]
  2%|▏         | 4/200 [00:19<14:50,  4.54s/it]
  2%|▎         | 5/200 [00:24<14:17,  4.40s/it]
  3%|▎         | 6/200 [00:28<13:54,  4.30s/it]
  4%|▎         | 7/200 [00:32<13:39,  4.25s/it]
  4%|▍         | 8/200 [00:36<13:41,  4.28s/it]
  4%|▍         | 9/200 [00:41<13:59,  4.40s/it]
  5%|▌         | 10/200 [00:45<13:15,  4.19s/it]
  6%|▌         | 11/200 [00:49<13:09,  4.18s/it]
  6%|▌         | 12/200 [00:53<12:51,  4.10s/it]
  6%|▋         | 13/200 [00:57<12:34,  4.03s/it]
  7%|▋         | 14/200 [01:01<12:25,  4.01s/it]
  8%|▊         | 15/200 [01:05<13:07,  4.26s/it]
  8%|▊         | 16/200 [01:10<13:19,  4.34s/it]
  8%|▊         | 17/200 [01:14<13:21,  4.38s/it]
  9%|▉         | 18/200 [01:18<12:59,  4.28s/it]
 10%|▉         | 19/200 [01:22<12:38,  4.19s/it]
 10%|█         | 20/200 [01:26<12:18,  4.10s/it]
 10%|█         | 21/200 [01:30<12:13,  4.10s/it]
 11%|█         | 22/200 [01:34<11:53,  4.01s/it]
 12%|█▏        | 23/200 [01:38<11:45,  3.99s/it]
 12%|█▏        | 24/200 [01:42<11:38,  3.97s/it]
 12%|█▎        | 25/200 [01:46<11:32,  3.96s/it]
 13%|█▎        | 26/200 [01:50<11:13,  3.87s/it]
 14%|█▎        | 27/200 [01:53<11:03,  3.83s/it]
 14%|█▍        | 28/200 [01:57<10:58,  3.83s/it]
 14%|█▍        | 29/200 [02:01<10:55,  3.83s/it]
 15%|█▌        | 30/200 [02:05<10:53,  3.84s/it]
 16%|█▌        | 31/200 [02:09<11:01,  3.91s/it]
 16%|█▌        | 32/200 [02:13<10:50,  3.87s/it]
 16%|█▋        | 33/200 [02:17<10:51,  3.90s/it]
 17%|█▋        | 34/200 [02:21<11:00,  3.98s/it]
 18%|█▊        | 35/200 [02:25<11:13,  4.08s/it]
 18%|█▊        | 36/200 [02:29<11:03,  4.04s/it]
 18%|█▊        | 37/200 [02:33<10:44,  3.95s/it]
 19%|█▉        | 38/200 [02:37<10:30,  3.89s/it]
 20%|█▉        | 39/200 [02:40<10:17,  3.84s/it]
 20%|██        | 40/200 [02:44<10:23,  3.89s/it]
 20%|██        | 41/200 [02:48<10:11,  3.85s/it]
 21%|██        | 42/200 [02:52<10:29,  3.99s/it]
 22%|██▏       | 43/200 [02:57<10:30,  4.01s/it]
 22%|██▏       | 44/200 [03:01<10:30,  4.04s/it]
 22%|██▎       | 45/200 [03:05<10:19,  4.00s/it]
 23%|██▎       | 46/200 [03:09<10:29,  4.09s/it]
 24%|██▎       | 47/200 [03:12<10:04,  3.95s/it]
 24%|██▍       | 48/200 [03:16<09:47,  3.87s/it]
 24%|██▍       | 49/200 [03:20<09:39,  3.84s/it]
 25%|██▌       | 50/200 [03:24<09:36,  3.84s/it]
 26%|██▌       | 51/200 [03:28<09:42,  3.91s/it]
 26%|██▌       | 52/200 [03:32<09:53,  4.01s/it]
 26%|██▋       | 53/200 [03:36<09:43,  3.97s/it]
 27%|██▋       | 54/200 [03:40<09:37,  3.95s/it]
 28%|██▊       | 55/200 [03:44<09:41,  4.01s/it]
 28%|██▊       | 56/200 [03:48<09:26,  3.93s/it]
 28%|██▊       | 57/200 [03:51<09:10,  3.85s/it]
 29%|██▉       | 58/200 [03:55<09:03,  3.83s/it]
 30%|██▉       | 59/200 [03:59<08:57,  3.81s/it]
 30%|███       | 60/200 [04:03<09:09,  3.92s/it]
 30%|███       | 61/200 [04:07<09:06,  3.93s/it]
 31%|███       | 62/200 [04:11<08:54,  3.87s/it]
 32%|███▏      | 63/200 [04:15<08:51,  3.88s/it]
 32%|███▏      | 64/200 [04:19<08:49,  3.89s/it]
 32%|███▎      | 65/200 [04:23<08:44,  3.89s/it]
 33%|███▎      | 66/200 [04:27<09:08,  4.09s/it]
 34%|███▎      | 67/200 [04:32<09:29,  4.28s/it]
 34%|███▍      | 68/200 [04:36<09:22,  4.26s/it]
 34%|███▍      | 69/200 [04:40<08:55,  4.09s/it]
 35%|███▌      | 70/200 [04:44<09:17,  4.29s/it]
 36%|███▌      | 71/200 [04:48<09:00,  4.19s/it]
 36%|███▌      | 72/200 [04:52<08:49,  4.14s/it]
 36%|███▋      | 73/200 [04:57<08:46,  4.15s/it]
 37%|███▋      | 74/200 [05:01<09:01,  4.30s/it]
 38%|███▊      | 75/200 [05:06<09:06,  4.37s/it]
 38%|███▊      | 76/200 [05:10<08:41,  4.21s/it]
 38%|███▊      | 77/200 [05:14<08:27,  4.13s/it]
 39%|███▉      | 78/200 [05:18<08:30,  4.18s/it]
 40%|███▉      | 79/200 [05:22<08:40,  4.30s/it]
 40%|████      | 80/200 [05:27<08:30,  4.25s/it]
 40%|████      | 81/200 [05:30<08:08,  4.10s/it]
 41%|████      | 82/200 [05:34<07:59,  4.07s/it]
 42%|████▏     | 83/200 [05:38<07:47,  3.99s/it]
 42%|████▏     | 84/200 [05:42<07:40,  3.97s/it]
 42%|████▎     | 85/200 [05:46<07:28,  3.90s/it]
 43%|████▎     | 86/200 [05:51<07:56,  4.18s/it]
 44%|████▎     | 87/200 [05:55<07:53,  4.19s/it]
 44%|████▍     | 88/200 [05:59<07:40,  4.11s/it]
 44%|████▍     | 89/200 [06:02<07:20,  3.97s/it]
 45%|████▌     | 90/200 [06:06<07:17,  3.98s/it]
 46%|████▌     | 91/200 [06:11<07:18,  4.02s/it]
 46%|████▌     | 92/200 [06:15<07:16,  4.04s/it]
 46%|████▋     | 93/200 [06:19<07:15,  4.07s/it]
 47%|████▋     | 94/200 [06:23<07:01,  3.98s/it]
 48%|████▊     | 95/200 [06:26<06:50,  3.91s/it]
 48%|████▊     | 96/200 [06:31<07:00,  4.04s/it]
 48%|████▊     | 97/200 [06:35<06:52,  4.01s/it]
 49%|████▉     | 98/200 [06:38<06:38,  3.91s/it]
 50%|████▉     | 99/200 [06:42<06:34,  3.91s/it]
 50%|█████     | 100/200 [06:46<06:36,  3.97s/it]
 50%|█████     | 101/200 [06:50<06:30,  3.94s/it]
 51%|█████     | 102/200 [06:54<06:33,  4.02s/it]
 52%|█████▏    | 103/200 [06:58<06:19,  3.91s/it]
 52%|█████▏    | 104/200 [07:02<06:11,  3.87s/it]
 52%|█████▎    | 105/200 [07:06<06:07,  3.87s/it]
 53%|█████▎    | 106/200 [07:10<06:14,  3.99s/it]
 54%|█████▎    | 107/200 [07:14<06:10,  3.98s/it]
 54%|█████▍    | 108/200 [07:19<06:28,  4.23s/it]
 55%|█████▍    | 109/200 [07:23<06:16,  4.14s/it]
 55%|█████▌    | 110/200 [07:27<06:09,  4.10s/it]
 56%|█████▌    | 111/200 [07:31<06:04,  4.10s/it]
 56%|█████▌    | 112/200 [07:35<06:14,  4.26s/it]
 56%|█████▋    | 113/200 [07:39<06:06,  4.21s/it]
 57%|█████▋    | 114/200 [07:44<06:02,  4.21s/it]
 57%|█████▊    | 115/200 [07:48<06:05,  4.30s/it]
 58%|█████▊    | 116/200 [07:53<06:06,  4.36s/it]
 58%|█████▊    | 117/200 [07:57<06:06,  4.42s/it]
 59%|█████▉    | 118/200 [08:01<05:47,  4.24s/it]
 60%|█████▉    | 119/200 [08:05<05:31,  4.09s/it]
 60%|██████    | 120/200 [08:09<05:22,  4.03s/it]
 60%|██████    | 121/200 [08:13<05:16,  4.01s/it]
 61%|██████    | 122/200 [08:16<05:07,  3.94s/it]
 62%|██████▏   | 123/200 [08:21<05:13,  4.07s/it]
 62%|██████▏   | 124/200 [08:25<05:04,  4.01s/it]
 62%|██████▎   | 125/200 [08:28<04:57,  3.97s/it]
 63%|██████▎   | 126/200 [08:32<04:49,  3.91s/it]
 64%|██████▎   | 127/200 [08:36<04:41,  3.85s/it]
 64%|██████▍   | 128/200 [08:40<04:37,  3.86s/it]
 64%|██████▍   | 129/200 [08:44<04:31,  3.83s/it]
 65%|██████▌   | 130/200 [08:47<04:28,  3.83s/it]
 66%|██████▌   | 131/200 [08:51<04:21,  3.79s/it]
 66%|██████▌   | 132/200 [08:55<04:23,  3.88s/it]
 66%|██████▋   | 133/200 [08:59<04:16,  3.83s/it]
 67%|██████▋   | 134/200 [09:03<04:12,  3.83s/it]
 68%|██████▊   | 135/200 [09:07<04:11,  3.87s/it]
 68%|██████▊   | 136/200 [09:10<04:05,  3.83s/it]
 68%|██████▊   | 137/200 [09:14<04:01,  3.83s/it]
 69%|██████▉   | 138/200 [09:18<03:55,  3.81s/it]
 70%|██████▉   | 139/200 [09:22<03:53,  3.83s/it]
 70%|███████   | 140/200 [09:26<03:48,  3.81s/it]
 70%|███████   | 141/200 [09:30<03:45,  3.82s/it]
 71%|███████   | 142/200 [09:33<03:41,  3.82s/it]
 72%|███████▏  | 143/200 [09:37<03:41,  3.89s/it]
 72%|███████▏  | 144/200 [09:42<03:49,  4.10s/it]
 72%|███████▎  | 145/200 [09:46<03:45,  4.11s/it]
 73%|███████▎  | 146/200 [09:50<03:39,  4.06s/it]
 74%|███████▎  | 147/200 [09:54<03:35,  4.07s/it]
 74%|███████▍  | 148/200 [09:58<03:31,  4.06s/it]
 74%|███████▍  | 149/200 [10:02<03:29,  4.10s/it]
 75%|███████▌  | 150/200 [10:06<03:23,  4.06s/it]
 76%|███████▌  | 151/200 [10:10<03:14,  3.96s/it]
 76%|███████▌  | 152/200 [10:14<03:06,  3.89s/it]
 76%|███████▋  | 153/200 [10:17<02:57,  3.79s/it]
 77%|███████▋  | 154/200 [10:21<02:54,  3.80s/it]
 78%|███████▊  | 155/200 [10:25<02:50,  3.78s/it]
 78%|███████▊  | 156/200 [10:29<02:46,  3.78s/it]
 78%|███████▊  | 157/200 [10:33<02:51,  3.99s/it]
 79%|███████▉  | 158/200 [10:37<02:48,  4.02s/it]
 80%|███████▉  | 159/200 [10:41<02:41,  3.95s/it]
 80%|████████  | 160/200 [10:45<02:40,  4.02s/it]
 80%|████████  | 161/200 [10:49<02:36,  4.01s/it]
 81%|████████  | 162/200 [10:53<02:33,  4.05s/it]
 82%|████████▏ | 163/200 [10:57<02:27,  4.00s/it]
 82%|████████▏ | 164/200 [11:01<02:21,  3.94s/it]
 82%|████████▎ | 165/200 [11:05<02:17,  3.91s/it]
 83%|████████▎ | 166/200 [11:09<02:16,  4.02s/it]
 84%|████████▎ | 167/200 [11:13<02:14,  4.09s/it]
 84%|████████▍ | 168/200 [11:17<02:10,  4.08s/it]
 84%|████████▍ | 169/200 [11:21<02:05,  4.04s/it]
 85%|████████▌ | 170/200 [11:25<01:59,  3.97s/it]
 86%|████████▌ | 171/200 [11:29<01:55,  3.98s/it]
 86%|████████▌ | 172/200 [11:33<01:51,  3.98s/it]
 86%|████████▋ | 173/200 [11:37<01:45,  3.91s/it]
 87%|████████▋ | 174/200 [11:41<01:41,  3.90s/it]
 88%|████████▊ | 175/200 [11:45<01:42,  4.11s/it]
 88%|████████▊ | 176/200 [11:49<01:37,  4.06s/it]
 88%|████████▊ | 177/200 [11:53<01:31,  4.00s/it]
 89%|████████▉ | 178/200 [11:57<01:27,  3.97s/it]
 90%|████████▉ | 179/200 [12:01<01:22,  3.93s/it]
 90%|█████████ | 180/200 [12:05<01:19,  3.99s/it]
 90%|█████████ | 181/200 [12:09<01:14,  3.94s/it]
 91%|█████████ | 182/200 [12:13<01:12,  4.01s/it]
 92%|█████████▏| 183/200 [12:17<01:06,  3.92s/it]
 92%|█████████▏| 184/200 [12:21<01:02,  3.92s/it]
 92%|█████████▎| 185/200 [12:25<00:59,  3.97s/it]
 93%|█████████▎| 186/200 [12:29<00:55,  3.96s/it]
 94%|█████████▎| 187/200 [12:32<00:50,  3.89s/it]
 94%|█████████▍| 188/200 [12:36<00:46,  3.86s/it]
 94%|█████████▍| 189/200 [12:40<00:41,  3.81s/it]
 95%|█████████▌| 190/200 [12:44<00:38,  3.85s/it]
 96%|█████████▌| 191/200 [12:48<00:34,  3.83s/it]
 96%|█████████▌| 192/200 [12:52<00:31,  3.92s/it]
 96%|█████████▋| 193/200 [12:56<00:28,  4.10s/it]
 97%|█████████▋| 194/200 [13:01<00:25,  4.26s/it]
 98%|█████████▊| 195/200 [13:05<00:20,  4.13s/it]
 98%|█████████▊| 196/200 [13:09<00:16,  4.09s/it]
 98%|█████████▊| 197/200 [13:13<00:12,  4.03s/it]
 99%|█████████▉| 198/200 [13:17<00:08,  4.02s/it]
100%|█████████▉| 199/200 [13:20<00:03,  3.94s/it]
100%|██████████| 200/200 [13:24<00:00,  3.96s/it]
                                                 
0
1
2
3
4
5
6
7
8
9
10
11
12
13
14
15
16
17
18
19
20
21
22
23
24
25
26
27
28
29
30
31
32
33
34
35
36
37
38
39
40
41
42
43
44
45
46
47
48
49
50
51
52
53
54
55
56
57
58
59
60
61
62
63
64
65
66
67
68
69
70
71
72
73
74
75
76
77
78
79
80
81
82
83
84
85
86
87
88
89
90
91
92
93
94
95
96
97
98
99
100
101
102
103
104
105
106
107
108
109
110
111
112
113
114
115
116
117
118
119
120
121
122
123
124
125
126
127
128
129
130
131
132
133
134
135
136
137
138
139
140
141
142
143
144
145
146
147
148
149
150
151
152
153
154
155
156
157
158
159
160
161
162
163
164
165
166
167
168
169
170
171
172
173
174
175
176
177
178
179
180
181
182
183
184
185
186
187
188
189
190
191
192
193
194
195
196
197
198
199
