 
Files to read: ['../pilot-cpjump1-data/profiles/2020_11_04_CPJUMP1/BR00116995/BR00116995_normalized_feature_select_negcon.csv.gz']
Files to read: ['../pilot-cpjump1-data/profiles/2020_11_04_CPJUMP1/BR00117024/BR00117024_normalized_feature_select_negcon.csv.gz']
Files to read: ['../pilot-cpjump1-data/profiles/2020_11_04_CPJUMP1/BR00117025/BR00117025_normalized_feature_select_negcon.csv.gz']
Files to read: ['../pilot-cpjump1-data/profiles/2020_11_04_CPJUMP1/BR00117026/BR00117026_normalized_feature_select_negcon.csv.gz']
Files to read: ['../pilot-cpjump1-data/profiles/2020_11_04_CPJUMP1/BR00116997/BR00116997_normalized_feature_select_negcon.csv.gz']
Files to read: ['../pilot-cpjump1-data/profiles/2020_11_04_CPJUMP1/BR00116998/BR00116998_normalized_feature_select_negcon.csv.gz']
Files to read: ['../pilot-cpjump1-data/profiles/2020_11_04_CPJUMP1/BR00116999/BR00116999_normalized_feature_select_negcon.csv.gz']
Files to read: ['../pilot-cpjump1-data/profiles/2020_11_04_CPJUMP1/BR00116996/BR00116996_normalized_feature_select_negcon.csv.gz']
Files to read: ['../pilot-cpjump1-data/profiles/2020_11_04_CPJUMP1/BR00117022/BR00117022_normalized_feature_select_negcon.csv.gz']
Files to read: ['../pilot-cpjump1-data/profiles/2020_11_04_CPJUMP1/BR00117023/BR00117023_normalized_feature_select_negcon.csv.gz']

  0%|          | 0/200 [00:00<?, ?it/s]
  0%|          | 1/200 [00:07<24:09,  7.28s/it]
  1%|          | 2/200 [00:11<17:55,  5.43s/it]
  2%|▏         | 3/200 [00:15<15:57,  4.86s/it]
  2%|▏         | 4/200 [00:19<14:43,  4.51s/it]
  2%|▎         | 5/200 [00:23<14:06,  4.34s/it]
  3%|▎         | 6/200 [00:27<13:29,  4.17s/it]
  4%|▎         | 7/200 [00:31<13:42,  4.26s/it]
  4%|▍         | 8/200 [00:35<13:20,  4.17s/it]
  4%|▍         | 9/200 [00:39<13:07,  4.12s/it]
  5%|▌         | 10/200 [00:43<12:54,  4.07s/it]
  6%|▌         | 11/200 [00:47<12:46,  4.05s/it]
  6%|▌         | 12/200 [00:51<12:25,  3.97s/it]
  6%|▋         | 13/200 [00:55<12:24,  3.98s/it]
  7%|▋         | 14/200 [00:59<12:06,  3.91s/it]
  8%|▊         | 15/200 [01:03<11:57,  3.88s/it]
  8%|▊         | 16/200 [01:07<11:54,  3.89s/it]
  8%|▊         | 17/200 [01:11<12:04,  3.96s/it]
  9%|▉         | 18/200 [01:15<12:16,  4.04s/it]
 10%|▉         | 19/200 [01:19<12:28,  4.14s/it]
 10%|█         | 20/200 [01:23<12:11,  4.06s/it]
 10%|█         | 21/200 [01:28<12:29,  4.19s/it]
 11%|█         | 22/200 [01:32<12:24,  4.18s/it]
 12%|█▏        | 23/200 [01:36<12:42,  4.31s/it]
 12%|█▏        | 24/200 [01:41<12:55,  4.40s/it]
 12%|█▎        | 25/200 [01:46<13:06,  4.49s/it]
 13%|█▎        | 26/200 [01:50<12:55,  4.46s/it]
 14%|█▎        | 27/200 [01:55<12:47,  4.43s/it]
 14%|█▍        | 28/200 [01:59<12:22,  4.32s/it]
 14%|█▍        | 29/200 [02:02<11:51,  4.16s/it]
 15%|█▌        | 30/200 [02:07<11:52,  4.19s/it]
 16%|█▌        | 31/200 [02:11<12:02,  4.27s/it]
 16%|█▌        | 32/200 [02:15<11:46,  4.20s/it]
 16%|█▋        | 33/200 [02:19<11:45,  4.22s/it]
 17%|█▋        | 34/200 [02:24<12:20,  4.46s/it]
 18%|█▊        | 35/200 [02:29<12:16,  4.46s/it]
 18%|█▊        | 36/200 [02:33<11:50,  4.33s/it]
 18%|█▊        | 37/200 [02:37<11:44,  4.32s/it]
 19%|█▉        | 38/200 [02:41<11:20,  4.20s/it]
 20%|█▉        | 39/200 [02:46<11:35,  4.32s/it]
 20%|██        | 40/200 [02:50<11:34,  4.34s/it]
 20%|██        | 41/200 [02:55<11:38,  4.39s/it]
 21%|██        | 42/200 [02:59<11:25,  4.34s/it]
 22%|██▏       | 43/200 [03:03<11:16,  4.31s/it]
 22%|██▏       | 44/200 [03:07<11:13,  4.32s/it]
 22%|██▎       | 45/200 [03:12<11:26,  4.43s/it]
 23%|██▎       | 46/200 [03:17<11:24,  4.45s/it]
 24%|██▎       | 47/200 [03:21<11:12,  4.39s/it]
 24%|██▍       | 48/200 [03:25<10:56,  4.32s/it]
 24%|██▍       | 49/200 [03:29<10:41,  4.25s/it]
 25%|██▌       | 50/200 [03:33<10:26,  4.18s/it]
 26%|██▌       | 51/200 [03:38<10:44,  4.33s/it]
 26%|██▌       | 52/200 [03:42<10:34,  4.29s/it]
 26%|██▋       | 53/200 [03:46<10:21,  4.23s/it]
 27%|██▋       | 54/200 [03:50<10:24,  4.28s/it]
 28%|██▊       | 55/200 [03:55<10:23,  4.30s/it]
 28%|██▊       | 56/200 [03:59<10:14,  4.27s/it]
 28%|██▊       | 57/200 [04:03<10:01,  4.20s/it]
 29%|██▉       | 58/200 [04:07<10:00,  4.23s/it]
 30%|██▉       | 59/200 [04:12<09:59,  4.25s/it]
 30%|███       | 60/200 [04:16<09:38,  4.13s/it]
 30%|███       | 61/200 [04:19<09:17,  4.01s/it]
 31%|███       | 62/200 [04:23<09:01,  3.92s/it]
 32%|███▏      | 63/200 [04:27<08:51,  3.88s/it]
 32%|███▏      | 64/200 [04:31<08:47,  3.88s/it]
 32%|███▎      | 65/200 [04:35<09:03,  4.03s/it]
 33%|███▎      | 66/200 [04:40<09:30,  4.26s/it]
 34%|███▎      | 67/200 [04:44<09:36,  4.34s/it]
 34%|███▍      | 68/200 [04:48<09:15,  4.21s/it]
 34%|███▍      | 69/200 [04:52<09:03,  4.15s/it]
 35%|███▌      | 70/200 [04:56<08:51,  4.09s/it]
 36%|███▌      | 71/200 [05:00<08:54,  4.14s/it]
 36%|███▌      | 72/200 [05:04<08:40,  4.07s/it]
 36%|███▋      | 73/200 [05:09<08:39,  4.09s/it]
 37%|███▋      | 74/200 [05:12<08:16,  3.94s/it]
 38%|███▊      | 75/200 [05:16<08:04,  3.88s/it]
 38%|███▊      | 76/200 [05:20<08:11,  3.96s/it]
 38%|███▊      | 77/200 [05:24<08:18,  4.05s/it]
 39%|███▉      | 78/200 [05:28<08:18,  4.09s/it]
 40%|███▉      | 79/200 [05:33<08:23,  4.16s/it]
 40%|████      | 80/200 [05:37<08:20,  4.17s/it]
 40%|████      | 81/200 [05:41<08:00,  4.03s/it]
 41%|████      | 82/200 [05:45<07:51,  3.99s/it]
 42%|████▏     | 83/200 [05:48<07:37,  3.91s/it]
 42%|████▏     | 84/200 [05:52<07:34,  3.92s/it]
 42%|████▎     | 85/200 [05:57<07:44,  4.04s/it]
 43%|████▎     | 86/200 [06:00<07:33,  3.98s/it]
 44%|████▎     | 87/200 [06:04<07:18,  3.88s/it]
 44%|████▍     | 88/200 [06:08<07:23,  3.96s/it]
 44%|████▍     | 89/200 [06:12<07:31,  4.07s/it]
 45%|████▌     | 90/200 [06:17<07:25,  4.05s/it]
 46%|████▌     | 91/200 [06:21<07:20,  4.04s/it]
 46%|████▌     | 92/200 [06:25<07:18,  4.06s/it]
 46%|████▋     | 93/200 [06:29<07:10,  4.03s/it]
 47%|████▋     | 94/200 [06:33<07:14,  4.10s/it]
 48%|████▊     | 95/200 [06:37<07:10,  4.10s/it]
 48%|████▊     | 96/200 [06:41<06:59,  4.03s/it]
 48%|████▊     | 97/200 [06:45<07:00,  4.08s/it]
 49%|████▉     | 98/200 [06:49<07:02,  4.14s/it]
 50%|████▉     | 99/200 [06:54<07:00,  4.17s/it]
 50%|█████     | 100/200 [06:58<06:51,  4.11s/it]
 50%|█████     | 101/200 [07:01<06:40,  4.05s/it]
 51%|█████     | 102/200 [07:05<06:32,  4.01s/it]
 52%|█████▏    | 103/200 [07:10<06:38,  4.10s/it]
 52%|█████▏    | 104/200 [07:14<06:38,  4.15s/it]
 52%|█████▎    | 105/200 [07:19<06:48,  4.30s/it]
 53%|█████▎    | 106/200 [07:23<06:41,  4.27s/it]
 54%|█████▎    | 107/200 [07:27<06:31,  4.21s/it]
 54%|█████▍    | 108/200 [07:31<06:33,  4.28s/it]
 55%|█████▍    | 109/200 [07:35<06:26,  4.25s/it]
 55%|█████▌    | 110/200 [07:39<06:10,  4.12s/it]
 56%|█████▌    | 111/200 [07:43<05:52,  3.96s/it]
 56%|█████▌    | 112/200 [07:46<05:37,  3.83s/it]
 56%|█████▋    | 113/200 [07:50<05:26,  3.75s/it]
 57%|█████▋    | 114/200 [07:54<05:25,  3.78s/it]
 57%|█████▊    | 115/200 [07:58<05:38,  3.98s/it]
 58%|█████▊    | 116/200 [08:02<05:26,  3.89s/it]
 58%|█████▊    | 117/200 [08:06<05:21,  3.87s/it]
 59%|█████▉    | 118/200 [08:10<05:33,  4.07s/it]
 60%|█████▉    | 119/200 [08:14<05:32,  4.11s/it]
 60%|██████    | 120/200 [08:19<05:30,  4.14s/it]
 60%|██████    | 121/200 [08:23<05:26,  4.13s/it]
 61%|██████    | 122/200 [08:27<05:22,  4.13s/it]
 62%|██████▏   | 123/200 [08:31<05:16,  4.11s/it]
 62%|██████▏   | 124/200 [08:35<05:13,  4.12s/it]
 62%|██████▎   | 125/200 [08:40<05:17,  4.24s/it]
 63%|██████▎   | 126/200 [08:44<05:05,  4.13s/it]
 64%|██████▎   | 127/200 [08:47<04:53,  4.02s/it]
 64%|██████▍   | 128/200 [08:51<04:45,  3.97s/it]
 64%|██████▍   | 129/200 [08:55<04:39,  3.94s/it]
 65%|██████▌   | 130/200 [08:59<04:41,  4.02s/it]
 66%|██████▌   | 131/200 [09:03<04:41,  4.08s/it]
 66%|██████▌   | 132/200 [09:08<04:37,  4.08s/it]
 66%|██████▋   | 133/200 [09:12<04:38,  4.15s/it]
 67%|██████▋   | 134/200 [09:16<04:36,  4.19s/it]
 68%|██████▊   | 135/200 [09:21<04:35,  4.25s/it]
 68%|██████▊   | 136/200 [09:24<04:25,  4.16s/it]
 68%|██████▊   | 137/200 [09:29<04:21,  4.15s/it]
 69%|██████▉   | 138/200 [09:33<04:15,  4.12s/it]
 70%|██████▉   | 139/200 [09:37<04:13,  4.16s/it]
 70%|███████   | 140/200 [09:41<04:10,  4.18s/it]
 70%|███████   | 141/200 [09:45<04:06,  4.18s/it]
 71%|███████   | 142/200 [09:49<04:01,  4.17s/it]
 72%|███████▏  | 143/200 [09:54<03:58,  4.19s/it]
 72%|███████▏  | 144/200 [09:58<03:51,  4.14s/it]
 72%|███████▎  | 145/200 [10:02<03:44,  4.08s/it]
 73%|███████▎  | 146/200 [10:06<03:43,  4.14s/it]
 74%|███████▎  | 147/200 [10:10<03:38,  4.12s/it]
 74%|███████▍  | 148/200 [10:14<03:34,  4.13s/it]
 74%|███████▍  | 149/200 [10:18<03:32,  4.17s/it]
 75%|███████▌  | 150/200 [10:22<03:27,  4.14s/it]
 76%|███████▌  | 151/200 [10:27<03:23,  4.16s/it]
 76%|███████▌  | 152/200 [10:31<03:14,  4.06s/it]
 76%|███████▋  | 153/200 [10:34<03:06,  3.97s/it]
 77%|███████▋  | 154/200 [10:38<03:00,  3.92s/it]
 78%|███████▊  | 155/200 [10:42<02:58,  3.97s/it]
 78%|███████▊  | 156/200 [10:46<02:56,  4.02s/it]
 78%|███████▊  | 157/200 [10:51<02:56,  4.11s/it]
 79%|███████▉  | 158/200 [10:55<02:51,  4.09s/it]
 80%|███████▉  | 159/200 [10:59<02:48,  4.11s/it]
 80%|████████  | 160/200 [11:03<02:49,  4.25s/it]
 80%|████████  | 161/200 [11:08<02:49,  4.35s/it]
 81%|████████  | 162/200 [11:12<02:43,  4.31s/it]
 82%|████████▏ | 163/200 [11:16<02:37,  4.25s/it]
 82%|████████▏ | 164/200 [11:20<02:29,  4.15s/it]
 82%|████████▎ | 165/200 [11:24<02:20,  4.00s/it]
 83%|████████▎ | 166/200 [11:27<02:11,  3.87s/it]
 84%|████████▎ | 167/200 [11:31<02:08,  3.88s/it]
 84%|████████▍ | 168/200 [11:35<02:00,  3.78s/it]
 84%|████████▍ | 169/200 [11:39<01:56,  3.76s/it]
 85%|████████▌ | 170/200 [11:42<01:49,  3.64s/it]
 86%|████████▌ | 171/200 [11:46<01:45,  3.65s/it]
 86%|████████▌ | 172/200 [11:49<01:43,  3.71s/it]
 86%|████████▋ | 173/200 [11:53<01:41,  3.75s/it]
 87%|████████▋ | 174/200 [11:57<01:36,  3.70s/it]
 88%|████████▊ | 175/200 [12:01<01:34,  3.76s/it]
 88%|████████▊ | 176/200 [12:05<01:31,  3.79s/it]
 88%|████████▊ | 177/200 [12:08<01:27,  3.79s/it]
 89%|████████▉ | 178/200 [12:12<01:22,  3.76s/it]
 90%|████████▉ | 179/200 [12:16<01:20,  3.82s/it]
 90%|█████████ | 180/200 [12:20<01:15,  3.80s/it]
 90%|█████████ | 181/200 [12:24<01:11,  3.77s/it]
 91%|█████████ | 182/200 [12:27<01:08,  3.81s/it]
 92%|█████████▏| 183/200 [12:31<01:05,  3.85s/it]
 92%|█████████▏| 184/200 [12:35<01:01,  3.84s/it]
 92%|█████████▎| 185/200 [12:39<00:57,  3.86s/it]
 93%|█████████▎| 186/200 [12:43<00:55,  3.96s/it]
 94%|█████████▎| 187/200 [12:47<00:51,  3.98s/it]
 94%|█████████▍| 188/200 [12:51<00:46,  3.91s/it]
 94%|█████████▍| 189/200 [12:55<00:42,  3.85s/it]
 95%|█████████▌| 190/200 [12:59<00:38,  3.88s/it]
 96%|█████████▌| 191/200 [13:03<00:36,  4.01s/it]
 96%|█████████▌| 192/200 [13:07<00:32,  4.01s/it]
 96%|█████████▋| 193/200 [13:11<00:27,  3.94s/it]
 97%|█████████▋| 194/200 [13:15<00:23,  3.95s/it]
 98%|█████████▊| 195/200 [13:19<00:19,  3.95s/it]
 98%|█████████▊| 196/200 [13:23<00:15,  3.95s/it]
 98%|█████████▊| 197/200 [13:27<00:11,  3.96s/it]
 99%|█████████▉| 198/200 [13:30<00:07,  3.89s/it]
100%|█████████▉| 199/200 [13:34<00:03,  3.92s/it]
100%|██████████| 200/200 [13:38<00:00,  3.92s/it]
                                                 
0
1
2
3
4
5
6
7
8
9
10
11
12
13
14
15
16
17
18
19
20
21
22
23
24
25
26
27
28
29
30
31
32
33
34
35
36
37
38
39
40
41
42
43
44
45
46
47
48
49
50
51
52
53
54
55
56
57
58
59
60
61
62
63
64
65
66
67
68
69
70
71
72
73
74
75
76
77
78
79
80
81
82
83
84
85
86
87
88
89
90
91
92
93
94
95
96
97
98
99
100
101
102
103
104
105
106
107
108
109
110
111
112
113
114
115
116
117
118
119
120
121
122
123
124
125
126
127
128
129
130
131
132
133
134
135
136
137
138
139
140
141
142
143
144
145
146
147
148
149
150
151
152
153
154
155
156
157
158
159
160
161
162
163
164
165
166
167
168
169
170
171
172
173
174
175
176
177
178
179
180
181
182
183
184
185
186
187
188
189
190
191
192
193
194
195
196
197
198
199
