 
Files to read: ['../pilot-cpjump1-data/profiles/2020_11_04_CPJUMP1/BR00116995/BR00116995_normalized_feature_select_negcon.csv.gz']
Files to read: ['../pilot-cpjump1-data/profiles/2020_11_04_CPJUMP1/BR00117024/BR00117024_normalized_feature_select_negcon.csv.gz']
Files to read: ['../pilot-cpjump1-data/profiles/2020_11_04_CPJUMP1/BR00117025/BR00117025_normalized_feature_select_negcon.csv.gz']
Files to read: ['../pilot-cpjump1-data/profiles/2020_11_04_CPJUMP1/BR00117026/BR00117026_normalized_feature_select_negcon.csv.gz']
Files to read: ['../pilot-cpjump1-data/profiles/2020_11_04_CPJUMP1/BR00116997/BR00116997_normalized_feature_select_negcon.csv.gz']
Files to read: ['../pilot-cpjump1-data/profiles/2020_11_04_CPJUMP1/BR00116998/BR00116998_normalized_feature_select_negcon.csv.gz']
Files to read: ['../pilot-cpjump1-data/profiles/2020_11_04_CPJUMP1/BR00116999/BR00116999_normalized_feature_select_negcon.csv.gz']
Files to read: ['../pilot-cpjump1-data/profiles/2020_11_04_CPJUMP1/BR00116996/BR00116996_normalized_feature_select_negcon.csv.gz']
Files to read: ['../pilot-cpjump1-data/profiles/2020_11_04_CPJUMP1/BR00117022/BR00117022_normalized_feature_select_negcon.csv.gz']
Files to read: ['../pilot-cpjump1-data/profiles/2020_11_04_CPJUMP1/BR00117023/BR00117023_normalized_feature_select_negcon.csv.gz']

  0%|          | 0/200 [00:00<?, ?it/s]
  0%|          | 1/200 [00:06<22:31,  6.79s/it]
  1%|          | 2/200 [00:10<16:44,  5.07s/it]
  2%|▏         | 3/200 [00:14<15:30,  4.72s/it]
  2%|▏         | 4/200 [00:18<14:28,  4.43s/it]
  2%|▎         | 5/200 [00:23<14:04,  4.33s/it]
  3%|▎         | 6/200 [00:27<13:54,  4.30s/it]
  4%|▎         | 7/200 [00:30<13:08,  4.09s/it]
  4%|▍         | 8/200 [00:34<12:52,  4.02s/it]
  4%|▍         | 9/200 [00:39<12:56,  4.07s/it]
  5%|▌         | 10/200 [00:43<12:51,  4.06s/it]
  6%|▌         | 11/200 [00:47<12:41,  4.03s/it]
  6%|▌         | 12/200 [00:50<12:13,  3.90s/it]
  6%|▋         | 13/200 [00:54<12:09,  3.90s/it]
  7%|▋         | 14/200 [00:58<11:57,  3.86s/it]
  8%|▊         | 15/200 [01:02<11:57,  3.88s/it]
  8%|▊         | 16/200 [01:06<12:26,  4.06s/it]
  8%|▊         | 17/200 [01:10<12:07,  3.97s/it]
  9%|▉         | 18/200 [01:14<11:55,  3.93s/it]
 10%|▉         | 19/200 [01:18<11:40,  3.87s/it]
 10%|█         | 20/200 [01:22<12:12,  4.07s/it]
 10%|█         | 21/200 [01:26<11:53,  3.99s/it]
 11%|█         | 22/200 [01:30<11:39,  3.93s/it]
 12%|█▏        | 23/200 [01:34<11:31,  3.90s/it]
 12%|█▏        | 24/200 [01:37<11:24,  3.89s/it]
 12%|█▎        | 25/200 [01:41<11:20,  3.89s/it]
 13%|█▎        | 26/200 [01:46<12:01,  4.14s/it]
 14%|█▎        | 27/200 [01:50<11:43,  4.07s/it]
 14%|█▍        | 28/200 [01:53<11:11,  3.91s/it]
 14%|█▍        | 29/200 [01:57<11:13,  3.94s/it]
 15%|█▌        | 30/200 [02:01<11:01,  3.89s/it]
 16%|█▌        | 31/200 [02:05<10:46,  3.83s/it]
 16%|█▌        | 32/200 [02:09<10:40,  3.81s/it]
 16%|█▋        | 33/200 [02:12<10:28,  3.76s/it]
 17%|█▋        | 34/200 [02:16<10:26,  3.77s/it]
 18%|█▊        | 35/200 [02:20<10:24,  3.78s/it]
 18%|█▊        | 36/200 [02:24<10:14,  3.75s/it]
 18%|█▊        | 37/200 [02:27<10:08,  3.73s/it]
 19%|█▉        | 38/200 [02:31<10:09,  3.76s/it]
 20%|█▉        | 39/200 [02:35<09:59,  3.72s/it]
 20%|██        | 40/200 [02:39<10:22,  3.89s/it]
 20%|██        | 41/200 [02:43<10:43,  4.05s/it]
 21%|██        | 42/200 [02:47<10:24,  3.95s/it]
 22%|██▏       | 43/200 [02:51<10:09,  3.88s/it]
 22%|██▏       | 44/200 [02:55<10:05,  3.88s/it]
 22%|██▎       | 45/200 [02:58<09:48,  3.80s/it]
 23%|██▎       | 46/200 [03:02<09:37,  3.75s/it]
 24%|██▎       | 47/200 [03:06<09:41,  3.80s/it]
 24%|██▍       | 48/200 [03:10<09:44,  3.85s/it]
 24%|██▍       | 49/200 [03:15<10:21,  4.12s/it]
 25%|██▌       | 50/200 [03:19<10:13,  4.09s/it]
 26%|██▌       | 51/200 [03:22<09:52,  3.98s/it]
 26%|██▌       | 52/200 [03:26<09:45,  3.96s/it]
 26%|██▋       | 53/200 [03:30<09:37,  3.93s/it]
 27%|██▋       | 54/200 [03:34<09:33,  3.93s/it]
 28%|██▊       | 55/200 [03:38<09:14,  3.83s/it]
 28%|██▊       | 56/200 [03:41<09:08,  3.81s/it]
 28%|██▊       | 57/200 [03:45<09:12,  3.86s/it]
 29%|██▉       | 58/200 [03:49<09:10,  3.88s/it]
 30%|██▉       | 59/200 [03:53<09:07,  3.88s/it]
 30%|███       | 60/200 [03:57<08:55,  3.82s/it]
 30%|███       | 61/200 [04:00<08:40,  3.74s/it]
 31%|███       | 62/200 [04:04<08:39,  3.76s/it]
 32%|███▏      | 63/200 [04:08<08:36,  3.77s/it]
 32%|███▏      | 64/200 [04:12<08:26,  3.72s/it]
 32%|███▎      | 65/200 [04:16<08:31,  3.79s/it]
 33%|███▎      | 66/200 [04:20<08:54,  3.99s/it]
 34%|███▎      | 67/200 [04:24<08:48,  3.97s/it]
 34%|███▍      | 68/200 [04:28<08:37,  3.92s/it]
 34%|███▍      | 69/200 [04:31<08:23,  3.85s/it]
 35%|███▌      | 70/200 [04:35<08:18,  3.84s/it]
 36%|███▌      | 71/200 [04:39<08:09,  3.79s/it]
 36%|███▌      | 72/200 [04:43<08:05,  3.79s/it]
 36%|███▋      | 73/200 [04:46<07:56,  3.75s/it]
 37%|███▋      | 74/200 [04:50<07:54,  3.77s/it]
 38%|███▊      | 75/200 [04:54<07:53,  3.79s/it]
 38%|███▊      | 76/200 [04:58<07:47,  3.77s/it]
 38%|███▊      | 77/200 [05:02<07:42,  3.76s/it]
 39%|███▉      | 78/200 [05:06<07:47,  3.83s/it]
 40%|███▉      | 79/200 [05:09<07:32,  3.74s/it]
 40%|████      | 80/200 [05:13<07:40,  3.83s/it]
 40%|████      | 81/200 [05:17<07:34,  3.82s/it]
 41%|████      | 82/200 [05:21<07:30,  3.81s/it]
 42%|████▏     | 83/200 [05:24<07:18,  3.75s/it]
 42%|████▏     | 84/200 [05:28<07:29,  3.88s/it]
 42%|████▎     | 85/200 [05:33<07:34,  3.95s/it]
 43%|████▎     | 86/200 [05:37<07:37,  4.01s/it]
 44%|████▎     | 87/200 [05:40<07:20,  3.90s/it]
 44%|████▍     | 88/200 [05:44<07:08,  3.83s/it]
 44%|████▍     | 89/200 [05:48<07:05,  3.83s/it]
 45%|████▌     | 90/200 [05:53<07:33,  4.13s/it]
 46%|████▌     | 91/200 [05:56<07:15,  4.00s/it]
 46%|████▌     | 92/200 [06:00<07:05,  3.94s/it]
 46%|████▋     | 93/200 [06:04<06:52,  3.86s/it]
 47%|████▋     | 94/200 [06:08<06:44,  3.81s/it]
 48%|████▊     | 95/200 [06:11<06:36,  3.78s/it]
 48%|████▊     | 96/200 [06:15<06:32,  3.77s/it]
 48%|████▊     | 97/200 [06:19<06:31,  3.80s/it]
 49%|████▉     | 98/200 [06:23<06:24,  3.77s/it]
 50%|████▉     | 99/200 [06:26<06:18,  3.75s/it]
 50%|█████     | 100/200 [06:30<06:09,  3.69s/it]
 50%|█████     | 101/200 [06:33<06:03,  3.67s/it]
 51%|█████     | 102/200 [06:37<05:59,  3.67s/it]
 52%|█████▏    | 103/200 [06:41<05:51,  3.62s/it]
 52%|█████▏    | 104/200 [06:44<05:48,  3.63s/it]
 52%|█████▎    | 105/200 [06:48<05:48,  3.67s/it]
 53%|█████▎    | 106/200 [06:52<05:48,  3.71s/it]
 54%|█████▎    | 107/200 [06:56<05:48,  3.75s/it]
 54%|█████▍    | 108/200 [07:00<05:46,  3.77s/it]
 55%|█████▍    | 109/200 [07:03<05:48,  3.83s/it]
 55%|█████▌    | 110/200 [07:08<05:53,  3.93s/it]
 56%|█████▌    | 111/200 [07:11<05:38,  3.80s/it]
 56%|█████▌    | 112/200 [07:15<05:34,  3.80s/it]
 56%|█████▋    | 113/200 [07:19<05:25,  3.74s/it]
 57%|█████▋    | 114/200 [07:22<05:19,  3.71s/it]
 57%|█████▊    | 115/200 [07:26<05:10,  3.65s/it]
 58%|█████▊    | 116/200 [07:29<05:09,  3.69s/it]
 58%|█████▊    | 117/200 [07:33<05:04,  3.67s/it]
 59%|█████▉    | 118/200 [07:37<05:04,  3.72s/it]
 60%|█████▉    | 119/200 [07:40<04:56,  3.66s/it]
 60%|██████    | 120/200 [07:44<04:51,  3.65s/it]
 60%|██████    | 121/200 [07:48<05:04,  3.86s/it]
 61%|██████    | 122/200 [07:52<04:59,  3.84s/it]
 62%|██████▏   | 123/200 [07:56<04:50,  3.78s/it]
 62%|██████▏   | 124/200 [08:00<04:46,  3.77s/it]
 62%|██████▎   | 125/200 [08:03<04:37,  3.70s/it]
 63%|██████▎   | 126/200 [08:07<04:34,  3.71s/it]
 64%|██████▎   | 127/200 [08:11<04:29,  3.69s/it]
 64%|██████▍   | 128/200 [08:14<04:28,  3.72s/it]
 64%|██████▍   | 129/200 [08:18<04:27,  3.76s/it]
 65%|██████▌   | 130/200 [08:22<04:25,  3.79s/it]
 66%|██████▌   | 131/200 [08:26<04:18,  3.74s/it]
 66%|██████▌   | 132/200 [08:29<04:15,  3.75s/it]
 66%|██████▋   | 133/200 [08:33<04:10,  3.73s/it]
 67%|██████▋   | 134/200 [08:37<04:04,  3.70s/it]
 68%|██████▊   | 135/200 [08:40<04:00,  3.69s/it]
 68%|██████▊   | 136/200 [08:44<03:56,  3.70s/it]
 68%|██████▊   | 137/200 [08:48<03:49,  3.65s/it]
 69%|██████▉   | 138/200 [08:51<03:47,  3.68s/it]
 70%|██████▉   | 139/200 [08:55<03:46,  3.71s/it]
 70%|███████   | 140/200 [08:59<03:40,  3.68s/it]
 70%|███████   | 141/200 [09:02<03:35,  3.65s/it]
 71%|███████   | 142/200 [09:06<03:29,  3.62s/it]
 72%|███████▏  | 143/200 [09:10<03:32,  3.73s/it]
 72%|███████▏  | 144/200 [09:14<03:36,  3.87s/it]
 72%|███████▎  | 145/200 [09:18<03:27,  3.76s/it]
 73%|███████▎  | 146/200 [09:21<03:22,  3.75s/it]
 74%|███████▎  | 147/200 [09:25<03:16,  3.71s/it]
 74%|███████▍  | 148/200 [09:29<03:11,  3.69s/it]
 74%|███████▍  | 149/200 [09:33<03:11,  3.76s/it]
 75%|███████▌  | 150/200 [09:37<03:12,  3.85s/it]
 76%|███████▌  | 151/200 [09:40<03:05,  3.79s/it]
 76%|███████▌  | 152/200 [09:44<03:00,  3.77s/it]
 76%|███████▋  | 153/200 [09:47<02:52,  3.67s/it]
 77%|███████▋  | 154/200 [09:51<02:53,  3.76s/it]
 78%|███████▊  | 155/200 [09:55<02:47,  3.72s/it]
 78%|███████▊  | 156/200 [09:59<02:43,  3.71s/it]
 78%|███████▊  | 157/200 [10:02<02:37,  3.67s/it]
 79%|███████▉  | 158/200 [10:06<02:34,  3.68s/it]
 80%|███████▉  | 159/200 [10:10<02:29,  3.65s/it]
 80%|████████  | 160/200 [10:13<02:26,  3.66s/it]
 80%|████████  | 161/200 [10:17<02:21,  3.63s/it]
 81%|████████  | 162/200 [10:20<02:14,  3.55s/it]
 82%|████████▏ | 163/200 [10:23<02:08,  3.47s/it]
 82%|████████▏ | 164/200 [10:28<02:12,  3.68s/it]
 82%|████████▎ | 165/200 [10:31<02:05,  3.58s/it]
 83%|████████▎ | 166/200 [10:35<02:04,  3.66s/it]
 84%|████████▎ | 167/200 [10:38<01:58,  3.58s/it]
 84%|████████▍ | 168/200 [10:42<01:52,  3.52s/it]
 84%|████████▍ | 169/200 [10:45<01:46,  3.44s/it]
 85%|████████▌ | 170/200 [10:48<01:44,  3.47s/it]
 86%|████████▌ | 171/200 [10:52<01:39,  3.44s/it]
 86%|████████▌ | 172/200 [10:55<01:35,  3.40s/it]
 86%|████████▋ | 173/200 [10:58<01:29,  3.31s/it]
 87%|████████▋ | 174/200 [11:02<01:26,  3.34s/it]
 88%|████████▊ | 175/200 [11:05<01:22,  3.32s/it]
 88%|████████▊ | 176/200 [11:08<01:19,  3.31s/it]
 88%|████████▊ | 177/200 [11:12<01:21,  3.54s/it]
 89%|████████▉ | 178/200 [11:15<01:16,  3.46s/it]
 90%|████████▉ | 179/200 [11:19<01:12,  3.45s/it]
 90%|█████████ | 180/200 [11:23<01:10,  3.53s/it]
 90%|█████████ | 181/200 [11:26<01:06,  3.49s/it]
 91%|█████████ | 182/200 [11:30<01:03,  3.52s/it]
 92%|█████████▏| 183/200 [11:33<00:59,  3.51s/it]
 92%|█████████▏| 184/200 [11:36<00:54,  3.44s/it]
 92%|█████████▎| 185/200 [11:40<00:50,  3.39s/it]
 93%|█████████▎| 186/200 [11:43<00:47,  3.39s/it]
 94%|█████████▎| 187/200 [11:47<00:44,  3.42s/it]
 94%|█████████▍| 188/200 [11:50<00:40,  3.39s/it]
 94%|█████████▍| 189/200 [11:53<00:36,  3.36s/it]
 95%|█████████▌| 190/200 [11:57<00:33,  3.38s/it]
 96%|█████████▌| 191/200 [12:00<00:30,  3.38s/it]
 96%|█████████▌| 192/200 [12:03<00:26,  3.37s/it]
 96%|█████████▋| 193/200 [12:06<00:23,  3.32s/it]
 97%|█████████▋| 194/200 [12:10<00:19,  3.31s/it]
 98%|█████████▊| 195/200 [12:13<00:16,  3.32s/it]
 98%|█████████▊| 196/200 [12:16<00:13,  3.29s/it]
 98%|█████████▊| 197/200 [12:20<00:09,  3.29s/it]
 99%|█████████▉| 198/200 [12:23<00:06,  3.29s/it]
100%|█████████▉| 199/200 [12:26<00:03,  3.28s/it]
100%|██████████| 200/200 [12:30<00:00,  3.33s/it]
                                                 
0
1
2
3
4
5
6
7
8
9
10
11
12
13
14
15
16
17
18
19
20
21
22
23
24
25
26
27
28
29
30
31
32
33
34
35
36
37
38
39
40
41
42
43
44
45
46
47
48
49
50
51
52
53
54
55
56
57
58
59
60
61
62
63
64
65
66
67
68
69
70
71
72
73
74
75
76
77
78
79
80
81
82
83
84
85
86
87
88
89
90
91
92
93
94
95
96
97
98
99
100
101
102
103
104
105
106
107
108
109
110
111
112
113
114
115
116
117
118
119
120
121
122
123
124
125
126
127
128
129
130
131
132
133
134
135
136
137
138
139
140
141
142
143
144
145
146
147
148
149
150
151
152
153
154
155
156
157
158
159
160
161
162
163
164
165
166
167
168
169
170
171
172
173
174
175
176
177
178
179
180
181
182
183
184
185
186
187
188
189
190
191
192
193
194
195
196
197
198
199
