 
Files to read: ['../pilot-cpjump1-data/profiles/2020_11_04_CPJUMP1/BR00116995/BR00116995_normalized_feature_select_negcon.csv.gz']
Files to read: ['../pilot-cpjump1-data/profiles/2020_11_04_CPJUMP1/BR00117024/BR00117024_normalized_feature_select_negcon.csv.gz']
Files to read: ['../pilot-cpjump1-data/profiles/2020_11_04_CPJUMP1/BR00117025/BR00117025_normalized_feature_select_negcon.csv.gz']
Files to read: ['../pilot-cpjump1-data/profiles/2020_11_04_CPJUMP1/BR00117026/BR00117026_normalized_feature_select_negcon.csv.gz']
Files to read: ['../pilot-cpjump1-data/profiles/2020_11_04_CPJUMP1/BR00116997/BR00116997_normalized_feature_select_negcon.csv.gz']
Files to read: ['../pilot-cpjump1-data/profiles/2020_11_04_CPJUMP1/BR00116998/BR00116998_normalized_feature_select_negcon.csv.gz']
Files to read: ['../pilot-cpjump1-data/profiles/2020_11_04_CPJUMP1/BR00116999/BR00116999_normalized_feature_select_negcon.csv.gz']
Files to read: ['../pilot-cpjump1-data/profiles/2020_11_04_CPJUMP1/BR00116996/BR00116996_normalized_feature_select_negcon.csv.gz']
Files to read: ['../pilot-cpjump1-data/profiles/2020_11_04_CPJUMP1/BR00117022/BR00117022_normalized_feature_select_negcon.csv.gz']
Files to read: ['../pilot-cpjump1-data/profiles/2020_11_04_CPJUMP1/BR00117023/BR00117023_normalized_feature_select_negcon.csv.gz']

  0%|          | 0/200 [00:00<?, ?it/s]
  0%|          | 1/200 [00:05<18:10,  5.48s/it]
  1%|          | 2/200 [00:10<16:54,  5.12s/it]
  2%|▏         | 3/200 [00:15<16:20,  4.98s/it]
  2%|▏         | 4/200 [00:20<16:36,  5.08s/it]
  2%|▎         | 5/200 [00:25<16:59,  5.23s/it]
  3%|▎         | 6/200 [00:31<16:54,  5.23s/it]
  4%|▎         | 7/200 [00:35<16:17,  5.06s/it]
  4%|▍         | 8/200 [00:40<16:07,  5.04s/it]
  4%|▍         | 9/200 [00:45<15:51,  4.98s/it]
  5%|▌         | 10/200 [00:50<15:50,  5.00s/it]
  6%|▌         | 11/200 [00:55<15:31,  4.93s/it]
  6%|▌         | 12/200 [01:00<15:19,  4.89s/it]
  6%|▋         | 13/200 [01:05<15:16,  4.90s/it]
  7%|▋         | 14/200 [01:10<15:05,  4.87s/it]
  8%|▊         | 15/200 [01:14<15:01,  4.87s/it]
  8%|▊         | 16/200 [01:19<14:52,  4.85s/it]
  8%|▊         | 17/200 [01:24<14:37,  4.79s/it]
  9%|▉         | 18/200 [01:29<14:35,  4.81s/it]
 10%|▉         | 19/200 [01:34<14:55,  4.95s/it]
 10%|█         | 20/200 [01:39<14:34,  4.86s/it]
 10%|█         | 21/200 [01:44<14:31,  4.87s/it]
 11%|█         | 22/200 [01:49<15:01,  5.07s/it]
 12%|█▏        | 23/200 [01:54<14:41,  4.98s/it]
 12%|█▏        | 24/200 [01:59<14:23,  4.91s/it]
 12%|█▎        | 25/200 [02:03<14:02,  4.82s/it]
 13%|█▎        | 26/200 [02:08<14:01,  4.84s/it]
 14%|█▎        | 27/200 [02:13<13:57,  4.84s/it]
 14%|█▍        | 28/200 [02:18<14:24,  5.03s/it]
 14%|█▍        | 29/200 [02:24<14:27,  5.07s/it]
 15%|█▌        | 30/200 [02:29<14:43,  5.20s/it]
 16%|█▌        | 31/200 [02:34<14:34,  5.17s/it]
 16%|█▌        | 32/200 [02:39<14:11,  5.07s/it]
 16%|█▋        | 33/200 [02:44<13:44,  4.94s/it]
 17%|█▋        | 34/200 [02:48<13:34,  4.91s/it]
 18%|█▊        | 35/200 [02:53<13:23,  4.87s/it]
 18%|█▊        | 36/200 [02:58<13:18,  4.87s/it]
 18%|█▊        | 37/200 [03:03<13:04,  4.81s/it]
 19%|█▉        | 38/200 [03:08<13:18,  4.93s/it]
 20%|█▉        | 39/200 [03:13<13:13,  4.93s/it]
 20%|██        | 40/200 [03:18<12:58,  4.87s/it]
 20%|██        | 41/200 [03:23<12:59,  4.90s/it]
 21%|██        | 42/200 [03:27<12:53,  4.90s/it]
 22%|██▏       | 43/200 [03:32<12:37,  4.82s/it]
 22%|██▏       | 44/200 [03:37<12:39,  4.87s/it]
 22%|██▎       | 45/200 [03:42<12:22,  4.79s/it]
 23%|██▎       | 46/200 [03:47<12:48,  4.99s/it]
 24%|██▎       | 47/200 [03:52<12:34,  4.93s/it]
 24%|██▍       | 48/200 [03:57<12:25,  4.91s/it]
 24%|██▍       | 49/200 [04:02<12:11,  4.84s/it]
 25%|██▌       | 50/200 [04:06<12:07,  4.85s/it]
 26%|██▌       | 51/200 [04:11<11:50,  4.77s/it]
 26%|██▌       | 52/200 [04:16<11:44,  4.76s/it]
 26%|██▋       | 53/200 [04:20<11:39,  4.76s/it]
 27%|██▋       | 54/200 [04:26<11:48,  4.85s/it]
 28%|██▊       | 55/200 [04:30<11:36,  4.81s/it]
 28%|██▊       | 56/200 [04:35<11:34,  4.82s/it]
 28%|██▊       | 57/200 [04:40<11:21,  4.77s/it]
 29%|██▉       | 58/200 [04:45<11:21,  4.80s/it]
 30%|██▉       | 59/200 [04:50<11:21,  4.84s/it]
 30%|███       | 60/200 [04:54<11:17,  4.84s/it]
 30%|███       | 61/200 [04:59<11:04,  4.78s/it]
 31%|███       | 62/200 [05:04<11:01,  4.80s/it]
 32%|███▏      | 63/200 [05:08<10:48,  4.73s/it]
 32%|███▏      | 64/200 [05:13<10:43,  4.73s/it]
 32%|███▎      | 65/200 [05:18<10:26,  4.64s/it]
 33%|███▎      | 66/200 [05:22<10:18,  4.62s/it]
 34%|███▎      | 67/200 [05:27<10:15,  4.63s/it]
 34%|███▍      | 68/200 [05:32<10:22,  4.71s/it]
 34%|███▍      | 69/200 [05:37<10:24,  4.77s/it]
 35%|███▌      | 70/200 [05:42<10:42,  4.95s/it]
 36%|███▌      | 71/200 [05:47<10:28,  4.87s/it]
 36%|███▌      | 72/200 [05:52<10:29,  4.92s/it]
 36%|███▋      | 73/200 [05:56<10:17,  4.86s/it]
 37%|███▋      | 74/200 [06:01<10:17,  4.90s/it]
 38%|███▊      | 75/200 [06:06<10:07,  4.86s/it]
 38%|███▊      | 76/200 [06:11<09:59,  4.84s/it]
 38%|███▊      | 77/200 [06:16<09:49,  4.79s/it]
 39%|███▉      | 78/200 [06:21<10:08,  4.99s/it]
 40%|███▉      | 79/200 [06:26<09:48,  4.87s/it]
 40%|████      | 80/200 [06:30<09:37,  4.81s/it]
 40%|████      | 81/200 [06:35<09:27,  4.77s/it]
 41%|████      | 82/200 [06:40<09:20,  4.75s/it]
 42%|████▏     | 83/200 [06:44<09:11,  4.71s/it]
 42%|████▏     | 84/200 [06:49<09:13,  4.77s/it]
 42%|████▎     | 85/200 [06:54<09:08,  4.77s/it]
 43%|████▎     | 86/200 [06:59<09:15,  4.87s/it]
 44%|████▎     | 87/200 [07:04<09:01,  4.79s/it]
 44%|████▍     | 88/200 [07:08<08:54,  4.77s/it]
 44%|████▍     | 89/200 [07:13<08:49,  4.77s/it]
 45%|████▌     | 90/200 [07:18<08:43,  4.76s/it]
 46%|████▌     | 91/200 [07:23<08:39,  4.77s/it]
 46%|████▌     | 92/200 [07:27<08:32,  4.75s/it]
 46%|████▋     | 93/200 [07:32<08:29,  4.76s/it]
 47%|████▋     | 94/200 [07:38<08:43,  4.94s/it]
 48%|████▊     | 95/200 [07:42<08:33,  4.89s/it]
 48%|████▊     | 96/200 [07:47<08:21,  4.82s/it]
 48%|████▊     | 97/200 [07:52<08:06,  4.72s/it]
 49%|████▉     | 98/200 [07:56<08:04,  4.75s/it]
 50%|████▉     | 99/200 [08:01<07:51,  4.66s/it]
 50%|█████     | 100/200 [08:06<07:50,  4.70s/it]
 50%|█████     | 101/200 [08:11<08:00,  4.86s/it]
 51%|█████     | 102/200 [08:16<07:56,  4.86s/it]
 52%|█████▏    | 103/200 [08:21<08:19,  5.15s/it]
 52%|█████▏    | 104/200 [08:26<08:02,  5.03s/it]
 52%|█████▎    | 105/200 [08:31<07:46,  4.91s/it]
 53%|█████▎    | 106/200 [08:36<07:40,  4.90s/it]
 54%|█████▎    | 107/200 [08:41<07:32,  4.86s/it]
 54%|█████▍    | 108/200 [08:45<07:22,  4.81s/it]
 55%|█████▍    | 109/200 [08:50<07:06,  4.69s/it]
 55%|█████▌    | 110/200 [08:54<06:58,  4.66s/it]
 56%|█████▌    | 111/200 [08:59<07:01,  4.73s/it]
 56%|█████▌    | 112/200 [09:05<07:21,  5.02s/it]
 56%|█████▋    | 113/200 [09:10<07:17,  5.03s/it]
 57%|█████▋    | 114/200 [09:15<07:07,  4.97s/it]
 57%|█████▊    | 115/200 [09:20<07:01,  4.96s/it]
 58%|█████▊    | 116/200 [09:24<06:48,  4.87s/it]
 58%|█████▊    | 117/200 [09:29<06:48,  4.92s/it]
 59%|█████▉    | 118/200 [09:35<07:07,  5.21s/it]
 60%|█████▉    | 119/200 [09:40<06:43,  4.98s/it]
 60%|██████    | 120/200 [09:44<06:31,  4.89s/it]
 60%|██████    | 121/200 [09:49<06:21,  4.84s/it]
 61%|██████    | 122/200 [09:54<06:24,  4.93s/it]
 62%|██████▏   | 123/200 [09:59<06:12,  4.84s/it]
 62%|██████▏   | 124/200 [10:04<06:12,  4.91s/it]
 62%|██████▎   | 125/200 [10:09<06:10,  4.94s/it]
 63%|██████▎   | 126/200 [10:13<05:56,  4.82s/it]
 64%|██████▎   | 127/200 [10:18<05:38,  4.64s/it]
 64%|██████▍   | 128/200 [10:22<05:25,  4.52s/it]
 64%|██████▍   | 129/200 [10:26<05:15,  4.45s/it]
 65%|██████▌   | 130/200 [10:30<05:09,  4.42s/it]
 66%|██████▌   | 131/200 [10:35<05:02,  4.38s/it]
 66%|██████▌   | 132/200 [10:39<04:57,  4.37s/it]
 66%|██████▋   | 133/200 [10:43<04:50,  4.33s/it]
 67%|██████▋   | 134/200 [10:48<04:48,  4.38s/it]
 68%|██████▊   | 135/200 [10:52<04:47,  4.42s/it]
 68%|██████▊   | 136/200 [10:57<04:47,  4.50s/it]
 68%|██████▊   | 137/200 [11:02<04:43,  4.51s/it]
 69%|██████▉   | 138/200 [11:06<04:35,  4.44s/it]
 70%|██████▉   | 139/200 [11:10<04:28,  4.41s/it]
 70%|███████   | 140/200 [11:14<04:21,  4.36s/it]
 70%|███████   | 141/200 [11:19<04:14,  4.31s/it]
 71%|███████   | 142/200 [11:23<04:10,  4.31s/it]
 72%|███████▏  | 143/200 [11:27<04:06,  4.32s/it]
 72%|███████▏  | 144/200 [11:32<04:01,  4.32s/it]
 72%|███████▎  | 145/200 [11:36<03:56,  4.29s/it]
 73%|███████▎  | 146/200 [11:40<03:55,  4.37s/it]
 74%|███████▎  | 147/200 [11:45<03:49,  4.33s/it]
 74%|███████▍  | 148/200 [11:49<03:44,  4.32s/it]
 74%|███████▍  | 149/200 [11:53<03:40,  4.33s/it]
 75%|███████▌  | 150/200 [11:58<03:38,  4.37s/it]
 76%|███████▌  | 151/200 [12:02<03:32,  4.33s/it]
 76%|███████▌  | 152/200 [12:06<03:27,  4.32s/it]
 76%|███████▋  | 153/200 [12:11<03:22,  4.30s/it]
 77%|███████▋  | 154/200 [12:15<03:18,  4.32s/it]
 78%|███████▊  | 155/200 [12:19<03:13,  4.31s/it]
 78%|███████▊  | 156/200 [12:24<03:14,  4.42s/it]
 78%|███████▊  | 157/200 [12:29<03:18,  4.62s/it]
 79%|███████▉  | 158/200 [12:34<03:16,  4.68s/it]
 80%|███████▉  | 159/200 [12:39<03:15,  4.78s/it]
 80%|████████  | 160/200 [12:44<03:13,  4.85s/it]
 80%|████████  | 161/200 [12:49<03:11,  4.92s/it]
 81%|████████  | 162/200 [12:54<03:08,  4.97s/it]
 82%|████████▏ | 163/200 [12:59<03:03,  4.96s/it]
 82%|████████▏ | 164/200 [13:04<02:59,  4.99s/it]
 82%|████████▎ | 165/200 [13:09<02:54,  4.99s/it]
 83%|████████▎ | 166/200 [13:14<02:50,  5.00s/it]
 84%|████████▎ | 167/200 [13:19<02:41,  4.89s/it]
 84%|████████▍ | 168/200 [13:23<02:27,  4.60s/it]
 84%|████████▍ | 169/200 [13:26<02:16,  4.39s/it]
 85%|████████▌ | 170/200 [13:30<02:08,  4.27s/it]
 86%|████████▌ | 171/200 [13:34<02:00,  4.17s/it]
 86%|████████▌ | 172/200 [13:38<01:54,  4.11s/it]
 86%|████████▋ | 173/200 [13:42<01:48,  4.03s/it]
 87%|████████▋ | 174/200 [13:46<01:45,  4.05s/it]
 88%|████████▊ | 175/200 [13:50<01:39,  3.99s/it]
 88%|████████▊ | 176/200 [13:54<01:35,  3.99s/it]
 88%|████████▊ | 177/200 [13:58<01:31,  3.98s/it]
 89%|████████▉ | 178/200 [14:02<01:27,  3.98s/it]
 90%|████████▉ | 179/200 [14:06<01:23,  3.97s/it]
 90%|█████████ | 180/200 [14:10<01:19,  3.97s/it]
 90%|█████████ | 181/200 [14:14<01:14,  3.95s/it]
 91%|█████████ | 182/200 [14:18<01:11,  3.98s/it]
 92%|█████████▏| 183/200 [14:22<01:07,  3.97s/it]
 92%|█████████▏| 184/200 [14:26<01:03,  3.99s/it]
 92%|█████████▎| 185/200 [14:30<00:59,  3.96s/it]
 93%|█████████▎| 186/200 [14:34<00:55,  3.96s/it]
 94%|█████████▎| 187/200 [14:38<00:51,  3.97s/it]
 94%|█████████▍| 188/200 [14:42<00:47,  3.98s/it]
 94%|█████████▍| 189/200 [14:46<00:43,  3.97s/it]
 95%|█████████▌| 190/200 [14:50<00:39,  3.98s/it]
 96%|█████████▌| 191/200 [14:54<00:35,  3.96s/it]
 96%|█████████▌| 192/200 [14:58<00:31,  3.98s/it]
 96%|█████████▋| 193/200 [15:02<00:27,  3.98s/it]
 97%|█████████▋| 194/200 [15:06<00:23,  3.99s/it]
 98%|█████████▊| 195/200 [15:10<00:19,  3.97s/it]
 98%|█████████▊| 196/200 [15:13<00:15,  3.97s/it]
 98%|█████████▊| 197/200 [15:17<00:11,  3.95s/it]
 99%|█████████▉| 198/200 [15:21<00:07,  3.97s/it]
100%|█████████▉| 199/200 [15:25<00:03,  3.95s/it]
100%|██████████| 200/200 [15:29<00:00,  3.97s/it]
                                                 
0
1
2
3
4
5
6
7
8
9
10
11
12
13
14
15
16
17
18
19
20
21
22
23
24
25
26
27
28
29
30
31
32
33
34
35
36
37
38
39
40
41
42
43
44
45
46
47
48
49
50
51
52
53
54
55
56
57
58
59
60
61
62
63
64
65
66
67
68
69
70
71
72
73
74
75
76
77
78
79
80
81
82
83
84
85
86
87
88
89
90
91
92
93
94
95
96
97
98
99
100
101
102
103
104
105
106
107
108
109
110
111
112
113
114
115
116
117
118
119
120
121
122
123
124
125
126
127
128
129
130
131
132
133
134
135
136
137
138
139
140
141
142
143
144
145
146
147
148
149
150
151
152
153
154
155
156
157
158
159
160
161
162
163
164
165
166
167
168
169
170
171
172
173
174
175
176
177
178
179
180
181
182
183
184
185
186
187
188
189
190
191
192
193
194
195
196
197
198
199
