 
Files to read: ['../pilot-cpjump1-data/profiles/2020_11_04_CPJUMP1/BR00116995/BR00116995_normalized_feature_select_negcon.csv.gz']
Files to read: ['../pilot-cpjump1-data/profiles/2020_11_04_CPJUMP1/BR00117024/BR00117024_normalized_feature_select_negcon.csv.gz']
Files to read: ['../pilot-cpjump1-data/profiles/2020_11_04_CPJUMP1/BR00117025/BR00117025_normalized_feature_select_negcon.csv.gz']
Files to read: ['../pilot-cpjump1-data/profiles/2020_11_04_CPJUMP1/BR00117026/BR00117026_normalized_feature_select_negcon.csv.gz']
Files to read: ['../pilot-cpjump1-data/profiles/2020_11_04_CPJUMP1/BR00116997/BR00116997_normalized_feature_select_negcon.csv.gz']
Files to read: ['../pilot-cpjump1-data/profiles/2020_11_04_CPJUMP1/BR00116998/BR00116998_normalized_feature_select_negcon.csv.gz']
Files to read: ['../pilot-cpjump1-data/profiles/2020_11_04_CPJUMP1/BR00116999/BR00116999_normalized_feature_select_negcon.csv.gz']
Files to read: ['../pilot-cpjump1-data/profiles/2020_11_04_CPJUMP1/BR00116996/BR00116996_normalized_feature_select_negcon.csv.gz']
Files to read: ['../pilot-cpjump1-data/profiles/2020_11_04_CPJUMP1/BR00117022/BR00117022_normalized_feature_select_negcon.csv.gz']
Files to read: ['../pilot-cpjump1-data/profiles/2020_11_04_CPJUMP1/BR00117023/BR00117023_normalized_feature_select_negcon.csv.gz']

  0%|          | 0/200 [00:00<?, ?it/s]
  0%|          | 1/200 [00:04<13:55,  4.20s/it]
  1%|          | 2/200 [00:07<12:59,  3.94s/it]
  2%|▏         | 3/200 [00:12<13:38,  4.16s/it]
  2%|▏         | 4/200 [00:16<13:59,  4.28s/it]
  2%|▎         | 5/200 [00:20<13:30,  4.16s/it]
  3%|▎         | 6/200 [00:24<13:08,  4.06s/it]
  4%|▎         | 7/200 [00:28<13:04,  4.07s/it]
  4%|▍         | 8/200 [00:32<12:57,  4.05s/it]
  4%|▍         | 9/200 [00:36<12:52,  4.04s/it]
  5%|▌         | 10/200 [00:40<12:58,  4.10s/it]
  6%|▌         | 11/200 [00:45<12:56,  4.11s/it]
  6%|▌         | 12/200 [00:49<12:48,  4.09s/it]
  6%|▋         | 13/200 [00:53<12:47,  4.10s/it]
  7%|▋         | 14/200 [00:57<12:47,  4.12s/it]
  8%|▊         | 15/200 [01:01<12:51,  4.17s/it]
  8%|▊         | 16/200 [01:06<13:40,  4.46s/it]
  8%|▊         | 17/200 [01:11<13:29,  4.43s/it]
  9%|▉         | 18/200 [01:15<13:00,  4.29s/it]
 10%|▉         | 19/200 [01:19<12:42,  4.21s/it]
 10%|█         | 20/200 [01:23<12:44,  4.25s/it]
 10%|█         | 21/200 [01:27<12:33,  4.21s/it]
 11%|█         | 22/200 [01:31<12:23,  4.18s/it]
 12%|█▏        | 23/200 [01:35<12:15,  4.15s/it]
 12%|█▏        | 24/200 [01:39<11:59,  4.09s/it]
 12%|█▎        | 25/200 [01:44<12:12,  4.19s/it]
 13%|█▎        | 26/200 [01:48<12:19,  4.25s/it]
 14%|█▎        | 27/200 [01:53<12:37,  4.38s/it]
 14%|█▍        | 28/200 [01:58<13:00,  4.54s/it]
 14%|█▍        | 29/200 [02:02<12:57,  4.55s/it]
 15%|█▌        | 30/200 [02:06<12:22,  4.37s/it]
 16%|█▌        | 31/200 [02:10<12:08,  4.31s/it]
 16%|█▌        | 32/200 [02:14<11:37,  4.15s/it]
 16%|█▋        | 33/200 [02:18<11:17,  4.06s/it]
 17%|█▋        | 34/200 [02:22<11:09,  4.03s/it]
 18%|█▊        | 35/200 [02:26<11:09,  4.06s/it]
 18%|█▊        | 36/200 [02:30<10:50,  3.96s/it]
 18%|█▊        | 37/200 [02:34<10:47,  3.97s/it]
 19%|█▉        | 38/200 [02:38<10:40,  3.95s/it]
 20%|█▉        | 39/200 [02:42<10:38,  3.97s/it]
 20%|██        | 40/200 [02:46<10:34,  3.97s/it]
 20%|██        | 41/200 [02:50<10:48,  4.08s/it]
 21%|██        | 42/200 [02:54<10:54,  4.15s/it]
 22%|██▏       | 43/200 [02:58<10:42,  4.09s/it]
 22%|██▏       | 44/200 [03:02<10:39,  4.10s/it]
 22%|██▎       | 45/200 [03:06<10:27,  4.05s/it]
 23%|██▎       | 46/200 [03:11<10:42,  4.17s/it]
 24%|██▎       | 47/200 [03:15<10:31,  4.13s/it]
 24%|██▍       | 48/200 [03:19<10:18,  4.07s/it]
 24%|██▍       | 49/200 [03:23<10:13,  4.06s/it]
 25%|██▌       | 50/200 [03:27<10:09,  4.06s/it]
 26%|██▌       | 51/200 [03:31<10:20,  4.17s/it]
 26%|██▌       | 52/200 [03:35<10:09,  4.12s/it]
 26%|██▋       | 53/200 [03:39<09:53,  4.04s/it]
 27%|██▋       | 54/200 [03:43<09:54,  4.07s/it]
 28%|██▊       | 55/200 [03:47<09:40,  4.01s/it]
 28%|██▊       | 56/200 [03:51<09:39,  4.03s/it]
 28%|██▊       | 57/200 [03:55<09:28,  3.98s/it]
 29%|██▉       | 58/200 [03:59<09:19,  3.94s/it]
 30%|██▉       | 59/200 [04:03<09:03,  3.86s/it]
 30%|███       | 60/200 [04:07<09:01,  3.87s/it]
 30%|███       | 61/200 [04:10<08:52,  3.83s/it]
 31%|███       | 62/200 [04:14<08:51,  3.85s/it]
 32%|███▏      | 63/200 [04:18<08:49,  3.86s/it]
 32%|███▏      | 64/200 [04:22<08:52,  3.91s/it]
 32%|███▎      | 65/200 [04:26<08:44,  3.88s/it]
 33%|███▎      | 66/200 [04:30<08:55,  4.00s/it]
 34%|███▎      | 67/200 [04:34<08:53,  4.01s/it]
 34%|███▍      | 68/200 [04:39<09:05,  4.13s/it]
 34%|███▍      | 69/200 [04:43<09:05,  4.16s/it]
 35%|███▌      | 70/200 [04:47<08:55,  4.12s/it]
 36%|███▌      | 71/200 [04:51<08:58,  4.18s/it]
 36%|███▌      | 72/200 [04:56<09:22,  4.39s/it]
 36%|███▋      | 73/200 [05:01<09:25,  4.45s/it]
 37%|███▋      | 74/200 [05:05<09:16,  4.42s/it]
 38%|███▊      | 75/200 [05:10<09:21,  4.49s/it]
 38%|███▊      | 76/200 [05:14<09:18,  4.50s/it]
 38%|███▊      | 77/200 [05:18<08:54,  4.35s/it]
 39%|███▉      | 78/200 [05:22<08:39,  4.26s/it]
 40%|███▉      | 79/200 [05:26<08:22,  4.15s/it]
 40%|████      | 80/200 [05:30<08:12,  4.10s/it]
 40%|████      | 81/200 [05:34<08:01,  4.05s/it]
 41%|████      | 82/200 [05:38<07:58,  4.05s/it]
 42%|████▏     | 83/200 [05:42<07:48,  4.00s/it]
 42%|████▏     | 84/200 [05:46<07:43,  3.99s/it]
 42%|████▎     | 85/200 [05:50<07:38,  3.99s/it]
 43%|████▎     | 86/200 [05:54<07:34,  3.99s/it]
 44%|████▎     | 87/200 [05:58<07:30,  3.99s/it]
 44%|████▍     | 88/200 [06:02<07:28,  4.00s/it]
 44%|████▍     | 89/200 [06:06<07:33,  4.09s/it]
 45%|████▌     | 90/200 [06:11<07:35,  4.14s/it]
 46%|████▌     | 91/200 [06:15<07:29,  4.12s/it]
 46%|████▌     | 92/200 [06:19<07:19,  4.07s/it]
 46%|████▋     | 93/200 [06:22<07:05,  3.97s/it]
 47%|████▋     | 94/200 [06:26<06:59,  3.96s/it]
 48%|████▊     | 95/200 [06:30<06:56,  3.97s/it]
 48%|████▊     | 96/200 [06:34<06:48,  3.92s/it]
 48%|████▊     | 97/200 [06:38<06:52,  4.00s/it]
 49%|████▉     | 98/200 [06:42<06:48,  4.00s/it]
 50%|████▉     | 99/200 [06:46<06:41,  3.98s/it]
 50%|█████     | 100/200 [06:50<06:41,  4.01s/it]
 50%|█████     | 101/200 [06:54<06:31,  3.96s/it]
 51%|█████     | 102/200 [06:58<06:30,  3.99s/it]
 52%|█████▏    | 103/200 [07:02<06:30,  4.02s/it]
 52%|█████▏    | 104/200 [07:06<06:24,  4.01s/it]
 52%|█████▎    | 105/200 [07:10<06:20,  4.01s/it]
 53%|█████▎    | 106/200 [07:14<06:17,  4.02s/it]
 54%|█████▎    | 107/200 [07:18<06:03,  3.91s/it]
 54%|█████▍    | 108/200 [07:22<06:00,  3.92s/it]
 55%|█████▍    | 109/200 [07:26<06:03,  3.99s/it]
 55%|█████▌    | 110/200 [07:30<06:03,  4.04s/it]
 56%|█████▌    | 111/200 [07:34<05:55,  4.00s/it]
 56%|█████▌    | 112/200 [07:38<05:51,  4.00s/it]
 56%|█████▋    | 113/200 [07:42<05:52,  4.06s/it]
 57%|█████▋    | 114/200 [07:46<05:51,  4.09s/it]
 57%|█████▊    | 115/200 [07:50<05:45,  4.06s/it]
 58%|█████▊    | 116/200 [07:55<05:42,  4.08s/it]
 58%|█████▊    | 117/200 [07:59<05:47,  4.19s/it]
 59%|█████▉    | 118/200 [08:03<05:39,  4.14s/it]
 60%|█████▉    | 119/200 [08:07<05:29,  4.07s/it]
 60%|██████    | 120/200 [08:11<05:33,  4.16s/it]
 60%|██████    | 121/200 [08:15<05:22,  4.08s/it]
 61%|██████    | 122/200 [08:19<05:11,  4.00s/it]
 62%|██████▏   | 123/200 [08:23<05:05,  3.97s/it]
 62%|██████▏   | 124/200 [08:27<05:02,  3.98s/it]
 62%|██████▎   | 125/200 [08:31<04:59,  4.00s/it]
 63%|██████▎   | 126/200 [08:35<04:57,  4.02s/it]
 64%|██████▎   | 127/200 [08:39<04:56,  4.07s/it]
 64%|██████▍   | 128/200 [08:44<05:04,  4.22s/it]
 64%|██████▍   | 129/200 [08:48<04:59,  4.21s/it]
 65%|██████▌   | 130/200 [08:52<04:55,  4.22s/it]
 66%|██████▌   | 131/200 [08:56<04:43,  4.11s/it]
 66%|██████▌   | 132/200 [09:00<04:41,  4.14s/it]
 66%|██████▋   | 133/200 [09:05<04:39,  4.18s/it]
 67%|██████▋   | 134/200 [09:09<04:32,  4.13s/it]
 68%|██████▊   | 135/200 [09:12<04:24,  4.06s/it]
 68%|██████▊   | 136/200 [09:17<04:21,  4.08s/it]
 68%|██████▊   | 137/200 [09:21<04:16,  4.06s/it]
 69%|██████▉   | 138/200 [09:25<04:12,  4.07s/it]
 70%|██████▉   | 139/200 [09:29<04:07,  4.05s/it]
 70%|███████   | 140/200 [09:33<04:00,  4.00s/it]
 70%|███████   | 141/200 [09:37<04:02,  4.11s/it]
 71%|███████   | 142/200 [09:42<04:05,  4.24s/it]
 72%|███████▏  | 143/200 [09:45<03:56,  4.15s/it]
 72%|███████▏  | 144/200 [09:50<03:51,  4.13s/it]
 72%|███████▎  | 145/200 [09:54<03:44,  4.08s/it]
 73%|███████▎  | 146/200 [09:57<03:38,  4.04s/it]
 74%|███████▎  | 147/200 [10:01<03:32,  4.00s/it]
 74%|███████▍  | 148/200 [10:05<03:26,  3.97s/it]
 74%|███████▍  | 149/200 [10:09<03:24,  4.01s/it]
 75%|███████▌  | 150/200 [10:13<03:19,  4.00s/it]
 76%|███████▌  | 151/200 [10:17<03:16,  4.01s/it]
 76%|███████▌  | 152/200 [10:22<03:16,  4.08s/it]
 76%|███████▋  | 153/200 [10:25<03:08,  4.00s/it]
 77%|███████▋  | 154/200 [10:29<03:04,  4.01s/it]
 78%|███████▊  | 155/200 [10:33<02:58,  3.96s/it]
 78%|███████▊  | 156/200 [10:37<02:55,  3.99s/it]
 78%|███████▊  | 157/200 [10:41<02:51,  3.99s/it]
 79%|███████▉  | 158/200 [10:45<02:46,  3.96s/it]
 80%|███████▉  | 159/200 [10:49<02:39,  3.90s/it]
 80%|████████  | 160/200 [10:53<02:35,  3.89s/it]
 80%|████████  | 161/200 [10:57<02:34,  3.97s/it]
 81%|████████  | 162/200 [11:01<02:31,  3.98s/it]
 82%|████████▏ | 163/200 [11:05<02:30,  4.07s/it]
 82%|████████▏ | 164/200 [11:09<02:26,  4.07s/it]
 82%|████████▎ | 165/200 [11:14<02:24,  4.13s/it]
 83%|████████▎ | 166/200 [11:18<02:19,  4.09s/it]
 84%|████████▎ | 167/200 [11:22<02:13,  4.03s/it]
 84%|████████▍ | 168/200 [11:26<02:09,  4.06s/it]
 84%|████████▍ | 169/200 [11:30<02:08,  4.13s/it]
 85%|████████▌ | 170/200 [11:34<02:01,  4.06s/it]
 86%|████████▌ | 171/200 [11:38<02:02,  4.22s/it]
 86%|████████▌ | 172/200 [11:43<02:00,  4.31s/it]
 86%|████████▋ | 173/200 [11:48<02:01,  4.50s/it]
 87%|████████▋ | 174/200 [11:53<01:59,  4.58s/it]
 88%|████████▊ | 175/200 [11:57<01:49,  4.39s/it]
 88%|████████▊ | 176/200 [12:01<01:42,  4.28s/it]
 88%|████████▊ | 177/200 [12:05<01:38,  4.28s/it]
 89%|████████▉ | 178/200 [12:09<01:31,  4.17s/it]
 90%|████████▉ | 179/200 [12:13<01:26,  4.11s/it]
 90%|█████████ | 180/200 [12:17<01:20,  4.04s/it]
 90%|█████████ | 181/200 [12:21<01:15,  3.99s/it]
 91%|█████████ | 182/200 [12:25<01:12,  4.02s/it]
 92%|█████████▏| 183/200 [12:29<01:10,  4.15s/it]
 92%|█████████▏| 184/200 [12:34<01:08,  4.29s/it]
 92%|█████████▎| 185/200 [12:38<01:02,  4.19s/it]
 93%|█████████▎| 186/200 [12:42<00:57,  4.09s/it]
 94%|█████████▎| 187/200 [12:45<00:52,  4.03s/it]
 94%|█████████▍| 188/200 [12:50<00:49,  4.11s/it]
 94%|█████████▍| 189/200 [12:54<00:44,  4.06s/it]
 95%|█████████▌| 190/200 [12:57<00:39,  3.98s/it]
 96%|█████████▌| 191/200 [13:02<00:36,  4.01s/it]
 96%|█████████▌| 192/200 [13:06<00:32,  4.02s/it]
 96%|█████████▋| 193/200 [13:09<00:27,  3.94s/it]
 97%|█████████▋| 194/200 [13:14<00:24,  4.02s/it]
 98%|█████████▊| 195/200 [13:18<00:20,  4.04s/it]
 98%|█████████▊| 196/200 [13:22<00:16,  4.05s/it]
 98%|█████████▊| 197/200 [13:26<00:12,  4.01s/it]
 99%|█████████▉| 198/200 [13:29<00:07,  3.96s/it]
100%|█████████▉| 199/200 [13:33<00:03,  3.98s/it]
100%|██████████| 200/200 [13:37<00:00,  3.92s/it]
                                                 
0
1
2
3
4
5
6
7
8
9
10
11
12
13
14
15
16
17
18
19
20
21
22
23
24
25
26
27
28
29
30
31
32
33
34
35
36
37
38
39
40
41
42
43
44
45
46
47
48
49
50
51
52
53
54
55
56
57
58
59
60
61
62
63
64
65
66
67
68
69
70
71
72
73
74
75
76
77
78
79
80
81
82
83
84
85
86
87
88
89
90
91
92
93
94
95
96
97
98
99
100
101
102
103
104
105
106
107
108
109
110
111
112
113
114
115
116
117
118
119
120
121
122
123
124
125
126
127
128
129
130
131
132
133
134
135
136
137
138
139
140
141
142
143
144
145
146
147
148
149
150
151
152
153
154
155
156
157
158
159
160
161
162
163
164
165
166
167
168
169
170
171
172
173
174
175
176
177
178
179
180
181
182
183
184
185
186
187
188
189
190
191
192
193
194
195
196
197
198
199
