 
Files to read: ['../pilot-cpjump1-data/profiles/2020_11_04_CPJUMP1/BR00116995/BR00116995_normalized_feature_select_negcon.csv.gz']
Files to read: ['../pilot-cpjump1-data/profiles/2020_11_04_CPJUMP1/BR00117024/BR00117024_normalized_feature_select_negcon.csv.gz']
Files to read: ['../pilot-cpjump1-data/profiles/2020_11_04_CPJUMP1/BR00117025/BR00117025_normalized_feature_select_negcon.csv.gz']
Files to read: ['../pilot-cpjump1-data/profiles/2020_11_04_CPJUMP1/BR00117026/BR00117026_normalized_feature_select_negcon.csv.gz']
Files to read: ['../pilot-cpjump1-data/profiles/2020_11_04_CPJUMP1/BR00116997/BR00116997_normalized_feature_select_negcon.csv.gz']
Files to read: ['../pilot-cpjump1-data/profiles/2020_11_04_CPJUMP1/BR00116998/BR00116998_normalized_feature_select_negcon.csv.gz']
Files to read: ['../pilot-cpjump1-data/profiles/2020_11_04_CPJUMP1/BR00116999/BR00116999_normalized_feature_select_negcon.csv.gz']
Files to read: ['../pilot-cpjump1-data/profiles/2020_11_04_CPJUMP1/BR00116996/BR00116996_normalized_feature_select_negcon.csv.gz']
Files to read: ['../pilot-cpjump1-data/profiles/2020_11_04_CPJUMP1/BR00117022/BR00117022_normalized_feature_select_negcon.csv.gz']
Files to read: ['../pilot-cpjump1-data/profiles/2020_11_04_CPJUMP1/BR00117023/BR00117023_normalized_feature_select_negcon.csv.gz']

  0%|          | 0/200 [00:00<?, ?it/s]
  0%|          | 1/200 [00:04<16:22,  4.94s/it]
  1%|          | 2/200 [00:09<15:04,  4.57s/it]
  2%|▏         | 3/200 [00:13<14:04,  4.29s/it]
  2%|▏         | 4/200 [00:17<14:28,  4.43s/it]
  2%|▎         | 5/200 [00:22<14:53,  4.58s/it]
  3%|▎         | 6/200 [00:26<13:58,  4.32s/it]
  4%|▎         | 7/200 [00:30<13:25,  4.17s/it]
  4%|▍         | 8/200 [00:34<13:17,  4.15s/it]
  4%|▍         | 9/200 [00:39<13:49,  4.34s/it]
  5%|▌         | 10/200 [00:43<13:13,  4.18s/it]
  6%|▌         | 11/200 [00:46<12:44,  4.04s/it]
  6%|▌         | 12/200 [00:51<12:56,  4.13s/it]
  6%|▋         | 13/200 [00:55<12:51,  4.12s/it]
  7%|▋         | 14/200 [00:59<12:51,  4.15s/it]
  8%|▊         | 15/200 [01:03<12:29,  4.05s/it]
  8%|▊         | 16/200 [01:07<12:11,  3.97s/it]
  8%|▊         | 17/200 [01:10<12:03,  3.95s/it]
  9%|▉         | 18/200 [01:14<11:58,  3.95s/it]
 10%|▉         | 19/200 [01:19<12:08,  4.03s/it]
 10%|█         | 20/200 [01:23<11:57,  3.99s/it]
 10%|█         | 21/200 [01:26<11:44,  3.94s/it]
 11%|█         | 22/200 [01:30<11:46,  3.97s/it]
 12%|█▏        | 23/200 [01:35<11:59,  4.07s/it]
 12%|█▏        | 24/200 [01:39<11:52,  4.05s/it]
 12%|█▎        | 25/200 [01:43<11:48,  4.05s/it]
 13%|█▎        | 26/200 [01:47<11:48,  4.07s/it]
 14%|█▎        | 27/200 [01:51<11:55,  4.13s/it]
 14%|█▍        | 28/200 [01:55<11:40,  4.07s/it]
 14%|█▍        | 29/200 [01:59<11:34,  4.06s/it]
 15%|█▌        | 30/200 [02:03<11:22,  4.01s/it]
 16%|█▌        | 31/200 [02:07<11:32,  4.09s/it]
 16%|█▌        | 32/200 [02:12<12:05,  4.32s/it]
 16%|█▋        | 33/200 [02:16<11:57,  4.30s/it]
 17%|█▋        | 34/200 [02:20<11:29,  4.16s/it]
 18%|█▊        | 35/200 [02:24<11:17,  4.11s/it]
 18%|█▊        | 36/200 [02:28<10:59,  4.02s/it]
 18%|█▊        | 37/200 [02:32<11:03,  4.07s/it]
 19%|█▉        | 38/200 [02:36<10:51,  4.02s/it]
 20%|█▉        | 39/200 [02:40<10:34,  3.94s/it]
 20%|██        | 40/200 [02:44<10:26,  3.92s/it]
 20%|██        | 41/200 [02:48<10:37,  4.01s/it]
 21%|██        | 42/200 [02:52<10:41,  4.06s/it]
 22%|██▏       | 43/200 [02:57<11:09,  4.27s/it]
 22%|██▏       | 44/200 [03:01<10:45,  4.14s/it]
 22%|██▎       | 45/200 [03:05<10:42,  4.14s/it]
 23%|██▎       | 46/200 [03:09<10:51,  4.23s/it]
 24%|██▎       | 47/200 [03:13<10:39,  4.18s/it]
 24%|██▍       | 48/200 [03:17<10:23,  4.10s/it]
 24%|██▍       | 49/200 [03:21<10:13,  4.06s/it]
 25%|██▌       | 50/200 [03:26<10:28,  4.19s/it]
 26%|██▌       | 51/200 [03:30<10:15,  4.13s/it]
 26%|██▌       | 52/200 [03:34<09:59,  4.05s/it]
 26%|██▋       | 53/200 [03:37<09:47,  4.00s/it]
 27%|██▋       | 54/200 [03:42<09:53,  4.07s/it]
 28%|██▊       | 55/200 [03:45<09:37,  3.98s/it]
 28%|██▊       | 56/200 [03:49<09:33,  3.98s/it]
 28%|██▊       | 57/200 [03:53<09:19,  3.91s/it]
 29%|██▉       | 58/200 [03:57<09:07,  3.86s/it]
 30%|██▉       | 59/200 [04:01<09:02,  3.85s/it]
 30%|███       | 60/200 [04:05<09:06,  3.91s/it]
 30%|███       | 61/200 [04:09<09:14,  3.99s/it]
 31%|███       | 62/200 [04:13<08:58,  3.90s/it]
 32%|███▏      | 63/200 [04:16<08:47,  3.85s/it]
 32%|███▏      | 64/200 [04:21<08:53,  3.92s/it]
 32%|███▎      | 65/200 [04:24<08:45,  3.89s/it]
 33%|███▎      | 66/200 [04:28<08:35,  3.85s/it]
 34%|███▎      | 67/200 [04:32<08:42,  3.93s/it]
 34%|███▍      | 68/200 [04:37<09:00,  4.10s/it]
 34%|███▍      | 69/200 [04:41<09:22,  4.29s/it]
 35%|███▌      | 70/200 [04:46<09:16,  4.28s/it]
 36%|███▌      | 71/200 [04:50<09:08,  4.25s/it]
 36%|███▌      | 72/200 [04:54<08:58,  4.21s/it]
 36%|███▋      | 73/200 [04:58<08:39,  4.09s/it]
 37%|███▋      | 74/200 [05:02<08:30,  4.05s/it]
 38%|███▊      | 75/200 [05:06<08:28,  4.07s/it]
 38%|███▊      | 76/200 [05:10<08:23,  4.06s/it]
 38%|███▊      | 77/200 [05:14<08:14,  4.02s/it]
 39%|███▉      | 78/200 [05:18<08:17,  4.08s/it]
 40%|███▉      | 79/200 [05:22<08:04,  4.00s/it]
 40%|████      | 80/200 [05:26<08:01,  4.01s/it]
 40%|████      | 81/200 [05:30<07:56,  4.01s/it]
 41%|████      | 82/200 [05:34<07:59,  4.06s/it]
 42%|████▏     | 83/200 [05:38<07:50,  4.02s/it]
 42%|████▏     | 84/200 [05:42<07:43,  4.00s/it]
 42%|████▎     | 85/200 [05:46<07:33,  3.94s/it]
 43%|████▎     | 86/200 [05:50<07:35,  3.99s/it]
 44%|████▎     | 87/200 [05:54<07:38,  4.05s/it]
 44%|████▍     | 88/200 [05:58<07:28,  4.01s/it]
 44%|████▍     | 89/200 [06:02<07:29,  4.05s/it]
 45%|████▌     | 90/200 [06:06<07:19,  4.00s/it]
 46%|████▌     | 91/200 [06:10<07:02,  3.87s/it]
 46%|████▌     | 92/200 [06:13<06:56,  3.86s/it]
 46%|████▋     | 93/200 [06:17<06:53,  3.87s/it]
 47%|████▋     | 94/200 [06:21<06:53,  3.90s/it]
 48%|████▊     | 95/200 [06:26<07:03,  4.03s/it]
 48%|████▊     | 96/200 [06:30<06:57,  4.02s/it]
 48%|████▊     | 97/200 [06:33<06:40,  3.89s/it]
 49%|████▉     | 98/200 [06:37<06:37,  3.89s/it]
 50%|████▉     | 99/200 [06:41<06:33,  3.90s/it]
 50%|█████     | 100/200 [06:45<06:32,  3.92s/it]
 50%|█████     | 101/200 [06:49<06:35,  3.99s/it]
 51%|█████     | 102/200 [06:53<06:34,  4.03s/it]
 52%|█████▏    | 103/200 [06:57<06:35,  4.07s/it]
 52%|█████▏    | 104/200 [07:01<06:26,  4.03s/it]
 52%|█████▎    | 105/200 [07:06<06:27,  4.08s/it]
 53%|█████▎    | 106/200 [07:10<06:38,  4.24s/it]
 54%|█████▎    | 107/200 [07:15<06:46,  4.37s/it]
 54%|█████▍    | 108/200 [07:19<06:43,  4.38s/it]
 55%|█████▍    | 109/200 [07:24<06:36,  4.36s/it]
 55%|█████▌    | 110/200 [07:28<06:29,  4.33s/it]
 56%|█████▌    | 111/200 [07:32<06:15,  4.22s/it]
 56%|█████▌    | 112/200 [07:36<06:09,  4.20s/it]
 56%|█████▋    | 113/200 [07:40<06:04,  4.19s/it]
 57%|█████▋    | 114/200 [07:44<05:55,  4.13s/it]
 57%|█████▊    | 115/200 [07:48<05:42,  4.03s/it]
 58%|█████▊    | 116/200 [07:52<05:39,  4.04s/it]
 58%|█████▊    | 117/200 [07:56<05:29,  3.98s/it]
 59%|█████▉    | 118/200 [08:00<05:23,  3.95s/it]
 60%|█████▉    | 119/200 [08:03<05:12,  3.85s/it]
 60%|██████    | 120/200 [08:07<05:13,  3.92s/it]
 60%|██████    | 121/200 [08:11<05:09,  3.92s/it]
 61%|██████    | 122/200 [08:15<05:03,  3.89s/it]
 62%|██████▏   | 123/200 [08:19<04:55,  3.83s/it]
 62%|██████▏   | 124/200 [08:23<04:48,  3.79s/it]
 62%|██████▎   | 125/200 [08:26<04:42,  3.77s/it]
 63%|██████▎   | 126/200 [08:31<04:54,  3.98s/it]
 64%|██████▎   | 127/200 [08:35<04:52,  4.01s/it]
 64%|██████▍   | 128/200 [08:39<04:44,  3.94s/it]
 64%|██████▍   | 129/200 [08:42<04:37,  3.90s/it]
 65%|██████▌   | 130/200 [08:46<04:37,  3.96s/it]
 66%|██████▌   | 131/200 [08:51<04:39,  4.04s/it]
 66%|██████▌   | 132/200 [08:55<04:32,  4.01s/it]
 66%|██████▋   | 133/200 [08:58<04:21,  3.91s/it]
 67%|██████▋   | 134/200 [09:02<04:21,  3.97s/it]
 68%|██████▊   | 135/200 [09:07<04:21,  4.02s/it]
 68%|██████▊   | 136/200 [09:11<04:20,  4.07s/it]
 68%|██████▊   | 137/200 [09:15<04:14,  4.04s/it]
 69%|██████▉   | 138/200 [09:19<04:09,  4.03s/it]
 70%|██████▉   | 139/200 [09:23<04:08,  4.08s/it]
 70%|███████   | 140/200 [09:27<04:03,  4.07s/it]
 70%|███████   | 141/200 [09:31<03:56,  4.01s/it]
 71%|███████   | 142/200 [09:35<03:47,  3.93s/it]
 72%|███████▏  | 143/200 [09:38<03:43,  3.92s/it]
 72%|███████▏  | 144/200 [09:42<03:37,  3.89s/it]
 72%|███████▎  | 145/200 [09:46<03:39,  3.98s/it]
 73%|███████▎  | 146/200 [09:50<03:33,  3.96s/it]
 74%|███████▎  | 147/200 [09:54<03:25,  3.88s/it]
 74%|███████▍  | 148/200 [09:58<03:27,  3.99s/it]
 74%|███████▍  | 149/200 [10:03<03:26,  4.05s/it]
 75%|███████▌  | 150/200 [10:07<03:23,  4.06s/it]
 76%|███████▌  | 151/200 [10:11<03:16,  4.01s/it]
 76%|███████▌  | 152/200 [10:15<03:12,  4.02s/it]
 76%|███████▋  | 153/200 [10:18<03:07,  3.98s/it]
 77%|███████▋  | 154/200 [10:22<03:02,  3.97s/it]
 78%|███████▊  | 155/200 [10:26<02:59,  3.98s/it]
 78%|███████▊  | 156/200 [10:30<02:54,  3.96s/it]
 78%|███████▊  | 157/200 [10:34<02:52,  4.01s/it]
 79%|███████▉  | 158/200 [10:39<02:50,  4.06s/it]
 80%|███████▉  | 159/200 [10:43<02:47,  4.08s/it]
 80%|████████  | 160/200 [10:47<02:45,  4.13s/it]
 80%|████████  | 161/200 [10:51<02:40,  4.12s/it]
 81%|████████  | 162/200 [10:55<02:33,  4.04s/it]
 82%|████████▏ | 163/200 [10:59<02:28,  4.00s/it]
 82%|████████▏ | 164/200 [11:02<02:20,  3.90s/it]
 82%|████████▎ | 165/200 [11:07<02:23,  4.10s/it]
 83%|████████▎ | 166/200 [11:11<02:19,  4.11s/it]
 84%|████████▎ | 167/200 [11:15<02:14,  4.07s/it]
 84%|████████▍ | 168/200 [11:19<02:06,  3.96s/it]
 84%|████████▍ | 169/200 [11:23<02:01,  3.93s/it]
 85%|████████▌ | 170/200 [11:27<01:56,  3.88s/it]
 86%|████████▌ | 171/200 [11:30<01:52,  3.89s/it]
 86%|████████▌ | 172/200 [11:34<01:48,  3.89s/it]
 86%|████████▋ | 173/200 [11:38<01:45,  3.90s/it]
 87%|████████▋ | 174/200 [11:42<01:40,  3.87s/it]
 88%|████████▊ | 175/200 [11:46<01:36,  3.88s/it]
 88%|████████▊ | 176/200 [11:50<01:33,  3.91s/it]
 88%|████████▊ | 177/200 [11:54<01:30,  3.94s/it]
 89%|████████▉ | 178/200 [11:58<01:26,  3.94s/it]
 90%|████████▉ | 179/200 [12:02<01:21,  3.90s/it]
 90%|█████████ | 180/200 [12:05<01:17,  3.87s/it]
 90%|█████████ | 181/200 [12:09<01:14,  3.91s/it]
 91%|█████████ | 182/200 [12:13<01:10,  3.94s/it]
 92%|█████████▏| 183/200 [12:17<01:06,  3.92s/it]
 92%|█████████▏| 184/200 [12:21<01:03,  3.99s/it]
 92%|█████████▎| 185/200 [12:26<01:04,  4.29s/it]
 93%|█████████▎| 186/200 [12:31<01:01,  4.38s/it]
 94%|█████████▎| 187/200 [12:35<00:54,  4.23s/it]
 94%|█████████▍| 188/200 [12:39<00:50,  4.22s/it]
 94%|█████████▍| 189/200 [12:43<00:46,  4.20s/it]
 95%|█████████▌| 190/200 [12:47<00:41,  4.19s/it]
 96%|█████████▌| 191/200 [12:51<00:37,  4.14s/it]
 96%|█████████▌| 192/200 [12:55<00:32,  4.04s/it]
 96%|█████████▋| 193/200 [12:59<00:27,  3.98s/it]
 97%|█████████▋| 194/200 [13:03<00:24,  4.03s/it]
 98%|█████████▊| 195/200 [13:07<00:19,  3.94s/it]
 98%|█████████▊| 196/200 [13:11<00:15,  3.95s/it]
 98%|█████████▊| 197/200 [13:15<00:11,  3.97s/it]
 99%|█████████▉| 198/200 [13:19<00:08,  4.04s/it]
100%|█████████▉| 199/200 [13:23<00:04,  4.10s/it]
100%|██████████| 200/200 [13:27<00:00,  3.96s/it]
                                                 
0
1
2
3
4
5
6
7
8
9
10
11
12
13
14
15
16
17
18
19
20
21
22
23
24
25
26
27
28
29
30
31
32
33
34
35
36
37
38
39
40
41
42
43
44
45
46
47
48
49
50
51
52
53
54
55
56
57
58
59
60
61
62
63
64
65
66
67
68
69
70
71
72
73
74
75
76
77
78
79
80
81
82
83
84
85
86
87
88
89
90
91
92
93
94
95
96
97
98
99
100
101
102
103
104
105
106
107
108
109
110
111
112
113
114
115
116
117
118
119
120
121
122
123
124
125
126
127
128
129
130
131
132
133
134
135
136
137
138
139
140
141
142
143
144
145
146
147
148
149
150
151
152
153
154
155
156
157
158
159
160
161
162
163
164
165
166
167
168
169
170
171
172
173
174
175
176
177
178
179
180
181
182
183
184
185
186
187
188
189
190
191
192
193
194
195
196
197
198
199
