 
Files to read: ['../pilot-cpjump1-data/profiles/2020_11_04_CPJUMP1/BR00116995/BR00116995_normalized_feature_select_negcon.csv.gz']
Files to read: ['../pilot-cpjump1-data/profiles/2020_11_04_CPJUMP1/BR00117024/BR00117024_normalized_feature_select_negcon.csv.gz']
Files to read: ['../pilot-cpjump1-data/profiles/2020_11_04_CPJUMP1/BR00117025/BR00117025_normalized_feature_select_negcon.csv.gz']
Files to read: ['../pilot-cpjump1-data/profiles/2020_11_04_CPJUMP1/BR00117026/BR00117026_normalized_feature_select_negcon.csv.gz']
Files to read: ['../pilot-cpjump1-data/profiles/2020_11_04_CPJUMP1/BR00116997/BR00116997_normalized_feature_select_negcon.csv.gz']
Files to read: ['../pilot-cpjump1-data/profiles/2020_11_04_CPJUMP1/BR00116998/BR00116998_normalized_feature_select_negcon.csv.gz']
Files to read: ['../pilot-cpjump1-data/profiles/2020_11_04_CPJUMP1/BR00116999/BR00116999_normalized_feature_select_negcon.csv.gz']
Files to read: ['../pilot-cpjump1-data/profiles/2020_11_04_CPJUMP1/BR00116996/BR00116996_normalized_feature_select_negcon.csv.gz']
Files to read: ['../pilot-cpjump1-data/profiles/2020_11_04_CPJUMP1/BR00117022/BR00117022_normalized_feature_select_negcon.csv.gz']
Files to read: ['../pilot-cpjump1-data/profiles/2020_11_04_CPJUMP1/BR00117023/BR00117023_normalized_feature_select_negcon.csv.gz']

  0%|          | 0/200 [00:00<?, ?it/s]
  0%|          | 1/200 [00:07<24:52,  7.50s/it]
  1%|          | 2/200 [00:11<17:54,  5.42s/it]
  2%|▏         | 3/200 [00:15<15:34,  4.74s/it]
  2%|▏         | 4/200 [00:19<14:34,  4.46s/it]
  2%|▎         | 5/200 [00:23<14:04,  4.33s/it]
  3%|▎         | 6/200 [00:27<14:05,  4.36s/it]
  4%|▎         | 7/200 [00:31<13:31,  4.21s/it]
  4%|▍         | 8/200 [00:35<13:20,  4.17s/it]
  4%|▍         | 9/200 [00:40<13:31,  4.25s/it]
  5%|▌         | 10/200 [00:44<13:16,  4.19s/it]
  6%|▌         | 11/200 [00:48<13:25,  4.26s/it]
  6%|▌         | 12/200 [00:52<12:58,  4.14s/it]
  6%|▋         | 13/200 [00:56<12:51,  4.13s/it]
  7%|▋         | 14/200 [01:00<12:43,  4.10s/it]
  8%|▊         | 15/200 [01:04<12:24,  4.02s/it]
  8%|▊         | 16/200 [01:10<13:40,  4.46s/it]
  8%|▊         | 17/200 [01:14<13:15,  4.35s/it]
  9%|▉         | 18/200 [01:18<12:53,  4.25s/it]
 10%|▉         | 19/200 [01:22<12:26,  4.12s/it]
 10%|█         | 20/200 [01:26<12:23,  4.13s/it]
 10%|█         | 21/200 [01:30<12:06,  4.06s/it]
 11%|█         | 22/200 [01:33<11:49,  3.98s/it]
 12%|█▏        | 23/200 [01:38<11:51,  4.02s/it]
 12%|█▏        | 24/200 [01:42<11:57,  4.08s/it]
 12%|█▎        | 25/200 [01:46<11:53,  4.08s/it]
 13%|█▎        | 26/200 [01:49<11:27,  3.95s/it]
 14%|█▎        | 27/200 [01:54<11:57,  4.15s/it]
 14%|█▍        | 28/200 [01:58<11:33,  4.03s/it]
 14%|█▍        | 29/200 [02:02<11:36,  4.07s/it]
 15%|█▌        | 30/200 [02:06<11:17,  3.98s/it]
 16%|█▌        | 31/200 [02:10<11:32,  4.10s/it]
 16%|█▌        | 32/200 [02:14<11:35,  4.14s/it]
 16%|█▋        | 33/200 [02:19<11:34,  4.16s/it]
 17%|█▋        | 34/200 [02:23<11:57,  4.32s/it]
 18%|█▊        | 35/200 [02:28<12:15,  4.46s/it]
 18%|█▊        | 36/200 [02:32<12:06,  4.43s/it]
 18%|█▊        | 37/200 [02:37<11:54,  4.39s/it]
 19%|█▉        | 38/200 [02:41<11:39,  4.32s/it]
 20%|█▉        | 39/200 [02:45<11:16,  4.20s/it]
 20%|██        | 40/200 [02:49<10:54,  4.09s/it]
 20%|██        | 41/200 [02:53<10:57,  4.13s/it]
 21%|██        | 42/200 [02:57<10:33,  4.01s/it]
 22%|██▏       | 43/200 [03:00<10:18,  3.94s/it]
 22%|██▏       | 44/200 [03:04<10:06,  3.89s/it]
 22%|██▎       | 45/200 [03:08<10:19,  4.00s/it]
 23%|██▎       | 46/200 [03:13<10:33,  4.11s/it]
 24%|██▎       | 47/200 [03:17<10:26,  4.10s/it]
 24%|██▍       | 48/200 [03:21<10:18,  4.07s/it]
 24%|██▍       | 49/200 [03:25<10:09,  4.04s/it]
 25%|██▌       | 50/200 [03:29<09:59,  3.99s/it]
 26%|██▌       | 51/200 [03:33<09:56,  4.00s/it]
 26%|██▌       | 52/200 [03:37<10:16,  4.16s/it]
 26%|██▋       | 53/200 [03:42<10:32,  4.30s/it]
 27%|██▋       | 54/200 [03:46<10:24,  4.27s/it]
 28%|██▊       | 55/200 [03:50<10:18,  4.27s/it]
 28%|██▊       | 56/200 [03:55<10:24,  4.34s/it]
 28%|██▊       | 57/200 [03:59<10:06,  4.24s/it]
 29%|██▉       | 58/200 [04:03<10:14,  4.33s/it]
 30%|██▉       | 59/200 [04:07<09:45,  4.15s/it]
 30%|███       | 60/200 [04:12<10:08,  4.35s/it]
 30%|███       | 61/200 [04:16<10:05,  4.35s/it]
 31%|███       | 62/200 [04:20<09:39,  4.20s/it]
 32%|███▏      | 63/200 [04:24<09:29,  4.16s/it]
 32%|███▏      | 64/200 [04:28<09:09,  4.04s/it]
 32%|███▎      | 65/200 [04:32<08:56,  3.97s/it]
 33%|███▎      | 66/200 [04:36<08:57,  4.01s/it]
 34%|███▎      | 67/200 [04:40<09:04,  4.10s/it]
 34%|███▍      | 68/200 [04:44<08:50,  4.02s/it]
 34%|███▍      | 69/200 [04:48<08:41,  3.98s/it]
 35%|███▌      | 70/200 [04:52<08:33,  3.95s/it]
 36%|███▌      | 71/200 [04:56<08:28,  3.94s/it]
 36%|███▌      | 72/200 [04:59<08:15,  3.87s/it]
 36%|███▋      | 73/200 [05:03<08:13,  3.89s/it]
 37%|███▋      | 74/200 [05:07<08:07,  3.87s/it]
 38%|███▊      | 75/200 [05:11<08:16,  3.97s/it]
 38%|███▊      | 76/200 [05:16<08:36,  4.16s/it]
 38%|███▊      | 77/200 [05:20<08:22,  4.09s/it]
 39%|███▉      | 78/200 [05:24<08:15,  4.06s/it]
 40%|███▉      | 79/200 [05:28<08:10,  4.06s/it]
 40%|████      | 80/200 [05:32<08:02,  4.02s/it]
 40%|████      | 81/200 [05:36<08:00,  4.04s/it]
 41%|████      | 82/200 [05:40<07:47,  3.96s/it]
 42%|████▏     | 83/200 [05:44<07:49,  4.01s/it]
 42%|████▏     | 84/200 [05:48<07:48,  4.04s/it]
 42%|████▎     | 85/200 [05:52<07:50,  4.09s/it]
 43%|████▎     | 86/200 [05:56<07:35,  4.00s/it]
 44%|████▎     | 87/200 [06:00<07:25,  3.94s/it]
 44%|████▍     | 88/200 [06:04<07:23,  3.96s/it]
 44%|████▍     | 89/200 [06:08<07:28,  4.04s/it]
 45%|████▌     | 90/200 [06:12<07:15,  3.96s/it]
 46%|████▌     | 91/200 [06:16<07:05,  3.90s/it]
 46%|████▌     | 92/200 [06:19<06:56,  3.85s/it]
 46%|████▋     | 93/200 [06:23<06:52,  3.86s/it]
 47%|████▋     | 94/200 [06:27<06:50,  3.87s/it]
 48%|████▊     | 95/200 [06:31<06:42,  3.83s/it]
 48%|████▊     | 96/200 [06:35<06:36,  3.82s/it]
 48%|████▊     | 97/200 [06:38<06:33,  3.82s/it]
 49%|████▉     | 98/200 [06:42<06:29,  3.82s/it]
 50%|████▉     | 99/200 [06:46<06:27,  3.84s/it]
 50%|█████     | 100/200 [06:50<06:26,  3.86s/it]
 50%|█████     | 101/200 [06:54<06:28,  3.93s/it]
 51%|█████     | 102/200 [06:58<06:21,  3.89s/it]
 52%|█████▏    | 103/200 [07:03<06:40,  4.13s/it]
 52%|█████▏    | 104/200 [07:06<06:28,  4.05s/it]
 52%|█████▎    | 105/200 [07:10<06:20,  4.00s/it]
 53%|█████▎    | 106/200 [07:14<06:08,  3.92s/it]
 54%|█████▎    | 107/200 [07:18<05:59,  3.87s/it]
 54%|█████▍    | 108/200 [07:22<06:05,  3.98s/it]
 55%|█████▍    | 109/200 [07:26<06:04,  4.00s/it]
 55%|█████▌    | 110/200 [07:31<06:20,  4.22s/it]
 56%|█████▌    | 111/200 [07:36<06:34,  4.44s/it]
 56%|█████▌    | 112/200 [07:41<06:41,  4.56s/it]
 56%|█████▋    | 113/200 [07:45<06:37,  4.57s/it]
 57%|█████▋    | 114/200 [07:49<06:15,  4.37s/it]
 57%|█████▊    | 115/200 [07:53<06:05,  4.30s/it]
 58%|█████▊    | 116/200 [07:57<05:49,  4.17s/it]
 58%|█████▊    | 117/200 [08:01<05:42,  4.12s/it]
 59%|█████▉    | 118/200 [08:05<05:41,  4.17s/it]
 60%|█████▉    | 119/200 [08:09<05:30,  4.08s/it]
 60%|██████    | 120/200 [08:13<05:20,  4.00s/it]
 60%|██████    | 121/200 [08:17<05:17,  4.02s/it]
 61%|██████    | 122/200 [08:21<05:07,  3.94s/it]
 62%|██████▏   | 123/200 [08:25<05:06,  3.99s/it]
 62%|██████▏   | 124/200 [08:29<05:06,  4.04s/it]
 62%|██████▎   | 125/200 [08:33<05:03,  4.05s/it]
 63%|██████▎   | 126/200 [08:37<04:59,  4.05s/it]
 64%|██████▎   | 127/200 [08:41<04:48,  3.95s/it]
 64%|██████▍   | 128/200 [08:45<04:36,  3.85s/it]
 64%|██████▍   | 129/200 [08:49<04:44,  4.01s/it]
 65%|██████▌   | 130/200 [08:53<04:39,  4.00s/it]
 66%|██████▌   | 131/200 [08:57<04:32,  3.95s/it]
 66%|██████▌   | 132/200 [09:01<04:24,  3.89s/it]
 66%|██████▋   | 133/200 [09:04<04:17,  3.85s/it]
 67%|██████▋   | 134/200 [09:08<04:16,  3.89s/it]
 68%|██████▊   | 135/200 [09:12<04:15,  3.93s/it]
 68%|██████▊   | 136/200 [09:16<04:09,  3.90s/it]
 68%|██████▊   | 137/200 [09:21<04:13,  4.02s/it]
 69%|██████▉   | 138/200 [09:25<04:10,  4.04s/it]
 70%|██████▉   | 139/200 [09:29<04:06,  4.04s/it]
 70%|███████   | 140/200 [09:32<03:58,  3.98s/it]
 70%|███████   | 141/200 [09:37<03:56,  4.01s/it]
 71%|███████   | 142/200 [09:40<03:48,  3.93s/it]
 72%|███████▏  | 143/200 [09:45<03:48,  4.01s/it]
 72%|███████▏  | 144/200 [09:49<03:48,  4.08s/it]
 72%|███████▎  | 145/200 [09:53<03:42,  4.04s/it]
 73%|███████▎  | 146/200 [09:57<03:37,  4.03s/it]
 74%|███████▎  | 147/200 [10:01<03:38,  4.13s/it]
 74%|███████▍  | 148/200 [10:05<03:36,  4.16s/it]
 74%|███████▍  | 149/200 [10:10<03:40,  4.32s/it]
 75%|███████▌  | 150/200 [10:14<03:37,  4.34s/it]
 76%|███████▌  | 151/200 [10:19<03:35,  4.40s/it]
 76%|███████▌  | 152/200 [10:23<03:25,  4.28s/it]
 76%|███████▋  | 153/200 [10:27<03:17,  4.21s/it]
 77%|███████▋  | 154/200 [10:31<03:17,  4.29s/it]
 78%|███████▊  | 155/200 [10:36<03:10,  4.24s/it]
 78%|███████▊  | 156/200 [10:41<03:16,  4.46s/it]
 78%|███████▊  | 157/200 [10:45<03:09,  4.41s/it]
 79%|███████▉  | 158/200 [10:49<03:03,  4.36s/it]
 80%|███████▉  | 159/200 [10:53<02:55,  4.27s/it]
 80%|████████  | 160/200 [10:57<02:48,  4.22s/it]
 80%|████████  | 161/200 [11:02<02:49,  4.35s/it]
 81%|████████  | 162/200 [11:06<02:42,  4.27s/it]
 82%|████████▏ | 163/200 [11:10<02:35,  4.22s/it]
 82%|████████▏ | 164/200 [11:14<02:33,  4.25s/it]
 82%|████████▎ | 165/200 [11:19<02:28,  4.23s/it]
 83%|████████▎ | 166/200 [11:23<02:22,  4.20s/it]
 84%|████████▎ | 167/200 [11:27<02:16,  4.13s/it]
 84%|████████▍ | 168/200 [11:31<02:11,  4.10s/it]
 84%|████████▍ | 169/200 [11:35<02:07,  4.11s/it]
 85%|████████▌ | 170/200 [11:39<02:00,  4.01s/it]
 86%|████████▌ | 171/200 [11:43<02:01,  4.20s/it]
 86%|████████▌ | 172/200 [11:47<01:55,  4.13s/it]
 86%|████████▋ | 173/200 [11:51<01:48,  4.04s/it]
 87%|████████▋ | 174/200 [11:55<01:46,  4.10s/it]
 88%|████████▊ | 175/200 [12:00<01:44,  4.18s/it]
 88%|████████▊ | 176/200 [12:04<01:40,  4.21s/it]
 88%|████████▊ | 177/200 [12:08<01:36,  4.18s/it]
 89%|████████▉ | 178/200 [12:12<01:30,  4.09s/it]
 90%|████████▉ | 179/200 [12:16<01:25,  4.07s/it]
 90%|█████████ | 180/200 [12:20<01:22,  4.12s/it]
 90%|█████████ | 181/200 [12:24<01:19,  4.17s/it]
 91%|█████████ | 182/200 [12:29<01:15,  4.20s/it]
 92%|█████████▏| 183/200 [12:33<01:12,  4.26s/it]
 92%|█████████▏| 184/200 [12:37<01:07,  4.22s/it]
 92%|█████████▎| 185/200 [12:41<01:02,  4.19s/it]
 93%|█████████▎| 186/200 [12:46<00:59,  4.25s/it]
 94%|█████████▎| 187/200 [12:50<00:55,  4.23s/it]
 94%|█████████▍| 188/200 [12:54<00:49,  4.14s/it]
 94%|█████████▍| 189/200 [12:59<00:47,  4.32s/it]
 95%|█████████▌| 190/200 [13:03<00:43,  4.31s/it]
 96%|█████████▌| 191/200 [13:07<00:37,  4.20s/it]
 96%|█████████▌| 192/200 [13:11<00:33,  4.13s/it]
 96%|█████████▋| 193/200 [13:15<00:29,  4.23s/it]
 97%|█████████▋| 194/200 [13:19<00:25,  4.17s/it]
 98%|█████████▊| 195/200 [13:23<00:20,  4.12s/it]
 98%|█████████▊| 196/200 [13:28<00:16,  4.18s/it]
 98%|█████████▊| 197/200 [13:31<00:12,  4.06s/it]
 99%|█████████▉| 198/200 [13:35<00:07,  3.97s/it]
100%|█████████▉| 199/200 [13:39<00:03,  3.95s/it]
100%|██████████| 200/200 [13:43<00:00,  3.93s/it]
                                                 
0
1
2
3
4
5
6
7
8
9
10
11
12
13
14
15
16
17
18
19
20
21
22
23
24
25
26
27
28
29
30
31
32
33
34
35
36
37
38
39
40
41
42
43
44
45
46
47
48
49
50
51
52
53
54
55
56
57
58
59
60
61
62
63
64
65
66
67
68
69
70
71
72
73
74
75
76
77
78
79
80
81
82
83
84
85
86
87
88
89
90
91
92
93
94
95
96
97
98
99
100
101
102
103
104
105
106
107
108
109
110
111
112
113
114
115
116
117
118
119
120
121
122
123
124
125
126
127
128
129
130
131
132
133
134
135
136
137
138
139
140
141
142
143
144
145
146
147
148
149
150
151
152
153
154
155
156
157
158
159
160
161
162
163
164
165
166
167
168
169
170
171
172
173
174
175
176
177
178
179
180
181
182
183
184
185
186
187
188
189
190
191
192
193
194
195
196
197
198
199
