 
Files to read: ['../pilot-cpjump1-data/profiles/2020_11_04_CPJUMP1/BR00116995/BR00116995_normalized_feature_select_negcon.csv.gz']
Files to read: ['../pilot-cpjump1-data/profiles/2020_11_04_CPJUMP1/BR00117024/BR00117024_normalized_feature_select_negcon.csv.gz']
Files to read: ['../pilot-cpjump1-data/profiles/2020_11_04_CPJUMP1/BR00117025/BR00117025_normalized_feature_select_negcon.csv.gz']
Files to read: ['../pilot-cpjump1-data/profiles/2020_11_04_CPJUMP1/BR00117026/BR00117026_normalized_feature_select_negcon.csv.gz']
Files to read: ['../pilot-cpjump1-data/profiles/2020_11_04_CPJUMP1/BR00116997/BR00116997_normalized_feature_select_negcon.csv.gz']
Files to read: ['../pilot-cpjump1-data/profiles/2020_11_04_CPJUMP1/BR00116998/BR00116998_normalized_feature_select_negcon.csv.gz']
Files to read: ['../pilot-cpjump1-data/profiles/2020_11_04_CPJUMP1/BR00116999/BR00116999_normalized_feature_select_negcon.csv.gz']
Files to read: ['../pilot-cpjump1-data/profiles/2020_11_04_CPJUMP1/BR00116996/BR00116996_normalized_feature_select_negcon.csv.gz']
Files to read: ['../pilot-cpjump1-data/profiles/2020_11_04_CPJUMP1/BR00117022/BR00117022_normalized_feature_select_negcon.csv.gz']
Files to read: ['../pilot-cpjump1-data/profiles/2020_11_04_CPJUMP1/BR00117023/BR00117023_normalized_feature_select_negcon.csv.gz']

  0%|          | 0/200 [00:00<?, ?it/s]
  0%|          | 1/200 [00:06<22:00,  6.64s/it]
  1%|          | 2/200 [00:12<21:10,  6.42s/it]
  2%|▏         | 3/200 [00:18<20:22,  6.20s/it]
  2%|▏         | 4/200 [00:24<19:50,  6.08s/it]
  2%|▎         | 5/200 [00:31<20:07,  6.19s/it]
  3%|▎         | 6/200 [00:36<18:58,  5.87s/it]
  4%|▎         | 7/200 [00:41<18:14,  5.67s/it]
  4%|▍         | 8/200 [00:47<17:55,  5.60s/it]
  4%|▍         | 9/200 [00:52<17:25,  5.47s/it]
  5%|▌         | 10/200 [00:57<17:00,  5.37s/it]
  6%|▌         | 11/200 [01:02<16:46,  5.32s/it]
  6%|▌         | 12/200 [01:07<16:21,  5.22s/it]
  6%|▋         | 13/200 [01:12<16:08,  5.18s/it]
  7%|▋         | 14/200 [01:17<16:01,  5.17s/it]
  8%|▊         | 15/200 [01:22<15:45,  5.11s/it]
  8%|▊         | 16/200 [01:28<16:34,  5.41s/it]
  8%|▊         | 17/200 [01:34<16:24,  5.38s/it]
  9%|▉         | 18/200 [01:39<16:10,  5.33s/it]
 10%|▉         | 19/200 [01:44<16:07,  5.34s/it]
 10%|█         | 20/200 [01:50<15:55,  5.31s/it]
 10%|█         | 21/200 [01:55<15:36,  5.23s/it]
 11%|█         | 22/200 [02:00<15:35,  5.25s/it]
 12%|█▏        | 23/200 [02:05<15:27,  5.24s/it]
 12%|█▏        | 24/200 [02:10<15:11,  5.18s/it]
 12%|█▎        | 25/200 [02:15<14:59,  5.14s/it]
 13%|█▎        | 26/200 [02:20<14:44,  5.08s/it]
 14%|█▎        | 27/200 [02:26<14:55,  5.18s/it]
 14%|█▍        | 28/200 [02:31<15:02,  5.25s/it]
 14%|█▍        | 29/200 [02:37<15:13,  5.34s/it]
 15%|█▌        | 30/200 [02:42<15:17,  5.39s/it]
 16%|█▌        | 31/200 [02:47<14:51,  5.27s/it]
 16%|█▌        | 32/200 [02:53<15:01,  5.37s/it]
 16%|█▋        | 33/200 [02:58<15:10,  5.45s/it]
 17%|█▋        | 34/200 [03:04<15:22,  5.56s/it]
 18%|█▊        | 35/200 [03:09<15:03,  5.48s/it]
 18%|█▊        | 36/200 [03:15<15:06,  5.53s/it]
 18%|█▊        | 37/200 [03:20<14:53,  5.48s/it]
 19%|█▉        | 38/200 [03:26<14:50,  5.50s/it]
 20%|█▉        | 39/200 [03:31<14:25,  5.38s/it]
 20%|██        | 40/200 [03:37<14:25,  5.41s/it]
 20%|██        | 41/200 [03:42<14:19,  5.41s/it]
 21%|██        | 42/200 [03:47<14:15,  5.41s/it]
 22%|██▏       | 43/200 [03:54<14:47,  5.66s/it]
 22%|██▏       | 44/200 [04:00<15:06,  5.81s/it]
 22%|██▎       | 45/200 [04:05<14:34,  5.64s/it]
 23%|██▎       | 46/200 [04:10<14:02,  5.47s/it]
 24%|██▎       | 47/200 [04:16<13:56,  5.47s/it]
 24%|██▍       | 48/200 [04:21<13:42,  5.41s/it]
 24%|██▍       | 49/200 [04:26<13:23,  5.32s/it]
 25%|██▌       | 50/200 [04:31<13:21,  5.35s/it]
 26%|██▌       | 51/200 [04:36<13:03,  5.26s/it]
 26%|██▌       | 52/200 [04:42<12:54,  5.23s/it]
 26%|██▋       | 53/200 [04:47<12:41,  5.18s/it]
 27%|██▋       | 54/200 [04:52<12:38,  5.19s/it]
 28%|██▊       | 55/200 [04:57<12:21,  5.12s/it]
 28%|██▊       | 56/200 [05:02<12:29,  5.21s/it]
 28%|██▊       | 57/200 [05:07<12:29,  5.24s/it]
 29%|██▉       | 58/200 [05:14<13:00,  5.50s/it]
 30%|██▉       | 59/200 [05:20<13:21,  5.69s/it]
 30%|███       | 60/200 [05:25<13:19,  5.71s/it]
 30%|███       | 61/200 [05:31<12:45,  5.51s/it]
 31%|███       | 62/200 [05:36<12:19,  5.36s/it]
 32%|███▏      | 63/200 [05:41<12:08,  5.32s/it]
 32%|███▏      | 64/200 [05:46<11:49,  5.22s/it]
 32%|███▎      | 65/200 [05:51<11:44,  5.22s/it]
 33%|███▎      | 66/200 [05:56<11:34,  5.19s/it]
 34%|███▎      | 67/200 [06:01<11:39,  5.26s/it]
 34%|███▍      | 68/200 [06:07<11:39,  5.30s/it]
 34%|███▍      | 69/200 [06:12<11:40,  5.35s/it]
 35%|███▌      | 70/200 [06:18<11:40,  5.39s/it]
 36%|███▌      | 71/200 [06:23<11:34,  5.39s/it]
 36%|███▌      | 72/200 [06:29<11:29,  5.39s/it]
 36%|███▋      | 73/200 [06:34<11:17,  5.33s/it]
 37%|███▋      | 74/200 [06:39<11:23,  5.42s/it]
 38%|███▊      | 75/200 [06:45<11:39,  5.60s/it]
 38%|███▊      | 76/200 [06:51<11:15,  5.45s/it]
 38%|███▊      | 77/200 [06:55<10:48,  5.27s/it]
 39%|███▉      | 78/200 [07:01<10:48,  5.31s/it]
 40%|███▉      | 79/200 [07:06<10:40,  5.30s/it]
 40%|████      | 80/200 [07:12<10:41,  5.35s/it]
 40%|████      | 81/200 [07:17<10:22,  5.23s/it]
 41%|████      | 82/200 [07:22<10:26,  5.31s/it]
 42%|████▏     | 83/200 [07:27<10:24,  5.34s/it]
 42%|████▏     | 84/200 [07:33<10:19,  5.34s/it]
 42%|████▎     | 85/200 [07:38<10:15,  5.35s/it]
 43%|████▎     | 86/200 [07:44<10:14,  5.39s/it]
 44%|████▎     | 87/200 [07:49<10:24,  5.53s/it]
 44%|████▍     | 88/200 [07:55<10:31,  5.63s/it]
 44%|████▍     | 89/200 [08:01<10:12,  5.52s/it]
 45%|████▌     | 90/200 [08:06<09:48,  5.35s/it]
 46%|████▌     | 91/200 [08:10<09:26,  5.20s/it]
 46%|████▌     | 92/200 [08:15<09:14,  5.13s/it]
 46%|████▋     | 93/200 [08:21<09:17,  5.21s/it]
 47%|████▋     | 94/200 [08:26<09:03,  5.13s/it]
 48%|████▊     | 95/200 [08:31<08:49,  5.05s/it]
 48%|████▊     | 96/200 [08:35<08:39,  5.00s/it]
 48%|████▊     | 97/200 [08:40<08:29,  4.95s/it]
 49%|████▉     | 98/200 [08:45<08:28,  4.98s/it]
 50%|████▉     | 99/200 [08:50<08:23,  4.99s/it]
 50%|█████     | 100/200 [08:55<08:21,  5.01s/it]
 50%|█████     | 101/200 [09:00<08:12,  4.98s/it]
 51%|█████     | 102/200 [09:05<08:07,  4.97s/it]
 52%|█████▏    | 103/200 [09:10<08:02,  4.97s/it]
 52%|█████▏    | 104/200 [09:15<07:58,  4.99s/it]
 52%|█████▎    | 105/200 [09:20<07:52,  4.97s/it]
 53%|█████▎    | 106/200 [09:25<07:48,  4.98s/it]
 54%|█████▎    | 107/200 [09:30<07:45,  5.01s/it]
 54%|█████▍    | 108/200 [09:35<07:35,  4.96s/it]
 55%|█████▍    | 109/200 [09:40<07:28,  4.93s/it]
 55%|█████▌    | 110/200 [09:45<07:21,  4.91s/it]
 56%|█████▌    | 111/200 [09:50<07:17,  4.91s/it]
 56%|█████▌    | 112/200 [09:55<07:14,  4.94s/it]
 56%|█████▋    | 113/200 [10:00<07:26,  5.13s/it]
 57%|█████▋    | 114/200 [10:07<08:00,  5.59s/it]
 57%|█████▊    | 115/200 [10:13<08:01,  5.66s/it]
 58%|█████▊    | 116/200 [10:18<07:37,  5.44s/it]
 58%|█████▊    | 117/200 [10:23<07:26,  5.37s/it]
 59%|█████▉    | 118/200 [10:28<07:14,  5.29s/it]
 60%|█████▉    | 119/200 [10:34<07:16,  5.39s/it]
 60%|██████    | 120/200 [10:40<07:25,  5.56s/it]
 60%|██████    | 121/200 [10:45<07:10,  5.45s/it]
 61%|██████    | 122/200 [10:50<06:53,  5.31s/it]
 62%|██████▏   | 123/200 [10:55<06:50,  5.33s/it]
 62%|██████▏   | 124/200 [11:01<06:52,  5.43s/it]
 62%|██████▎   | 125/200 [11:06<06:37,  5.30s/it]
 63%|██████▎   | 126/200 [11:11<06:23,  5.18s/it]
 64%|██████▎   | 127/200 [11:16<06:16,  5.15s/it]
 64%|██████▍   | 128/200 [11:21<06:04,  5.06s/it]
 64%|██████▍   | 129/200 [11:26<05:56,  5.01s/it]
 65%|██████▌   | 130/200 [11:31<05:51,  5.02s/it]
 66%|██████▌   | 131/200 [11:36<05:45,  5.01s/it]
 66%|██████▌   | 132/200 [11:41<05:39,  4.99s/it]
 66%|██████▋   | 133/200 [11:46<05:38,  5.04s/it]
 67%|██████▋   | 134/200 [11:51<05:42,  5.19s/it]
 68%|██████▊   | 135/200 [11:56<05:32,  5.11s/it]
 68%|██████▊   | 136/200 [12:01<05:23,  5.05s/it]
 68%|██████▊   | 137/200 [12:06<05:16,  5.02s/it]
 69%|██████▉   | 138/200 [12:11<05:12,  5.03s/it]
 70%|██████▉   | 139/200 [12:16<05:13,  5.13s/it]
 70%|███████   | 140/200 [12:21<05:04,  5.08s/it]
 70%|███████   | 141/200 [12:26<04:57,  5.05s/it]
 71%|███████   | 142/200 [12:31<04:48,  4.98s/it]
 72%|███████▏  | 143/200 [12:36<04:46,  5.03s/it]
 72%|███████▏  | 144/200 [12:42<04:43,  5.07s/it]
 72%|███████▎  | 145/200 [12:47<04:43,  5.15s/it]
 73%|███████▎  | 146/200 [12:53<04:46,  5.30s/it]
 74%|███████▎  | 147/200 [12:58<04:50,  5.48s/it]
 74%|███████▍  | 148/200 [13:04<04:38,  5.36s/it]
 74%|███████▍  | 149/200 [13:09<04:33,  5.36s/it]
 75%|███████▌  | 150/200 [13:15<04:37,  5.56s/it]
 76%|███████▌  | 151/200 [13:20<04:28,  5.48s/it]
 76%|███████▌  | 152/200 [13:25<04:15,  5.31s/it]
 76%|███████▋  | 153/200 [13:30<04:05,  5.23s/it]
 77%|███████▋  | 154/200 [13:35<03:59,  5.21s/it]
 78%|███████▊  | 155/200 [13:41<03:56,  5.26s/it]
 78%|███████▊  | 156/200 [13:46<03:49,  5.22s/it]
 78%|███████▊  | 157/200 [13:51<03:42,  5.18s/it]
 79%|███████▉  | 158/200 [13:56<03:35,  5.13s/it]
 80%|███████▉  | 159/200 [14:01<03:30,  5.13s/it]
 80%|████████  | 160/200 [14:06<03:26,  5.15s/it]
 80%|████████  | 161/200 [14:12<03:23,  5.21s/it]
 81%|████████  | 162/200 [14:17<03:15,  5.15s/it]
 82%|████████▏ | 163/200 [14:22<03:10,  5.15s/it]
 82%|████████▏ | 164/200 [14:27<03:07,  5.20s/it]
 82%|████████▎ | 165/200 [14:32<03:03,  5.24s/it]
 83%|████████▎ | 166/200 [14:38<02:57,  5.23s/it]
 84%|████████▎ | 167/200 [14:43<02:52,  5.22s/it]
 84%|████████▍ | 168/200 [14:48<02:45,  5.17s/it]
 84%|████████▍ | 169/200 [14:53<02:41,  5.22s/it]
 85%|████████▌ | 170/200 [14:58<02:36,  5.23s/it]
 86%|████████▌ | 171/200 [15:04<02:32,  5.25s/it]
 86%|████████▌ | 172/200 [15:09<02:27,  5.26s/it]
 86%|████████▋ | 173/200 [15:15<02:26,  5.42s/it]
 87%|████████▋ | 174/200 [15:21<02:26,  5.63s/it]
 88%|████████▊ | 175/200 [15:27<02:26,  5.84s/it]
 88%|████████▊ | 176/200 [15:33<02:16,  5.68s/it]
 88%|████████▊ | 177/200 [15:38<02:07,  5.53s/it]
 89%|████████▉ | 178/200 [15:43<01:57,  5.36s/it]
 90%|████████▉ | 179/200 [15:48<01:50,  5.28s/it]
 90%|█████████ | 180/200 [15:53<01:44,  5.21s/it]
 90%|█████████ | 181/200 [15:58<01:38,  5.18s/it]
 91%|█████████ | 182/200 [16:03<01:31,  5.11s/it]
 92%|█████████▏| 183/200 [16:08<01:27,  5.12s/it]
 92%|█████████▏| 184/200 [16:13<01:21,  5.10s/it]
 92%|█████████▎| 185/200 [16:18<01:17,  5.14s/it]
 93%|█████████▎| 186/200 [16:23<01:11,  5.07s/it]
 94%|█████████▎| 187/200 [16:29<01:06,  5.14s/it]
 94%|█████████▍| 188/200 [16:34<01:01,  5.11s/it]
 94%|█████████▍| 189/200 [16:39<00:55,  5.05s/it]
 95%|█████████▌| 190/200 [16:43<00:49,  4.97s/it]
 96%|█████████▌| 191/200 [16:48<00:44,  5.00s/it]
 96%|█████████▌| 192/200 [16:54<00:41,  5.19s/it]
 96%|█████████▋| 193/200 [16:59<00:36,  5.22s/it]
 97%|█████████▋| 194/200 [17:04<00:30,  5.16s/it]
 98%|█████████▊| 195/200 [17:09<00:25,  5.07s/it]
 98%|█████████▊| 196/200 [17:14<00:20,  5.08s/it]
 98%|█████████▊| 197/200 [17:19<00:15,  5.12s/it]
 99%|█████████▉| 198/200 [17:25<00:10,  5.13s/it]
100%|█████████▉| 199/200 [17:30<00:05,  5.20s/it]
100%|██████████| 200/200 [17:36<00:00,  5.29s/it]
                                                 
0
1
2
3
4
5
6
7
8
9
10
11
12
13
14
15
16
17
18
19
20
21
22
23
24
25
26
27
28
29
30
31
32
33
34
35
36
37
38
39
40
41
42
43
44
45
46
47
48
49
50
51
52
53
54
55
56
57
58
59
60
61
62
63
64
65
66
67
68
69
70
71
72
73
74
75
76
77
78
79
80
81
82
83
84
85
86
87
88
89
90
91
92
93
94
95
96
97
98
99
100
101
102
103
104
105
106
107
108
109
110
111
112
113
114
115
116
117
118
119
120
121
122
123
124
125
126
127
128
129
130
131
132
133
134
135
136
137
138
139
140
141
142
143
144
145
146
147
148
149
150
151
152
153
154
155
156
157
158
159
160
161
162
163
164
165
166
167
168
169
170
171
172
173
174
175
176
177
178
179
180
181
182
183
184
185
186
187
188
189
190
191
192
193
194
195
196
197
198
199
