 
Files to read: ['../pilot-cpjump1-data/profiles/2020_11_04_CPJUMP1/BR00116995/BR00116995_normalized_feature_select_negcon.csv.gz']
Files to read: ['../pilot-cpjump1-data/profiles/2020_11_04_CPJUMP1/BR00117024/BR00117024_normalized_feature_select_negcon.csv.gz']
Files to read: ['../pilot-cpjump1-data/profiles/2020_11_04_CPJUMP1/BR00117025/BR00117025_normalized_feature_select_negcon.csv.gz']
Files to read: ['../pilot-cpjump1-data/profiles/2020_11_04_CPJUMP1/BR00117026/BR00117026_normalized_feature_select_negcon.csv.gz']
Files to read: ['../pilot-cpjump1-data/profiles/2020_11_04_CPJUMP1/BR00116997/BR00116997_normalized_feature_select_negcon.csv.gz']
Files to read: ['../pilot-cpjump1-data/profiles/2020_11_04_CPJUMP1/BR00116998/BR00116998_normalized_feature_select_negcon.csv.gz']
Files to read: ['../pilot-cpjump1-data/profiles/2020_11_04_CPJUMP1/BR00116999/BR00116999_normalized_feature_select_negcon.csv.gz']
Files to read: ['../pilot-cpjump1-data/profiles/2020_11_04_CPJUMP1/BR00116996/BR00116996_normalized_feature_select_negcon.csv.gz']
Files to read: ['../pilot-cpjump1-data/profiles/2020_11_04_CPJUMP1/BR00117022/BR00117022_normalized_feature_select_negcon.csv.gz']
Files to read: ['../pilot-cpjump1-data/profiles/2020_11_04_CPJUMP1/BR00117023/BR00117023_normalized_feature_select_negcon.csv.gz']

  0%|          | 0/200 [00:00<?, ?it/s]
  0%|          | 1/200 [00:08<26:43,  8.06s/it]
  1%|          | 2/200 [00:13<21:04,  6.39s/it]
  2%|▏         | 3/200 [00:18<18:58,  5.78s/it]
  2%|▏         | 4/200 [00:23<17:51,  5.47s/it]
  2%|▎         | 5/200 [00:28<17:22,  5.34s/it]
  3%|▎         | 6/200 [00:33<16:53,  5.22s/it]
  4%|▎         | 7/200 [00:38<16:31,  5.14s/it]
  4%|▍         | 8/200 [00:43<16:01,  5.01s/it]
  4%|▍         | 9/200 [00:48<16:25,  5.16s/it]
  5%|▌         | 10/200 [00:54<16:33,  5.23s/it]
  6%|▌         | 11/200 [00:59<16:15,  5.16s/it]
  6%|▌         | 12/200 [01:04<16:26,  5.25s/it]
  6%|▋         | 13/200 [01:10<17:25,  5.59s/it]
  7%|▋         | 14/200 [01:16<17:16,  5.57s/it]
  8%|▊         | 15/200 [01:21<16:42,  5.42s/it]
  8%|▊         | 16/200 [01:26<16:20,  5.33s/it]
  8%|▊         | 17/200 [01:31<16:09,  5.30s/it]
  9%|▉         | 18/200 [01:36<15:47,  5.20s/it]
 10%|▉         | 19/200 [01:41<15:30,  5.14s/it]
 10%|█         | 20/200 [01:46<15:30,  5.17s/it]
 10%|█         | 21/200 [01:51<15:15,  5.12s/it]
 11%|█         | 22/200 [01:57<15:50,  5.34s/it]
 12%|█▏        | 23/200 [02:03<15:48,  5.36s/it]
 12%|█▏        | 24/200 [02:08<15:32,  5.30s/it]
 12%|█▎        | 25/200 [02:13<15:34,  5.34s/it]
 13%|█▎        | 26/200 [02:18<15:18,  5.28s/it]
 14%|█▎        | 27/200 [02:24<15:31,  5.38s/it]
 14%|█▍        | 28/200 [02:29<15:13,  5.31s/it]
 14%|█▍        | 29/200 [02:34<15:01,  5.27s/it]
 15%|█▌        | 30/200 [02:39<14:39,  5.17s/it]
 16%|█▌        | 31/200 [02:44<14:18,  5.08s/it]
 16%|█▌        | 32/200 [02:50<14:55,  5.33s/it]
 16%|█▋        | 33/200 [02:57<15:42,  5.64s/it]
 17%|█▋        | 34/200 [03:02<15:30,  5.61s/it]
 18%|█▊        | 35/200 [03:07<15:06,  5.49s/it]
 18%|█▊        | 36/200 [03:12<14:33,  5.33s/it]
 18%|█▊        | 37/200 [03:17<14:18,  5.26s/it]
 19%|█▉        | 38/200 [03:22<14:03,  5.21s/it]
 20%|█▉        | 39/200 [03:27<13:40,  5.09s/it]
 20%|██        | 40/200 [03:32<13:14,  4.96s/it]
 20%|██        | 41/200 [03:37<13:25,  5.07s/it]
 21%|██        | 42/200 [03:43<13:35,  5.16s/it]
 22%|██▏       | 43/200 [03:48<13:46,  5.26s/it]
 22%|██▏       | 44/200 [03:53<13:28,  5.19s/it]
 22%|██▎       | 45/200 [03:58<13:08,  5.09s/it]
 23%|██▎       | 46/200 [04:03<12:57,  5.05s/it]
 24%|██▎       | 47/200 [04:08<12:53,  5.06s/it]
 24%|██▍       | 48/200 [04:14<13:18,  5.25s/it]
 24%|██▍       | 49/200 [04:19<12:58,  5.16s/it]
 25%|██▌       | 50/200 [04:24<13:04,  5.23s/it]
 26%|██▌       | 51/200 [04:29<13:08,  5.29s/it]
 26%|██▌       | 52/200 [04:34<12:49,  5.20s/it]
 26%|██▋       | 53/200 [04:40<12:44,  5.20s/it]
 27%|██▋       | 54/200 [04:45<12:24,  5.10s/it]
 28%|██▊       | 55/200 [04:49<12:12,  5.05s/it]
 28%|██▊       | 56/200 [04:54<11:53,  4.95s/it]
 28%|██▊       | 57/200 [04:59<11:42,  4.91s/it]
 29%|██▉       | 58/200 [05:04<11:40,  4.93s/it]
 30%|██▉       | 59/200 [05:10<12:01,  5.12s/it]
 30%|███       | 60/200 [05:14<11:47,  5.06s/it]
 30%|███       | 61/200 [05:20<11:43,  5.06s/it]
 31%|███       | 62/200 [05:24<11:30,  5.00s/it]
 32%|███▏      | 63/200 [05:29<11:19,  4.96s/it]
 32%|███▏      | 64/200 [05:34<11:08,  4.92s/it]
 32%|███▎      | 65/200 [05:39<11:20,  5.04s/it]
 33%|███▎      | 66/200 [05:44<11:12,  5.02s/it]
 34%|███▎      | 67/200 [05:49<11:01,  4.98s/it]
 34%|███▍      | 68/200 [05:54<10:51,  4.94s/it]
 34%|███▍      | 69/200 [05:59<11:04,  5.08s/it]
 35%|███▌      | 70/200 [06:05<11:01,  5.08s/it]
 36%|███▌      | 71/200 [06:10<10:51,  5.05s/it]
 36%|███▌      | 72/200 [06:15<10:43,  5.03s/it]
 36%|███▋      | 73/200 [06:20<11:05,  5.24s/it]
 37%|███▋      | 74/200 [06:25<10:43,  5.11s/it]
 38%|███▊      | 75/200 [06:30<10:42,  5.14s/it]
 38%|███▊      | 76/200 [06:36<10:45,  5.21s/it]
 38%|███▊      | 77/200 [06:41<10:28,  5.11s/it]
 39%|███▉      | 78/200 [06:46<10:34,  5.20s/it]
 40%|███▉      | 79/200 [06:52<10:43,  5.32s/it]
 40%|████      | 80/200 [06:57<10:57,  5.48s/it]
 40%|████      | 81/200 [07:02<10:29,  5.29s/it]
 41%|████      | 82/200 [07:07<10:17,  5.24s/it]
 42%|████▏     | 83/200 [07:13<10:11,  5.22s/it]
 42%|████▏     | 84/200 [07:18<10:15,  5.31s/it]
 42%|████▎     | 85/200 [07:24<10:15,  5.35s/it]
 43%|████▎     | 86/200 [07:29<10:15,  5.40s/it]
 44%|████▎     | 87/200 [07:34<10:04,  5.35s/it]
 44%|████▍     | 88/200 [07:39<09:48,  5.26s/it]
 44%|████▍     | 89/200 [07:45<09:45,  5.27s/it]
 45%|████▌     | 90/200 [07:50<09:28,  5.17s/it]
 46%|████▌     | 91/200 [07:54<09:16,  5.11s/it]
 46%|████▌     | 92/200 [07:59<09:04,  5.04s/it]
 46%|████▋     | 93/200 [08:04<08:52,  4.98s/it]
 47%|████▋     | 94/200 [08:09<08:55,  5.05s/it]
 48%|████▊     | 95/200 [08:14<08:50,  5.05s/it]
 48%|████▊     | 96/200 [08:20<08:48,  5.09s/it]
 48%|████▊     | 97/200 [08:25<08:42,  5.08s/it]
 49%|████▉     | 98/200 [08:30<08:29,  5.00s/it]
 50%|████▉     | 99/200 [08:35<08:26,  5.01s/it]
 50%|█████     | 100/200 [08:40<08:22,  5.03s/it]
 50%|█████     | 101/200 [08:45<08:20,  5.06s/it]
 51%|█████     | 102/200 [08:50<08:15,  5.06s/it]
 52%|█████▏    | 103/200 [08:55<08:03,  4.99s/it]
 52%|█████▏    | 104/200 [08:59<07:52,  4.92s/it]
 52%|█████▎    | 105/200 [09:04<07:50,  4.95s/it]
 53%|█████▎    | 106/200 [09:09<07:39,  4.89s/it]
 54%|█████▎    | 107/200 [09:15<07:47,  5.03s/it]
 54%|█████▍    | 108/200 [09:19<07:40,  5.01s/it]
 55%|█████▍    | 109/200 [09:25<07:47,  5.14s/it]
 55%|█████▌    | 110/200 [09:31<08:01,  5.35s/it]
 56%|█████▌    | 111/200 [09:37<08:12,  5.54s/it]
 56%|█████▌    | 112/200 [09:42<07:56,  5.41s/it]
 56%|█████▋    | 113/200 [09:47<07:54,  5.45s/it]
 57%|█████▋    | 114/200 [09:53<07:47,  5.43s/it]
 57%|█████▊    | 115/200 [09:58<07:29,  5.29s/it]
 58%|█████▊    | 116/200 [10:03<07:19,  5.23s/it]
 58%|█████▊    | 117/200 [10:08<07:11,  5.20s/it]
 59%|█████▉    | 118/200 [10:13<06:58,  5.10s/it]
 60%|█████▉    | 119/200 [10:18<06:48,  5.04s/it]
 60%|██████    | 120/200 [10:23<06:42,  5.03s/it]
 60%|██████    | 121/200 [10:28<06:47,  5.15s/it]
 61%|██████    | 122/200 [10:33<06:42,  5.15s/it]
 62%|██████▏   | 123/200 [10:38<06:34,  5.12s/it]
 62%|██████▏   | 124/200 [10:43<06:22,  5.04s/it]
 62%|██████▎   | 125/200 [10:48<06:19,  5.07s/it]
 63%|██████▎   | 126/200 [10:53<06:16,  5.08s/it]
 64%|██████▎   | 127/200 [10:59<06:19,  5.20s/it]
 64%|██████▍   | 128/200 [11:04<06:10,  5.14s/it]
 64%|██████▍   | 129/200 [11:09<06:03,  5.12s/it]
 65%|██████▌   | 130/200 [11:14<06:02,  5.18s/it]
 66%|██████▌   | 131/200 [11:19<05:49,  5.07s/it]
 66%|██████▌   | 132/200 [11:24<05:48,  5.13s/it]
 66%|██████▋   | 133/200 [11:30<05:48,  5.20s/it]
 67%|██████▋   | 134/200 [11:35<05:41,  5.17s/it]
 68%|██████▊   | 135/200 [11:40<05:32,  5.12s/it]
 68%|██████▊   | 136/200 [11:45<05:22,  5.04s/it]
 68%|██████▊   | 137/200 [11:50<05:12,  4.95s/it]
 69%|██████▉   | 138/200 [11:55<05:08,  4.98s/it]
 70%|██████▉   | 139/200 [12:00<05:04,  4.99s/it]
 70%|███████   | 140/200 [12:05<05:05,  5.10s/it]
 70%|███████   | 141/200 [12:10<05:05,  5.19s/it]
 71%|███████   | 142/200 [12:15<04:57,  5.13s/it]
 72%|███████▏  | 143/200 [12:20<04:52,  5.13s/it]
 72%|███████▏  | 144/200 [12:25<04:44,  5.07s/it]
 72%|███████▎  | 145/200 [12:30<04:38,  5.07s/it]
 73%|███████▎  | 146/200 [12:36<04:42,  5.24s/it]
 74%|███████▎  | 147/200 [12:41<04:34,  5.18s/it]
 74%|███████▍  | 148/200 [12:46<04:26,  5.13s/it]
 74%|███████▍  | 149/200 [12:51<04:24,  5.18s/it]
 75%|███████▌  | 150/200 [12:56<04:13,  5.07s/it]
 76%|███████▌  | 151/200 [13:01<04:08,  5.07s/it]
 76%|███████▌  | 152/200 [13:06<04:02,  5.05s/it]
 76%|███████▋  | 153/200 [13:11<03:59,  5.09s/it]
 77%|███████▋  | 154/200 [13:16<03:51,  5.04s/it]
 78%|███████▊  | 155/200 [13:21<03:47,  5.05s/it]
 78%|███████▊  | 156/200 [13:26<03:38,  4.97s/it]
 78%|███████▊  | 157/200 [13:32<03:40,  5.13s/it]
 79%|███████▉  | 158/200 [13:37<03:35,  5.13s/it]
 80%|███████▉  | 159/200 [13:42<03:31,  5.17s/it]
 80%|████████  | 160/200 [13:47<03:21,  5.05s/it]
 80%|████████  | 161/200 [13:52<03:21,  5.17s/it]
 81%|████████  | 162/200 [13:57<03:15,  5.15s/it]
 82%|████████▏ | 163/200 [14:03<03:10,  5.15s/it]
 82%|████████▏ | 164/200 [14:08<03:04,  5.13s/it]
 82%|████████▎ | 165/200 [14:13<02:58,  5.11s/it]
 83%|████████▎ | 166/200 [14:18<02:49,  4.99s/it]
 84%|████████▎ | 167/200 [14:22<02:43,  4.97s/it]
 84%|████████▍ | 168/200 [14:28<02:44,  5.14s/it]
 84%|████████▍ | 169/200 [14:33<02:39,  5.13s/it]
 85%|████████▌ | 170/200 [14:38<02:35,  5.17s/it]
 86%|████████▌ | 171/200 [14:44<02:30,  5.18s/it]
 86%|████████▌ | 172/200 [14:49<02:24,  5.14s/it]
 86%|████████▋ | 173/200 [14:54<02:20,  5.19s/it]
 87%|████████▋ | 174/200 [14:59<02:13,  5.15s/it]
 88%|████████▊ | 175/200 [15:04<02:08,  5.16s/it]
 88%|████████▊ | 176/200 [15:09<02:03,  5.13s/it]
 88%|████████▊ | 177/200 [15:16<02:06,  5.49s/it]
 89%|████████▉ | 178/200 [15:21<02:03,  5.63s/it]
 90%|████████▉ | 179/200 [15:26<01:54,  5.45s/it]
 90%|█████████ | 180/200 [15:32<01:48,  5.44s/it]
 90%|█████████ | 181/200 [15:37<01:41,  5.35s/it]
 91%|█████████ | 182/200 [15:42<01:35,  5.31s/it]
 92%|█████████▏| 183/200 [15:47<01:28,  5.22s/it]
 92%|█████████▏| 184/200 [15:52<01:23,  5.19s/it]
 92%|█████████▎| 185/200 [15:57<01:17,  5.15s/it]
 93%|█████████▎| 186/200 [16:02<01:11,  5.07s/it]
 94%|█████████▎| 187/200 [16:08<01:06,  5.14s/it]
 94%|█████████▍| 188/200 [16:13<01:01,  5.10s/it]
 94%|█████████▍| 189/200 [16:18<00:55,  5.09s/it]
 95%|█████████▌| 190/200 [16:23<00:50,  5.08s/it]
 96%|█████████▌| 191/200 [16:28<00:45,  5.09s/it]
 96%|█████████▌| 192/200 [16:33<00:40,  5.08s/it]
 96%|█████████▋| 193/200 [16:38<00:35,  5.09s/it]
 97%|█████████▋| 194/200 [16:43<00:30,  5.06s/it]
 98%|█████████▊| 195/200 [16:48<00:25,  5.02s/it]
 98%|█████████▊| 196/200 [16:54<00:20,  5.19s/it]
 98%|█████████▊| 197/200 [16:59<00:15,  5.19s/it]
 99%|█████████▉| 198/200 [17:04<00:10,  5.32s/it]
100%|█████████▉| 199/200 [17:10<00:05,  5.33s/it]
100%|██████████| 200/200 [17:15<00:00,  5.27s/it]
                                                 
0
1
2
3
4
5
6
7
8
9
10
11
12
13
14
15
16
17
18
19
20
21
22
23
24
25
26
27
28
29
30
31
32
33
34
35
36
37
38
39
40
41
42
43
44
45
46
47
48
49
50
51
52
53
54
55
56
57
58
59
60
61
62
63
64
65
66
67
68
69
70
71
72
73
74
75
76
77
78
79
80
81
82
83
84
85
86
87
88
89
90
91
92
93
94
95
96
97
98
99
100
101
102
103
104
105
106
107
108
109
110
111
112
113
114
115
116
117
118
119
120
121
122
123
124
125
126
127
128
129
130
131
132
133
134
135
136
137
138
139
140
141
142
143
144
145
146
147
148
149
150
151
152
153
154
155
156
157
158
159
160
161
162
163
164
165
166
167
168
169
170
171
172
173
174
175
176
177
178
179
180
181
182
183
184
185
186
187
188
189
190
191
192
193
194
195
196
197
198
199
