 
Files to read: ['../pilot-cpjump1-data/profiles/2020_11_04_CPJUMP1/BR00116995/BR00116995_normalized_feature_select_negcon.csv.gz']
Files to read: ['../pilot-cpjump1-data/profiles/2020_11_04_CPJUMP1/BR00117024/BR00117024_normalized_feature_select_negcon.csv.gz']
Files to read: ['../pilot-cpjump1-data/profiles/2020_11_04_CPJUMP1/BR00117025/BR00117025_normalized_feature_select_negcon.csv.gz']
Files to read: ['../pilot-cpjump1-data/profiles/2020_11_04_CPJUMP1/BR00117026/BR00117026_normalized_feature_select_negcon.csv.gz']
Files to read: ['../pilot-cpjump1-data/profiles/2020_11_04_CPJUMP1/BR00116997/BR00116997_normalized_feature_select_negcon.csv.gz']
Files to read: ['../pilot-cpjump1-data/profiles/2020_11_04_CPJUMP1/BR00116998/BR00116998_normalized_feature_select_negcon.csv.gz']
Files to read: ['../pilot-cpjump1-data/profiles/2020_11_04_CPJUMP1/BR00116999/BR00116999_normalized_feature_select_negcon.csv.gz']
Files to read: ['../pilot-cpjump1-data/profiles/2020_11_04_CPJUMP1/BR00116996/BR00116996_normalized_feature_select_negcon.csv.gz']
Files to read: ['../pilot-cpjump1-data/profiles/2020_11_04_CPJUMP1/BR00117022/BR00117022_normalized_feature_select_negcon.csv.gz']
Files to read: ['../pilot-cpjump1-data/profiles/2020_11_04_CPJUMP1/BR00117023/BR00117023_normalized_feature_select_negcon.csv.gz']

  0%|          | 0/200 [00:00<?, ?it/s]
  0%|          | 1/200 [00:07<26:28,  7.98s/it]
  1%|          | 2/200 [00:13<20:52,  6.33s/it]
  2%|▏         | 3/200 [00:18<18:33,  5.65s/it]
  2%|▏         | 4/200 [00:22<17:07,  5.24s/it]
  2%|▎         | 5/200 [00:27<16:21,  5.03s/it]
  3%|▎         | 6/200 [00:31<15:50,  4.90s/it]
  4%|▎         | 7/200 [00:36<15:28,  4.81s/it]
  4%|▍         | 8/200 [00:41<15:19,  4.79s/it]
  4%|▍         | 9/200 [00:46<15:42,  4.93s/it]
  5%|▌         | 10/200 [00:51<15:58,  5.05s/it]
  6%|▌         | 11/200 [00:56<15:28,  4.91s/it]
  6%|▌         | 12/200 [01:01<15:19,  4.89s/it]
  6%|▋         | 13/200 [01:06<15:49,  5.08s/it]
  7%|▋         | 14/200 [01:12<16:33,  5.34s/it]
  8%|▊         | 15/200 [01:18<16:25,  5.33s/it]
  8%|▊         | 16/200 [01:22<15:53,  5.18s/it]
  8%|▊         | 17/200 [01:27<15:22,  5.04s/it]
  9%|▉         | 18/200 [01:32<15:15,  5.03s/it]
 10%|▉         | 19/200 [01:37<15:00,  4.97s/it]
 10%|█         | 20/200 [01:42<14:41,  4.90s/it]
 10%|█         | 21/200 [01:46<14:33,  4.88s/it]
 11%|█         | 22/200 [01:52<15:07,  5.10s/it]
 12%|█▏        | 23/200 [01:57<15:04,  5.11s/it]
 12%|█▏        | 24/200 [02:02<14:33,  4.96s/it]
 12%|█▎        | 25/200 [02:07<14:24,  4.94s/it]
 13%|█▎        | 26/200 [02:12<14:10,  4.89s/it]
 14%|█▎        | 27/200 [02:16<14:09,  4.91s/it]
 14%|█▍        | 28/200 [02:22<14:10,  4.95s/it]
 14%|█▍        | 29/200 [02:26<13:54,  4.88s/it]
 15%|█▌        | 30/200 [02:31<13:36,  4.80s/it]
 16%|█▌        | 31/200 [02:36<13:27,  4.78s/it]
 16%|█▌        | 32/200 [02:41<13:32,  4.84s/it]
 16%|█▋        | 33/200 [02:46<13:34,  4.87s/it]
 17%|█▋        | 34/200 [02:50<13:29,  4.88s/it]
 18%|█▊        | 35/200 [02:55<13:19,  4.84s/it]
 18%|█▊        | 36/200 [03:00<13:24,  4.91s/it]
 18%|█▊        | 37/200 [03:05<13:24,  4.93s/it]
 19%|█▉        | 38/200 [03:10<13:30,  5.00s/it]
 20%|█▉        | 39/200 [03:15<13:21,  4.98s/it]
 20%|██        | 40/200 [03:20<13:18,  4.99s/it]
 20%|██        | 41/200 [03:25<13:22,  5.05s/it]
 21%|██        | 42/200 [03:30<13:11,  5.01s/it]
 22%|██▏       | 43/200 [03:35<13:01,  4.98s/it]
 22%|██▏       | 44/200 [03:40<12:48,  4.93s/it]
 22%|██▎       | 45/200 [03:45<12:52,  4.98s/it]
 23%|██▎       | 46/200 [03:50<12:29,  4.86s/it]
 24%|██▎       | 47/200 [03:55<12:38,  4.96s/it]
 24%|██▍       | 48/200 [04:00<12:44,  5.03s/it]
 24%|██▍       | 49/200 [04:05<12:21,  4.91s/it]
 25%|██▌       | 50/200 [04:10<12:08,  4.85s/it]
 26%|██▌       | 51/200 [04:15<12:14,  4.93s/it]
 26%|██▌       | 52/200 [04:19<11:59,  4.86s/it]
 26%|██▋       | 53/200 [04:24<11:52,  4.85s/it]
 27%|██▋       | 54/200 [04:29<11:45,  4.83s/it]
 28%|██▊       | 55/200 [04:34<11:58,  4.95s/it]
 28%|██▊       | 56/200 [04:39<11:53,  4.96s/it]
 28%|██▊       | 57/200 [04:44<11:32,  4.84s/it]
 29%|██▉       | 58/200 [04:48<11:20,  4.79s/it]
 30%|██▉       | 59/200 [04:53<11:19,  4.82s/it]
 30%|███       | 60/200 [04:58<11:29,  4.92s/it]
 30%|███       | 61/200 [05:04<11:30,  4.97s/it]
 31%|███       | 62/200 [05:08<11:15,  4.90s/it]
 32%|███▏      | 63/200 [05:13<11:08,  4.88s/it]
 32%|███▏      | 64/200 [05:18<11:16,  4.97s/it]
 32%|███▎      | 65/200 [05:23<11:14,  4.99s/it]
 33%|███▎      | 66/200 [05:28<10:58,  4.91s/it]
 34%|███▎      | 67/200 [05:33<10:50,  4.89s/it]
 34%|███▍      | 68/200 [05:38<10:40,  4.85s/it]
 34%|███▍      | 69/200 [05:42<10:29,  4.80s/it]
 35%|███▌      | 70/200 [05:47<10:21,  4.78s/it]
 36%|███▌      | 71/200 [05:52<10:07,  4.71s/it]
 36%|███▌      | 72/200 [05:56<09:46,  4.58s/it]
 36%|███▋      | 73/200 [06:01<09:47,  4.63s/it]
 37%|███▋      | 74/200 [06:06<09:51,  4.70s/it]
 38%|███▊      | 75/200 [06:10<09:51,  4.73s/it]
 38%|███▊      | 76/200 [06:15<09:45,  4.72s/it]
 38%|███▊      | 77/200 [06:20<09:58,  4.87s/it]
 39%|███▉      | 78/200 [06:26<10:24,  5.12s/it]
 40%|███▉      | 79/200 [06:32<10:41,  5.30s/it]
 40%|████      | 80/200 [06:37<10:22,  5.18s/it]
 40%|████      | 81/200 [06:42<10:13,  5.16s/it]
 41%|████      | 82/200 [06:46<09:41,  4.93s/it]
 42%|████▏     | 83/200 [06:51<09:24,  4.82s/it]
 42%|████▏     | 84/200 [06:55<09:10,  4.75s/it]
 42%|████▎     | 85/200 [07:00<09:15,  4.83s/it]
 43%|████▎     | 86/200 [07:05<09:09,  4.82s/it]
 44%|████▎     | 87/200 [07:10<09:00,  4.79s/it]
 44%|████▍     | 88/200 [07:15<08:58,  4.81s/it]
 44%|████▍     | 89/200 [07:19<08:41,  4.70s/it]
 45%|████▌     | 90/200 [07:24<08:32,  4.66s/it]
 46%|████▌     | 91/200 [07:28<08:27,  4.66s/it]
 46%|████▌     | 92/200 [07:33<08:28,  4.71s/it]
 46%|████▋     | 93/200 [07:38<08:23,  4.70s/it]
 47%|████▋     | 94/200 [07:43<08:22,  4.74s/it]
 48%|████▊     | 95/200 [07:48<08:25,  4.82s/it]
 48%|████▊     | 96/200 [07:52<08:16,  4.78s/it]
 48%|████▊     | 97/200 [07:57<08:03,  4.69s/it]
 49%|████▉     | 98/200 [08:01<07:56,  4.67s/it]
 50%|████▉     | 99/200 [08:06<08:01,  4.76s/it]
 50%|█████     | 100/200 [08:12<08:07,  4.88s/it]
 50%|█████     | 101/200 [08:17<08:25,  5.10s/it]
 51%|█████     | 102/200 [08:22<08:04,  4.94s/it]
 52%|█████▏    | 103/200 [08:26<07:51,  4.86s/it]
 52%|█████▏    | 104/200 [08:31<07:53,  4.93s/it]
 52%|█████▎    | 105/200 [08:36<07:46,  4.91s/it]
 53%|█████▎    | 106/200 [08:41<07:42,  4.92s/it]
 54%|█████▎    | 107/200 [08:47<08:00,  5.17s/it]
 54%|█████▍    | 108/200 [08:53<08:22,  5.46s/it]
 55%|█████▍    | 109/200 [08:59<08:22,  5.53s/it]
 55%|█████▌    | 110/200 [09:05<08:21,  5.57s/it]
 56%|█████▌    | 111/200 [09:10<08:17,  5.59s/it]
 56%|█████▌    | 112/200 [09:15<07:51,  5.35s/it]
 56%|█████▋    | 113/200 [09:20<07:35,  5.24s/it]
 57%|█████▋    | 114/200 [09:25<07:37,  5.32s/it]
 57%|█████▊    | 115/200 [09:31<07:30,  5.30s/it]
 58%|█████▊    | 116/200 [09:36<07:18,  5.22s/it]
 58%|█████▊    | 117/200 [09:41<07:07,  5.15s/it]
 59%|█████▉    | 118/200 [09:46<06:59,  5.11s/it]
 60%|█████▉    | 119/200 [09:51<06:56,  5.14s/it]
 60%|██████    | 120/200 [09:57<07:11,  5.40s/it]
 60%|██████    | 121/200 [10:03<07:18,  5.55s/it]
 61%|██████    | 122/200 [10:08<06:55,  5.32s/it]
 62%|██████▏   | 123/200 [10:13<06:40,  5.20s/it]
 62%|██████▏   | 124/200 [10:17<06:23,  5.05s/it]
 62%|██████▎   | 125/200 [10:22<06:16,  5.02s/it]
 63%|██████▎   | 126/200 [10:27<06:06,  4.95s/it]
 64%|██████▎   | 127/200 [10:32<06:03,  4.98s/it]
 64%|██████▍   | 128/200 [10:37<05:58,  4.98s/it]
 64%|██████▍   | 129/200 [10:42<06:00,  5.08s/it]
 65%|██████▌   | 130/200 [10:47<05:47,  4.96s/it]
 66%|██████▌   | 131/200 [10:52<05:36,  4.88s/it]
 66%|██████▌   | 132/200 [10:58<05:55,  5.23s/it]
 66%|██████▋   | 133/200 [11:03<05:48,  5.20s/it]
 67%|██████▋   | 134/200 [11:08<05:46,  5.26s/it]
 68%|██████▊   | 135/200 [11:14<05:45,  5.31s/it]
 68%|██████▊   | 136/200 [11:19<05:33,  5.21s/it]
 68%|██████▊   | 137/200 [11:24<05:24,  5.15s/it]
 69%|██████▉   | 138/200 [11:29<05:20,  5.17s/it]
 70%|██████▉   | 139/200 [11:34<05:11,  5.10s/it]
 70%|███████   | 140/200 [11:39<05:02,  5.04s/it]
 70%|███████   | 141/200 [11:44<05:07,  5.22s/it]
 71%|███████   | 142/200 [11:50<05:03,  5.23s/it]
 72%|███████▏  | 143/200 [11:55<04:55,  5.19s/it]
 72%|███████▏  | 144/200 [12:00<04:46,  5.11s/it]
 72%|███████▎  | 145/200 [12:05<04:42,  5.13s/it]
 73%|███████▎  | 146/200 [12:10<04:39,  5.18s/it]
 74%|███████▎  | 147/200 [12:15<04:35,  5.20s/it]
 74%|███████▍  | 148/200 [12:20<04:27,  5.15s/it]
 74%|███████▍  | 149/200 [12:26<04:22,  5.15s/it]
 75%|███████▌  | 150/200 [12:31<04:17,  5.16s/it]
 76%|███████▌  | 151/200 [12:36<04:19,  5.29s/it]
 76%|███████▌  | 152/200 [12:42<04:12,  5.27s/it]
 76%|███████▋  | 153/200 [12:47<04:06,  5.23s/it]
 77%|███████▋  | 154/200 [12:52<03:58,  5.19s/it]
 78%|███████▊  | 155/200 [12:57<03:53,  5.19s/it]
 78%|███████▊  | 156/200 [13:02<03:48,  5.20s/it]
 78%|███████▊  | 157/200 [13:08<03:45,  5.23s/it]
 79%|███████▉  | 158/200 [13:13<03:37,  5.17s/it]
 80%|███████▉  | 159/200 [13:17<03:28,  5.08s/it]
 80%|████████  | 160/200 [13:22<03:19,  5.00s/it]
 80%|████████  | 161/200 [13:27<03:15,  5.02s/it]
 81%|████████  | 162/200 [13:33<03:21,  5.29s/it]
 82%|████████▏ | 163/200 [13:38<03:11,  5.17s/it]
 82%|████████▏ | 164/200 [13:43<03:05,  5.16s/it]
 82%|████████▎ | 165/200 [13:49<03:02,  5.21s/it]
 83%|████████▎ | 166/200 [13:55<03:09,  5.58s/it]
 84%|████████▎ | 167/200 [14:01<03:03,  5.55s/it]
 84%|████████▍ | 168/200 [14:06<02:57,  5.54s/it]
 84%|████████▍ | 169/200 [14:12<02:51,  5.53s/it]
 85%|████████▌ | 170/200 [14:17<02:45,  5.51s/it]
 86%|████████▌ | 171/200 [14:22<02:38,  5.46s/it]
 86%|████████▌ | 172/200 [14:28<02:35,  5.55s/it]
 86%|████████▋ | 173/200 [14:33<02:26,  5.44s/it]
 87%|████████▋ | 174/200 [14:39<02:23,  5.52s/it]
 88%|████████▊ | 175/200 [14:44<02:16,  5.45s/it]
 88%|████████▊ | 176/200 [14:50<02:10,  5.42s/it]
 88%|████████▊ | 177/200 [14:55<02:02,  5.34s/it]
 89%|████████▉ | 178/200 [15:00<01:54,  5.22s/it]
 90%|████████▉ | 179/200 [15:05<01:50,  5.27s/it]
 90%|█████████ | 180/200 [15:10<01:43,  5.19s/it]
 90%|█████████ | 181/200 [15:15<01:37,  5.15s/it]
 91%|█████████ | 182/200 [15:20<01:31,  5.10s/it]
 92%|█████████▏| 183/200 [15:26<01:28,  5.21s/it]
 92%|█████████▏| 184/200 [15:31<01:22,  5.16s/it]
 92%|█████████▎| 185/200 [15:36<01:16,  5.09s/it]
 93%|█████████▎| 186/200 [15:41<01:11,  5.07s/it]
 94%|█████████▎| 187/200 [15:46<01:05,  5.01s/it]
 94%|█████████▍| 188/200 [15:50<00:59,  4.98s/it]
 94%|█████████▍| 189/200 [15:56<00:55,  5.01s/it]
 95%|█████████▌| 190/200 [16:01<00:52,  5.22s/it]
 96%|█████████▌| 191/200 [16:07<00:47,  5.25s/it]
 96%|█████████▌| 192/200 [16:11<00:41,  5.15s/it]
 96%|█████████▋| 193/200 [16:17<00:36,  5.15s/it]
 97%|█████████▋| 194/200 [16:22<00:31,  5.22s/it]
 98%|█████████▊| 195/200 [16:27<00:25,  5.11s/it]
 98%|█████████▊| 196/200 [16:32<00:20,  5.07s/it]
 98%|█████████▊| 197/200 [16:37<00:15,  5.14s/it]
 99%|█████████▉| 198/200 [16:43<00:10,  5.23s/it]
100%|█████████▉| 199/200 [16:48<00:05,  5.37s/it]
100%|██████████| 200/200 [16:54<00:00,  5.35s/it]
                                                 
0
1
2
3
4
5
6
7
8
9
10
11
12
13
14
15
16
17
18
19
20
21
22
23
24
25
26
27
28
29
30
31
32
33
34
35
36
37
38
39
40
41
42
43
44
45
46
47
48
49
50
51
52
53
54
55
56
57
58
59
60
61
62
63
64
65
66
67
68
69
70
71
72
73
74
75
76
77
78
79
80
81
82
83
84
85
86
87
88
89
90
91
92
93
94
95
96
97
98
99
100
101
102
103
104
105
106
107
108
109
110
111
112
113
114
115
116
117
118
119
120
121
122
123
124
125
126
127
128
129
130
131
132
133
134
135
136
137
138
139
140
141
142
143
144
145
146
147
148
149
150
151
152
153
154
155
156
157
158
159
160
161
162
163
164
165
166
167
168
169
170
171
172
173
174
175
176
177
178
179
180
181
182
183
184
185
186
187
188
189
190
191
192
193
194
195
196
197
198
199
