 
Files to read: ['../pilot-cpjump1-data/profiles/2020_11_04_CPJUMP1/BR00116995/BR00116995_normalized_feature_select_negcon.csv.gz']
Files to read: ['../pilot-cpjump1-data/profiles/2020_11_04_CPJUMP1/BR00117024/BR00117024_normalized_feature_select_negcon.csv.gz']
Files to read: ['../pilot-cpjump1-data/profiles/2020_11_04_CPJUMP1/BR00117025/BR00117025_normalized_feature_select_negcon.csv.gz']
Files to read: ['../pilot-cpjump1-data/profiles/2020_11_04_CPJUMP1/BR00117026/BR00117026_normalized_feature_select_negcon.csv.gz']
Files to read: ['../pilot-cpjump1-data/profiles/2020_11_04_CPJUMP1/BR00116997/BR00116997_normalized_feature_select_negcon.csv.gz']
Files to read: ['../pilot-cpjump1-data/profiles/2020_11_04_CPJUMP1/BR00116998/BR00116998_normalized_feature_select_negcon.csv.gz']
Files to read: ['../pilot-cpjump1-data/profiles/2020_11_04_CPJUMP1/BR00116999/BR00116999_normalized_feature_select_negcon.csv.gz']
Files to read: ['../pilot-cpjump1-data/profiles/2020_11_04_CPJUMP1/BR00116996/BR00116996_normalized_feature_select_negcon.csv.gz']
Files to read: ['../pilot-cpjump1-data/profiles/2020_11_04_CPJUMP1/BR00117022/BR00117022_normalized_feature_select_negcon.csv.gz']
Files to read: ['../pilot-cpjump1-data/profiles/2020_11_04_CPJUMP1/BR00117023/BR00117023_normalized_feature_select_negcon.csv.gz']

  0%|          | 0/200 [00:00<?, ?it/s]
  0%|          | 1/200 [00:05<19:18,  5.82s/it]
  1%|          | 2/200 [00:11<18:00,  5.46s/it]
  2%|▏         | 3/200 [00:16<18:17,  5.57s/it]
  2%|▏         | 4/200 [00:21<17:08,  5.25s/it]
  2%|▎         | 5/200 [00:26<17:11,  5.29s/it]
  3%|▎         | 6/200 [00:31<16:54,  5.23s/it]
  4%|▎         | 7/200 [00:36<16:30,  5.13s/it]
  4%|▍         | 8/200 [00:41<16:08,  5.04s/it]
  4%|▍         | 9/200 [00:46<15:58,  5.02s/it]
  5%|▌         | 10/200 [00:51<15:38,  4.94s/it]
  6%|▌         | 11/200 [00:56<15:30,  4.92s/it]
  6%|▌         | 12/200 [01:01<15:20,  4.90s/it]
  6%|▋         | 13/200 [01:06<15:16,  4.90s/it]
  7%|▋         | 14/200 [01:10<15:08,  4.89s/it]
  8%|▊         | 15/200 [01:15<14:54,  4.83s/it]
  8%|▊         | 16/200 [01:20<14:47,  4.83s/it]
  8%|▊         | 17/200 [01:25<15:21,  5.03s/it]
  9%|▉         | 18/200 [01:30<15:14,  5.03s/it]
 10%|▉         | 19/200 [01:36<15:56,  5.28s/it]
 10%|█         | 20/200 [01:42<16:32,  5.51s/it]
 10%|█         | 21/200 [01:48<16:24,  5.50s/it]
 11%|█         | 22/200 [01:53<16:05,  5.43s/it]
 12%|█▏        | 23/200 [01:58<15:43,  5.33s/it]
 12%|█▏        | 24/200 [02:03<15:19,  5.22s/it]
 12%|█▎        | 25/200 [02:08<15:05,  5.17s/it]
 13%|█▎        | 26/200 [02:13<14:53,  5.13s/it]
 14%|█▎        | 27/200 [02:18<14:40,  5.09s/it]
 14%|█▍        | 28/200 [02:23<14:25,  5.03s/it]
 14%|█▍        | 29/200 [02:28<14:23,  5.05s/it]
 15%|█▌        | 30/200 [02:33<14:18,  5.05s/it]
 16%|█▌        | 31/200 [02:39<14:32,  5.16s/it]
 16%|█▌        | 32/200 [02:44<14:14,  5.08s/it]
 16%|█▋        | 33/200 [02:49<14:12,  5.10s/it]
 17%|█▋        | 34/200 [02:55<14:42,  5.32s/it]
 18%|█▊        | 35/200 [03:00<14:20,  5.21s/it]
 18%|█▊        | 36/200 [03:05<13:59,  5.12s/it]
 18%|█▊        | 37/200 [03:09<13:37,  5.01s/it]
 19%|█▉        | 38/200 [03:14<13:24,  4.97s/it]
 20%|█▉        | 39/200 [03:19<13:19,  4.97s/it]
 20%|██        | 40/200 [03:24<13:14,  4.97s/it]
 20%|██        | 41/200 [03:29<13:05,  4.94s/it]
 21%|██        | 42/200 [03:34<13:10,  5.00s/it]
 22%|██▏       | 43/200 [03:39<13:06,  5.01s/it]
 22%|██▏       | 44/200 [03:44<12:53,  4.96s/it]
 22%|██▎       | 45/200 [03:49<12:51,  4.98s/it]
 23%|██▎       | 46/200 [03:54<12:45,  4.97s/it]
 24%|██▎       | 47/200 [03:59<12:39,  4.96s/it]
 24%|██▍       | 48/200 [04:04<12:27,  4.92s/it]
 24%|██▍       | 49/200 [04:08<12:16,  4.88s/it]
 25%|██▌       | 50/200 [04:14<12:18,  4.92s/it]
 26%|██▌       | 51/200 [04:18<12:13,  4.92s/it]
 26%|██▌       | 52/200 [04:23<12:11,  4.94s/it]
 26%|██▋       | 53/200 [04:28<12:02,  4.91s/it]
 27%|██▋       | 54/200 [04:33<11:48,  4.85s/it]
 28%|██▊       | 55/200 [04:38<11:59,  4.96s/it]
 28%|██▊       | 56/200 [04:44<12:25,  5.18s/it]
 28%|██▊       | 57/200 [04:49<12:29,  5.24s/it]
 29%|██▉       | 58/200 [04:54<12:06,  5.12s/it]
 30%|██▉       | 59/200 [04:59<11:56,  5.08s/it]
 30%|███       | 60/200 [05:04<11:52,  5.09s/it]
 30%|███       | 61/200 [05:09<11:44,  5.07s/it]
 31%|███       | 62/200 [05:15<11:55,  5.19s/it]
 32%|███▏      | 63/200 [05:20<11:40,  5.11s/it]
 32%|███▏      | 64/200 [05:24<11:20,  5.00s/it]
 32%|███▎      | 65/200 [05:29<11:10,  4.97s/it]
 33%|███▎      | 66/200 [05:34<11:10,  5.00s/it]
 34%|███▎      | 67/200 [05:39<11:05,  5.01s/it]
 34%|███▍      | 68/200 [05:44<11:01,  5.01s/it]
 34%|███▍      | 69/200 [05:50<11:07,  5.10s/it]
 35%|███▌      | 70/200 [05:55<10:59,  5.07s/it]
 36%|███▌      | 71/200 [06:00<10:55,  5.08s/it]
 36%|███▌      | 72/200 [06:04<10:33,  4.95s/it]
 36%|███▋      | 73/200 [06:09<10:26,  4.94s/it]
 37%|███▋      | 74/200 [06:15<10:35,  5.04s/it]
 38%|███▊      | 75/200 [06:20<10:51,  5.21s/it]
 38%|███▊      | 76/200 [06:25<10:32,  5.10s/it]
 38%|███▊      | 77/200 [06:30<10:27,  5.10s/it]
 39%|███▉      | 78/200 [06:35<10:26,  5.14s/it]
 40%|███▉      | 79/200 [06:41<10:28,  5.19s/it]
 40%|████      | 80/200 [06:45<10:06,  5.05s/it]
 40%|████      | 81/200 [06:51<10:14,  5.17s/it]
 41%|████      | 82/200 [06:56<09:58,  5.08s/it]
 42%|████▏     | 83/200 [07:01<09:52,  5.07s/it]
 42%|████▏     | 84/200 [07:06<09:42,  5.02s/it]
 42%|████▎     | 85/200 [07:11<09:40,  5.05s/it]
 43%|████▎     | 86/200 [07:16<09:25,  4.96s/it]
 44%|████▎     | 87/200 [07:21<09:28,  5.03s/it]
 44%|████▍     | 88/200 [07:26<09:20,  5.00s/it]
 44%|████▍     | 89/200 [07:30<09:06,  4.92s/it]
 45%|████▌     | 90/200 [07:36<09:08,  4.99s/it]
 46%|████▌     | 91/200 [07:42<09:52,  5.43s/it]
 46%|████▌     | 92/200 [07:47<09:41,  5.38s/it]
 46%|████▋     | 93/200 [07:53<09:46,  5.48s/it]
 47%|████▋     | 94/200 [07:59<09:43,  5.50s/it]
 48%|████▊     | 95/200 [08:05<09:52,  5.64s/it]
 48%|████▊     | 96/200 [08:10<09:26,  5.45s/it]
 48%|████▊     | 97/200 [08:15<09:07,  5.32s/it]
 49%|████▉     | 98/200 [08:20<09:00,  5.30s/it]
 50%|████▉     | 99/200 [08:25<08:43,  5.19s/it]
 50%|█████     | 100/200 [08:30<08:31,  5.11s/it]
 50%|█████     | 101/200 [08:35<08:37,  5.23s/it]
 51%|█████     | 102/200 [08:40<08:24,  5.14s/it]
 52%|█████▏    | 103/200 [08:46<08:33,  5.30s/it]
 52%|█████▏    | 104/200 [08:51<08:30,  5.31s/it]
 52%|█████▎    | 105/200 [08:56<08:13,  5.19s/it]
 53%|█████▎    | 106/200 [09:02<08:22,  5.35s/it]
 54%|█████▎    | 107/200 [09:07<08:11,  5.28s/it]
 54%|█████▍    | 108/200 [09:12<07:57,  5.19s/it]
 55%|█████▍    | 109/200 [09:17<07:44,  5.11s/it]
 55%|█████▌    | 110/200 [09:22<07:36,  5.07s/it]
 56%|█████▌    | 111/200 [09:27<07:33,  5.10s/it]
 56%|█████▌    | 112/200 [09:32<07:30,  5.12s/it]
 56%|█████▋    | 113/200 [09:37<07:30,  5.18s/it]
 57%|█████▋    | 114/200 [09:43<07:26,  5.19s/it]
 57%|█████▊    | 115/200 [09:48<07:16,  5.14s/it]
 58%|█████▊    | 116/200 [09:53<07:07,  5.10s/it]
 58%|█████▊    | 117/200 [09:58<07:01,  5.08s/it]
 59%|█████▉    | 118/200 [10:03<06:52,  5.03s/it]
 60%|█████▉    | 119/200 [10:08<06:47,  5.03s/it]
 60%|██████    | 120/200 [10:13<06:40,  5.01s/it]
 60%|██████    | 121/200 [10:18<06:34,  4.99s/it]
 61%|██████    | 122/200 [10:22<06:24,  4.93s/it]
 62%|██████▏   | 123/200 [10:27<06:18,  4.91s/it]
 62%|██████▏   | 124/200 [10:32<06:15,  4.94s/it]
 62%|██████▎   | 125/200 [10:37<06:14,  4.99s/it]
 63%|██████▎   | 126/200 [10:42<06:09,  4.99s/it]
 64%|██████▎   | 127/200 [10:48<06:27,  5.30s/it]
 64%|██████▍   | 128/200 [10:54<06:26,  5.37s/it]
 64%|██████▍   | 129/200 [10:59<06:20,  5.36s/it]
 65%|██████▌   | 130/200 [11:05<06:29,  5.56s/it]
 66%|██████▌   | 131/200 [11:11<06:23,  5.56s/it]
 66%|██████▌   | 132/200 [11:16<06:10,  5.45s/it]
 66%|██████▋   | 133/200 [11:21<05:57,  5.33s/it]
 67%|██████▋   | 134/200 [11:26<05:48,  5.29s/it]
 68%|██████▊   | 135/200 [11:31<05:37,  5.19s/it]
 68%|██████▊   | 136/200 [11:36<05:27,  5.12s/it]
 68%|██████▊   | 137/200 [11:41<05:22,  5.11s/it]
 69%|██████▉   | 138/200 [11:46<05:13,  5.05s/it]
 70%|██████▉   | 139/200 [11:51<05:07,  5.05s/it]
 70%|███████   | 140/200 [11:56<05:04,  5.08s/it]
 70%|███████   | 141/200 [12:01<04:55,  5.01s/it]
 71%|███████   | 142/200 [12:06<04:55,  5.10s/it]
 72%|███████▏  | 143/200 [12:12<04:49,  5.08s/it]
 72%|███████▏  | 144/200 [12:17<04:47,  5.14s/it]
 72%|███████▎  | 145/200 [12:22<04:50,  5.28s/it]
 73%|███████▎  | 146/200 [12:28<04:46,  5.30s/it]
 74%|███████▎  | 147/200 [12:33<04:34,  5.17s/it]
 74%|███████▍  | 148/200 [12:38<04:25,  5.11s/it]
 74%|███████▍  | 149/200 [12:42<04:16,  5.04s/it]
 75%|███████▌  | 150/200 [12:47<04:12,  5.04s/it]
 76%|███████▌  | 151/200 [12:53<04:17,  5.25s/it]
 76%|███████▌  | 152/200 [12:58<04:05,  5.12s/it]
 76%|███████▋  | 153/200 [13:03<03:58,  5.08s/it]
 77%|███████▋  | 154/200 [13:08<03:52,  5.05s/it]
 78%|███████▊  | 155/200 [13:13<03:47,  5.06s/it]
 78%|███████▊  | 156/200 [13:18<03:43,  5.07s/it]
 78%|███████▊  | 157/200 [13:24<03:47,  5.29s/it]
 79%|███████▉  | 158/200 [13:29<03:37,  5.18s/it]
 80%|███████▉  | 159/200 [13:34<03:26,  5.03s/it]
 80%|████████  | 160/200 [13:39<03:26,  5.16s/it]
 80%|████████  | 161/200 [13:45<03:25,  5.27s/it]
 81%|████████  | 162/200 [13:50<03:16,  5.17s/it]
 82%|████████▏ | 163/200 [13:55<03:14,  5.26s/it]
 82%|████████▏ | 164/200 [14:01<03:12,  5.35s/it]
 82%|████████▎ | 165/200 [14:06<03:06,  5.33s/it]
 83%|████████▎ | 166/200 [14:11<02:55,  5.17s/it]
 84%|████████▎ | 167/200 [14:16<02:47,  5.08s/it]
 84%|████████▍ | 168/200 [14:20<02:40,  5.02s/it]
 84%|████████▍ | 169/200 [14:25<02:32,  4.93s/it]
 85%|████████▌ | 170/200 [14:30<02:26,  4.88s/it]
 86%|████████▌ | 171/200 [14:35<02:20,  4.85s/it]
 86%|████████▌ | 172/200 [14:40<02:22,  5.10s/it]
 86%|████████▋ | 173/200 [14:45<02:17,  5.10s/it]
 87%|████████▋ | 174/200 [14:50<02:10,  5.03s/it]
 88%|████████▊ | 175/200 [14:55<02:03,  4.96s/it]
 88%|████████▊ | 176/200 [15:00<01:59,  4.99s/it]
 88%|████████▊ | 177/200 [15:05<01:55,  5.04s/it]
 89%|████████▉ | 178/200 [15:10<01:50,  5.00s/it]
 90%|████████▉ | 179/200 [15:15<01:44,  4.99s/it]
 90%|█████████ | 180/200 [15:20<01:39,  4.96s/it]
 90%|█████████ | 181/200 [15:25<01:34,  4.97s/it]
 91%|█████████ | 182/200 [15:30<01:28,  4.93s/it]
 92%|█████████▏| 183/200 [15:35<01:23,  4.94s/it]
 92%|█████████▏| 184/200 [15:40<01:19,  4.97s/it]
 92%|█████████▎| 185/200 [15:45<01:15,  5.05s/it]
 93%|█████████▎| 186/200 [15:50<01:09,  4.98s/it]
 94%|█████████▎| 187/200 [15:55<01:04,  4.99s/it]
 94%|█████████▍| 188/200 [16:00<01:00,  5.04s/it]
 94%|█████████▍| 189/200 [16:05<00:55,  5.05s/it]
 95%|█████████▌| 190/200 [16:10<00:50,  5.06s/it]
 96%|█████████▌| 191/200 [16:15<00:45,  5.07s/it]
 96%|█████████▌| 192/200 [16:20<00:40,  5.08s/it]
 96%|█████████▋| 193/200 [16:26<00:36,  5.15s/it]
 97%|█████████▋| 194/200 [16:31<00:30,  5.12s/it]
 98%|█████████▊| 195/200 [16:36<00:25,  5.03s/it]
 98%|█████████▊| 196/200 [16:41<00:20,  5.07s/it]
 98%|█████████▊| 197/200 [16:46<00:15,  5.09s/it]
 99%|█████████▉| 198/200 [16:52<00:10,  5.25s/it]
100%|█████████▉| 199/200 [16:57<00:05,  5.29s/it]
100%|██████████| 200/200 [17:02<00:00,  5.29s/it]
                                                 
0
1
2
3
4
5
6
7
8
9
10
11
12
13
14
15
16
17
18
19
20
21
22
23
24
25
26
27
28
29
30
31
32
33
34
35
36
37
38
39
40
41
42
43
44
45
46
47
48
49
50
51
52
53
54
55
56
57
58
59
60
61
62
63
64
65
66
67
68
69
70
71
72
73
74
75
76
77
78
79
80
81
82
83
84
85
86
87
88
89
90
91
92
93
94
95
96
97
98
99
100
101
102
103
104
105
106
107
108
109
110
111
112
113
114
115
116
117
118
119
120
121
122
123
124
125
126
127
128
129
130
131
132
133
134
135
136
137
138
139
140
141
142
143
144
145
146
147
148
149
150
151
152
153
154
155
156
157
158
159
160
161
162
163
164
165
166
167
168
169
170
171
172
173
174
175
176
177
178
179
180
181
182
183
184
185
186
187
188
189
190
191
192
193
194
195
196
197
198
199
