 
Files to read: ['../pilot-cpjump1-data/profiles/2020_11_04_CPJUMP1/BR00116995/BR00116995_normalized_feature_select_negcon.csv.gz']
Files to read: ['../pilot-cpjump1-data/profiles/2020_11_04_CPJUMP1/BR00117024/BR00117024_normalized_feature_select_negcon.csv.gz']
Files to read: ['../pilot-cpjump1-data/profiles/2020_11_04_CPJUMP1/BR00117025/BR00117025_normalized_feature_select_negcon.csv.gz']
Files to read: ['../pilot-cpjump1-data/profiles/2020_11_04_CPJUMP1/BR00117026/BR00117026_normalized_feature_select_negcon.csv.gz']
Files to read: ['../pilot-cpjump1-data/profiles/2020_11_04_CPJUMP1/BR00116997/BR00116997_normalized_feature_select_negcon.csv.gz']
Files to read: ['../pilot-cpjump1-data/profiles/2020_11_04_CPJUMP1/BR00116998/BR00116998_normalized_feature_select_negcon.csv.gz']
Files to read: ['../pilot-cpjump1-data/profiles/2020_11_04_CPJUMP1/BR00116999/BR00116999_normalized_feature_select_negcon.csv.gz']
Files to read: ['../pilot-cpjump1-data/profiles/2020_11_04_CPJUMP1/BR00116996/BR00116996_normalized_feature_select_negcon.csv.gz']
Files to read: ['../pilot-cpjump1-data/profiles/2020_11_04_CPJUMP1/BR00117022/BR00117022_normalized_feature_select_negcon.csv.gz']
Files to read: ['../pilot-cpjump1-data/profiles/2020_11_04_CPJUMP1/BR00117023/BR00117023_normalized_feature_select_negcon.csv.gz']

  0%|          | 0/200 [00:00<?, ?it/s]
  0%|          | 1/200 [00:05<17:04,  5.15s/it]
  1%|          | 2/200 [00:09<15:31,  4.70s/it]
  2%|▏         | 3/200 [00:14<15:04,  4.59s/it]
  2%|▏         | 4/200 [00:18<15:05,  4.62s/it]
  2%|▎         | 5/200 [00:23<15:10,  4.67s/it]
  3%|▎         | 6/200 [00:27<14:40,  4.54s/it]
  4%|▎         | 7/200 [00:31<14:01,  4.36s/it]
  4%|▍         | 8/200 [00:35<13:31,  4.23s/it]
  4%|▍         | 9/200 [00:39<13:26,  4.22s/it]
  5%|▌         | 10/200 [00:43<12:54,  4.08s/it]
  6%|▌         | 11/200 [00:47<12:51,  4.08s/it]
  6%|▌         | 12/200 [00:51<12:42,  4.06s/it]
  6%|▋         | 13/200 [00:55<12:36,  4.05s/it]
  7%|▋         | 14/200 [00:59<12:39,  4.08s/it]
  8%|▊         | 15/200 [01:03<12:11,  3.96s/it]
  8%|▊         | 16/200 [01:07<12:05,  3.94s/it]
  8%|▊         | 17/200 [01:11<11:50,  3.88s/it]
  9%|▉         | 18/200 [01:15<11:56,  3.94s/it]
 10%|▉         | 19/200 [01:19<11:42,  3.88s/it]
 10%|█         | 20/200 [01:22<11:32,  3.85s/it]
 10%|█         | 21/200 [01:26<11:28,  3.85s/it]
 11%|█         | 22/200 [01:30<11:36,  3.91s/it]
 12%|█▏        | 23/200 [01:34<11:09,  3.78s/it]
 12%|█▏        | 24/200 [01:38<11:11,  3.82s/it]
 12%|█▎        | 25/200 [01:41<11:10,  3.83s/it]
 13%|█▎        | 26/200 [01:46<11:20,  3.91s/it]
 14%|█▎        | 27/200 [01:49<11:02,  3.83s/it]
 14%|█▍        | 28/200 [01:53<11:02,  3.85s/it]
 14%|█▍        | 29/200 [01:57<10:56,  3.84s/it]
 15%|█▌        | 30/200 [02:01<11:03,  3.90s/it]
 16%|█▌        | 31/200 [02:05<11:14,  3.99s/it]
 16%|█▌        | 32/200 [02:09<11:02,  3.94s/it]
 16%|█▋        | 33/200 [02:13<11:19,  4.07s/it]
 17%|█▋        | 34/200 [02:18<11:24,  4.13s/it]
 18%|█▊        | 35/200 [02:22<11:18,  4.11s/it]
 18%|█▊        | 36/200 [02:27<11:54,  4.36s/it]
 18%|█▊        | 37/200 [02:31<11:46,  4.33s/it]
 19%|█▉        | 38/200 [02:34<11:01,  4.08s/it]
 20%|█▉        | 39/200 [02:38<10:44,  4.00s/it]
 20%|██        | 40/200 [02:42<10:45,  4.03s/it]
 20%|██        | 41/200 [02:46<10:31,  3.97s/it]
 21%|██        | 42/200 [02:50<10:38,  4.04s/it]
 22%|██▏       | 43/200 [02:54<10:24,  3.98s/it]
 22%|██▏       | 44/200 [02:58<10:09,  3.91s/it]
 22%|██▎       | 45/200 [03:02<10:03,  3.90s/it]
 23%|██▎       | 46/200 [03:06<10:34,  4.12s/it]
 24%|██▎       | 47/200 [03:10<10:20,  4.06s/it]
 24%|██▍       | 48/200 [03:14<09:57,  3.93s/it]
 24%|██▍       | 49/200 [03:18<10:03,  3.99s/it]
 25%|██▌       | 50/200 [03:23<10:33,  4.22s/it]
 26%|██▌       | 51/200 [03:27<10:20,  4.17s/it]
 26%|██▌       | 52/200 [03:31<10:20,  4.19s/it]
 26%|██▋       | 53/200 [03:35<10:01,  4.09s/it]
 27%|██▋       | 54/200 [03:39<10:02,  4.13s/it]
 28%|██▊       | 55/200 [03:43<09:50,  4.08s/it]
 28%|██▊       | 56/200 [03:47<09:46,  4.07s/it]
 28%|██▊       | 57/200 [03:51<09:27,  3.97s/it]
 29%|██▉       | 58/200 [03:56<09:50,  4.16s/it]
 30%|██▉       | 59/200 [03:59<09:25,  4.01s/it]
 30%|███       | 60/200 [04:03<09:19,  4.00s/it]
 30%|███       | 61/200 [04:07<08:59,  3.88s/it]
 31%|███       | 62/200 [04:11<08:53,  3.87s/it]
 32%|███▏      | 63/200 [04:14<08:47,  3.85s/it]
 32%|███▏      | 64/200 [04:18<08:45,  3.86s/it]
 32%|███▎      | 65/200 [04:22<08:34,  3.81s/it]
 33%|███▎      | 66/200 [04:26<08:43,  3.90s/it]
 34%|███▎      | 67/200 [04:30<08:36,  3.88s/it]
 34%|███▍      | 68/200 [04:34<08:36,  3.91s/it]
 34%|███▍      | 69/200 [04:38<08:29,  3.89s/it]
 35%|███▌      | 70/200 [04:42<08:18,  3.83s/it]
 36%|███▌      | 71/200 [04:45<08:10,  3.80s/it]
 36%|███▌      | 72/200 [04:49<08:12,  3.85s/it]
 36%|███▋      | 73/200 [04:54<08:27,  4.00s/it]
 37%|███▋      | 74/200 [04:57<08:17,  3.95s/it]
 38%|███▊      | 75/200 [05:01<08:12,  3.94s/it]
 38%|███▊      | 76/200 [05:05<08:04,  3.91s/it]
 38%|███▊      | 77/200 [05:09<08:07,  3.96s/it]
 39%|███▉      | 78/200 [05:13<08:09,  4.01s/it]
 40%|███▉      | 79/200 [05:17<08:08,  4.04s/it]
 40%|████      | 80/200 [05:22<08:20,  4.17s/it]
 40%|████      | 81/200 [05:26<08:01,  4.04s/it]
 41%|████      | 82/200 [05:30<07:52,  4.00s/it]
 42%|████▏     | 83/200 [05:33<07:30,  3.85s/it]
 42%|████▏     | 84/200 [05:37<07:26,  3.85s/it]
 42%|████▎     | 85/200 [05:41<07:18,  3.82s/it]
 43%|████▎     | 86/200 [05:44<07:16,  3.82s/it]
 44%|████▎     | 87/200 [05:48<07:00,  3.72s/it]
 44%|████▍     | 88/200 [05:52<07:07,  3.82s/it]
 44%|████▍     | 89/200 [05:56<07:18,  3.95s/it]
 45%|████▌     | 90/200 [06:01<07:40,  4.19s/it]
 46%|████▌     | 91/200 [06:05<07:36,  4.19s/it]
 46%|████▌     | 92/200 [06:09<07:33,  4.19s/it]
 46%|████▋     | 93/200 [06:13<07:16,  4.08s/it]
 47%|████▋     | 94/200 [06:17<07:12,  4.08s/it]
 48%|████▊     | 95/200 [06:21<06:56,  3.97s/it]
 48%|████▊     | 96/200 [06:25<06:53,  3.97s/it]
 48%|████▊     | 97/200 [06:29<06:58,  4.07s/it]
 49%|████▉     | 98/200 [06:34<07:10,  4.22s/it]
 50%|████▉     | 99/200 [06:38<07:17,  4.34s/it]
 50%|█████     | 100/200 [06:42<07:01,  4.21s/it]
 50%|█████     | 101/200 [06:47<07:01,  4.26s/it]
 51%|█████     | 102/200 [06:51<06:50,  4.19s/it]
 52%|█████▏    | 103/200 [06:56<07:03,  4.36s/it]
 52%|█████▏    | 104/200 [06:59<06:42,  4.19s/it]
 52%|█████▎    | 105/200 [07:03<06:24,  4.05s/it]
 53%|█████▎    | 106/200 [07:07<06:09,  3.93s/it]
 54%|█████▎    | 107/200 [07:11<06:24,  4.13s/it]
 54%|█████▍    | 108/200 [07:15<06:12,  4.05s/it]
 55%|█████▍    | 109/200 [07:19<06:05,  4.02s/it]
 55%|█████▌    | 110/200 [07:23<05:54,  3.94s/it]
 56%|█████▌    | 111/200 [07:27<05:45,  3.88s/it]
 56%|█████▌    | 112/200 [07:31<05:43,  3.90s/it]
 56%|█████▋    | 113/200 [07:35<05:42,  3.94s/it]
 57%|█████▋    | 114/200 [07:38<05:35,  3.90s/it]
 57%|█████▊    | 115/200 [07:42<05:26,  3.85s/it]
 58%|█████▊    | 116/200 [07:46<05:18,  3.79s/it]
 58%|█████▊    | 117/200 [07:50<05:13,  3.78s/it]
 59%|█████▉    | 118/200 [07:54<05:27,  3.99s/it]
 60%|█████▉    | 119/200 [07:58<05:32,  4.11s/it]
 60%|██████    | 120/200 [08:03<05:29,  4.12s/it]
 60%|██████    | 121/200 [08:06<05:18,  4.03s/it]
 61%|██████    | 122/200 [08:10<05:14,  4.04s/it]
 62%|██████▏   | 123/200 [08:14<05:05,  3.96s/it]
 62%|██████▏   | 124/200 [08:18<05:01,  3.97s/it]
 62%|██████▎   | 125/200 [08:22<04:52,  3.91s/it]
 63%|██████▎   | 126/200 [08:26<04:49,  3.91s/it]
 64%|██████▎   | 127/200 [08:30<04:49,  3.97s/it]
 64%|██████▍   | 128/200 [08:34<04:42,  3.92s/it]
 64%|██████▍   | 129/200 [08:38<04:47,  4.04s/it]
 65%|██████▌   | 130/200 [08:43<04:59,  4.28s/it]
 66%|██████▌   | 131/200 [08:47<04:59,  4.34s/it]
 66%|██████▌   | 132/200 [08:52<04:54,  4.33s/it]
 66%|██████▋   | 133/200 [08:56<04:49,  4.33s/it]
 67%|██████▋   | 134/200 [09:00<04:35,  4.17s/it]
 68%|██████▊   | 135/200 [09:04<04:20,  4.01s/it]
 68%|██████▊   | 136/200 [09:08<04:18,  4.04s/it]
 68%|██████▊   | 137/200 [09:11<04:06,  3.92s/it]
 69%|██████▉   | 138/200 [09:15<04:00,  3.87s/it]
 70%|██████▉   | 139/200 [09:19<03:55,  3.86s/it]
 70%|███████   | 140/200 [09:23<03:50,  3.84s/it]
 70%|███████   | 141/200 [09:26<03:45,  3.83s/it]
 71%|███████   | 142/200 [09:30<03:41,  3.83s/it]
 72%|███████▏  | 143/200 [09:34<03:37,  3.81s/it]
 72%|███████▏  | 144/200 [09:38<03:32,  3.80s/it]
 72%|███████▎  | 145/200 [09:42<03:29,  3.80s/it]
 73%|███████▎  | 146/200 [09:45<03:25,  3.81s/it]
 74%|███████▎  | 147/200 [09:49<03:19,  3.77s/it]
 74%|███████▍  | 148/200 [09:53<03:18,  3.82s/it]
 74%|███████▍  | 149/200 [09:58<03:26,  4.04s/it]
 75%|███████▌  | 150/200 [10:01<03:15,  3.92s/it]
 76%|███████▌  | 151/200 [10:05<03:14,  3.97s/it]
 76%|███████▌  | 152/200 [10:09<03:11,  4.00s/it]
 76%|███████▋  | 153/200 [10:13<03:03,  3.90s/it]
 77%|███████▋  | 154/200 [10:17<03:05,  4.04s/it]
 78%|███████▊  | 155/200 [10:21<02:59,  4.00s/it]
 78%|███████▊  | 156/200 [10:25<02:49,  3.86s/it]
 78%|███████▊  | 157/200 [10:28<02:42,  3.78s/it]
 79%|███████▉  | 158/200 [10:32<02:40,  3.83s/it]
 80%|███████▉  | 159/200 [10:36<02:34,  3.76s/it]
 80%|████████  | 160/200 [10:40<02:32,  3.81s/it]
 80%|████████  | 161/200 [10:44<02:29,  3.82s/it]
 81%|████████  | 162/200 [10:47<02:21,  3.73s/it]
 82%|████████▏ | 163/200 [10:51<02:17,  3.72s/it]
 82%|████████▏ | 164/200 [10:55<02:21,  3.93s/it]
 82%|████████▎ | 165/200 [11:00<02:19,  3.99s/it]
 83%|████████▎ | 166/200 [11:03<02:15,  3.97s/it]
 84%|████████▎ | 167/200 [11:07<02:10,  3.94s/it]
 84%|████████▍ | 168/200 [11:11<02:05,  3.92s/it]
 84%|████████▍ | 169/200 [11:15<02:01,  3.92s/it]
 85%|████████▌ | 170/200 [11:19<02:00,  4.03s/it]
 86%|████████▌ | 171/200 [11:23<01:55,  3.97s/it]
 86%|████████▌ | 172/200 [11:27<01:51,  3.99s/it]
 86%|████████▋ | 173/200 [11:31<01:43,  3.83s/it]
 87%|████████▋ | 174/200 [11:35<01:39,  3.83s/it]
 88%|████████▊ | 175/200 [11:38<01:35,  3.84s/it]
 88%|████████▊ | 176/200 [11:42<01:32,  3.86s/it]
 88%|████████▊ | 177/200 [11:47<01:33,  4.05s/it]
 89%|████████▉ | 178/200 [11:51<01:27,  3.99s/it]
 90%|████████▉ | 179/200 [11:55<01:23,  3.96s/it]
 90%|█████████ | 180/200 [11:59<01:19,  3.96s/it]
 90%|█████████ | 181/200 [12:02<01:14,  3.92s/it]
 91%|█████████ | 182/200 [12:06<01:10,  3.89s/it]
 92%|█████████▏| 183/200 [12:10<01:04,  3.78s/it]
 92%|█████████▏| 184/200 [12:14<01:01,  3.85s/it]
 92%|█████████▎| 185/200 [12:18<00:58,  3.87s/it]
 93%|█████████▎| 186/200 [12:22<00:54,  3.91s/it]
 94%|█████████▎| 187/200 [12:26<00:50,  3.91s/it]
 94%|█████████▍| 188/200 [12:30<00:47,  3.96s/it]
 94%|█████████▍| 189/200 [12:33<00:43,  3.93s/it]
 95%|█████████▌| 190/200 [12:37<00:39,  3.91s/it]
 96%|█████████▌| 191/200 [12:41<00:34,  3.82s/it]
 96%|█████████▌| 192/200 [12:45<00:30,  3.80s/it]
 96%|█████████▋| 193/200 [12:49<00:26,  3.82s/it]
 97%|█████████▋| 194/200 [12:53<00:23,  3.87s/it]
 98%|█████████▊| 195/200 [12:56<00:19,  3.80s/it]
 98%|█████████▊| 196/200 [13:00<00:15,  3.90s/it]
 98%|█████████▊| 197/200 [13:04<00:11,  3.86s/it]
 99%|█████████▉| 198/200 [13:08<00:07,  3.85s/it]
100%|█████████▉| 199/200 [13:12<00:03,  3.85s/it]
100%|██████████| 200/200 [13:16<00:00,  3.86s/it]
                                                 
0
1
2
3
4
5
6
7
8
9
10
11
12
13
14
15
16
17
18
19
20
21
22
23
24
25
26
27
28
29
30
31
32
33
34
35
36
37
38
39
40
41
42
43
44
45
46
47
48
49
50
51
52
53
54
55
56
57
58
59
60
61
62
63
64
65
66
67
68
69
70
71
72
73
74
75
76
77
78
79
80
81
82
83
84
85
86
87
88
89
90
91
92
93
94
95
96
97
98
99
100
101
102
103
104
105
106
107
108
109
110
111
112
113
114
115
116
117
118
119
120
121
122
123
124
125
126
127
128
129
130
131
132
133
134
135
136
137
138
139
140
141
142
143
144
145
146
147
148
149
150
151
152
153
154
155
156
157
158
159
160
161
162
163
164
165
166
167
168
169
170
171
172
173
174
175
176
177
178
179
180
181
182
183
184
185
186
187
188
189
190
191
192
193
194
195
196
197
198
199
