 
Files to read: ['../pilot-cpjump1-data/profiles/2020_11_04_CPJUMP1/BR00116995/BR00116995_normalized_feature_select_negcon.csv.gz']
Files to read: ['../pilot-cpjump1-data/profiles/2020_11_04_CPJUMP1/BR00117024/BR00117024_normalized_feature_select_negcon.csv.gz']
Files to read: ['../pilot-cpjump1-data/profiles/2020_11_04_CPJUMP1/BR00117025/BR00117025_normalized_feature_select_negcon.csv.gz']
Files to read: ['../pilot-cpjump1-data/profiles/2020_11_04_CPJUMP1/BR00117026/BR00117026_normalized_feature_select_negcon.csv.gz']
Files to read: ['../pilot-cpjump1-data/profiles/2020_11_04_CPJUMP1/BR00116997/BR00116997_normalized_feature_select_negcon.csv.gz']
Files to read: ['../pilot-cpjump1-data/profiles/2020_11_04_CPJUMP1/BR00116998/BR00116998_normalized_feature_select_negcon.csv.gz']
Files to read: ['../pilot-cpjump1-data/profiles/2020_11_04_CPJUMP1/BR00116999/BR00116999_normalized_feature_select_negcon.csv.gz']
Files to read: ['../pilot-cpjump1-data/profiles/2020_11_04_CPJUMP1/BR00116996/BR00116996_normalized_feature_select_negcon.csv.gz']
Files to read: ['../pilot-cpjump1-data/profiles/2020_11_04_CPJUMP1/BR00117022/BR00117022_normalized_feature_select_negcon.csv.gz']
Files to read: ['../pilot-cpjump1-data/profiles/2020_11_04_CPJUMP1/BR00117023/BR00117023_normalized_feature_select_negcon.csv.gz']

  0%|          | 0/200 [00:00<?, ?it/s]
  0%|          | 1/200 [00:08<27:24,  8.27s/it]
  1%|          | 2/200 [00:13<22:05,  6.70s/it]
  2%|▏         | 3/200 [00:19<19:52,  6.05s/it]
  2%|▏         | 4/200 [00:24<18:53,  5.78s/it]
  2%|▎         | 5/200 [00:30<18:58,  5.84s/it]
  3%|▎         | 6/200 [00:35<18:04,  5.59s/it]
  4%|▎         | 7/200 [00:41<18:07,  5.63s/it]
  4%|▍         | 8/200 [00:47<18:45,  5.86s/it]
  4%|▍         | 9/200 [00:53<18:35,  5.84s/it]
  5%|▌         | 10/200 [00:58<17:47,  5.62s/it]
  6%|▌         | 11/200 [01:03<17:20,  5.51s/it]
  6%|▌         | 12/200 [01:09<17:16,  5.52s/it]
  6%|▋         | 13/200 [01:14<16:40,  5.35s/it]
  7%|▋         | 14/200 [01:20<17:47,  5.74s/it]
  8%|▊         | 15/200 [01:26<17:18,  5.61s/it]
  8%|▊         | 16/200 [01:31<16:53,  5.51s/it]
  8%|▊         | 17/200 [01:37<16:52,  5.53s/it]
  9%|▉         | 18/200 [01:42<16:25,  5.41s/it]
 10%|▉         | 19/200 [01:47<16:09,  5.35s/it]
 10%|█         | 20/200 [01:52<15:48,  5.27s/it]
 10%|█         | 21/200 [01:57<15:39,  5.25s/it]
 11%|█         | 22/200 [02:02<15:28,  5.21s/it]
 12%|█▏        | 23/200 [02:08<15:32,  5.27s/it]
 12%|█▏        | 24/200 [02:13<15:24,  5.26s/it]
 12%|█▎        | 25/200 [02:18<15:03,  5.16s/it]
 13%|█▎        | 26/200 [02:23<14:49,  5.11s/it]
 14%|█▎        | 27/200 [02:28<14:28,  5.02s/it]
 14%|█▍        | 28/200 [02:33<14:33,  5.08s/it]
 14%|█▍        | 29/200 [02:38<14:26,  5.06s/it]
 15%|█▌        | 30/200 [02:43<14:24,  5.08s/it]
 16%|█▌        | 31/200 [02:49<14:44,  5.23s/it]
 16%|█▌        | 32/200 [02:54<14:41,  5.25s/it]
 16%|█▋        | 33/200 [02:59<14:26,  5.19s/it]
 17%|█▋        | 34/200 [03:04<14:22,  5.20s/it]
 18%|█▊        | 35/200 [03:10<14:26,  5.25s/it]
 18%|█▊        | 36/200 [03:15<14:13,  5.20s/it]
 18%|█▊        | 37/200 [03:20<14:03,  5.18s/it]
 19%|█▉        | 38/200 [03:25<13:49,  5.12s/it]
 20%|█▉        | 39/200 [03:30<13:47,  5.14s/it]
 20%|██        | 40/200 [03:35<13:30,  5.07s/it]
 20%|██        | 41/200 [03:40<13:38,  5.15s/it]
 21%|██        | 42/200 [03:45<13:38,  5.18s/it]
 22%|██▏       | 43/200 [03:51<13:34,  5.19s/it]
 22%|██▏       | 44/200 [03:57<14:10,  5.45s/it]
 22%|██▎       | 45/200 [04:03<14:23,  5.57s/it]
 23%|██▎       | 46/200 [04:08<14:04,  5.48s/it]
 24%|██▎       | 47/200 [04:13<13:40,  5.37s/it]
 24%|██▍       | 48/200 [04:18<13:14,  5.23s/it]
 24%|██▍       | 49/200 [04:23<12:57,  5.15s/it]
 25%|██▌       | 50/200 [04:28<12:41,  5.08s/it]
 26%|██▌       | 51/200 [04:34<13:21,  5.38s/it]
 26%|██▌       | 52/200 [04:39<12:59,  5.26s/it]
 26%|██▋       | 53/200 [04:44<12:55,  5.27s/it]
 27%|██▋       | 54/200 [04:49<12:39,  5.20s/it]
 28%|██▊       | 55/200 [04:54<12:09,  5.03s/it]
 28%|██▊       | 56/200 [04:58<11:48,  4.92s/it]
 28%|██▊       | 57/200 [05:04<11:54,  5.00s/it]
 29%|██▉       | 58/200 [05:09<12:03,  5.10s/it]
 30%|██▉       | 59/200 [05:14<11:50,  5.04s/it]
 30%|███       | 60/200 [05:19<11:53,  5.09s/it]
 30%|███       | 61/200 [05:24<11:48,  5.10s/it]
 31%|███       | 62/200 [05:29<11:49,  5.14s/it]
 32%|███▏      | 63/200 [05:35<11:42,  5.12s/it]
 32%|███▏      | 64/200 [05:40<11:32,  5.09s/it]
 32%|███▎      | 65/200 [05:45<11:32,  5.13s/it]
 33%|███▎      | 66/200 [05:50<11:28,  5.14s/it]
 34%|███▎      | 67/200 [05:55<11:18,  5.10s/it]
 34%|███▍      | 68/200 [06:00<11:10,  5.08s/it]
 34%|███▍      | 69/200 [06:05<11:07,  5.09s/it]
 35%|███▌      | 70/200 [06:11<11:27,  5.29s/it]
 36%|███▌      | 71/200 [06:16<11:02,  5.13s/it]
 36%|███▌      | 72/200 [06:20<10:43,  5.03s/it]
 36%|███▋      | 73/200 [06:25<10:25,  4.93s/it]
 37%|███▋      | 74/200 [06:31<10:44,  5.11s/it]
 38%|███▊      | 75/200 [06:37<11:22,  5.46s/it]
 38%|███▊      | 76/200 [06:42<11:13,  5.43s/it]
 38%|███▊      | 77/200 [06:48<11:08,  5.44s/it]
 39%|███▉      | 78/200 [06:53<11:12,  5.51s/it]
 40%|███▉      | 79/200 [06:59<11:09,  5.53s/it]
 40%|████      | 80/200 [07:04<10:55,  5.47s/it]
 40%|████      | 81/200 [07:09<10:39,  5.37s/it]
 41%|████      | 82/200 [07:15<10:27,  5.32s/it]
 42%|████▏     | 83/200 [07:20<10:10,  5.22s/it]
 42%|████▏     | 84/200 [07:25<10:19,  5.34s/it]
 42%|████▎     | 85/200 [07:30<10:03,  5.24s/it]
 43%|████▎     | 86/200 [07:35<09:44,  5.13s/it]
 44%|████▎     | 87/200 [07:40<09:29,  5.04s/it]
 44%|████▍     | 88/200 [07:45<09:31,  5.10s/it]
 44%|████▍     | 89/200 [07:51<09:47,  5.30s/it]
 45%|████▌     | 90/200 [07:56<09:42,  5.29s/it]
 46%|████▌     | 91/200 [08:02<09:37,  5.29s/it]
 46%|████▌     | 92/200 [08:07<09:22,  5.21s/it]
 46%|████▋     | 93/200 [08:12<09:29,  5.32s/it]
 47%|████▋     | 94/200 [08:18<09:43,  5.50s/it]
 48%|████▊     | 95/200 [08:24<09:52,  5.65s/it]
 48%|████▊     | 96/200 [08:30<09:48,  5.66s/it]
 48%|████▊     | 97/200 [08:35<09:43,  5.66s/it]
 49%|████▉     | 98/200 [08:41<09:20,  5.50s/it]
 50%|████▉     | 99/200 [08:46<09:21,  5.56s/it]
 50%|█████     | 100/200 [08:51<09:02,  5.43s/it]
 50%|█████     | 101/200 [08:57<09:02,  5.48s/it]
 51%|█████     | 102/200 [09:02<08:37,  5.28s/it]
 52%|█████▏    | 103/200 [09:07<08:32,  5.28s/it]
 52%|█████▏    | 104/200 [09:12<08:25,  5.26s/it]
 52%|█████▎    | 105/200 [09:17<08:15,  5.22s/it]
 53%|█████▎    | 106/200 [09:23<08:08,  5.20s/it]
 54%|█████▎    | 107/200 [09:28<08:04,  5.21s/it]
 54%|█████▍    | 108/200 [09:33<08:10,  5.33s/it]
 55%|█████▍    | 109/200 [09:39<08:08,  5.37s/it]
 55%|█████▌    | 110/200 [09:44<07:57,  5.30s/it]
 56%|█████▌    | 111/200 [09:50<08:08,  5.49s/it]
 56%|█████▌    | 112/200 [09:55<07:55,  5.41s/it]
 56%|█████▋    | 113/200 [10:00<07:45,  5.35s/it]
 57%|█████▋    | 114/200 [10:05<07:31,  5.25s/it]
 57%|█████▊    | 115/200 [10:11<07:24,  5.23s/it]
 58%|█████▊    | 116/200 [10:16<07:21,  5.26s/it]
 58%|█████▊    | 117/200 [10:21<07:07,  5.16s/it]
 59%|█████▉    | 118/200 [10:26<07:03,  5.17s/it]
 60%|█████▉    | 119/200 [10:31<07:02,  5.21s/it]
 60%|██████    | 120/200 [10:37<07:01,  5.27s/it]
 60%|██████    | 121/200 [10:42<07:01,  5.33s/it]
 61%|██████    | 122/200 [10:47<06:51,  5.28s/it]
 62%|██████▏   | 123/200 [10:52<06:40,  5.20s/it]
 62%|██████▏   | 124/200 [10:58<06:40,  5.27s/it]
 62%|██████▎   | 125/200 [11:03<06:33,  5.24s/it]
 63%|██████▎   | 126/200 [11:08<06:30,  5.27s/it]
 64%|██████▎   | 127/200 [11:14<06:38,  5.46s/it]
 64%|██████▍   | 128/200 [11:20<06:37,  5.53s/it]
 64%|██████▍   | 129/200 [11:25<06:24,  5.42s/it]
 65%|██████▌   | 130/200 [11:30<06:12,  5.32s/it]
 66%|██████▌   | 131/200 [11:35<06:04,  5.28s/it]
 66%|██████▌   | 132/200 [11:40<05:55,  5.22s/it]
 66%|██████▋   | 133/200 [11:46<05:56,  5.32s/it]
 67%|██████▋   | 134/200 [11:51<05:43,  5.21s/it]
 68%|██████▊   | 135/200 [11:56<05:38,  5.21s/it]
 68%|██████▊   | 136/200 [12:01<05:27,  5.12s/it]
 68%|██████▊   | 137/200 [12:07<05:36,  5.35s/it]
 69%|██████▉   | 138/200 [12:13<05:44,  5.56s/it]
 70%|██████▉   | 139/200 [12:19<05:41,  5.60s/it]
 70%|███████   | 140/200 [12:24<05:32,  5.55s/it]
 70%|███████   | 141/200 [12:30<05:31,  5.62s/it]
 71%|███████   | 142/200 [12:35<05:15,  5.44s/it]
 72%|███████▏  | 143/200 [12:40<05:04,  5.34s/it]
 72%|███████▏  | 144/200 [12:45<04:56,  5.29s/it]
 72%|███████▎  | 145/200 [12:50<04:48,  5.25s/it]
 73%|███████▎  | 146/200 [12:55<04:40,  5.19s/it]
 74%|███████▎  | 147/200 [13:00<04:32,  5.13s/it]
 74%|███████▍  | 148/200 [13:05<04:22,  5.05s/it]
 74%|███████▍  | 149/200 [13:10<04:19,  5.08s/it]
 75%|███████▌  | 150/200 [13:15<04:11,  5.04s/it]
 76%|███████▌  | 151/200 [13:20<04:06,  5.03s/it]
 76%|███████▌  | 152/200 [13:25<04:00,  5.00s/it]
 76%|███████▋  | 153/200 [13:30<03:54,  4.99s/it]
 77%|███████▋  | 154/200 [13:35<03:51,  5.03s/it]
 78%|███████▊  | 155/200 [13:40<03:46,  5.04s/it]
 78%|███████▊  | 156/200 [13:45<03:41,  5.02s/it]
 78%|███████▊  | 157/200 [13:51<03:39,  5.10s/it]
 79%|███████▉  | 158/200 [13:56<03:35,  5.12s/it]
 80%|███████▉  | 159/200 [14:02<03:37,  5.29s/it]
 80%|████████  | 160/200 [14:07<03:34,  5.36s/it]
 80%|████████  | 161/200 [14:13<03:33,  5.47s/it]
 81%|████████  | 162/200 [14:18<03:24,  5.39s/it]
 82%|████████▏ | 163/200 [14:24<03:23,  5.49s/it]
 82%|████████▏ | 164/200 [14:29<03:14,  5.41s/it]
 82%|████████▎ | 165/200 [14:35<03:14,  5.56s/it]
 83%|████████▎ | 166/200 [14:40<03:06,  5.50s/it]
 84%|████████▎ | 167/200 [14:46<03:08,  5.72s/it]
 84%|████████▍ | 168/200 [14:52<03:05,  5.81s/it]
 84%|████████▍ | 169/200 [14:58<02:56,  5.71s/it]
 85%|████████▌ | 170/200 [15:03<02:49,  5.66s/it]
 86%|████████▌ | 171/200 [15:09<02:40,  5.52s/it]
 86%|████████▌ | 172/200 [15:14<02:32,  5.44s/it]
 86%|████████▋ | 173/200 [15:19<02:25,  5.38s/it]
 87%|████████▋ | 174/200 [15:24<02:18,  5.33s/it]
 88%|████████▊ | 175/200 [15:29<02:11,  5.26s/it]
 88%|████████▊ | 176/200 [15:35<02:10,  5.42s/it]
 88%|████████▊ | 177/200 [15:40<02:01,  5.27s/it]
 89%|████████▉ | 178/200 [15:45<01:54,  5.20s/it]
 90%|████████▉ | 179/200 [15:50<01:47,  5.14s/it]
 90%|█████████ | 180/200 [15:55<01:43,  5.17s/it]
 90%|█████████ | 181/200 [16:01<01:39,  5.22s/it]
 91%|█████████ | 182/200 [16:06<01:34,  5.22s/it]
 92%|█████████▏| 183/200 [16:12<01:30,  5.32s/it]
 92%|█████████▏| 184/200 [16:17<01:27,  5.45s/it]
 92%|█████████▎| 185/200 [16:22<01:19,  5.27s/it]
 93%|█████████▎| 186/200 [16:28<01:13,  5.29s/it]
 94%|█████████▎| 187/200 [16:33<01:09,  5.31s/it]
 94%|█████████▍| 188/200 [16:38<01:02,  5.24s/it]
 94%|█████████▍| 189/200 [16:43<00:58,  5.30s/it]
 95%|█████████▌| 190/200 [16:49<00:54,  5.50s/it]
 96%|█████████▌| 191/200 [16:55<00:50,  5.61s/it]
 96%|█████████▌| 192/200 [17:01<00:45,  5.66s/it]
 96%|█████████▋| 193/200 [17:07<00:40,  5.75s/it]
 97%|█████████▋| 194/200 [17:13<00:34,  5.82s/it]
 98%|█████████▊| 195/200 [17:19<00:29,  5.84s/it]
 98%|█████████▊| 196/200 [17:24<00:22,  5.67s/it]
 98%|█████████▊| 197/200 [17:29<00:16,  5.57s/it]
 99%|█████████▉| 198/200 [17:35<00:10,  5.48s/it]
100%|█████████▉| 199/200 [17:40<00:05,  5.34s/it]
100%|██████████| 200/200 [17:45<00:00,  5.28s/it]
                                                 
0
1
2
3
4
5
6
7
8
9
10
11
12
13
14
15
16
17
18
19
20
21
22
23
24
25
26
27
28
29
30
31
32
33
34
35
36
37
38
39
40
41
42
43
44
45
46
47
48
49
50
51
52
53
54
55
56
57
58
59
60
61
62
63
64
65
66
67
68
69
70
71
72
73
74
75
76
77
78
79
80
81
82
83
84
85
86
87
88
89
90
91
92
93
94
95
96
97
98
99
100
101
102
103
104
105
106
107
108
109
110
111
112
113
114
115
116
117
118
119
120
121
122
123
124
125
126
127
128
129
130
131
132
133
134
135
136
137
138
139
140
141
142
143
144
145
146
147
148
149
150
151
152
153
154
155
156
157
158
159
160
161
162
163
164
165
166
167
168
169
170
171
172
173
174
175
176
177
178
179
180
181
182
183
184
185
186
187
188
189
190
191
192
193
194
195
196
197
198
199
