 
Files to read: ['../pilot-cpjump1-data/profiles/2020_11_04_CPJUMP1/BR00116995/BR00116995_normalized_feature_select_negcon.csv.gz']
Files to read: ['../pilot-cpjump1-data/profiles/2020_11_04_CPJUMP1/BR00117024/BR00117024_normalized_feature_select_negcon.csv.gz']
Files to read: ['../pilot-cpjump1-data/profiles/2020_11_04_CPJUMP1/BR00117025/BR00117025_normalized_feature_select_negcon.csv.gz']
Files to read: ['../pilot-cpjump1-data/profiles/2020_11_04_CPJUMP1/BR00117026/BR00117026_normalized_feature_select_negcon.csv.gz']
Files to read: ['../pilot-cpjump1-data/profiles/2020_11_04_CPJUMP1/BR00116997/BR00116997_normalized_feature_select_negcon.csv.gz']
Files to read: ['../pilot-cpjump1-data/profiles/2020_11_04_CPJUMP1/BR00116998/BR00116998_normalized_feature_select_negcon.csv.gz']
Files to read: ['../pilot-cpjump1-data/profiles/2020_11_04_CPJUMP1/BR00116999/BR00116999_normalized_feature_select_negcon.csv.gz']
Files to read: ['../pilot-cpjump1-data/profiles/2020_11_04_CPJUMP1/BR00116996/BR00116996_normalized_feature_select_negcon.csv.gz']
Files to read: ['../pilot-cpjump1-data/profiles/2020_11_04_CPJUMP1/BR00117022/BR00117022_normalized_feature_select_negcon.csv.gz']
Files to read: ['../pilot-cpjump1-data/profiles/2020_11_04_CPJUMP1/BR00117023/BR00117023_normalized_feature_select_negcon.csv.gz']

  0%|          | 0/200 [00:00<?, ?it/s]
  0%|          | 1/200 [00:08<27:38,  8.34s/it]
  1%|          | 2/200 [00:13<21:45,  6.60s/it]
  2%|▏         | 3/200 [00:18<19:25,  5.92s/it]
  2%|▏         | 4/200 [00:23<17:57,  5.50s/it]
  2%|▎         | 5/200 [00:28<16:57,  5.22s/it]
  3%|▎         | 6/200 [00:33<16:36,  5.14s/it]
  4%|▎         | 7/200 [00:38<16:18,  5.07s/it]
  4%|▍         | 8/200 [00:43<16:23,  5.12s/it]
  4%|▍         | 9/200 [00:48<16:26,  5.16s/it]
  5%|▌         | 10/200 [00:53<16:17,  5.14s/it]
  6%|▌         | 11/200 [00:58<15:53,  5.04s/it]
  6%|▌         | 12/200 [01:03<15:41,  5.01s/it]
  6%|▋         | 13/200 [01:08<15:46,  5.06s/it]
  7%|▋         | 14/200 [01:13<15:25,  4.98s/it]
  8%|▊         | 15/200 [01:18<15:05,  4.90s/it]
  8%|▊         | 16/200 [01:23<15:01,  4.90s/it]
  8%|▊         | 17/200 [01:28<14:55,  4.90s/it]
  9%|▉         | 18/200 [01:32<14:47,  4.88s/it]
 10%|▉         | 19/200 [01:37<14:31,  4.82s/it]
 10%|█         | 20/200 [01:42<14:30,  4.84s/it]
 10%|█         | 21/200 [01:47<14:16,  4.78s/it]
 11%|█         | 22/200 [01:52<14:19,  4.83s/it]
 12%|█▏        | 23/200 [01:56<14:04,  4.77s/it]
 12%|█▏        | 24/200 [02:01<13:50,  4.72s/it]
 12%|█▎        | 25/200 [02:06<14:09,  4.85s/it]
 13%|█▎        | 26/200 [02:12<15:18,  5.28s/it]
 14%|█▎        | 27/200 [02:17<14:58,  5.20s/it]
 14%|█▍        | 28/200 [02:22<14:37,  5.10s/it]
 14%|█▍        | 29/200 [02:27<14:14,  5.00s/it]
 15%|█▌        | 30/200 [02:32<14:05,  4.98s/it]
 16%|█▌        | 31/200 [02:36<13:37,  4.84s/it]
 16%|█▌        | 32/200 [02:42<13:52,  4.96s/it]
 16%|█▋        | 33/200 [02:47<13:59,  5.03s/it]
 17%|█▋        | 34/200 [02:53<14:35,  5.27s/it]
 18%|█▊        | 35/200 [02:57<14:10,  5.15s/it]
 18%|█▊        | 36/200 [03:03<14:02,  5.14s/it]
 18%|█▊        | 37/200 [03:08<13:46,  5.07s/it]
 19%|█▉        | 38/200 [03:12<13:23,  4.96s/it]
 20%|█▉        | 39/200 [03:17<13:20,  4.97s/it]
 20%|██        | 40/200 [03:22<13:14,  4.97s/it]
 20%|██        | 41/200 [03:27<13:00,  4.91s/it]
 21%|██        | 42/200 [03:32<12:43,  4.83s/it]
 22%|██▏       | 43/200 [03:37<12:52,  4.92s/it]
 22%|██▏       | 44/200 [03:42<12:48,  4.93s/it]
 22%|██▎       | 45/200 [03:46<12:29,  4.84s/it]
 23%|██▎       | 46/200 [03:51<12:27,  4.85s/it]
 24%|██▎       | 47/200 [03:56<12:25,  4.88s/it]
 24%|██▍       | 48/200 [04:01<12:24,  4.90s/it]
 24%|██▍       | 49/200 [04:06<12:25,  4.94s/it]
 25%|██▌       | 50/200 [04:11<12:35,  5.04s/it]
 26%|██▌       | 51/200 [04:16<12:30,  5.03s/it]
 26%|██▌       | 52/200 [04:22<12:51,  5.21s/it]
 26%|██▋       | 53/200 [04:27<12:49,  5.24s/it]
 27%|██▋       | 54/200 [04:33<13:00,  5.34s/it]
 28%|██▊       | 55/200 [04:38<12:44,  5.27s/it]
 28%|██▊       | 56/200 [04:44<12:51,  5.36s/it]
 28%|██▊       | 57/200 [04:50<13:12,  5.54s/it]
 29%|██▉       | 58/200 [04:55<12:55,  5.46s/it]
 30%|██▉       | 59/200 [05:00<12:34,  5.35s/it]
 30%|███       | 60/200 [05:05<12:18,  5.27s/it]
 30%|███       | 61/200 [05:10<12:02,  5.20s/it]
 31%|███       | 62/200 [05:16<12:09,  5.29s/it]
 32%|███▏      | 63/200 [05:21<12:02,  5.27s/it]
 32%|███▏      | 64/200 [05:25<11:29,  5.07s/it]
 32%|███▎      | 65/200 [05:30<11:23,  5.06s/it]
 33%|███▎      | 66/200 [05:36<11:23,  5.10s/it]
 34%|███▎      | 67/200 [05:41<11:16,  5.08s/it]
 34%|███▍      | 68/200 [05:45<10:49,  4.92s/it]
 34%|███▍      | 69/200 [05:50<10:41,  4.89s/it]
 35%|███▌      | 70/200 [05:55<10:40,  4.93s/it]
 36%|███▌      | 71/200 [06:00<10:37,  4.95s/it]
 36%|███▌      | 72/200 [06:05<10:28,  4.91s/it]
 36%|███▋      | 73/200 [06:10<10:24,  4.92s/it]
 37%|███▋      | 74/200 [06:15<10:22,  4.94s/it]
 38%|███▊      | 75/200 [06:20<10:16,  4.93s/it]
 38%|███▊      | 76/200 [06:24<10:05,  4.88s/it]
 38%|███▊      | 77/200 [06:29<10:04,  4.91s/it]
 39%|███▉      | 78/200 [06:34<10:02,  4.94s/it]
 40%|███▉      | 79/200 [06:39<09:57,  4.94s/it]
 40%|████      | 80/200 [06:44<09:55,  4.96s/it]
 40%|████      | 81/200 [06:49<09:50,  4.96s/it]
 41%|████      | 82/200 [06:55<09:53,  5.03s/it]
 42%|████▏     | 83/200 [07:00<09:57,  5.10s/it]
 42%|████▏     | 84/200 [07:05<09:47,  5.06s/it]
 42%|████▎     | 85/200 [07:10<09:43,  5.08s/it]
 43%|████▎     | 86/200 [07:15<09:35,  5.04s/it]
 44%|████▎     | 87/200 [07:20<09:39,  5.13s/it]
 44%|████▍     | 88/200 [07:26<09:48,  5.26s/it]
 44%|████▍     | 89/200 [07:31<09:35,  5.19s/it]
 45%|████▌     | 90/200 [07:36<09:29,  5.18s/it]
 46%|████▌     | 91/200 [07:41<09:26,  5.19s/it]
 46%|████▌     | 92/200 [07:46<09:07,  5.07s/it]
 46%|████▋     | 93/200 [07:51<08:56,  5.01s/it]
 47%|████▋     | 94/200 [07:56<08:54,  5.05s/it]
 48%|████▊     | 95/200 [08:01<08:47,  5.02s/it]
 48%|████▊     | 96/200 [08:07<09:16,  5.35s/it]
 48%|████▊     | 97/200 [08:13<09:34,  5.58s/it]
 49%|████▉     | 98/200 [08:19<09:28,  5.58s/it]
 50%|████▉     | 99/200 [08:24<09:04,  5.39s/it]
 50%|█████     | 100/200 [08:29<09:09,  5.49s/it]
 50%|█████     | 101/200 [08:35<08:56,  5.42s/it]
 51%|█████     | 102/200 [08:40<08:51,  5.43s/it]
 52%|█████▏    | 103/200 [08:45<08:23,  5.19s/it]
 52%|█████▏    | 104/200 [08:50<08:09,  5.09s/it]
 52%|█████▎    | 105/200 [08:55<08:05,  5.12s/it]
 53%|█████▎    | 106/200 [09:00<08:07,  5.19s/it]
 54%|█████▎    | 107/200 [09:05<07:56,  5.12s/it]
 54%|█████▍    | 108/200 [09:10<07:48,  5.10s/it]
 55%|█████▍    | 109/200 [09:15<07:35,  5.00s/it]
 55%|█████▌    | 110/200 [09:20<07:24,  4.94s/it]
 56%|█████▌    | 111/200 [09:25<07:25,  5.01s/it]
 56%|█████▌    | 112/200 [09:31<07:41,  5.24s/it]
 56%|█████▋    | 113/200 [09:36<07:33,  5.22s/it]
 57%|█████▋    | 114/200 [09:41<07:21,  5.13s/it]
 57%|█████▊    | 115/200 [09:46<07:24,  5.23s/it]
 58%|█████▊    | 116/200 [09:52<07:27,  5.32s/it]
 58%|█████▊    | 117/200 [09:57<07:27,  5.40s/it]
 59%|█████▉    | 118/200 [10:02<07:17,  5.33s/it]
 60%|█████▉    | 119/200 [10:08<07:13,  5.35s/it]
 60%|██████    | 120/200 [10:13<07:09,  5.36s/it]
 60%|██████    | 121/200 [10:18<06:53,  5.24s/it]
 61%|██████    | 122/200 [10:23<06:43,  5.17s/it]
 62%|██████▏   | 123/200 [10:28<06:34,  5.12s/it]
 62%|██████▏   | 124/200 [10:33<06:23,  5.05s/it]
 62%|██████▎   | 125/200 [10:38<06:15,  5.01s/it]
 63%|██████▎   | 126/200 [10:43<06:11,  5.02s/it]
 64%|██████▎   | 127/200 [10:48<06:02,  4.96s/it]
 64%|██████▍   | 128/200 [10:53<06:10,  5.15s/it]
 64%|██████▍   | 129/200 [10:59<06:03,  5.12s/it]
 65%|██████▌   | 130/200 [11:03<05:53,  5.05s/it]
 66%|██████▌   | 131/200 [11:08<05:42,  4.96s/it]
 66%|██████▌   | 132/200 [11:13<05:34,  4.92s/it]
 66%|██████▋   | 133/200 [11:18<05:35,  5.00s/it]
 67%|██████▋   | 134/200 [11:24<05:36,  5.10s/it]
 68%|██████▊   | 135/200 [11:29<05:29,  5.06s/it]
 68%|██████▊   | 136/200 [11:33<05:20,  5.01s/it]
 68%|██████▊   | 137/200 [11:39<05:33,  5.29s/it]
 69%|██████▉   | 138/200 [11:45<05:26,  5.26s/it]
 70%|██████▉   | 139/200 [11:50<05:18,  5.21s/it]
 70%|███████   | 140/200 [11:54<05:06,  5.10s/it]
 70%|███████   | 141/200 [12:00<05:02,  5.12s/it]
 71%|███████   | 142/200 [12:05<04:55,  5.10s/it]
 72%|███████▏  | 143/200 [12:10<04:52,  5.13s/it]
 72%|███████▏  | 144/200 [12:15<04:51,  5.20s/it]
 72%|███████▎  | 145/200 [12:21<04:59,  5.44s/it]
 73%|███████▎  | 146/200 [12:27<04:58,  5.53s/it]
 74%|███████▎  | 147/200 [12:32<04:49,  5.45s/it]
 74%|███████▍  | 148/200 [12:38<04:41,  5.41s/it]
 74%|███████▍  | 149/200 [12:43<04:31,  5.33s/it]
 75%|███████▌  | 150/200 [12:48<04:22,  5.26s/it]
 76%|███████▌  | 151/200 [12:53<04:12,  5.15s/it]
 76%|███████▌  | 152/200 [12:58<04:05,  5.11s/it]
 76%|███████▋  | 153/200 [13:03<04:08,  5.29s/it]
 77%|███████▋  | 154/200 [13:08<03:57,  5.16s/it]
 78%|███████▊  | 155/200 [13:13<03:48,  5.08s/it]
 78%|███████▊  | 156/200 [13:18<03:45,  5.13s/it]
 78%|███████▊  | 157/200 [13:24<03:42,  5.17s/it]
 79%|███████▉  | 158/200 [13:29<03:39,  5.22s/it]
 80%|███████▉  | 159/200 [13:34<03:26,  5.05s/it]
 80%|████████  | 160/200 [13:39<03:19,  4.98s/it]
 80%|████████  | 161/200 [13:44<03:17,  5.06s/it]
 81%|████████  | 162/200 [13:49<03:11,  5.04s/it]
 82%|████████▏ | 163/200 [13:54<03:10,  5.16s/it]
 82%|████████▏ | 164/200 [14:00<03:08,  5.23s/it]
 82%|████████▎ | 165/200 [14:05<03:04,  5.26s/it]
 83%|████████▎ | 166/200 [14:10<02:59,  5.27s/it]
 84%|████████▎ | 167/200 [14:16<02:56,  5.33s/it]
 84%|████████▍ | 168/200 [14:20<02:43,  5.11s/it]
 84%|████████▍ | 169/200 [14:25<02:37,  5.09s/it]
 85%|████████▌ | 170/200 [14:30<02:30,  5.01s/it]
 86%|████████▌ | 171/200 [14:35<02:24,  4.99s/it]
 86%|████████▌ | 172/200 [14:40<02:19,  4.97s/it]
 86%|████████▋ | 173/200 [14:45<02:16,  5.07s/it]
 87%|████████▋ | 174/200 [14:50<02:09,  4.97s/it]
 88%|████████▊ | 175/200 [14:55<02:04,  4.97s/it]
 88%|████████▊ | 176/200 [15:00<01:59,  4.97s/it]
 88%|████████▊ | 177/200 [15:05<01:54,  4.97s/it]
 89%|████████▉ | 178/200 [15:10<01:52,  5.11s/it]
 90%|████████▉ | 179/200 [15:15<01:45,  5.00s/it]
 90%|█████████ | 180/200 [15:20<01:38,  4.92s/it]
 90%|█████████ | 181/200 [15:25<01:35,  5.01s/it]
 91%|█████████ | 182/200 [15:30<01:30,  5.05s/it]
 92%|█████████▏| 183/200 [15:35<01:25,  5.01s/it]
 92%|█████████▏| 184/200 [15:40<01:19,  4.95s/it]
 92%|█████████▎| 185/200 [15:45<01:14,  4.95s/it]
 93%|█████████▎| 186/200 [15:50<01:09,  4.97s/it]
 94%|█████████▎| 187/200 [15:55<01:05,  5.03s/it]
 94%|█████████▍| 188/200 [16:00<01:00,  5.08s/it]
 94%|█████████▍| 189/200 [16:05<00:56,  5.12s/it]
 95%|█████████▌| 190/200 [16:11<00:51,  5.11s/it]
 96%|█████████▌| 191/200 [16:16<00:46,  5.19s/it]
 96%|█████████▌| 192/200 [16:21<00:41,  5.20s/it]
 96%|█████████▋| 193/200 [16:26<00:36,  5.18s/it]
 97%|█████████▋| 194/200 [16:31<00:31,  5.17s/it]
 98%|█████████▊| 195/200 [16:36<00:25,  5.12s/it]
 98%|█████████▊| 196/200 [16:42<00:20,  5.12s/it]
 98%|█████████▊| 197/200 [16:46<00:15,  5.05s/it]
 99%|█████████▉| 198/200 [16:51<00:10,  5.03s/it]
100%|█████████▉| 199/200 [16:56<00:04,  4.95s/it]
100%|██████████| 200/200 [17:01<00:00,  4.80s/it]
                                                 
0
1
2
3
4
5
6
7
8
9
10
11
12
13
14
15
16
17
18
19
20
21
22
23
24
25
26
27
28
29
30
31
32
33
34
35
36
37
38
39
40
41
42
43
44
45
46
47
48
49
50
51
52
53
54
55
56
57
58
59
60
61
62
63
64
65
66
67
68
69
70
71
72
73
74
75
76
77
78
79
80
81
82
83
84
85
86
87
88
89
90
91
92
93
94
95
96
97
98
99
100
101
102
103
104
105
106
107
108
109
110
111
112
113
114
115
116
117
118
119
120
121
122
123
124
125
126
127
128
129
130
131
132
133
134
135
136
137
138
139
140
141
142
143
144
145
146
147
148
149
150
151
152
153
154
155
156
157
158
159
160
161
162
163
164
165
166
167
168
169
170
171
172
173
174
175
176
177
178
179
180
181
182
183
184
185
186
187
188
189
190
191
192
193
194
195
196
197
198
199
