 
Files to read: ['../pilot-cpjump1-data/profiles/2020_11_04_CPJUMP1/BR00116995/BR00116995_normalized_feature_select_negcon.csv.gz']
Files to read: ['../pilot-cpjump1-data/profiles/2020_11_04_CPJUMP1/BR00117024/BR00117024_normalized_feature_select_negcon.csv.gz']
Files to read: ['../pilot-cpjump1-data/profiles/2020_11_04_CPJUMP1/BR00117025/BR00117025_normalized_feature_select_negcon.csv.gz']
Files to read: ['../pilot-cpjump1-data/profiles/2020_11_04_CPJUMP1/BR00117026/BR00117026_normalized_feature_select_negcon.csv.gz']
Files to read: ['../pilot-cpjump1-data/profiles/2020_11_04_CPJUMP1/BR00116997/BR00116997_normalized_feature_select_negcon.csv.gz']
Files to read: ['../pilot-cpjump1-data/profiles/2020_11_04_CPJUMP1/BR00116998/BR00116998_normalized_feature_select_negcon.csv.gz']
Files to read: ['../pilot-cpjump1-data/profiles/2020_11_04_CPJUMP1/BR00116999/BR00116999_normalized_feature_select_negcon.csv.gz']
Files to read: ['../pilot-cpjump1-data/profiles/2020_11_04_CPJUMP1/BR00116996/BR00116996_normalized_feature_select_negcon.csv.gz']
Files to read: ['../pilot-cpjump1-data/profiles/2020_11_04_CPJUMP1/BR00117022/BR00117022_normalized_feature_select_negcon.csv.gz']
Files to read: ['../pilot-cpjump1-data/profiles/2020_11_04_CPJUMP1/BR00117023/BR00117023_normalized_feature_select_negcon.csv.gz']

  0%|          | 0/200 [00:00<?, ?it/s]
  0%|          | 1/200 [00:07<24:25,  7.36s/it]
  1%|          | 2/200 [00:13<22:05,  6.70s/it]
  2%|▏         | 3/200 [00:19<20:49,  6.34s/it]
  2%|▏         | 4/200 [00:25<19:43,  6.04s/it]
  2%|▎         | 5/200 [00:30<18:52,  5.81s/it]
  3%|▎         | 6/200 [00:35<17:45,  5.49s/it]
  4%|▎         | 7/200 [00:40<16:53,  5.25s/it]
  4%|▍         | 8/200 [00:45<16:45,  5.24s/it]
  4%|▍         | 9/200 [00:50<16:09,  5.07s/it]
  5%|▌         | 10/200 [00:54<15:44,  4.97s/it]
  6%|▌         | 11/200 [00:59<15:32,  4.93s/it]
  6%|▌         | 12/200 [01:05<16:27,  5.25s/it]
  6%|▋         | 13/200 [01:10<15:52,  5.09s/it]
  7%|▋         | 14/200 [01:15<16:11,  5.22s/it]
  8%|▊         | 15/200 [01:20<15:44,  5.11s/it]
  8%|▊         | 16/200 [01:25<15:22,  5.02s/it]
  8%|▊         | 17/200 [01:30<15:36,  5.12s/it]
  9%|▉         | 18/200 [01:36<16:23,  5.40s/it]
 10%|▉         | 19/200 [01:42<15:59,  5.30s/it]
 10%|█         | 20/200 [01:47<16:30,  5.50s/it]
 10%|█         | 21/200 [01:53<16:10,  5.42s/it]
 11%|█         | 22/200 [01:58<15:43,  5.30s/it]
 12%|█▏        | 23/200 [02:03<15:11,  5.15s/it]
 12%|█▏        | 24/200 [02:08<14:58,  5.11s/it]
 12%|█▎        | 25/200 [02:13<14:50,  5.09s/it]
 13%|█▎        | 26/200 [02:18<14:38,  5.05s/it]
 14%|█▎        | 27/200 [02:23<14:30,  5.03s/it]
 14%|█▍        | 28/200 [02:27<14:20,  5.00s/it]
 14%|█▍        | 29/200 [02:32<14:13,  4.99s/it]
 15%|█▌        | 30/200 [02:38<14:39,  5.17s/it]
 16%|█▌        | 31/200 [02:43<14:29,  5.14s/it]
 16%|█▌        | 32/200 [02:48<14:07,  5.05s/it]
 16%|█▋        | 33/200 [02:53<14:24,  5.17s/it]
 17%|█▋        | 34/200 [02:58<14:02,  5.08s/it]
 18%|█▊        | 35/200 [03:03<13:55,  5.06s/it]
 18%|█▊        | 36/200 [03:08<13:54,  5.09s/it]
 18%|█▊        | 37/200 [03:13<13:48,  5.08s/it]
 19%|█▉        | 38/200 [03:19<13:40,  5.07s/it]
 20%|█▉        | 39/200 [03:24<14:05,  5.25s/it]
 20%|██        | 40/200 [03:29<13:56,  5.23s/it]
 20%|██        | 41/200 [03:35<14:00,  5.29s/it]
 21%|██        | 42/200 [03:40<13:59,  5.31s/it]
 22%|██▏       | 43/200 [03:46<14:16,  5.46s/it]
 22%|██▏       | 44/200 [03:51<13:44,  5.29s/it]
 22%|██▎       | 45/200 [03:56<13:11,  5.11s/it]
 23%|██▎       | 46/200 [04:00<12:48,  4.99s/it]
 24%|██▎       | 47/200 [04:05<12:35,  4.94s/it]
 24%|██▍       | 48/200 [04:10<12:24,  4.90s/it]
 24%|██▍       | 49/200 [04:15<12:10,  4.84s/it]
 25%|██▌       | 50/200 [04:19<12:06,  4.84s/it]
 26%|██▌       | 51/200 [04:24<11:56,  4.81s/it]
 26%|██▌       | 52/200 [04:29<11:40,  4.73s/it]
 26%|██▋       | 53/200 [04:33<11:37,  4.75s/it]
 27%|██▋       | 54/200 [04:38<11:20,  4.66s/it]
 28%|██▊       | 55/200 [04:43<11:23,  4.71s/it]
 28%|██▊       | 56/200 [04:48<11:39,  4.86s/it]
 28%|██▊       | 57/200 [04:53<11:50,  4.97s/it]
 29%|██▉       | 58/200 [04:58<11:46,  4.98s/it]
 30%|██▉       | 59/200 [05:03<11:34,  4.92s/it]
 30%|███       | 60/200 [05:08<11:26,  4.90s/it]
 30%|███       | 61/200 [05:13<11:24,  4.92s/it]
 31%|███       | 62/200 [05:18<11:28,  4.99s/it]
 32%|███▏      | 63/200 [05:23<11:20,  4.97s/it]
 32%|███▏      | 64/200 [05:28<11:10,  4.93s/it]
 32%|███▎      | 65/200 [05:33<11:13,  4.99s/it]
 33%|███▎      | 66/200 [05:38<10:58,  4.91s/it]
 34%|███▎      | 67/200 [05:42<10:44,  4.85s/it]
 34%|███▍      | 68/200 [05:47<10:34,  4.81s/it]
 34%|███▍      | 69/200 [05:52<10:43,  4.91s/it]
 35%|███▌      | 70/200 [05:58<10:57,  5.06s/it]
 36%|███▌      | 71/200 [06:03<11:22,  5.29s/it]
 36%|███▌      | 72/200 [06:08<11:08,  5.22s/it]
 36%|███▋      | 73/200 [06:14<11:00,  5.20s/it]
 37%|███▋      | 74/200 [06:19<10:45,  5.12s/it]
 38%|███▊      | 75/200 [06:23<10:33,  5.07s/it]
 38%|███▊      | 76/200 [06:29<10:27,  5.06s/it]
 38%|███▊      | 77/200 [06:33<10:12,  4.98s/it]
 39%|███▉      | 78/200 [06:39<10:32,  5.19s/it]
 40%|███▉      | 79/200 [06:45<10:39,  5.28s/it]
 40%|████      | 80/200 [06:49<10:20,  5.17s/it]
 40%|████      | 81/200 [06:55<10:14,  5.16s/it]
 41%|████      | 82/200 [06:59<09:57,  5.06s/it]
 42%|████▏     | 83/200 [07:04<09:46,  5.01s/it]
 42%|████▏     | 84/200 [07:10<09:49,  5.08s/it]
 42%|████▎     | 85/200 [07:14<09:34,  5.00s/it]
 43%|████▎     | 86/200 [07:19<09:25,  4.96s/it]
 44%|████▎     | 87/200 [07:24<09:26,  5.01s/it]
 44%|████▍     | 88/200 [07:29<09:12,  4.94s/it]
 44%|████▍     | 89/200 [07:34<09:12,  4.98s/it]
 45%|████▌     | 90/200 [07:39<09:00,  4.92s/it]
 46%|████▌     | 91/200 [07:44<08:52,  4.88s/it]
 46%|████▌     | 92/200 [07:49<09:00,  5.01s/it]
 46%|████▋     | 93/200 [07:54<08:56,  5.02s/it]
 47%|████▋     | 94/200 [07:59<08:51,  5.01s/it]
 48%|████▊     | 95/200 [08:04<08:38,  4.94s/it]
 48%|████▊     | 96/200 [08:09<08:34,  4.95s/it]
 48%|████▊     | 97/200 [08:14<08:24,  4.89s/it]
 49%|████▉     | 98/200 [08:18<08:09,  4.80s/it]
 50%|████▉     | 99/200 [08:23<08:16,  4.91s/it]
 50%|█████     | 100/200 [08:28<08:08,  4.89s/it]
 50%|█████     | 101/200 [08:34<08:22,  5.08s/it]
 51%|█████     | 102/200 [08:39<08:33,  5.24s/it]
 52%|█████▏    | 103/200 [08:45<08:51,  5.48s/it]
 52%|█████▏    | 104/200 [08:51<08:56,  5.59s/it]
 52%|█████▎    | 105/200 [08:56<08:31,  5.38s/it]
 53%|█████▎    | 106/200 [09:01<08:21,  5.33s/it]
 54%|█████▎    | 107/200 [09:06<08:06,  5.23s/it]
 54%|█████▍    | 108/200 [09:11<07:51,  5.13s/it]
 55%|█████▍    | 109/200 [09:16<07:32,  4.97s/it]
 55%|█████▌    | 110/200 [09:21<07:24,  4.94s/it]
 56%|█████▌    | 111/200 [09:26<07:17,  4.91s/it]
 56%|█████▌    | 112/200 [09:30<07:08,  4.87s/it]
 56%|█████▋    | 113/200 [09:35<07:00,  4.84s/it]
 57%|█████▋    | 114/200 [09:40<06:56,  4.85s/it]
 57%|█████▊    | 115/200 [09:45<06:51,  4.84s/it]
 58%|█████▊    | 116/200 [09:49<06:40,  4.77s/it]
 58%|█████▊    | 117/200 [09:54<06:40,  4.83s/it]
 59%|█████▉    | 118/200 [10:00<06:45,  4.95s/it]
 60%|█████▉    | 119/200 [10:05<06:44,  4.99s/it]
 60%|██████    | 120/200 [10:10<06:38,  4.99s/it]
 60%|██████    | 121/200 [10:15<06:41,  5.08s/it]
 61%|██████    | 122/200 [10:20<06:28,  4.98s/it]
 62%|██████▏   | 123/200 [10:25<06:21,  4.96s/it]
 62%|██████▏   | 124/200 [10:30<06:26,  5.09s/it]
 62%|██████▎   | 125/200 [10:35<06:18,  5.04s/it]
 63%|██████▎   | 126/200 [10:40<06:12,  5.03s/it]
 64%|██████▎   | 127/200 [10:45<06:03,  4.98s/it]
 64%|██████▍   | 128/200 [10:49<05:47,  4.82s/it]
 64%|██████▍   | 129/200 [10:54<05:43,  4.84s/it]
 65%|██████▌   | 130/200 [10:59<05:32,  4.76s/it]
 66%|██████▌   | 131/200 [11:03<05:27,  4.74s/it]
 66%|██████▌   | 132/200 [11:08<05:20,  4.71s/it]
 66%|██████▋   | 133/200 [11:13<05:19,  4.77s/it]
 67%|██████▋   | 134/200 [11:18<05:18,  4.83s/it]
 68%|██████▊   | 135/200 [11:23<05:26,  5.02s/it]
 68%|██████▊   | 136/200 [11:28<05:14,  4.92s/it]
 68%|██████▊   | 137/200 [11:33<05:06,  4.86s/it]
 69%|██████▉   | 138/200 [11:37<04:58,  4.81s/it]
 70%|██████▉   | 139/200 [11:42<04:52,  4.80s/it]
 70%|███████   | 140/200 [11:48<04:58,  4.98s/it]
 70%|███████   | 141/200 [11:52<04:51,  4.94s/it]
 71%|███████   | 142/200 [11:57<04:44,  4.91s/it]
 72%|███████▏  | 143/200 [12:02<04:38,  4.88s/it]
 72%|███████▏  | 144/200 [12:07<04:34,  4.90s/it]
 72%|███████▎  | 145/200 [12:12<04:25,  4.83s/it]
 73%|███████▎  | 146/200 [12:16<04:19,  4.80s/it]
 74%|███████▎  | 147/200 [12:22<04:20,  4.91s/it]
 74%|███████▍  | 148/200 [12:27<04:23,  5.07s/it]
 74%|███████▍  | 149/200 [12:32<04:15,  5.01s/it]
 75%|███████▌  | 150/200 [12:38<04:20,  5.21s/it]
 76%|███████▌  | 151/200 [12:43<04:11,  5.12s/it]
 76%|███████▌  | 152/200 [12:49<04:18,  5.39s/it]
 76%|███████▋  | 153/200 [12:54<04:09,  5.32s/it]
 77%|███████▋  | 154/200 [12:59<03:59,  5.20s/it]
 78%|███████▊  | 155/200 [13:04<03:52,  5.17s/it]
 78%|███████▊  | 156/200 [13:09<03:42,  5.06s/it]
 78%|███████▊  | 157/200 [13:13<03:35,  5.02s/it]
 79%|███████▉  | 158/200 [13:18<03:27,  4.93s/it]
 80%|███████▉  | 159/200 [13:23<03:23,  4.97s/it]
 80%|████████  | 160/200 [13:28<03:17,  4.95s/it]
 80%|████████  | 161/200 [13:33<03:11,  4.92s/it]
 81%|████████  | 162/200 [13:38<03:02,  4.82s/it]
 82%|████████▏ | 163/200 [13:42<02:57,  4.81s/it]
 82%|████████▏ | 164/200 [13:48<02:57,  4.93s/it]
 82%|████████▎ | 165/200 [13:52<02:52,  4.93s/it]
 83%|████████▎ | 166/200 [13:57<02:45,  4.86s/it]
 84%|████████▎ | 167/200 [14:02<02:40,  4.85s/it]
 84%|████████▍ | 168/200 [14:08<02:43,  5.11s/it]
 84%|████████▍ | 169/200 [14:13<02:38,  5.10s/it]
 85%|████████▌ | 170/200 [14:18<02:30,  5.02s/it]
 86%|████████▌ | 171/200 [14:23<02:27,  5.08s/it]
 86%|████████▌ | 172/200 [14:29<02:29,  5.35s/it]
 86%|████████▋ | 173/200 [14:35<02:29,  5.54s/it]
 87%|████████▋ | 174/200 [14:40<02:22,  5.47s/it]
 88%|████████▊ | 175/200 [14:45<02:12,  5.29s/it]
 88%|████████▊ | 176/200 [14:50<02:04,  5.18s/it]
 88%|████████▊ | 177/200 [14:56<02:02,  5.33s/it]
 89%|████████▉ | 178/200 [15:01<01:55,  5.27s/it]
 90%|████████▉ | 179/200 [15:06<01:53,  5.40s/it]
 90%|█████████ | 180/200 [15:12<01:46,  5.32s/it]
 90%|█████████ | 181/200 [15:16<01:35,  5.04s/it]
 91%|█████████ | 182/200 [15:21<01:30,  5.03s/it]
 92%|█████████▏| 183/200 [15:26<01:24,  4.96s/it]
 92%|█████████▏| 184/200 [15:31<01:21,  5.10s/it]
 92%|█████████▎| 185/200 [15:37<01:19,  5.29s/it]
 93%|█████████▎| 186/200 [15:42<01:15,  5.37s/it]
 94%|█████████▎| 187/200 [15:47<01:07,  5.19s/it]
 94%|█████████▍| 188/200 [15:52<01:00,  5.03s/it]
 94%|█████████▍| 189/200 [15:57<00:54,  4.98s/it]
 95%|█████████▌| 190/200 [16:01<00:48,  4.89s/it]
 96%|█████████▌| 191/200 [16:06<00:44,  4.92s/it]
 96%|█████████▌| 192/200 [16:11<00:38,  4.86s/it]
 96%|█████████▋| 193/200 [16:16<00:33,  4.79s/it]
 97%|█████████▋| 194/200 [16:20<00:28,  4.73s/it]
 98%|█████████▊| 195/200 [16:25<00:23,  4.72s/it]
 98%|█████████▊| 196/200 [16:30<00:18,  4.71s/it]
 98%|█████████▊| 197/200 [16:35<00:14,  4.74s/it]
 99%|█████████▉| 198/200 [16:39<00:09,  4.73s/it]
100%|█████████▉| 199/200 [16:44<00:04,  4.77s/it]
100%|██████████| 200/200 [16:49<00:00,  4.84s/it]
                                                 
0
1
2
3
4
5
6
7
8
9
10
11
12
13
14
15
16
17
18
19
20
21
22
23
24
25
26
27
28
29
30
31
32
33
34
35
36
37
38
39
40
41
42
43
44
45
46
47
48
49
50
51
52
53
54
55
56
57
58
59
60
61
62
63
64
65
66
67
68
69
70
71
72
73
74
75
76
77
78
79
80
81
82
83
84
85
86
87
88
89
90
91
92
93
94
95
96
97
98
99
100
101
102
103
104
105
106
107
108
109
110
111
112
113
114
115
116
117
118
119
120
121
122
123
124
125
126
127
128
129
130
131
132
133
134
135
136
137
138
139
140
141
142
143
144
145
146
147
148
149
150
151
152
153
154
155
156
157
158
159
160
161
162
163
164
165
166
167
168
169
170
171
172
173
174
175
176
177
178
179
180
181
182
183
184
185
186
187
188
189
190
191
192
193
194
195
196
197
198
199
