 
Files to read: ['../pilot-cpjump1-data/profiles/2020_11_04_CPJUMP1/BR00116995/BR00116995_normalized_feature_select_negcon.csv.gz']
Files to read: ['../pilot-cpjump1-data/profiles/2020_11_04_CPJUMP1/BR00117024/BR00117024_normalized_feature_select_negcon.csv.gz']
Files to read: ['../pilot-cpjump1-data/profiles/2020_11_04_CPJUMP1/BR00117025/BR00117025_normalized_feature_select_negcon.csv.gz']
Files to read: ['../pilot-cpjump1-data/profiles/2020_11_04_CPJUMP1/BR00117026/BR00117026_normalized_feature_select_negcon.csv.gz']
Files to read: ['../pilot-cpjump1-data/profiles/2020_11_04_CPJUMP1/BR00116997/BR00116997_normalized_feature_select_negcon.csv.gz']
Files to read: ['../pilot-cpjump1-data/profiles/2020_11_04_CPJUMP1/BR00116998/BR00116998_normalized_feature_select_negcon.csv.gz']
Files to read: ['../pilot-cpjump1-data/profiles/2020_11_04_CPJUMP1/BR00116999/BR00116999_normalized_feature_select_negcon.csv.gz']
Files to read: ['../pilot-cpjump1-data/profiles/2020_11_04_CPJUMP1/BR00116996/BR00116996_normalized_feature_select_negcon.csv.gz']
Files to read: ['../pilot-cpjump1-data/profiles/2020_11_04_CPJUMP1/BR00117022/BR00117022_normalized_feature_select_negcon.csv.gz']
Files to read: ['../pilot-cpjump1-data/profiles/2020_11_04_CPJUMP1/BR00117023/BR00117023_normalized_feature_select_negcon.csv.gz']

  0%|          | 0/200 [00:00<?, ?it/s]
  0%|          | 1/200 [00:09<30:15,  9.12s/it]
  1%|          | 2/200 [00:14<23:28,  7.11s/it]
  2%|▏         | 3/200 [00:19<20:17,  6.18s/it]
  2%|▏         | 4/200 [00:25<18:57,  5.80s/it]
  2%|▎         | 5/200 [00:30<18:02,  5.55s/it]
  3%|▎         | 6/200 [00:35<17:18,  5.35s/it]
  4%|▎         | 7/200 [00:40<16:54,  5.26s/it]
  4%|▍         | 8/200 [00:45<16:46,  5.24s/it]
  4%|▍         | 9/200 [00:50<16:57,  5.33s/it]
  5%|▌         | 10/200 [00:56<16:51,  5.33s/it]
  6%|▌         | 11/200 [01:01<16:21,  5.19s/it]
  6%|▌         | 12/200 [01:06<16:18,  5.20s/it]
  6%|▋         | 13/200 [01:12<16:43,  5.36s/it]
  7%|▋         | 14/200 [01:17<16:12,  5.23s/it]
  8%|▊         | 15/200 [01:22<15:58,  5.18s/it]
  8%|▊         | 16/200 [01:26<15:30,  5.06s/it]
  8%|▊         | 17/200 [01:31<15:24,  5.05s/it]
  9%|▉         | 18/200 [01:37<15:42,  5.18s/it]
 10%|▉         | 19/200 [01:42<15:34,  5.16s/it]
 10%|█         | 20/200 [01:47<15:10,  5.06s/it]
 10%|█         | 21/200 [01:52<14:50,  4.97s/it]
 11%|█         | 22/200 [01:57<14:54,  5.02s/it]
 12%|█▏        | 23/200 [02:02<14:38,  4.96s/it]
 12%|█▏        | 24/200 [02:06<14:26,  4.92s/it]
 12%|█▎        | 25/200 [02:11<14:19,  4.91s/it]
 13%|█▎        | 26/200 [02:16<14:17,  4.93s/it]
 14%|█▎        | 27/200 [02:21<14:06,  4.89s/it]
 14%|█▍        | 28/200 [02:26<13:52,  4.84s/it]
 14%|█▍        | 29/200 [02:31<13:52,  4.87s/it]
 15%|█▌        | 30/200 [02:36<13:51,  4.89s/it]
 16%|█▌        | 31/200 [02:41<13:43,  4.88s/it]
 16%|█▌        | 32/200 [02:46<14:28,  5.17s/it]
 16%|█▋        | 33/200 [02:52<14:52,  5.34s/it]
 17%|█▋        | 34/200 [02:58<14:53,  5.38s/it]
 18%|█▊        | 35/200 [03:03<14:39,  5.33s/it]
 18%|█▊        | 36/200 [03:08<14:24,  5.27s/it]
 18%|█▊        | 37/200 [03:13<14:07,  5.20s/it]
 19%|█▉        | 38/200 [03:18<13:54,  5.15s/it]
 20%|█▉        | 39/200 [03:23<13:39,  5.09s/it]
 20%|██        | 40/200 [03:28<13:29,  5.06s/it]
 20%|██        | 41/200 [03:33<13:28,  5.09s/it]
 21%|██        | 42/200 [03:38<13:00,  4.94s/it]
 22%|██▏       | 43/200 [03:42<12:41,  4.85s/it]
 22%|██▏       | 44/200 [03:47<12:24,  4.77s/it]
 22%|██▎       | 45/200 [03:52<12:09,  4.71s/it]
 23%|██▎       | 46/200 [03:56<12:17,  4.79s/it]
 24%|██▎       | 47/200 [04:02<12:43,  4.99s/it]
 24%|██▍       | 48/200 [04:07<12:30,  4.94s/it]
 24%|██▍       | 49/200 [04:12<12:22,  4.92s/it]
 25%|██▌       | 50/200 [04:17<12:22,  4.95s/it]
 26%|██▌       | 51/200 [04:22<12:44,  5.13s/it]
 26%|██▌       | 52/200 [04:27<12:38,  5.12s/it]
 26%|██▋       | 53/200 [04:32<12:29,  5.10s/it]
 27%|██▋       | 54/200 [04:37<12:13,  5.03s/it]
 28%|██▊       | 55/200 [04:42<12:06,  5.01s/it]
 28%|██▊       | 56/200 [04:47<11:54,  4.96s/it]
 28%|██▊       | 57/200 [04:52<11:29,  4.82s/it]
 29%|██▉       | 58/200 [04:57<11:32,  4.88s/it]
 30%|██▉       | 59/200 [05:02<11:31,  4.90s/it]
 30%|███       | 60/200 [05:07<11:37,  4.98s/it]
 30%|███       | 61/200 [05:11<11:23,  4.92s/it]
 31%|███       | 62/200 [05:16<11:18,  4.92s/it]
 32%|███▏      | 63/200 [05:22<11:34,  5.07s/it]
 32%|███▏      | 64/200 [05:28<12:00,  5.30s/it]
 32%|███▎      | 65/200 [05:33<12:05,  5.37s/it]
 33%|███▎      | 66/200 [05:38<11:54,  5.33s/it]
 34%|███▎      | 67/200 [05:43<11:23,  5.14s/it]
 34%|███▍      | 68/200 [05:48<11:11,  5.09s/it]
 34%|███▍      | 69/200 [05:53<11:02,  5.06s/it]
 35%|███▌      | 70/200 [05:58<11:00,  5.08s/it]
 36%|███▌      | 71/200 [06:03<10:54,  5.07s/it]
 36%|███▌      | 72/200 [06:09<11:02,  5.18s/it]
 36%|███▋      | 73/200 [06:13<10:43,  5.07s/it]
 37%|███▋      | 74/200 [06:18<10:29,  5.00s/it]
 38%|███▊      | 75/200 [06:23<10:18,  4.95s/it]
 38%|███▊      | 76/200 [06:28<10:25,  5.05s/it]
 38%|███▊      | 77/200 [06:33<10:17,  5.02s/it]
 39%|███▉      | 78/200 [06:38<10:08,  4.99s/it]
 40%|███▉      | 79/200 [06:43<09:54,  4.91s/it]
 40%|████      | 80/200 [06:48<09:46,  4.89s/it]
 40%|████      | 81/200 [06:52<09:32,  4.81s/it]
 41%|████      | 82/200 [06:59<10:11,  5.18s/it]
 42%|████▏     | 83/200 [07:03<09:55,  5.09s/it]
 42%|████▏     | 84/200 [07:09<09:52,  5.11s/it]
 42%|████▎     | 85/200 [07:13<09:34,  4.99s/it]
 43%|████▎     | 86/200 [07:18<09:36,  5.06s/it]
 44%|████▎     | 87/200 [07:24<09:31,  5.06s/it]
 44%|████▍     | 88/200 [07:28<09:18,  4.99s/it]
 44%|████▍     | 89/200 [07:33<09:05,  4.91s/it]
 45%|████▌     | 90/200 [07:38<09:01,  4.92s/it]
 46%|████▌     | 91/200 [07:43<08:58,  4.94s/it]
 46%|████▌     | 92/200 [07:48<09:00,  5.01s/it]
 46%|████▋     | 93/200 [07:53<08:54,  5.00s/it]
 47%|████▋     | 94/200 [07:59<09:13,  5.23s/it]
 48%|████▊     | 95/200 [08:04<09:02,  5.17s/it]
 48%|████▊     | 96/200 [08:09<08:53,  5.13s/it]
 48%|████▊     | 97/200 [08:14<08:52,  5.17s/it]
 49%|████▉     | 98/200 [08:20<09:03,  5.33s/it]
 50%|████▉     | 99/200 [08:25<08:42,  5.17s/it]
 50%|█████     | 100/200 [08:30<08:30,  5.10s/it]
 50%|█████     | 101/200 [08:35<08:42,  5.28s/it]
 51%|█████     | 102/200 [08:41<08:37,  5.29s/it]
 52%|█████▏    | 103/200 [08:46<08:26,  5.22s/it]
 52%|█████▏    | 104/200 [08:51<08:12,  5.13s/it]
 52%|█████▎    | 105/200 [08:55<07:56,  5.02s/it]
 53%|█████▎    | 106/200 [09:00<07:46,  4.96s/it]
 54%|█████▎    | 107/200 [09:05<07:37,  4.91s/it]
 54%|█████▍    | 108/200 [09:10<07:25,  4.84s/it]
 55%|█████▍    | 109/200 [09:16<07:46,  5.12s/it]
 55%|█████▌    | 110/200 [09:21<07:45,  5.18s/it]
 56%|█████▌    | 111/200 [09:26<07:40,  5.17s/it]
 56%|█████▌    | 112/200 [09:31<07:27,  5.09s/it]
 56%|█████▋    | 113/200 [09:36<07:17,  5.02s/it]
 57%|█████▋    | 114/200 [09:41<07:21,  5.13s/it]
 57%|█████▊    | 115/200 [09:46<07:14,  5.12s/it]
 58%|█████▊    | 116/200 [09:51<07:11,  5.13s/it]
 58%|█████▊    | 117/200 [09:56<07:00,  5.06s/it]
 59%|█████▉    | 118/200 [10:01<06:48,  4.98s/it]
 60%|█████▉    | 119/200 [10:06<06:43,  4.99s/it]
 60%|██████    | 120/200 [10:11<06:45,  5.07s/it]
 60%|██████    | 121/200 [10:16<06:36,  5.02s/it]
 61%|██████    | 122/200 [10:21<06:28,  4.98s/it]
 62%|██████▏   | 123/200 [10:26<06:19,  4.93s/it]
 62%|██████▏   | 124/200 [10:31<06:15,  4.94s/it]
 62%|██████▎   | 125/200 [10:36<06:07,  4.90s/it]
 63%|██████▎   | 126/200 [10:41<06:00,  4.88s/it]
 64%|██████▎   | 127/200 [10:46<06:02,  4.96s/it]
 64%|██████▍   | 128/200 [10:51<05:57,  4.97s/it]
 64%|██████▍   | 129/200 [10:56<05:54,  4.99s/it]
 65%|██████▌   | 130/200 [11:01<05:54,  5.07s/it]
 66%|██████▌   | 131/200 [11:07<06:01,  5.24s/it]
 66%|██████▌   | 132/200 [11:12<06:05,  5.38s/it]
 66%|██████▋   | 133/200 [11:18<06:05,  5.45s/it]
 67%|██████▋   | 134/200 [11:23<05:59,  5.44s/it]
 68%|██████▊   | 135/200 [11:29<05:52,  5.43s/it]
 68%|██████▊   | 136/200 [11:34<05:50,  5.48s/it]
 68%|██████▊   | 137/200 [11:39<05:37,  5.36s/it]
 69%|██████▉   | 138/200 [11:45<05:42,  5.52s/it]
 70%|██████▉   | 139/200 [11:51<05:36,  5.52s/it]
 70%|███████   | 140/200 [11:56<05:27,  5.45s/it]
 70%|███████   | 141/200 [12:01<05:10,  5.26s/it]
 71%|███████   | 142/200 [12:06<04:57,  5.12s/it]
 72%|███████▏  | 143/200 [12:11<04:49,  5.08s/it]
 72%|███████▏  | 144/200 [12:16<04:45,  5.09s/it]
 72%|███████▎  | 145/200 [12:21<04:41,  5.12s/it]
 73%|███████▎  | 146/200 [12:27<04:48,  5.34s/it]
 74%|███████▎  | 147/200 [12:33<04:50,  5.48s/it]
 74%|███████▍  | 148/200 [12:38<04:42,  5.43s/it]
 74%|███████▍  | 149/200 [12:43<04:28,  5.27s/it]
 75%|███████▌  | 150/200 [12:48<04:23,  5.26s/it]
 76%|███████▌  | 151/200 [12:53<04:16,  5.23s/it]
 76%|███████▌  | 152/200 [12:59<04:11,  5.24s/it]
 76%|███████▋  | 153/200 [13:04<04:07,  5.26s/it]
 77%|███████▋  | 154/200 [13:09<03:58,  5.18s/it]
 78%|███████▊  | 155/200 [13:14<03:48,  5.09s/it]
 78%|███████▊  | 156/200 [13:19<03:46,  5.14s/it]
 78%|███████▊  | 157/200 [13:24<03:40,  5.12s/it]
 79%|███████▉  | 158/200 [13:29<03:31,  5.04s/it]
 80%|███████▉  | 159/200 [13:34<03:25,  5.02s/it]
 80%|████████  | 160/200 [13:39<03:21,  5.05s/it]
 80%|████████  | 161/200 [13:44<03:14,  4.98s/it]
 81%|████████  | 162/200 [13:49<03:09,  4.99s/it]
 82%|████████▏ | 163/200 [13:54<03:04,  4.98s/it]
 82%|████████▏ | 164/200 [13:59<03:00,  5.01s/it]
 82%|████████▎ | 165/200 [14:04<02:52,  4.93s/it]
 83%|████████▎ | 166/200 [14:09<02:48,  4.96s/it]
 84%|████████▎ | 167/200 [14:14<02:43,  4.97s/it]
 84%|████████▍ | 168/200 [14:19<02:39,  4.99s/it]
 84%|████████▍ | 169/200 [14:24<02:34,  4.99s/it]
 85%|████████▌ | 170/200 [14:29<02:33,  5.13s/it]
 86%|████████▌ | 171/200 [14:34<02:27,  5.07s/it]
 86%|████████▌ | 172/200 [14:40<02:30,  5.37s/it]
 86%|████████▋ | 173/200 [14:46<02:27,  5.45s/it]
 87%|████████▋ | 174/200 [14:51<02:23,  5.52s/it]
 88%|████████▊ | 175/200 [14:57<02:18,  5.55s/it]
 88%|████████▊ | 176/200 [15:03<02:12,  5.54s/it]
 88%|████████▊ | 177/200 [15:08<02:04,  5.42s/it]
 89%|████████▉ | 178/200 [15:13<01:57,  5.35s/it]
 90%|████████▉ | 179/200 [15:18<01:52,  5.34s/it]
 90%|█████████ | 180/200 [15:23<01:44,  5.22s/it]
 90%|█████████ | 181/200 [15:28<01:38,  5.20s/it]
 91%|█████████ | 182/200 [15:34<01:34,  5.26s/it]
 92%|█████████▏| 183/200 [15:39<01:29,  5.28s/it]
 92%|█████████▏| 184/200 [15:44<01:24,  5.29s/it]
 92%|█████████▎| 185/200 [15:49<01:17,  5.14s/it]
 93%|█████████▎| 186/200 [15:54<01:11,  5.14s/it]
 94%|█████████▎| 187/200 [15:59<01:06,  5.13s/it]
 94%|█████████▍| 188/200 [16:05<01:01,  5.15s/it]
 94%|█████████▍| 189/200 [16:10<00:55,  5.09s/it]
 95%|█████████▌| 190/200 [16:14<00:50,  5.04s/it]
 96%|█████████▌| 191/200 [16:20<00:46,  5.13s/it]
 96%|█████████▌| 192/200 [16:25<00:41,  5.14s/it]
 96%|█████████▋| 193/200 [16:30<00:35,  5.04s/it]
 97%|█████████▋| 194/200 [16:35<00:30,  5.12s/it]
 98%|█████████▊| 195/200 [16:40<00:25,  5.11s/it]
 98%|█████████▊| 196/200 [16:45<00:20,  5.12s/it]
 98%|█████████▊| 197/200 [16:50<00:15,  5.09s/it]
 99%|█████████▉| 198/200 [16:55<00:10,  5.09s/it]
100%|█████████▉| 199/200 [17:00<00:05,  5.02s/it]
100%|██████████| 200/200 [17:06<00:00,  5.09s/it]
                                                 
0
1
2
3
4
5
6
7
8
9
10
11
12
13
14
15
16
17
18
19
20
21
22
23
24
25
26
27
28
29
30
31
32
33
34
35
36
37
38
39
40
41
42
43
44
45
46
47
48
49
50
51
52
53
54
55
56
57
58
59
60
61
62
63
64
65
66
67
68
69
70
71
72
73
74
75
76
77
78
79
80
81
82
83
84
85
86
87
88
89
90
91
92
93
94
95
96
97
98
99
100
101
102
103
104
105
106
107
108
109
110
111
112
113
114
115
116
117
118
119
120
121
122
123
124
125
126
127
128
129
130
131
132
133
134
135
136
137
138
139
140
141
142
143
144
145
146
147
148
149
150
151
152
153
154
155
156
157
158
159
160
161
162
163
164
165
166
167
168
169
170
171
172
173
174
175
176
177
178
179
180
181
182
183
184
185
186
187
188
189
190
191
192
193
194
195
196
197
198
199
