 
Files to read: ['../pilot-cpjump1-data/profiles/2020_11_04_CPJUMP1/BR00116995/BR00116995_normalized_feature_select_negcon.csv.gz']
Files to read: ['../pilot-cpjump1-data/profiles/2020_11_04_CPJUMP1/BR00117024/BR00117024_normalized_feature_select_negcon.csv.gz']
Files to read: ['../pilot-cpjump1-data/profiles/2020_11_04_CPJUMP1/BR00117025/BR00117025_normalized_feature_select_negcon.csv.gz']
Files to read: ['../pilot-cpjump1-data/profiles/2020_11_04_CPJUMP1/BR00117026/BR00117026_normalized_feature_select_negcon.csv.gz']
Files to read: ['../pilot-cpjump1-data/profiles/2020_11_04_CPJUMP1/BR00116997/BR00116997_normalized_feature_select_negcon.csv.gz']
Files to read: ['../pilot-cpjump1-data/profiles/2020_11_04_CPJUMP1/BR00116998/BR00116998_normalized_feature_select_negcon.csv.gz']
Files to read: ['../pilot-cpjump1-data/profiles/2020_11_04_CPJUMP1/BR00116999/BR00116999_normalized_feature_select_negcon.csv.gz']
Files to read: ['../pilot-cpjump1-data/profiles/2020_11_04_CPJUMP1/BR00116996/BR00116996_normalized_feature_select_negcon.csv.gz']
Files to read: ['../pilot-cpjump1-data/profiles/2020_11_04_CPJUMP1/BR00117022/BR00117022_normalized_feature_select_negcon.csv.gz']
Files to read: ['../pilot-cpjump1-data/profiles/2020_11_04_CPJUMP1/BR00117023/BR00117023_normalized_feature_select_negcon.csv.gz']

  0%|          | 0/200 [00:00<?, ?it/s]
  0%|          | 1/200 [00:05<17:16,  5.21s/it]
  1%|          | 2/200 [00:10<16:57,  5.14s/it]
  2%|▏         | 3/200 [00:15<17:06,  5.21s/it]
  2%|▏         | 4/200 [00:20<16:52,  5.16s/it]
  2%|▎         | 5/200 [00:25<16:45,  5.15s/it]
  3%|▎         | 6/200 [00:30<16:38,  5.15s/it]
  4%|▎         | 7/200 [00:36<16:59,  5.28s/it]
  4%|▍         | 8/200 [00:41<17:03,  5.33s/it]
  4%|▍         | 9/200 [00:47<16:48,  5.28s/it]
  5%|▌         | 10/200 [00:52<16:38,  5.26s/it]
  6%|▌         | 11/200 [00:57<16:14,  5.16s/it]
  6%|▌         | 12/200 [01:02<16:03,  5.12s/it]
  6%|▋         | 13/200 [01:07<16:00,  5.13s/it]
  7%|▋         | 14/200 [01:12<15:32,  5.01s/it]
  8%|▊         | 15/200 [01:17<15:53,  5.15s/it]
  8%|▊         | 16/200 [01:22<15:35,  5.08s/it]
  8%|▊         | 17/200 [01:27<15:39,  5.13s/it]
  9%|▉         | 18/200 [01:32<15:31,  5.12s/it]
 10%|▉         | 19/200 [01:38<15:29,  5.14s/it]
 10%|█         | 20/200 [01:43<15:18,  5.10s/it]
 10%|█         | 21/200 [01:48<15:47,  5.29s/it]
 11%|█         | 22/200 [01:54<15:56,  5.37s/it]
 12%|█▏        | 23/200 [02:00<16:40,  5.65s/it]
 12%|█▏        | 24/200 [02:07<17:17,  5.89s/it]
 12%|█▎        | 25/200 [02:13<17:09,  5.88s/it]
 13%|█▎        | 26/200 [02:18<16:31,  5.70s/it]
 14%|█▎        | 27/200 [02:24<16:38,  5.77s/it]
 14%|█▍        | 28/200 [02:29<16:03,  5.60s/it]
 14%|█▍        | 29/200 [02:34<15:54,  5.58s/it]
 15%|█▌        | 30/200 [02:40<15:52,  5.60s/it]
 16%|█▌        | 31/200 [02:45<15:25,  5.48s/it]
 16%|█▌        | 32/200 [02:51<15:07,  5.40s/it]
 16%|█▋        | 33/200 [02:56<14:45,  5.30s/it]
 17%|█▋        | 34/200 [03:01<14:47,  5.35s/it]
 18%|█▊        | 35/200 [03:06<14:20,  5.22s/it]
 18%|█▊        | 36/200 [03:11<14:21,  5.25s/it]
 18%|█▊        | 37/200 [03:16<14:04,  5.18s/it]
 19%|█▉        | 38/200 [03:21<13:58,  5.17s/it]
 20%|█▉        | 39/200 [03:26<13:44,  5.12s/it]
 20%|██        | 40/200 [03:32<13:51,  5.20s/it]
 20%|██        | 41/200 [03:37<13:44,  5.19s/it]
 21%|██        | 42/200 [03:42<13:42,  5.21s/it]
 22%|██▏       | 43/200 [03:47<13:22,  5.11s/it]
 22%|██▏       | 44/200 [03:52<13:22,  5.14s/it]
 22%|██▎       | 45/200 [03:57<13:12,  5.12s/it]
 23%|██▎       | 46/200 [04:03<13:06,  5.11s/it]
 24%|██▎       | 47/200 [04:08<13:20,  5.23s/it]
 24%|██▍       | 48/200 [04:13<13:12,  5.21s/it]
 24%|██▍       | 49/200 [04:18<12:56,  5.14s/it]
 25%|██▌       | 50/200 [04:23<12:49,  5.13s/it]
 26%|██▌       | 51/200 [04:28<12:39,  5.10s/it]
 26%|██▌       | 52/200 [04:34<12:40,  5.14s/it]
 26%|██▋       | 53/200 [04:39<12:28,  5.09s/it]
 27%|██▋       | 54/200 [04:44<12:20,  5.07s/it]
 28%|██▊       | 55/200 [04:48<12:09,  5.03s/it]
 28%|██▊       | 56/200 [04:54<12:09,  5.07s/it]
 28%|██▊       | 57/200 [04:59<12:22,  5.19s/it]
 29%|██▉       | 58/200 [05:05<12:48,  5.41s/it]
 30%|██▉       | 59/200 [05:11<13:04,  5.56s/it]
 30%|███       | 60/200 [05:17<13:23,  5.74s/it]
 30%|███       | 61/200 [05:23<13:27,  5.81s/it]
 31%|███       | 62/200 [05:28<13:00,  5.66s/it]
 32%|███▏      | 63/200 [05:34<12:39,  5.54s/it]
 32%|███▏      | 64/200 [05:39<12:11,  5.38s/it]
 32%|███▎      | 65/200 [05:44<11:50,  5.26s/it]
 33%|███▎      | 66/200 [05:49<11:40,  5.23s/it]
 34%|███▎      | 67/200 [05:54<11:21,  5.13s/it]
 34%|███▍      | 68/200 [05:59<11:13,  5.10s/it]
 34%|███▍      | 69/200 [06:04<11:07,  5.09s/it]
 35%|███▌      | 70/200 [06:09<11:23,  5.26s/it]
 36%|███▌      | 71/200 [06:15<11:21,  5.28s/it]
 36%|███▌      | 72/200 [06:20<11:04,  5.19s/it]
 36%|███▋      | 73/200 [06:25<10:50,  5.12s/it]
 37%|███▋      | 74/200 [06:30<10:45,  5.12s/it]
 38%|███▊      | 75/200 [06:35<10:53,  5.23s/it]
 38%|███▊      | 76/200 [06:41<10:56,  5.30s/it]
 38%|███▊      | 77/200 [06:46<10:43,  5.23s/it]
 39%|███▉      | 78/200 [06:51<10:37,  5.23s/it]
 40%|███▉      | 79/200 [06:56<10:28,  5.19s/it]
 40%|████      | 80/200 [07:02<10:36,  5.31s/it]
 40%|████      | 81/200 [07:07<10:32,  5.32s/it]
 41%|████      | 82/200 [07:12<10:29,  5.34s/it]
 42%|████▏     | 83/200 [07:18<10:13,  5.24s/it]
 42%|████▏     | 84/200 [07:23<10:14,  5.29s/it]
 42%|████▎     | 85/200 [07:29<10:33,  5.51s/it]
 43%|████▎     | 86/200 [07:34<10:15,  5.40s/it]
 44%|████▎     | 87/200 [07:39<09:58,  5.29s/it]
 44%|████▍     | 88/200 [07:45<10:00,  5.36s/it]
 44%|████▍     | 89/200 [07:50<09:40,  5.23s/it]
 45%|████▌     | 90/200 [07:55<09:31,  5.20s/it]
 46%|████▌     | 91/200 [08:00<09:39,  5.32s/it]
 46%|████▌     | 92/200 [08:06<09:35,  5.33s/it]
 46%|████▋     | 93/200 [08:11<09:36,  5.39s/it]
 47%|████▋     | 94/200 [08:17<09:29,  5.37s/it]
 48%|████▊     | 95/200 [08:22<09:16,  5.30s/it]
 48%|████▊     | 96/200 [08:28<09:30,  5.49s/it]
 48%|████▊     | 97/200 [08:33<09:24,  5.48s/it]
 49%|████▉     | 98/200 [08:38<09:09,  5.39s/it]
 50%|████▉     | 99/200 [08:43<08:53,  5.28s/it]
 50%|█████     | 100/200 [08:50<09:18,  5.59s/it]
 50%|█████     | 101/200 [08:55<09:20,  5.66s/it]
 51%|█████     | 102/200 [09:00<08:59,  5.50s/it]
 52%|█████▏    | 103/200 [09:06<08:39,  5.36s/it]
 52%|█████▏    | 104/200 [09:11<08:26,  5.28s/it]
 52%|█████▎    | 105/200 [09:16<08:16,  5.23s/it]
 53%|█████▎    | 106/200 [09:21<08:08,  5.19s/it]
 54%|█████▎    | 107/200 [09:26<08:07,  5.25s/it]
 54%|█████▍    | 108/200 [09:32<08:04,  5.27s/it]
 55%|█████▍    | 109/200 [09:36<07:50,  5.18s/it]
 55%|█████▌    | 110/200 [09:41<07:41,  5.12s/it]
 56%|█████▌    | 111/200 [09:47<07:38,  5.15s/it]
 56%|█████▌    | 112/200 [09:52<07:34,  5.17s/it]
 56%|█████▋    | 113/200 [09:57<07:27,  5.15s/it]
 57%|█████▋    | 114/200 [10:02<07:19,  5.12s/it]
 57%|█████▊    | 115/200 [10:07<07:19,  5.17s/it]
 58%|█████▊    | 116/200 [10:13<07:17,  5.21s/it]
 58%|█████▊    | 117/200 [10:18<07:16,  5.26s/it]
 59%|█████▉    | 118/200 [10:23<07:06,  5.20s/it]
 60%|█████▉    | 119/200 [10:28<06:58,  5.17s/it]
 60%|██████    | 120/200 [10:33<06:54,  5.18s/it]
 60%|██████    | 121/200 [10:38<06:43,  5.10s/it]
 61%|██████    | 122/200 [10:44<06:39,  5.13s/it]
 62%|██████▏   | 123/200 [10:48<06:29,  5.06s/it]
 62%|██████▏   | 124/200 [10:53<06:24,  5.05s/it]
 62%|██████▎   | 125/200 [10:59<06:20,  5.08s/it]
 63%|██████▎   | 126/200 [11:04<06:16,  5.09s/it]
 64%|██████▎   | 127/200 [11:09<06:12,  5.10s/it]
 64%|██████▍   | 128/200 [11:14<06:04,  5.06s/it]
 64%|██████▍   | 129/200 [11:19<06:01,  5.10s/it]
 65%|██████▌   | 130/200 [11:24<05:57,  5.10s/it]
 66%|██████▌   | 131/200 [11:29<05:49,  5.07s/it]
 66%|██████▌   | 132/200 [11:35<06:02,  5.33s/it]
 66%|██████▋   | 133/200 [11:41<06:11,  5.55s/it]
 67%|██████▋   | 134/200 [11:47<06:13,  5.67s/it]
 68%|██████▊   | 135/200 [11:53<06:21,  5.87s/it]
 68%|██████▊   | 136/200 [11:59<06:18,  5.92s/it]
 68%|██████▊   | 137/200 [12:05<05:57,  5.68s/it]
 69%|██████▉   | 138/200 [12:10<05:40,  5.49s/it]
 70%|██████▉   | 139/200 [12:15<05:33,  5.47s/it]
 70%|███████   | 140/200 [12:20<05:24,  5.40s/it]
 70%|███████   | 141/200 [12:25<05:14,  5.33s/it]
 71%|███████   | 142/200 [12:30<05:04,  5.25s/it]
 72%|███████▏  | 143/200 [12:35<04:53,  5.15s/it]
 72%|███████▏  | 144/200 [12:40<04:45,  5.10s/it]
 72%|███████▎  | 145/200 [12:46<04:53,  5.33s/it]
 73%|███████▎  | 146/200 [12:51<04:44,  5.27s/it]
 74%|███████▎  | 147/200 [12:57<04:37,  5.24s/it]
 74%|███████▍  | 148/200 [13:02<04:36,  5.31s/it]
 74%|███████▍  | 149/200 [13:07<04:22,  5.14s/it]
 75%|███████▌  | 150/200 [13:12<04:17,  5.16s/it]
 76%|███████▌  | 151/200 [13:17<04:13,  5.18s/it]
 76%|███████▌  | 152/200 [13:23<04:10,  5.23s/it]
 76%|███████▋  | 153/200 [13:28<04:05,  5.22s/it]
 77%|███████▋  | 154/200 [13:33<04:04,  5.31s/it]
 78%|███████▊  | 155/200 [13:39<04:06,  5.47s/it]
 78%|███████▊  | 156/200 [13:44<03:59,  5.43s/it]
 78%|███████▊  | 157/200 [13:50<03:49,  5.34s/it]
 79%|███████▉  | 158/200 [13:55<03:43,  5.33s/it]
 80%|███████▉  | 159/200 [14:00<03:36,  5.29s/it]
 80%|████████  | 160/200 [14:05<03:25,  5.15s/it]
 80%|████████  | 161/200 [14:10<03:22,  5.19s/it]
 81%|████████  | 162/200 [14:15<03:18,  5.22s/it]
 82%|████████▏ | 163/200 [14:21<03:13,  5.24s/it]
 82%|████████▏ | 164/200 [14:26<03:04,  5.12s/it]
 82%|████████▎ | 165/200 [14:30<02:56,  5.05s/it]
 83%|████████▎ | 166/200 [14:36<02:56,  5.18s/it]
 84%|████████▎ | 167/200 [14:41<02:50,  5.18s/it]
 84%|████████▍ | 168/200 [14:46<02:46,  5.19s/it]
 84%|████████▍ | 169/200 [14:52<02:45,  5.32s/it]
 85%|████████▌ | 170/200 [14:58<02:43,  5.46s/it]
 86%|████████▌ | 171/200 [15:04<02:42,  5.62s/it]
 86%|████████▌ | 172/200 [15:09<02:35,  5.54s/it]
 86%|████████▋ | 173/200 [15:14<02:26,  5.42s/it]
 87%|████████▋ | 174/200 [15:19<02:18,  5.34s/it]
 88%|████████▊ | 175/200 [15:25<02:12,  5.28s/it]
 88%|████████▊ | 176/200 [15:30<02:05,  5.23s/it]
 88%|████████▊ | 177/200 [15:35<01:58,  5.14s/it]
 89%|████████▉ | 178/200 [15:40<01:55,  5.25s/it]
 90%|████████▉ | 179/200 [15:45<01:48,  5.18s/it]
 90%|█████████ | 180/200 [15:50<01:42,  5.13s/it]
 90%|█████████ | 181/200 [15:56<01:39,  5.22s/it]
 91%|█████████ | 182/200 [16:00<01:32,  5.11s/it]
 92%|█████████▏| 183/200 [16:05<01:26,  5.06s/it]
 92%|█████████▏| 184/200 [16:10<01:19,  5.00s/it]
 92%|█████████▎| 185/200 [16:15<01:13,  4.87s/it]
 93%|█████████▎| 186/200 [16:20<01:09,  4.98s/it]
 94%|█████████▎| 187/200 [16:25<01:06,  5.11s/it]
 94%|█████████▍| 188/200 [16:31<01:02,  5.21s/it]
 94%|█████████▍| 189/200 [16:36<00:56,  5.15s/it]
 95%|█████████▌| 190/200 [16:42<00:53,  5.32s/it]
 96%|█████████▌| 191/200 [16:47<00:47,  5.29s/it]
 96%|█████████▌| 192/200 [16:52<00:42,  5.33s/it]
 96%|█████████▋| 193/200 [16:57<00:36,  5.21s/it]
 97%|█████████▋| 194/200 [17:02<00:30,  5.13s/it]
 98%|█████████▊| 195/200 [17:07<00:25,  5.05s/it]
 98%|█████████▊| 196/200 [17:12<00:20,  5.08s/it]
 98%|█████████▊| 197/200 [17:18<00:15,  5.29s/it]
 99%|█████████▉| 198/200 [17:23<00:10,  5.27s/it]
100%|█████████▉| 199/200 [17:28<00:05,  5.20s/it]
100%|██████████| 200/200 [17:33<00:00,  5.15s/it]
                                                 
0
1
2
3
4
5
6
7
8
9
10
11
12
13
14
15
16
17
18
19
20
21
22
23
24
25
26
27
28
29
30
31
32
33
34
35
36
37
38
39
40
41
42
43
44
45
46
47
48
49
50
51
52
53
54
55
56
57
58
59
60
61
62
63
64
65
66
67
68
69
70
71
72
73
74
75
76
77
78
79
80
81
82
83
84
85
86
87
88
89
90
91
92
93
94
95
96
97
98
99
100
101
102
103
104
105
106
107
108
109
110
111
112
113
114
115
116
117
118
119
120
121
122
123
124
125
126
127
128
129
130
131
132
133
134
135
136
137
138
139
140
141
142
143
144
145
146
147
148
149
150
151
152
153
154
155
156
157
158
159
160
161
162
163
164
165
166
167
168
169
170
171
172
173
174
175
176
177
178
179
180
181
182
183
184
185
186
187
188
189
190
191
192
193
194
195
196
197
198
199
