 
Files to read: ['../pilot-cpjump1-data/profiles/2020_11_04_CPJUMP1/BR00116995/BR00116995_normalized_feature_select_negcon.csv.gz']
Files to read: ['../pilot-cpjump1-data/profiles/2020_11_04_CPJUMP1/BR00117024/BR00117024_normalized_feature_select_negcon.csv.gz']
Files to read: ['../pilot-cpjump1-data/profiles/2020_11_04_CPJUMP1/BR00117025/BR00117025_normalized_feature_select_negcon.csv.gz']
Files to read: ['../pilot-cpjump1-data/profiles/2020_11_04_CPJUMP1/BR00117026/BR00117026_normalized_feature_select_negcon.csv.gz']
Files to read: ['../pilot-cpjump1-data/profiles/2020_11_04_CPJUMP1/BR00116997/BR00116997_normalized_feature_select_negcon.csv.gz']
Files to read: ['../pilot-cpjump1-data/profiles/2020_11_04_CPJUMP1/BR00116998/BR00116998_normalized_feature_select_negcon.csv.gz']
Files to read: ['../pilot-cpjump1-data/profiles/2020_11_04_CPJUMP1/BR00116999/BR00116999_normalized_feature_select_negcon.csv.gz']
Files to read: ['../pilot-cpjump1-data/profiles/2020_11_04_CPJUMP1/BR00116996/BR00116996_normalized_feature_select_negcon.csv.gz']
Files to read: ['../pilot-cpjump1-data/profiles/2020_11_04_CPJUMP1/BR00117022/BR00117022_normalized_feature_select_negcon.csv.gz']
Files to read: ['../pilot-cpjump1-data/profiles/2020_11_04_CPJUMP1/BR00117023/BR00117023_normalized_feature_select_negcon.csv.gz']

  0%|          | 0/200 [00:00<?, ?it/s]
  0%|          | 1/200 [00:07<23:41,  7.14s/it]
  1%|          | 2/200 [00:11<17:23,  5.27s/it]
  2%|▏         | 3/200 [00:15<15:29,  4.72s/it]
  2%|▏         | 4/200 [00:19<14:42,  4.50s/it]
  2%|▎         | 5/200 [00:23<14:07,  4.35s/it]
  3%|▎         | 6/200 [00:27<13:34,  4.20s/it]
  4%|▎         | 7/200 [00:31<13:05,  4.07s/it]
  4%|▍         | 8/200 [00:35<12:59,  4.06s/it]
  4%|▍         | 9/200 [00:39<12:45,  4.01s/it]
  5%|▌         | 10/200 [00:42<12:22,  3.91s/it]
  6%|▌         | 11/200 [00:46<12:14,  3.89s/it]
  6%|▌         | 12/200 [00:50<12:08,  3.88s/it]
  6%|▋         | 13/200 [00:54<12:13,  3.92s/it]
  7%|▋         | 14/200 [00:58<12:23,  4.00s/it]
  8%|▊         | 15/200 [01:02<12:22,  4.02s/it]
  8%|▊         | 16/200 [01:07<12:39,  4.13s/it]
  8%|▊         | 17/200 [01:11<12:31,  4.11s/it]
  9%|▉         | 18/200 [01:15<12:20,  4.07s/it]
 10%|▉         | 19/200 [01:19<12:16,  4.07s/it]
 10%|█         | 20/200 [01:23<12:03,  4.02s/it]
 10%|█         | 21/200 [01:27<12:02,  4.03s/it]
 11%|█         | 22/200 [01:31<11:53,  4.01s/it]
 12%|█▏        | 23/200 [01:35<11:44,  3.98s/it]
 12%|█▏        | 24/200 [01:38<11:33,  3.94s/it]
 12%|█▎        | 25/200 [01:42<11:27,  3.93s/it]
 13%|█▎        | 26/200 [01:47<12:01,  4.15s/it]
 14%|█▎        | 27/200 [01:51<11:44,  4.07s/it]
 14%|█▍        | 28/200 [01:55<11:25,  3.99s/it]
 14%|█▍        | 29/200 [01:58<11:14,  3.95s/it]
 15%|█▌        | 30/200 [02:02<11:08,  3.93s/it]
 16%|█▌        | 31/200 [02:06<10:55,  3.88s/it]
 16%|█▌        | 32/200 [02:10<10:57,  3.91s/it]
 16%|█▋        | 33/200 [02:14<11:10,  4.01s/it]
 17%|█▋        | 34/200 [02:19<11:16,  4.08s/it]
 18%|█▊        | 35/200 [02:23<11:33,  4.20s/it]
 18%|█▊        | 36/200 [02:28<11:52,  4.35s/it]
 18%|█▊        | 37/200 [02:32<11:37,  4.28s/it]
 19%|█▉        | 38/200 [02:36<11:27,  4.24s/it]
 20%|█▉        | 39/200 [02:40<11:09,  4.16s/it]
 20%|██        | 40/200 [02:44<11:08,  4.18s/it]
 20%|██        | 41/200 [02:48<11:00,  4.16s/it]
 21%|██        | 42/200 [02:52<10:50,  4.11s/it]
 22%|██▏       | 43/200 [02:56<10:38,  4.06s/it]
 22%|██▏       | 44/200 [03:00<10:27,  4.02s/it]
 22%|██▎       | 45/200 [03:05<10:54,  4.22s/it]
 23%|██▎       | 46/200 [03:09<10:39,  4.15s/it]
 24%|██▎       | 47/200 [03:13<10:17,  4.04s/it]
 24%|██▍       | 48/200 [03:17<10:24,  4.11s/it]
 24%|██▍       | 49/200 [03:21<10:33,  4.19s/it]
 25%|██▌       | 50/200 [03:26<10:35,  4.23s/it]
 26%|██▌       | 51/200 [03:30<10:24,  4.19s/it]
 26%|██▌       | 52/200 [03:34<10:07,  4.10s/it]
 26%|██▋       | 53/200 [03:38<09:55,  4.05s/it]
 27%|██▋       | 54/200 [03:42<09:54,  4.07s/it]
 28%|██▊       | 55/200 [03:46<09:55,  4.11s/it]
 28%|██▊       | 56/200 [03:50<09:48,  4.09s/it]
 28%|██▊       | 57/200 [03:54<09:39,  4.05s/it]
 29%|██▉       | 58/200 [03:58<09:29,  4.01s/it]
 30%|██▉       | 59/200 [04:02<09:26,  4.02s/it]
 30%|███       | 60/200 [04:06<09:28,  4.06s/it]
 30%|███       | 61/200 [04:10<09:13,  3.98s/it]
 31%|███       | 62/200 [04:14<09:08,  3.98s/it]
 32%|███▏      | 63/200 [04:18<09:26,  4.13s/it]
 32%|███▏      | 64/200 [04:22<09:11,  4.06s/it]
 32%|███▎      | 65/200 [04:26<09:07,  4.06s/it]
 33%|███▎      | 66/200 [04:30<08:46,  3.93s/it]
 34%|███▎      | 67/200 [04:34<08:40,  3.91s/it]
 34%|███▍      | 68/200 [04:38<08:41,  3.95s/it]
 34%|███▍      | 69/200 [04:42<08:44,  4.01s/it]
 35%|███▌      | 70/200 [04:46<08:33,  3.95s/it]
 36%|███▌      | 71/200 [04:50<08:23,  3.91s/it]
 36%|███▌      | 72/200 [04:53<08:18,  3.90s/it]
 36%|███▋      | 73/200 [04:57<08:19,  3.93s/it]
 37%|███▋      | 74/200 [05:01<08:19,  3.97s/it]
 38%|███▊      | 75/200 [05:05<08:14,  3.96s/it]
 38%|███▊      | 76/200 [05:09<08:12,  3.97s/it]
 38%|███▊      | 77/200 [05:13<08:06,  3.95s/it]
 39%|███▉      | 78/200 [05:17<07:56,  3.90s/it]
 40%|███▉      | 79/200 [05:21<07:57,  3.95s/it]
 40%|████      | 80/200 [05:25<08:05,  4.05s/it]
 40%|████      | 81/200 [05:30<08:25,  4.25s/it]
 41%|████      | 82/200 [05:34<08:20,  4.24s/it]
 42%|████▏     | 83/200 [05:38<08:02,  4.12s/it]
 42%|████▏     | 84/200 [05:42<07:48,  4.04s/it]
 42%|████▎     | 85/200 [05:46<07:37,  3.98s/it]
 43%|████▎     | 86/200 [05:50<07:25,  3.90s/it]
 44%|████▎     | 87/200 [05:54<07:31,  3.99s/it]
 44%|████▍     | 88/200 [05:58<07:22,  3.95s/it]
 44%|████▍     | 89/200 [06:01<07:09,  3.87s/it]
 45%|████▌     | 90/200 [06:05<07:11,  3.92s/it]
 46%|████▌     | 91/200 [06:09<07:12,  3.97s/it]
 46%|████▌     | 92/200 [06:13<07:03,  3.92s/it]
 46%|████▋     | 93/200 [06:17<06:56,  3.89s/it]
 47%|████▋     | 94/200 [06:21<06:50,  3.88s/it]
 48%|████▊     | 95/200 [06:25<06:46,  3.88s/it]
 48%|████▊     | 96/200 [06:29<06:47,  3.92s/it]
 48%|████▊     | 97/200 [06:33<06:43,  3.92s/it]
 49%|████▉     | 98/200 [06:37<06:39,  3.91s/it]
 50%|████▉     | 99/200 [06:41<06:37,  3.93s/it]
 50%|█████     | 100/200 [06:45<06:31,  3.91s/it]
 50%|█████     | 101/200 [06:48<06:24,  3.88s/it]
 51%|█████     | 102/200 [06:52<06:17,  3.85s/it]
 52%|█████▏    | 103/200 [06:56<06:15,  3.87s/it]
 52%|█████▏    | 104/200 [07:00<06:09,  3.85s/it]
 52%|█████▎    | 105/200 [07:04<06:04,  3.84s/it]
 53%|█████▎    | 106/200 [07:07<05:53,  3.76s/it]
 54%|█████▎    | 107/200 [07:11<05:51,  3.78s/it]
 54%|█████▍    | 108/200 [07:15<05:52,  3.83s/it]
 55%|█████▍    | 109/200 [07:19<06:02,  3.99s/it]
 55%|█████▌    | 110/200 [07:24<06:15,  4.17s/it]
 56%|█████▌    | 111/200 [07:28<06:10,  4.17s/it]
 56%|█████▌    | 112/200 [07:32<05:59,  4.08s/it]
 56%|█████▋    | 113/200 [07:36<05:54,  4.08s/it]
 57%|█████▋    | 114/200 [07:41<06:06,  4.27s/it]
 57%|█████▊    | 115/200 [07:45<05:54,  4.16s/it]
 58%|█████▊    | 116/200 [07:49<05:49,  4.16s/it]
 58%|█████▊    | 117/200 [07:53<05:39,  4.09s/it]
 59%|█████▉    | 118/200 [07:57<05:32,  4.05s/it]
 60%|█████▉    | 119/200 [08:01<05:23,  3.99s/it]
 60%|██████    | 120/200 [08:05<05:34,  4.18s/it]
 60%|██████    | 121/200 [08:10<05:48,  4.41s/it]
 61%|██████    | 122/200 [08:14<05:41,  4.38s/it]
 62%|██████▏   | 123/200 [08:18<05:24,  4.22s/it]
 62%|██████▏   | 124/200 [08:22<05:17,  4.17s/it]
 62%|██████▎   | 125/200 [08:27<05:13,  4.18s/it]
 63%|██████▎   | 126/200 [08:30<05:02,  4.09s/it]
 64%|██████▎   | 127/200 [08:34<04:54,  4.04s/it]
 64%|██████▍   | 128/200 [08:39<05:07,  4.27s/it]
 64%|██████▍   | 129/200 [08:43<04:58,  4.21s/it]
 65%|██████▌   | 130/200 [08:47<04:42,  4.03s/it]
 66%|██████▌   | 131/200 [08:51<04:32,  3.94s/it]
 66%|██████▌   | 132/200 [08:54<04:24,  3.89s/it]
 66%|██████▋   | 133/200 [08:59<04:27,  3.99s/it]
 67%|██████▋   | 134/200 [09:02<04:19,  3.92s/it]
 68%|██████▊   | 135/200 [09:06<04:13,  3.90s/it]
 68%|██████▊   | 136/200 [09:10<04:09,  3.89s/it]
 68%|██████▊   | 137/200 [09:14<04:03,  3.86s/it]
 69%|██████▉   | 138/200 [09:18<03:57,  3.83s/it]
 70%|██████▉   | 139/200 [09:21<03:54,  3.84s/it]
 70%|███████   | 140/200 [09:25<03:50,  3.85s/it]
 70%|███████   | 141/200 [09:29<03:48,  3.87s/it]
 71%|███████   | 142/200 [09:33<03:43,  3.85s/it]
 72%|███████▏  | 143/200 [09:37<03:38,  3.84s/it]
 72%|███████▏  | 144/200 [09:41<03:41,  3.95s/it]
 72%|███████▎  | 145/200 [09:45<03:34,  3.89s/it]
 73%|███████▎  | 146/200 [09:49<03:33,  3.95s/it]
 74%|███████▎  | 147/200 [09:53<03:34,  4.05s/it]
 74%|███████▍  | 148/200 [09:57<03:32,  4.09s/it]
 74%|███████▍  | 149/200 [10:01<03:26,  4.05s/it]
 75%|███████▌  | 150/200 [10:05<03:19,  3.99s/it]
 76%|███████▌  | 151/200 [10:09<03:19,  4.06s/it]
 76%|███████▌  | 152/200 [10:13<03:12,  4.02s/it]
 76%|███████▋  | 153/200 [10:17<03:10,  4.04s/it]
 77%|███████▋  | 154/200 [10:21<02:59,  3.91s/it]
 78%|███████▊  | 155/200 [10:25<02:58,  3.96s/it]
 78%|███████▊  | 156/200 [10:29<02:48,  3.83s/it]
 78%|███████▊  | 157/200 [10:33<02:47,  3.89s/it]
 79%|███████▉  | 158/200 [10:37<02:43,  3.89s/it]
 80%|███████▉  | 159/200 [10:40<02:37,  3.85s/it]
 80%|████████  | 160/200 [10:45<02:38,  3.97s/it]
 80%|████████  | 161/200 [10:49<02:44,  4.21s/it]
 81%|████████  | 162/200 [10:54<02:47,  4.40s/it]
 82%|████████▏ | 163/200 [10:59<02:42,  4.38s/it]
 82%|████████▏ | 164/200 [11:02<02:32,  4.25s/it]
 82%|████████▎ | 165/200 [11:07<02:26,  4.19s/it]
 83%|████████▎ | 166/200 [11:10<02:18,  4.08s/it]
 84%|████████▎ | 167/200 [11:14<02:13,  4.04s/it]
 84%|████████▍ | 168/200 [11:19<02:11,  4.11s/it]
 84%|████████▍ | 169/200 [11:23<02:14,  4.33s/it]
 85%|████████▌ | 170/200 [11:27<02:05,  4.18s/it]
 86%|████████▌ | 171/200 [11:31<01:57,  4.06s/it]
 86%|████████▌ | 172/200 [11:35<01:52,  4.03s/it]
 86%|████████▋ | 173/200 [11:39<01:51,  4.14s/it]
 87%|████████▋ | 174/200 [11:44<01:50,  4.23s/it]
 88%|████████▊ | 175/200 [11:48<01:41,  4.07s/it]
 88%|████████▊ | 176/200 [11:51<01:36,  4.01s/it]
 88%|████████▊ | 177/200 [11:56<01:34,  4.09s/it]
 89%|████████▉ | 178/200 [12:00<01:29,  4.05s/it]
 90%|████████▉ | 179/200 [12:04<01:24,  4.02s/it]
 90%|█████████ | 180/200 [12:07<01:18,  3.94s/it]
 90%|█████████ | 181/200 [12:11<01:15,  4.00s/it]
 91%|█████████ | 182/200 [12:15<01:10,  3.94s/it]
 92%|█████████▏| 183/200 [12:20<01:08,  4.04s/it]
 92%|█████████▏| 184/200 [12:23<01:04,  4.02s/it]
 92%|█████████▎| 185/200 [12:27<00:59,  3.97s/it]
 93%|█████████▎| 186/200 [12:32<00:56,  4.07s/it]
 94%|█████████▎| 187/200 [12:36<00:54,  4.17s/it]
 94%|█████████▍| 188/200 [12:40<00:49,  4.09s/it]
 94%|█████████▍| 189/200 [12:44<00:44,  4.02s/it]
 95%|█████████▌| 190/200 [12:48<00:40,  4.00s/it]
 96%|█████████▌| 191/200 [12:52<00:36,  4.03s/it]
 96%|█████████▌| 192/200 [12:56<00:31,  3.99s/it]
 96%|█████████▋| 193/200 [13:00<00:27,  3.92s/it]
 97%|█████████▋| 194/200 [13:03<00:23,  3.84s/it]
 98%|█████████▊| 195/200 [13:08<00:20,  4.08s/it]
 98%|█████████▊| 196/200 [13:12<00:16,  4.18s/it]
 98%|█████████▊| 197/200 [13:16<00:12,  4.17s/it]
 99%|█████████▉| 198/200 [13:21<00:08,  4.20s/it]
100%|█████████▉| 199/200 [13:25<00:04,  4.27s/it]
100%|██████████| 200/200 [13:29<00:00,  4.26s/it]
                                                 
0
1
2
3
4
5
6
7
8
9
10
11
12
13
14
15
16
17
18
19
20
21
22
23
24
25
26
27
28
29
30
31
32
33
34
35
36
37
38
39
40
41
42
43
44
45
46
47
48
49
50
51
52
53
54
55
56
57
58
59
60
61
62
63
64
65
66
67
68
69
70
71
72
73
74
75
76
77
78
79
80
81
82
83
84
85
86
87
88
89
90
91
92
93
94
95
96
97
98
99
100
101
102
103
104
105
106
107
108
109
110
111
112
113
114
115
116
117
118
119
120
121
122
123
124
125
126
127
128
129
130
131
132
133
134
135
136
137
138
139
140
141
142
143
144
145
146
147
148
149
150
151
152
153
154
155
156
157
158
159
160
161
162
163
164
165
166
167
168
169
170
171
172
173
174
175
176
177
178
179
180
181
182
183
184
185
186
187
188
189
190
191
192
193
194
195
196
197
198
199
