 
Files to read: ['../pilot-cpjump1-data/profiles/2020_11_04_CPJUMP1/BR00116995/BR00116995_normalized_feature_select_negcon.csv.gz']
Files to read: ['../pilot-cpjump1-data/profiles/2020_11_04_CPJUMP1/BR00117024/BR00117024_normalized_feature_select_negcon.csv.gz']
Files to read: ['../pilot-cpjump1-data/profiles/2020_11_04_CPJUMP1/BR00117025/BR00117025_normalized_feature_select_negcon.csv.gz']
Files to read: ['../pilot-cpjump1-data/profiles/2020_11_04_CPJUMP1/BR00117026/BR00117026_normalized_feature_select_negcon.csv.gz']
Files to read: ['../pilot-cpjump1-data/profiles/2020_11_04_CPJUMP1/BR00116997/BR00116997_normalized_feature_select_negcon.csv.gz']
Files to read: ['../pilot-cpjump1-data/profiles/2020_11_04_CPJUMP1/BR00116998/BR00116998_normalized_feature_select_negcon.csv.gz']
Files to read: ['../pilot-cpjump1-data/profiles/2020_11_04_CPJUMP1/BR00116999/BR00116999_normalized_feature_select_negcon.csv.gz']
Files to read: ['../pilot-cpjump1-data/profiles/2020_11_04_CPJUMP1/BR00116996/BR00116996_normalized_feature_select_negcon.csv.gz']
Files to read: ['../pilot-cpjump1-data/profiles/2020_11_04_CPJUMP1/BR00117022/BR00117022_normalized_feature_select_negcon.csv.gz']
Files to read: ['../pilot-cpjump1-data/profiles/2020_11_04_CPJUMP1/BR00117023/BR00117023_normalized_feature_select_negcon.csv.gz']

  0%|          | 0/200 [00:00<?, ?it/s]
  0%|          | 1/200 [00:06<22:38,  6.83s/it]
  1%|          | 2/200 [00:10<16:55,  5.13s/it]
  2%|▏         | 3/200 [00:14<14:43,  4.48s/it]
  2%|▏         | 4/200 [00:18<14:24,  4.41s/it]
  2%|▎         | 5/200 [00:22<13:46,  4.24s/it]
  3%|▎         | 6/200 [00:26<13:40,  4.23s/it]
  4%|▎         | 7/200 [00:31<13:33,  4.22s/it]
  4%|▍         | 8/200 [00:35<13:25,  4.19s/it]
  4%|▍         | 9/200 [00:39<13:16,  4.17s/it]
  5%|▌         | 10/200 [00:43<13:04,  4.13s/it]
  6%|▌         | 11/200 [00:47<13:01,  4.13s/it]
  6%|▌         | 12/200 [00:51<12:47,  4.08s/it]
  6%|▋         | 13/200 [00:55<12:42,  4.08s/it]
  7%|▋         | 14/200 [00:59<12:44,  4.11s/it]
  8%|▊         | 15/200 [01:03<12:25,  4.03s/it]
  8%|▊         | 16/200 [01:07<12:29,  4.07s/it]
  8%|▊         | 17/200 [01:12<12:34,  4.12s/it]
  9%|▉         | 18/200 [01:15<12:14,  4.04s/it]
 10%|▉         | 19/200 [01:20<12:18,  4.08s/it]
 10%|█         | 20/200 [01:24<12:22,  4.12s/it]
 10%|█         | 21/200 [01:28<12:08,  4.07s/it]
 11%|█         | 22/200 [01:31<11:46,  3.97s/it]
 12%|█▏        | 23/200 [01:36<11:46,  3.99s/it]
 12%|█▏        | 24/200 [01:40<11:46,  4.01s/it]
 12%|█▎        | 25/200 [01:44<11:45,  4.03s/it]
 13%|█▎        | 26/200 [01:48<11:46,  4.06s/it]
 14%|█▎        | 27/200 [01:52<11:29,  3.99s/it]
 14%|█▍        | 28/200 [01:56<11:29,  4.01s/it]
 14%|█▍        | 29/200 [02:00<11:25,  4.01s/it]
 15%|█▌        | 30/200 [02:04<11:27,  4.04s/it]
 16%|█▌        | 31/200 [02:08<11:40,  4.15s/it]
 16%|█▌        | 32/200 [02:13<11:53,  4.25s/it]
 16%|█▋        | 33/200 [02:16<11:26,  4.11s/it]
 17%|█▋        | 34/200 [02:20<11:18,  4.09s/it]
 18%|█▊        | 35/200 [02:25<11:27,  4.17s/it]
 18%|█▊        | 36/200 [02:29<11:22,  4.16s/it]
 18%|█▊        | 37/200 [02:33<11:17,  4.16s/it]
 19%|█▉        | 38/200 [02:37<10:57,  4.06s/it]
 20%|█▉        | 39/200 [02:41<10:43,  4.00s/it]
 20%|██        | 40/200 [02:45<10:55,  4.09s/it]
 20%|██        | 41/200 [02:49<10:42,  4.04s/it]
 21%|██        | 42/200 [02:53<10:45,  4.08s/it]
 22%|██▏       | 43/200 [02:58<11:08,  4.26s/it]
 22%|██▏       | 44/200 [03:02<11:02,  4.25s/it]
 22%|██▎       | 45/200 [03:06<10:47,  4.18s/it]
 23%|██▎       | 46/200 [03:10<10:37,  4.14s/it]
 24%|██▎       | 47/200 [03:14<10:28,  4.11s/it]
 24%|██▍       | 48/200 [03:19<10:35,  4.18s/it]
 24%|██▍       | 49/200 [03:23<10:22,  4.12s/it]
 25%|██▌       | 50/200 [03:26<10:10,  4.07s/it]
 26%|██▌       | 51/200 [03:30<10:02,  4.05s/it]
 26%|██▌       | 52/200 [03:35<09:58,  4.05s/it]
 26%|██▋       | 53/200 [03:39<10:10,  4.15s/it]
 27%|██▋       | 54/200 [03:43<10:02,  4.12s/it]
 28%|██▊       | 55/200 [03:47<09:56,  4.12s/it]
 28%|██▊       | 56/200 [03:51<09:46,  4.07s/it]
 28%|██▊       | 57/200 [03:55<09:27,  3.97s/it]
 29%|██▉       | 58/200 [03:59<09:24,  3.98s/it]
 30%|██▉       | 59/200 [04:03<09:14,  3.93s/it]
 30%|███       | 60/200 [04:06<09:02,  3.87s/it]
 30%|███       | 61/200 [04:10<09:07,  3.94s/it]
 31%|███       | 62/200 [04:14<09:02,  3.93s/it]
 32%|███▏      | 63/200 [04:19<09:36,  4.21s/it]
 32%|███▏      | 64/200 [04:23<09:19,  4.11s/it]
 32%|███▎      | 65/200 [04:27<09:01,  4.01s/it]
 33%|███▎      | 66/200 [04:31<09:03,  4.06s/it]
 34%|███▎      | 67/200 [04:35<08:52,  4.00s/it]
 34%|███▍      | 68/200 [04:39<08:38,  3.93s/it]
 34%|███▍      | 69/200 [04:43<08:42,  3.99s/it]
 35%|███▌      | 70/200 [04:48<09:18,  4.29s/it]
 36%|███▌      | 71/200 [04:52<09:27,  4.40s/it]
 36%|███▌      | 72/200 [04:56<08:59,  4.22s/it]
 36%|███▋      | 73/200 [05:00<08:45,  4.14s/it]
 37%|███▋      | 74/200 [05:04<08:44,  4.16s/it]
 38%|███▊      | 75/200 [05:08<08:28,  4.07s/it]
 38%|███▊      | 76/200 [05:12<08:25,  4.08s/it]
 38%|███▊      | 77/200 [05:16<08:13,  4.01s/it]
 39%|███▉      | 78/200 [05:20<07:58,  3.92s/it]
 40%|███▉      | 79/200 [05:24<07:48,  3.87s/it]
 40%|████      | 80/200 [05:28<07:49,  3.92s/it]
 40%|████      | 81/200 [05:32<07:47,  3.93s/it]
 41%|████      | 82/200 [05:36<07:56,  4.04s/it]
 42%|████▏     | 83/200 [05:40<07:54,  4.05s/it]
 42%|████▏     | 84/200 [05:44<07:51,  4.06s/it]
 42%|████▎     | 85/200 [05:48<07:46,  4.06s/it]
 43%|████▎     | 86/200 [05:52<07:45,  4.08s/it]
 44%|████▎     | 87/200 [05:56<07:43,  4.10s/it]
 44%|████▍     | 88/200 [06:01<07:52,  4.22s/it]
 44%|████▍     | 89/200 [06:06<08:10,  4.42s/it]
 45%|████▌     | 90/200 [06:10<08:08,  4.44s/it]
 46%|████▌     | 91/200 [06:14<07:43,  4.25s/it]
 46%|████▌     | 92/200 [06:18<07:39,  4.25s/it]
 46%|████▋     | 93/200 [06:23<07:42,  4.32s/it]
 47%|████▋     | 94/200 [06:27<07:32,  4.27s/it]
 48%|████▊     | 95/200 [06:32<07:46,  4.44s/it]
 48%|████▊     | 96/200 [06:36<07:38,  4.40s/it]
 48%|████▊     | 97/200 [06:40<07:29,  4.36s/it]
 49%|████▉     | 98/200 [06:45<07:26,  4.38s/it]
 50%|████▉     | 99/200 [06:49<07:06,  4.22s/it]
 50%|█████     | 100/200 [06:52<06:47,  4.07s/it]
 50%|█████     | 101/200 [06:56<06:34,  3.98s/it]
 51%|█████     | 102/200 [07:01<06:48,  4.17s/it]
 52%|█████▏    | 103/200 [07:05<06:38,  4.10s/it]
 52%|█████▏    | 104/200 [07:09<06:47,  4.25s/it]
 52%|█████▎    | 105/200 [07:13<06:36,  4.18s/it]
 53%|█████▎    | 106/200 [07:18<06:32,  4.17s/it]
 54%|█████▎    | 107/200 [07:22<06:32,  4.22s/it]
 54%|█████▍    | 108/200 [07:26<06:19,  4.12s/it]
 55%|█████▍    | 109/200 [07:30<06:11,  4.08s/it]
 55%|█████▌    | 110/200 [07:34<06:06,  4.08s/it]
 56%|█████▌    | 111/200 [07:38<06:11,  4.18s/it]
 56%|█████▌    | 112/200 [07:43<06:16,  4.28s/it]
 56%|█████▋    | 113/200 [07:47<06:10,  4.25s/it]
 57%|█████▋    | 114/200 [07:51<06:01,  4.21s/it]
 57%|█████▊    | 115/200 [07:55<05:50,  4.12s/it]
 58%|█████▊    | 116/200 [07:59<05:47,  4.14s/it]
 58%|█████▊    | 117/200 [08:03<05:39,  4.09s/it]
 59%|█████▉    | 118/200 [08:08<05:49,  4.26s/it]
 60%|█████▉    | 119/200 [08:12<05:50,  4.32s/it]
 60%|██████    | 120/200 [08:16<05:35,  4.20s/it]
 60%|██████    | 121/200 [08:20<05:25,  4.12s/it]
 61%|██████    | 122/200 [08:24<05:23,  4.14s/it]
 62%|██████▏   | 123/200 [08:28<05:20,  4.16s/it]
 62%|██████▏   | 124/200 [08:33<05:15,  4.15s/it]
 62%|██████▎   | 125/200 [08:37<05:23,  4.32s/it]
 63%|██████▎   | 126/200 [08:41<05:14,  4.25s/it]
 64%|██████▎   | 127/200 [08:45<04:57,  4.08s/it]
 64%|██████▍   | 128/200 [08:49<04:46,  3.98s/it]
 64%|██████▍   | 129/200 [08:53<04:36,  3.90s/it]
 65%|██████▌   | 130/200 [08:56<04:33,  3.91s/it]
 66%|██████▌   | 131/200 [09:01<04:37,  4.02s/it]
 66%|██████▌   | 132/200 [09:05<04:46,  4.22s/it]
 66%|██████▋   | 133/200 [09:10<04:44,  4.24s/it]
 67%|██████▋   | 134/200 [09:14<04:48,  4.37s/it]
 68%|██████▊   | 135/200 [09:19<04:54,  4.53s/it]
 68%|██████▊   | 136/200 [09:24<04:48,  4.50s/it]
 68%|██████▊   | 137/200 [09:28<04:39,  4.44s/it]
 69%|██████▉   | 138/200 [09:32<04:29,  4.35s/it]
 70%|██████▉   | 139/200 [09:37<04:28,  4.41s/it]
 70%|███████   | 140/200 [09:41<04:22,  4.37s/it]
 70%|███████   | 141/200 [09:45<04:15,  4.33s/it]
 71%|███████   | 142/200 [09:49<04:03,  4.19s/it]
 72%|███████▏  | 143/200 [09:53<03:53,  4.10s/it]
 72%|███████▏  | 144/200 [09:57<03:46,  4.05s/it]
 72%|███████▎  | 145/200 [10:01<03:47,  4.13s/it]
 73%|███████▎  | 146/200 [10:05<03:42,  4.12s/it]
 74%|███████▎  | 147/200 [10:10<03:41,  4.17s/it]
 74%|███████▍  | 148/200 [10:14<03:41,  4.26s/it]
 74%|███████▍  | 149/200 [10:18<03:36,  4.25s/it]
 75%|███████▌  | 150/200 [10:22<03:29,  4.20s/it]
 76%|███████▌  | 151/200 [10:26<03:22,  4.12s/it]
 76%|███████▌  | 152/200 [10:30<03:17,  4.10s/it]
 76%|███████▋  | 153/200 [10:34<03:07,  4.00s/it]
 77%|███████▋  | 154/200 [10:38<03:01,  3.95s/it]
 78%|███████▊  | 155/200 [10:42<02:53,  3.86s/it]
 78%|███████▊  | 156/200 [10:45<02:48,  3.83s/it]
 78%|███████▊  | 157/200 [10:49<02:44,  3.82s/it]
 79%|███████▉  | 158/200 [10:53<02:40,  3.81s/it]
 80%|███████▉  | 159/200 [10:57<02:37,  3.85s/it]
 80%|████████  | 160/200 [11:01<02:36,  3.90s/it]
 80%|████████  | 161/200 [11:05<02:33,  3.92s/it]
 81%|████████  | 162/200 [11:09<02:30,  3.96s/it]
 82%|████████▏ | 163/200 [11:13<02:26,  3.97s/it]
 82%|████████▏ | 164/200 [11:18<02:29,  4.14s/it]
 82%|████████▎ | 165/200 [11:21<02:22,  4.08s/it]
 83%|████████▎ | 166/200 [11:26<02:19,  4.09s/it]
 84%|████████▎ | 167/200 [11:30<02:13,  4.04s/it]
 84%|████████▍ | 168/200 [11:34<02:09,  4.06s/it]
 84%|████████▍ | 169/200 [11:38<02:05,  4.04s/it]
 85%|████████▌ | 170/200 [11:42<02:02,  4.08s/it]
 86%|████████▌ | 171/200 [11:46<01:56,  4.01s/it]
 86%|████████▌ | 172/200 [11:49<01:50,  3.95s/it]
 86%|████████▋ | 173/200 [11:53<01:46,  3.95s/it]
 87%|████████▋ | 174/200 [11:57<01:42,  3.93s/it]
 88%|████████▊ | 175/200 [12:01<01:37,  3.91s/it]
 88%|████████▊ | 176/200 [12:06<01:38,  4.12s/it]
 88%|████████▊ | 177/200 [12:10<01:34,  4.13s/it]
 89%|████████▉ | 178/200 [12:14<01:32,  4.20s/it]
 90%|████████▉ | 179/200 [12:18<01:27,  4.18s/it]
 90%|█████████ | 180/200 [12:22<01:22,  4.13s/it]
 90%|█████████ | 181/200 [12:26<01:17,  4.08s/it]
 91%|█████████ | 182/200 [12:31<01:13,  4.10s/it]
 92%|█████████▏| 183/200 [12:34<01:08,  4.00s/it]
 92%|█████████▏| 184/200 [12:38<01:04,  4.06s/it]
 92%|█████████▎| 185/200 [12:43<01:02,  4.18s/it]
 93%|█████████▎| 186/200 [12:47<00:57,  4.07s/it]
 94%|█████████▎| 187/200 [12:51<00:52,  4.02s/it]
 94%|█████████▍| 188/200 [12:55<00:50,  4.24s/it]
 94%|█████████▍| 189/200 [13:00<00:46,  4.19s/it]
 95%|█████████▌| 190/200 [13:04<00:43,  4.31s/it]
 96%|█████████▌| 191/200 [13:08<00:38,  4.26s/it]
 96%|█████████▌| 192/200 [13:12<00:33,  4.14s/it]
 96%|█████████▋| 193/200 [13:16<00:28,  4.09s/it]
 97%|█████████▋| 194/200 [13:21<00:25,  4.28s/it]
 98%|█████████▊| 195/200 [13:25<00:21,  4.20s/it]
 98%|█████████▊| 196/200 [13:29<00:16,  4.20s/it]
 98%|█████████▊| 197/200 [13:33<00:12,  4.13s/it]
 99%|█████████▉| 198/200 [13:37<00:08,  4.16s/it]
100%|█████████▉| 199/200 [13:41<00:04,  4.15s/it]
100%|██████████| 200/200 [13:46<00:00,  4.25s/it]
                                                 
0
1
2
3
4
5
6
7
8
9
10
11
12
13
14
15
16
17
18
19
20
21
22
23
24
25
26
27
28
29
30
31
32
33
34
35
36
37
38
39
40
41
42
43
44
45
46
47
48
49
50
51
52
53
54
55
56
57
58
59
60
61
62
63
64
65
66
67
68
69
70
71
72
73
74
75
76
77
78
79
80
81
82
83
84
85
86
87
88
89
90
91
92
93
94
95
96
97
98
99
100
101
102
103
104
105
106
107
108
109
110
111
112
113
114
115
116
117
118
119
120
121
122
123
124
125
126
127
128
129
130
131
132
133
134
135
136
137
138
139
140
141
142
143
144
145
146
147
148
149
150
151
152
153
154
155
156
157
158
159
160
161
162
163
164
165
166
167
168
169
170
171
172
173
174
175
176
177
178
179
180
181
182
183
184
185
186
187
188
189
190
191
192
193
194
195
196
197
198
199
