 
Files to read: ['../pilot-cpjump1-data/profiles/2020_11_04_CPJUMP1/BR00116995/BR00116995_normalized_feature_select_negcon.csv.gz']
Files to read: ['../pilot-cpjump1-data/profiles/2020_11_04_CPJUMP1/BR00117024/BR00117024_normalized_feature_select_negcon.csv.gz']
Files to read: ['../pilot-cpjump1-data/profiles/2020_11_04_CPJUMP1/BR00117025/BR00117025_normalized_feature_select_negcon.csv.gz']
Files to read: ['../pilot-cpjump1-data/profiles/2020_11_04_CPJUMP1/BR00117026/BR00117026_normalized_feature_select_negcon.csv.gz']
Files to read: ['../pilot-cpjump1-data/profiles/2020_11_04_CPJUMP1/BR00116997/BR00116997_normalized_feature_select_negcon.csv.gz']
Files to read: ['../pilot-cpjump1-data/profiles/2020_11_04_CPJUMP1/BR00116998/BR00116998_normalized_feature_select_negcon.csv.gz']
Files to read: ['../pilot-cpjump1-data/profiles/2020_11_04_CPJUMP1/BR00116999/BR00116999_normalized_feature_select_negcon.csv.gz']
Files to read: ['../pilot-cpjump1-data/profiles/2020_11_04_CPJUMP1/BR00116996/BR00116996_normalized_feature_select_negcon.csv.gz']
Files to read: ['../pilot-cpjump1-data/profiles/2020_11_04_CPJUMP1/BR00117022/BR00117022_normalized_feature_select_negcon.csv.gz']
Files to read: ['../pilot-cpjump1-data/profiles/2020_11_04_CPJUMP1/BR00117023/BR00117023_normalized_feature_select_negcon.csv.gz']

  0%|          | 0/200 [00:00<?, ?it/s]
  0%|          | 1/200 [00:05<17:27,  5.26s/it]
  1%|          | 2/200 [00:09<15:39,  4.75s/it]
  2%|▏         | 3/200 [00:13<14:09,  4.31s/it]
  2%|▏         | 4/200 [00:17<13:28,  4.12s/it]
  2%|▎         | 5/200 [00:21<13:00,  4.01s/it]
  3%|▎         | 6/200 [00:24<12:51,  3.97s/it]
  4%|▎         | 7/200 [00:28<12:38,  3.93s/it]
  4%|▍         | 8/200 [00:32<12:29,  3.90s/it]
  4%|▍         | 9/200 [00:36<12:27,  3.91s/it]
  5%|▌         | 10/200 [00:40<12:31,  3.95s/it]
  6%|▌         | 11/200 [00:44<12:28,  3.96s/it]
  6%|▌         | 12/200 [00:48<12:13,  3.90s/it]
  6%|▋         | 13/200 [00:52<12:05,  3.88s/it]
  7%|▋         | 14/200 [00:56<12:05,  3.90s/it]
  8%|▊         | 15/200 [00:59<11:49,  3.83s/it]
  8%|▊         | 16/200 [01:03<11:39,  3.80s/it]
  8%|▊         | 17/200 [01:07<11:46,  3.86s/it]
  9%|▉         | 18/200 [01:11<11:38,  3.84s/it]
 10%|▉         | 19/200 [01:15<11:30,  3.82s/it]
 10%|█         | 20/200 [01:18<11:29,  3.83s/it]
 10%|█         | 21/200 [01:22<11:25,  3.83s/it]
 11%|█         | 22/200 [01:26<11:07,  3.75s/it]
 12%|█▏        | 23/200 [01:30<11:22,  3.86s/it]
 12%|█▏        | 24/200 [01:34<11:19,  3.86s/it]
 12%|█▎        | 25/200 [01:38<11:20,  3.89s/it]
 13%|█▎        | 26/200 [01:42<11:34,  3.99s/it]
 14%|█▎        | 27/200 [01:46<11:43,  4.07s/it]
 14%|█▍        | 28/200 [01:50<11:37,  4.06s/it]
 14%|█▍        | 29/200 [01:54<11:22,  3.99s/it]
 15%|█▌        | 30/200 [01:58<11:16,  3.98s/it]
 16%|█▌        | 31/200 [02:02<11:02,  3.92s/it]
 16%|█▌        | 32/200 [02:06<10:57,  3.91s/it]
 16%|█▋        | 33/200 [02:10<10:50,  3.90s/it]
 17%|█▋        | 34/200 [02:14<10:54,  3.94s/it]
 18%|█▊        | 35/200 [02:18<10:44,  3.90s/it]
 18%|█▊        | 36/200 [02:22<10:49,  3.96s/it]
 18%|█▊        | 37/200 [02:26<11:15,  4.15s/it]
 19%|█▉        | 38/200 [02:31<11:36,  4.30s/it]
 20%|█▉        | 39/200 [02:35<11:11,  4.17s/it]
 20%|██        | 40/200 [02:39<10:54,  4.09s/it]
 20%|██        | 41/200 [02:43<10:57,  4.14s/it]
 21%|██        | 42/200 [02:47<10:48,  4.10s/it]
 22%|██▏       | 43/200 [02:51<10:37,  4.06s/it]
 22%|██▏       | 44/200 [02:55<10:31,  4.05s/it]
 22%|██▎       | 45/200 [02:59<10:23,  4.02s/it]
 23%|██▎       | 46/200 [03:03<10:16,  4.00s/it]
 24%|██▎       | 47/200 [03:07<10:13,  4.01s/it]
 24%|██▍       | 48/200 [03:11<10:08,  4.00s/it]
 24%|██▍       | 49/200 [03:15<10:05,  4.01s/it]
 25%|██▌       | 50/200 [03:19<10:00,  4.00s/it]
 26%|██▌       | 51/200 [03:23<09:50,  3.96s/it]
 26%|██▌       | 52/200 [03:27<09:53,  4.01s/it]
 26%|██▋       | 53/200 [03:31<09:51,  4.02s/it]
 27%|██▋       | 54/200 [03:35<10:05,  4.15s/it]
 28%|██▊       | 55/200 [03:39<09:55,  4.10s/it]
 28%|██▊       | 56/200 [03:43<09:45,  4.07s/it]
 28%|██▊       | 57/200 [03:47<09:30,  3.99s/it]
 29%|██▉       | 58/200 [03:51<09:35,  4.06s/it]
 30%|██▉       | 59/200 [03:56<10:03,  4.28s/it]
 30%|███       | 60/200 [04:00<09:43,  4.17s/it]
 30%|███       | 61/200 [04:04<09:30,  4.10s/it]
 31%|███       | 62/200 [04:08<09:24,  4.09s/it]
 32%|███▏      | 63/200 [04:12<09:09,  4.01s/it]
 32%|███▏      | 64/200 [04:16<08:59,  3.97s/it]
 32%|███▎      | 65/200 [04:19<08:41,  3.86s/it]
 33%|███▎      | 66/200 [04:24<08:55,  4.00s/it]
 34%|███▎      | 67/200 [04:28<08:56,  4.03s/it]
 34%|███▍      | 68/200 [04:32<08:56,  4.07s/it]
 34%|███▍      | 69/200 [04:36<08:43,  4.00s/it]
 35%|███▌      | 70/200 [04:40<08:41,  4.01s/it]
 36%|███▌      | 71/200 [04:43<08:23,  3.91s/it]
 36%|███▌      | 72/200 [04:47<08:23,  3.93s/it]
 36%|███▋      | 73/200 [04:51<08:13,  3.88s/it]
 37%|███▋      | 74/200 [04:55<08:07,  3.87s/it]
 38%|███▊      | 75/200 [04:59<08:02,  3.86s/it]
 38%|███▊      | 76/200 [05:03<08:14,  3.99s/it]
 38%|███▊      | 77/200 [05:07<08:18,  4.05s/it]
 39%|███▉      | 78/200 [05:12<08:33,  4.21s/it]
 40%|███▉      | 79/200 [05:16<08:30,  4.22s/it]
 40%|████      | 80/200 [05:20<08:12,  4.11s/it]
 40%|████      | 81/200 [05:24<08:03,  4.06s/it]
 41%|████      | 82/200 [05:28<07:54,  4.02s/it]
 42%|████▏     | 83/200 [05:32<07:44,  3.97s/it]
 42%|████▏     | 84/200 [05:36<07:47,  4.03s/it]
 42%|████▎     | 85/200 [05:40<07:44,  4.04s/it]
 43%|████▎     | 86/200 [05:44<07:35,  4.00s/it]
 44%|████▎     | 87/200 [05:48<07:25,  3.95s/it]
 44%|████▍     | 88/200 [05:52<07:21,  3.95s/it]
 44%|████▍     | 89/200 [05:55<07:12,  3.90s/it]
 45%|████▌     | 90/200 [05:59<07:08,  3.89s/it]
 46%|████▌     | 91/200 [06:03<07:08,  3.93s/it]
 46%|████▌     | 92/200 [06:07<07:09,  3.98s/it]
 46%|████▋     | 93/200 [06:11<07:05,  3.98s/it]
 47%|████▋     | 94/200 [06:16<07:18,  4.14s/it]
 48%|████▊     | 95/200 [06:20<07:02,  4.03s/it]
 48%|████▊     | 96/200 [06:24<06:59,  4.04s/it]
 48%|████▊     | 97/200 [06:28<06:51,  4.00s/it]
 49%|████▉     | 98/200 [06:32<07:01,  4.13s/it]
 50%|████▉     | 99/200 [06:36<06:48,  4.05s/it]
 50%|█████     | 100/200 [06:40<06:45,  4.05s/it]
 50%|█████     | 101/200 [06:44<06:34,  3.98s/it]
 51%|█████     | 102/200 [06:48<06:28,  3.96s/it]
 52%|█████▏    | 103/200 [06:52<06:26,  3.99s/it]
 52%|█████▏    | 104/200 [06:56<06:38,  4.15s/it]
 52%|█████▎    | 105/200 [07:00<06:32,  4.13s/it]
 53%|█████▎    | 106/200 [07:04<06:26,  4.11s/it]
 54%|█████▎    | 107/200 [07:08<06:09,  3.97s/it]
 54%|█████▍    | 108/200 [07:12<06:00,  3.92s/it]
 55%|█████▍    | 109/200 [07:16<05:50,  3.85s/it]
 55%|█████▌    | 110/200 [07:19<05:47,  3.86s/it]
 56%|█████▌    | 111/200 [07:23<05:46,  3.89s/it]
 56%|█████▌    | 112/200 [07:28<06:02,  4.12s/it]
 56%|█████▋    | 113/200 [07:32<06:00,  4.15s/it]
 57%|█████▋    | 114/200 [07:37<06:08,  4.28s/it]
 57%|█████▊    | 115/200 [07:41<06:10,  4.35s/it]
 58%|█████▊    | 116/200 [07:46<06:01,  4.31s/it]
 58%|█████▊    | 117/200 [07:50<05:49,  4.21s/it]
 59%|█████▉    | 118/200 [07:54<05:44,  4.20s/it]
 60%|█████▉    | 119/200 [07:58<05:31,  4.10s/it]
 60%|██████    | 120/200 [08:02<05:23,  4.04s/it]
 60%|██████    | 121/200 [08:06<05:20,  4.06s/it]
 61%|██████    | 122/200 [08:10<05:15,  4.05s/it]
 62%|██████▏   | 123/200 [08:13<05:04,  3.95s/it]
 62%|██████▏   | 124/200 [08:17<05:02,  3.97s/it]
 62%|██████▎   | 125/200 [08:21<04:53,  3.92s/it]
 63%|██████▎   | 126/200 [08:25<04:47,  3.89s/it]
 64%|██████▎   | 127/200 [08:29<04:41,  3.85s/it]
 64%|██████▍   | 128/200 [08:33<04:37,  3.85s/it]
 64%|██████▍   | 129/200 [08:36<04:30,  3.82s/it]
 65%|██████▌   | 130/200 [08:41<04:34,  3.92s/it]
 66%|██████▌   | 131/200 [08:45<04:35,  3.99s/it]
 66%|██████▌   | 132/200 [08:49<04:29,  3.96s/it]
 66%|██████▋   | 133/200 [08:53<04:29,  4.03s/it]
 67%|██████▋   | 134/200 [08:56<04:18,  3.91s/it]
 68%|██████▊   | 135/200 [09:00<04:12,  3.88s/it]
 68%|██████▊   | 136/200 [09:04<04:11,  3.93s/it]
 68%|██████▊   | 137/200 [09:08<04:10,  3.97s/it]
 69%|██████▉   | 138/200 [09:13<04:10,  4.04s/it]
 70%|██████▉   | 139/200 [09:16<04:03,  4.00s/it]
 70%|███████   | 140/200 [09:21<04:02,  4.04s/it]
 70%|███████   | 141/200 [09:24<03:54,  3.98s/it]
 71%|███████   | 142/200 [09:29<03:54,  4.05s/it]
 72%|███████▏  | 143/200 [09:32<03:47,  3.98s/it]
 72%|███████▏  | 144/200 [09:36<03:41,  3.96s/it]
 72%|███████▎  | 145/200 [09:40<03:35,  3.91s/it]
 73%|███████▎  | 146/200 [09:44<03:29,  3.88s/it]
 74%|███████▎  | 147/200 [09:48<03:24,  3.87s/it]
 74%|███████▍  | 148/200 [09:52<03:29,  4.02s/it]
 74%|███████▍  | 149/200 [09:56<03:25,  4.03s/it]
 75%|███████▌  | 150/200 [10:00<03:24,  4.09s/it]
 76%|███████▌  | 151/200 [10:05<03:25,  4.20s/it]
 76%|███████▌  | 152/200 [10:10<03:28,  4.35s/it]
 76%|███████▋  | 153/200 [10:14<03:23,  4.33s/it]
 77%|███████▋  | 154/200 [10:19<03:25,  4.48s/it]
 78%|███████▊  | 155/200 [10:23<03:16,  4.36s/it]
 78%|███████▊  | 156/200 [10:27<03:08,  4.29s/it]
 78%|███████▊  | 157/200 [10:31<02:58,  4.14s/it]
 79%|███████▉  | 158/200 [10:35<02:50,  4.06s/it]
 80%|███████▉  | 159/200 [10:38<02:42,  3.97s/it]
 80%|████████  | 160/200 [10:43<02:40,  4.02s/it]
 80%|████████  | 161/200 [10:46<02:34,  3.96s/it]
 81%|████████  | 162/200 [10:50<02:27,  3.89s/it]
 82%|████████▏ | 163/200 [10:54<02:28,  4.02s/it]
 82%|████████▏ | 164/200 [10:58<02:24,  4.02s/it]
 82%|████████▎ | 165/200 [11:02<02:18,  3.96s/it]
 83%|████████▎ | 166/200 [11:06<02:16,  4.02s/it]
 84%|████████▎ | 167/200 [11:10<02:12,  4.02s/it]
 84%|████████▍ | 168/200 [11:14<02:09,  4.04s/it]
 84%|████████▍ | 169/200 [11:18<02:04,  4.02s/it]
 85%|████████▌ | 170/200 [11:23<02:03,  4.13s/it]
 86%|████████▌ | 171/200 [11:27<01:57,  4.07s/it]
 86%|████████▌ | 172/200 [11:31<01:53,  4.05s/it]
 86%|████████▋ | 173/200 [11:35<01:48,  4.02s/it]
 87%|████████▋ | 174/200 [11:38<01:41,  3.91s/it]
 88%|████████▊ | 175/200 [11:42<01:37,  3.90s/it]
 88%|████████▊ | 176/200 [11:47<01:36,  4.02s/it]
 88%|████████▊ | 177/200 [11:50<01:30,  3.95s/it]
 89%|████████▉ | 178/200 [11:55<01:28,  4.03s/it]
 90%|████████▉ | 179/200 [11:59<01:28,  4.21s/it]
 90%|█████████ | 180/200 [12:03<01:21,  4.06s/it]
 90%|█████████ | 181/200 [12:07<01:16,  4.02s/it]
 91%|█████████ | 182/200 [12:11<01:15,  4.19s/it]
 92%|█████████▏| 183/200 [12:16<01:14,  4.38s/it]
 92%|█████████▏| 184/200 [12:21<01:10,  4.42s/it]
 92%|█████████▎| 185/200 [12:25<01:04,  4.29s/it]
 93%|█████████▎| 186/200 [12:29<00:59,  4.22s/it]
 94%|█████████▎| 187/200 [12:33<00:53,  4.14s/it]
 94%|█████████▍| 188/200 [12:37<00:49,  4.16s/it]
 94%|█████████▍| 189/200 [12:41<00:44,  4.03s/it]
 95%|█████████▌| 190/200 [12:45<00:39,  4.00s/it]
 96%|█████████▌| 191/200 [12:48<00:35,  3.95s/it]
 96%|█████████▌| 192/200 [12:52<00:31,  3.97s/it]
 96%|█████████▋| 193/200 [12:57<00:28,  4.00s/it]
 97%|█████████▋| 194/200 [13:01<00:24,  4.05s/it]
 98%|█████████▊| 195/200 [13:05<00:20,  4.05s/it]
 98%|█████████▊| 196/200 [13:09<00:16,  4.09s/it]
 98%|█████████▊| 197/200 [13:13<00:12,  4.18s/it]
 99%|█████████▉| 198/200 [13:17<00:08,  4.10s/it]
100%|█████████▉| 199/200 [13:21<00:04,  4.14s/it]
100%|██████████| 200/200 [13:25<00:00,  4.10s/it]
                                                 
0
1
2
3
4
5
6
7
8
9
10
11
12
13
14
15
16
17
18
19
20
21
22
23
24
25
26
27
28
29
30
31
32
33
34
35
36
37
38
39
40
41
42
43
44
45
46
47
48
49
50
51
52
53
54
55
56
57
58
59
60
61
62
63
64
65
66
67
68
69
70
71
72
73
74
75
76
77
78
79
80
81
82
83
84
85
86
87
88
89
90
91
92
93
94
95
96
97
98
99
100
101
102
103
104
105
106
107
108
109
110
111
112
113
114
115
116
117
118
119
120
121
122
123
124
125
126
127
128
129
130
131
132
133
134
135
136
137
138
139
140
141
142
143
144
145
146
147
148
149
150
151
152
153
154
155
156
157
158
159
160
161
162
163
164
165
166
167
168
169
170
171
172
173
174
175
176
177
178
179
180
181
182
183
184
185
186
187
188
189
190
191
192
193
194
195
196
197
198
199
