 
Files to read: ['../pilot-cpjump1-data/profiles/2020_11_04_CPJUMP1/BR00116995/BR00116995_normalized_feature_select_negcon.csv.gz']
Files to read: ['../pilot-cpjump1-data/profiles/2020_11_04_CPJUMP1/BR00117024/BR00117024_normalized_feature_select_negcon.csv.gz']
Files to read: ['../pilot-cpjump1-data/profiles/2020_11_04_CPJUMP1/BR00117025/BR00117025_normalized_feature_select_negcon.csv.gz']
Files to read: ['../pilot-cpjump1-data/profiles/2020_11_04_CPJUMP1/BR00117026/BR00117026_normalized_feature_select_negcon.csv.gz']
Files to read: ['../pilot-cpjump1-data/profiles/2020_11_04_CPJUMP1/BR00116997/BR00116997_normalized_feature_select_negcon.csv.gz']
Files to read: ['../pilot-cpjump1-data/profiles/2020_11_04_CPJUMP1/BR00116998/BR00116998_normalized_feature_select_negcon.csv.gz']
Files to read: ['../pilot-cpjump1-data/profiles/2020_11_04_CPJUMP1/BR00116999/BR00116999_normalized_feature_select_negcon.csv.gz']
Files to read: ['../pilot-cpjump1-data/profiles/2020_11_04_CPJUMP1/BR00116996/BR00116996_normalized_feature_select_negcon.csv.gz']
Files to read: ['../pilot-cpjump1-data/profiles/2020_11_04_CPJUMP1/BR00117022/BR00117022_normalized_feature_select_negcon.csv.gz']
Files to read: ['../pilot-cpjump1-data/profiles/2020_11_04_CPJUMP1/BR00117023/BR00117023_normalized_feature_select_negcon.csv.gz']

  0%|          | 0/200 [00:00<?, ?it/s]
  0%|          | 1/200 [00:07<24:33,  7.41s/it]
  1%|          | 2/200 [00:11<17:47,  5.39s/it]
  2%|▏         | 3/200 [00:15<15:31,  4.73s/it]
  2%|▏         | 4/200 [00:19<14:22,  4.40s/it]
  2%|▎         | 5/200 [00:23<13:49,  4.26s/it]
  3%|▎         | 6/200 [00:27<13:28,  4.17s/it]
  4%|▎         | 7/200 [00:31<13:07,  4.08s/it]
  4%|▍         | 8/200 [00:34<12:44,  3.98s/it]
  4%|▍         | 9/200 [00:38<12:46,  4.02s/it]
  5%|▌         | 10/200 [00:42<12:38,  3.99s/it]
  6%|▌         | 11/200 [00:46<12:36,  4.00s/it]
  6%|▌         | 12/200 [00:50<12:23,  3.95s/it]
  6%|▋         | 13/200 [00:54<12:17,  3.95s/it]
  7%|▋         | 14/200 [00:58<12:11,  3.93s/it]
  8%|▊         | 15/200 [01:02<12:08,  3.94s/it]
  8%|▊         | 16/200 [01:06<12:10,  3.97s/it]
  8%|▊         | 17/200 [01:10<11:45,  3.86s/it]
  9%|▉         | 18/200 [01:14<11:42,  3.86s/it]
 10%|▉         | 19/200 [01:17<11:23,  3.78s/it]
 10%|█         | 20/200 [01:21<11:14,  3.75s/it]
 10%|█         | 21/200 [01:26<12:05,  4.05s/it]
 11%|█         | 22/200 [01:31<12:46,  4.31s/it]
 12%|█▏        | 23/200 [01:35<12:40,  4.30s/it]
 12%|█▏        | 24/200 [01:39<12:26,  4.24s/it]
 12%|█▎        | 25/200 [01:43<12:16,  4.21s/it]
 13%|█▎        | 26/200 [01:47<12:05,  4.17s/it]
 14%|█▎        | 27/200 [01:51<11:50,  4.11s/it]
 14%|█▍        | 28/200 [01:55<11:49,  4.13s/it]
 14%|█▍        | 29/200 [02:00<11:58,  4.20s/it]
 15%|█▌        | 30/200 [02:04<11:49,  4.18s/it]
 16%|█▌        | 31/200 [02:08<11:40,  4.14s/it]
 16%|█▌        | 32/200 [02:12<11:26,  4.09s/it]
 16%|█▋        | 33/200 [02:16<11:22,  4.09s/it]
 17%|█▋        | 34/200 [02:20<11:15,  4.07s/it]
 18%|█▊        | 35/200 [02:24<11:08,  4.05s/it]
 18%|█▊        | 36/200 [02:28<10:58,  4.02s/it]
 18%|█▊        | 37/200 [02:32<11:07,  4.09s/it]
 19%|█▉        | 38/200 [02:36<10:49,  4.01s/it]
 20%|█▉        | 39/200 [02:40<10:37,  3.96s/it]
 20%|██        | 40/200 [02:44<10:36,  3.98s/it]
 20%|██        | 41/200 [02:48<10:32,  3.98s/it]
 21%|██        | 42/200 [02:52<10:31,  4.00s/it]
 22%|██▏       | 43/200 [02:56<10:21,  3.96s/it]
 22%|██▏       | 44/200 [02:59<10:11,  3.92s/it]
 22%|██▎       | 45/200 [03:03<10:09,  3.93s/it]
 23%|██▎       | 46/200 [03:07<10:07,  3.94s/it]
 24%|██▎       | 47/200 [03:11<09:54,  3.89s/it]
 24%|██▍       | 48/200 [03:15<09:48,  3.87s/it]
 24%|██▍       | 49/200 [03:19<09:44,  3.87s/it]
 25%|██▌       | 50/200 [03:23<10:08,  4.06s/it]
 26%|██▌       | 51/200 [03:28<10:27,  4.21s/it]
 26%|██▌       | 52/200 [03:33<10:49,  4.39s/it]
 26%|██▋       | 53/200 [03:37<10:35,  4.33s/it]
 27%|██▋       | 54/200 [03:41<10:24,  4.28s/it]
 28%|██▊       | 55/200 [03:46<10:27,  4.33s/it]
 28%|██▊       | 56/200 [03:50<10:12,  4.25s/it]
 28%|██▊       | 57/200 [03:54<10:03,  4.22s/it]
 29%|██▉       | 58/200 [03:58<09:56,  4.20s/it]
 30%|██▉       | 59/200 [04:02<09:49,  4.18s/it]
 30%|███       | 60/200 [04:06<09:41,  4.15s/it]
 30%|███       | 61/200 [04:11<10:08,  4.37s/it]
 31%|███       | 62/200 [04:15<09:49,  4.27s/it]
 32%|███▏      | 63/200 [04:19<09:27,  4.14s/it]
 32%|███▏      | 64/200 [04:23<09:15,  4.08s/it]
 32%|███▎      | 65/200 [04:27<09:25,  4.19s/it]
 33%|███▎      | 66/200 [04:32<09:29,  4.25s/it]
 34%|███▎      | 67/200 [04:36<09:09,  4.13s/it]
 34%|███▍      | 68/200 [04:39<08:56,  4.07s/it]
 34%|███▍      | 69/200 [04:43<08:47,  4.03s/it]
 35%|███▌      | 70/200 [04:48<08:59,  4.15s/it]
 36%|███▌      | 71/200 [04:53<09:20,  4.35s/it]
 36%|███▌      | 72/200 [04:57<09:35,  4.50s/it]
 36%|███▋      | 73/200 [05:01<09:11,  4.34s/it]
 37%|███▋      | 74/200 [05:05<08:55,  4.25s/it]
 38%|███▊      | 75/200 [05:09<08:39,  4.16s/it]
 38%|███▊      | 76/200 [05:14<08:40,  4.20s/it]
 38%|███▊      | 77/200 [05:18<08:51,  4.32s/it]
 39%|███▉      | 78/200 [05:22<08:37,  4.24s/it]
 40%|███▉      | 79/200 [05:26<08:21,  4.14s/it]
 40%|████      | 80/200 [05:30<08:16,  4.14s/it]
 40%|████      | 81/200 [05:35<08:23,  4.24s/it]
 41%|████      | 82/200 [05:39<08:17,  4.21s/it]
 42%|████▏     | 83/200 [05:43<08:02,  4.12s/it]
 42%|████▏     | 84/200 [05:47<07:58,  4.12s/it]
 42%|████▎     | 85/200 [05:51<07:42,  4.02s/it]
 43%|████▎     | 86/200 [05:55<07:51,  4.14s/it]
 44%|████▎     | 87/200 [05:59<07:44,  4.11s/it]
 44%|████▍     | 88/200 [06:03<07:37,  4.09s/it]
 44%|████▍     | 89/200 [06:07<07:22,  3.98s/it]
 45%|████▌     | 90/200 [06:11<07:05,  3.87s/it]
 46%|████▌     | 91/200 [06:15<07:02,  3.88s/it]
 46%|████▌     | 92/200 [06:19<07:02,  3.91s/it]
 46%|████▋     | 93/200 [06:23<06:59,  3.92s/it]
 47%|████▋     | 94/200 [06:27<07:00,  3.97s/it]
 48%|████▊     | 95/200 [06:30<06:51,  3.92s/it]
 48%|████▊     | 96/200 [06:34<06:42,  3.87s/it]
 48%|████▊     | 97/200 [06:38<06:32,  3.81s/it]
 49%|████▉     | 98/200 [06:42<06:34,  3.87s/it]
 50%|████▉     | 99/200 [06:46<06:35,  3.91s/it]
 50%|█████     | 100/200 [06:50<06:25,  3.86s/it]
 50%|█████     | 101/200 [06:53<06:22,  3.86s/it]
 51%|█████     | 102/200 [06:57<06:21,  3.89s/it]
 52%|█████▏    | 103/200 [07:02<06:36,  4.08s/it]
 52%|█████▏    | 104/200 [07:07<06:54,  4.31s/it]
 52%|█████▎    | 105/200 [07:11<06:49,  4.31s/it]
 53%|█████▎    | 106/200 [07:16<06:58,  4.45s/it]
 54%|█████▎    | 107/200 [07:20<06:38,  4.29s/it]
 54%|█████▍    | 108/200 [07:24<06:27,  4.21s/it]
 55%|█████▍    | 109/200 [07:28<06:17,  4.15s/it]
 55%|█████▌    | 110/200 [07:32<06:24,  4.27s/it]
 56%|█████▌    | 111/200 [07:37<06:20,  4.28s/it]
 56%|█████▌    | 112/200 [07:41<06:12,  4.24s/it]
 56%|█████▋    | 113/200 [07:45<05:56,  4.10s/it]
 57%|█████▋    | 114/200 [07:49<05:48,  4.06s/it]
 57%|█████▊    | 115/200 [07:52<05:41,  4.02s/it]
 58%|█████▊    | 116/200 [07:56<05:31,  3.95s/it]
 58%|█████▊    | 117/200 [08:00<05:24,  3.90s/it]
 59%|█████▉    | 118/200 [08:04<05:19,  3.89s/it]
 60%|█████▉    | 119/200 [08:08<05:15,  3.90s/it]
 60%|██████    | 120/200 [08:12<05:10,  3.89s/it]
 60%|██████    | 121/200 [08:16<05:19,  4.05s/it]
 61%|██████    | 122/200 [08:20<05:12,  4.00s/it]
 62%|██████▏   | 123/200 [08:24<05:09,  4.02s/it]
 62%|██████▏   | 124/200 [08:28<05:06,  4.03s/it]
 62%|██████▎   | 125/200 [08:32<04:57,  3.97s/it]
 63%|██████▎   | 126/200 [08:36<04:51,  3.93s/it]
 64%|██████▎   | 127/200 [08:40<04:48,  3.95s/it]
 64%|██████▍   | 128/200 [08:44<04:49,  4.02s/it]
 64%|██████▍   | 129/200 [08:48<04:44,  4.01s/it]
 65%|██████▌   | 130/200 [08:52<04:40,  4.01s/it]
 66%|██████▌   | 131/200 [08:56<04:31,  3.94s/it]
 66%|██████▌   | 132/200 [09:00<04:27,  3.94s/it]
 66%|██████▋   | 133/200 [09:04<04:22,  3.92s/it]
 67%|██████▋   | 134/200 [09:08<04:21,  3.97s/it]
 68%|██████▊   | 135/200 [09:11<04:15,  3.93s/it]
 68%|██████▊   | 136/200 [09:15<04:10,  3.91s/it]
 68%|██████▊   | 137/200 [09:20<04:16,  4.07s/it]
 69%|██████▉   | 138/200 [09:24<04:19,  4.18s/it]
 70%|██████▉   | 139/200 [09:28<04:10,  4.10s/it]
 70%|███████   | 140/200 [09:32<04:03,  4.06s/it]
 70%|███████   | 141/200 [09:36<04:02,  4.10s/it]
 71%|███████   | 142/200 [09:41<04:07,  4.27s/it]
 72%|███████▏  | 143/200 [09:46<04:09,  4.38s/it]
 72%|███████▏  | 144/200 [09:50<04:00,  4.30s/it]
 72%|███████▎  | 145/200 [09:54<03:52,  4.23s/it]
 73%|███████▎  | 146/200 [09:58<03:48,  4.23s/it]
 74%|███████▎  | 147/200 [10:02<03:44,  4.23s/it]
 74%|███████▍  | 148/200 [10:06<03:35,  4.14s/it]
 74%|███████▍  | 149/200 [10:10<03:29,  4.11s/it]
 75%|███████▌  | 150/200 [10:14<03:24,  4.09s/it]
 76%|███████▌  | 151/200 [10:18<03:18,  4.04s/it]
 76%|███████▌  | 152/200 [10:22<03:14,  4.05s/it]
 76%|███████▋  | 153/200 [10:26<03:07,  3.98s/it]
 77%|███████▋  | 154/200 [10:30<03:01,  3.94s/it]
 78%|███████▊  | 155/200 [10:34<03:02,  4.05s/it]
 78%|███████▊  | 156/200 [10:38<02:56,  4.01s/it]
 78%|███████▊  | 157/200 [10:42<02:56,  4.10s/it]
 79%|███████▉  | 158/200 [10:47<02:53,  4.13s/it]
 80%|███████▉  | 159/200 [10:51<02:46,  4.07s/it]
 80%|████████  | 160/200 [10:55<02:44,  4.10s/it]
 80%|████████  | 161/200 [10:59<02:36,  4.01s/it]
 81%|████████  | 162/200 [11:02<02:30,  3.97s/it]
 82%|████████▏ | 163/200 [11:06<02:26,  3.95s/it]
 82%|████████▏ | 164/200 [11:10<02:22,  3.95s/it]
 82%|████████▎ | 165/200 [11:14<02:17,  3.94s/it]
 83%|████████▎ | 166/200 [11:18<02:14,  3.97s/it]
 84%|████████▎ | 167/200 [11:22<02:10,  3.96s/it]
 84%|████████▍ | 168/200 [11:26<02:07,  3.98s/it]
 84%|████████▍ | 169/200 [11:30<02:03,  3.98s/it]
 85%|████████▌ | 170/200 [11:34<01:57,  3.93s/it]
 86%|████████▌ | 171/200 [11:38<01:54,  3.95s/it]
 86%|████████▌ | 172/200 [11:43<01:56,  4.15s/it]
 86%|████████▋ | 173/200 [11:47<01:53,  4.19s/it]
 87%|████████▋ | 174/200 [11:51<01:46,  4.11s/it]
 88%|████████▊ | 175/200 [11:56<01:48,  4.34s/it]
 88%|████████▊ | 176/200 [12:00<01:44,  4.34s/it]
 88%|████████▊ | 177/200 [12:04<01:34,  4.09s/it]
 89%|████████▉ | 178/200 [12:08<01:29,  4.06s/it]
 90%|████████▉ | 179/200 [12:11<01:23,  3.99s/it]
 90%|█████████ | 180/200 [12:16<01:22,  4.11s/it]
 90%|█████████ | 181/200 [12:20<01:17,  4.09s/it]
 91%|█████████ | 182/200 [12:24<01:15,  4.19s/it]
 92%|█████████▏| 183/200 [12:28<01:10,  4.14s/it]
 92%|█████████▏| 184/200 [12:33<01:06,  4.18s/it]
 92%|█████████▎| 185/200 [12:37<01:04,  4.32s/it]
 93%|█████████▎| 186/200 [12:42<01:01,  4.37s/it]
 94%|█████████▎| 187/200 [12:46<00:56,  4.33s/it]
 94%|█████████▍| 188/200 [12:51<00:52,  4.42s/it]
 94%|█████████▍| 189/200 [12:55<00:48,  4.39s/it]
 95%|█████████▌| 190/200 [12:59<00:42,  4.28s/it]
 96%|█████████▌| 191/200 [13:03<00:37,  4.14s/it]
 96%|█████████▌| 192/200 [13:07<00:32,  4.09s/it]
 96%|█████████▋| 193/200 [13:11<00:29,  4.24s/it]
 97%|█████████▋| 194/200 [13:16<00:25,  4.32s/it]
 98%|█████████▊| 195/200 [13:20<00:21,  4.25s/it]
 98%|█████████▊| 196/200 [13:24<00:16,  4.25s/it]
 98%|█████████▊| 197/200 [13:28<00:12,  4.25s/it]
 99%|█████████▉| 198/200 [13:33<00:08,  4.26s/it]
100%|█████████▉| 199/200 [13:36<00:04,  4.14s/it]
100%|██████████| 200/200 [13:41<00:00,  4.23s/it]
                                                 
0
1
2
3
4
5
6
7
8
9
10
11
12
13
14
15
16
17
18
19
20
21
22
23
24
25
26
27
28
29
30
31
32
33
34
35
36
37
38
39
40
41
42
43
44
45
46
47
48
49
50
51
52
53
54
55
56
57
58
59
60
61
62
63
64
65
66
67
68
69
70
71
72
73
74
75
76
77
78
79
80
81
82
83
84
85
86
87
88
89
90
91
92
93
94
95
96
97
98
99
100
101
102
103
104
105
106
107
108
109
110
111
112
113
114
115
116
117
118
119
120
121
122
123
124
125
126
127
128
129
130
131
132
133
134
135
136
137
138
139
140
141
142
143
144
145
146
147
148
149
150
151
152
153
154
155
156
157
158
159
160
161
162
163
164
165
166
167
168
169
170
171
172
173
174
175
176
177
178
179
180
181
182
183
184
185
186
187
188
189
190
191
192
193
194
195
196
197
198
199
