 
Files to read: ['../pilot-cpjump1-data/profiles/2020_11_04_CPJUMP1/BR00116995/BR00116995_normalized_feature_select_negcon.csv.gz']
Files to read: ['../pilot-cpjump1-data/profiles/2020_11_04_CPJUMP1/BR00117024/BR00117024_normalized_feature_select_negcon.csv.gz']
Files to read: ['../pilot-cpjump1-data/profiles/2020_11_04_CPJUMP1/BR00117025/BR00117025_normalized_feature_select_negcon.csv.gz']
Files to read: ['../pilot-cpjump1-data/profiles/2020_11_04_CPJUMP1/BR00117026/BR00117026_normalized_feature_select_negcon.csv.gz']
Files to read: ['../pilot-cpjump1-data/profiles/2020_11_04_CPJUMP1/BR00116997/BR00116997_normalized_feature_select_negcon.csv.gz']
Files to read: ['../pilot-cpjump1-data/profiles/2020_11_04_CPJUMP1/BR00116998/BR00116998_normalized_feature_select_negcon.csv.gz']
Files to read: ['../pilot-cpjump1-data/profiles/2020_11_04_CPJUMP1/BR00116999/BR00116999_normalized_feature_select_negcon.csv.gz']
Files to read: ['../pilot-cpjump1-data/profiles/2020_11_04_CPJUMP1/BR00116996/BR00116996_normalized_feature_select_negcon.csv.gz']
Files to read: ['../pilot-cpjump1-data/profiles/2020_11_04_CPJUMP1/BR00117022/BR00117022_normalized_feature_select_negcon.csv.gz']
Files to read: ['../pilot-cpjump1-data/profiles/2020_11_04_CPJUMP1/BR00117023/BR00117023_normalized_feature_select_negcon.csv.gz']

  0%|          | 0/200 [00:00<?, ?it/s]
  0%|          | 1/200 [00:06<23:10,  6.99s/it]
  1%|          | 2/200 [00:10<17:01,  5.16s/it]
  2%|▏         | 3/200 [00:14<14:57,  4.56s/it]
  2%|▏         | 4/200 [00:18<13:54,  4.26s/it]
  2%|▎         | 5/200 [00:22<13:28,  4.15s/it]
  3%|▎         | 6/200 [00:26<13:27,  4.16s/it]
  4%|▎         | 7/200 [00:30<12:59,  4.04s/it]
  4%|▍         | 8/200 [00:34<13:07,  4.10s/it]
  4%|▍         | 9/200 [00:39<13:55,  4.37s/it]
  5%|▌         | 10/200 [00:43<13:25,  4.24s/it]
  6%|▌         | 11/200 [00:47<13:04,  4.15s/it]
  6%|▌         | 12/200 [00:51<13:13,  4.22s/it]
  6%|▋         | 13/200 [00:55<12:56,  4.15s/it]
  7%|▋         | 14/200 [01:00<12:53,  4.16s/it]
  8%|▊         | 15/200 [01:04<12:52,  4.18s/it]
  8%|▊         | 16/200 [01:08<12:52,  4.20s/it]
  8%|▊         | 17/200 [01:12<12:40,  4.16s/it]
  9%|▉         | 18/200 [01:16<12:22,  4.08s/it]
 10%|▉         | 19/200 [01:20<12:12,  4.05s/it]
 10%|█         | 20/200 [01:24<12:07,  4.04s/it]
 10%|█         | 21/200 [01:28<11:58,  4.01s/it]
 11%|█         | 22/200 [01:32<12:00,  4.05s/it]
 12%|█▏        | 23/200 [01:36<11:56,  4.05s/it]
 12%|█▏        | 24/200 [01:40<11:53,  4.05s/it]
 12%|█▎        | 25/200 [01:44<12:01,  4.12s/it]
 13%|█▎        | 26/200 [01:48<11:50,  4.08s/it]
 14%|█▎        | 27/200 [01:52<11:35,  4.02s/it]
 14%|█▍        | 28/200 [01:57<11:39,  4.06s/it]
 14%|█▍        | 29/200 [02:00<11:24,  4.00s/it]
 15%|█▌        | 30/200 [02:04<11:17,  3.98s/it]
 16%|█▌        | 31/200 [02:08<11:15,  3.99s/it]
 16%|█▌        | 32/200 [02:12<10:48,  3.86s/it]
 16%|█▋        | 33/200 [02:16<10:57,  3.93s/it]
 17%|█▋        | 34/200 [02:21<11:26,  4.13s/it]
 18%|█▊        | 35/200 [02:25<11:35,  4.22s/it]
 18%|█▊        | 36/200 [02:29<11:16,  4.12s/it]
 18%|█▊        | 37/200 [02:34<11:49,  4.35s/it]
 19%|█▉        | 38/200 [02:38<11:26,  4.24s/it]
 20%|█▉        | 39/200 [02:42<11:08,  4.15s/it]
 20%|██        | 40/200 [02:46<10:54,  4.09s/it]
 20%|██        | 41/200 [02:49<10:31,  3.97s/it]
 21%|██        | 42/200 [02:53<10:23,  3.94s/it]
 22%|██▏       | 43/200 [02:57<10:23,  3.97s/it]
 22%|██▏       | 44/200 [03:01<10:19,  3.97s/it]
 22%|██▎       | 45/200 [03:05<10:08,  3.92s/it]
 23%|██▎       | 46/200 [03:09<10:13,  3.98s/it]
 24%|██▎       | 47/200 [03:13<10:04,  3.95s/it]
 24%|██▍       | 48/200 [03:17<09:57,  3.93s/it]
 24%|██▍       | 49/200 [03:21<09:47,  3.89s/it]
 25%|██▌       | 50/200 [03:24<09:35,  3.84s/it]
 26%|██▌       | 51/200 [03:29<09:54,  3.99s/it]
 26%|██▌       | 52/200 [03:33<10:04,  4.09s/it]
 26%|██▋       | 53/200 [03:37<09:47,  4.00s/it]
 27%|██▋       | 54/200 [03:41<10:05,  4.15s/it]
 28%|██▊       | 55/200 [03:45<09:45,  4.04s/it]
 28%|██▊       | 56/200 [03:49<09:38,  4.01s/it]
 28%|██▊       | 57/200 [03:53<09:22,  3.93s/it]
 29%|██▉       | 58/200 [03:57<09:13,  3.90s/it]
 30%|██▉       | 59/200 [04:01<09:06,  3.87s/it]
 30%|███       | 60/200 [04:04<09:05,  3.90s/it]
 30%|███       | 61/200 [04:08<08:57,  3.86s/it]
 31%|███       | 62/200 [04:12<08:50,  3.85s/it]
 32%|███▏      | 63/200 [04:16<08:55,  3.91s/it]
 32%|███▏      | 64/200 [04:20<08:57,  3.95s/it]
 32%|███▎      | 65/200 [04:24<09:03,  4.03s/it]
 33%|███▎      | 66/200 [04:28<08:46,  3.93s/it]
 34%|███▎      | 67/200 [04:32<08:49,  3.98s/it]
 34%|███▍      | 68/200 [04:36<08:59,  4.08s/it]
 34%|███▍      | 69/200 [04:41<09:04,  4.16s/it]
 35%|███▌      | 70/200 [04:45<09:09,  4.22s/it]
 36%|███▌      | 71/200 [04:50<09:13,  4.29s/it]
 36%|███▌      | 72/200 [04:54<09:01,  4.23s/it]
 36%|███▋      | 73/200 [04:58<08:58,  4.24s/it]
 37%|███▋      | 74/200 [05:03<09:08,  4.35s/it]
 38%|███▊      | 75/200 [05:07<08:47,  4.22s/it]
 38%|███▊      | 76/200 [05:11<08:49,  4.27s/it]
 38%|███▊      | 77/200 [05:15<08:36,  4.20s/it]
 39%|███▉      | 78/200 [05:19<08:25,  4.15s/it]
 40%|███▉      | 79/200 [05:22<07:58,  3.95s/it]
 40%|████      | 80/200 [05:27<07:57,  3.98s/it]
 40%|████      | 81/200 [05:31<08:25,  4.25s/it]
 41%|████      | 82/200 [05:35<08:08,  4.14s/it]
 42%|████▏     | 83/200 [05:39<08:06,  4.16s/it]
 42%|████▏     | 84/200 [05:44<08:10,  4.22s/it]
 42%|████▎     | 85/200 [05:49<08:26,  4.41s/it]
 43%|████▎     | 86/200 [05:53<08:16,  4.36s/it]
 44%|████▎     | 87/200 [05:56<07:44,  4.11s/it]
 44%|████▍     | 88/200 [06:00<07:33,  4.05s/it]
 44%|████▍     | 89/200 [06:04<07:21,  3.98s/it]
 45%|████▌     | 90/200 [06:08<07:14,  3.95s/it]
 46%|████▌     | 91/200 [06:13<07:32,  4.15s/it]
 46%|████▌     | 92/200 [06:17<07:26,  4.13s/it]
 46%|████▋     | 93/200 [06:21<07:13,  4.05s/it]
 47%|████▋     | 94/200 [06:25<07:18,  4.13s/it]
 48%|████▊     | 95/200 [06:29<07:07,  4.07s/it]
 48%|████▊     | 96/200 [06:34<07:21,  4.25s/it]
 48%|████▊     | 97/200 [06:38<07:13,  4.21s/it]
 49%|████▉     | 98/200 [06:42<07:04,  4.16s/it]
 50%|████▉     | 99/200 [06:45<06:45,  4.01s/it]
 50%|█████     | 100/200 [06:50<06:56,  4.16s/it]
 50%|█████     | 101/200 [06:54<06:47,  4.12s/it]
 51%|█████     | 102/200 [06:58<06:39,  4.08s/it]
 52%|█████▏    | 103/200 [07:02<06:36,  4.09s/it]
 52%|█████▏    | 104/200 [07:06<06:26,  4.02s/it]
 52%|█████▎    | 105/200 [07:10<06:24,  4.05s/it]
 53%|█████▎    | 106/200 [07:15<06:39,  4.25s/it]
 54%|█████▎    | 107/200 [07:19<06:39,  4.30s/it]
 54%|█████▍    | 108/200 [07:23<06:23,  4.17s/it]
 55%|█████▍    | 109/200 [07:27<06:17,  4.15s/it]
 55%|█████▌    | 110/200 [07:31<06:16,  4.18s/it]
 56%|█████▌    | 111/200 [07:35<05:58,  4.03s/it]
 56%|█████▌    | 112/200 [07:39<05:53,  4.02s/it]
 56%|█████▋    | 113/200 [07:43<05:49,  4.02s/it]
 57%|█████▋    | 114/200 [07:47<05:44,  4.01s/it]
 57%|█████▊    | 115/200 [07:51<05:30,  3.89s/it]
 58%|█████▊    | 116/200 [07:54<05:18,  3.79s/it]
 58%|█████▊    | 117/200 [07:58<05:13,  3.77s/it]
 59%|█████▉    | 118/200 [08:02<05:16,  3.86s/it]
 60%|█████▉    | 119/200 [08:06<05:18,  3.93s/it]
 60%|██████    | 120/200 [08:10<05:12,  3.91s/it]
 60%|██████    | 121/200 [08:14<05:08,  3.91s/it]
 61%|██████    | 122/200 [08:18<05:03,  3.89s/it]
 62%|██████▏   | 123/200 [08:21<04:51,  3.78s/it]
 62%|██████▏   | 124/200 [08:25<04:56,  3.90s/it]
 62%|██████▎   | 125/200 [08:29<04:57,  3.97s/it]
 63%|██████▎   | 126/200 [08:34<04:58,  4.03s/it]
 64%|██████▎   | 127/200 [08:38<04:56,  4.07s/it]
 64%|██████▍   | 128/200 [08:42<04:49,  4.02s/it]
 64%|██████▍   | 129/200 [08:46<04:48,  4.06s/it]
 65%|██████▌   | 130/200 [08:50<04:43,  4.05s/it]
 66%|██████▌   | 131/200 [08:54<04:35,  3.99s/it]
 66%|██████▌   | 132/200 [08:58<04:26,  3.91s/it]
 66%|██████▋   | 133/200 [09:02<04:25,  3.96s/it]
 67%|██████▋   | 134/200 [09:06<04:22,  3.98s/it]
 68%|██████▊   | 135/200 [09:10<04:28,  4.13s/it]
 68%|██████▊   | 136/200 [09:14<04:21,  4.08s/it]
 68%|██████▊   | 137/200 [09:18<04:06,  3.92s/it]
 69%|██████▉   | 138/200 [09:21<04:01,  3.90s/it]
 70%|██████▉   | 139/200 [09:25<03:58,  3.91s/it]
 70%|███████   | 140/200 [09:29<03:56,  3.94s/it]
 70%|███████   | 141/200 [09:33<03:54,  3.97s/it]
 71%|███████   | 142/200 [09:38<03:55,  4.06s/it]
 72%|███████▏  | 143/200 [09:41<03:46,  3.97s/it]
 72%|███████▏  | 144/200 [09:45<03:37,  3.89s/it]
 72%|███████▎  | 145/200 [09:49<03:31,  3.84s/it]
 73%|███████▎  | 146/200 [09:54<03:41,  4.10s/it]
 74%|███████▎  | 147/200 [09:57<03:28,  3.94s/it]
 74%|███████▍  | 148/200 [10:02<03:32,  4.08s/it]
 74%|███████▍  | 149/200 [10:05<03:24,  4.01s/it]
 75%|███████▌  | 150/200 [10:09<03:15,  3.91s/it]
 76%|███████▌  | 151/200 [10:13<03:09,  3.86s/it]
 76%|███████▌  | 152/200 [10:17<03:05,  3.86s/it]
 76%|███████▋  | 153/200 [10:21<03:00,  3.85s/it]
 77%|███████▋  | 154/200 [10:24<02:56,  3.83s/it]
 78%|███████▊  | 155/200 [10:28<02:52,  3.83s/it]
 78%|███████▊  | 156/200 [10:32<02:46,  3.78s/it]
 78%|███████▊  | 157/200 [10:36<02:49,  3.95s/it]
 79%|███████▉  | 158/200 [10:40<02:48,  4.01s/it]
 80%|███████▉  | 159/200 [10:44<02:45,  4.04s/it]
 80%|████████  | 160/200 [10:48<02:38,  3.96s/it]
 80%|████████  | 161/200 [10:52<02:32,  3.90s/it]
 81%|████████  | 162/200 [10:56<02:26,  3.84s/it]
 82%|████████▏ | 163/200 [10:59<02:20,  3.79s/it]
 82%|████████▏ | 164/200 [11:03<02:19,  3.88s/it]
 82%|████████▎ | 165/200 [11:07<02:12,  3.79s/it]
 83%|████████▎ | 166/200 [11:11<02:13,  3.91s/it]
 84%|████████▎ | 167/200 [11:15<02:10,  3.94s/it]
 84%|████████▍ | 168/200 [11:19<02:08,  4.03s/it]
 84%|████████▍ | 169/200 [11:24<02:09,  4.18s/it]
 85%|████████▌ | 170/200 [11:28<02:06,  4.21s/it]
 86%|████████▌ | 171/200 [11:32<01:54,  3.95s/it]
 86%|████████▌ | 172/200 [11:35<01:49,  3.91s/it]
 86%|████████▋ | 173/200 [11:39<01:44,  3.89s/it]
 87%|████████▋ | 174/200 [11:43<01:38,  3.80s/it]
 88%|████████▊ | 175/200 [11:47<01:33,  3.76s/it]
 88%|████████▊ | 176/200 [11:50<01:29,  3.74s/it]
 88%|████████▊ | 177/200 [11:54<01:26,  3.76s/it]
 89%|████████▉ | 178/200 [11:58<01:22,  3.74s/it]
 90%|████████▉ | 179/200 [12:02<01:19,  3.77s/it]
 90%|█████████ | 180/200 [12:05<01:16,  3.81s/it]
 90%|█████████ | 181/200 [12:09<01:12,  3.81s/it]
 91%|█████████ | 182/200 [12:13<01:09,  3.84s/it]
 92%|█████████▏| 183/200 [12:17<01:04,  3.80s/it]
 92%|█████████▏| 184/200 [12:21<01:02,  3.88s/it]
 92%|█████████▎| 185/200 [12:25<01:00,  4.02s/it]
 93%|█████████▎| 186/200 [12:30<00:57,  4.13s/it]
 94%|█████████▎| 187/200 [12:34<00:55,  4.26s/it]
 94%|█████████▍| 188/200 [12:39<00:52,  4.33s/it]
 94%|█████████▍| 189/200 [12:43<00:47,  4.28s/it]
 95%|█████████▌| 190/200 [12:47<00:41,  4.15s/it]
 96%|█████████▌| 191/200 [12:51<00:37,  4.17s/it]
 96%|█████████▌| 192/200 [12:55<00:32,  4.12s/it]
 96%|█████████▋| 193/200 [12:59<00:29,  4.20s/it]
 97%|█████████▋| 194/200 [13:03<00:24,  4.15s/it]
 98%|█████████▊| 195/200 [13:07<00:19,  3.98s/it]
 98%|█████████▊| 196/200 [13:11<00:15,  3.92s/it]
 98%|█████████▊| 197/200 [13:15<00:11,  3.94s/it]
 99%|█████████▉| 198/200 [13:18<00:07,  3.88s/it]
100%|█████████▉| 199/200 [13:22<00:03,  3.80s/it]
100%|██████████| 200/200 [13:26<00:00,  3.73s/it]
                                                 
0
1
2
3
4
5
6
7
8
9
10
11
12
13
14
15
16
17
18
19
20
21
22
23
24
25
26
27
28
29
30
31
32
33
34
35
36
37
38
39
40
41
42
43
44
45
46
47
48
49
50
51
52
53
54
55
56
57
58
59
60
61
62
63
64
65
66
67
68
69
70
71
72
73
74
75
76
77
78
79
80
81
82
83
84
85
86
87
88
89
90
91
92
93
94
95
96
97
98
99
100
101
102
103
104
105
106
107
108
109
110
111
112
113
114
115
116
117
118
119
120
121
122
123
124
125
126
127
128
129
130
131
132
133
134
135
136
137
138
139
140
141
142
143
144
145
146
147
148
149
150
151
152
153
154
155
156
157
158
159
160
161
162
163
164
165
166
167
168
169
170
171
172
173
174
175
176
177
178
179
180
181
182
183
184
185
186
187
188
189
190
191
192
193
194
195
196
197
198
199
