 
Files to read: ['../pilot-cpjump1-data/profiles/2020_11_04_CPJUMP1/BR00116995/BR00116995_normalized_feature_select_negcon.csv.gz']
Files to read: ['../pilot-cpjump1-data/profiles/2020_11_04_CPJUMP1/BR00117024/BR00117024_normalized_feature_select_negcon.csv.gz']
Files to read: ['../pilot-cpjump1-data/profiles/2020_11_04_CPJUMP1/BR00117025/BR00117025_normalized_feature_select_negcon.csv.gz']
Files to read: ['../pilot-cpjump1-data/profiles/2020_11_04_CPJUMP1/BR00117026/BR00117026_normalized_feature_select_negcon.csv.gz']
Files to read: ['../pilot-cpjump1-data/profiles/2020_11_04_CPJUMP1/BR00116997/BR00116997_normalized_feature_select_negcon.csv.gz']
Files to read: ['../pilot-cpjump1-data/profiles/2020_11_04_CPJUMP1/BR00116998/BR00116998_normalized_feature_select_negcon.csv.gz']
Files to read: ['../pilot-cpjump1-data/profiles/2020_11_04_CPJUMP1/BR00116999/BR00116999_normalized_feature_select_negcon.csv.gz']
Files to read: ['../pilot-cpjump1-data/profiles/2020_11_04_CPJUMP1/BR00116996/BR00116996_normalized_feature_select_negcon.csv.gz']
Files to read: ['../pilot-cpjump1-data/profiles/2020_11_04_CPJUMP1/BR00117022/BR00117022_normalized_feature_select_negcon.csv.gz']
Files to read: ['../pilot-cpjump1-data/profiles/2020_11_04_CPJUMP1/BR00117023/BR00117023_normalized_feature_select_negcon.csv.gz']

  0%|          | 0/200 [00:00<?, ?it/s]
  0%|          | 1/200 [00:07<23:48,  7.18s/it]
  1%|          | 2/200 [00:11<17:14,  5.23s/it]
  2%|▏         | 3/200 [00:15<15:19,  4.67s/it]
  2%|▏         | 4/200 [00:18<14:14,  4.36s/it]
  2%|▎         | 5/200 [00:22<13:32,  4.17s/it]
  3%|▎         | 6/200 [00:26<13:18,  4.12s/it]
  4%|▎         | 7/200 [00:30<12:54,  4.01s/it]
  4%|▍         | 8/200 [00:34<12:41,  3.97s/it]
  4%|▍         | 9/200 [00:38<12:26,  3.91s/it]
  5%|▌         | 10/200 [00:42<12:15,  3.87s/it]
  6%|▌         | 11/200 [00:45<12:12,  3.88s/it]
  6%|▌         | 12/200 [00:49<12:11,  3.89s/it]
  6%|▋         | 13/200 [00:53<12:03,  3.87s/it]
  7%|▋         | 14/200 [00:57<12:07,  3.91s/it]
  8%|▊         | 15/200 [01:01<12:23,  4.02s/it]
  8%|▊         | 16/200 [01:05<12:10,  3.97s/it]
  8%|▊         | 17/200 [01:09<12:03,  3.95s/it]
  9%|▉         | 18/200 [01:13<11:50,  3.90s/it]
 10%|▉         | 19/200 [01:17<11:37,  3.85s/it]
 10%|█         | 20/200 [01:21<11:42,  3.91s/it]
 10%|█         | 21/200 [01:25<11:50,  3.97s/it]
 11%|█         | 22/200 [01:29<11:42,  3.95s/it]
 12%|█▏        | 23/200 [01:33<11:31,  3.91s/it]
 12%|█▏        | 24/200 [01:36<11:25,  3.89s/it]
 12%|█▎        | 25/200 [01:40<11:11,  3.83s/it]
 13%|█▎        | 26/200 [01:44<11:13,  3.87s/it]
 14%|█▎        | 27/200 [01:48<11:04,  3.84s/it]
 14%|█▍        | 28/200 [01:52<11:06,  3.87s/it]
 14%|█▍        | 29/200 [01:56<11:12,  3.93s/it]
 15%|█▌        | 30/200 [02:00<11:10,  3.95s/it]
 16%|█▌        | 31/200 [02:05<11:49,  4.20s/it]
 16%|█▌        | 32/200 [02:09<11:53,  4.25s/it]
 16%|█▋        | 33/200 [02:13<11:33,  4.15s/it]
 17%|█▋        | 34/200 [02:17<11:17,  4.08s/it]
 18%|█▊        | 35/200 [02:21<11:13,  4.08s/it]
 18%|█▊        | 36/200 [02:25<10:57,  4.01s/it]
 18%|█▊        | 37/200 [02:29<10:59,  4.05s/it]
 19%|█▉        | 38/200 [02:33<11:06,  4.11s/it]
 20%|█▉        | 39/200 [02:38<11:37,  4.33s/it]
 20%|██        | 40/200 [02:42<11:33,  4.33s/it]
 20%|██        | 41/200 [02:46<11:07,  4.20s/it]
 21%|██        | 42/200 [02:50<10:58,  4.17s/it]
 22%|██▏       | 43/200 [02:54<10:47,  4.12s/it]
 22%|██▏       | 44/200 [02:58<10:42,  4.12s/it]
 22%|██▎       | 45/200 [03:02<10:32,  4.08s/it]
 23%|██▎       | 46/200 [03:06<10:21,  4.04s/it]
 24%|██▎       | 47/200 [03:11<10:28,  4.11s/it]
 24%|██▍       | 48/200 [03:15<10:19,  4.07s/it]
 24%|██▍       | 49/200 [03:19<10:19,  4.10s/it]
 25%|██▌       | 50/200 [03:23<10:21,  4.15s/it]
 26%|██▌       | 51/200 [03:27<10:01,  4.04s/it]
 26%|██▌       | 52/200 [03:31<09:57,  4.04s/it]
 26%|██▋       | 53/200 [03:35<09:55,  4.05s/it]
 27%|██▋       | 54/200 [03:39<09:56,  4.09s/it]
 28%|██▊       | 55/200 [03:43<09:36,  3.98s/it]
 28%|██▊       | 56/200 [03:47<09:24,  3.92s/it]
 28%|██▊       | 57/200 [03:51<09:35,  4.02s/it]
 29%|██▉       | 58/200 [03:56<10:02,  4.24s/it]
 30%|██▉       | 59/200 [04:00<09:49,  4.18s/it]
 30%|███       | 60/200 [04:04<10:05,  4.32s/it]
 30%|███       | 61/200 [04:09<09:55,  4.28s/it]
 31%|███       | 62/200 [04:13<10:01,  4.36s/it]
 32%|███▏      | 63/200 [04:17<09:40,  4.24s/it]
 32%|███▏      | 64/200 [04:21<09:27,  4.17s/it]
 32%|███▎      | 65/200 [04:25<09:20,  4.15s/it]
 33%|███▎      | 66/200 [04:29<09:04,  4.06s/it]
 34%|███▎      | 67/200 [04:33<08:54,  4.02s/it]
 34%|███▍      | 68/200 [04:37<08:42,  3.96s/it]
 34%|███▍      | 69/200 [04:41<08:35,  3.94s/it]
 35%|███▌      | 70/200 [04:44<08:24,  3.88s/it]
 36%|███▌      | 71/200 [04:49<08:33,  3.98s/it]
 36%|███▌      | 72/200 [04:52<08:18,  3.90s/it]
 36%|███▋      | 73/200 [04:56<08:08,  3.85s/it]
 37%|███▋      | 74/200 [05:00<08:03,  3.84s/it]
 38%|███▊      | 75/200 [05:04<08:14,  3.96s/it]
 38%|███▊      | 76/200 [05:08<08:19,  4.03s/it]
 38%|███▊      | 77/200 [05:13<08:33,  4.17s/it]
 39%|███▉      | 78/200 [05:17<08:32,  4.20s/it]
 40%|███▉      | 79/200 [05:21<08:27,  4.19s/it]
 40%|████      | 80/200 [05:25<08:21,  4.18s/it]
 40%|████      | 81/200 [05:30<08:35,  4.34s/it]
 41%|████      | 82/200 [05:35<08:54,  4.53s/it]
 42%|████▏     | 83/200 [05:40<08:47,  4.51s/it]
 42%|████▏     | 84/200 [05:44<08:29,  4.39s/it]
 42%|████▎     | 85/200 [05:48<08:24,  4.39s/it]
 43%|████▎     | 86/200 [05:52<08:15,  4.35s/it]
 44%|████▎     | 87/200 [05:57<08:23,  4.45s/it]
 44%|████▍     | 88/200 [06:01<08:12,  4.39s/it]
 44%|████▍     | 89/200 [06:06<08:15,  4.46s/it]
 45%|████▌     | 90/200 [06:10<08:00,  4.37s/it]
 46%|████▌     | 91/200 [06:14<07:47,  4.29s/it]
 46%|████▌     | 92/200 [06:18<07:40,  4.26s/it]
 46%|████▋     | 93/200 [06:22<07:28,  4.19s/it]
 47%|████▋     | 94/200 [06:27<07:23,  4.19s/it]
 48%|████▊     | 95/200 [06:31<07:18,  4.18s/it]
 48%|████▊     | 96/200 [06:35<07:19,  4.23s/it]
 48%|████▊     | 97/200 [06:39<07:13,  4.21s/it]
 49%|████▉     | 98/200 [06:44<07:38,  4.49s/it]
 50%|████▉     | 99/200 [06:49<07:35,  4.51s/it]
 50%|█████     | 100/200 [06:53<07:23,  4.43s/it]
 50%|█████     | 101/200 [06:57<07:15,  4.40s/it]
 51%|█████     | 102/200 [07:02<07:03,  4.32s/it]
 52%|█████▏    | 103/200 [07:06<06:56,  4.30s/it]
 52%|█████▏    | 104/200 [07:10<06:52,  4.29s/it]
 52%|█████▎    | 105/200 [07:15<06:50,  4.32s/it]
 53%|█████▎    | 106/200 [07:19<06:41,  4.27s/it]
 54%|█████▎    | 107/200 [07:23<06:37,  4.27s/it]
 54%|█████▍    | 108/200 [07:27<06:20,  4.13s/it]
 55%|█████▍    | 109/200 [07:31<06:16,  4.13s/it]
 55%|█████▌    | 110/200 [07:36<06:26,  4.30s/it]
 56%|█████▌    | 111/200 [07:40<06:24,  4.31s/it]
 56%|█████▌    | 112/200 [07:44<06:14,  4.25s/it]
 56%|█████▋    | 113/200 [07:48<06:12,  4.28s/it]
 57%|█████▋    | 114/200 [07:53<06:09,  4.30s/it]
 57%|█████▊    | 115/200 [07:57<05:54,  4.17s/it]
 58%|█████▊    | 116/200 [08:01<06:02,  4.31s/it]
 58%|█████▊    | 117/200 [08:06<06:03,  4.38s/it]
 59%|█████▉    | 118/200 [08:09<05:40,  4.16s/it]
 60%|█████▉    | 119/200 [08:13<05:24,  4.00s/it]
 60%|██████    | 120/200 [08:17<05:10,  3.89s/it]
 60%|██████    | 121/200 [08:20<05:04,  3.85s/it]
 61%|██████    | 122/200 [08:24<05:01,  3.86s/it]
 62%|██████▏   | 123/200 [08:28<05:00,  3.91s/it]
 62%|██████▏   | 124/200 [08:33<05:18,  4.20s/it]
 62%|██████▎   | 125/200 [08:38<05:24,  4.33s/it]
 63%|██████▎   | 126/200 [08:42<05:15,  4.26s/it]
 64%|██████▎   | 127/200 [08:47<05:23,  4.43s/it]
 64%|██████▍   | 128/200 [08:51<05:13,  4.35s/it]
 64%|██████▍   | 129/200 [08:55<05:03,  4.28s/it]
 65%|██████▌   | 130/200 [08:59<04:51,  4.16s/it]
 66%|██████▌   | 131/200 [09:03<04:39,  4.05s/it]
 66%|██████▌   | 132/200 [09:07<04:31,  4.00s/it]
 66%|██████▋   | 133/200 [09:10<04:20,  3.89s/it]
 67%|██████▋   | 134/200 [09:14<04:19,  3.94s/it]
 68%|██████▊   | 135/200 [09:18<04:20,  4.01s/it]
 68%|██████▊   | 136/200 [09:23<04:21,  4.09s/it]
 68%|██████▊   | 137/200 [09:27<04:20,  4.14s/it]
 69%|██████▉   | 138/200 [09:31<04:06,  3.98s/it]
 70%|██████▉   | 139/200 [09:34<03:58,  3.91s/it]
 70%|███████   | 140/200 [09:38<03:46,  3.78s/it]
 70%|███████   | 141/200 [09:41<03:39,  3.72s/it]
 71%|███████   | 142/200 [09:45<03:37,  3.75s/it]
 72%|███████▏  | 143/200 [09:49<03:39,  3.85s/it]
 72%|███████▏  | 144/200 [09:54<03:49,  4.10s/it]
 72%|███████▎  | 145/200 [09:58<03:35,  3.93s/it]
 73%|███████▎  | 146/200 [10:02<03:38,  4.04s/it]
 74%|███████▎  | 147/200 [10:06<03:35,  4.06s/it]
 74%|███████▍  | 148/200 [10:10<03:34,  4.12s/it]
 74%|███████▍  | 149/200 [10:14<03:29,  4.10s/it]
 75%|███████▌  | 150/200 [10:18<03:23,  4.06s/it]
 76%|███████▌  | 151/200 [10:23<03:22,  4.13s/it]
 76%|███████▌  | 152/200 [10:26<03:14,  4.06s/it]
 76%|███████▋  | 153/200 [10:30<03:02,  3.89s/it]
 77%|███████▋  | 154/200 [10:33<02:51,  3.74s/it]
 78%|███████▊  | 155/200 [10:37<02:49,  3.78s/it]
 78%|███████▊  | 156/200 [10:41<02:50,  3.87s/it]
 78%|███████▊  | 157/200 [10:46<02:52,  4.01s/it]
 79%|███████▉  | 158/200 [10:50<02:49,  4.03s/it]
 80%|███████▉  | 159/200 [10:53<02:40,  3.92s/it]
 80%|████████  | 160/200 [10:57<02:34,  3.87s/it]
 80%|████████  | 161/200 [11:01<02:29,  3.84s/it]
 81%|████████  | 162/200 [11:05<02:29,  3.93s/it]
 82%|████████▏ | 163/200 [11:09<02:28,  4.00s/it]
 82%|████████▏ | 164/200 [11:13<02:23,  3.98s/it]
 82%|████████▎ | 165/200 [11:17<02:21,  4.03s/it]
 83%|████████▎ | 166/200 [11:21<02:13,  3.93s/it]
 84%|████████▎ | 167/200 [11:25<02:12,  4.02s/it]
 84%|████████▍ | 168/200 [11:29<02:11,  4.11s/it]
 84%|████████▍ | 169/200 [11:33<02:05,  4.06s/it]
 85%|████████▌ | 170/200 [11:37<01:58,  3.94s/it]
 86%|████████▌ | 171/200 [11:41<01:51,  3.86s/it]
 86%|████████▌ | 172/200 [11:44<01:45,  3.75s/it]
 86%|████████▋ | 173/200 [11:48<01:40,  3.71s/it]
 87%|████████▋ | 174/200 [11:51<01:34,  3.63s/it]
 88%|████████▊ | 175/200 [11:55<01:29,  3.58s/it]
 88%|████████▊ | 176/200 [11:58<01:26,  3.59s/it]
 88%|████████▊ | 177/200 [12:03<01:31,  3.97s/it]
 89%|████████▉ | 178/200 [12:07<01:28,  4.03s/it]
 90%|████████▉ | 179/200 [12:11<01:24,  4.05s/it]
 90%|█████████ | 180/200 [12:15<01:20,  4.03s/it]
 90%|█████████ | 181/200 [12:20<01:19,  4.17s/it]
 91%|█████████ | 182/200 [12:24<01:16,  4.25s/it]
 92%|█████████▏| 183/200 [12:29<01:12,  4.27s/it]
 92%|█████████▏| 184/200 [12:33<01:07,  4.22s/it]
 92%|█████████▎| 185/200 [12:37<01:03,  4.20s/it]
 93%|█████████▎| 186/200 [12:41<00:57,  4.10s/it]
 94%|█████████▎| 187/200 [12:45<00:53,  4.08s/it]
 94%|█████████▍| 188/200 [12:49<00:49,  4.14s/it]
 94%|█████████▍| 189/200 [12:53<00:45,  4.18s/it]
 95%|█████████▌| 190/200 [12:58<00:41,  4.20s/it]
 96%|█████████▌| 191/200 [13:02<00:37,  4.15s/it]
 96%|█████████▌| 192/200 [13:06<00:33,  4.22s/it]
 96%|█████████▋| 193/200 [13:10<00:29,  4.23s/it]
 97%|█████████▋| 194/200 [13:15<00:25,  4.22s/it]
 98%|█████████▊| 195/200 [13:19<00:20,  4.18s/it]
 98%|█████████▊| 196/200 [13:23<00:16,  4.15s/it]
 98%|█████████▊| 197/200 [13:27<00:12,  4.10s/it]
 99%|█████████▉| 198/200 [13:31<00:08,  4.12s/it]
100%|█████████▉| 199/200 [13:35<00:04,  4.17s/it]
100%|██████████| 200/200 [13:39<00:00,  4.16s/it]
                                                 
0
1
2
3
4
5
6
7
8
9
10
11
12
13
14
15
16
17
18
19
20
21
22
23
24
25
26
27
28
29
30
31
32
33
34
35
36
37
38
39
40
41
42
43
44
45
46
47
48
49
50
51
52
53
54
55
56
57
58
59
60
61
62
63
64
65
66
67
68
69
70
71
72
73
74
75
76
77
78
79
80
81
82
83
84
85
86
87
88
89
90
91
92
93
94
95
96
97
98
99
100
101
102
103
104
105
106
107
108
109
110
111
112
113
114
115
116
117
118
119
120
121
122
123
124
125
126
127
128
129
130
131
132
133
134
135
136
137
138
139
140
141
142
143
144
145
146
147
148
149
150
151
152
153
154
155
156
157
158
159
160
161
162
163
164
165
166
167
168
169
170
171
172
173
174
175
176
177
178
179
180
181
182
183
184
185
186
187
188
189
190
191
192
193
194
195
196
197
198
199
