 
Files to read: ['../pilot-cpjump1-data/profiles/2020_11_04_CPJUMP1/BR00116995/BR00116995_normalized_feature_select_negcon.csv.gz']
Files to read: ['../pilot-cpjump1-data/profiles/2020_11_04_CPJUMP1/BR00117024/BR00117024_normalized_feature_select_negcon.csv.gz']
Files to read: ['../pilot-cpjump1-data/profiles/2020_11_04_CPJUMP1/BR00117025/BR00117025_normalized_feature_select_negcon.csv.gz']
Files to read: ['../pilot-cpjump1-data/profiles/2020_11_04_CPJUMP1/BR00117026/BR00117026_normalized_feature_select_negcon.csv.gz']
Files to read: ['../pilot-cpjump1-data/profiles/2020_11_04_CPJUMP1/BR00116997/BR00116997_normalized_feature_select_negcon.csv.gz']
Files to read: ['../pilot-cpjump1-data/profiles/2020_11_04_CPJUMP1/BR00116998/BR00116998_normalized_feature_select_negcon.csv.gz']
Files to read: ['../pilot-cpjump1-data/profiles/2020_11_04_CPJUMP1/BR00116999/BR00116999_normalized_feature_select_negcon.csv.gz']
Files to read: ['../pilot-cpjump1-data/profiles/2020_11_04_CPJUMP1/BR00116996/BR00116996_normalized_feature_select_negcon.csv.gz']
Files to read: ['../pilot-cpjump1-data/profiles/2020_11_04_CPJUMP1/BR00117022/BR00117022_normalized_feature_select_negcon.csv.gz']
Files to read: ['../pilot-cpjump1-data/profiles/2020_11_04_CPJUMP1/BR00117023/BR00117023_normalized_feature_select_negcon.csv.gz']

  0%|          | 0/200 [00:00<?, ?it/s]
  0%|          | 1/200 [00:07<23:35,  7.11s/it]
  1%|          | 2/200 [00:11<18:11,  5.51s/it]
  2%|▏         | 3/200 [00:15<15:55,  4.85s/it]
  2%|▏         | 4/200 [00:19<15:08,  4.63s/it]
  2%|▎         | 5/200 [00:23<14:26,  4.44s/it]
  3%|▎         | 6/200 [00:27<13:45,  4.25s/it]
  4%|▎         | 7/200 [00:31<13:29,  4.20s/it]
  4%|▍         | 8/200 [00:36<13:21,  4.18s/it]
  4%|▍         | 9/200 [00:40<13:07,  4.12s/it]
  5%|▌         | 10/200 [00:44<13:16,  4.19s/it]
  6%|▌         | 11/200 [00:48<13:02,  4.14s/it]
  6%|▌         | 12/200 [00:52<12:43,  4.06s/it]
  6%|▋         | 13/200 [00:56<12:29,  4.01s/it]
  7%|▋         | 14/200 [00:59<12:08,  3.92s/it]
  8%|▊         | 15/200 [01:03<12:02,  3.91s/it]
  8%|▊         | 16/200 [01:07<11:55,  3.89s/it]
  8%|▊         | 17/200 [01:11<12:02,  3.95s/it]
  9%|▉         | 18/200 [01:16<12:32,  4.14s/it]
 10%|▉         | 19/200 [01:20<12:20,  4.09s/it]
 10%|█         | 20/200 [01:24<11:59,  4.00s/it]
 10%|█         | 21/200 [01:28<11:54,  3.99s/it]
 11%|█         | 22/200 [01:31<11:43,  3.95s/it]
 12%|█▏        | 23/200 [01:35<11:40,  3.96s/it]
 12%|█▏        | 24/200 [01:39<11:40,  3.98s/it]
 12%|█▎        | 25/200 [01:43<11:41,  4.01s/it]
 13%|█▎        | 26/200 [01:48<11:49,  4.08s/it]
 14%|█▎        | 27/200 [01:52<11:35,  4.02s/it]
 14%|█▍        | 28/200 [01:56<11:45,  4.10s/it]
 14%|█▍        | 29/200 [02:00<11:36,  4.07s/it]
 15%|█▌        | 30/200 [02:04<11:38,  4.11s/it]
 16%|█▌        | 31/200 [02:08<11:29,  4.08s/it]
 16%|█▌        | 32/200 [02:12<11:18,  4.04s/it]
 16%|█▋        | 33/200 [02:16<11:11,  4.02s/it]
 17%|█▋        | 34/200 [02:20<10:53,  3.94s/it]
 18%|█▊        | 35/200 [02:23<10:37,  3.86s/it]
 18%|█▊        | 36/200 [02:27<10:32,  3.86s/it]
 18%|█▊        | 37/200 [02:31<10:33,  3.89s/it]
 19%|█▉        | 38/200 [02:35<10:40,  3.95s/it]
 20%|█▉        | 39/200 [02:39<10:34,  3.94s/it]
 20%|██        | 40/200 [02:43<10:31,  3.95s/it]
 20%|██        | 41/200 [02:47<10:32,  3.98s/it]
 21%|██        | 42/200 [02:51<10:31,  3.99s/it]
 22%|██▏       | 43/200 [02:55<10:30,  4.02s/it]
 22%|██▏       | 44/200 [02:59<10:18,  3.96s/it]
 22%|██▎       | 45/200 [03:04<10:29,  4.06s/it]
 23%|██▎       | 46/200 [03:08<10:26,  4.07s/it]
 24%|██▎       | 47/200 [03:12<10:17,  4.04s/it]
 24%|██▍       | 48/200 [03:16<10:11,  4.02s/it]
 24%|██▍       | 49/200 [03:20<10:05,  4.01s/it]
 25%|██▌       | 50/200 [03:24<10:07,  4.05s/it]
 26%|██▌       | 51/200 [03:28<10:11,  4.11s/it]
 26%|██▌       | 52/200 [03:32<09:56,  4.03s/it]
 26%|██▋       | 53/200 [03:36<09:59,  4.08s/it]
 27%|██▋       | 54/200 [03:41<10:19,  4.24s/it]
 28%|██▊       | 55/200 [03:45<10:17,  4.26s/it]
 28%|██▊       | 56/200 [03:49<10:12,  4.25s/it]
 28%|██▊       | 57/200 [03:53<10:01,  4.21s/it]
 29%|██▉       | 58/200 [03:57<09:50,  4.16s/it]
 30%|██▉       | 59/200 [04:01<09:33,  4.07s/it]
 30%|███       | 60/200 [04:05<09:41,  4.15s/it]
 30%|███       | 61/200 [04:10<09:47,  4.22s/it]
 31%|███       | 62/200 [04:14<09:29,  4.13s/it]
 32%|███▏      | 63/200 [04:18<09:16,  4.06s/it]
 32%|███▏      | 64/200 [04:21<08:57,  3.95s/it]
 32%|███▎      | 65/200 [04:25<08:48,  3.91s/it]
 33%|███▎      | 66/200 [04:29<08:41,  3.89s/it]
 34%|███▎      | 67/200 [04:33<08:39,  3.91s/it]
 34%|███▍      | 68/200 [04:37<08:33,  3.89s/it]
 34%|███▍      | 69/200 [04:41<08:42,  3.99s/it]
 35%|███▌      | 70/200 [04:45<08:34,  3.96s/it]
 36%|███▌      | 71/200 [04:49<08:27,  3.94s/it]
 36%|███▌      | 72/200 [04:53<08:24,  3.94s/it]
 36%|███▋      | 73/200 [04:57<08:22,  3.96s/it]
 37%|███▋      | 74/200 [05:01<08:13,  3.92s/it]
 38%|███▊      | 75/200 [05:05<08:21,  4.01s/it]
 38%|███▊      | 76/200 [05:09<08:19,  4.03s/it]
 38%|███▊      | 77/200 [05:13<08:06,  3.96s/it]
 39%|███▉      | 78/200 [05:17<08:04,  3.97s/it]
 40%|███▉      | 79/200 [05:21<08:02,  3.99s/it]
 40%|████      | 80/200 [05:25<08:00,  4.01s/it]
 40%|████      | 81/200 [05:29<08:02,  4.05s/it]
 41%|████      | 82/200 [05:33<07:54,  4.02s/it]
 42%|████▏     | 83/200 [05:37<07:49,  4.01s/it]
 42%|████▏     | 84/200 [05:41<07:45,  4.01s/it]
 42%|████▎     | 85/200 [05:45<07:46,  4.05s/it]
 43%|████▎     | 86/200 [05:49<07:40,  4.04s/it]
 44%|████▎     | 87/200 [05:53<07:36,  4.04s/it]
 44%|████▍     | 88/200 [05:57<07:31,  4.03s/it]
 44%|████▍     | 89/200 [06:01<07:24,  4.01s/it]
 45%|████▌     | 90/200 [06:05<07:32,  4.12s/it]
 46%|████▌     | 91/200 [06:10<07:44,  4.26s/it]
 46%|████▌     | 92/200 [06:14<07:45,  4.31s/it]
 46%|████▋     | 93/200 [06:19<07:34,  4.25s/it]
 47%|████▋     | 94/200 [06:23<07:25,  4.20s/it]
 48%|████▊     | 95/200 [06:26<07:09,  4.09s/it]
 48%|████▊     | 96/200 [06:30<06:59,  4.04s/it]
 48%|████▊     | 97/200 [06:34<06:51,  4.00s/it]
 49%|████▉     | 98/200 [06:38<06:41,  3.94s/it]
 50%|████▉     | 99/200 [06:42<06:41,  3.98s/it]
 50%|█████     | 100/200 [06:46<06:35,  3.96s/it]
 50%|█████     | 101/200 [06:50<06:30,  3.95s/it]
 51%|█████     | 102/200 [06:54<06:24,  3.93s/it]
 52%|█████▏    | 103/200 [06:58<06:27,  4.00s/it]
 52%|█████▏    | 104/200 [07:02<06:14,  3.90s/it]
 52%|█████▎    | 105/200 [07:06<06:10,  3.90s/it]
 53%|█████▎    | 106/200 [07:09<06:04,  3.87s/it]
 54%|█████▎    | 107/200 [07:13<06:05,  3.93s/it]
 54%|█████▍    | 108/200 [07:17<06:03,  3.95s/it]
 55%|█████▍    | 109/200 [07:21<06:01,  3.97s/it]
 55%|█████▌    | 110/200 [07:25<05:57,  3.97s/it]
 56%|█████▌    | 111/200 [07:29<05:46,  3.90s/it]
 56%|█████▌    | 112/200 [07:33<05:42,  3.89s/it]
 56%|█████▋    | 113/200 [07:37<05:49,  4.02s/it]
 57%|█████▋    | 114/200 [07:42<05:56,  4.14s/it]
 57%|█████▊    | 115/200 [07:46<05:57,  4.21s/it]
 58%|█████▊    | 116/200 [07:50<05:55,  4.23s/it]
 58%|█████▊    | 117/200 [07:55<05:48,  4.19s/it]
 59%|█████▉    | 118/200 [07:59<05:55,  4.33s/it]
 60%|█████▉    | 119/200 [08:04<05:53,  4.36s/it]
 60%|██████    | 120/200 [08:08<05:36,  4.21s/it]
 60%|██████    | 121/200 [08:12<05:28,  4.15s/it]
 61%|██████    | 122/200 [08:16<05:19,  4.10s/it]
 62%|██████▏   | 123/200 [08:20<05:15,  4.10s/it]
 62%|██████▏   | 124/200 [08:24<05:07,  4.05s/it]
 62%|██████▎   | 125/200 [08:27<05:00,  4.00s/it]
 63%|██████▎   | 126/200 [08:31<04:53,  3.97s/it]
 64%|██████▎   | 127/200 [08:35<04:46,  3.93s/it]
 64%|██████▍   | 128/200 [08:39<04:39,  3.88s/it]
 64%|██████▍   | 129/200 [08:43<04:43,  3.99s/it]
 65%|██████▌   | 130/200 [08:47<04:33,  3.91s/it]
 66%|██████▌   | 131/200 [08:51<04:24,  3.83s/it]
 66%|██████▌   | 132/200 [08:55<04:31,  4.00s/it]
 66%|██████▋   | 133/200 [08:59<04:19,  3.88s/it]
 67%|██████▋   | 134/200 [09:02<04:12,  3.82s/it]
 68%|██████▊   | 135/200 [09:06<04:11,  3.87s/it]
 68%|██████▊   | 136/200 [09:10<04:13,  3.96s/it]
 68%|██████▊   | 137/200 [09:14<04:10,  3.98s/it]
 69%|██████▉   | 138/200 [09:19<04:19,  4.18s/it]
 70%|██████▉   | 139/200 [09:24<04:27,  4.38s/it]
 70%|███████   | 140/200 [09:28<04:15,  4.26s/it]
 70%|███████   | 141/200 [09:33<04:17,  4.37s/it]
 71%|███████   | 142/200 [09:36<04:01,  4.17s/it]
 72%|███████▏  | 143/200 [09:40<03:50,  4.05s/it]
 72%|███████▏  | 144/200 [09:44<03:45,  4.03s/it]
 72%|███████▎  | 145/200 [09:48<03:37,  3.96s/it]
 73%|███████▎  | 146/200 [09:51<03:28,  3.86s/it]
 74%|███████▎  | 147/200 [09:55<03:24,  3.86s/it]
 74%|███████▍  | 148/200 [09:59<03:24,  3.93s/it]
 74%|███████▍  | 149/200 [10:03<03:16,  3.86s/it]
 75%|███████▌  | 150/200 [10:07<03:18,  3.98s/it]
 76%|███████▌  | 151/200 [10:11<03:12,  3.93s/it]
 76%|███████▌  | 152/200 [10:15<03:07,  3.90s/it]
 76%|███████▋  | 153/200 [10:19<03:06,  3.96s/it]
 77%|███████▋  | 154/200 [10:23<02:59,  3.91s/it]
 78%|███████▊  | 155/200 [10:27<03:03,  4.08s/it]
 78%|███████▊  | 156/200 [10:31<02:59,  4.09s/it]
 78%|███████▊  | 157/200 [10:35<02:51,  4.00s/it]
 79%|███████▉  | 158/200 [10:39<02:46,  3.97s/it]
 80%|███████▉  | 159/200 [10:43<02:42,  3.96s/it]
 80%|████████  | 160/200 [10:47<02:35,  3.88s/it]
 80%|████████  | 161/200 [10:51<02:32,  3.90s/it]
 81%|████████  | 162/200 [10:54<02:26,  3.84s/it]
 82%|████████▏ | 163/200 [10:58<02:22,  3.84s/it]
 82%|████████▏ | 164/200 [11:02<02:17,  3.83s/it]
 82%|████████▎ | 165/200 [11:06<02:15,  3.87s/it]
 83%|████████▎ | 166/200 [11:10<02:12,  3.91s/it]
 84%|████████▎ | 167/200 [11:14<02:11,  3.98s/it]
 84%|████████▍ | 168/200 [11:19<02:12,  4.13s/it]
 84%|████████▍ | 169/200 [11:23<02:08,  4.14s/it]
 85%|████████▌ | 170/200 [11:27<02:01,  4.06s/it]
 86%|████████▌ | 171/200 [11:31<01:58,  4.09s/it]
 86%|████████▌ | 172/200 [11:35<01:51,  3.98s/it]
 86%|████████▋ | 173/200 [11:38<01:44,  3.89s/it]
 87%|████████▋ | 174/200 [11:42<01:40,  3.87s/it]
 88%|████████▊ | 175/200 [11:46<01:39,  3.96s/it]
 88%|████████▊ | 176/200 [11:50<01:34,  3.93s/it]
 88%|████████▊ | 177/200 [11:54<01:31,  3.97s/it]
 89%|████████▉ | 178/200 [11:58<01:25,  3.88s/it]
 90%|████████▉ | 179/200 [12:02<01:23,  3.99s/it]
 90%|█████████ | 180/200 [12:06<01:18,  3.92s/it]
 90%|█████████ | 181/200 [12:10<01:14,  3.93s/it]
 91%|█████████ | 182/200 [12:14<01:10,  3.91s/it]
 92%|█████████▏| 183/200 [12:18<01:07,  3.94s/it]
 92%|█████████▏| 184/200 [12:22<01:02,  3.92s/it]
 92%|█████████▎| 185/200 [12:25<00:58,  3.88s/it]
 93%|█████████▎| 186/200 [12:29<00:54,  3.88s/it]
 94%|█████████▎| 187/200 [12:33<00:50,  3.88s/it]
 94%|█████████▍| 188/200 [12:37<00:45,  3.80s/it]
 94%|█████████▍| 189/200 [12:41<00:42,  3.84s/it]
 95%|█████████▌| 190/200 [12:44<00:37,  3.77s/it]
 96%|█████████▌| 191/200 [12:48<00:33,  3.76s/it]
 96%|█████████▌| 192/200 [12:52<00:30,  3.76s/it]
 96%|█████████▋| 193/200 [12:56<00:26,  3.76s/it]
 97%|█████████▋| 194/200 [12:59<00:22,  3.74s/it]
 98%|█████████▊| 195/200 [13:03<00:18,  3.78s/it]
 98%|█████████▊| 196/200 [13:07<00:15,  3.82s/it]
 98%|█████████▊| 197/200 [13:11<00:11,  3.79s/it]
 99%|█████████▉| 198/200 [13:15<00:07,  3.83s/it]
100%|█████████▉| 199/200 [13:19<00:03,  3.98s/it]
100%|██████████| 200/200 [13:23<00:00,  3.89s/it]
                                                 
0
1
2
3
4
5
6
7
8
9
10
11
12
13
14
15
16
17
18
19
20
21
22
23
24
25
26
27
28
29
30
31
32
33
34
35
36
37
38
39
40
41
42
43
44
45
46
47
48
49
50
51
52
53
54
55
56
57
58
59
60
61
62
63
64
65
66
67
68
69
70
71
72
73
74
75
76
77
78
79
80
81
82
83
84
85
86
87
88
89
90
91
92
93
94
95
96
97
98
99
100
101
102
103
104
105
106
107
108
109
110
111
112
113
114
115
116
117
118
119
120
121
122
123
124
125
126
127
128
129
130
131
132
133
134
135
136
137
138
139
140
141
142
143
144
145
146
147
148
149
150
151
152
153
154
155
156
157
158
159
160
161
162
163
164
165
166
167
168
169
170
171
172
173
174
175
176
177
178
179
180
181
182
183
184
185
186
187
188
189
190
191
192
193
194
195
196
197
198
199
