 
Files to read: ['../pilot-cpjump1-data/profiles/2020_11_04_CPJUMP1/BR00116995/BR00116995_normalized_feature_select_negcon.csv.gz']
Files to read: ['../pilot-cpjump1-data/profiles/2020_11_04_CPJUMP1/BR00117024/BR00117024_normalized_feature_select_negcon.csv.gz']
Files to read: ['../pilot-cpjump1-data/profiles/2020_11_04_CPJUMP1/BR00117025/BR00117025_normalized_feature_select_negcon.csv.gz']
Files to read: ['../pilot-cpjump1-data/profiles/2020_11_04_CPJUMP1/BR00117026/BR00117026_normalized_feature_select_negcon.csv.gz']
Files to read: ['../pilot-cpjump1-data/profiles/2020_11_04_CPJUMP1/BR00116997/BR00116997_normalized_feature_select_negcon.csv.gz']
Files to read: ['../pilot-cpjump1-data/profiles/2020_11_04_CPJUMP1/BR00116998/BR00116998_normalized_feature_select_negcon.csv.gz']
Files to read: ['../pilot-cpjump1-data/profiles/2020_11_04_CPJUMP1/BR00116999/BR00116999_normalized_feature_select_negcon.csv.gz']
Files to read: ['../pilot-cpjump1-data/profiles/2020_11_04_CPJUMP1/BR00116996/BR00116996_normalized_feature_select_negcon.csv.gz']
Files to read: ['../pilot-cpjump1-data/profiles/2020_11_04_CPJUMP1/BR00117022/BR00117022_normalized_feature_select_negcon.csv.gz']
Files to read: ['../pilot-cpjump1-data/profiles/2020_11_04_CPJUMP1/BR00117023/BR00117023_normalized_feature_select_negcon.csv.gz']

  0%|          | 0/200 [00:00<?, ?it/s]
  0%|          | 1/200 [00:07<26:16,  7.92s/it]
  1%|          | 2/200 [00:12<18:58,  5.75s/it]
  2%|▏         | 3/200 [00:16<16:49,  5.12s/it]
  2%|▏         | 4/200 [00:20<15:06,  4.62s/it]
  2%|▎         | 5/200 [00:24<14:09,  4.36s/it]
  3%|▎         | 6/200 [00:28<13:25,  4.15s/it]
  4%|▎         | 7/200 [00:32<13:47,  4.29s/it]
  4%|▍         | 8/200 [00:36<13:44,  4.29s/it]
  4%|▍         | 9/200 [00:40<13:16,  4.17s/it]
  5%|▌         | 10/200 [00:45<13:17,  4.20s/it]
  6%|▌         | 11/200 [00:49<13:03,  4.14s/it]
  6%|▌         | 12/200 [00:52<12:44,  4.07s/it]
  6%|▋         | 13/200 [00:56<12:35,  4.04s/it]
  7%|▋         | 14/200 [01:00<12:14,  3.95s/it]
  8%|▊         | 15/200 [01:04<11:56,  3.87s/it]
  8%|▊         | 16/200 [01:08<11:53,  3.88s/it]
  8%|▊         | 17/200 [01:12<11:45,  3.85s/it]
  9%|▉         | 18/200 [01:15<11:44,  3.87s/it]
 10%|▉         | 19/200 [01:20<11:51,  3.93s/it]
 10%|█         | 20/200 [01:24<11:59,  4.00s/it]
 10%|█         | 21/200 [01:28<11:58,  4.02s/it]
 11%|█         | 22/200 [01:32<11:44,  3.96s/it]
 12%|█▏        | 23/200 [01:35<11:37,  3.94s/it]
 12%|█▏        | 24/200 [01:40<11:42,  3.99s/it]
 12%|█▎        | 25/200 [01:44<11:37,  3.99s/it]
 13%|█▎        | 26/200 [01:47<11:20,  3.91s/it]
 14%|█▎        | 27/200 [01:51<11:07,  3.86s/it]
 14%|█▍        | 28/200 [01:55<10:57,  3.82s/it]
 14%|█▍        | 29/200 [01:59<10:58,  3.85s/it]
 15%|█▌        | 30/200 [02:03<10:56,  3.86s/it]
 16%|█▌        | 31/200 [02:06<10:36,  3.77s/it]
 16%|█▌        | 32/200 [02:10<10:35,  3.78s/it]
 16%|█▋        | 33/200 [02:14<10:33,  3.79s/it]
 17%|█▋        | 34/200 [02:18<10:30,  3.80s/it]
 18%|█▊        | 35/200 [02:22<10:34,  3.85s/it]
 18%|█▊        | 36/200 [02:26<10:57,  4.01s/it]
 18%|█▊        | 37/200 [02:30<11:16,  4.15s/it]
 19%|█▉        | 38/200 [02:35<11:25,  4.23s/it]
 20%|█▉        | 39/200 [02:39<11:15,  4.20s/it]
 20%|██        | 40/200 [02:43<11:04,  4.15s/it]
 20%|██        | 41/200 [02:47<10:43,  4.05s/it]
 21%|██        | 42/200 [02:51<10:54,  4.14s/it]
 22%|██▏       | 43/200 [02:55<10:51,  4.15s/it]
 22%|██▏       | 44/200 [02:59<10:30,  4.04s/it]
 22%|██▎       | 45/200 [03:03<10:08,  3.92s/it]
 23%|██▎       | 46/200 [03:07<10:04,  3.93s/it]
 24%|██▎       | 47/200 [03:11<10:14,  4.01s/it]
 24%|██▍       | 48/200 [03:15<10:12,  4.03s/it]
 24%|██▍       | 49/200 [03:19<10:15,  4.08s/it]
 25%|██▌       | 50/200 [03:24<10:27,  4.18s/it]
 26%|██▌       | 51/200 [03:27<10:08,  4.08s/it]
 26%|██▌       | 52/200 [03:31<09:49,  3.98s/it]
 26%|██▋       | 53/200 [03:35<09:31,  3.89s/it]
 27%|██▋       | 54/200 [03:39<09:23,  3.86s/it]
 28%|██▊       | 55/200 [03:43<09:29,  3.93s/it]
 28%|██▊       | 56/200 [03:47<09:54,  4.13s/it]
 28%|██▊       | 57/200 [03:51<09:41,  4.07s/it]
 29%|██▉       | 58/200 [03:55<09:34,  4.05s/it]
 30%|██▉       | 59/200 [03:59<09:23,  3.99s/it]
 30%|███       | 60/200 [04:03<09:22,  4.01s/it]
 30%|███       | 61/200 [04:07<09:17,  4.01s/it]
 31%|███       | 62/200 [04:11<09:12,  4.00s/it]
 32%|███▏      | 63/200 [04:15<09:15,  4.05s/it]
 32%|███▏      | 64/200 [04:19<09:13,  4.07s/it]
 32%|███▎      | 65/200 [04:23<08:59,  4.00s/it]
 33%|███▎      | 66/200 [04:27<08:45,  3.92s/it]
 34%|███▎      | 67/200 [04:31<08:40,  3.92s/it]
 34%|███▍      | 68/200 [04:35<08:35,  3.90s/it]
 34%|███▍      | 69/200 [04:39<08:25,  3.86s/it]
 35%|███▌      | 70/200 [04:42<08:21,  3.86s/it]
 36%|███▌      | 71/200 [04:46<08:12,  3.82s/it]
 36%|███▌      | 72/200 [04:50<08:22,  3.93s/it]
 36%|███▋      | 73/200 [04:54<08:24,  3.97s/it]
 37%|███▋      | 74/200 [04:58<08:19,  3.96s/it]
 38%|███▊      | 75/200 [05:03<08:23,  4.03s/it]
 38%|███▊      | 76/200 [05:06<08:11,  3.96s/it]
 38%|███▊      | 77/200 [05:10<08:07,  3.96s/it]
 39%|███▉      | 78/200 [05:15<08:27,  4.16s/it]
 40%|███▉      | 79/200 [05:19<08:32,  4.24s/it]
 40%|████      | 80/200 [05:23<08:24,  4.20s/it]
 40%|████      | 81/200 [05:28<08:21,  4.21s/it]
 41%|████      | 82/200 [05:32<08:09,  4.15s/it]
 42%|████▏     | 83/200 [05:36<07:59,  4.10s/it]
 42%|████▏     | 84/200 [05:40<07:47,  4.03s/it]
 42%|████▎     | 85/200 [05:44<07:42,  4.02s/it]
 43%|████▎     | 86/200 [05:48<07:37,  4.02s/it]
 44%|████▎     | 87/200 [05:52<07:39,  4.06s/it]
 44%|████▍     | 88/200 [05:56<07:35,  4.07s/it]
 44%|████▍     | 89/200 [06:00<07:36,  4.11s/it]
 45%|████▌     | 90/200 [06:04<07:41,  4.20s/it]
 46%|████▌     | 91/200 [06:09<07:39,  4.22s/it]
 46%|████▌     | 92/200 [06:13<07:33,  4.19s/it]
 46%|████▋     | 93/200 [06:17<07:13,  4.05s/it]
 47%|████▋     | 94/200 [06:20<07:05,  4.01s/it]
 48%|████▊     | 95/200 [06:25<07:09,  4.09s/it]
 48%|████▊     | 96/200 [06:29<07:15,  4.19s/it]
 48%|████▊     | 97/200 [06:33<07:08,  4.16s/it]
 49%|████▉     | 98/200 [06:37<06:52,  4.05s/it]
 50%|████▉     | 99/200 [06:41<06:39,  3.95s/it]
 50%|█████     | 100/200 [06:45<06:39,  3.99s/it]
 50%|█████     | 101/200 [06:49<06:28,  3.93s/it]
 51%|█████     | 102/200 [06:53<06:25,  3.93s/it]
 52%|█████▏    | 103/200 [06:56<06:20,  3.93s/it]
 52%|█████▏    | 104/200 [07:00<06:12,  3.88s/it]
 52%|█████▎    | 105/200 [07:04<06:11,  3.91s/it]
 53%|█████▎    | 106/200 [07:08<06:09,  3.93s/it]
 54%|█████▎    | 107/200 [07:12<06:15,  4.04s/it]
 54%|█████▍    | 108/200 [07:16<06:08,  4.01s/it]
 55%|█████▍    | 109/200 [07:21<06:24,  4.22s/it]
 55%|█████▌    | 110/200 [07:25<06:08,  4.10s/it]
 56%|█████▌    | 111/200 [07:29<06:09,  4.15s/it]
 56%|█████▌    | 112/200 [07:34<06:10,  4.21s/it]
 56%|█████▋    | 113/200 [07:38<05:58,  4.13s/it]
 57%|█████▋    | 114/200 [07:43<06:17,  4.39s/it]
 57%|█████▊    | 115/200 [07:47<06:10,  4.36s/it]
 58%|█████▊    | 116/200 [07:51<05:59,  4.28s/it]
 58%|█████▊    | 117/200 [07:55<06:01,  4.35s/it]
 59%|█████▉    | 118/200 [08:00<05:51,  4.29s/it]
 60%|█████▉    | 119/200 [08:03<05:32,  4.11s/it]
 60%|██████    | 120/200 [08:07<05:28,  4.11s/it]
 60%|██████    | 121/200 [08:11<05:24,  4.11s/it]
 61%|██████    | 122/200 [08:15<05:15,  4.04s/it]
 62%|██████▏   | 123/200 [08:19<05:02,  3.93s/it]
 62%|██████▏   | 124/200 [08:23<04:52,  3.85s/it]
 62%|██████▎   | 125/200 [08:27<04:48,  3.85s/it]
 63%|██████▎   | 126/200 [08:30<04:47,  3.88s/it]
 64%|██████▎   | 127/200 [08:34<04:43,  3.88s/it]
 64%|██████▍   | 128/200 [08:38<04:40,  3.89s/it]
 64%|██████▍   | 129/200 [08:42<04:35,  3.89s/it]
 65%|██████▌   | 130/200 [08:46<04:23,  3.77s/it]
 66%|██████▌   | 131/200 [08:49<04:18,  3.74s/it]
 66%|██████▌   | 132/200 [08:53<04:14,  3.75s/it]
 66%|██████▋   | 133/200 [08:57<04:22,  3.91s/it]
 67%|██████▋   | 134/200 [09:01<04:10,  3.80s/it]
 68%|██████▊   | 135/200 [09:05<04:08,  3.82s/it]
 68%|██████▊   | 136/200 [09:09<04:11,  3.94s/it]
 68%|██████▊   | 137/200 [09:13<04:15,  4.06s/it]
 69%|██████▉   | 138/200 [09:17<04:06,  3.97s/it]
 70%|██████▉   | 139/200 [09:21<04:08,  4.08s/it]
 70%|███████   | 140/200 [09:25<04:00,  4.01s/it]
 70%|███████   | 141/200 [09:29<03:52,  3.95s/it]
 71%|███████   | 142/200 [09:34<04:02,  4.18s/it]
 72%|███████▏  | 143/200 [09:39<04:09,  4.38s/it]
 72%|███████▏  | 144/200 [09:43<03:56,  4.23s/it]
 72%|███████▎  | 145/200 [09:46<03:44,  4.08s/it]
 73%|███████▎  | 146/200 [09:50<03:36,  4.02s/it]
 74%|███████▎  | 147/200 [09:54<03:30,  3.97s/it]
 74%|███████▍  | 148/200 [09:58<03:28,  4.01s/it]
 74%|███████▍  | 149/200 [10:02<03:21,  3.95s/it]
 75%|███████▌  | 150/200 [10:06<03:23,  4.06s/it]
 76%|███████▌  | 151/200 [10:10<03:14,  3.97s/it]
 76%|███████▌  | 152/200 [10:14<03:08,  3.93s/it]
 76%|███████▋  | 153/200 [10:18<03:02,  3.88s/it]
 77%|███████▋  | 154/200 [10:21<02:58,  3.88s/it]
 78%|███████▊  | 155/200 [10:25<02:52,  3.84s/it]
 78%|███████▊  | 156/200 [10:29<02:50,  3.89s/it]
 78%|███████▊  | 157/200 [10:34<02:53,  4.03s/it]
 79%|███████▉  | 158/200 [10:38<02:54,  4.15s/it]
 80%|███████▉  | 159/200 [10:42<02:45,  4.05s/it]
 80%|████████  | 160/200 [10:46<02:40,  4.02s/it]
 80%|████████  | 161/200 [10:50<02:34,  3.96s/it]
 81%|████████  | 162/200 [10:53<02:29,  3.93s/it]
 82%|████████▏ | 163/200 [10:57<02:25,  3.92s/it]
 82%|████████▏ | 164/200 [11:01<02:19,  3.87s/it]
 82%|████████▎ | 165/200 [11:05<02:15,  3.88s/it]
 83%|████████▎ | 166/200 [11:09<02:13,  3.91s/it]
 84%|████████▎ | 167/200 [11:13<02:07,  3.86s/it]
 84%|████████▍ | 168/200 [11:17<02:04,  3.89s/it]
 84%|████████▍ | 169/200 [11:21<02:00,  3.87s/it]
 85%|████████▌ | 170/200 [11:24<01:55,  3.84s/it]
 86%|████████▌ | 171/200 [11:28<01:51,  3.85s/it]
 86%|████████▌ | 172/200 [11:32<01:46,  3.81s/it]
 86%|████████▋ | 173/200 [11:36<01:45,  3.89s/it]
 87%|████████▋ | 174/200 [11:40<01:40,  3.88s/it]
 88%|████████▊ | 175/200 [11:44<01:36,  3.87s/it]
 88%|████████▊ | 176/200 [11:47<01:32,  3.85s/it]
 88%|████████▊ | 177/200 [11:51<01:27,  3.81s/it]
 89%|████████▉ | 178/200 [11:55<01:24,  3.84s/it]
 90%|████████▉ | 179/200 [11:59<01:20,  3.83s/it]
 90%|█████████ | 180/200 [12:03<01:16,  3.81s/it]
 90%|█████████ | 181/200 [12:07<01:15,  3.98s/it]
 91%|█████████ | 182/200 [12:12<01:15,  4.18s/it]
 92%|█████████▏| 183/200 [12:16<01:09,  4.09s/it]
 92%|█████████▏| 184/200 [12:19<01:02,  3.94s/it]
 92%|█████████▎| 185/200 [12:23<00:57,  3.83s/it]
 93%|█████████▎| 186/200 [12:27<00:53,  3.82s/it]
 94%|█████████▎| 187/200 [12:30<00:49,  3.82s/it]
 94%|█████████▍| 188/200 [12:34<00:45,  3.78s/it]
 94%|█████████▍| 189/200 [12:38<00:42,  3.85s/it]
 95%|█████████▌| 190/200 [12:42<00:38,  3.81s/it]
 96%|█████████▌| 191/200 [12:46<00:34,  3.84s/it]
 96%|█████████▌| 192/200 [12:50<00:30,  3.84s/it]
 96%|█████████▋| 193/200 [12:54<00:28,  4.01s/it]
 97%|█████████▋| 194/200 [12:58<00:24,  4.01s/it]
 98%|█████████▊| 195/200 [13:02<00:20,  4.15s/it]
 98%|█████████▊| 196/200 [13:07<00:17,  4.26s/it]
 98%|█████████▊| 197/200 [13:12<00:13,  4.54s/it]
 99%|█████████▉| 198/200 [13:16<00:08,  4.38s/it]
100%|█████████▉| 199/200 [13:20<00:04,  4.25s/it]
100%|██████████| 200/200 [13:24<00:00,  4.22s/it]
                                                 
0
1
2
3
4
5
6
7
8
9
10
11
12
13
14
15
16
17
18
19
20
21
22
23
24
25
26
27
28
29
30
31
32
33
34
35
36
37
38
39
40
41
42
43
44
45
46
47
48
49
50
51
52
53
54
55
56
57
58
59
60
61
62
63
64
65
66
67
68
69
70
71
72
73
74
75
76
77
78
79
80
81
82
83
84
85
86
87
88
89
90
91
92
93
94
95
96
97
98
99
100
101
102
103
104
105
106
107
108
109
110
111
112
113
114
115
116
117
118
119
120
121
122
123
124
125
126
127
128
129
130
131
132
133
134
135
136
137
138
139
140
141
142
143
144
145
146
147
148
149
150
151
152
153
154
155
156
157
158
159
160
161
162
163
164
165
166
167
168
169
170
171
172
173
174
175
176
177
178
179
180
181
182
183
184
185
186
187
188
189
190
191
192
193
194
195
196
197
198
199
