 
Files to read: ['../pilot-cpjump1-data/profiles/2020_11_04_CPJUMP1/BR00116995/BR00116995_normalized_feature_select_negcon.csv.gz']
Files to read: ['../pilot-cpjump1-data/profiles/2020_11_04_CPJUMP1/BR00117024/BR00117024_normalized_feature_select_negcon.csv.gz']
Files to read: ['../pilot-cpjump1-data/profiles/2020_11_04_CPJUMP1/BR00117025/BR00117025_normalized_feature_select_negcon.csv.gz']
Files to read: ['../pilot-cpjump1-data/profiles/2020_11_04_CPJUMP1/BR00117026/BR00117026_normalized_feature_select_negcon.csv.gz']
Files to read: ['../pilot-cpjump1-data/profiles/2020_11_04_CPJUMP1/BR00116997/BR00116997_normalized_feature_select_negcon.csv.gz']
Files to read: ['../pilot-cpjump1-data/profiles/2020_11_04_CPJUMP1/BR00116998/BR00116998_normalized_feature_select_negcon.csv.gz']
Files to read: ['../pilot-cpjump1-data/profiles/2020_11_04_CPJUMP1/BR00116999/BR00116999_normalized_feature_select_negcon.csv.gz']
Files to read: ['../pilot-cpjump1-data/profiles/2020_11_04_CPJUMP1/BR00116996/BR00116996_normalized_feature_select_negcon.csv.gz']
Files to read: ['../pilot-cpjump1-data/profiles/2020_11_04_CPJUMP1/BR00117022/BR00117022_normalized_feature_select_negcon.csv.gz']
Files to read: ['../pilot-cpjump1-data/profiles/2020_11_04_CPJUMP1/BR00117023/BR00117023_normalized_feature_select_negcon.csv.gz']

  0%|          | 0/200 [00:00<?, ?it/s]
  0%|          | 1/200 [00:08<27:44,  8.36s/it]
  1%|          | 2/200 [00:13<21:10,  6.42s/it]
  2%|▏         | 3/200 [00:18<18:44,  5.71s/it]
  2%|▏         | 4/200 [00:23<18:02,  5.52s/it]
  2%|▎         | 5/200 [00:28<17:26,  5.37s/it]
  3%|▎         | 6/200 [00:33<16:59,  5.26s/it]
  4%|▎         | 7/200 [00:38<16:26,  5.11s/it]
  4%|▍         | 8/200 [00:43<16:07,  5.04s/it]
  4%|▍         | 9/200 [00:48<15:54,  5.00s/it]
  5%|▌         | 10/200 [00:54<16:47,  5.30s/it]
  6%|▌         | 11/200 [00:59<16:13,  5.15s/it]
  6%|▌         | 12/200 [01:04<16:14,  5.18s/it]
  6%|▋         | 13/200 [01:09<16:32,  5.31s/it]
  7%|▋         | 14/200 [01:15<16:38,  5.37s/it]
  8%|▊         | 15/200 [01:20<16:38,  5.40s/it]
  8%|▊         | 16/200 [01:25<16:06,  5.25s/it]
  8%|▊         | 17/200 [01:30<15:51,  5.20s/it]
  9%|▉         | 18/200 [01:35<15:35,  5.14s/it]
 10%|▉         | 19/200 [01:41<15:35,  5.17s/it]
 10%|█         | 20/200 [01:46<15:30,  5.17s/it]
 10%|█         | 21/200 [01:51<15:29,  5.19s/it]
 11%|█         | 22/200 [01:56<14:58,  5.05s/it]
 12%|█▏        | 23/200 [02:00<14:30,  4.92s/it]
 12%|█▏        | 24/200 [02:05<14:24,  4.91s/it]
 12%|█▎        | 25/200 [02:10<14:14,  4.88s/it]
 13%|█▎        | 26/200 [02:15<14:09,  4.88s/it]
 14%|█▎        | 27/200 [02:20<14:05,  4.89s/it]
 14%|█▍        | 28/200 [02:25<14:05,  4.92s/it]
 14%|█▍        | 29/200 [02:30<14:32,  5.10s/it]
 15%|█▌        | 30/200 [02:36<14:59,  5.29s/it]
 16%|█▌        | 31/200 [02:41<14:54,  5.30s/it]
 16%|█▌        | 32/200 [02:46<14:29,  5.18s/it]
 16%|█▋        | 33/200 [02:51<14:08,  5.08s/it]
 17%|█▋        | 34/200 [02:56<13:58,  5.05s/it]
 18%|█▊        | 35/200 [03:01<13:30,  4.91s/it]
 18%|█▊        | 36/200 [03:06<13:39,  5.00s/it]
 18%|█▊        | 37/200 [03:11<13:48,  5.08s/it]
 19%|█▉        | 38/200 [03:16<13:17,  4.92s/it]
 20%|█▉        | 39/200 [03:20<12:43,  4.74s/it]
 20%|██        | 40/200 [03:25<12:38,  4.74s/it]
 20%|██        | 41/200 [03:30<12:50,  4.85s/it]
 21%|██        | 42/200 [03:35<12:59,  4.94s/it]
 22%|██▏       | 43/200 [03:41<13:22,  5.11s/it]
 22%|██▏       | 44/200 [03:45<13:04,  5.03s/it]
 22%|██▎       | 45/200 [03:50<12:49,  4.97s/it]
 23%|██▎       | 46/200 [03:55<12:44,  4.96s/it]
 24%|██▎       | 47/200 [04:00<12:43,  4.99s/it]
 24%|██▍       | 48/200 [04:05<12:30,  4.94s/it]
 24%|██▍       | 49/200 [04:10<12:20,  4.90s/it]
 25%|██▌       | 50/200 [04:15<12:43,  5.09s/it]
 26%|██▌       | 51/200 [04:21<12:46,  5.14s/it]
 26%|██▌       | 52/200 [04:27<13:11,  5.35s/it]
 26%|██▋       | 53/200 [04:31<12:49,  5.23s/it]
 27%|██▋       | 54/200 [04:36<12:26,  5.11s/it]
 28%|██▊       | 55/200 [04:41<12:06,  5.01s/it]
 28%|██▊       | 56/200 [04:46<11:54,  4.96s/it]
 28%|██▊       | 57/200 [04:51<11:54,  4.99s/it]
 29%|██▉       | 58/200 [04:56<11:56,  5.05s/it]
 30%|██▉       | 59/200 [05:02<12:17,  5.23s/it]
 30%|███       | 60/200 [05:07<12:30,  5.36s/it]
 30%|███       | 61/200 [05:12<12:05,  5.22s/it]
 31%|███       | 62/200 [05:17<11:36,  5.05s/it]
 32%|███▏      | 63/200 [05:22<11:28,  5.03s/it]
 32%|███▏      | 64/200 [05:28<11:51,  5.23s/it]
 32%|███▎      | 65/200 [05:33<11:41,  5.19s/it]
 33%|███▎      | 66/200 [05:38<11:31,  5.16s/it]
 34%|███▎      | 67/200 [05:43<11:10,  5.04s/it]
 34%|███▍      | 68/200 [05:48<11:04,  5.03s/it]
 34%|███▍      | 69/200 [05:53<10:58,  5.03s/it]
 35%|███▌      | 70/200 [05:58<10:49,  4.99s/it]
 36%|███▌      | 71/200 [06:03<10:40,  4.97s/it]
 36%|███▌      | 72/200 [06:07<10:29,  4.92s/it]
 36%|███▋      | 73/200 [06:12<10:22,  4.90s/it]
 37%|███▋      | 74/200 [06:17<10:17,  4.90s/it]
 38%|███▊      | 75/200 [06:22<10:06,  4.85s/it]
 38%|███▊      | 76/200 [06:27<10:27,  5.06s/it]
 38%|███▊      | 77/200 [06:33<10:28,  5.11s/it]
 39%|███▉      | 78/200 [06:37<10:15,  5.04s/it]
 40%|███▉      | 79/200 [06:42<10:01,  4.97s/it]
 40%|████      | 80/200 [06:47<10:02,  5.02s/it]
 40%|████      | 81/200 [06:53<10:01,  5.05s/it]
 41%|████      | 82/200 [06:58<09:59,  5.08s/it]
 42%|████▏     | 83/200 [07:03<10:05,  5.17s/it]
 42%|████▏     | 84/200 [07:08<10:05,  5.22s/it]
 42%|████▎     | 85/200 [07:13<09:51,  5.15s/it]
 43%|████▎     | 86/200 [07:19<09:46,  5.15s/it]
 44%|████▎     | 87/200 [07:24<09:47,  5.20s/it]
 44%|████▍     | 88/200 [07:29<09:25,  5.05s/it]
 44%|████▍     | 89/200 [07:34<09:19,  5.04s/it]
 45%|████▌     | 90/200 [07:38<09:05,  4.96s/it]
 46%|████▌     | 91/200 [07:43<09:06,  5.02s/it]
 46%|████▌     | 92/200 [07:49<09:10,  5.10s/it]
 46%|████▋     | 93/200 [07:54<09:12,  5.16s/it]
 47%|████▋     | 94/200 [07:59<08:58,  5.08s/it]
 48%|████▊     | 95/200 [08:04<08:47,  5.02s/it]
 48%|████▊     | 96/200 [08:09<08:47,  5.07s/it]
 48%|████▊     | 97/200 [08:15<09:10,  5.34s/it]
 49%|████▉     | 98/200 [08:20<08:44,  5.15s/it]
 50%|████▉     | 99/200 [08:25<08:34,  5.09s/it]
 50%|█████     | 100/200 [08:30<08:43,  5.24s/it]
 50%|█████     | 101/200 [08:36<08:43,  5.28s/it]
 51%|█████     | 102/200 [08:41<08:26,  5.17s/it]
 52%|█████▏    | 103/200 [08:45<08:12,  5.07s/it]
 52%|█████▏    | 104/200 [08:50<08:03,  5.03s/it]
 52%|█████▎    | 105/200 [08:56<08:07,  5.13s/it]
 53%|█████▎    | 106/200 [09:01<08:00,  5.11s/it]
 54%|█████▎    | 107/200 [09:06<07:51,  5.07s/it]
 54%|█████▍    | 108/200 [09:10<07:32,  4.92s/it]
 55%|█████▍    | 109/200 [09:15<07:31,  4.96s/it]
 55%|█████▌    | 110/200 [09:20<07:24,  4.94s/it]
 56%|█████▌    | 111/200 [09:25<07:26,  5.02s/it]
 56%|█████▌    | 112/200 [09:30<07:20,  5.00s/it]
 56%|█████▋    | 113/200 [09:35<07:15,  5.00s/it]
 57%|█████▋    | 114/200 [09:41<07:11,  5.02s/it]
 57%|█████▊    | 115/200 [09:46<07:06,  5.02s/it]
 58%|█████▊    | 116/200 [09:51<07:05,  5.06s/it]
 58%|█████▊    | 117/200 [09:56<07:10,  5.19s/it]
 59%|█████▉    | 118/200 [10:01<07:08,  5.23s/it]
 60%|█████▉    | 119/200 [10:07<07:05,  5.25s/it]
 60%|██████    | 120/200 [10:13<07:23,  5.54s/it]
 60%|██████    | 121/200 [10:18<07:13,  5.49s/it]
 61%|██████    | 122/200 [10:23<06:51,  5.28s/it]
 62%|██████▏   | 123/200 [10:28<06:39,  5.19s/it]
 62%|██████▏   | 124/200 [10:33<06:26,  5.08s/it]
 62%|██████▎   | 125/200 [10:38<06:17,  5.04s/it]
 63%|██████▎   | 126/200 [10:43<06:09,  5.00s/it]
 64%|██████▎   | 127/200 [10:48<06:02,  4.97s/it]
 64%|██████▍   | 128/200 [10:53<05:58,  4.97s/it]
 64%|██████▍   | 129/200 [10:58<05:54,  4.99s/it]
 65%|██████▌   | 130/200 [11:02<05:41,  4.88s/it]
 66%|██████▌   | 131/200 [11:07<05:36,  4.88s/it]
 66%|██████▌   | 132/200 [11:12<05:35,  4.94s/it]
 66%|██████▋   | 133/200 [11:17<05:33,  4.98s/it]
 67%|██████▋   | 134/200 [11:22<05:23,  4.90s/it]
 68%|██████▊   | 135/200 [11:27<05:20,  4.94s/it]
 68%|██████▊   | 136/200 [11:33<05:27,  5.12s/it]
 68%|██████▊   | 137/200 [11:38<05:27,  5.20s/it]
 69%|██████▉   | 138/200 [11:43<05:14,  5.08s/it]
 70%|██████▉   | 139/200 [11:48<05:09,  5.07s/it]
 70%|███████   | 140/200 [11:53<05:04,  5.07s/it]
 70%|███████   | 141/200 [11:58<05:02,  5.13s/it]
 71%|███████   | 142/200 [12:03<04:51,  5.02s/it]
 72%|███████▏  | 143/200 [12:08<04:42,  4.96s/it]
 72%|███████▏  | 144/200 [12:13<04:39,  4.98s/it]
 72%|███████▎  | 145/200 [12:18<04:35,  5.00s/it]
 73%|███████▎  | 146/200 [12:23<04:27,  4.95s/it]
 74%|███████▎  | 147/200 [12:28<04:26,  5.03s/it]
 74%|███████▍  | 148/200 [12:33<04:24,  5.09s/it]
 74%|███████▍  | 149/200 [12:38<04:22,  5.15s/it]
 75%|███████▌  | 150/200 [12:44<04:25,  5.31s/it]
 76%|███████▌  | 151/200 [12:50<04:21,  5.33s/it]
 76%|███████▌  | 152/200 [12:55<04:18,  5.39s/it]
 76%|███████▋  | 153/200 [13:01<04:15,  5.45s/it]
 77%|███████▋  | 154/200 [13:06<04:04,  5.31s/it]
 78%|███████▊  | 155/200 [13:11<03:58,  5.30s/it]
 78%|███████▊  | 156/200 [13:16<03:48,  5.19s/it]
 78%|███████▊  | 157/200 [13:21<03:46,  5.28s/it]
 79%|███████▉  | 158/200 [13:26<03:35,  5.12s/it]
 80%|███████▉  | 159/200 [13:31<03:22,  4.95s/it]
 80%|████████  | 160/200 [13:36<03:20,  5.00s/it]
 80%|████████  | 161/200 [13:41<03:14,  4.99s/it]
 81%|████████  | 162/200 [13:46<03:08,  4.97s/it]
 82%|████████▏ | 163/200 [13:51<03:10,  5.14s/it]
 82%|████████▏ | 164/200 [13:57<03:10,  5.30s/it]
 82%|████████▎ | 165/200 [14:02<03:01,  5.20s/it]
 83%|████████▎ | 166/200 [14:07<02:53,  5.10s/it]
 84%|████████▎ | 167/200 [14:12<02:47,  5.08s/it]
 84%|████████▍ | 168/200 [14:16<02:39,  4.97s/it]
 84%|████████▍ | 169/200 [14:21<02:34,  4.98s/it]
 85%|████████▌ | 170/200 [14:26<02:27,  4.91s/it]
 86%|████████▌ | 171/200 [14:31<02:21,  4.90s/it]
 86%|████████▌ | 172/200 [14:36<02:16,  4.89s/it]
 86%|████████▋ | 173/200 [14:41<02:11,  4.86s/it]
 87%|████████▋ | 174/200 [14:45<02:05,  4.82s/it]
 88%|████████▊ | 175/200 [14:50<02:01,  4.86s/it]
 88%|████████▊ | 176/200 [14:56<02:03,  5.13s/it]
 88%|████████▊ | 177/200 [15:02<02:01,  5.27s/it]
 89%|████████▉ | 178/200 [15:07<01:53,  5.16s/it]
 90%|████████▉ | 179/200 [15:12<01:48,  5.17s/it]
 90%|█████████ | 180/200 [15:17<01:40,  5.03s/it]
 90%|█████████ | 181/200 [15:22<01:36,  5.08s/it]
 91%|█████████ | 182/200 [15:28<01:35,  5.29s/it]
 92%|█████████▏| 183/200 [15:32<01:27,  5.17s/it]
 92%|█████████▏| 184/200 [15:37<01:20,  5.06s/it]
 92%|█████████▎| 185/200 [15:42<01:15,  5.02s/it]
 93%|█████████▎| 186/200 [15:47<01:09,  4.93s/it]
 94%|█████████▎| 187/200 [15:52<01:05,  5.04s/it]
 94%|█████████▍| 188/200 [15:57<00:58,  4.91s/it]
 94%|█████████▍| 189/200 [16:02<00:56,  5.15s/it]
 95%|█████████▌| 190/200 [16:08<00:52,  5.30s/it]
 96%|█████████▌| 191/200 [16:13<00:46,  5.15s/it]
 96%|█████████▌| 192/200 [16:18<00:40,  5.03s/it]
 96%|█████████▋| 193/200 [16:23<00:35,  5.06s/it]
 97%|█████████▋| 194/200 [16:28<00:30,  5.00s/it]
 98%|█████████▊| 195/200 [16:32<00:24,  4.92s/it]
 98%|█████████▊| 196/200 [16:37<00:19,  4.83s/it]
 98%|█████████▊| 197/200 [16:42<00:14,  4.92s/it]
 99%|█████████▉| 198/200 [16:47<00:10,  5.00s/it]
100%|█████████▉| 199/200 [16:53<00:05,  5.06s/it]
100%|██████████| 200/200 [16:58<00:00,  5.04s/it]
                                                 
0
1
2
3
4
5
6
7
8
9
10
11
12
13
14
15
16
17
18
19
20
21
22
23
24
25
26
27
28
29
30
31
32
33
34
35
36
37
38
39
40
41
42
43
44
45
46
47
48
49
50
51
52
53
54
55
56
57
58
59
60
61
62
63
64
65
66
67
68
69
70
71
72
73
74
75
76
77
78
79
80
81
82
83
84
85
86
87
88
89
90
91
92
93
94
95
96
97
98
99
100
101
102
103
104
105
106
107
108
109
110
111
112
113
114
115
116
117
118
119
120
121
122
123
124
125
126
127
128
129
130
131
132
133
134
135
136
137
138
139
140
141
142
143
144
145
146
147
148
149
150
151
152
153
154
155
156
157
158
159
160
161
162
163
164
165
166
167
168
169
170
171
172
173
174
175
176
177
178
179
180
181
182
183
184
185
186
187
188
189
190
191
192
193
194
195
196
197
198
199
