 
Files to read: ['../pilot-cpjump1-data/profiles/2020_11_04_CPJUMP1/BR00116995/BR00116995_normalized_feature_select_negcon.csv.gz']
Files to read: ['../pilot-cpjump1-data/profiles/2020_11_04_CPJUMP1/BR00117024/BR00117024_normalized_feature_select_negcon.csv.gz']
Files to read: ['../pilot-cpjump1-data/profiles/2020_11_04_CPJUMP1/BR00117025/BR00117025_normalized_feature_select_negcon.csv.gz']
Files to read: ['../pilot-cpjump1-data/profiles/2020_11_04_CPJUMP1/BR00117026/BR00117026_normalized_feature_select_negcon.csv.gz']
Files to read: ['../pilot-cpjump1-data/profiles/2020_11_04_CPJUMP1/BR00116997/BR00116997_normalized_feature_select_negcon.csv.gz']
Files to read: ['../pilot-cpjump1-data/profiles/2020_11_04_CPJUMP1/BR00116998/BR00116998_normalized_feature_select_negcon.csv.gz']
Files to read: ['../pilot-cpjump1-data/profiles/2020_11_04_CPJUMP1/BR00116999/BR00116999_normalized_feature_select_negcon.csv.gz']
Files to read: ['../pilot-cpjump1-data/profiles/2020_11_04_CPJUMP1/BR00116996/BR00116996_normalized_feature_select_negcon.csv.gz']
Files to read: ['../pilot-cpjump1-data/profiles/2020_11_04_CPJUMP1/BR00117022/BR00117022_normalized_feature_select_negcon.csv.gz']
Files to read: ['../pilot-cpjump1-data/profiles/2020_11_04_CPJUMP1/BR00117023/BR00117023_normalized_feature_select_negcon.csv.gz']

  0%|          | 0/200 [00:00<?, ?it/s]
  0%|          | 1/200 [00:07<23:46,  7.17s/it]
  1%|          | 2/200 [00:10<16:41,  5.06s/it]
  2%|▏         | 3/200 [00:14<15:05,  4.59s/it]
  2%|▏         | 4/200 [00:18<14:00,  4.29s/it]
  2%|▎         | 5/200 [00:22<13:11,  4.06s/it]
  3%|▎         | 6/200 [00:26<13:38,  4.22s/it]
  4%|▎         | 7/200 [00:30<13:18,  4.14s/it]
  4%|▍         | 8/200 [00:34<12:59,  4.06s/it]
  4%|▍         | 9/200 [00:38<12:33,  3.95s/it]
  5%|▌         | 10/200 [00:41<12:06,  3.83s/it]
  6%|▌         | 11/200 [00:46<12:25,  3.94s/it]
  6%|▌         | 12/200 [00:50<12:22,  3.95s/it]
  6%|▋         | 13/200 [00:53<12:15,  3.93s/it]
  7%|▋         | 14/200 [00:57<11:56,  3.85s/it]
  8%|▊         | 15/200 [01:01<11:36,  3.76s/it]
  8%|▊         | 16/200 [01:04<11:33,  3.77s/it]
  8%|▊         | 17/200 [01:08<11:21,  3.72s/it]
  9%|▉         | 18/200 [01:12<11:14,  3.71s/it]
 10%|▉         | 19/200 [01:16<11:15,  3.73s/it]
 10%|█         | 20/200 [01:19<11:15,  3.75s/it]
 10%|█         | 21/200 [01:23<11:08,  3.74s/it]
 11%|█         | 22/200 [01:27<10:56,  3.69s/it]
 12%|█▏        | 23/200 [01:30<10:50,  3.68s/it]
 12%|█▏        | 24/200 [01:34<10:48,  3.68s/it]
 12%|█▎        | 25/200 [01:38<11:16,  3.86s/it]
 13%|█▎        | 26/200 [01:42<11:13,  3.87s/it]
 14%|█▎        | 27/200 [01:46<11:26,  3.97s/it]
 14%|█▍        | 28/200 [01:50<11:27,  4.00s/it]
 14%|█▍        | 29/200 [01:54<11:12,  3.93s/it]
 15%|█▌        | 30/200 [01:58<11:15,  3.98s/it]
 16%|█▌        | 31/200 [02:02<11:16,  4.00s/it]
 16%|█▌        | 32/200 [02:07<11:33,  4.13s/it]
 16%|█▋        | 33/200 [02:11<11:50,  4.26s/it]
 17%|█▋        | 34/200 [02:15<11:29,  4.16s/it]
 18%|█▊        | 35/200 [02:19<11:16,  4.10s/it]
 18%|█▊        | 36/200 [02:23<11:07,  4.07s/it]
 18%|█▊        | 37/200 [02:27<11:05,  4.08s/it]
 19%|█▉        | 38/200 [02:31<10:51,  4.02s/it]
 20%|█▉        | 39/200 [02:35<10:45,  4.01s/it]
 20%|██        | 40/200 [02:40<10:59,  4.12s/it]
 20%|██        | 41/200 [02:44<10:48,  4.08s/it]
 21%|██        | 42/200 [02:48<11:21,  4.31s/it]
 22%|██▏       | 43/200 [02:53<11:26,  4.37s/it]
 22%|██▏       | 44/200 [02:57<11:14,  4.33s/it]
 22%|██▎       | 45/200 [03:01<10:48,  4.19s/it]
 23%|██▎       | 46/200 [03:05<10:27,  4.08s/it]
 24%|██▎       | 47/200 [03:09<10:13,  4.01s/it]
 24%|██▍       | 48/200 [03:13<10:09,  4.01s/it]
 24%|██▍       | 49/200 [03:17<10:00,  3.97s/it]
 25%|██▌       | 50/200 [03:20<09:50,  3.94s/it]
 26%|██▌       | 51/200 [03:24<09:35,  3.86s/it]
 26%|██▌       | 52/200 [03:28<09:26,  3.83s/it]
 26%|██▋       | 53/200 [03:32<09:48,  4.00s/it]
 27%|██▋       | 54/200 [03:36<09:30,  3.91s/it]
 28%|██▊       | 55/200 [03:40<09:13,  3.82s/it]
 28%|██▊       | 56/200 [03:44<09:18,  3.88s/it]
 28%|██▊       | 57/200 [03:48<09:20,  3.92s/it]
 29%|██▉       | 58/200 [03:51<09:05,  3.84s/it]
 30%|██▉       | 59/200 [03:55<09:14,  3.93s/it]
 30%|███       | 60/200 [03:59<09:07,  3.91s/it]
 30%|███       | 61/200 [04:03<09:04,  3.92s/it]
 31%|███       | 62/200 [04:07<08:55,  3.88s/it]
 32%|███▏      | 63/200 [04:11<08:47,  3.85s/it]
 32%|███▏      | 64/200 [04:15<08:41,  3.84s/it]
 32%|███▎      | 65/200 [04:19<08:43,  3.88s/it]
 33%|███▎      | 66/200 [04:22<08:36,  3.85s/it]
 34%|███▎      | 67/200 [04:26<08:34,  3.87s/it]
 34%|███▍      | 68/200 [04:30<08:25,  3.83s/it]
 34%|███▍      | 69/200 [04:34<08:18,  3.80s/it]
 35%|███▌      | 70/200 [04:37<08:11,  3.78s/it]
 36%|███▌      | 71/200 [04:41<08:04,  3.75s/it]
 36%|███▌      | 72/200 [04:45<07:54,  3.71s/it]
 36%|███▋      | 73/200 [04:49<08:01,  3.79s/it]
 37%|███▋      | 74/200 [04:53<08:05,  3.85s/it]
 38%|███▊      | 75/200 [04:56<07:58,  3.83s/it]
 38%|███▊      | 76/200 [05:01<08:09,  3.95s/it]
 38%|███▊      | 77/200 [05:05<08:31,  4.16s/it]
 39%|███▉      | 78/200 [05:10<08:27,  4.16s/it]
 40%|███▉      | 79/200 [05:14<08:24,  4.17s/it]
 40%|████      | 80/200 [05:18<08:16,  4.14s/it]
 40%|████      | 81/200 [05:22<08:10,  4.12s/it]
 41%|████      | 82/200 [05:26<08:02,  4.09s/it]
 42%|████▏     | 83/200 [05:30<07:58,  4.09s/it]
 42%|████▏     | 84/200 [05:34<07:43,  3.99s/it]
 42%|████▎     | 85/200 [05:38<07:31,  3.92s/it]
 43%|████▎     | 86/200 [05:41<07:22,  3.88s/it]
 44%|████▎     | 87/200 [05:46<07:29,  3.98s/it]
 44%|████▍     | 88/200 [05:49<07:18,  3.92s/it]
 44%|████▍     | 89/200 [05:53<07:08,  3.86s/it]
 45%|████▌     | 90/200 [05:57<07:16,  3.97s/it]
 46%|████▌     | 91/200 [06:01<07:06,  3.91s/it]
 46%|████▌     | 92/200 [06:05<07:06,  3.95s/it]
 46%|████▋     | 93/200 [06:09<07:00,  3.93s/it]
 47%|████▋     | 94/200 [06:13<06:52,  3.89s/it]
 48%|████▊     | 95/200 [06:17<06:49,  3.90s/it]
 48%|████▊     | 96/200 [06:20<06:32,  3.78s/it]
 48%|████▊     | 97/200 [06:24<06:37,  3.86s/it]
 49%|████▉     | 98/200 [06:28<06:34,  3.86s/it]
 50%|████▉     | 99/200 [06:32<06:28,  3.84s/it]
 50%|█████     | 100/200 [06:36<06:33,  3.94s/it]
 50%|█████     | 101/200 [06:41<06:54,  4.18s/it]
 51%|█████     | 102/200 [06:45<07:01,  4.30s/it]
 52%|█████▏    | 103/200 [06:49<06:47,  4.20s/it]
 52%|█████▏    | 104/200 [06:53<06:40,  4.17s/it]
 52%|█████▎    | 105/200 [06:58<06:33,  4.15s/it]
 53%|█████▎    | 106/200 [07:01<06:20,  4.05s/it]
 54%|█████▎    | 107/200 [07:05<06:08,  3.96s/it]
 54%|█████▍    | 108/200 [07:09<06:01,  3.93s/it]
 55%|█████▍    | 109/200 [07:13<05:57,  3.92s/it]
 55%|█████▌    | 110/200 [07:16<05:45,  3.84s/it]
 56%|█████▌    | 111/200 [07:20<05:39,  3.82s/it]
 56%|█████▌    | 112/200 [07:25<05:47,  3.94s/it]
 56%|█████▋    | 113/200 [07:29<06:03,  4.18s/it]
 57%|█████▋    | 114/200 [07:33<05:59,  4.18s/it]
 57%|█████▊    | 115/200 [07:38<06:02,  4.26s/it]
 58%|█████▊    | 116/200 [07:42<05:57,  4.26s/it]
 58%|█████▊    | 117/200 [07:46<05:49,  4.21s/it]
 59%|█████▉    | 118/200 [07:50<05:43,  4.19s/it]
 60%|█████▉    | 119/200 [07:54<05:37,  4.17s/it]
 60%|██████    | 120/200 [07:59<05:41,  4.27s/it]
 60%|██████    | 121/200 [08:04<05:49,  4.42s/it]
 61%|██████    | 122/200 [08:07<05:29,  4.22s/it]
 62%|██████▏   | 123/200 [08:11<05:13,  4.07s/it]
 62%|██████▏   | 124/200 [08:15<04:57,  3.92s/it]
 62%|██████▎   | 125/200 [08:19<04:56,  3.96s/it]
 63%|██████▎   | 126/200 [08:23<04:56,  4.01s/it]
 64%|██████▎   | 127/200 [08:27<04:59,  4.11s/it]
 64%|██████▍   | 128/200 [08:31<04:52,  4.07s/it]
 64%|██████▍   | 129/200 [08:35<04:38,  3.93s/it]
 65%|██████▌   | 130/200 [08:39<04:36,  3.95s/it]
 66%|██████▌   | 131/200 [08:43<04:40,  4.06s/it]
 66%|██████▌   | 132/200 [08:47<04:39,  4.11s/it]
 66%|██████▋   | 133/200 [08:52<04:36,  4.13s/it]
 67%|██████▋   | 134/200 [08:55<04:25,  4.03s/it]
 68%|██████▊   | 135/200 [08:59<04:14,  3.91s/it]
 68%|██████▊   | 136/200 [09:03<04:13,  3.96s/it]
 68%|██████▊   | 137/200 [09:07<04:09,  3.97s/it]
 69%|██████▉   | 138/200 [09:11<04:12,  4.07s/it]
 70%|██████▉   | 139/200 [09:15<04:03,  4.00s/it]
 70%|███████   | 140/200 [09:19<03:51,  3.86s/it]
 70%|███████   | 141/200 [09:23<03:49,  3.90s/it]
 71%|███████   | 142/200 [09:27<03:45,  3.89s/it]
 72%|███████▏  | 143/200 [09:31<03:47,  4.00s/it]
 72%|███████▏  | 144/200 [09:35<03:44,  4.01s/it]
 72%|███████▎  | 145/200 [09:39<03:43,  4.06s/it]
 73%|███████▎  | 146/200 [09:43<03:37,  4.03s/it]
 74%|███████▎  | 147/200 [09:47<03:29,  3.96s/it]
 74%|███████▍  | 148/200 [09:51<03:23,  3.92s/it]
 74%|███████▍  | 149/200 [09:55<03:21,  3.96s/it]
 75%|███████▌  | 150/200 [09:59<03:21,  4.03s/it]
 76%|███████▌  | 151/200 [10:03<03:20,  4.09s/it]
 76%|███████▌  | 152/200 [10:07<03:11,  3.99s/it]
 76%|███████▋  | 153/200 [10:11<03:05,  3.94s/it]
 77%|███████▋  | 154/200 [10:14<02:58,  3.88s/it]
 78%|███████▊  | 155/200 [10:19<02:59,  3.98s/it]
 78%|███████▊  | 156/200 [10:23<03:04,  4.20s/it]
 78%|███████▊  | 157/200 [10:27<02:53,  4.04s/it]
 79%|███████▉  | 158/200 [10:31<02:44,  3.91s/it]
 80%|███████▉  | 159/200 [10:35<02:40,  3.92s/it]
 80%|████████  | 160/200 [10:38<02:35,  3.89s/it]
 80%|████████  | 161/200 [10:43<02:37,  4.04s/it]
 81%|████████  | 162/200 [10:47<02:31,  3.99s/it]
 82%|████████▏ | 163/200 [10:50<02:25,  3.94s/it]
 82%|████████▏ | 164/200 [10:55<02:24,  4.01s/it]
 82%|████████▎ | 165/200 [10:59<02:19,  3.99s/it]
 83%|████████▎ | 166/200 [11:03<02:18,  4.07s/it]
 84%|████████▎ | 167/200 [11:07<02:14,  4.09s/it]
 84%|████████▍ | 168/200 [11:11<02:06,  3.96s/it]
 84%|████████▍ | 169/200 [11:15<02:03,  3.98s/it]
 85%|████████▌ | 170/200 [11:19<01:59,  3.98s/it]
 86%|████████▌ | 171/200 [11:23<01:55,  4.00s/it]
 86%|████████▌ | 172/200 [11:27<01:51,  3.98s/it]
 86%|████████▋ | 173/200 [11:31<01:46,  3.95s/it]
 87%|████████▋ | 174/200 [11:35<01:43,  3.97s/it]
 88%|████████▊ | 175/200 [11:39<01:41,  4.06s/it]
 88%|████████▊ | 176/200 [11:43<01:36,  4.01s/it]
 88%|████████▊ | 177/200 [11:46<01:30,  3.95s/it]
 89%|████████▉ | 178/200 [11:50<01:26,  3.93s/it]
 90%|████████▉ | 179/200 [11:54<01:23,  3.97s/it]
 90%|█████████ | 180/200 [11:58<01:17,  3.88s/it]
 90%|█████████ | 181/200 [12:02<01:14,  3.92s/it]
 91%|█████████ | 182/200 [12:06<01:09,  3.85s/it]
 92%|█████████▏| 183/200 [12:10<01:05,  3.85s/it]
 92%|█████████▏| 184/200 [12:14<01:03,  3.99s/it]
 92%|█████████▎| 185/200 [12:18<00:59,  3.99s/it]
 93%|█████████▎| 186/200 [12:22<00:55,  3.96s/it]
 94%|█████████▎| 187/200 [12:26<00:50,  3.92s/it]
 94%|█████████▍| 188/200 [12:29<00:46,  3.88s/it]
 94%|█████████▍| 189/200 [12:33<00:41,  3.78s/it]
 95%|█████████▌| 190/200 [12:37<00:37,  3.72s/it]
 96%|█████████▌| 191/200 [12:40<00:33,  3.72s/it]
 96%|█████████▌| 192/200 [12:44<00:29,  3.74s/it]
 96%|█████████▋| 193/200 [12:48<00:26,  3.80s/it]
 97%|█████████▋| 194/200 [12:52<00:23,  3.85s/it]
 98%|█████████▊| 195/200 [12:56<00:19,  3.81s/it]
 98%|█████████▊| 196/200 [13:00<00:16,  4.04s/it]
 98%|█████████▊| 197/200 [13:05<00:12,  4.22s/it]
 99%|█████████▉| 198/200 [13:09<00:08,  4.21s/it]
100%|█████████▉| 199/200 [13:14<00:04,  4.31s/it]
100%|██████████| 200/200 [13:18<00:00,  4.20s/it]
                                                 
0
1
2
3
4
5
6
7
8
9
10
11
12
13
14
15
16
17
18
19
20
21
22
23
24
25
26
27
28
29
30
31
32
33
34
35
36
37
38
39
40
41
42
43
44
45
46
47
48
49
50
51
52
53
54
55
56
57
58
59
60
61
62
63
64
65
66
67
68
69
70
71
72
73
74
75
76
77
78
79
80
81
82
83
84
85
86
87
88
89
90
91
92
93
94
95
96
97
98
99
100
101
102
103
104
105
106
107
108
109
110
111
112
113
114
115
116
117
118
119
120
121
122
123
124
125
126
127
128
129
130
131
132
133
134
135
136
137
138
139
140
141
142
143
144
145
146
147
148
149
150
151
152
153
154
155
156
157
158
159
160
161
162
163
164
165
166
167
168
169
170
171
172
173
174
175
176
177
178
179
180
181
182
183
184
185
186
187
188
189
190
191
192
193
194
195
196
197
198
199
