 
Files to read: ['../pilot-cpjump1-data/profiles/2020_11_04_CPJUMP1/BR00116995/BR00116995_normalized_feature_select_negcon.csv.gz']
Files to read: ['../pilot-cpjump1-data/profiles/2020_11_04_CPJUMP1/BR00117024/BR00117024_normalized_feature_select_negcon.csv.gz']
Files to read: ['../pilot-cpjump1-data/profiles/2020_11_04_CPJUMP1/BR00117025/BR00117025_normalized_feature_select_negcon.csv.gz']
Files to read: ['../pilot-cpjump1-data/profiles/2020_11_04_CPJUMP1/BR00117026/BR00117026_normalized_feature_select_negcon.csv.gz']
Files to read: ['../pilot-cpjump1-data/profiles/2020_11_04_CPJUMP1/BR00116997/BR00116997_normalized_feature_select_negcon.csv.gz']
Files to read: ['../pilot-cpjump1-data/profiles/2020_11_04_CPJUMP1/BR00116998/BR00116998_normalized_feature_select_negcon.csv.gz']
Files to read: ['../pilot-cpjump1-data/profiles/2020_11_04_CPJUMP1/BR00116999/BR00116999_normalized_feature_select_negcon.csv.gz']
Files to read: ['../pilot-cpjump1-data/profiles/2020_11_04_CPJUMP1/BR00116996/BR00116996_normalized_feature_select_negcon.csv.gz']
Files to read: ['../pilot-cpjump1-data/profiles/2020_11_04_CPJUMP1/BR00117022/BR00117022_normalized_feature_select_negcon.csv.gz']
Files to read: ['../pilot-cpjump1-data/profiles/2020_11_04_CPJUMP1/BR00117023/BR00117023_normalized_feature_select_negcon.csv.gz']

  0%|          | 0/200 [00:00<?, ?it/s]
  0%|          | 1/200 [00:08<29:24,  8.87s/it]
  1%|          | 2/200 [00:14<22:37,  6.86s/it]
  2%|▏         | 3/200 [00:20<21:02,  6.41s/it]
  2%|▏         | 4/200 [00:25<19:56,  6.11s/it]
  2%|▎         | 5/200 [00:31<18:53,  5.81s/it]
  3%|▎         | 6/200 [00:36<18:01,  5.57s/it]
  4%|▎         | 7/200 [00:41<17:36,  5.47s/it]
  4%|▍         | 8/200 [00:46<17:23,  5.43s/it]
  4%|▍         | 9/200 [00:51<16:55,  5.32s/it]
  5%|▌         | 10/200 [00:56<16:31,  5.22s/it]
  6%|▌         | 11/200 [01:02<16:37,  5.28s/it]
  6%|▌         | 12/200 [01:07<16:32,  5.28s/it]
  6%|▋         | 13/200 [01:12<16:12,  5.20s/it]
  7%|▋         | 14/200 [01:17<15:54,  5.13s/it]
  8%|▊         | 15/200 [01:22<15:38,  5.07s/it]
  8%|▊         | 16/200 [01:27<15:26,  5.03s/it]
  8%|▊         | 17/200 [01:32<15:19,  5.02s/it]
  9%|▉         | 18/200 [01:37<15:14,  5.03s/it]
 10%|▉         | 19/200 [01:42<15:03,  4.99s/it]
 10%|█         | 20/200 [01:48<15:35,  5.20s/it]
 10%|█         | 21/200 [01:52<15:07,  5.07s/it]
 11%|█         | 22/200 [01:57<14:32,  4.90s/it]
 12%|█▏        | 23/200 [02:02<14:16,  4.84s/it]
 12%|█▏        | 24/200 [02:07<14:36,  4.98s/it]
 12%|█▎        | 25/200 [02:12<14:18,  4.91s/it]
 13%|█▎        | 26/200 [02:17<14:19,  4.94s/it]
 14%|█▎        | 27/200 [02:22<14:19,  4.97s/it]
 14%|█▍        | 28/200 [02:27<14:15,  4.97s/it]
 14%|█▍        | 29/200 [02:32<14:04,  4.94s/it]
 15%|█▌        | 30/200 [02:36<13:58,  4.93s/it]
 16%|█▌        | 31/200 [02:41<13:55,  4.94s/it]
 16%|█▌        | 32/200 [02:47<13:58,  4.99s/it]
 16%|█▋        | 33/200 [02:52<14:14,  5.12s/it]
 17%|█▋        | 34/200 [02:58<14:53,  5.38s/it]
 18%|█▊        | 35/200 [03:04<15:18,  5.56s/it]
 18%|█▊        | 36/200 [03:10<15:36,  5.71s/it]
 18%|█▊        | 37/200 [03:15<15:06,  5.56s/it]
 19%|█▉        | 38/200 [03:20<14:39,  5.43s/it]
 20%|█▉        | 39/200 [03:25<14:10,  5.28s/it]
 20%|██        | 40/200 [03:30<13:52,  5.20s/it]
 20%|██        | 41/200 [03:35<13:28,  5.08s/it]
 21%|██        | 42/200 [03:40<13:26,  5.10s/it]
 22%|██▏       | 43/200 [03:45<13:27,  5.14s/it]
 22%|██▏       | 44/200 [03:51<13:21,  5.14s/it]
 22%|██▎       | 45/200 [03:56<13:25,  5.20s/it]
 23%|██▎       | 46/200 [04:01<13:21,  5.21s/it]
 24%|██▎       | 47/200 [04:06<12:58,  5.09s/it]
 24%|██▍       | 48/200 [04:11<12:45,  5.04s/it]
 24%|██▍       | 49/200 [04:16<12:40,  5.04s/it]
 25%|██▌       | 50/200 [04:21<12:34,  5.03s/it]
 26%|██▌       | 51/200 [04:26<12:19,  4.96s/it]
 26%|██▌       | 52/200 [04:30<12:05,  4.90s/it]
 26%|██▋       | 53/200 [04:35<11:49,  4.83s/it]
 27%|██▋       | 54/200 [04:40<11:52,  4.88s/it]
 28%|██▊       | 55/200 [04:45<11:52,  4.91s/it]
 28%|██▊       | 56/200 [04:50<11:57,  4.98s/it]
 28%|██▊       | 57/200 [04:55<11:42,  4.91s/it]
 29%|██▉       | 58/200 [05:00<11:37,  4.91s/it]
 30%|██▉       | 59/200 [05:05<11:41,  4.98s/it]
 30%|███       | 60/200 [05:10<11:28,  4.92s/it]
 30%|███       | 61/200 [05:15<11:25,  4.93s/it]
 31%|███       | 62/200 [05:20<11:15,  4.90s/it]
 32%|███▏      | 63/200 [05:24<11:04,  4.85s/it]
 32%|███▏      | 64/200 [05:30<11:16,  4.98s/it]
 32%|███▎      | 65/200 [05:35<11:30,  5.12s/it]
 33%|███▎      | 66/200 [05:40<11:08,  4.99s/it]
 34%|███▎      | 67/200 [05:45<11:15,  5.08s/it]
 34%|███▍      | 68/200 [05:50<11:03,  5.03s/it]
 34%|███▍      | 69/200 [05:55<10:52,  4.98s/it]
 35%|███▌      | 70/200 [06:00<10:57,  5.06s/it]
 36%|███▌      | 71/200 [06:05<10:59,  5.11s/it]
 36%|███▌      | 72/200 [06:10<10:52,  5.10s/it]
 36%|███▋      | 73/200 [06:15<10:40,  5.04s/it]
 37%|███▋      | 74/200 [06:20<10:33,  5.03s/it]
 38%|███▊      | 75/200 [06:26<10:50,  5.20s/it]
 38%|███▊      | 76/200 [06:31<10:46,  5.21s/it]
 38%|███▊      | 77/200 [06:36<10:38,  5.19s/it]
 39%|███▉      | 78/200 [06:41<10:26,  5.14s/it]
 40%|███▉      | 79/200 [06:46<10:15,  5.09s/it]
 40%|████      | 80/200 [06:52<10:19,  5.16s/it]
 40%|████      | 81/200 [06:57<10:36,  5.35s/it]
 41%|████      | 82/200 [07:03<10:31,  5.35s/it]
 42%|████▏     | 83/200 [07:08<10:16,  5.27s/it]
 42%|████▏     | 84/200 [07:13<10:04,  5.21s/it]
 42%|████▎     | 85/200 [07:18<09:53,  5.16s/it]
 43%|████▎     | 86/200 [07:23<09:37,  5.07s/it]
 44%|████▎     | 87/200 [07:28<09:26,  5.01s/it]
 44%|████▍     | 88/200 [07:33<09:16,  4.97s/it]
 44%|████▍     | 89/200 [07:37<09:06,  4.92s/it]
 45%|████▌     | 90/200 [07:42<09:05,  4.96s/it]
 46%|████▌     | 91/200 [07:48<09:11,  5.06s/it]
 46%|████▌     | 92/200 [07:53<09:10,  5.09s/it]
 46%|████▋     | 93/200 [07:58<08:58,  5.03s/it]
 47%|████▋     | 94/200 [08:03<08:50,  5.01s/it]
 48%|████▊     | 95/200 [08:08<08:56,  5.11s/it]
 48%|████▊     | 96/200 [08:13<08:42,  5.03s/it]
 48%|████▊     | 97/200 [08:18<08:39,  5.04s/it]
 49%|████▉     | 98/200 [08:23<08:49,  5.19s/it]
 50%|████▉     | 99/200 [08:29<09:07,  5.42s/it]
 50%|█████     | 100/200 [08:36<09:36,  5.77s/it]
 50%|█████     | 101/200 [08:42<09:24,  5.71s/it]
 51%|█████     | 102/200 [08:47<09:18,  5.70s/it]
 52%|█████▏    | 103/200 [08:53<09:04,  5.62s/it]
 52%|█████▏    | 104/200 [08:58<08:41,  5.44s/it]
 52%|█████▎    | 105/200 [09:03<08:20,  5.27s/it]
 53%|█████▎    | 106/200 [09:08<08:09,  5.20s/it]
 54%|█████▎    | 107/200 [09:13<07:57,  5.13s/it]
 54%|█████▍    | 108/200 [09:18<07:51,  5.13s/it]
 55%|█████▍    | 109/200 [09:22<07:37,  5.03s/it]
 55%|█████▌    | 110/200 [09:27<07:29,  5.00s/it]
 56%|█████▌    | 111/200 [09:32<07:18,  4.92s/it]
 56%|█████▌    | 112/200 [09:37<07:13,  4.93s/it]
 56%|█████▋    | 113/200 [09:42<07:13,  4.99s/it]
 57%|█████▋    | 114/200 [09:47<07:06,  4.96s/it]
 57%|█████▊    | 115/200 [09:53<07:15,  5.13s/it]
 58%|█████▊    | 116/200 [09:58<07:05,  5.07s/it]
 58%|█████▊    | 117/200 [10:03<06:57,  5.03s/it]
 59%|█████▉    | 118/200 [10:08<06:58,  5.10s/it]
 60%|█████▉    | 119/200 [10:13<06:53,  5.11s/it]
 60%|██████    | 120/200 [10:18<06:49,  5.11s/it]
 60%|██████    | 121/200 [10:23<06:35,  5.01s/it]
 61%|██████    | 122/200 [10:28<06:40,  5.13s/it]
 62%|██████▏   | 123/200 [10:33<06:25,  5.01s/it]
 62%|██████▏   | 124/200 [10:38<06:18,  4.98s/it]
 62%|██████▎   | 125/200 [10:43<06:23,  5.11s/it]
 63%|██████▎   | 126/200 [10:49<06:24,  5.19s/it]
 64%|██████▎   | 127/200 [10:54<06:13,  5.11s/it]
 64%|██████▍   | 128/200 [10:58<06:00,  5.01s/it]
 64%|██████▍   | 129/200 [11:03<05:55,  5.01s/it]
 65%|██████▌   | 130/200 [11:10<06:15,  5.37s/it]
 66%|██████▌   | 131/200 [11:16<06:25,  5.59s/it]
 66%|██████▌   | 132/200 [11:21<06:15,  5.52s/it]
 66%|██████▋   | 133/200 [11:26<06:05,  5.45s/it]
 67%|██████▋   | 134/200 [11:32<05:55,  5.38s/it]
 68%|██████▊   | 135/200 [11:37<05:45,  5.31s/it]
 68%|██████▊   | 136/200 [11:42<05:40,  5.32s/it]
 68%|██████▊   | 137/200 [11:47<05:33,  5.30s/it]
 69%|██████▉   | 138/200 [11:53<05:31,  5.34s/it]
 70%|██████▉   | 139/200 [11:58<05:18,  5.22s/it]
 70%|███████   | 140/200 [12:03<05:09,  5.16s/it]
 70%|███████   | 141/200 [12:08<05:02,  5.12s/it]
 71%|███████   | 142/200 [12:13<05:00,  5.18s/it]
 72%|███████▏  | 143/200 [12:18<04:54,  5.16s/it]
 72%|███████▏  | 144/200 [12:23<04:42,  5.04s/it]
 72%|███████▎  | 145/200 [12:28<04:34,  4.98s/it]
 73%|███████▎  | 146/200 [12:33<04:33,  5.07s/it]
 74%|███████▎  | 147/200 [12:38<04:25,  5.01s/it]
 74%|███████▍  | 148/200 [12:43<04:23,  5.07s/it]
 74%|███████▍  | 149/200 [12:49<04:24,  5.18s/it]
 75%|███████▌  | 150/200 [12:54<04:26,  5.32s/it]
 76%|███████▌  | 151/200 [12:59<04:17,  5.26s/it]
 76%|███████▌  | 152/200 [13:04<04:10,  5.22s/it]
 76%|███████▋  | 153/200 [13:09<04:02,  5.16s/it]
 77%|███████▋  | 154/200 [13:15<04:04,  5.32s/it]
 78%|███████▊  | 155/200 [13:20<03:52,  5.17s/it]
 78%|███████▊  | 156/200 [13:25<03:44,  5.10s/it]
 78%|███████▊  | 157/200 [13:30<03:37,  5.07s/it]
 79%|███████▉  | 158/200 [13:35<03:31,  5.03s/it]
 80%|███████▉  | 159/200 [13:41<03:34,  5.24s/it]
 80%|████████  | 160/200 [13:46<03:29,  5.24s/it]
 80%|████████  | 161/200 [13:51<03:23,  5.21s/it]
 81%|████████  | 162/200 [13:56<03:16,  5.17s/it]
 82%|████████▏ | 163/200 [14:01<03:11,  5.17s/it]
 82%|████████▏ | 164/200 [14:06<03:03,  5.10s/it]
 82%|████████▎ | 165/200 [14:12<03:02,  5.22s/it]
 83%|████████▎ | 166/200 [14:17<02:56,  5.19s/it]
 84%|████████▎ | 167/200 [14:22<02:48,  5.10s/it]
 84%|████████▍ | 168/200 [14:27<02:46,  5.20s/it]
 84%|████████▍ | 169/200 [14:32<02:40,  5.17s/it]
 85%|████████▌ | 170/200 [14:37<02:36,  5.21s/it]
 86%|████████▌ | 171/200 [14:43<02:30,  5.21s/it]
 86%|████████▌ | 172/200 [14:48<02:24,  5.18s/it]
 86%|████████▋ | 173/200 [14:53<02:18,  5.12s/it]
 87%|████████▋ | 174/200 [14:58<02:11,  5.05s/it]
 88%|████████▊ | 175/200 [15:03<02:06,  5.08s/it]
 88%|████████▊ | 176/200 [15:08<02:01,  5.08s/it]
 88%|████████▊ | 177/200 [15:13<01:55,  5.03s/it]
 89%|████████▉ | 178/200 [15:18<01:50,  5.02s/it]
 90%|████████▉ | 179/200 [15:23<01:45,  5.02s/it]
 90%|█████████ | 180/200 [15:28<01:39,  4.96s/it]
 90%|█████████ | 181/200 [15:33<01:35,  5.04s/it]
 91%|█████████ | 182/200 [15:38<01:29,  4.97s/it]
 92%|█████████▏| 183/200 [15:43<01:25,  5.03s/it]
 92%|█████████▏| 184/200 [15:48<01:22,  5.15s/it]
 92%|█████████▎| 185/200 [15:53<01:15,  5.05s/it]
 93%|█████████▎| 186/200 [15:58<01:09,  4.98s/it]
 94%|█████████▎| 187/200 [16:03<01:04,  4.93s/it]
 94%|█████████▍| 188/200 [16:08<01:00,  5.07s/it]
 94%|█████████▍| 189/200 [16:13<00:56,  5.10s/it]
 95%|█████████▌| 190/200 [16:19<00:51,  5.17s/it]
 96%|█████████▌| 191/200 [16:23<00:45,  5.03s/it]
 96%|█████████▌| 192/200 [16:28<00:39,  4.98s/it]
 96%|█████████▋| 193/200 [16:33<00:35,  5.07s/it]
 97%|█████████▋| 194/200 [16:39<00:30,  5.07s/it]
 98%|█████████▊| 195/200 [16:44<00:25,  5.05s/it]
 98%|█████████▊| 196/200 [16:50<00:21,  5.36s/it]
 98%|█████████▊| 197/200 [16:55<00:16,  5.51s/it]
 99%|█████████▉| 198/200 [17:00<00:10,  5.36s/it]
100%|█████████▉| 199/200 [17:05<00:05,  5.25s/it]
100%|██████████| 200/200 [17:10<00:00,  5.17s/it]
                                                 
0
1
2
3
4
5
6
7
8
9
10
11
12
13
14
15
16
17
18
19
20
21
22
23
24
25
26
27
28
29
30
31
32
33
34
35
36
37
38
39
40
41
42
43
44
45
46
47
48
49
50
51
52
53
54
55
56
57
58
59
60
61
62
63
64
65
66
67
68
69
70
71
72
73
74
75
76
77
78
79
80
81
82
83
84
85
86
87
88
89
90
91
92
93
94
95
96
97
98
99
100
101
102
103
104
105
106
107
108
109
110
111
112
113
114
115
116
117
118
119
120
121
122
123
124
125
126
127
128
129
130
131
132
133
134
135
136
137
138
139
140
141
142
143
144
145
146
147
148
149
150
151
152
153
154
155
156
157
158
159
160
161
162
163
164
165
166
167
168
169
170
171
172
173
174
175
176
177
178
179
180
181
182
183
184
185
186
187
188
189
190
191
192
193
194
195
196
197
198
199
