 
Files to read: ['../pilot-cpjump1-data/profiles/2020_11_04_CPJUMP1/BR00116995/BR00116995_normalized_feature_select_negcon.csv.gz']
Files to read: ['../pilot-cpjump1-data/profiles/2020_11_04_CPJUMP1/BR00117024/BR00117024_normalized_feature_select_negcon.csv.gz']
Files to read: ['../pilot-cpjump1-data/profiles/2020_11_04_CPJUMP1/BR00117025/BR00117025_normalized_feature_select_negcon.csv.gz']
Files to read: ['../pilot-cpjump1-data/profiles/2020_11_04_CPJUMP1/BR00117026/BR00117026_normalized_feature_select_negcon.csv.gz']
Files to read: ['../pilot-cpjump1-data/profiles/2020_11_04_CPJUMP1/BR00116997/BR00116997_normalized_feature_select_negcon.csv.gz']
Files to read: ['../pilot-cpjump1-data/profiles/2020_11_04_CPJUMP1/BR00116998/BR00116998_normalized_feature_select_negcon.csv.gz']
Files to read: ['../pilot-cpjump1-data/profiles/2020_11_04_CPJUMP1/BR00116999/BR00116999_normalized_feature_select_negcon.csv.gz']
Files to read: ['../pilot-cpjump1-data/profiles/2020_11_04_CPJUMP1/BR00116996/BR00116996_normalized_feature_select_negcon.csv.gz']
Files to read: ['../pilot-cpjump1-data/profiles/2020_11_04_CPJUMP1/BR00117022/BR00117022_normalized_feature_select_negcon.csv.gz']
Files to read: ['../pilot-cpjump1-data/profiles/2020_11_04_CPJUMP1/BR00117023/BR00117023_normalized_feature_select_negcon.csv.gz']

  0%|          | 0/200 [00:00<?, ?it/s]
  0%|          | 1/200 [00:08<28:57,  8.73s/it]
  1%|          | 2/200 [00:14<22:54,  6.94s/it]
  2%|▏         | 3/200 [00:19<20:06,  6.12s/it]
  2%|▏         | 4/200 [00:24<18:08,  5.55s/it]
  2%|▎         | 5/200 [00:29<17:31,  5.39s/it]
  3%|▎         | 6/200 [00:34<17:13,  5.33s/it]
  4%|▎         | 7/200 [00:39<16:34,  5.15s/it]
  4%|▍         | 8/200 [00:44<16:11,  5.06s/it]
  4%|▍         | 9/200 [00:48<15:47,  4.96s/it]
  5%|▌         | 10/200 [00:54<15:50,  5.00s/it]
  6%|▌         | 11/200 [00:58<15:30,  4.93s/it]
  6%|▌         | 12/200 [01:03<15:27,  4.93s/it]
  6%|▋         | 13/200 [01:08<15:31,  4.98s/it]
  7%|▋         | 14/200 [01:14<15:40,  5.06s/it]
  8%|▊         | 15/200 [01:19<15:43,  5.10s/it]
  8%|▊         | 16/200 [01:25<16:20,  5.33s/it]
  8%|▊         | 17/200 [01:31<16:47,  5.50s/it]
  9%|▉         | 18/200 [01:35<16:06,  5.31s/it]
 10%|▉         | 19/200 [01:40<15:34,  5.17s/it]
 10%|█         | 20/200 [01:45<15:15,  5.09s/it]
 10%|█         | 21/200 [01:51<15:26,  5.18s/it]
 11%|█         | 22/200 [01:55<15:10,  5.11s/it]
 12%|█▏        | 23/200 [02:00<14:57,  5.07s/it]
 12%|█▏        | 24/200 [02:05<14:35,  4.98s/it]
 12%|█▎        | 25/200 [02:10<14:25,  4.94s/it]
 13%|█▎        | 26/200 [02:15<14:39,  5.05s/it]
 14%|█▎        | 27/200 [02:21<14:40,  5.09s/it]
 14%|█▍        | 28/200 [02:26<14:48,  5.17s/it]
 14%|█▍        | 29/200 [02:31<14:43,  5.16s/it]
 15%|█▌        | 30/200 [02:36<14:32,  5.13s/it]
 16%|█▌        | 31/200 [02:41<14:10,  5.03s/it]
 16%|█▌        | 32/200 [02:46<13:53,  4.96s/it]
 16%|█▋        | 33/200 [02:51<13:43,  4.93s/it]
 17%|█▋        | 34/200 [02:55<13:33,  4.90s/it]
 18%|█▊        | 35/200 [03:00<13:24,  4.87s/it]
 18%|█▊        | 36/200 [03:05<13:21,  4.89s/it]
 18%|█▊        | 37/200 [03:10<13:28,  4.96s/it]
 19%|█▉        | 38/200 [03:16<13:43,  5.08s/it]
 20%|█▉        | 39/200 [03:21<13:37,  5.08s/it]
 20%|██        | 40/200 [03:25<13:16,  4.98s/it]
 20%|██        | 41/200 [03:30<12:46,  4.82s/it]
 21%|██        | 42/200 [03:35<12:40,  4.81s/it]
 22%|██▏       | 43/200 [03:40<12:44,  4.87s/it]
 22%|██▏       | 44/200 [03:45<12:54,  4.96s/it]
 22%|██▎       | 45/200 [03:50<12:41,  4.91s/it]
 23%|██▎       | 46/200 [03:55<12:39,  4.93s/it]
 24%|██▎       | 47/200 [03:59<12:19,  4.83s/it]
 24%|██▍       | 48/200 [04:04<12:14,  4.83s/it]
 24%|██▍       | 49/200 [04:09<12:21,  4.91s/it]
 25%|██▌       | 50/200 [04:15<12:35,  5.03s/it]
 26%|██▌       | 51/200 [04:19<12:20,  4.97s/it]
 26%|██▌       | 52/200 [04:24<11:59,  4.86s/it]
 26%|██▋       | 53/200 [04:29<11:45,  4.80s/it]
 27%|██▋       | 54/200 [04:34<11:46,  4.84s/it]
 28%|██▊       | 55/200 [04:38<11:43,  4.85s/it]
 28%|██▊       | 56/200 [04:43<11:35,  4.83s/it]
 28%|██▊       | 57/200 [04:48<11:26,  4.80s/it]
 29%|██▉       | 58/200 [04:53<11:29,  4.85s/it]
 30%|██▉       | 59/200 [04:58<11:34,  4.92s/it]
 30%|███       | 60/200 [05:03<11:29,  4.93s/it]
 30%|███       | 61/200 [05:08<11:14,  4.86s/it]
 31%|███       | 62/200 [05:14<12:00,  5.22s/it]
 32%|███▏      | 63/200 [05:19<11:49,  5.18s/it]
 32%|███▏      | 64/200 [05:24<11:32,  5.09s/it]
 32%|███▎      | 65/200 [05:28<11:11,  4.97s/it]
 33%|███▎      | 66/200 [05:33<11:01,  4.93s/it]
 34%|███▎      | 67/200 [05:38<10:51,  4.90s/it]
 34%|███▍      | 68/200 [05:43<10:42,  4.87s/it]
 34%|███▍      | 69/200 [05:48<10:37,  4.87s/it]
 35%|███▌      | 70/200 [05:52<10:19,  4.76s/it]
 36%|███▌      | 71/200 [05:57<10:12,  4.75s/it]
 36%|███▌      | 72/200 [06:02<10:07,  4.75s/it]
 36%|███▋      | 73/200 [06:07<10:10,  4.80s/it]
 37%|███▋      | 74/200 [06:12<10:26,  4.97s/it]
 38%|███▊      | 75/200 [06:17<10:25,  5.00s/it]
 38%|███▊      | 76/200 [06:22<10:19,  5.00s/it]
 38%|███▊      | 77/200 [06:27<10:20,  5.05s/it]
 39%|███▉      | 78/200 [06:32<10:23,  5.11s/it]
 40%|███▉      | 79/200 [06:38<10:31,  5.22s/it]
 40%|████      | 80/200 [06:44<10:56,  5.47s/it]
 40%|████      | 81/200 [06:49<10:53,  5.49s/it]
 41%|████      | 82/200 [06:54<10:23,  5.28s/it]
 42%|████▏     | 83/200 [06:59<09:51,  5.06s/it]
 42%|████▏     | 84/200 [07:04<09:40,  5.00s/it]
 42%|████▎     | 85/200 [07:08<09:19,  4.87s/it]
 43%|████▎     | 86/200 [07:13<09:02,  4.76s/it]
 44%|████▎     | 87/200 [07:17<08:51,  4.70s/it]
 44%|████▍     | 88/200 [07:23<09:02,  4.85s/it]
 44%|████▍     | 89/200 [07:27<08:53,  4.81s/it]
 45%|████▌     | 90/200 [07:32<08:45,  4.78s/it]
 46%|████▌     | 91/200 [07:37<08:35,  4.73s/it]
 46%|████▌     | 92/200 [07:42<08:41,  4.83s/it]
 46%|████▋     | 93/200 [07:47<08:43,  4.89s/it]
 47%|████▋     | 94/200 [07:52<08:39,  4.90s/it]
 48%|████▊     | 95/200 [07:56<08:22,  4.79s/it]
 48%|████▊     | 96/200 [08:01<08:12,  4.74s/it]
 48%|████▊     | 97/200 [08:05<08:08,  4.74s/it]
 49%|████▉     | 98/200 [08:10<08:08,  4.79s/it]
 50%|████▉     | 99/200 [08:15<07:58,  4.74s/it]
 50%|█████     | 100/200 [08:20<08:00,  4.81s/it]
 50%|█████     | 101/200 [08:25<08:05,  4.90s/it]
 51%|█████     | 102/200 [08:30<07:54,  4.85s/it]
 52%|█████▏    | 103/200 [08:34<07:45,  4.80s/it]
 52%|█████▏    | 104/200 [08:40<07:52,  4.92s/it]
 52%|█████▎    | 105/200 [08:45<07:47,  4.92s/it]
 53%|█████▎    | 106/200 [08:49<07:39,  4.89s/it]
 54%|█████▎    | 107/200 [08:54<07:31,  4.85s/it]
 54%|█████▍    | 108/200 [09:00<07:41,  5.02s/it]
 55%|█████▍    | 109/200 [09:05<07:44,  5.11s/it]
 55%|█████▌    | 110/200 [09:10<07:48,  5.21s/it]
 56%|█████▌    | 111/200 [09:16<07:52,  5.31s/it]
 56%|█████▌    | 112/200 [09:21<07:49,  5.34s/it]
 56%|█████▋    | 113/200 [09:26<07:38,  5.27s/it]
 57%|█████▋    | 114/200 [09:31<07:21,  5.14s/it]
 57%|█████▊    | 115/200 [09:36<07:05,  5.00s/it]
 58%|█████▊    | 116/200 [09:41<06:55,  4.94s/it]
 58%|█████▊    | 117/200 [09:45<06:42,  4.85s/it]
 59%|█████▉    | 118/200 [09:50<06:32,  4.79s/it]
 60%|█████▉    | 119/200 [09:55<06:28,  4.80s/it]
 60%|██████    | 120/200 [10:00<06:23,  4.79s/it]
 60%|██████    | 121/200 [10:05<06:21,  4.83s/it]
 61%|██████    | 122/200 [10:10<06:35,  5.07s/it]
 62%|██████▏   | 123/200 [10:15<06:17,  4.90s/it]
 62%|██████▏   | 124/200 [10:19<06:06,  4.82s/it]
 62%|██████▎   | 125/200 [10:24<06:00,  4.81s/it]
 63%|██████▎   | 126/200 [10:29<05:57,  4.83s/it]
 64%|██████▎   | 127/200 [10:34<05:53,  4.84s/it]
 64%|██████▍   | 128/200 [10:38<05:44,  4.79s/it]
 64%|██████▍   | 129/200 [10:43<05:39,  4.78s/it]
 65%|██████▌   | 130/200 [10:48<05:32,  4.75s/it]
 66%|██████▌   | 131/200 [10:53<05:29,  4.77s/it]
 66%|██████▌   | 132/200 [10:58<05:32,  4.88s/it]
 66%|██████▋   | 133/200 [11:03<05:24,  4.84s/it]
 67%|██████▋   | 134/200 [11:08<05:25,  4.93s/it]
 68%|██████▊   | 135/200 [11:12<05:13,  4.83s/it]
 68%|██████▊   | 136/200 [11:18<05:26,  5.09s/it]
 68%|██████▊   | 137/200 [11:24<05:32,  5.28s/it]
 69%|██████▉   | 138/200 [11:29<05:32,  5.36s/it]
 70%|██████▉   | 139/200 [11:34<05:16,  5.18s/it]
 70%|███████   | 140/200 [11:39<05:04,  5.08s/it]
 70%|███████   | 141/200 [11:44<04:54,  4.99s/it]
 71%|███████   | 142/200 [11:48<04:39,  4.82s/it]
 72%|███████▏  | 143/200 [11:53<04:28,  4.71s/it]
 72%|███████▏  | 144/200 [11:57<04:20,  4.65s/it]
 72%|███████▎  | 145/200 [12:02<04:23,  4.78s/it]
 73%|███████▎  | 146/200 [12:07<04:22,  4.85s/it]
 74%|███████▎  | 147/200 [12:12<04:15,  4.82s/it]
 74%|███████▍  | 148/200 [12:17<04:07,  4.77s/it]
 74%|███████▍  | 149/200 [12:21<04:02,  4.75s/it]
 75%|███████▌  | 150/200 [12:26<03:58,  4.78s/it]
 76%|███████▌  | 151/200 [12:31<03:52,  4.74s/it]
 76%|███████▌  | 152/200 [12:36<03:51,  4.82s/it]
 76%|███████▋  | 153/200 [12:41<03:45,  4.79s/it]
 77%|███████▋  | 154/200 [12:45<03:37,  4.72s/it]
 78%|███████▊  | 155/200 [12:50<03:27,  4.62s/it]
 78%|███████▊  | 156/200 [12:54<03:24,  4.64s/it]
 78%|███████▊  | 157/200 [12:59<03:21,  4.69s/it]
 79%|███████▉  | 158/200 [13:04<03:14,  4.64s/it]
 80%|███████▉  | 159/200 [13:08<03:09,  4.62s/it]
 80%|████████  | 160/200 [13:13<03:07,  4.68s/it]
 80%|████████  | 161/200 [13:17<03:00,  4.63s/it]
 81%|████████  | 162/200 [13:22<02:56,  4.65s/it]
 82%|████████▏ | 163/200 [13:27<02:49,  4.58s/it]
 82%|████████▏ | 164/200 [13:31<02:48,  4.69s/it]
 82%|████████▎ | 165/200 [13:36<02:44,  4.70s/it]
 83%|████████▎ | 166/200 [13:41<02:41,  4.76s/it]
 84%|████████▎ | 167/200 [13:46<02:36,  4.76s/it]
 84%|████████▍ | 168/200 [13:50<02:29,  4.67s/it]
 84%|████████▍ | 169/200 [13:55<02:23,  4.61s/it]
 85%|████████▌ | 170/200 [13:59<02:17,  4.58s/it]
 86%|████████▌ | 171/200 [14:04<02:17,  4.74s/it]
 86%|████████▌ | 172/200 [14:09<02:15,  4.84s/it]
 86%|████████▋ | 173/200 [14:14<02:09,  4.81s/it]
 87%|████████▋ | 174/200 [14:19<02:03,  4.77s/it]
 88%|████████▊ | 175/200 [14:24<01:59,  4.78s/it]
 88%|████████▊ | 176/200 [14:30<02:03,  5.16s/it]
 88%|████████▊ | 177/200 [14:35<02:01,  5.28s/it]
 89%|████████▉ | 178/200 [14:41<01:56,  5.30s/it]
 90%|████████▉ | 179/200 [14:45<01:48,  5.16s/it]
 90%|█████████ | 180/200 [14:51<01:45,  5.25s/it]
 90%|█████████ | 181/200 [14:56<01:39,  5.22s/it]
 91%|█████████ | 182/200 [15:01<01:33,  5.22s/it]
 92%|█████████▏| 183/200 [15:06<01:26,  5.09s/it]
 92%|█████████▏| 184/200 [15:11<01:18,  4.93s/it]
 92%|█████████▎| 185/200 [15:15<01:12,  4.86s/it]
 93%|█████████▎| 186/200 [15:20<01:08,  4.88s/it]
 94%|█████████▎| 187/200 [15:25<01:01,  4.76s/it]
 94%|█████████▍| 188/200 [15:30<00:57,  4.79s/it]
 94%|█████████▍| 189/200 [15:34<00:52,  4.78s/it]
 95%|█████████▌| 190/200 [15:39<00:48,  4.81s/it]
 96%|█████████▌| 191/200 [15:45<00:45,  5.05s/it]
 96%|█████████▌| 192/200 [15:51<00:42,  5.27s/it]
 96%|█████████▋| 193/200 [15:55<00:35,  5.05s/it]
 97%|█████████▋| 194/200 [16:00<00:29,  4.89s/it]
 98%|█████████▊| 195/200 [16:04<00:23,  4.76s/it]
 98%|█████████▊| 196/200 [16:09<00:19,  4.76s/it]
 98%|█████████▊| 197/200 [16:14<00:14,  4.81s/it]
 99%|█████████▉| 198/200 [16:19<00:09,  4.84s/it]
100%|█████████▉| 199/200 [16:24<00:04,  4.81s/it]
100%|██████████| 200/200 [16:29<00:00,  5.04s/it]
                                                 
0
1
2
3
4
5
6
7
8
9
10
11
12
13
14
15
16
17
18
19
20
21
22
23
24
25
26
27
28
29
30
31
32
33
34
35
36
37
38
39
40
41
42
43
44
45
46
47
48
49
50
51
52
53
54
55
56
57
58
59
60
61
62
63
64
65
66
67
68
69
70
71
72
73
74
75
76
77
78
79
80
81
82
83
84
85
86
87
88
89
90
91
92
93
94
95
96
97
98
99
100
101
102
103
104
105
106
107
108
109
110
111
112
113
114
115
116
117
118
119
120
121
122
123
124
125
126
127
128
129
130
131
132
133
134
135
136
137
138
139
140
141
142
143
144
145
146
147
148
149
150
151
152
153
154
155
156
157
158
159
160
161
162
163
164
165
166
167
168
169
170
171
172
173
174
175
176
177
178
179
180
181
182
183
184
185
186
187
188
189
190
191
192
193
194
195
196
197
198
199
