 
Files to read: ['../pilot-cpjump1-data/profiles/2020_11_04_CPJUMP1/BR00116995/BR00116995_normalized_feature_select_negcon.csv.gz']
Files to read: ['../pilot-cpjump1-data/profiles/2020_11_04_CPJUMP1/BR00117024/BR00117024_normalized_feature_select_negcon.csv.gz']
Files to read: ['../pilot-cpjump1-data/profiles/2020_11_04_CPJUMP1/BR00117025/BR00117025_normalized_feature_select_negcon.csv.gz']
Files to read: ['../pilot-cpjump1-data/profiles/2020_11_04_CPJUMP1/BR00117026/BR00117026_normalized_feature_select_negcon.csv.gz']
Files to read: ['../pilot-cpjump1-data/profiles/2020_11_04_CPJUMP1/BR00116997/BR00116997_normalized_feature_select_negcon.csv.gz']
Files to read: ['../pilot-cpjump1-data/profiles/2020_11_04_CPJUMP1/BR00116998/BR00116998_normalized_feature_select_negcon.csv.gz']
Files to read: ['../pilot-cpjump1-data/profiles/2020_11_04_CPJUMP1/BR00116999/BR00116999_normalized_feature_select_negcon.csv.gz']
Files to read: ['../pilot-cpjump1-data/profiles/2020_11_04_CPJUMP1/BR00116996/BR00116996_normalized_feature_select_negcon.csv.gz']
Files to read: ['../pilot-cpjump1-data/profiles/2020_11_04_CPJUMP1/BR00117022/BR00117022_normalized_feature_select_negcon.csv.gz']
Files to read: ['../pilot-cpjump1-data/profiles/2020_11_04_CPJUMP1/BR00117023/BR00117023_normalized_feature_select_negcon.csv.gz']

  0%|          | 0/200 [00:00<?, ?it/s]
  0%|          | 1/200 [00:07<23:27,  7.07s/it]
  1%|          | 2/200 [00:11<17:19,  5.25s/it]
  2%|▏         | 3/200 [00:15<15:33,  4.74s/it]
  2%|▏         | 4/200 [00:19<14:40,  4.49s/it]
  2%|▎         | 5/200 [00:23<13:58,  4.30s/it]
  3%|▎         | 6/200 [00:27<14:14,  4.40s/it]
  4%|▎         | 7/200 [00:32<14:23,  4.47s/it]
  4%|▍         | 8/200 [00:36<13:51,  4.33s/it]
  4%|▍         | 9/200 [00:40<13:32,  4.25s/it]
  5%|▌         | 10/200 [00:44<13:18,  4.20s/it]
  6%|▌         | 11/200 [00:49<13:26,  4.26s/it]
  6%|▌         | 12/200 [00:53<13:21,  4.27s/it]
  6%|▋         | 13/200 [00:57<13:14,  4.25s/it]
  7%|▋         | 14/200 [01:01<13:04,  4.22s/it]
  8%|▊         | 15/200 [01:05<12:45,  4.14s/it]
  8%|▊         | 16/200 [01:09<12:31,  4.08s/it]
  8%|▊         | 17/200 [01:13<12:25,  4.07s/it]
  9%|▉         | 18/200 [01:17<12:25,  4.10s/it]
 10%|▉         | 19/200 [01:22<12:52,  4.27s/it]
 10%|█         | 20/200 [01:26<12:38,  4.21s/it]
 10%|█         | 21/200 [01:30<12:22,  4.15s/it]
 11%|█         | 22/200 [01:34<12:12,  4.12s/it]
 12%|█▏        | 23/200 [01:38<11:58,  4.06s/it]
 12%|█▏        | 24/200 [01:42<11:59,  4.09s/it]
 12%|█▎        | 25/200 [01:46<11:46,  4.04s/it]
 13%|█▎        | 26/200 [01:50<11:42,  4.04s/it]
 14%|█▎        | 27/200 [01:54<11:52,  4.12s/it]
 14%|█▍        | 28/200 [01:58<11:41,  4.08s/it]
 14%|█▍        | 29/200 [02:02<11:28,  4.03s/it]
 15%|█▌        | 30/200 [02:06<11:26,  4.04s/it]
 16%|█▌        | 31/200 [02:10<11:11,  3.97s/it]
 16%|█▌        | 32/200 [02:14<11:11,  4.00s/it]
 16%|█▋        | 33/200 [02:18<11:10,  4.01s/it]
 17%|█▋        | 34/200 [02:22<11:01,  3.98s/it]
 18%|█▊        | 35/200 [02:26<10:49,  3.94s/it]
 18%|█▊        | 36/200 [02:30<10:52,  3.98s/it]
 18%|█▊        | 37/200 [02:34<10:43,  3.95s/it]
 19%|█▉        | 38/200 [02:38<10:41,  3.96s/it]
 20%|█▉        | 39/200 [02:42<10:38,  3.97s/it]
 20%|██        | 40/200 [02:46<10:33,  3.96s/it]
 20%|██        | 41/200 [02:50<10:31,  3.97s/it]
 21%|██        | 42/200 [02:54<10:27,  3.97s/it]
 22%|██▏       | 43/200 [02:58<10:17,  3.93s/it]
 22%|██▏       | 44/200 [03:02<10:17,  3.96s/it]
 22%|██▎       | 45/200 [03:06<10:09,  3.94s/it]
 23%|██▎       | 46/200 [03:10<10:19,  4.02s/it]
 24%|██▎       | 47/200 [03:14<10:10,  3.99s/it]
 24%|██▍       | 48/200 [03:18<10:16,  4.06s/it]
 24%|██▍       | 49/200 [03:22<10:17,  4.09s/it]
 25%|██▌       | 50/200 [03:26<10:06,  4.05s/it]
 26%|██▌       | 51/200 [03:30<09:50,  3.96s/it]
 26%|██▌       | 52/200 [03:34<09:44,  3.95s/it]
 26%|██▋       | 53/200 [03:38<09:46,  3.99s/it]
 27%|██▋       | 54/200 [03:42<09:46,  4.02s/it]
 28%|██▊       | 55/200 [03:46<09:42,  4.02s/it]
 28%|██▊       | 56/200 [03:50<09:27,  3.94s/it]
 28%|██▊       | 57/200 [03:54<09:23,  3.94s/it]
 29%|██▉       | 58/200 [03:58<09:31,  4.02s/it]
 30%|██▉       | 59/200 [04:03<09:56,  4.23s/it]
 30%|███       | 60/200 [04:07<10:01,  4.30s/it]
 30%|███       | 61/200 [04:11<09:38,  4.16s/it]
 31%|███       | 62/200 [04:15<09:18,  4.04s/it]
 32%|███▏      | 63/200 [04:19<09:08,  4.00s/it]
 32%|███▏      | 64/200 [04:23<09:01,  3.98s/it]
 32%|███▎      | 65/200 [04:26<08:49,  3.92s/it]
 33%|███▎      | 66/200 [04:30<08:55,  4.00s/it]
 34%|███▎      | 67/200 [04:34<08:46,  3.96s/it]
 34%|███▍      | 68/200 [04:38<08:47,  4.00s/it]
 34%|███▍      | 69/200 [04:42<08:40,  3.98s/it]
 35%|███▌      | 70/200 [04:46<08:32,  3.94s/it]
 36%|███▌      | 71/200 [04:50<08:29,  3.95s/it]
 36%|███▌      | 72/200 [04:54<08:22,  3.93s/it]
 36%|███▋      | 73/200 [04:58<08:13,  3.89s/it]
 37%|███▋      | 74/200 [05:02<08:14,  3.92s/it]
 38%|███▊      | 75/200 [05:06<08:06,  3.89s/it]
 38%|███▊      | 76/200 [05:10<08:02,  3.89s/it]
 38%|███▊      | 77/200 [05:14<08:04,  3.94s/it]
 39%|███▉      | 78/200 [05:18<08:21,  4.11s/it]
 40%|███▉      | 79/200 [05:22<08:07,  4.03s/it]
 40%|████      | 80/200 [05:26<08:00,  4.01s/it]
 40%|████      | 81/200 [05:30<07:52,  3.97s/it]
 41%|████      | 82/200 [05:34<07:39,  3.90s/it]
 42%|████▏     | 83/200 [05:38<07:56,  4.08s/it]
 42%|████▏     | 84/200 [05:42<07:50,  4.06s/it]
 42%|████▎     | 85/200 [05:46<07:44,  4.04s/it]
 43%|████▎     | 86/200 [05:50<07:44,  4.07s/it]
 44%|████▎     | 87/200 [05:55<07:48,  4.15s/it]
 44%|████▍     | 88/200 [05:59<07:57,  4.26s/it]
 44%|████▍     | 89/200 [06:04<08:05,  4.37s/it]
 45%|████▌     | 90/200 [06:08<07:48,  4.26s/it]
 46%|████▌     | 91/200 [06:12<07:31,  4.14s/it]
 46%|████▌     | 92/200 [06:16<07:23,  4.10s/it]
 46%|████▋     | 93/200 [06:20<07:16,  4.08s/it]
 47%|████▋     | 94/200 [06:24<07:08,  4.04s/it]
 48%|████▊     | 95/200 [06:27<06:58,  3.98s/it]
 48%|████▊     | 96/200 [06:31<06:53,  3.98s/it]
 48%|████▊     | 97/200 [06:35<06:40,  3.89s/it]
 49%|████▉     | 98/200 [06:39<06:45,  3.97s/it]
 50%|████▉     | 99/200 [06:44<07:15,  4.32s/it]
 50%|█████     | 100/200 [06:49<07:25,  4.45s/it]
 50%|█████     | 101/200 [06:53<07:13,  4.38s/it]
 51%|█████     | 102/200 [06:57<06:59,  4.28s/it]
 52%|█████▏    | 103/200 [07:01<06:46,  4.19s/it]
 52%|█████▏    | 104/200 [07:05<06:41,  4.18s/it]
 52%|█████▎    | 105/200 [07:09<06:30,  4.11s/it]
 53%|█████▎    | 106/200 [07:13<06:21,  4.06s/it]
 54%|█████▎    | 107/200 [07:17<06:09,  3.97s/it]
 54%|█████▍    | 108/200 [07:21<06:04,  3.96s/it]
 55%|█████▍    | 109/200 [07:25<05:58,  3.94s/it]
 55%|█████▌    | 110/200 [07:29<05:58,  3.98s/it]
 56%|█████▌    | 111/200 [07:33<05:48,  3.92s/it]
 56%|█████▌    | 112/200 [07:37<05:50,  3.98s/it]
 56%|█████▋    | 113/200 [07:41<05:52,  4.05s/it]
 57%|█████▋    | 114/200 [07:45<05:49,  4.06s/it]
 57%|█████▊    | 115/200 [07:49<05:40,  4.00s/it]
 58%|█████▊    | 116/200 [07:53<05:35,  3.99s/it]
 58%|█████▊    | 117/200 [07:57<05:37,  4.06s/it]
 59%|█████▉    | 118/200 [08:01<05:32,  4.05s/it]
 60%|█████▉    | 119/200 [08:05<05:27,  4.04s/it]
 60%|██████    | 120/200 [08:09<05:19,  3.99s/it]
 60%|██████    | 121/200 [08:13<05:13,  3.97s/it]
 61%|██████    | 122/200 [08:17<05:18,  4.08s/it]
 62%|██████▏   | 123/200 [08:22<05:13,  4.07s/it]
 62%|██████▏   | 124/200 [08:26<05:10,  4.08s/it]
 62%|██████▎   | 125/200 [08:30<05:16,  4.22s/it]
 63%|██████▎   | 126/200 [08:34<05:11,  4.21s/it]
 64%|██████▎   | 127/200 [08:38<05:02,  4.14s/it]
 64%|██████▍   | 128/200 [08:42<04:51,  4.05s/it]
 64%|██████▍   | 129/200 [08:46<04:42,  3.98s/it]
 65%|██████▌   | 130/200 [08:50<04:38,  3.98s/it]
 66%|██████▌   | 131/200 [08:54<04:31,  3.93s/it]
 66%|██████▌   | 132/200 [08:58<04:31,  4.00s/it]
 66%|██████▋   | 133/200 [09:02<04:25,  3.96s/it]
 67%|██████▋   | 134/200 [09:06<04:22,  3.97s/it]
 68%|██████▊   | 135/200 [09:10<04:20,  4.01s/it]
 68%|██████▊   | 136/200 [09:14<04:25,  4.15s/it]
 68%|██████▊   | 137/200 [09:19<04:25,  4.21s/it]
 69%|██████▉   | 138/200 [09:23<04:22,  4.24s/it]
 70%|██████▉   | 139/200 [09:27<04:12,  4.15s/it]
 70%|███████   | 140/200 [09:31<04:06,  4.11s/it]
 70%|███████   | 141/200 [09:35<04:08,  4.22s/it]
 71%|███████   | 142/200 [09:40<04:01,  4.16s/it]
 72%|███████▏  | 143/200 [09:43<03:50,  4.05s/it]
 72%|███████▏  | 144/200 [09:47<03:47,  4.06s/it]
 72%|███████▎  | 145/200 [09:52<03:47,  4.14s/it]
 73%|███████▎  | 146/200 [09:56<03:43,  4.14s/it]
 74%|███████▎  | 147/200 [10:00<03:35,  4.07s/it]
 74%|███████▍  | 148/200 [10:04<03:29,  4.02s/it]
 74%|███████▍  | 149/200 [10:08<03:24,  4.01s/it]
 75%|███████▌  | 150/200 [10:12<03:20,  4.01s/it]
 76%|███████▌  | 151/200 [10:16<03:22,  4.13s/it]
 76%|███████▌  | 152/200 [10:20<03:14,  4.04s/it]
 76%|███████▋  | 153/200 [10:24<03:07,  3.98s/it]
 77%|███████▋  | 154/200 [10:28<03:02,  3.97s/it]
 78%|███████▊  | 155/200 [10:32<03:02,  4.06s/it]
 78%|███████▊  | 156/200 [10:36<02:57,  4.03s/it]
 78%|███████▊  | 157/200 [10:40<02:50,  3.97s/it]
 79%|███████▉  | 158/200 [10:44<02:48,  4.01s/it]
 80%|███████▉  | 159/200 [10:48<02:41,  3.93s/it]
 80%|████████  | 160/200 [10:52<02:39,  4.00s/it]
 80%|████████  | 161/200 [10:56<02:34,  3.95s/it]
 81%|████████  | 162/200 [10:59<02:26,  3.86s/it]
 82%|████████▏ | 163/200 [11:04<02:29,  4.03s/it]
 82%|████████▏ | 164/200 [11:08<02:31,  4.22s/it]
 82%|████████▎ | 165/200 [11:12<02:25,  4.15s/it]
 83%|████████▎ | 166/200 [11:16<02:18,  4.07s/it]
 84%|████████▎ | 167/200 [11:20<02:10,  3.95s/it]
 84%|████████▍ | 168/200 [11:24<02:05,  3.93s/it]
 84%|████████▍ | 169/200 [11:27<01:59,  3.86s/it]
 85%|████████▌ | 170/200 [11:31<01:57,  3.90s/it]
 86%|████████▌ | 171/200 [11:35<01:54,  3.95s/it]
 86%|████████▌ | 172/200 [11:40<01:54,  4.09s/it]
 86%|████████▋ | 173/200 [11:44<01:49,  4.04s/it]
 87%|████████▋ | 174/200 [11:48<01:44,  4.01s/it]
 88%|████████▊ | 175/200 [11:52<01:39,  3.99s/it]
 88%|████████▊ | 176/200 [11:56<01:35,  3.98s/it]
 88%|████████▊ | 177/200 [11:59<01:30,  3.93s/it]
 89%|████████▉ | 178/200 [12:04<01:30,  4.09s/it]
 90%|████████▉ | 179/200 [12:08<01:27,  4.15s/it]
 90%|█████████ | 180/200 [12:12<01:22,  4.11s/it]
 90%|█████████ | 181/200 [12:16<01:16,  4.02s/it]
 91%|█████████ | 182/200 [12:20<01:11,  3.98s/it]
 92%|█████████▏| 183/200 [12:24<01:06,  3.90s/it]
 92%|█████████▏| 184/200 [12:28<01:05,  4.07s/it]
 92%|█████████▎| 185/200 [12:33<01:05,  4.38s/it]
 93%|█████████▎| 186/200 [12:37<01:00,  4.31s/it]
 94%|█████████▎| 187/200 [12:42<00:56,  4.32s/it]
 94%|█████████▍| 188/200 [12:46<00:50,  4.22s/it]
 94%|█████████▍| 189/200 [12:50<00:45,  4.17s/it]
 95%|█████████▌| 190/200 [12:53<00:39,  3.99s/it]
 96%|█████████▌| 191/200 [12:57<00:36,  4.01s/it]
 96%|█████████▌| 192/200 [13:01<00:31,  3.94s/it]
 96%|█████████▋| 193/200 [13:05<00:27,  3.92s/it]
 97%|█████████▋| 194/200 [13:09<00:23,  3.89s/it]
 98%|█████████▊| 195/200 [13:13<00:19,  3.86s/it]
 98%|█████████▊| 196/200 [13:16<00:15,  3.80s/it]
 98%|█████████▊| 197/200 [13:20<00:11,  3.78s/it]
 99%|█████████▉| 198/200 [13:24<00:07,  3.73s/it]
100%|█████████▉| 199/200 [13:28<00:03,  3.80s/it]
100%|██████████| 200/200 [13:32<00:00,  3.95s/it]
                                                 
0
1
2
3
4
5
6
7
8
9
10
11
12
13
14
15
16
17
18
19
20
21
22
23
24
25
26
27
28
29
30
31
32
33
34
35
36
37
38
39
40
41
42
43
44
45
46
47
48
49
50
51
52
53
54
55
56
57
58
59
60
61
62
63
64
65
66
67
68
69
70
71
72
73
74
75
76
77
78
79
80
81
82
83
84
85
86
87
88
89
90
91
92
93
94
95
96
97
98
99
100
101
102
103
104
105
106
107
108
109
110
111
112
113
114
115
116
117
118
119
120
121
122
123
124
125
126
127
128
129
130
131
132
133
134
135
136
137
138
139
140
141
142
143
144
145
146
147
148
149
150
151
152
153
154
155
156
157
158
159
160
161
162
163
164
165
166
167
168
169
170
171
172
173
174
175
176
177
178
179
180
181
182
183
184
185
186
187
188
189
190
191
192
193
194
195
196
197
198
199
