 
Files to read: ['../pilot-cpjump1-data/profiles/2020_11_04_CPJUMP1/BR00116995/BR00116995_normalized_feature_select_negcon.csv.gz']
Files to read: ['../pilot-cpjump1-data/profiles/2020_11_04_CPJUMP1/BR00117024/BR00117024_normalized_feature_select_negcon.csv.gz']
Files to read: ['../pilot-cpjump1-data/profiles/2020_11_04_CPJUMP1/BR00117025/BR00117025_normalized_feature_select_negcon.csv.gz']
Files to read: ['../pilot-cpjump1-data/profiles/2020_11_04_CPJUMP1/BR00117026/BR00117026_normalized_feature_select_negcon.csv.gz']
Files to read: ['../pilot-cpjump1-data/profiles/2020_11_04_CPJUMP1/BR00116997/BR00116997_normalized_feature_select_negcon.csv.gz']
Files to read: ['../pilot-cpjump1-data/profiles/2020_11_04_CPJUMP1/BR00116998/BR00116998_normalized_feature_select_negcon.csv.gz']
Files to read: ['../pilot-cpjump1-data/profiles/2020_11_04_CPJUMP1/BR00116999/BR00116999_normalized_feature_select_negcon.csv.gz']
Files to read: ['../pilot-cpjump1-data/profiles/2020_11_04_CPJUMP1/BR00116996/BR00116996_normalized_feature_select_negcon.csv.gz']
Files to read: ['../pilot-cpjump1-data/profiles/2020_11_04_CPJUMP1/BR00117022/BR00117022_normalized_feature_select_negcon.csv.gz']
Files to read: ['../pilot-cpjump1-data/profiles/2020_11_04_CPJUMP1/BR00117023/BR00117023_normalized_feature_select_negcon.csv.gz']

  0%|          | 0/200 [00:00<?, ?it/s]
  0%|          | 1/200 [00:07<26:10,  7.89s/it]
  1%|          | 2/200 [00:12<20:26,  6.19s/it]
  2%|▏         | 3/200 [00:17<18:16,  5.57s/it]
  2%|▏         | 4/200 [00:22<17:05,  5.23s/it]
  2%|▎         | 5/200 [00:27<16:27,  5.06s/it]
  3%|▎         | 6/200 [00:31<15:56,  4.93s/it]
  4%|▎         | 7/200 [00:36<15:50,  4.92s/it]
  4%|▍         | 8/200 [00:41<15:31,  4.85s/it]
  4%|▍         | 9/200 [00:46<15:41,  4.93s/it]
  5%|▌         | 10/200 [00:51<15:34,  4.92s/it]
  6%|▌         | 11/200 [00:56<15:21,  4.88s/it]
  6%|▌         | 12/200 [01:00<14:56,  4.77s/it]
  6%|▋         | 13/200 [01:05<14:52,  4.77s/it]
  7%|▋         | 14/200 [01:10<14:53,  4.81s/it]
  8%|▊         | 15/200 [01:15<15:13,  4.94s/it]
  8%|▊         | 16/200 [01:20<15:20,  5.00s/it]
  8%|▊         | 17/200 [01:25<15:23,  5.05s/it]
  9%|▉         | 18/200 [01:30<15:00,  4.95s/it]
 10%|▉         | 19/200 [01:35<14:45,  4.89s/it]
 10%|█         | 20/200 [01:41<15:16,  5.09s/it]
 10%|█         | 21/200 [01:47<16:13,  5.44s/it]
 11%|█         | 22/200 [01:52<16:10,  5.45s/it]
 12%|█▏        | 23/200 [01:58<16:14,  5.51s/it]
 12%|█▏        | 24/200 [02:03<15:41,  5.35s/it]
 12%|█▎        | 25/200 [02:08<15:41,  5.38s/it]
 13%|█▎        | 26/200 [02:13<15:19,  5.28s/it]
 14%|█▎        | 27/200 [02:19<15:43,  5.46s/it]
 14%|█▍        | 28/200 [02:24<15:22,  5.37s/it]
 14%|█▍        | 29/200 [02:30<15:09,  5.32s/it]
 15%|█▌        | 30/200 [02:35<15:02,  5.31s/it]
 16%|█▌        | 31/200 [02:40<15:08,  5.38s/it]
 16%|█▌        | 32/200 [02:46<15:01,  5.37s/it]
 16%|█▋        | 33/200 [02:50<14:22,  5.16s/it]
 17%|█▋        | 34/200 [02:55<14:08,  5.11s/it]
 18%|█▊        | 35/200 [03:00<13:55,  5.06s/it]
 18%|█▊        | 36/200 [03:05<13:48,  5.05s/it]
 18%|█▊        | 37/200 [03:11<13:59,  5.15s/it]
 19%|█▉        | 38/200 [03:16<13:49,  5.12s/it]
 20%|█▉        | 39/200 [03:21<13:44,  5.12s/it]
 20%|██        | 40/200 [03:26<13:36,  5.10s/it]
 20%|██        | 41/200 [03:31<13:16,  5.01s/it]
 21%|██        | 42/200 [03:36<13:28,  5.12s/it]
 22%|██▏       | 43/200 [03:41<13:23,  5.12s/it]
 22%|██▏       | 44/200 [03:46<13:05,  5.04s/it]
 22%|██▎       | 45/200 [03:51<13:06,  5.07s/it]
 23%|██▎       | 46/200 [03:56<12:49,  5.00s/it]
 24%|██▎       | 47/200 [04:01<12:44,  4.99s/it]
 24%|██▍       | 48/200 [04:06<12:28,  4.93s/it]
 24%|██▍       | 49/200 [04:11<12:25,  4.94s/it]
 25%|██▌       | 50/200 [04:16<12:16,  4.91s/it]
 26%|██▌       | 51/200 [04:21<12:12,  4.92s/it]
 26%|██▌       | 52/200 [04:26<12:09,  4.93s/it]
 26%|██▋       | 53/200 [04:31<12:05,  4.93s/it]
 27%|██▋       | 54/200 [04:35<11:57,  4.91s/it]
 28%|██▊       | 55/200 [04:40<11:52,  4.91s/it]
 28%|██▊       | 56/200 [04:45<11:40,  4.87s/it]
 28%|██▊       | 57/200 [04:51<12:19,  5.17s/it]
 29%|██▉       | 58/200 [04:56<12:05,  5.11s/it]
 30%|██▉       | 59/200 [05:01<11:54,  5.07s/it]
 30%|███       | 60/200 [05:06<11:38,  4.99s/it]
 30%|███       | 61/200 [05:11<11:36,  5.01s/it]
 31%|███       | 62/200 [05:16<11:34,  5.03s/it]
 32%|███▏      | 63/200 [05:22<12:10,  5.33s/it]
 32%|███▏      | 64/200 [05:27<11:48,  5.21s/it]
 32%|███▎      | 65/200 [05:32<12:01,  5.34s/it]
 33%|███▎      | 66/200 [05:37<11:42,  5.25s/it]
 34%|███▎      | 67/200 [05:42<11:24,  5.15s/it]
 34%|███▍      | 68/200 [05:47<11:07,  5.06s/it]
 34%|███▍      | 69/200 [05:52<10:49,  4.96s/it]
 35%|███▌      | 70/200 [05:57<10:39,  4.92s/it]
 36%|███▌      | 71/200 [06:02<10:32,  4.90s/it]
 36%|███▌      | 72/200 [06:06<10:18,  4.83s/it]
 36%|███▋      | 73/200 [06:11<10:08,  4.79s/it]
 37%|███▋      | 74/200 [06:16<10:04,  4.80s/it]
 38%|███▊      | 75/200 [06:21<10:11,  4.89s/it]
 38%|███▊      | 76/200 [06:26<10:21,  5.01s/it]
 38%|███▊      | 77/200 [06:31<10:14,  4.99s/it]
 39%|███▉      | 78/200 [06:36<10:01,  4.93s/it]
 40%|███▉      | 79/200 [06:41<10:00,  4.97s/it]
 40%|████      | 80/200 [06:46<09:42,  4.85s/it]
 40%|████      | 81/200 [06:51<10:04,  5.08s/it]
 41%|████      | 82/200 [06:56<09:46,  4.97s/it]
 42%|████▏     | 83/200 [07:01<09:40,  4.96s/it]
 42%|████▏     | 84/200 [07:06<09:43,  5.03s/it]
 42%|████▎     | 85/200 [07:11<09:35,  5.00s/it]
 43%|████▎     | 86/200 [07:16<09:37,  5.06s/it]
 44%|████▎     | 87/200 [07:21<09:22,  4.98s/it]
 44%|████▍     | 88/200 [07:26<09:19,  5.00s/it]
 44%|████▍     | 89/200 [07:31<09:10,  4.96s/it]
 45%|████▌     | 90/200 [07:36<08:58,  4.89s/it]
 46%|████▌     | 91/200 [07:41<09:24,  5.18s/it]
 46%|████▌     | 92/200 [07:47<09:29,  5.27s/it]
 46%|████▋     | 93/200 [07:52<09:29,  5.33s/it]
 47%|████▋     | 94/200 [07:58<09:30,  5.38s/it]
 48%|████▊     | 95/200 [08:04<09:35,  5.48s/it]
 48%|████▊     | 96/200 [08:09<09:26,  5.45s/it]
 48%|████▊     | 97/200 [08:14<09:12,  5.36s/it]
 49%|████▉     | 98/200 [08:19<08:51,  5.21s/it]
 50%|████▉     | 99/200 [08:24<08:48,  5.23s/it]
 50%|█████     | 100/200 [08:29<08:25,  5.06s/it]
 50%|█████     | 101/200 [08:33<08:04,  4.89s/it]
 51%|█████     | 102/200 [08:39<08:14,  5.05s/it]
 52%|█████▏    | 103/200 [08:44<08:11,  5.07s/it]
 52%|█████▏    | 104/200 [08:49<08:10,  5.11s/it]
 52%|█████▎    | 105/200 [08:55<08:12,  5.18s/it]
 53%|█████▎    | 106/200 [09:00<08:26,  5.39s/it]
 54%|█████▎    | 107/200 [09:06<08:17,  5.35s/it]
 54%|█████▍    | 108/200 [09:11<08:18,  5.42s/it]
 55%|█████▍    | 109/200 [09:16<08:02,  5.31s/it]
 55%|█████▌    | 110/200 [09:21<07:45,  5.18s/it]
 56%|█████▌    | 111/200 [09:26<07:34,  5.11s/it]
 56%|█████▌    | 112/200 [09:31<07:29,  5.10s/it]
 56%|█████▋    | 113/200 [09:36<07:27,  5.14s/it]
 57%|█████▋    | 114/200 [09:42<07:23,  5.15s/it]
 57%|█████▊    | 115/200 [09:46<07:09,  5.05s/it]
 58%|█████▊    | 116/200 [09:51<06:57,  4.97s/it]
 58%|█████▊    | 117/200 [09:56<06:55,  5.00s/it]
 59%|█████▉    | 118/200 [10:01<06:45,  4.94s/it]
 60%|█████▉    | 119/200 [10:06<06:49,  5.06s/it]
 60%|██████    | 120/200 [10:11<06:44,  5.06s/it]
 60%|██████    | 121/200 [10:17<06:41,  5.08s/it]
 61%|██████    | 122/200 [10:21<06:27,  4.96s/it]
 62%|██████▏   | 123/200 [10:26<06:22,  4.96s/it]
 62%|██████▏   | 124/200 [10:31<06:16,  4.95s/it]
 62%|██████▎   | 125/200 [10:36<06:11,  4.95s/it]
 63%|██████▎   | 126/200 [10:41<06:00,  4.88s/it]
 64%|██████▎   | 127/200 [10:46<06:02,  4.96s/it]
 64%|██████▍   | 128/200 [10:51<05:59,  5.00s/it]
 64%|██████▍   | 129/200 [10:57<06:04,  5.13s/it]
 65%|██████▌   | 130/200 [11:02<06:08,  5.27s/it]
 66%|██████▌   | 131/200 [11:08<06:09,  5.35s/it]
 66%|██████▌   | 132/200 [11:13<06:08,  5.42s/it]
 66%|██████▋   | 133/200 [11:19<06:09,  5.52s/it]
 67%|██████▋   | 134/200 [11:24<05:59,  5.45s/it]
 68%|██████▊   | 135/200 [11:29<05:46,  5.34s/it]
 68%|██████▊   | 136/200 [11:34<05:34,  5.22s/it]
 68%|██████▊   | 137/200 [11:40<05:30,  5.25s/it]
 69%|██████▉   | 138/200 [11:45<05:19,  5.15s/it]
 70%|██████▉   | 139/200 [11:49<05:08,  5.06s/it]
 70%|███████   | 140/200 [11:54<05:00,  5.01s/it]
 70%|███████   | 141/200 [11:59<04:58,  5.07s/it]
 71%|███████   | 142/200 [12:04<04:49,  4.99s/it]
 72%|███████▏  | 143/200 [12:10<04:49,  5.08s/it]
 72%|███████▏  | 144/200 [12:15<04:45,  5.11s/it]
 72%|███████▎  | 145/200 [12:20<04:45,  5.18s/it]
 73%|███████▎  | 146/200 [12:25<04:34,  5.08s/it]
 74%|███████▎  | 147/200 [12:30<04:23,  4.96s/it]
 74%|███████▍  | 148/200 [12:35<04:20,  5.01s/it]
 74%|███████▍  | 149/200 [12:40<04:22,  5.14s/it]
 75%|███████▌  | 150/200 [12:45<04:11,  5.02s/it]
 76%|███████▌  | 151/200 [12:50<04:07,  5.06s/it]
 76%|███████▌  | 152/200 [12:55<03:59,  4.98s/it]
 76%|███████▋  | 153/200 [13:00<03:59,  5.09s/it]
 77%|███████▋  | 154/200 [13:06<04:04,  5.31s/it]
 78%|███████▊  | 155/200 [13:11<03:54,  5.22s/it]
 78%|███████▊  | 156/200 [13:16<03:43,  5.07s/it]
 78%|███████▊  | 157/200 [13:21<03:39,  5.11s/it]
 79%|███████▉  | 158/200 [13:26<03:29,  5.00s/it]
 80%|███████▉  | 159/200 [13:31<03:28,  5.08s/it]
 80%|████████  | 160/200 [13:36<03:25,  5.14s/it]
 80%|████████  | 161/200 [13:41<03:12,  4.94s/it]
 81%|████████  | 162/200 [13:45<03:01,  4.76s/it]
 82%|████████▏ | 163/200 [13:50<02:59,  4.86s/it]
 82%|████████▏ | 164/200 [13:55<02:55,  4.89s/it]
 82%|████████▎ | 165/200 [14:00<02:53,  4.95s/it]
 83%|████████▎ | 166/200 [14:06<02:53,  5.09s/it]
 84%|████████▎ | 167/200 [14:11<02:47,  5.06s/it]
 84%|████████▍ | 168/200 [14:16<02:41,  5.06s/it]
 84%|████████▍ | 169/200 [14:21<02:37,  5.07s/it]
 85%|████████▌ | 170/200 [14:26<02:30,  5.00s/it]
 86%|████████▌ | 171/200 [14:31<02:25,  5.00s/it]
 86%|████████▌ | 172/200 [14:35<02:17,  4.90s/it]
 86%|████████▋ | 173/200 [14:40<02:13,  4.93s/it]
 87%|████████▋ | 174/200 [14:46<02:13,  5.15s/it]
 88%|████████▊ | 175/200 [14:51<02:05,  5.04s/it]
 88%|████████▊ | 176/200 [14:56<02:02,  5.10s/it]
 88%|████████▊ | 177/200 [15:01<01:54,  4.97s/it]
 89%|████████▉ | 178/200 [15:06<01:53,  5.17s/it]
 90%|████████▉ | 179/200 [15:12<01:49,  5.22s/it]
 90%|█████████ | 180/200 [15:18<01:49,  5.46s/it]
 90%|█████████ | 181/200 [15:23<01:43,  5.47s/it]
 91%|█████████ | 182/200 [15:28<01:34,  5.28s/it]
 92%|█████████▏| 183/200 [15:33<01:27,  5.17s/it]
 92%|█████████▏| 184/200 [15:38<01:22,  5.17s/it]
 92%|█████████▎| 185/200 [15:43<01:16,  5.09s/it]
 93%|█████████▎| 186/200 [15:48<01:10,  5.01s/it]
 94%|█████████▎| 187/200 [15:53<01:05,  5.01s/it]
 94%|█████████▍| 188/200 [15:58<00:59,  4.96s/it]
 94%|█████████▍| 189/200 [16:03<00:54,  4.98s/it]
 95%|█████████▌| 190/200 [16:08<00:49,  4.94s/it]
 96%|█████████▌| 191/200 [16:13<00:44,  4.97s/it]
 96%|█████████▌| 192/200 [16:17<00:39,  4.93s/it]
 96%|█████████▋| 193/200 [16:22<00:34,  4.90s/it]
 97%|█████████▋| 194/200 [16:27<00:29,  4.95s/it]
 98%|█████████▊| 195/200 [16:32<00:24,  4.93s/it]
 98%|█████████▊| 196/200 [16:37<00:19,  4.93s/it]
 98%|█████████▊| 197/200 [16:42<00:14,  4.90s/it]
 99%|█████████▉| 198/200 [16:47<00:09,  4.87s/it]
100%|█████████▉| 199/200 [16:52<00:04,  4.87s/it]
100%|██████████| 200/200 [16:57<00:00,  4.95s/it]
                                                 
0
1
2
3
4
5
6
7
8
9
10
11
12
13
14
15
16
17
18
19
20
21
22
23
24
25
26
27
28
29
30
31
32
33
34
35
36
37
38
39
40
41
42
43
44
45
46
47
48
49
50
51
52
53
54
55
56
57
58
59
60
61
62
63
64
65
66
67
68
69
70
71
72
73
74
75
76
77
78
79
80
81
82
83
84
85
86
87
88
89
90
91
92
93
94
95
96
97
98
99
100
101
102
103
104
105
106
107
108
109
110
111
112
113
114
115
116
117
118
119
120
121
122
123
124
125
126
127
128
129
130
131
132
133
134
135
136
137
138
139
140
141
142
143
144
145
146
147
148
149
150
151
152
153
154
155
156
157
158
159
160
161
162
163
164
165
166
167
168
169
170
171
172
173
174
175
176
177
178
179
180
181
182
183
184
185
186
187
188
189
190
191
192
193
194
195
196
197
198
199
