 
Files to read: ['../pilot-cpjump1-data/profiles/2020_11_04_CPJUMP1/BR00116995/BR00116995_normalized_feature_select_negcon.csv.gz']
Files to read: ['../pilot-cpjump1-data/profiles/2020_11_04_CPJUMP1/BR00117024/BR00117024_normalized_feature_select_negcon.csv.gz']
Files to read: ['../pilot-cpjump1-data/profiles/2020_11_04_CPJUMP1/BR00117025/BR00117025_normalized_feature_select_negcon.csv.gz']
Files to read: ['../pilot-cpjump1-data/profiles/2020_11_04_CPJUMP1/BR00117026/BR00117026_normalized_feature_select_negcon.csv.gz']
Files to read: ['../pilot-cpjump1-data/profiles/2020_11_04_CPJUMP1/BR00116997/BR00116997_normalized_feature_select_negcon.csv.gz']
Files to read: ['../pilot-cpjump1-data/profiles/2020_11_04_CPJUMP1/BR00116998/BR00116998_normalized_feature_select_negcon.csv.gz']
Files to read: ['../pilot-cpjump1-data/profiles/2020_11_04_CPJUMP1/BR00116999/BR00116999_normalized_feature_select_negcon.csv.gz']
Files to read: ['../pilot-cpjump1-data/profiles/2020_11_04_CPJUMP1/BR00116996/BR00116996_normalized_feature_select_negcon.csv.gz']
Files to read: ['../pilot-cpjump1-data/profiles/2020_11_04_CPJUMP1/BR00117022/BR00117022_normalized_feature_select_negcon.csv.gz']
Files to read: ['../pilot-cpjump1-data/profiles/2020_11_04_CPJUMP1/BR00117023/BR00117023_normalized_feature_select_negcon.csv.gz']

  0%|          | 0/200 [00:00<?, ?it/s]
  0%|          | 1/200 [00:08<27:19,  8.24s/it]
  1%|          | 2/200 [00:13<21:46,  6.60s/it]
  2%|▏         | 3/200 [00:19<19:59,  6.09s/it]
  2%|▏         | 4/200 [00:24<18:33,  5.68s/it]
  2%|▎         | 5/200 [00:29<17:53,  5.51s/it]
  3%|▎         | 6/200 [00:35<18:06,  5.60s/it]
  4%|▎         | 7/200 [00:40<17:22,  5.40s/it]
  4%|▍         | 8/200 [00:45<16:49,  5.26s/it]
  4%|▍         | 9/200 [00:50<17:01,  5.35s/it]
  5%|▌         | 10/200 [00:55<16:50,  5.32s/it]
  6%|▌         | 11/200 [01:00<16:23,  5.20s/it]
  6%|▌         | 12/200 [01:06<16:14,  5.18s/it]
  6%|▋         | 13/200 [01:10<15:50,  5.08s/it]
  7%|▋         | 14/200 [01:15<15:34,  5.02s/it]
  8%|▊         | 15/200 [01:20<15:11,  4.93s/it]
  8%|▊         | 16/200 [01:25<15:14,  4.97s/it]
  8%|▊         | 17/200 [01:30<15:03,  4.94s/it]
  9%|▉         | 18/200 [01:35<15:03,  4.96s/it]
 10%|▉         | 19/200 [01:40<15:04,  5.00s/it]
 10%|█         | 20/200 [01:45<15:14,  5.08s/it]
 10%|█         | 21/200 [01:51<15:18,  5.13s/it]
 11%|█         | 22/200 [01:55<14:56,  5.04s/it]
 12%|█▏        | 23/200 [02:00<14:52,  5.04s/it]
 12%|█▏        | 24/200 [02:05<14:38,  4.99s/it]
 12%|█▎        | 25/200 [02:10<14:26,  4.95s/it]
 13%|█▎        | 26/200 [02:15<14:37,  5.04s/it]
 14%|█▎        | 27/200 [02:21<15:08,  5.25s/it]
 14%|█▍        | 28/200 [02:26<15:03,  5.25s/it]
 14%|█▍        | 29/200 [02:32<15:36,  5.48s/it]
 15%|█▌        | 30/200 [02:38<15:44,  5.56s/it]
 16%|█▌        | 31/200 [02:44<15:41,  5.57s/it]
 16%|█▌        | 32/200 [02:49<15:16,  5.46s/it]
 16%|█▋        | 33/200 [02:54<14:49,  5.33s/it]
 17%|█▋        | 34/200 [02:59<14:31,  5.25s/it]
 18%|█▊        | 35/200 [03:04<14:03,  5.11s/it]
 18%|█▊        | 36/200 [03:08<13:35,  4.97s/it]
 18%|█▊        | 37/200 [03:13<13:21,  4.92s/it]
 19%|█▉        | 38/200 [03:18<13:13,  4.90s/it]
 20%|█▉        | 39/200 [03:23<13:10,  4.91s/it]
 20%|██        | 40/200 [03:28<13:17,  4.98s/it]
 20%|██        | 41/200 [03:33<13:10,  4.97s/it]
 21%|██        | 42/200 [03:39<13:30,  5.13s/it]
 22%|██▏       | 43/200 [03:43<13:10,  5.04s/it]
 22%|██▏       | 44/200 [03:49<13:08,  5.06s/it]
 22%|██▎       | 45/200 [03:53<12:56,  5.01s/it]
 23%|██▎       | 46/200 [03:58<12:53,  5.02s/it]
 24%|██▎       | 47/200 [04:04<12:52,  5.05s/it]
 24%|██▍       | 48/200 [04:09<12:55,  5.10s/it]
 24%|██▍       | 49/200 [04:14<12:44,  5.06s/it]
 25%|██▌       | 50/200 [04:19<12:42,  5.08s/it]
 26%|██▌       | 51/200 [04:24<12:25,  5.00s/it]
 26%|██▌       | 52/200 [04:29<12:25,  5.03s/it]
 26%|██▋       | 53/200 [04:34<12:17,  5.02s/it]
 27%|██▋       | 54/200 [04:39<12:19,  5.06s/it]
 28%|██▊       | 55/200 [04:44<12:21,  5.11s/it]
 28%|██▊       | 56/200 [04:49<12:15,  5.11s/it]
 28%|██▊       | 57/200 [04:54<12:10,  5.11s/it]
 29%|██▉       | 58/200 [04:59<11:52,  5.02s/it]
 30%|██▉       | 59/200 [05:04<11:37,  4.95s/it]
 30%|███       | 60/200 [05:10<12:07,  5.20s/it]
 30%|███       | 61/200 [05:17<13:05,  5.65s/it]
 31%|███       | 62/200 [05:22<13:05,  5.69s/it]
 32%|███▏      | 63/200 [05:29<13:23,  5.87s/it]
 32%|███▏      | 64/200 [05:34<12:57,  5.72s/it]
 32%|███▎      | 65/200 [05:39<12:37,  5.61s/it]
 33%|███▎      | 66/200 [05:45<12:27,  5.58s/it]
 34%|███▎      | 67/200 [05:51<12:47,  5.77s/it]
 34%|███▍      | 68/200 [05:56<12:20,  5.61s/it]
 34%|███▍      | 69/200 [06:01<11:47,  5.40s/it]
 35%|███▌      | 70/200 [06:06<11:38,  5.37s/it]
 36%|███▌      | 71/200 [06:11<11:12,  5.21s/it]
 36%|███▌      | 72/200 [06:16<10:56,  5.13s/it]
 36%|███▋      | 73/200 [06:21<10:39,  5.04s/it]
 37%|███▋      | 74/200 [06:26<10:37,  5.06s/it]
 38%|███▊      | 75/200 [06:32<10:55,  5.24s/it]
 38%|███▊      | 76/200 [06:37<10:46,  5.22s/it]
 38%|███▊      | 77/200 [06:42<10:41,  5.22s/it]
 39%|███▉      | 78/200 [06:47<10:31,  5.17s/it]
 40%|███▉      | 79/200 [06:53<10:29,  5.20s/it]
 40%|████      | 80/200 [06:58<10:35,  5.30s/it]
 40%|████      | 81/200 [07:04<10:49,  5.45s/it]
 41%|████      | 82/200 [07:09<10:36,  5.39s/it]
 42%|████▏     | 83/200 [07:14<10:14,  5.25s/it]
 42%|████▏     | 84/200 [07:19<09:58,  5.16s/it]
 42%|████▎     | 85/200 [07:24<09:48,  5.11s/it]
 43%|████▎     | 86/200 [07:29<09:32,  5.03s/it]
 44%|████▎     | 87/200 [07:34<09:21,  4.97s/it]
 44%|████▍     | 88/200 [07:39<09:15,  4.96s/it]
 44%|████▍     | 89/200 [07:44<09:14,  4.99s/it]
 45%|████▌     | 90/200 [07:49<09:04,  4.95s/it]
 46%|████▌     | 91/200 [07:54<09:11,  5.06s/it]
 46%|████▌     | 92/200 [07:59<09:02,  5.02s/it]
 46%|████▋     | 93/200 [08:03<08:43,  4.90s/it]
 47%|████▋     | 94/200 [08:08<08:35,  4.87s/it]
 48%|████▊     | 95/200 [08:13<08:38,  4.94s/it]
 48%|████▊     | 96/200 [08:19<08:55,  5.15s/it]
 48%|████▊     | 97/200 [08:24<08:39,  5.04s/it]
 49%|████▉     | 98/200 [08:29<08:33,  5.03s/it]
 50%|████▉     | 99/200 [08:34<08:25,  5.00s/it]
 50%|█████     | 100/200 [08:39<08:16,  4.96s/it]
 50%|█████     | 101/200 [08:43<08:07,  4.93s/it]
 51%|█████     | 102/200 [08:49<08:10,  5.01s/it]
 52%|█████▏    | 103/200 [08:54<08:03,  4.99s/it]
 52%|█████▏    | 104/200 [08:59<08:09,  5.10s/it]
 52%|█████▎    | 105/200 [09:04<07:56,  5.02s/it]
 53%|█████▎    | 106/200 [09:09<07:55,  5.06s/it]
 54%|█████▎    | 107/200 [09:14<07:53,  5.10s/it]
 54%|█████▍    | 108/200 [09:19<07:47,  5.08s/it]
 55%|█████▍    | 109/200 [09:25<08:00,  5.29s/it]
 55%|█████▌    | 110/200 [09:31<08:08,  5.43s/it]
 56%|█████▌    | 111/200 [09:36<07:52,  5.31s/it]
 56%|█████▌    | 112/200 [09:41<07:36,  5.19s/it]
 56%|█████▋    | 113/200 [09:46<07:37,  5.26s/it]
 57%|█████▋    | 114/200 [09:51<07:25,  5.18s/it]
 57%|█████▊    | 115/200 [09:57<07:29,  5.29s/it]
 58%|█████▊    | 116/200 [10:02<07:20,  5.25s/it]
 58%|█████▊    | 117/200 [10:06<07:03,  5.10s/it]
 59%|█████▉    | 118/200 [10:11<06:51,  5.02s/it]
 60%|█████▉    | 119/200 [10:16<06:46,  5.02s/it]
 60%|██████    | 120/200 [10:22<06:50,  5.13s/it]
 60%|██████    | 121/200 [10:27<06:40,  5.07s/it]
 61%|██████    | 122/200 [10:31<06:30,  5.00s/it]
 62%|██████▏   | 123/200 [10:37<06:42,  5.23s/it]
 62%|██████▏   | 124/200 [10:42<06:31,  5.15s/it]
 62%|██████▎   | 125/200 [10:47<06:20,  5.08s/it]
 63%|██████▎   | 126/200 [10:52<06:17,  5.11s/it]
 64%|██████▎   | 127/200 [10:59<06:41,  5.50s/it]
 64%|██████▍   | 128/200 [11:05<06:47,  5.66s/it]
 64%|██████▍   | 129/200 [11:10<06:27,  5.46s/it]
 65%|██████▌   | 130/200 [11:15<06:11,  5.31s/it]
 66%|██████▌   | 131/200 [11:20<05:57,  5.19s/it]
 66%|██████▌   | 132/200 [11:25<05:48,  5.12s/it]
 66%|██████▋   | 133/200 [11:30<05:42,  5.11s/it]
 67%|██████▋   | 134/200 [11:35<05:37,  5.11s/it]
 68%|██████▊   | 135/200 [11:40<05:35,  5.16s/it]
 68%|██████▊   | 136/200 [11:46<05:41,  5.34s/it]
 68%|██████▊   | 137/200 [11:52<05:44,  5.47s/it]
 69%|██████▉   | 138/200 [11:57<05:38,  5.46s/it]
 70%|██████▉   | 139/200 [12:02<05:23,  5.30s/it]
 70%|███████   | 140/200 [12:07<05:10,  5.18s/it]
 70%|███████   | 141/200 [12:11<04:54,  4.99s/it]
 71%|███████   | 142/200 [12:16<04:49,  4.99s/it]
 72%|███████▏  | 143/200 [12:21<04:44,  4.98s/it]
 72%|███████▏  | 144/200 [12:26<04:36,  4.93s/it]
 72%|███████▎  | 145/200 [12:31<04:29,  4.90s/it]
 73%|███████▎  | 146/200 [12:36<04:26,  4.94s/it]
 74%|███████▎  | 147/200 [12:41<04:24,  4.99s/it]
 74%|███████▍  | 148/200 [12:46<04:24,  5.09s/it]
 74%|███████▍  | 149/200 [12:52<04:27,  5.25s/it]
 75%|███████▌  | 150/200 [12:57<04:22,  5.26s/it]
 76%|███████▌  | 151/200 [13:02<04:11,  5.14s/it]
 76%|███████▌  | 152/200 [13:07<04:03,  5.08s/it]
 76%|███████▋  | 153/200 [13:12<04:00,  5.11s/it]
 77%|███████▋  | 154/200 [13:17<03:52,  5.05s/it]
 78%|███████▊  | 155/200 [13:22<03:46,  5.04s/it]
 78%|███████▊  | 156/200 [13:28<03:48,  5.19s/it]
 78%|███████▊  | 157/200 [13:33<03:45,  5.25s/it]
 79%|███████▉  | 158/200 [13:39<03:51,  5.52s/it]
 80%|███████▉  | 159/200 [13:45<03:50,  5.61s/it]
 80%|████████  | 160/200 [13:50<03:41,  5.55s/it]
 80%|████████  | 161/200 [13:56<03:32,  5.45s/it]
 81%|████████  | 162/200 [14:01<03:24,  5.38s/it]
 82%|████████▏ | 163/200 [14:06<03:19,  5.39s/it]
 82%|████████▏ | 164/200 [14:12<03:17,  5.49s/it]
 82%|████████▎ | 165/200 [14:17<03:09,  5.41s/it]
 83%|████████▎ | 166/200 [14:22<02:58,  5.25s/it]
 84%|████████▎ | 167/200 [14:27<02:51,  5.20s/it]
 84%|████████▍ | 168/200 [14:33<02:53,  5.41s/it]
 84%|████████▍ | 169/200 [14:38<02:44,  5.31s/it]
 85%|████████▌ | 170/200 [14:43<02:36,  5.22s/it]
 86%|████████▌ | 171/200 [14:48<02:28,  5.12s/it]
 86%|████████▌ | 172/200 [14:54<02:25,  5.20s/it]
 86%|████████▋ | 173/200 [14:58<02:18,  5.11s/it]
 87%|████████▋ | 174/200 [15:03<02:12,  5.08s/it]
 88%|████████▊ | 175/200 [15:09<02:08,  5.13s/it]
 88%|████████▊ | 176/200 [15:14<02:06,  5.27s/it]
 88%|████████▊ | 177/200 [15:19<02:00,  5.22s/it]
 89%|████████▉ | 178/200 [15:24<01:53,  5.15s/it]
 90%|████████▉ | 179/200 [15:30<01:48,  5.18s/it]
 90%|█████████ | 180/200 [15:35<01:43,  5.16s/it]
 90%|█████████ | 181/200 [15:40<01:40,  5.28s/it]
 91%|█████████ | 182/200 [15:45<01:33,  5.19s/it]
 92%|█████████▏| 183/200 [15:51<01:30,  5.32s/it]
 92%|█████████▏| 184/200 [15:56<01:24,  5.29s/it]
 92%|█████████▎| 185/200 [16:01<01:18,  5.21s/it]
 93%|█████████▎| 186/200 [16:06<01:13,  5.23s/it]
 94%|█████████▎| 187/200 [16:12<01:08,  5.28s/it]
 94%|█████████▍| 188/200 [16:18<01:04,  5.41s/it]
 94%|█████████▍| 189/200 [16:23<00:59,  5.43s/it]
 95%|█████████▌| 190/200 [16:28<00:53,  5.34s/it]
 96%|█████████▌| 191/200 [16:33<00:46,  5.21s/it]
 96%|█████████▌| 192/200 [16:38<00:41,  5.20s/it]
 96%|█████████▋| 193/200 [16:44<00:37,  5.34s/it]
 97%|█████████▋| 194/200 [16:49<00:31,  5.33s/it]
 98%|█████████▊| 195/200 [16:55<00:26,  5.34s/it]
 98%|█████████▊| 196/200 [17:00<00:21,  5.36s/it]
 98%|█████████▊| 197/200 [17:05<00:15,  5.30s/it]
 99%|█████████▉| 198/200 [17:10<00:10,  5.25s/it]
100%|█████████▉| 199/200 [17:16<00:05,  5.33s/it]
100%|██████████| 200/200 [17:21<00:00,  5.25s/it]
                                                 
0
1
2
3
4
5
6
7
8
9
10
11
12
13
14
15
16
17
18
19
20
21
22
23
24
25
26
27
28
29
30
31
32
33
34
35
36
37
38
39
40
41
42
43
44
45
46
47
48
49
50
51
52
53
54
55
56
57
58
59
60
61
62
63
64
65
66
67
68
69
70
71
72
73
74
75
76
77
78
79
80
81
82
83
84
85
86
87
88
89
90
91
92
93
94
95
96
97
98
99
100
101
102
103
104
105
106
107
108
109
110
111
112
113
114
115
116
117
118
119
120
121
122
123
124
125
126
127
128
129
130
131
132
133
134
135
136
137
138
139
140
141
142
143
144
145
146
147
148
149
150
151
152
153
154
155
156
157
158
159
160
161
162
163
164
165
166
167
168
169
170
171
172
173
174
175
176
177
178
179
180
181
182
183
184
185
186
187
188
189
190
191
192
193
194
195
196
197
198
199
