 
Files to read: ['../pilot-cpjump1-data/profiles/2020_11_04_CPJUMP1/BR00116995/BR00116995_normalized_feature_select_negcon.csv.gz']
Files to read: ['../pilot-cpjump1-data/profiles/2020_11_04_CPJUMP1/BR00117024/BR00117024_normalized_feature_select_negcon.csv.gz']
Files to read: ['../pilot-cpjump1-data/profiles/2020_11_04_CPJUMP1/BR00117025/BR00117025_normalized_feature_select_negcon.csv.gz']
Files to read: ['../pilot-cpjump1-data/profiles/2020_11_04_CPJUMP1/BR00117026/BR00117026_normalized_feature_select_negcon.csv.gz']
Files to read: ['../pilot-cpjump1-data/profiles/2020_11_04_CPJUMP1/BR00116997/BR00116997_normalized_feature_select_negcon.csv.gz']
Files to read: ['../pilot-cpjump1-data/profiles/2020_11_04_CPJUMP1/BR00116998/BR00116998_normalized_feature_select_negcon.csv.gz']
Files to read: ['../pilot-cpjump1-data/profiles/2020_11_04_CPJUMP1/BR00116999/BR00116999_normalized_feature_select_negcon.csv.gz']
Files to read: ['../pilot-cpjump1-data/profiles/2020_11_04_CPJUMP1/BR00116996/BR00116996_normalized_feature_select_negcon.csv.gz']
Files to read: ['../pilot-cpjump1-data/profiles/2020_11_04_CPJUMP1/BR00117022/BR00117022_normalized_feature_select_negcon.csv.gz']
Files to read: ['../pilot-cpjump1-data/profiles/2020_11_04_CPJUMP1/BR00117023/BR00117023_normalized_feature_select_negcon.csv.gz']

  0%|          | 0/200 [00:00<?, ?it/s]
  0%|          | 1/200 [00:07<24:21,  7.34s/it]
  1%|          | 2/200 [00:11<18:07,  5.49s/it]
  2%|▏         | 3/200 [00:15<15:42,  4.78s/it]
  2%|▏         | 4/200 [00:19<14:25,  4.41s/it]
  2%|▎         | 5/200 [00:23<14:26,  4.44s/it]
  3%|▎         | 6/200 [00:28<14:24,  4.46s/it]
  4%|▎         | 7/200 [00:32<13:40,  4.25s/it]
  4%|▍         | 8/200 [00:35<13:08,  4.11s/it]
  4%|▍         | 9/200 [00:39<12:51,  4.04s/it]
  5%|▌         | 10/200 [00:43<12:38,  3.99s/it]
  6%|▌         | 11/200 [00:48<13:06,  4.16s/it]
  6%|▌         | 12/200 [00:52<13:22,  4.27s/it]
  6%|▋         | 13/200 [00:57<13:29,  4.33s/it]
  7%|▋         | 14/200 [01:02<14:28,  4.67s/it]
  8%|▊         | 15/200 [01:06<13:45,  4.46s/it]
  8%|▊         | 16/200 [01:10<13:10,  4.30s/it]
  8%|▊         | 17/200 [01:14<12:57,  4.25s/it]
  9%|▉         | 18/200 [01:18<12:41,  4.18s/it]
 10%|▉         | 19/200 [01:22<12:27,  4.13s/it]
 10%|█         | 20/200 [01:26<11:58,  3.99s/it]
 10%|█         | 21/200 [01:30<11:56,  4.00s/it]
 11%|█         | 22/200 [01:34<11:50,  3.99s/it]
 12%|█▏        | 23/200 [01:38<11:48,  4.00s/it]
 12%|█▏        | 24/200 [01:42<11:38,  3.97s/it]
 12%|█▎        | 25/200 [01:46<11:29,  3.94s/it]
 13%|█▎        | 26/200 [01:49<11:15,  3.88s/it]
 14%|█▎        | 27/200 [01:53<11:19,  3.93s/it]
 14%|█▍        | 28/200 [01:57<11:04,  3.86s/it]
 14%|█▍        | 29/200 [02:01<11:01,  3.87s/it]
 15%|█▌        | 30/200 [02:05<10:57,  3.87s/it]
 16%|█▌        | 31/200 [02:09<10:56,  3.88s/it]
 16%|█▌        | 32/200 [02:13<10:47,  3.85s/it]
 16%|█▋        | 33/200 [02:17<10:53,  3.91s/it]
 17%|█▋        | 34/200 [02:21<10:50,  3.92s/it]
 18%|█▊        | 35/200 [02:25<11:00,  4.00s/it]
 18%|█▊        | 36/200 [02:29<10:51,  3.97s/it]
 18%|█▊        | 37/200 [02:33<10:49,  3.98s/it]
 19%|█▉        | 38/200 [02:37<10:37,  3.94s/it]
 20%|█▉        | 39/200 [02:41<10:59,  4.10s/it]
 20%|██        | 40/200 [02:45<10:54,  4.09s/it]
 20%|██        | 41/200 [02:49<10:54,  4.11s/it]
 21%|██        | 42/200 [02:53<10:32,  4.01s/it]
 22%|██▏       | 43/200 [02:57<10:16,  3.93s/it]
 22%|██▏       | 44/200 [03:01<10:12,  3.93s/it]
 22%|██▎       | 45/200 [03:05<10:12,  3.95s/it]
 23%|██▎       | 46/200 [03:09<10:21,  4.04s/it]
 24%|██▎       | 47/200 [03:13<10:17,  4.04s/it]
 24%|██▍       | 48/200 [03:17<10:30,  4.15s/it]
 24%|██▍       | 49/200 [03:21<10:16,  4.08s/it]
 25%|██▌       | 50/200 [03:26<10:20,  4.13s/it]
 26%|██▌       | 51/200 [03:30<10:13,  4.12s/it]
 26%|██▌       | 52/200 [03:34<10:12,  4.14s/it]
 26%|██▋       | 53/200 [03:38<10:22,  4.23s/it]
 27%|██▋       | 54/200 [03:42<09:59,  4.11s/it]
 28%|██▊       | 55/200 [03:46<09:43,  4.02s/it]
 28%|██▊       | 56/200 [03:50<10:02,  4.18s/it]
 28%|██▊       | 57/200 [03:54<09:49,  4.12s/it]
 29%|██▉       | 58/200 [03:59<09:45,  4.13s/it]
 30%|██▉       | 59/200 [04:02<09:27,  4.03s/it]
 30%|███       | 60/200 [04:06<09:25,  4.04s/it]
 30%|███       | 61/200 [04:10<09:16,  4.00s/it]
 31%|███       | 62/200 [04:14<09:09,  3.98s/it]
 32%|███▏      | 63/200 [04:18<08:55,  3.91s/it]
 32%|███▏      | 64/200 [04:22<08:47,  3.88s/it]
 32%|███▎      | 65/200 [04:26<08:37,  3.84s/it]
 33%|███▎      | 66/200 [04:29<08:32,  3.83s/it]
 34%|███▎      | 67/200 [04:34<08:41,  3.92s/it]
 34%|███▍      | 68/200 [04:38<08:42,  3.96s/it]
 34%|███▍      | 69/200 [04:41<08:29,  3.89s/it]
 35%|███▌      | 70/200 [04:45<08:22,  3.87s/it]
 36%|███▌      | 71/200 [04:49<08:14,  3.83s/it]
 36%|███▌      | 72/200 [04:53<08:18,  3.90s/it]
 36%|███▋      | 73/200 [04:57<08:16,  3.91s/it]
 37%|███▋      | 74/200 [05:01<08:07,  3.87s/it]
 38%|███▊      | 75/200 [05:05<08:04,  3.88s/it]
 38%|███▊      | 76/200 [05:09<08:04,  3.91s/it]
 38%|███▊      | 77/200 [05:13<08:04,  3.94s/it]
 39%|███▉      | 78/200 [05:16<07:59,  3.93s/it]
 40%|███▉      | 79/200 [05:20<07:56,  3.94s/it]
 40%|████      | 80/200 [05:24<07:52,  3.94s/it]
 40%|████      | 81/200 [05:28<07:44,  3.90s/it]
 41%|████      | 82/200 [05:32<07:38,  3.88s/it]
 42%|████▏     | 83/200 [05:36<07:33,  3.88s/it]
 42%|████▏     | 84/200 [05:40<07:28,  3.86s/it]
 42%|████▎     | 85/200 [05:44<07:23,  3.86s/it]
 43%|████▎     | 86/200 [05:47<07:21,  3.87s/it]
 44%|████▎     | 87/200 [05:52<07:27,  3.96s/it]
 44%|████▍     | 88/200 [05:56<07:28,  4.01s/it]
 44%|████▍     | 89/200 [06:00<07:20,  3.97s/it]
 45%|████▌     | 90/200 [06:04<07:19,  4.00s/it]
 46%|████▌     | 91/200 [06:08<07:18,  4.03s/it]
 46%|████▌     | 92/200 [06:12<07:09,  3.98s/it]
 46%|████▋     | 93/200 [06:15<06:49,  3.83s/it]
 47%|████▋     | 94/200 [06:19<06:45,  3.83s/it]
 48%|████▊     | 95/200 [06:24<07:08,  4.08s/it]
 48%|████▊     | 96/200 [06:28<07:27,  4.30s/it]
 48%|████▊     | 97/200 [06:33<07:27,  4.35s/it]
 49%|████▉     | 98/200 [06:37<07:19,  4.31s/it]
 50%|████▉     | 99/200 [06:41<07:09,  4.25s/it]
 50%|█████     | 100/200 [06:45<06:58,  4.18s/it]
 50%|█████     | 101/200 [06:49<06:53,  4.17s/it]
 51%|█████     | 102/200 [06:53<06:39,  4.08s/it]
 52%|█████▏    | 103/200 [06:57<06:34,  4.07s/it]
 52%|█████▏    | 104/200 [07:01<06:19,  3.95s/it]
 52%|█████▎    | 105/200 [07:05<06:16,  3.97s/it]
 53%|█████▎    | 106/200 [07:09<06:16,  4.00s/it]
 54%|█████▎    | 107/200 [07:13<06:22,  4.11s/it]
 54%|█████▍    | 108/200 [07:18<06:19,  4.13s/it]
 55%|█████▍    | 109/200 [07:22<06:23,  4.22s/it]
 55%|█████▌    | 110/200 [07:26<06:15,  4.17s/it]
 56%|█████▌    | 111/200 [07:30<06:04,  4.09s/it]
 56%|█████▌    | 112/200 [07:34<05:57,  4.06s/it]
 56%|█████▋    | 113/200 [07:38<05:49,  4.02s/it]
 57%|█████▋    | 114/200 [07:42<05:46,  4.03s/it]
 57%|█████▊    | 115/200 [07:46<05:43,  4.04s/it]
 58%|█████▊    | 116/200 [07:50<05:38,  4.03s/it]
 58%|█████▊    | 117/200 [07:55<05:52,  4.25s/it]
 59%|█████▉    | 118/200 [07:59<05:57,  4.36s/it]
 60%|█████▉    | 119/200 [08:03<05:43,  4.24s/it]
 60%|██████    | 120/200 [08:07<05:35,  4.20s/it]
 60%|██████    | 121/200 [08:12<05:35,  4.25s/it]
 61%|██████    | 122/200 [08:16<05:27,  4.20s/it]
 62%|██████▏   | 123/200 [08:20<05:14,  4.09s/it]
 62%|██████▏   | 124/200 [08:24<05:09,  4.07s/it]
 62%|██████▎   | 125/200 [08:28<05:02,  4.04s/it]
 63%|██████▎   | 126/200 [08:32<04:59,  4.05s/it]
 64%|██████▎   | 127/200 [08:36<04:54,  4.04s/it]
 64%|██████▍   | 128/200 [08:40<04:55,  4.11s/it]
 64%|██████▍   | 129/200 [08:44<04:48,  4.07s/it]
 65%|██████▌   | 130/200 [08:49<04:56,  4.23s/it]
 66%|██████▌   | 131/200 [08:53<04:47,  4.16s/it]
 66%|██████▌   | 132/200 [08:57<04:38,  4.10s/it]
 66%|██████▋   | 133/200 [09:01<04:43,  4.24s/it]
 67%|██████▋   | 134/200 [09:06<04:48,  4.36s/it]
 68%|██████▊   | 135/200 [09:10<04:45,  4.39s/it]
 68%|██████▊   | 136/200 [09:14<04:37,  4.33s/it]
 68%|██████▊   | 137/200 [09:19<04:33,  4.34s/it]
 69%|██████▉   | 138/200 [09:23<04:21,  4.21s/it]
 70%|██████▉   | 139/200 [09:27<04:13,  4.16s/it]
 70%|███████   | 140/200 [09:30<04:00,  4.01s/it]
 70%|███████   | 141/200 [09:34<03:53,  3.95s/it]
 71%|███████   | 142/200 [09:38<03:48,  3.94s/it]
 72%|███████▏  | 143/200 [09:42<03:45,  3.95s/it]
 72%|███████▏  | 144/200 [09:46<03:39,  3.91s/it]
 72%|███████▎  | 145/200 [09:50<03:36,  3.94s/it]
 73%|███████▎  | 146/200 [09:54<03:29,  3.88s/it]
 74%|███████▎  | 147/200 [09:58<03:30,  3.98s/it]
 74%|███████▍  | 148/200 [10:02<03:24,  3.94s/it]
 74%|███████▍  | 149/200 [10:06<03:20,  3.94s/it]
 75%|███████▌  | 150/200 [10:10<03:18,  3.96s/it]
 76%|███████▌  | 151/200 [10:14<03:16,  4.01s/it]
 76%|███████▌  | 152/200 [10:18<03:07,  3.92s/it]
 76%|███████▋  | 153/200 [10:22<03:10,  4.05s/it]
 77%|███████▋  | 154/200 [10:26<03:05,  4.04s/it]
 78%|███████▊  | 155/200 [10:30<03:04,  4.10s/it]
 78%|███████▊  | 156/200 [10:34<02:58,  4.05s/it]
 78%|███████▊  | 157/200 [10:38<02:52,  4.00s/it]
 79%|███████▉  | 158/200 [10:42<02:51,  4.07s/it]
 80%|███████▉  | 159/200 [10:46<02:45,  4.03s/it]
 80%|████████  | 160/200 [10:50<02:39,  3.98s/it]
 80%|████████  | 161/200 [10:54<02:33,  3.94s/it]
 81%|████████  | 162/200 [10:58<02:27,  3.87s/it]
 82%|████████▏ | 163/200 [11:01<02:21,  3.83s/it]
 82%|████████▏ | 164/200 [11:05<02:16,  3.78s/it]
 82%|████████▎ | 165/200 [11:09<02:12,  3.79s/it]
 83%|████████▎ | 166/200 [11:13<02:11,  3.88s/it]
 84%|████████▎ | 167/200 [11:18<02:18,  4.21s/it]
 84%|████████▍ | 168/200 [11:22<02:17,  4.31s/it]
 84%|████████▍ | 169/200 [11:27<02:12,  4.29s/it]
 85%|████████▌ | 170/200 [11:31<02:06,  4.22s/it]
 86%|████████▌ | 171/200 [11:35<02:04,  4.29s/it]
 86%|████████▌ | 172/200 [11:39<01:57,  4.20s/it]
 86%|████████▋ | 173/200 [11:43<01:52,  4.15s/it]
 87%|████████▋ | 174/200 [11:47<01:43,  3.98s/it]
 88%|████████▊ | 175/200 [11:51<01:38,  3.95s/it]
 88%|████████▊ | 176/200 [11:54<01:33,  3.89s/it]
 88%|████████▊ | 177/200 [11:58<01:30,  3.93s/it]
 89%|████████▉ | 178/200 [12:02<01:26,  3.92s/it]
 90%|████████▉ | 179/200 [12:07<01:24,  4.03s/it]
 90%|█████████ | 180/200 [12:11<01:20,  4.04s/it]
 90%|█████████ | 181/200 [12:15<01:16,  4.02s/it]
 91%|█████████ | 182/200 [12:18<01:11,  3.96s/it]
 92%|█████████▏| 183/200 [12:22<01:06,  3.92s/it]
 92%|█████████▏| 184/200 [12:26<01:02,  3.91s/it]
 92%|█████████▎| 185/200 [12:30<00:57,  3.85s/it]
 93%|█████████▎| 186/200 [12:34<00:54,  3.86s/it]
 94%|█████████▎| 187/200 [12:38<00:50,  3.90s/it]
 94%|█████████▍| 188/200 [12:42<00:47,  3.93s/it]
 94%|█████████▍| 189/200 [12:46<00:43,  3.93s/it]
 95%|█████████▌| 190/200 [12:50<00:40,  4.06s/it]
 96%|█████████▌| 191/200 [12:54<00:35,  3.94s/it]
 96%|█████████▌| 192/200 [12:58<00:31,  3.88s/it]
 96%|█████████▋| 193/200 [13:01<00:27,  3.89s/it]
 97%|█████████▋| 194/200 [13:05<00:23,  3.87s/it]
 98%|█████████▊| 195/200 [13:09<00:19,  3.89s/it]
 98%|█████████▊| 196/200 [13:13<00:15,  3.85s/it]
 98%|█████████▊| 197/200 [13:17<00:11,  3.89s/it]
 99%|█████████▉| 198/200 [13:21<00:07,  3.99s/it]
100%|█████████▉| 199/200 [13:25<00:04,  4.09s/it]
100%|██████████| 200/200 [13:29<00:00,  3.97s/it]
                                                 
0
1
2
3
4
5
6
7
8
9
10
11
12
13
14
15
16
17
18
19
20
21
22
23
24
25
26
27
28
29
30
31
32
33
34
35
36
37
38
39
40
41
42
43
44
45
46
47
48
49
50
51
52
53
54
55
56
57
58
59
60
61
62
63
64
65
66
67
68
69
70
71
72
73
74
75
76
77
78
79
80
81
82
83
84
85
86
87
88
89
90
91
92
93
94
95
96
97
98
99
100
101
102
103
104
105
106
107
108
109
110
111
112
113
114
115
116
117
118
119
120
121
122
123
124
125
126
127
128
129
130
131
132
133
134
135
136
137
138
139
140
141
142
143
144
145
146
147
148
149
150
151
152
153
154
155
156
157
158
159
160
161
162
163
164
165
166
167
168
169
170
171
172
173
174
175
176
177
178
179
180
181
182
183
184
185
186
187
188
189
190
191
192
193
194
195
196
197
198
199
