 
Files to read: ['../pilot-cpjump1-data/profiles/2020_11_04_CPJUMP1/BR00116995/BR00116995_normalized_feature_select_negcon.csv.gz']
Files to read: ['../pilot-cpjump1-data/profiles/2020_11_04_CPJUMP1/BR00117024/BR00117024_normalized_feature_select_negcon.csv.gz']
Files to read: ['../pilot-cpjump1-data/profiles/2020_11_04_CPJUMP1/BR00117025/BR00117025_normalized_feature_select_negcon.csv.gz']
Files to read: ['../pilot-cpjump1-data/profiles/2020_11_04_CPJUMP1/BR00117026/BR00117026_normalized_feature_select_negcon.csv.gz']
Files to read: ['../pilot-cpjump1-data/profiles/2020_11_04_CPJUMP1/BR00116997/BR00116997_normalized_feature_select_negcon.csv.gz']
Files to read: ['../pilot-cpjump1-data/profiles/2020_11_04_CPJUMP1/BR00116998/BR00116998_normalized_feature_select_negcon.csv.gz']
Files to read: ['../pilot-cpjump1-data/profiles/2020_11_04_CPJUMP1/BR00116999/BR00116999_normalized_feature_select_negcon.csv.gz']
Files to read: ['../pilot-cpjump1-data/profiles/2020_11_04_CPJUMP1/BR00116996/BR00116996_normalized_feature_select_negcon.csv.gz']
Files to read: ['../pilot-cpjump1-data/profiles/2020_11_04_CPJUMP1/BR00117022/BR00117022_normalized_feature_select_negcon.csv.gz']
Files to read: ['../pilot-cpjump1-data/profiles/2020_11_04_CPJUMP1/BR00117023/BR00117023_normalized_feature_select_negcon.csv.gz']

  0%|          | 0/200 [00:00<?, ?it/s]
  0%|          | 1/200 [00:08<28:23,  8.56s/it]
  1%|          | 2/200 [00:13<21:25,  6.49s/it]
  2%|▏         | 3/200 [00:18<18:56,  5.77s/it]
  2%|▏         | 4/200 [00:24<18:39,  5.71s/it]
  2%|▎         | 5/200 [00:29<18:23,  5.66s/it]
  3%|▎         | 6/200 [00:34<17:25,  5.39s/it]
  4%|▎         | 7/200 [00:39<17:01,  5.29s/it]
  4%|▍         | 8/200 [00:45<17:30,  5.47s/it]
  4%|▍         | 9/200 [00:50<17:17,  5.43s/it]
  5%|▌         | 10/200 [00:55<16:53,  5.33s/it]
  6%|▌         | 11/200 [01:01<16:54,  5.37s/it]
  6%|▌         | 12/200 [01:06<16:25,  5.24s/it]
  6%|▋         | 13/200 [01:11<16:41,  5.35s/it]
  7%|▋         | 14/200 [01:17<16:50,  5.43s/it]
  8%|▊         | 15/200 [01:22<16:08,  5.24s/it]
  8%|▊         | 16/200 [01:27<15:47,  5.15s/it]
  8%|▊         | 17/200 [01:32<15:51,  5.20s/it]
  9%|▉         | 18/200 [01:37<15:34,  5.14s/it]
 10%|▉         | 19/200 [01:42<15:17,  5.07s/it]
 10%|█         | 20/200 [01:47<14:59,  5.00s/it]
 10%|█         | 21/200 [01:52<15:04,  5.05s/it]
 11%|█         | 22/200 [01:57<14:55,  5.03s/it]
 12%|█▏        | 23/200 [02:03<15:24,  5.22s/it]
 12%|█▏        | 24/200 [02:09<15:52,  5.41s/it]
 12%|█▎        | 25/200 [02:13<15:12,  5.21s/it]
 13%|█▎        | 26/200 [02:18<15:00,  5.18s/it]
 14%|█▎        | 27/200 [02:24<15:08,  5.25s/it]
 14%|█▍        | 28/200 [02:29<14:59,  5.23s/it]
 14%|█▍        | 29/200 [02:34<14:52,  5.22s/it]
 15%|█▌        | 30/200 [02:39<14:43,  5.19s/it]
 16%|█▌        | 31/200 [02:45<15:20,  5.45s/it]
 16%|█▌        | 32/200 [02:51<15:28,  5.53s/it]
 16%|█▋        | 33/200 [02:57<15:22,  5.52s/it]
 17%|█▋        | 34/200 [03:02<14:53,  5.38s/it]
 18%|█▊        | 35/200 [03:07<14:33,  5.29s/it]
 18%|█▊        | 36/200 [03:12<14:04,  5.15s/it]
 18%|█▊        | 37/200 [03:17<14:28,  5.33s/it]
 19%|█▉        | 38/200 [03:23<14:44,  5.46s/it]
 20%|█▉        | 39/200 [03:28<14:12,  5.29s/it]
 20%|██        | 40/200 [03:33<13:56,  5.23s/it]
 20%|██        | 41/200 [03:38<13:38,  5.14s/it]
 21%|██        | 42/200 [03:43<13:15,  5.04s/it]
 22%|██▏       | 43/200 [03:48<13:07,  5.02s/it]
 22%|██▏       | 44/200 [03:53<13:25,  5.17s/it]
 22%|██▎       | 45/200 [03:59<14:10,  5.49s/it]
 23%|██▎       | 46/200 [04:04<13:41,  5.33s/it]
 24%|██▎       | 47/200 [04:10<13:30,  5.29s/it]
 24%|██▍       | 48/200 [04:14<13:00,  5.13s/it]
 24%|██▍       | 49/200 [04:19<12:41,  5.05s/it]
 25%|██▌       | 50/200 [04:24<12:29,  5.00s/it]
 26%|██▌       | 51/200 [04:29<12:11,  4.91s/it]
 26%|██▌       | 52/200 [04:34<12:06,  4.91s/it]
 26%|██▋       | 53/200 [04:38<11:51,  4.84s/it]
 27%|██▋       | 54/200 [04:43<11:40,  4.80s/it]
 28%|██▊       | 55/200 [04:48<11:41,  4.84s/it]
 28%|██▊       | 56/200 [04:54<12:39,  5.27s/it]
 28%|██▊       | 57/200 [05:01<13:18,  5.58s/it]
 29%|██▉       | 58/200 [05:06<13:11,  5.57s/it]
 30%|██▉       | 59/200 [05:12<12:58,  5.52s/it]
 30%|███       | 60/200 [05:17<12:27,  5.34s/it]
 30%|███       | 61/200 [05:22<12:16,  5.30s/it]
 31%|███       | 62/200 [05:27<11:54,  5.18s/it]
 32%|███▏      | 63/200 [05:31<11:28,  5.02s/it]
 32%|███▏      | 64/200 [05:36<11:08,  4.91s/it]
 32%|███▎      | 65/200 [05:41<11:16,  5.01s/it]
 33%|███▎      | 66/200 [05:46<11:04,  4.96s/it]
 34%|███▎      | 67/200 [05:52<11:33,  5.21s/it]
 34%|███▍      | 68/200 [05:57<11:12,  5.09s/it]
 34%|███▍      | 69/200 [06:02<11:07,  5.10s/it]
 35%|███▌      | 70/200 [06:07<10:53,  5.02s/it]
 36%|███▌      | 71/200 [06:12<10:45,  5.01s/it]
 36%|███▌      | 72/200 [06:17<10:53,  5.11s/it]
 36%|███▋      | 73/200 [06:22<10:43,  5.07s/it]
 37%|███▋      | 74/200 [06:27<10:49,  5.16s/it]
 38%|███▊      | 75/200 [06:33<11:08,  5.35s/it]
 38%|███▊      | 76/200 [06:39<11:07,  5.39s/it]
 38%|███▊      | 77/200 [06:43<10:36,  5.17s/it]
 39%|███▉      | 78/200 [06:49<11:00,  5.42s/it]
 40%|███▉      | 79/200 [06:54<10:49,  5.37s/it]
 40%|████      | 80/200 [06:59<10:29,  5.24s/it]
 40%|████      | 81/200 [07:04<10:15,  5.17s/it]
 41%|████      | 82/200 [07:09<10:05,  5.13s/it]
 42%|████▏     | 83/200 [07:14<09:55,  5.09s/it]
 42%|████▏     | 84/200 [07:19<09:43,  5.03s/it]
 42%|████▎     | 85/200 [07:24<09:32,  4.98s/it]
 43%|████▎     | 86/200 [07:30<09:49,  5.17s/it]
 44%|████▎     | 87/200 [07:35<09:30,  5.05s/it]
 44%|████▍     | 88/200 [07:40<09:27,  5.07s/it]
 44%|████▍     | 89/200 [07:44<09:09,  4.95s/it]
 45%|████▌     | 90/200 [07:49<09:09,  5.00s/it]
 46%|████▌     | 91/200 [07:55<09:14,  5.09s/it]
 46%|████▌     | 92/200 [08:00<09:09,  5.09s/it]
 46%|████▋     | 93/200 [08:05<09:10,  5.15s/it]
 47%|████▋     | 94/200 [08:10<09:10,  5.19s/it]
 48%|████▊     | 95/200 [08:16<09:23,  5.37s/it]
 48%|████▊     | 96/200 [08:22<09:32,  5.50s/it]
 48%|████▊     | 97/200 [08:28<09:40,  5.64s/it]
 49%|████▉     | 98/200 [08:34<09:37,  5.66s/it]
 50%|████▉     | 99/200 [08:39<09:35,  5.70s/it]
 50%|█████     | 100/200 [08:45<09:12,  5.52s/it]
 50%|█████     | 101/200 [08:49<08:44,  5.30s/it]
 51%|█████     | 102/200 [08:54<08:32,  5.23s/it]
 52%|█████▏    | 103/200 [08:59<08:14,  5.10s/it]
 52%|█████▏    | 104/200 [09:05<08:16,  5.17s/it]
 52%|█████▎    | 105/200 [09:09<07:59,  5.04s/it]
 53%|█████▎    | 106/200 [09:14<07:55,  5.06s/it]
 54%|█████▎    | 107/200 [09:19<07:50,  5.05s/it]
 54%|█████▍    | 108/200 [09:24<07:39,  4.99s/it]
 55%|█████▍    | 109/200 [09:29<07:28,  4.93s/it]
 55%|█████▌    | 110/200 [09:34<07:24,  4.94s/it]
 56%|█████▌    | 111/200 [09:39<07:17,  4.92s/it]
 56%|█████▌    | 112/200 [09:44<07:18,  4.98s/it]
 56%|█████▋    | 113/200 [09:49<07:12,  4.97s/it]
 57%|█████▋    | 114/200 [09:54<07:04,  4.94s/it]
 57%|█████▊    | 115/200 [09:59<07:00,  4.94s/it]
 58%|█████▊    | 116/200 [10:04<07:07,  5.09s/it]
 58%|█████▊    | 117/200 [10:09<06:59,  5.06s/it]
 59%|█████▉    | 118/200 [10:14<06:55,  5.06s/it]
 60%|█████▉    | 119/200 [10:19<06:45,  5.01s/it]
 60%|██████    | 120/200 [10:24<06:42,  5.03s/it]
 60%|██████    | 121/200 [10:29<06:34,  4.99s/it]
 61%|██████    | 122/200 [10:34<06:29,  5.00s/it]
 62%|██████▏   | 123/200 [10:39<06:19,  4.93s/it]
 62%|██████▏   | 124/200 [10:44<06:13,  4.91s/it]
 62%|██████▎   | 125/200 [10:49<06:07,  4.90s/it]
 63%|██████▎   | 126/200 [10:54<06:01,  4.89s/it]
 64%|██████▎   | 127/200 [10:59<06:08,  5.05s/it]
 64%|██████▍   | 128/200 [11:05<06:23,  5.33s/it]
 64%|██████▍   | 129/200 [11:10<06:14,  5.27s/it]
 65%|██████▌   | 130/200 [11:15<06:09,  5.28s/it]
 66%|██████▌   | 131/200 [11:21<06:16,  5.46s/it]
 66%|██████▌   | 132/200 [11:27<06:15,  5.52s/it]
 66%|██████▋   | 133/200 [11:32<05:59,  5.37s/it]
 67%|██████▋   | 134/200 [11:37<05:48,  5.29s/it]
 68%|██████▊   | 135/200 [11:42<05:37,  5.20s/it]
 68%|██████▊   | 136/200 [11:48<05:38,  5.28s/it]
 68%|██████▊   | 137/200 [11:53<05:31,  5.27s/it]
 69%|██████▉   | 138/200 [11:58<05:21,  5.19s/it]
 70%|██████▉   | 139/200 [12:03<05:13,  5.14s/it]
 70%|███████   | 140/200 [12:08<05:07,  5.12s/it]
 70%|███████   | 141/200 [12:13<04:53,  4.98s/it]
 71%|███████   | 142/200 [12:18<04:57,  5.13s/it]
 72%|███████▏  | 143/200 [12:23<04:45,  5.01s/it]
 72%|███████▏  | 144/200 [12:28<04:37,  4.96s/it]
 72%|███████▎  | 145/200 [12:32<04:25,  4.83s/it]
 73%|███████▎  | 146/200 [12:37<04:22,  4.86s/it]
 74%|███████▎  | 147/200 [12:42<04:22,  4.95s/it]
 74%|███████▍  | 148/200 [12:47<04:18,  4.96s/it]
 74%|███████▍  | 149/200 [12:52<04:13,  4.97s/it]
 75%|███████▌  | 150/200 [12:57<04:08,  4.97s/it]
 76%|███████▌  | 151/200 [13:02<04:04,  4.98s/it]
 76%|███████▌  | 152/200 [13:07<03:58,  4.96s/it]
 76%|███████▋  | 153/200 [13:12<03:51,  4.93s/it]
 77%|███████▋  | 154/200 [13:17<03:51,  5.03s/it]
 78%|███████▊  | 155/200 [13:22<03:46,  5.02s/it]
 78%|███████▊  | 156/200 [13:27<03:42,  5.06s/it]
 78%|███████▊  | 157/200 [13:33<03:40,  5.14s/it]
 79%|███████▉  | 158/200 [13:38<03:37,  5.17s/it]
 80%|███████▉  | 159/200 [13:43<03:26,  5.04s/it]
 80%|████████  | 160/200 [13:48<03:20,  5.01s/it]
 80%|████████  | 161/200 [13:53<03:15,  5.02s/it]
 81%|████████  | 162/200 [13:58<03:12,  5.06s/it]
 82%|████████▏ | 163/200 [14:03<03:12,  5.21s/it]
 82%|████████▏ | 164/200 [14:08<03:06,  5.17s/it]
 82%|████████▎ | 165/200 [14:13<02:58,  5.09s/it]
 83%|████████▎ | 166/200 [14:19<02:56,  5.20s/it]
 84%|████████▎ | 167/200 [14:24<02:56,  5.36s/it]
 84%|████████▍ | 168/200 [14:30<02:48,  5.25s/it]
 84%|████████▍ | 169/200 [14:35<02:43,  5.27s/it]
 85%|████████▌ | 170/200 [14:40<02:36,  5.22s/it]
 86%|████████▌ | 171/200 [14:45<02:30,  5.19s/it]
 86%|████████▌ | 172/200 [14:50<02:23,  5.11s/it]
 86%|████████▋ | 173/200 [14:55<02:16,  5.04s/it]
 87%|████████▋ | 174/200 [15:00<02:11,  5.05s/it]
 88%|████████▊ | 175/200 [15:05<02:05,  5.02s/it]
 88%|████████▊ | 176/200 [15:10<02:02,  5.09s/it]
 88%|████████▊ | 177/200 [15:15<01:58,  5.15s/it]
 89%|████████▉ | 178/200 [15:21<01:52,  5.13s/it]
 90%|████████▉ | 179/200 [15:25<01:46,  5.09s/it]
 90%|█████████ | 180/200 [15:31<01:42,  5.11s/it]
 90%|█████████ | 181/200 [15:36<01:37,  5.11s/it]
 91%|█████████ | 182/200 [15:41<01:30,  5.03s/it]
 92%|█████████▏| 183/200 [15:46<01:27,  5.14s/it]
 92%|█████████▏| 184/200 [15:51<01:21,  5.08s/it]
 92%|█████████▎| 185/200 [15:56<01:17,  5.17s/it]
 93%|█████████▎| 186/200 [16:01<01:11,  5.14s/it]
 94%|█████████▎| 187/200 [16:06<01:06,  5.13s/it]
 94%|█████████▍| 188/200 [16:11<01:00,  5.05s/it]
 94%|█████████▍| 189/200 [16:16<00:55,  5.02s/it]
 95%|█████████▌| 190/200 [16:22<00:51,  5.10s/it]
 96%|█████████▌| 191/200 [16:27<00:45,  5.07s/it]
 96%|█████████▌| 192/200 [16:32<00:41,  5.17s/it]
 96%|█████████▋| 193/200 [16:38<00:37,  5.37s/it]
 97%|█████████▋| 194/200 [16:44<00:33,  5.59s/it]
 98%|█████████▊| 195/200 [16:49<00:27,  5.43s/it]
 98%|█████████▊| 196/200 [16:54<00:21,  5.44s/it]
 98%|█████████▊| 197/200 [16:59<00:15,  5.28s/it]
 99%|█████████▉| 198/200 [17:04<00:10,  5.10s/it]
100%|█████████▉| 199/200 [17:10<00:05,  5.24s/it]
100%|██████████| 200/200 [17:15<00:00,  5.23s/it]
                                                 
0
1
2
3
4
5
6
7
8
9
10
11
12
13
14
15
16
17
18
19
20
21
22
23
24
25
26
27
28
29
30
31
32
33
34
35
36
37
38
39
40
41
42
43
44
45
46
47
48
49
50
51
52
53
54
55
56
57
58
59
60
61
62
63
64
65
66
67
68
69
70
71
72
73
74
75
76
77
78
79
80
81
82
83
84
85
86
87
88
89
90
91
92
93
94
95
96
97
98
99
100
101
102
103
104
105
106
107
108
109
110
111
112
113
114
115
116
117
118
119
120
121
122
123
124
125
126
127
128
129
130
131
132
133
134
135
136
137
138
139
140
141
142
143
144
145
146
147
148
149
150
151
152
153
154
155
156
157
158
159
160
161
162
163
164
165
166
167
168
169
170
171
172
173
174
175
176
177
178
179
180
181
182
183
184
185
186
187
188
189
190
191
192
193
194
195
196
197
198
199
