 
Files to read: ['../pilot-cpjump1-data/profiles/2020_11_04_CPJUMP1/BR00116995/BR00116995_normalized_feature_select_negcon.csv.gz']
Files to read: ['../pilot-cpjump1-data/profiles/2020_11_04_CPJUMP1/BR00117024/BR00117024_normalized_feature_select_negcon.csv.gz']
Files to read: ['../pilot-cpjump1-data/profiles/2020_11_04_CPJUMP1/BR00117025/BR00117025_normalized_feature_select_negcon.csv.gz']
Files to read: ['../pilot-cpjump1-data/profiles/2020_11_04_CPJUMP1/BR00117026/BR00117026_normalized_feature_select_negcon.csv.gz']
Files to read: ['../pilot-cpjump1-data/profiles/2020_11_04_CPJUMP1/BR00116997/BR00116997_normalized_feature_select_negcon.csv.gz']
Files to read: ['../pilot-cpjump1-data/profiles/2020_11_04_CPJUMP1/BR00116998/BR00116998_normalized_feature_select_negcon.csv.gz']
Files to read: ['../pilot-cpjump1-data/profiles/2020_11_04_CPJUMP1/BR00116999/BR00116999_normalized_feature_select_negcon.csv.gz']
Files to read: ['../pilot-cpjump1-data/profiles/2020_11_04_CPJUMP1/BR00116996/BR00116996_normalized_feature_select_negcon.csv.gz']
Files to read: ['../pilot-cpjump1-data/profiles/2020_11_04_CPJUMP1/BR00117022/BR00117022_normalized_feature_select_negcon.csv.gz']
Files to read: ['../pilot-cpjump1-data/profiles/2020_11_04_CPJUMP1/BR00117023/BR00117023_normalized_feature_select_negcon.csv.gz']

  0%|          | 0/200 [00:00<?, ?it/s]
  0%|          | 1/200 [00:06<22:30,  6.79s/it]
  1%|          | 2/200 [00:10<16:34,  5.02s/it]
  2%|▏         | 3/200 [00:14<15:13,  4.64s/it]
  2%|▏         | 4/200 [00:18<14:14,  4.36s/it]
  2%|▎         | 5/200 [00:22<13:34,  4.18s/it]
  3%|▎         | 6/200 [00:26<12:57,  4.01s/it]
  4%|▎         | 7/200 [00:29<12:38,  3.93s/it]
  4%|▍         | 8/200 [00:33<12:30,  3.91s/it]
  4%|▍         | 9/200 [00:37<12:17,  3.86s/it]
  5%|▌         | 10/200 [00:41<12:10,  3.85s/it]
  6%|▌         | 11/200 [00:45<12:08,  3.85s/it]
  6%|▌         | 12/200 [00:49<12:03,  3.85s/it]
  6%|▋         | 13/200 [00:53<12:07,  3.89s/it]
  7%|▋         | 14/200 [00:56<11:57,  3.86s/it]
  8%|▊         | 15/200 [01:00<11:49,  3.84s/it]
  8%|▊         | 16/200 [01:04<11:54,  3.88s/it]
  8%|▊         | 17/200 [01:08<12:02,  3.95s/it]
  9%|▉         | 18/200 [01:12<11:50,  3.91s/it]
 10%|▉         | 19/200 [01:16<12:05,  4.01s/it]
 10%|█         | 20/200 [01:20<11:48,  3.94s/it]
 10%|█         | 21/200 [01:24<11:42,  3.93s/it]
 11%|█         | 22/200 [01:28<11:45,  3.96s/it]
 12%|█▏        | 23/200 [01:32<11:45,  3.98s/it]
 12%|█▏        | 24/200 [01:36<11:36,  3.96s/it]
 12%|█▎        | 25/200 [01:40<11:51,  4.06s/it]
 13%|█▎        | 26/200 [01:44<11:54,  4.11s/it]
 14%|█▎        | 27/200 [01:49<12:15,  4.25s/it]
 14%|█▍        | 28/200 [01:53<11:57,  4.17s/it]
 14%|█▍        | 29/200 [01:57<11:38,  4.08s/it]
 15%|█▌        | 30/200 [02:01<11:35,  4.09s/it]
 16%|█▌        | 31/200 [02:05<11:40,  4.14s/it]
 16%|█▌        | 32/200 [02:09<11:21,  4.05s/it]
 16%|█▋        | 33/200 [02:13<11:02,  3.97s/it]
 17%|█▋        | 34/200 [02:17<11:00,  3.98s/it]
 18%|█▊        | 35/200 [02:21<10:46,  3.92s/it]
 18%|█▊        | 36/200 [02:25<10:44,  3.93s/it]
 18%|█▊        | 37/200 [02:29<10:46,  3.97s/it]
 19%|█▉        | 38/200 [02:33<10:36,  3.93s/it]
 20%|█▉        | 39/200 [02:36<10:24,  3.88s/it]
 20%|██        | 40/200 [02:40<10:27,  3.92s/it]
 20%|██        | 41/200 [02:44<10:20,  3.90s/it]
 21%|██        | 42/200 [02:48<10:19,  3.92s/it]
 22%|██▏       | 43/200 [02:52<10:31,  4.02s/it]
 22%|██▏       | 44/200 [02:57<10:44,  4.13s/it]
 22%|██▎       | 45/200 [03:01<10:44,  4.16s/it]
 23%|██▎       | 46/200 [03:05<10:51,  4.23s/it]
 24%|██▎       | 47/200 [03:09<10:37,  4.16s/it]
 24%|██▍       | 48/200 [03:13<10:25,  4.11s/it]
 24%|██▍       | 49/200 [03:17<10:12,  4.06s/it]
 25%|██▌       | 50/200 [03:21<09:58,  3.99s/it]
 26%|██▌       | 51/200 [03:25<09:49,  3.96s/it]
 26%|██▌       | 52/200 [03:29<09:37,  3.90s/it]
 26%|██▋       | 53/200 [03:33<09:30,  3.88s/it]
 27%|██▋       | 54/200 [03:37<09:25,  3.87s/it]
 28%|██▊       | 55/200 [03:40<09:21,  3.87s/it]
 28%|██▊       | 56/200 [03:44<09:16,  3.87s/it]
 28%|██▊       | 57/200 [03:48<09:11,  3.86s/it]
 29%|██▉       | 58/200 [03:52<09:17,  3.93s/it]
 30%|██▉       | 59/200 [03:56<09:04,  3.86s/it]
 30%|███       | 60/200 [04:00<09:11,  3.94s/it]
 30%|███       | 61/200 [04:04<09:26,  4.07s/it]
 31%|███       | 62/200 [04:09<09:27,  4.11s/it]
 32%|███▏      | 63/200 [04:13<09:24,  4.12s/it]
 32%|███▏      | 64/200 [04:17<09:43,  4.29s/it]
 32%|███▎      | 65/200 [04:22<09:33,  4.25s/it]
 33%|███▎      | 66/200 [04:26<09:29,  4.25s/it]
 34%|███▎      | 67/200 [04:30<09:26,  4.26s/it]
 34%|███▍      | 68/200 [04:34<09:17,  4.22s/it]
 34%|███▍      | 69/200 [04:38<09:04,  4.16s/it]
 35%|███▌      | 70/200 [04:42<08:54,  4.11s/it]
 36%|███▌      | 71/200 [04:46<08:42,  4.05s/it]
 36%|███▌      | 72/200 [04:50<08:29,  3.98s/it]
 36%|███▋      | 73/200 [04:54<08:21,  3.95s/it]
 37%|███▋      | 74/200 [04:58<08:32,  4.06s/it]
 38%|███▊      | 75/200 [05:03<08:45,  4.20s/it]
 38%|███▊      | 76/200 [05:07<08:30,  4.12s/it]
 38%|███▊      | 77/200 [05:11<08:46,  4.28s/it]
 39%|███▉      | 78/200 [05:15<08:34,  4.22s/it]
 40%|███▉      | 79/200 [05:19<08:19,  4.13s/it]
 40%|████      | 80/200 [05:23<08:16,  4.14s/it]
 40%|████      | 81/200 [05:27<08:04,  4.07s/it]
 41%|████      | 82/200 [05:31<07:51,  4.00s/it]
 42%|████▏     | 83/200 [05:35<07:45,  3.98s/it]
 42%|████▏     | 84/200 [05:39<07:31,  3.89s/it]
 42%|████▎     | 85/200 [05:43<07:28,  3.90s/it]
 43%|████▎     | 86/200 [05:47<07:38,  4.02s/it]
 44%|████▎     | 87/200 [05:51<07:22,  3.92s/it]
 44%|████▍     | 88/200 [05:54<07:10,  3.85s/it]
 44%|████▍     | 89/200 [05:58<07:10,  3.88s/it]
 45%|████▌     | 90/200 [06:02<07:14,  3.95s/it]
 46%|████▌     | 91/200 [06:07<07:16,  4.01s/it]
 46%|████▌     | 92/200 [06:11<07:13,  4.01s/it]
 46%|████▋     | 93/200 [06:15<07:06,  3.98s/it]
 47%|████▋     | 94/200 [06:19<07:05,  4.01s/it]
 48%|████▊     | 95/200 [06:23<06:58,  3.98s/it]
 48%|████▊     | 96/200 [06:26<06:47,  3.92s/it]
 48%|████▊     | 97/200 [06:31<07:11,  4.19s/it]
 49%|████▉     | 98/200 [06:36<07:15,  4.27s/it]
 50%|████▉     | 99/200 [06:40<07:12,  4.29s/it]
 50%|█████     | 100/200 [06:45<07:23,  4.43s/it]
 50%|█████     | 101/200 [06:49<07:20,  4.45s/it]
 51%|█████     | 102/200 [06:53<07:11,  4.40s/it]
 52%|█████▏    | 103/200 [06:57<06:54,  4.28s/it]
 52%|█████▏    | 104/200 [07:02<06:50,  4.27s/it]
 52%|█████▎    | 105/200 [07:05<06:28,  4.09s/it]
 53%|█████▎    | 106/200 [07:09<06:16,  4.00s/it]
 54%|█████▎    | 107/200 [07:13<06:07,  3.95s/it]
 54%|█████▍    | 108/200 [07:17<06:10,  4.03s/it]
 55%|█████▍    | 109/200 [07:22<06:14,  4.12s/it]
 55%|█████▌    | 110/200 [07:26<06:29,  4.32s/it]
 56%|█████▌    | 111/200 [07:30<06:10,  4.16s/it]
 56%|█████▌    | 112/200 [07:34<05:59,  4.09s/it]
 56%|█████▋    | 113/200 [07:39<06:05,  4.21s/it]
 57%|█████▋    | 114/200 [07:43<06:09,  4.29s/it]
 57%|█████▊    | 115/200 [07:47<05:55,  4.18s/it]
 58%|█████▊    | 116/200 [07:51<05:52,  4.19s/it]
 58%|█████▊    | 117/200 [07:55<05:33,  4.02s/it]
 59%|█████▉    | 118/200 [07:59<05:24,  3.96s/it]
 60%|█████▉    | 119/200 [08:02<05:17,  3.92s/it]
 60%|██████    | 120/200 [08:06<05:10,  3.89s/it]
 60%|██████    | 121/200 [08:10<05:06,  3.88s/it]
 61%|██████    | 122/200 [08:14<05:10,  3.98s/it]
 62%|██████▏   | 123/200 [08:18<05:08,  4.01s/it]
 62%|██████▏   | 124/200 [08:23<05:08,  4.05s/it]
 62%|██████▎   | 125/200 [08:26<04:58,  3.99s/it]
 63%|██████▎   | 126/200 [08:31<05:02,  4.09s/it]
 64%|██████▎   | 127/200 [08:35<05:00,  4.12s/it]
 64%|██████▍   | 128/200 [08:39<04:59,  4.17s/it]
 64%|██████▍   | 129/200 [08:43<04:45,  4.01s/it]
 65%|██████▌   | 130/200 [08:47<04:39,  3.99s/it]
 66%|██████▌   | 131/200 [08:51<04:31,  3.94s/it]
 66%|██████▌   | 132/200 [08:54<04:27,  3.93s/it]
 66%|██████▋   | 133/200 [08:58<04:21,  3.91s/it]
 67%|██████▋   | 134/200 [09:02<04:17,  3.91s/it]
 68%|██████▊   | 135/200 [09:06<04:17,  3.95s/it]
 68%|██████▊   | 136/200 [09:10<04:15,  3.99s/it]
 68%|██████▊   | 137/200 [09:15<04:15,  4.05s/it]
 69%|██████▉   | 138/200 [09:19<04:09,  4.03s/it]
 70%|██████▉   | 139/200 [09:22<04:01,  3.96s/it]
 70%|███████   | 140/200 [09:26<03:56,  3.94s/it]
 70%|███████   | 141/200 [09:30<03:52,  3.94s/it]
 71%|███████   | 142/200 [09:35<04:03,  4.19s/it]
 72%|███████▏  | 143/200 [09:40<04:09,  4.37s/it]
 72%|███████▏  | 144/200 [09:44<04:02,  4.34s/it]
 72%|███████▎  | 145/200 [09:48<03:55,  4.27s/it]
 73%|███████▎  | 146/200 [09:52<03:51,  4.29s/it]
 74%|███████▎  | 147/200 [09:57<03:47,  4.29s/it]
 74%|███████▍  | 148/200 [10:01<03:40,  4.24s/it]
 74%|███████▍  | 149/200 [10:05<03:39,  4.30s/it]
 75%|███████▌  | 150/200 [10:10<03:35,  4.30s/it]
 76%|███████▌  | 151/200 [10:14<03:27,  4.23s/it]
 76%|███████▌  | 152/200 [10:18<03:21,  4.19s/it]
 76%|███████▋  | 153/200 [10:22<03:14,  4.13s/it]
 77%|███████▋  | 154/200 [10:26<03:10,  4.13s/it]
 78%|███████▊  | 155/200 [10:30<03:04,  4.10s/it]
 78%|███████▊  | 156/200 [10:34<03:02,  4.14s/it]
 78%|███████▊  | 157/200 [10:39<03:07,  4.37s/it]
 79%|███████▉  | 158/200 [10:43<03:03,  4.37s/it]
 80%|███████▉  | 159/200 [10:47<02:54,  4.25s/it]
 80%|████████  | 160/200 [10:52<02:49,  4.25s/it]
 80%|████████  | 161/200 [10:56<02:41,  4.14s/it]
 81%|████████  | 162/200 [10:59<02:34,  4.06s/it]
 82%|████████▏ | 163/200 [11:03<02:29,  4.05s/it]
 82%|████████▏ | 164/200 [11:08<02:26,  4.07s/it]
 82%|████████▎ | 165/200 [11:12<02:22,  4.07s/it]
 83%|████████▎ | 166/200 [11:16<02:22,  4.20s/it]
 84%|████████▎ | 167/200 [11:20<02:16,  4.13s/it]
 84%|████████▍ | 168/200 [11:24<02:06,  3.97s/it]
 84%|████████▍ | 169/200 [11:27<02:01,  3.91s/it]
 85%|████████▌ | 170/200 [11:31<01:57,  3.93s/it]
 86%|████████▌ | 171/200 [11:35<01:53,  3.92s/it]
 86%|████████▌ | 172/200 [11:39<01:50,  3.93s/it]
 86%|████████▋ | 173/200 [11:43<01:45,  3.89s/it]
 87%|████████▋ | 174/200 [11:47<01:38,  3.79s/it]
 88%|████████▊ | 175/200 [11:50<01:35,  3.80s/it]
 88%|████████▊ | 176/200 [11:55<01:33,  3.91s/it]
 88%|████████▊ | 177/200 [11:59<01:29,  3.91s/it]
 89%|████████▉ | 178/200 [12:02<01:25,  3.89s/it]
 90%|████████▉ | 179/200 [12:06<01:21,  3.87s/it]
 90%|█████████ | 180/200 [12:11<01:22,  4.11s/it]
 90%|█████████ | 181/200 [12:16<01:21,  4.29s/it]
 91%|█████████ | 182/200 [12:20<01:17,  4.32s/it]
 92%|█████████▏| 183/200 [12:24<01:12,  4.27s/it]
 92%|█████████▏| 184/200 [12:28<01:08,  4.25s/it]
 92%|█████████▎| 185/200 [12:32<01:02,  4.17s/it]
 93%|█████████▎| 186/200 [12:37<00:59,  4.26s/it]
 94%|█████████▎| 187/200 [12:41<00:54,  4.22s/it]
 94%|█████████▍| 188/200 [12:45<00:50,  4.19s/it]
 94%|█████████▍| 189/200 [12:49<00:44,  4.04s/it]
 95%|█████████▌| 190/200 [12:53<00:40,  4.02s/it]
 96%|█████████▌| 191/200 [12:57<00:36,  4.09s/it]
 96%|█████████▌| 192/200 [13:01<00:32,  4.06s/it]
 96%|█████████▋| 193/200 [13:05<00:28,  4.01s/it]
 97%|█████████▋| 194/200 [13:09<00:24,  4.02s/it]
 98%|█████████▊| 195/200 [13:13<00:20,  4.05s/it]
 98%|█████████▊| 196/200 [13:17<00:15,  3.98s/it]
 98%|█████████▊| 197/200 [13:21<00:11,  3.95s/it]
 99%|█████████▉| 198/200 [13:25<00:07,  3.96s/it]
100%|█████████▉| 199/200 [13:29<00:03,  3.92s/it]
100%|██████████| 200/200 [13:33<00:00,  4.01s/it]
                                                 
0
1
2
3
4
5
6
7
8
9
10
11
12
13
14
15
16
17
18
19
20
21
22
23
24
25
26
27
28
29
30
31
32
33
34
35
36
37
38
39
40
41
42
43
44
45
46
47
48
49
50
51
52
53
54
55
56
57
58
59
60
61
62
63
64
65
66
67
68
69
70
71
72
73
74
75
76
77
78
79
80
81
82
83
84
85
86
87
88
89
90
91
92
93
94
95
96
97
98
99
100
101
102
103
104
105
106
107
108
109
110
111
112
113
114
115
116
117
118
119
120
121
122
123
124
125
126
127
128
129
130
131
132
133
134
135
136
137
138
139
140
141
142
143
144
145
146
147
148
149
150
151
152
153
154
155
156
157
158
159
160
161
162
163
164
165
166
167
168
169
170
171
172
173
174
175
176
177
178
179
180
181
182
183
184
185
186
187
188
189
190
191
192
193
194
195
196
197
198
199
