 
Files to read: ['../pilot-cpjump1-data/profiles/2020_11_04_CPJUMP1/BR00116995/BR00116995_normalized_feature_select_negcon.csv.gz']
Files to read: ['../pilot-cpjump1-data/profiles/2020_11_04_CPJUMP1/BR00117024/BR00117024_normalized_feature_select_negcon.csv.gz']
Files to read: ['../pilot-cpjump1-data/profiles/2020_11_04_CPJUMP1/BR00117025/BR00117025_normalized_feature_select_negcon.csv.gz']
Files to read: ['../pilot-cpjump1-data/profiles/2020_11_04_CPJUMP1/BR00117026/BR00117026_normalized_feature_select_negcon.csv.gz']
Files to read: ['../pilot-cpjump1-data/profiles/2020_11_04_CPJUMP1/BR00116997/BR00116997_normalized_feature_select_negcon.csv.gz']
Files to read: ['../pilot-cpjump1-data/profiles/2020_11_04_CPJUMP1/BR00116998/BR00116998_normalized_feature_select_negcon.csv.gz']
Files to read: ['../pilot-cpjump1-data/profiles/2020_11_04_CPJUMP1/BR00116999/BR00116999_normalized_feature_select_negcon.csv.gz']
Files to read: ['../pilot-cpjump1-data/profiles/2020_11_04_CPJUMP1/BR00116996/BR00116996_normalized_feature_select_negcon.csv.gz']
Files to read: ['../pilot-cpjump1-data/profiles/2020_11_04_CPJUMP1/BR00117022/BR00117022_normalized_feature_select_negcon.csv.gz']
Files to read: ['../pilot-cpjump1-data/profiles/2020_11_04_CPJUMP1/BR00117023/BR00117023_normalized_feature_select_negcon.csv.gz']

  0%|          | 0/200 [00:00<?, ?it/s]
  0%|          | 1/200 [00:05<17:04,  5.15s/it]
  1%|          | 2/200 [00:09<15:13,  4.61s/it]
  2%|▏         | 3/200 [00:13<14:21,  4.37s/it]
  2%|▏         | 4/200 [00:17<14:09,  4.33s/it]
  2%|▎         | 5/200 [00:21<13:46,  4.24s/it]
  3%|▎         | 6/200 [00:25<13:28,  4.17s/it]
  4%|▎         | 7/200 [00:29<13:16,  4.12s/it]
  4%|▍         | 8/200 [00:34<13:31,  4.22s/it]
  4%|▍         | 9/200 [00:38<13:14,  4.16s/it]
  5%|▌         | 10/200 [00:42<12:54,  4.08s/it]
  6%|▌         | 11/200 [00:46<12:56,  4.11s/it]
  6%|▌         | 12/200 [00:50<13:19,  4.25s/it]
  6%|▋         | 13/200 [00:55<13:13,  4.24s/it]
  7%|▋         | 14/200 [00:59<12:57,  4.18s/it]
  8%|▊         | 15/200 [01:03<12:43,  4.13s/it]
  8%|▊         | 16/200 [01:07<12:40,  4.13s/it]
  8%|▊         | 17/200 [01:11<12:23,  4.06s/it]
  9%|▉         | 18/200 [01:15<12:18,  4.06s/it]
 10%|▉         | 19/200 [01:19<12:23,  4.11s/it]
 10%|█         | 20/200 [01:23<12:15,  4.08s/it]
 10%|█         | 21/200 [01:27<12:26,  4.17s/it]
 11%|█         | 22/200 [01:31<11:59,  4.04s/it]
 12%|█▏        | 23/200 [01:35<11:54,  4.04s/it]
 12%|█▏        | 24/200 [01:39<11:48,  4.02s/it]
 12%|█▎        | 25/200 [01:43<11:37,  3.98s/it]
 13%|█▎        | 26/200 [01:47<11:20,  3.91s/it]
 14%|█▎        | 27/200 [01:51<11:18,  3.92s/it]
 14%|█▍        | 28/200 [01:55<11:13,  3.91s/it]
 14%|█▍        | 29/200 [01:59<11:11,  3.93s/it]
 15%|█▌        | 30/200 [02:03<11:06,  3.92s/it]
 16%|█▌        | 31/200 [02:07<11:09,  3.96s/it]
 16%|█▌        | 32/200 [02:11<11:06,  3.97s/it]
 16%|█▋        | 33/200 [02:15<11:02,  3.97s/it]
 17%|█▋        | 34/200 [02:19<11:25,  4.13s/it]
 18%|█▊        | 35/200 [02:23<11:13,  4.08s/it]
 18%|█▊        | 36/200 [02:28<11:36,  4.25s/it]
 18%|█▊        | 37/200 [02:32<11:57,  4.40s/it]
 19%|█▉        | 38/200 [02:36<11:35,  4.29s/it]
 20%|█▉        | 39/200 [02:40<11:10,  4.17s/it]
 20%|██        | 40/200 [02:44<10:57,  4.11s/it]
 20%|██        | 41/200 [02:48<10:49,  4.08s/it]
 21%|██        | 42/200 [02:52<10:36,  4.03s/it]
 22%|██▏       | 43/200 [02:56<10:19,  3.94s/it]
 22%|██▏       | 44/200 [03:00<09:59,  3.84s/it]
 22%|██▎       | 45/200 [03:03<09:47,  3.79s/it]
 23%|██▎       | 46/200 [03:07<09:37,  3.75s/it]
 24%|██▎       | 47/200 [03:11<09:39,  3.79s/it]
 24%|██▍       | 48/200 [03:15<09:45,  3.85s/it]
 24%|██▍       | 49/200 [03:19<10:00,  3.98s/it]
 25%|██▌       | 50/200 [03:23<10:11,  4.08s/it]
 26%|██▌       | 51/200 [03:27<09:58,  4.02s/it]
 26%|██▌       | 52/200 [03:31<09:51,  4.00s/it]
 26%|██▋       | 53/200 [03:35<09:54,  4.05s/it]
 27%|██▋       | 54/200 [03:39<09:46,  4.02s/it]
 28%|██▊       | 55/200 [03:43<09:44,  4.03s/it]
 28%|██▊       | 56/200 [03:47<09:36,  4.00s/it]
 28%|██▊       | 57/200 [03:51<09:21,  3.92s/it]
 29%|██▉       | 58/200 [03:55<09:21,  3.95s/it]
 30%|██▉       | 59/200 [03:59<09:23,  3.99s/it]
 30%|███       | 60/200 [04:03<09:18,  3.99s/it]
 30%|███       | 61/200 [04:07<09:04,  3.91s/it]
 31%|███       | 62/200 [04:11<08:57,  3.89s/it]
 32%|███▏      | 63/200 [04:15<09:00,  3.95s/it]
 32%|███▏      | 64/200 [04:19<09:05,  4.01s/it]
 32%|███▎      | 65/200 [04:23<09:04,  4.03s/it]
 33%|███▎      | 66/200 [04:27<08:52,  3.97s/it]
 34%|███▎      | 67/200 [04:31<08:43,  3.93s/it]
 34%|███▍      | 68/200 [04:35<08:37,  3.92s/it]
 34%|███▍      | 69/200 [04:39<08:42,  3.99s/it]
 35%|███▌      | 70/200 [04:43<08:36,  3.98s/it]
 36%|███▌      | 71/200 [04:47<08:40,  4.03s/it]
 36%|███▌      | 72/200 [04:51<08:24,  3.94s/it]
 36%|███▋      | 73/200 [04:55<08:21,  3.95s/it]
 37%|███▋      | 74/200 [04:59<08:35,  4.09s/it]
 38%|███▊      | 75/200 [05:03<08:23,  4.03s/it]
 38%|███▊      | 76/200 [05:08<08:58,  4.34s/it]
 38%|███▊      | 77/200 [05:13<09:12,  4.50s/it]
 39%|███▉      | 78/200 [05:17<09:04,  4.47s/it]
 40%|███▉      | 79/200 [05:21<08:45,  4.34s/it]
 40%|████      | 80/200 [05:25<08:18,  4.16s/it]
 40%|████      | 81/200 [05:29<07:55,  3.99s/it]
 41%|████      | 82/200 [05:32<07:44,  3.94s/it]
 42%|████▏     | 83/200 [05:36<07:44,  3.97s/it]
 42%|████▏     | 84/200 [05:41<07:50,  4.05s/it]
 42%|████▎     | 85/200 [05:45<08:07,  4.24s/it]
 43%|████▎     | 86/200 [05:49<07:58,  4.20s/it]
 44%|████▎     | 87/200 [05:54<07:55,  4.20s/it]
 44%|████▍     | 88/200 [05:58<07:38,  4.09s/it]
 44%|████▍     | 89/200 [06:01<07:28,  4.04s/it]
 45%|████▌     | 90/200 [06:05<07:20,  4.01s/it]
 46%|████▌     | 91/200 [06:09<07:11,  3.96s/it]
 46%|████▌     | 92/200 [06:13<07:00,  3.90s/it]
 46%|████▋     | 93/200 [06:17<06:53,  3.86s/it]
 47%|████▋     | 94/200 [06:22<07:19,  4.14s/it]
 48%|████▊     | 95/200 [06:26<07:20,  4.20s/it]
 48%|████▊     | 96/200 [06:29<06:58,  4.02s/it]
 48%|████▊     | 97/200 [06:33<06:52,  4.00s/it]
 49%|████▉     | 98/200 [06:38<06:52,  4.04s/it]
 50%|████▉     | 99/200 [06:41<06:44,  4.00s/it]
 50%|█████     | 100/200 [06:45<06:40,  4.01s/it]
 50%|█████     | 101/200 [06:49<06:34,  3.99s/it]
 51%|█████     | 102/200 [06:54<06:53,  4.22s/it]
 52%|█████▏    | 103/200 [06:58<06:42,  4.15s/it]
 52%|█████▏    | 104/200 [07:02<06:23,  3.99s/it]
 52%|█████▎    | 105/200 [07:06<06:21,  4.02s/it]
 53%|█████▎    | 106/200 [07:10<06:13,  3.97s/it]
 54%|█████▎    | 107/200 [07:14<06:12,  4.01s/it]
 54%|█████▍    | 108/200 [07:18<06:23,  4.16s/it]
 55%|█████▍    | 109/200 [07:22<06:17,  4.15s/it]
 55%|█████▌    | 110/200 [07:26<06:03,  4.04s/it]
 56%|█████▌    | 111/200 [07:30<05:57,  4.02s/it]
 56%|█████▌    | 112/200 [07:34<05:55,  4.04s/it]
 56%|█████▋    | 113/200 [07:38<05:52,  4.05s/it]
 57%|█████▋    | 114/200 [07:42<05:44,  4.00s/it]
 57%|█████▊    | 115/200 [07:46<05:42,  4.02s/it]
 58%|█████▊    | 116/200 [07:51<05:43,  4.09s/it]
 58%|█████▊    | 117/200 [07:54<05:31,  4.00s/it]
 59%|█████▉    | 118/200 [07:58<05:27,  4.00s/it]
 60%|█████▉    | 119/200 [08:02<05:26,  4.03s/it]
 60%|██████    | 120/200 [08:06<05:21,  4.02s/it]
 60%|██████    | 121/200 [08:10<05:16,  4.01s/it]
 61%|██████    | 122/200 [08:14<05:12,  4.01s/it]
 62%|██████▏   | 123/200 [08:19<05:14,  4.09s/it]
 62%|██████▏   | 124/200 [08:23<05:06,  4.04s/it]
 62%|██████▎   | 125/200 [08:27<05:02,  4.04s/it]
 63%|██████▎   | 126/200 [08:31<04:59,  4.05s/it]
 64%|██████▎   | 127/200 [08:35<04:52,  4.00s/it]
 64%|██████▍   | 128/200 [08:39<04:57,  4.13s/it]
 64%|██████▍   | 129/200 [08:43<04:55,  4.17s/it]
 65%|██████▌   | 130/200 [08:47<04:45,  4.08s/it]
 66%|██████▌   | 131/200 [08:51<04:43,  4.10s/it]
 66%|██████▌   | 132/200 [08:55<04:32,  4.01s/it]
 66%|██████▋   | 133/200 [08:59<04:28,  4.01s/it]
 67%|██████▋   | 134/200 [09:03<04:22,  3.98s/it]
 68%|██████▊   | 135/200 [09:07<04:19,  3.99s/it]
 68%|██████▊   | 136/200 [09:12<04:31,  4.25s/it]
 68%|██████▊   | 137/200 [09:16<04:26,  4.22s/it]
 69%|██████▉   | 138/200 [09:20<04:15,  4.12s/it]
 70%|██████▉   | 139/200 [09:24<04:08,  4.08s/it]
 70%|███████   | 140/200 [09:28<04:01,  4.03s/it]
 70%|███████   | 141/200 [09:32<03:55,  3.99s/it]
 71%|███████   | 142/200 [09:36<03:47,  3.93s/it]
 72%|███████▏  | 143/200 [09:40<03:44,  3.94s/it]
 72%|███████▏  | 144/200 [09:43<03:39,  3.91s/it]
 72%|███████▎  | 145/200 [09:47<03:35,  3.93s/it]
 73%|███████▎  | 146/200 [09:51<03:33,  3.95s/it]
 74%|███████▎  | 147/200 [09:55<03:28,  3.94s/it]
 74%|███████▍  | 148/200 [09:59<03:24,  3.93s/it]
 74%|███████▍  | 149/200 [10:03<03:17,  3.87s/it]
 75%|███████▌  | 150/200 [10:07<03:10,  3.81s/it]
 76%|███████▌  | 151/200 [10:10<03:07,  3.82s/it]
 76%|███████▌  | 152/200 [10:14<03:05,  3.86s/it]
 76%|███████▋  | 153/200 [10:19<03:05,  3.95s/it]
 77%|███████▋  | 154/200 [10:22<02:58,  3.89s/it]
 78%|███████▊  | 155/200 [10:26<02:55,  3.91s/it]
 78%|███████▊  | 156/200 [10:30<02:49,  3.86s/it]
 78%|███████▊  | 157/200 [10:34<02:44,  3.83s/it]
 79%|███████▉  | 158/200 [10:38<02:40,  3.81s/it]
 80%|███████▉  | 159/200 [10:42<02:39,  3.88s/it]
 80%|████████  | 160/200 [10:45<02:33,  3.85s/it]
 80%|████████  | 161/200 [10:49<02:32,  3.91s/it]
 81%|████████  | 162/200 [10:54<02:37,  4.15s/it]
 82%|████████▏ | 163/200 [10:59<02:41,  4.35s/it]
 82%|████████▏ | 164/200 [11:03<02:34,  4.30s/it]
 82%|████████▎ | 165/200 [11:07<02:26,  4.19s/it]
 83%|████████▎ | 166/200 [11:11<02:19,  4.11s/it]
 84%|████████▎ | 167/200 [11:15<02:15,  4.09s/it]
 84%|████████▍ | 168/200 [11:19<02:09,  4.06s/it]
 84%|████████▍ | 169/200 [11:23<02:07,  4.10s/it]
 85%|████████▌ | 170/200 [11:27<02:02,  4.08s/it]
 86%|████████▌ | 171/200 [11:31<01:57,  4.05s/it]
 86%|████████▌ | 172/200 [11:35<01:51,  3.97s/it]
 86%|████████▋ | 173/200 [11:39<01:48,  4.01s/it]
 87%|████████▋ | 174/200 [11:43<01:47,  4.12s/it]
 88%|████████▊ | 175/200 [11:48<01:44,  4.17s/it]
 88%|████████▊ | 176/200 [11:52<01:37,  4.07s/it]
 88%|████████▊ | 177/200 [11:55<01:31,  3.99s/it]
 89%|████████▉ | 178/200 [11:59<01:26,  3.95s/it]
 90%|████████▉ | 179/200 [12:03<01:22,  3.92s/it]
 90%|█████████ | 180/200 [12:07<01:16,  3.84s/it]
 90%|█████████ | 181/200 [12:11<01:12,  3.84s/it]
 91%|█████████ | 182/200 [12:14<01:08,  3.82s/it]
 92%|█████████▏| 183/200 [12:18<01:04,  3.82s/it]
 92%|█████████▏| 184/200 [12:22<01:01,  3.82s/it]
 92%|█████████▎| 185/200 [12:26<00:58,  3.87s/it]
 93%|█████████▎| 186/200 [12:30<00:55,  3.98s/it]
 94%|█████████▎| 187/200 [12:34<00:51,  3.99s/it]
 94%|█████████▍| 188/200 [12:38<00:46,  3.89s/it]
 94%|█████████▍| 189/200 [12:42<00:43,  3.92s/it]
 95%|█████████▌| 190/200 [12:46<00:40,  4.02s/it]
 96%|█████████▌| 191/200 [12:50<00:35,  3.98s/it]
 96%|█████████▌| 192/200 [12:54<00:31,  3.93s/it]
 96%|█████████▋| 193/200 [12:58<00:27,  3.93s/it]
 97%|█████████▋| 194/200 [13:02<00:23,  3.93s/it]
 98%|█████████▊| 195/200 [13:05<00:19,  3.88s/it]
 98%|█████████▊| 196/200 [13:09<00:15,  3.89s/it]
 98%|█████████▊| 197/200 [13:13<00:11,  3.88s/it]
 99%|█████████▉| 198/200 [13:17<00:07,  3.92s/it]
100%|█████████▉| 199/200 [13:21<00:03,  3.88s/it]
100%|██████████| 200/200 [13:25<00:00,  3.96s/it]
                                                 
0
1
2
3
4
5
6
7
8
9
10
11
12
13
14
15
16
17
18
19
20
21
22
23
24
25
26
27
28
29
30
31
32
33
34
35
36
37
38
39
40
41
42
43
44
45
46
47
48
49
50
51
52
53
54
55
56
57
58
59
60
61
62
63
64
65
66
67
68
69
70
71
72
73
74
75
76
77
78
79
80
81
82
83
84
85
86
87
88
89
90
91
92
93
94
95
96
97
98
99
100
101
102
103
104
105
106
107
108
109
110
111
112
113
114
115
116
117
118
119
120
121
122
123
124
125
126
127
128
129
130
131
132
133
134
135
136
137
138
139
140
141
142
143
144
145
146
147
148
149
150
151
152
153
154
155
156
157
158
159
160
161
162
163
164
165
166
167
168
169
170
171
172
173
174
175
176
177
178
179
180
181
182
183
184
185
186
187
188
189
190
191
192
193
194
195
196
197
198
199
