 
Files to read: ['../pilot-cpjump1-data/profiles/2020_11_04_CPJUMP1/BR00116995/BR00116995_normalized_feature_select_negcon.csv.gz']
Files to read: ['../pilot-cpjump1-data/profiles/2020_11_04_CPJUMP1/BR00117024/BR00117024_normalized_feature_select_negcon.csv.gz']
Files to read: ['../pilot-cpjump1-data/profiles/2020_11_04_CPJUMP1/BR00117025/BR00117025_normalized_feature_select_negcon.csv.gz']
Files to read: ['../pilot-cpjump1-data/profiles/2020_11_04_CPJUMP1/BR00117026/BR00117026_normalized_feature_select_negcon.csv.gz']
Files to read: ['../pilot-cpjump1-data/profiles/2020_11_04_CPJUMP1/BR00116997/BR00116997_normalized_feature_select_negcon.csv.gz']
Files to read: ['../pilot-cpjump1-data/profiles/2020_11_04_CPJUMP1/BR00116998/BR00116998_normalized_feature_select_negcon.csv.gz']
Files to read: ['../pilot-cpjump1-data/profiles/2020_11_04_CPJUMP1/BR00116999/BR00116999_normalized_feature_select_negcon.csv.gz']
Files to read: ['../pilot-cpjump1-data/profiles/2020_11_04_CPJUMP1/BR00116996/BR00116996_normalized_feature_select_negcon.csv.gz']
Files to read: ['../pilot-cpjump1-data/profiles/2020_11_04_CPJUMP1/BR00117022/BR00117022_normalized_feature_select_negcon.csv.gz']
Files to read: ['../pilot-cpjump1-data/profiles/2020_11_04_CPJUMP1/BR00117023/BR00117023_normalized_feature_select_negcon.csv.gz']

  0%|          | 0/200 [00:00<?, ?it/s]
  0%|          | 1/200 [00:06<22:54,  6.91s/it]
  1%|          | 2/200 [00:11<17:42,  5.37s/it]
  2%|▏         | 3/200 [00:15<15:31,  4.73s/it]
  2%|▏         | 4/200 [00:19<14:19,  4.39s/it]
  2%|▎         | 5/200 [00:23<14:36,  4.49s/it]
  3%|▎         | 6/200 [00:28<15:11,  4.70s/it]
  4%|▎         | 7/200 [00:32<14:25,  4.49s/it]
  4%|▍         | 8/200 [00:36<13:42,  4.29s/it]
  4%|▍         | 9/200 [00:40<13:29,  4.24s/it]
  5%|▌         | 10/200 [00:44<13:12,  4.17s/it]
  6%|▌         | 11/200 [00:48<12:53,  4.09s/it]
  6%|▌         | 12/200 [00:52<12:30,  3.99s/it]
  6%|▋         | 13/200 [00:56<12:35,  4.04s/it]
  7%|▋         | 14/200 [01:00<12:36,  4.07s/it]
  8%|▊         | 15/200 [01:05<13:11,  4.28s/it]
  8%|▊         | 16/200 [01:09<13:07,  4.28s/it]
  8%|▊         | 17/200 [01:13<12:44,  4.18s/it]
  9%|▉         | 18/200 [01:18<12:53,  4.25s/it]
 10%|▉         | 19/200 [01:22<12:32,  4.16s/it]
 10%|█         | 20/200 [01:26<12:14,  4.08s/it]
 10%|█         | 21/200 [01:30<12:14,  4.10s/it]
 11%|█         | 22/200 [01:34<12:06,  4.08s/it]
 12%|█▏        | 23/200 [01:38<11:57,  4.05s/it]
 12%|█▏        | 24/200 [01:42<11:47,  4.02s/it]
 12%|█▎        | 25/200 [01:46<12:06,  4.15s/it]
 13%|█▎        | 26/200 [01:50<11:57,  4.12s/it]
 14%|█▎        | 27/200 [01:55<12:03,  4.18s/it]
 14%|█▍        | 28/200 [01:59<11:59,  4.18s/it]
 14%|█▍        | 29/200 [02:03<11:43,  4.11s/it]
 15%|█▌        | 30/200 [02:07<11:57,  4.22s/it]
 16%|█▌        | 31/200 [02:11<11:50,  4.21s/it]
 16%|█▌        | 32/200 [02:15<11:28,  4.10s/it]
 16%|█▋        | 33/200 [02:19<11:24,  4.10s/it]
 17%|█▋        | 34/200 [02:24<11:37,  4.20s/it]
 18%|█▊        | 35/200 [02:28<11:21,  4.13s/it]
 18%|█▊        | 36/200 [02:32<11:12,  4.10s/it]
 18%|█▊        | 37/200 [02:36<11:16,  4.15s/it]
 19%|█▉        | 38/200 [02:40<11:16,  4.17s/it]
 20%|█▉        | 39/200 [02:44<11:00,  4.11s/it]
 20%|██        | 40/200 [02:49<11:16,  4.23s/it]
 20%|██        | 41/200 [02:53<11:23,  4.30s/it]
 21%|██        | 42/200 [02:57<11:22,  4.32s/it]
 22%|██▏       | 43/200 [03:02<11:47,  4.51s/it]
 22%|██▏       | 44/200 [03:07<11:52,  4.57s/it]
 22%|██▎       | 45/200 [03:12<11:50,  4.59s/it]
 23%|██▎       | 46/200 [03:16<11:37,  4.53s/it]
 24%|██▎       | 47/200 [03:21<11:25,  4.48s/it]
 24%|██▍       | 48/200 [03:25<11:08,  4.40s/it]
 24%|██▍       | 49/200 [03:29<10:56,  4.35s/it]
 25%|██▌       | 50/200 [03:33<10:30,  4.20s/it]
 26%|██▌       | 51/200 [03:37<10:22,  4.18s/it]
 26%|██▌       | 52/200 [03:41<10:16,  4.17s/it]
 26%|██▋       | 53/200 [03:45<09:50,  4.02s/it]
 27%|██▋       | 54/200 [03:49<09:59,  4.11s/it]
 28%|██▊       | 55/200 [03:53<09:56,  4.11s/it]
 28%|██▊       | 56/200 [03:57<09:38,  4.02s/it]
 28%|██▊       | 57/200 [04:01<09:25,  3.96s/it]
 29%|██▉       | 58/200 [04:05<09:18,  3.93s/it]
 30%|██▉       | 59/200 [04:09<09:10,  3.91s/it]
 30%|███       | 60/200 [04:13<09:26,  4.05s/it]
 30%|███       | 61/200 [04:17<09:27,  4.08s/it]
 31%|███       | 62/200 [04:21<09:13,  4.01s/it]
 32%|███▏      | 63/200 [04:25<09:19,  4.08s/it]
 32%|███▏      | 64/200 [04:29<09:15,  4.08s/it]
 32%|███▎      | 65/200 [04:33<09:07,  4.06s/it]
 33%|███▎      | 66/200 [04:37<09:11,  4.11s/it]
 34%|███▎      | 67/200 [04:42<09:18,  4.20s/it]
 34%|███▍      | 68/200 [04:46<09:14,  4.20s/it]
 34%|███▍      | 69/200 [04:50<09:03,  4.15s/it]
 35%|███▌      | 70/200 [04:54<09:04,  4.19s/it]
 36%|███▌      | 71/200 [04:58<08:55,  4.15s/it]
 36%|███▌      | 72/200 [05:03<09:01,  4.23s/it]
 36%|███▋      | 73/200 [05:07<08:59,  4.25s/it]
 37%|███▋      | 74/200 [05:11<08:49,  4.20s/it]
 38%|███▊      | 75/200 [05:16<08:49,  4.24s/it]
 38%|███▊      | 76/200 [05:20<08:47,  4.25s/it]
 38%|███▊      | 77/200 [05:24<08:32,  4.16s/it]
 39%|███▉      | 78/200 [05:28<08:25,  4.14s/it]
 40%|███▉      | 79/200 [05:32<08:21,  4.15s/it]
 40%|████      | 80/200 [05:36<08:13,  4.11s/it]
 40%|████      | 81/200 [05:40<08:06,  4.09s/it]
 41%|████      | 82/200 [05:44<07:59,  4.06s/it]
 42%|████▏     | 83/200 [05:49<08:09,  4.18s/it]
 42%|████▏     | 84/200 [05:53<08:08,  4.21s/it]
 42%|████▎     | 85/200 [05:57<08:04,  4.21s/it]
 43%|████▎     | 86/200 [06:01<08:01,  4.23s/it]
 44%|████▎     | 87/200 [06:05<07:47,  4.14s/it]
 44%|████▍     | 88/200 [06:09<07:41,  4.12s/it]
 44%|████▍     | 89/200 [06:14<07:45,  4.20s/it]
 45%|████▌     | 90/200 [06:18<07:33,  4.12s/it]
 46%|████▌     | 91/200 [06:21<07:16,  4.01s/it]
 46%|████▌     | 92/200 [06:25<07:11,  3.99s/it]
 46%|████▋     | 93/200 [06:29<07:04,  3.97s/it]
 47%|████▋     | 94/200 [06:33<06:56,  3.93s/it]
 48%|████▊     | 95/200 [06:37<06:54,  3.95s/it]
 48%|████▊     | 96/200 [06:41<06:49,  3.94s/it]
 48%|████▊     | 97/200 [06:45<06:47,  3.96s/it]
 49%|████▉     | 98/200 [06:50<07:05,  4.17s/it]
 50%|████▉     | 99/200 [06:54<07:01,  4.18s/it]
 50%|█████     | 100/200 [06:58<06:56,  4.16s/it]
 50%|█████     | 101/200 [07:02<06:48,  4.12s/it]
 51%|█████     | 102/200 [07:06<06:46,  4.15s/it]
 52%|█████▏    | 103/200 [07:10<06:33,  4.06s/it]
 52%|█████▏    | 104/200 [07:14<06:28,  4.05s/it]
 52%|█████▎    | 105/200 [07:18<06:25,  4.06s/it]
 53%|█████▎    | 106/200 [07:22<06:24,  4.09s/it]
 54%|█████▎    | 107/200 [07:26<06:18,  4.07s/it]
 54%|█████▍    | 108/200 [07:30<06:07,  3.99s/it]
 55%|█████▍    | 109/200 [07:34<05:59,  3.95s/it]
 55%|█████▌    | 110/200 [07:38<05:56,  3.96s/it]
 56%|█████▌    | 111/200 [07:42<05:47,  3.91s/it]
 56%|█████▌    | 112/200 [07:46<05:43,  3.90s/it]
 56%|█████▋    | 113/200 [07:50<05:48,  4.01s/it]
 57%|█████▋    | 114/200 [07:54<05:42,  3.99s/it]
 57%|█████▊    | 115/200 [07:58<05:38,  3.98s/it]
 58%|█████▊    | 116/200 [08:02<05:27,  3.90s/it]
 58%|█████▊    | 117/200 [08:06<05:25,  3.92s/it]
 59%|█████▉    | 118/200 [08:09<05:20,  3.91s/it]
 60%|█████▉    | 119/200 [08:13<05:14,  3.88s/it]
 60%|██████    | 120/200 [08:17<05:13,  3.92s/it]
 60%|██████    | 121/200 [08:22<05:20,  4.06s/it]
 61%|██████    | 122/200 [08:26<05:12,  4.01s/it]
 62%|██████▏   | 123/200 [08:30<05:08,  4.00s/it]
 62%|██████▏   | 124/200 [08:33<04:59,  3.95s/it]
 62%|██████▎   | 125/200 [08:37<04:55,  3.94s/it]
 63%|██████▎   | 126/200 [08:41<04:47,  3.89s/it]
 64%|██████▎   | 127/200 [08:46<05:02,  4.14s/it]
 64%|██████▍   | 128/200 [08:50<04:55,  4.11s/it]
 64%|██████▍   | 129/200 [08:54<04:49,  4.07s/it]
 65%|██████▌   | 130/200 [08:58<04:42,  4.04s/it]
 66%|██████▌   | 131/200 [09:02<04:40,  4.06s/it]
 66%|██████▌   | 132/200 [09:06<04:32,  4.00s/it]
 66%|██████▋   | 133/200 [09:10<04:39,  4.17s/it]
 67%|██████▋   | 134/200 [09:14<04:33,  4.15s/it]
 68%|██████▊   | 135/200 [09:18<04:28,  4.13s/it]
 68%|██████▊   | 136/200 [09:23<04:25,  4.15s/it]
 68%|██████▊   | 137/200 [09:27<04:22,  4.17s/it]
 69%|██████▉   | 138/200 [09:31<04:24,  4.26s/it]
 70%|██████▉   | 139/200 [09:36<04:31,  4.45s/it]
 70%|███████   | 140/200 [09:41<04:26,  4.44s/it]
 70%|███████   | 141/200 [09:45<04:19,  4.41s/it]
 71%|███████   | 142/200 [09:49<04:15,  4.41s/it]
 72%|███████▏  | 143/200 [09:54<04:14,  4.46s/it]
 72%|███████▏  | 144/200 [09:59<04:12,  4.51s/it]
 72%|███████▎  | 145/200 [10:03<04:06,  4.48s/it]
 73%|███████▎  | 146/200 [10:07<03:52,  4.31s/it]
 74%|███████▎  | 147/200 [10:11<03:45,  4.26s/it]
 74%|███████▍  | 148/200 [10:15<03:39,  4.21s/it]
 74%|███████▍  | 149/200 [10:19<03:30,  4.13s/it]
 75%|███████▌  | 150/200 [10:23<03:24,  4.09s/it]
 76%|███████▌  | 151/200 [10:27<03:21,  4.12s/it]
 76%|███████▌  | 152/200 [10:32<03:21,  4.19s/it]
 76%|███████▋  | 153/200 [10:36<03:16,  4.17s/it]
 77%|███████▋  | 154/200 [10:40<03:07,  4.08s/it]
 78%|███████▊  | 155/200 [10:43<02:59,  3.98s/it]
 78%|███████▊  | 156/200 [10:48<03:05,  4.21s/it]
 78%|███████▊  | 157/200 [10:52<02:57,  4.13s/it]
 79%|███████▉  | 158/200 [10:56<02:53,  4.14s/it]
 80%|███████▉  | 159/200 [11:00<02:47,  4.08s/it]
 80%|████████  | 160/200 [11:04<02:43,  4.08s/it]
 80%|████████  | 161/200 [11:08<02:35,  3.98s/it]
 81%|████████  | 162/200 [11:12<02:30,  3.95s/it]
 82%|████████▏ | 163/200 [11:16<02:24,  3.90s/it]
 82%|████████▏ | 164/200 [11:20<02:22,  3.95s/it]
 82%|████████▎ | 165/200 [11:24<02:19,  4.00s/it]
 83%|████████▎ | 166/200 [11:29<02:24,  4.25s/it]
 84%|████████▎ | 167/200 [11:33<02:17,  4.16s/it]
 84%|████████▍ | 168/200 [11:37<02:10,  4.09s/it]
 84%|████████▍ | 169/200 [11:40<02:04,  4.02s/it]
 85%|████████▌ | 170/200 [11:44<01:59,  3.97s/it]
 86%|████████▌ | 171/200 [11:49<01:58,  4.10s/it]
 86%|████████▌ | 172/200 [11:53<01:57,  4.19s/it]
 86%|████████▋ | 173/200 [11:57<01:51,  4.13s/it]
 87%|████████▋ | 174/200 [12:01<01:48,  4.16s/it]
 88%|████████▊ | 175/200 [12:06<01:46,  4.24s/it]
 88%|████████▊ | 176/200 [12:10<01:40,  4.19s/it]
 88%|████████▊ | 177/200 [12:14<01:34,  4.11s/it]
 89%|████████▉ | 178/200 [12:18<01:29,  4.05s/it]
 90%|████████▉ | 179/200 [12:22<01:26,  4.12s/it]
 90%|█████████ | 180/200 [12:26<01:22,  4.11s/it]
 90%|█████████ | 181/200 [12:30<01:16,  4.05s/it]
 91%|█████████ | 182/200 [12:35<01:16,  4.23s/it]
 92%|█████████▏| 183/200 [12:39<01:10,  4.15s/it]
 92%|█████████▏| 184/200 [12:42<01:04,  4.05s/it]
 92%|█████████▎| 185/200 [12:46<01:00,  4.05s/it]
 93%|█████████▎| 186/200 [12:51<00:58,  4.15s/it]
 94%|█████████▎| 187/200 [12:55<00:55,  4.25s/it]
 94%|█████████▍| 188/200 [13:00<00:52,  4.41s/it]
 94%|█████████▍| 189/200 [13:05<00:49,  4.50s/it]
 95%|█████████▌| 190/200 [13:09<00:44,  4.47s/it]
 96%|█████████▌| 191/200 [13:14<00:40,  4.50s/it]
 96%|█████████▌| 192/200 [13:17<00:34,  4.26s/it]
 96%|█████████▋| 193/200 [13:21<00:29,  4.17s/it]
 97%|█████████▋| 194/200 [13:25<00:24,  4.08s/it]
 98%|█████████▊| 195/200 [13:30<00:21,  4.22s/it]
 98%|█████████▊| 196/200 [13:34<00:17,  4.25s/it]
 98%|█████████▊| 197/200 [13:38<00:12,  4.20s/it]
 99%|█████████▉| 198/200 [13:42<00:08,  4.10s/it]
100%|█████████▉| 199/200 [13:46<00:04,  4.03s/it]
100%|██████████| 200/200 [13:50<00:00,  3.97s/it]
                                                 
0
1
2
3
4
5
6
7
8
9
10
11
12
13
14
15
16
17
18
19
20
21
22
23
24
25
26
27
28
29
30
31
32
33
34
35
36
37
38
39
40
41
42
43
44
45
46
47
48
49
50
51
52
53
54
55
56
57
58
59
60
61
62
63
64
65
66
67
68
69
70
71
72
73
74
75
76
77
78
79
80
81
82
83
84
85
86
87
88
89
90
91
92
93
94
95
96
97
98
99
100
101
102
103
104
105
106
107
108
109
110
111
112
113
114
115
116
117
118
119
120
121
122
123
124
125
126
127
128
129
130
131
132
133
134
135
136
137
138
139
140
141
142
143
144
145
146
147
148
149
150
151
152
153
154
155
156
157
158
159
160
161
162
163
164
165
166
167
168
169
170
171
172
173
174
175
176
177
178
179
180
181
182
183
184
185
186
187
188
189
190
191
192
193
194
195
196
197
198
199
