 
Files to read: ['../pilot-cpjump1-data/profiles/2020_11_04_CPJUMP1/BR00116995/BR00116995_normalized_feature_select_negcon.csv.gz']
Files to read: ['../pilot-cpjump1-data/profiles/2020_11_04_CPJUMP1/BR00117024/BR00117024_normalized_feature_select_negcon.csv.gz']
Files to read: ['../pilot-cpjump1-data/profiles/2020_11_04_CPJUMP1/BR00117025/BR00117025_normalized_feature_select_negcon.csv.gz']
Files to read: ['../pilot-cpjump1-data/profiles/2020_11_04_CPJUMP1/BR00117026/BR00117026_normalized_feature_select_negcon.csv.gz']
Files to read: ['../pilot-cpjump1-data/profiles/2020_11_04_CPJUMP1/BR00116997/BR00116997_normalized_feature_select_negcon.csv.gz']
Files to read: ['../pilot-cpjump1-data/profiles/2020_11_04_CPJUMP1/BR00116998/BR00116998_normalized_feature_select_negcon.csv.gz']
Files to read: ['../pilot-cpjump1-data/profiles/2020_11_04_CPJUMP1/BR00116999/BR00116999_normalized_feature_select_negcon.csv.gz']
Files to read: ['../pilot-cpjump1-data/profiles/2020_11_04_CPJUMP1/BR00116996/BR00116996_normalized_feature_select_negcon.csv.gz']
Files to read: ['../pilot-cpjump1-data/profiles/2020_11_04_CPJUMP1/BR00117022/BR00117022_normalized_feature_select_negcon.csv.gz']
Files to read: ['../pilot-cpjump1-data/profiles/2020_11_04_CPJUMP1/BR00117023/BR00117023_normalized_feature_select_negcon.csv.gz']

  0%|          | 0/200 [00:00<?, ?it/s]
  0%|          | 1/200 [00:08<27:30,  8.29s/it]
  1%|          | 2/200 [00:13<21:24,  6.49s/it]
  2%|▏         | 3/200 [00:18<19:14,  5.86s/it]
  2%|▏         | 4/200 [00:23<17:52,  5.47s/it]
  2%|▎         | 5/200 [00:28<17:20,  5.34s/it]
  3%|▎         | 6/200 [00:33<16:54,  5.23s/it]
  4%|▎         | 7/200 [00:38<16:24,  5.10s/it]
  4%|▍         | 8/200 [00:43<16:12,  5.06s/it]
  4%|▍         | 9/200 [00:48<16:05,  5.06s/it]
  5%|▌         | 10/200 [00:54<16:29,  5.21s/it]
  6%|▌         | 11/200 [00:58<16:10,  5.13s/it]
  6%|▌         | 12/200 [01:04<16:13,  5.18s/it]
  6%|▋         | 13/200 [01:09<15:50,  5.08s/it]
  7%|▋         | 14/200 [01:14<16:03,  5.18s/it]
  8%|▊         | 15/200 [01:19<15:52,  5.15s/it]
  8%|▊         | 16/200 [01:24<15:50,  5.17s/it]
  8%|▊         | 17/200 [01:29<15:35,  5.11s/it]
  9%|▉         | 18/200 [01:34<15:24,  5.08s/it]
 10%|▉         | 19/200 [01:40<15:33,  5.16s/it]
 10%|█         | 20/200 [01:45<15:12,  5.07s/it]
 10%|█         | 21/200 [01:49<14:54,  5.00s/it]
 11%|█         | 22/200 [01:55<15:12,  5.13s/it]
 12%|█▏        | 23/200 [02:01<15:55,  5.40s/it]
 12%|█▏        | 24/200 [02:07<16:39,  5.68s/it]
 12%|█▎        | 25/200 [02:13<16:23,  5.62s/it]
 13%|█▎        | 26/200 [02:18<16:23,  5.65s/it]
 14%|█▎        | 27/200 [02:24<16:10,  5.61s/it]
 14%|█▍        | 28/200 [02:29<15:57,  5.56s/it]
 14%|█▍        | 29/200 [02:35<15:40,  5.50s/it]
 15%|█▌        | 30/200 [02:40<15:23,  5.43s/it]
 16%|█▌        | 31/200 [02:46<15:49,  5.62s/it]
 16%|█▌        | 32/200 [02:52<15:53,  5.68s/it]
 16%|█▋        | 33/200 [02:57<15:28,  5.56s/it]
 17%|█▋        | 34/200 [03:02<15:05,  5.46s/it]
 18%|█▊        | 35/200 [03:08<15:12,  5.53s/it]
 18%|█▊        | 36/200 [03:13<14:53,  5.45s/it]
 18%|█▊        | 37/200 [03:18<14:34,  5.36s/it]
 19%|█▉        | 38/200 [03:24<14:18,  5.30s/it]
 20%|█▉        | 39/200 [03:29<14:01,  5.23s/it]
 20%|██        | 40/200 [03:34<13:59,  5.24s/it]
 20%|██        | 41/200 [03:39<14:03,  5.31s/it]
 21%|██        | 42/200 [03:44<13:41,  5.20s/it]
 22%|██▏       | 43/200 [03:50<13:43,  5.25s/it]
 22%|██▏       | 44/200 [03:55<13:40,  5.26s/it]
 22%|██▎       | 45/200 [04:00<13:43,  5.31s/it]
 23%|██▎       | 46/200 [04:05<13:25,  5.23s/it]
 24%|██▎       | 47/200 [04:10<13:03,  5.12s/it]
 24%|██▍       | 48/200 [04:15<12:56,  5.11s/it]
 24%|██▍       | 49/200 [04:20<12:33,  4.99s/it]
 25%|██▌       | 50/200 [04:25<12:38,  5.06s/it]
 26%|██▌       | 51/200 [04:31<12:42,  5.12s/it]
 26%|██▌       | 52/200 [04:37<13:26,  5.45s/it]
 26%|██▋       | 53/200 [04:42<13:24,  5.47s/it]
 27%|██▋       | 54/200 [04:48<13:06,  5.38s/it]
 28%|██▊       | 55/200 [04:53<12:47,  5.30s/it]
 28%|██▊       | 56/200 [04:58<12:33,  5.23s/it]
 28%|██▊       | 57/200 [05:03<12:53,  5.41s/it]
 29%|██▉       | 58/200 [05:09<12:39,  5.35s/it]
 30%|██▉       | 59/200 [05:14<12:20,  5.25s/it]
 30%|███       | 60/200 [05:19<12:09,  5.21s/it]
 30%|███       | 61/200 [05:24<11:42,  5.05s/it]
 31%|███       | 62/200 [05:29<11:55,  5.18s/it]
 32%|███▏      | 63/200 [05:34<11:51,  5.19s/it]
 32%|███▏      | 64/200 [05:39<11:40,  5.15s/it]
 32%|███▎      | 65/200 [05:44<11:30,  5.12s/it]
 33%|███▎      | 66/200 [05:50<11:39,  5.22s/it]
 34%|███▎      | 67/200 [05:55<11:41,  5.28s/it]
 34%|███▍      | 68/200 [06:01<11:45,  5.35s/it]
 34%|███▍      | 69/200 [06:06<11:20,  5.19s/it]
 35%|███▌      | 70/200 [06:11<11:28,  5.29s/it]
 36%|███▌      | 71/200 [06:16<11:20,  5.28s/it]
 36%|███▌      | 72/200 [06:22<11:22,  5.33s/it]
 36%|███▋      | 73/200 [06:27<11:21,  5.36s/it]
 37%|███▋      | 74/200 [06:33<11:23,  5.43s/it]
 38%|███▊      | 75/200 [06:38<11:08,  5.35s/it]
 38%|███▊      | 76/200 [06:43<10:51,  5.26s/it]
 38%|███▊      | 77/200 [06:48<10:32,  5.14s/it]
 39%|███▉      | 78/200 [06:53<10:31,  5.18s/it]
 40%|███▉      | 79/200 [06:58<10:13,  5.07s/it]
 40%|████      | 80/200 [07:03<10:07,  5.06s/it]
 40%|████      | 81/200 [07:08<10:00,  5.04s/it]
 41%|████      | 82/200 [07:13<09:52,  5.02s/it]
 42%|████▏     | 83/200 [07:18<09:38,  4.95s/it]
 42%|████▏     | 84/200 [07:23<09:35,  4.96s/it]
 42%|████▎     | 85/200 [07:28<09:50,  5.14s/it]
 43%|████▎     | 86/200 [07:33<09:43,  5.11s/it]
 44%|████▎     | 87/200 [07:39<10:00,  5.31s/it]
 44%|████▍     | 88/200 [07:45<10:22,  5.56s/it]
 44%|████▍     | 89/200 [07:50<10:07,  5.47s/it]
 45%|████▌     | 90/200 [07:56<09:52,  5.39s/it]
 46%|████▌     | 91/200 [08:01<09:35,  5.28s/it]
 46%|████▌     | 92/200 [08:06<09:25,  5.23s/it]
 46%|████▋     | 93/200 [08:11<09:14,  5.18s/it]
 47%|████▋     | 94/200 [08:16<09:04,  5.14s/it]
 48%|████▊     | 95/200 [08:21<08:58,  5.13s/it]
 48%|████▊     | 96/200 [08:26<08:49,  5.09s/it]
 48%|████▊     | 97/200 [08:31<08:42,  5.07s/it]
 49%|████▉     | 98/200 [08:36<08:42,  5.12s/it]
 50%|████▉     | 99/200 [08:42<08:41,  5.16s/it]
 50%|█████     | 100/200 [08:47<08:30,  5.11s/it]
 50%|█████     | 101/200 [08:52<08:27,  5.12s/it]
 51%|█████     | 102/200 [08:57<08:23,  5.14s/it]
 52%|█████▏    | 103/200 [09:02<08:10,  5.05s/it]
 52%|█████▏    | 104/200 [09:07<08:05,  5.06s/it]
 52%|█████▎    | 105/200 [09:12<07:56,  5.01s/it]
 53%|█████▎    | 106/200 [09:17<07:53,  5.03s/it]
 54%|█████▎    | 107/200 [09:22<07:44,  4.99s/it]
 54%|█████▍    | 108/200 [09:27<07:52,  5.14s/it]
 55%|█████▍    | 109/200 [09:32<07:38,  5.03s/it]
 55%|█████▌    | 110/200 [09:38<07:50,  5.23s/it]
 56%|█████▌    | 111/200 [09:44<08:03,  5.43s/it]
 56%|█████▌    | 112/200 [09:49<08:07,  5.53s/it]
 56%|█████▋    | 113/200 [09:54<07:45,  5.35s/it]
 57%|█████▋    | 114/200 [10:00<07:39,  5.34s/it]
 57%|█████▊    | 115/200 [10:05<07:29,  5.29s/it]
 58%|█████▊    | 116/200 [10:10<07:21,  5.25s/it]
 58%|█████▊    | 117/200 [10:16<07:32,  5.46s/it]
 59%|█████▉    | 118/200 [10:22<07:40,  5.61s/it]
 60%|█████▉    | 119/200 [10:27<07:33,  5.60s/it]
 60%|██████    | 120/200 [10:34<07:53,  5.92s/it]
 60%|██████    | 121/200 [10:39<07:30,  5.71s/it]
 61%|██████    | 122/200 [10:44<07:10,  5.52s/it]
 62%|██████▏   | 123/200 [10:50<06:59,  5.45s/it]
 62%|██████▏   | 124/200 [10:55<06:48,  5.37s/it]
 62%|██████▎   | 125/200 [11:00<06:30,  5.20s/it]
 63%|██████▎   | 126/200 [11:05<06:21,  5.16s/it]
 64%|██████▎   | 127/200 [11:10<06:11,  5.09s/it]
 64%|██████▍   | 128/200 [11:15<06:10,  5.14s/it]
 64%|██████▍   | 129/200 [11:20<06:06,  5.16s/it]
 65%|██████▌   | 130/200 [11:25<06:02,  5.17s/it]
 66%|██████▌   | 131/200 [11:30<05:50,  5.08s/it]
 66%|██████▌   | 132/200 [11:35<05:45,  5.08s/it]
 66%|██████▋   | 133/200 [11:40<05:36,  5.03s/it]
 67%|██████▋   | 134/200 [11:45<05:33,  5.05s/it]
 68%|██████▊   | 135/200 [11:51<05:40,  5.23s/it]
 68%|██████▊   | 136/200 [11:56<05:29,  5.15s/it]
 68%|██████▊   | 137/200 [12:02<05:35,  5.32s/it]
 69%|██████▉   | 138/200 [12:07<05:24,  5.24s/it]
 70%|██████▉   | 139/200 [12:12<05:18,  5.22s/it]
 70%|███████   | 140/200 [12:17<05:11,  5.19s/it]
 70%|███████   | 141/200 [12:22<05:01,  5.12s/it]
 71%|███████   | 142/200 [12:27<04:58,  5.15s/it]
 72%|███████▏  | 143/200 [12:32<04:51,  5.12s/it]
 72%|███████▏  | 144/200 [12:37<04:47,  5.13s/it]
 72%|███████▎  | 145/200 [12:42<04:38,  5.06s/it]
 73%|███████▎  | 146/200 [12:47<04:35,  5.10s/it]
 74%|███████▎  | 147/200 [12:53<04:34,  5.19s/it]
 74%|███████▍  | 148/200 [12:58<04:29,  5.19s/it]
 74%|███████▍  | 149/200 [13:03<04:18,  5.08s/it]
 75%|███████▌  | 150/200 [13:08<04:14,  5.10s/it]
 76%|███████▌  | 151/200 [13:13<04:09,  5.09s/it]
 76%|███████▌  | 152/200 [13:19<04:10,  5.22s/it]
 76%|███████▋  | 153/200 [13:24<04:05,  5.23s/it]
 77%|███████▋  | 154/200 [13:30<04:10,  5.45s/it]
 78%|███████▊  | 155/200 [13:35<04:07,  5.50s/it]
 78%|███████▊  | 156/200 [13:41<04:00,  5.46s/it]
 78%|███████▊  | 157/200 [13:46<03:52,  5.41s/it]
 79%|███████▉  | 158/200 [13:51<03:43,  5.33s/it]
 80%|███████▉  | 159/200 [13:57<03:45,  5.50s/it]
 80%|████████  | 160/200 [14:02<03:32,  5.31s/it]
 80%|████████  | 161/200 [14:07<03:23,  5.21s/it]
 81%|████████  | 162/200 [14:12<03:17,  5.19s/it]
 82%|████████▏ | 163/200 [14:17<03:12,  5.21s/it]
 82%|████████▏ | 164/200 [14:23<03:09,  5.27s/it]
 82%|████████▎ | 165/200 [14:28<03:06,  5.32s/it]
 83%|████████▎ | 166/200 [14:33<02:58,  5.25s/it]
 84%|████████▎ | 167/200 [14:38<02:51,  5.20s/it]
 84%|████████▍ | 168/200 [14:44<02:47,  5.23s/it]
 84%|████████▍ | 169/200 [14:49<02:42,  5.24s/it]
 85%|████████▌ | 170/200 [14:54<02:35,  5.19s/it]
 86%|████████▌ | 171/200 [14:59<02:31,  5.21s/it]
 86%|████████▌ | 172/200 [15:04<02:26,  5.22s/it]
 86%|████████▋ | 173/200 [15:10<02:19,  5.17s/it]
 87%|████████▋ | 174/200 [15:15<02:19,  5.35s/it]
 88%|████████▊ | 175/200 [15:21<02:13,  5.33s/it]
 88%|████████▊ | 176/200 [15:27<02:12,  5.51s/it]
 88%|████████▊ | 177/200 [15:32<02:08,  5.57s/it]
 89%|████████▉ | 178/200 [15:38<02:00,  5.49s/it]
 90%|████████▉ | 179/200 [15:43<01:52,  5.38s/it]
 90%|█████████ | 180/200 [15:48<01:46,  5.33s/it]
 90%|█████████ | 181/200 [15:53<01:41,  5.35s/it]
 91%|█████████ | 182/200 [15:59<01:40,  5.61s/it]
 92%|█████████▏| 183/200 [16:05<01:36,  5.67s/it]
 92%|█████████▏| 184/200 [16:11<01:29,  5.59s/it]
 92%|█████████▎| 185/200 [16:17<01:25,  5.72s/it]
 93%|█████████▎| 186/200 [16:22<01:16,  5.48s/it]
 94%|█████████▎| 187/200 [16:27<01:10,  5.41s/it]
 94%|█████████▍| 188/200 [16:33<01:06,  5.51s/it]
 94%|█████████▍| 189/200 [16:38<00:59,  5.42s/it]
 95%|█████████▌| 190/200 [16:43<00:53,  5.39s/it]
 96%|█████████▌| 191/200 [16:49<00:48,  5.44s/it]
 96%|█████████▌| 192/200 [16:54<00:43,  5.50s/it]
 96%|█████████▋| 193/200 [16:59<00:37,  5.38s/it]
 97%|█████████▋| 194/200 [17:05<00:32,  5.37s/it]
 98%|█████████▊| 195/200 [17:11<00:27,  5.52s/it]
 98%|█████████▊| 196/200 [17:16<00:22,  5.60s/it]
 98%|█████████▊| 197/200 [17:22<00:16,  5.49s/it]
 99%|█████████▉| 198/200 [17:27<00:10,  5.49s/it]
100%|█████████▉| 199/200 [17:32<00:05,  5.40s/it]
100%|██████████| 200/200 [17:37<00:00,  5.29s/it]
                                                 
0
1
2
3
4
5
6
7
8
9
10
11
12
13
14
15
16
17
18
19
20
21
22
23
24
25
26
27
28
29
30
31
32
33
34
35
36
37
38
39
40
41
42
43
44
45
46
47
48
49
50
51
52
53
54
55
56
57
58
59
60
61
62
63
64
65
66
67
68
69
70
71
72
73
74
75
76
77
78
79
80
81
82
83
84
85
86
87
88
89
90
91
92
93
94
95
96
97
98
99
100
101
102
103
104
105
106
107
108
109
110
111
112
113
114
115
116
117
118
119
120
121
122
123
124
125
126
127
128
129
130
131
132
133
134
135
136
137
138
139
140
141
142
143
144
145
146
147
148
149
150
151
152
153
154
155
156
157
158
159
160
161
162
163
164
165
166
167
168
169
170
171
172
173
174
175
176
177
178
179
180
181
182
183
184
185
186
187
188
189
190
191
192
193
194
195
196
197
198
199
