 
Files to read: ['../pilot-cpjump1-data/profiles/2020_11_04_CPJUMP1/BR00116995/BR00116995_normalized_feature_select_negcon.csv.gz']
Files to read: ['../pilot-cpjump1-data/profiles/2020_11_04_CPJUMP1/BR00117024/BR00117024_normalized_feature_select_negcon.csv.gz']
Files to read: ['../pilot-cpjump1-data/profiles/2020_11_04_CPJUMP1/BR00117025/BR00117025_normalized_feature_select_negcon.csv.gz']
Files to read: ['../pilot-cpjump1-data/profiles/2020_11_04_CPJUMP1/BR00117026/BR00117026_normalized_feature_select_negcon.csv.gz']
Files to read: ['../pilot-cpjump1-data/profiles/2020_11_04_CPJUMP1/BR00116997/BR00116997_normalized_feature_select_negcon.csv.gz']
Files to read: ['../pilot-cpjump1-data/profiles/2020_11_04_CPJUMP1/BR00116998/BR00116998_normalized_feature_select_negcon.csv.gz']
Files to read: ['../pilot-cpjump1-data/profiles/2020_11_04_CPJUMP1/BR00116999/BR00116999_normalized_feature_select_negcon.csv.gz']
Files to read: ['../pilot-cpjump1-data/profiles/2020_11_04_CPJUMP1/BR00116996/BR00116996_normalized_feature_select_negcon.csv.gz']
Files to read: ['../pilot-cpjump1-data/profiles/2020_11_04_CPJUMP1/BR00117022/BR00117022_normalized_feature_select_negcon.csv.gz']
Files to read: ['../pilot-cpjump1-data/profiles/2020_11_04_CPJUMP1/BR00117023/BR00117023_normalized_feature_select_negcon.csv.gz']

  0%|          | 0/200 [00:00<?, ?it/s]
  0%|          | 1/200 [00:08<27:05,  8.17s/it]
  1%|          | 2/200 [00:13<21:11,  6.42s/it]
  2%|▏         | 3/200 [00:18<18:47,  5.72s/it]
  2%|▏         | 4/200 [00:23<17:32,  5.37s/it]
  2%|▎         | 5/200 [00:27<16:44,  5.15s/it]
  3%|▎         | 6/200 [00:33<16:53,  5.22s/it]
  4%|▎         | 7/200 [00:39<17:39,  5.49s/it]
  4%|▍         | 8/200 [00:44<17:14,  5.39s/it]
  4%|▍         | 9/200 [00:49<16:39,  5.23s/it]
  5%|▌         | 10/200 [00:54<16:14,  5.13s/it]
  6%|▌         | 11/200 [00:59<16:05,  5.11s/it]
  6%|▌         | 12/200 [01:04<15:54,  5.08s/it]
  6%|▋         | 13/200 [01:09<15:45,  5.05s/it]
  7%|▋         | 14/200 [01:14<15:42,  5.07s/it]
  8%|▊         | 15/200 [01:19<16:07,  5.23s/it]
  8%|▊         | 16/200 [01:24<15:38,  5.10s/it]
  8%|▊         | 17/200 [01:29<15:21,  5.03s/it]
  9%|▉         | 18/200 [01:34<15:08,  4.99s/it]
 10%|▉         | 19/200 [01:39<14:52,  4.93s/it]
 10%|█         | 20/200 [01:44<14:38,  4.88s/it]
 10%|█         | 21/200 [01:49<14:39,  4.91s/it]
 11%|█         | 22/200 [01:53<14:26,  4.87s/it]
 12%|█▏        | 23/200 [01:58<14:21,  4.87s/it]
 12%|█▏        | 24/200 [02:03<14:11,  4.84s/it]
 12%|█▎        | 25/200 [02:08<14:06,  4.84s/it]
 13%|█▎        | 26/200 [02:13<14:01,  4.83s/it]
 14%|█▎        | 27/200 [02:17<13:50,  4.80s/it]
 14%|█▍        | 28/200 [02:22<13:45,  4.80s/it]
 14%|█▍        | 29/200 [02:27<13:54,  4.88s/it]
 15%|█▌        | 30/200 [02:32<13:38,  4.81s/it]
 16%|█▌        | 31/200 [02:37<13:32,  4.81s/it]
 16%|█▌        | 32/200 [02:42<13:33,  4.84s/it]
 16%|█▋        | 33/200 [02:47<13:39,  4.91s/it]
 17%|█▋        | 34/200 [02:52<13:59,  5.06s/it]
 18%|█▊        | 35/200 [02:57<14:10,  5.15s/it]
 18%|█▊        | 36/200 [03:02<13:55,  5.09s/it]
 18%|█▊        | 37/200 [03:08<13:53,  5.12s/it]
 19%|█▉        | 38/200 [03:14<14:30,  5.38s/it]
 20%|█▉        | 39/200 [03:19<14:14,  5.31s/it]
 20%|██        | 40/200 [03:24<13:54,  5.22s/it]
 20%|██        | 41/200 [03:29<13:28,  5.08s/it]
 21%|██        | 42/200 [03:34<13:25,  5.10s/it]
 22%|██▏       | 43/200 [03:39<13:14,  5.06s/it]
 22%|██▏       | 44/200 [03:43<12:56,  4.98s/it]
 22%|██▎       | 45/200 [03:48<12:52,  4.98s/it]
 23%|██▎       | 46/200 [03:53<12:41,  4.94s/it]
 24%|██▎       | 47/200 [03:58<12:26,  4.88s/it]
 24%|██▍       | 48/200 [04:03<12:18,  4.86s/it]
 24%|██▍       | 49/200 [04:08<12:16,  4.88s/it]
 25%|██▌       | 50/200 [04:13<12:15,  4.90s/it]
 26%|██▌       | 51/200 [04:18<12:44,  5.13s/it]
 26%|██▌       | 52/200 [04:23<12:29,  5.06s/it]
 26%|██▋       | 53/200 [04:28<12:26,  5.08s/it]
 27%|██▋       | 54/200 [04:33<12:00,  4.93s/it]
 28%|██▊       | 55/200 [04:38<11:45,  4.87s/it]
 28%|██▊       | 56/200 [04:42<11:29,  4.79s/it]
 28%|██▊       | 57/200 [04:48<11:45,  4.93s/it]
 29%|██▉       | 58/200 [04:53<11:45,  4.97s/it]
 30%|██▉       | 59/200 [04:58<11:42,  4.98s/it]
 30%|███       | 60/200 [05:03<11:43,  5.02s/it]
 30%|███       | 61/200 [05:08<11:36,  5.01s/it]
 31%|███       | 62/200 [05:13<11:27,  4.98s/it]
 32%|███▏      | 63/200 [05:18<11:25,  5.00s/it]
 32%|███▏      | 64/200 [05:22<11:12,  4.95s/it]
 32%|███▎      | 65/200 [05:27<11:10,  4.97s/it]
 33%|███▎      | 66/200 [05:32<10:54,  4.88s/it]
 34%|███▎      | 67/200 [05:37<10:56,  4.94s/it]
 34%|███▍      | 68/200 [05:43<11:07,  5.06s/it]
 34%|███▍      | 69/200 [05:48<11:05,  5.08s/it]
 35%|███▌      | 70/200 [05:53<11:12,  5.17s/it]
 36%|███▌      | 71/200 [05:59<11:18,  5.26s/it]
 36%|███▌      | 72/200 [06:03<10:58,  5.15s/it]
 36%|███▋      | 73/200 [06:09<10:52,  5.14s/it]
 37%|███▋      | 74/200 [06:14<11:04,  5.27s/it]
 38%|███▊      | 75/200 [06:19<10:48,  5.19s/it]
 38%|███▊      | 76/200 [06:24<10:35,  5.12s/it]
 38%|███▊      | 77/200 [06:29<10:25,  5.08s/it]
 39%|███▉      | 78/200 [06:34<10:19,  5.08s/it]
 40%|███▉      | 79/200 [06:40<10:41,  5.30s/it]
 40%|████      | 80/200 [06:45<10:41,  5.35s/it]
 40%|████      | 81/200 [06:50<10:24,  5.25s/it]
 41%|████      | 82/200 [06:55<10:06,  5.14s/it]
 42%|████▏     | 83/200 [07:00<09:48,  5.03s/it]
 42%|████▏     | 84/200 [07:05<09:35,  4.96s/it]
 42%|████▎     | 85/200 [07:10<09:34,  5.00s/it]
 43%|████▎     | 86/200 [07:15<09:35,  5.05s/it]
 44%|████▎     | 87/200 [07:20<09:28,  5.03s/it]
 44%|████▍     | 88/200 [07:25<09:27,  5.07s/it]
 44%|████▍     | 89/200 [07:31<09:45,  5.28s/it]
 45%|████▌     | 90/200 [07:36<09:31,  5.20s/it]
 46%|████▌     | 91/200 [07:41<09:20,  5.14s/it]
 46%|████▌     | 92/200 [07:46<09:20,  5.19s/it]
 46%|████▋     | 93/200 [07:52<09:34,  5.37s/it]
 47%|████▋     | 94/200 [07:58<09:45,  5.52s/it]
 48%|████▊     | 95/200 [08:03<09:35,  5.48s/it]
 48%|████▊     | 96/200 [08:08<09:12,  5.31s/it]
 48%|████▊     | 97/200 [08:13<08:56,  5.20s/it]
 49%|████▉     | 98/200 [08:18<08:39,  5.09s/it]
 50%|████▉     | 99/200 [08:23<08:36,  5.11s/it]
 50%|█████     | 100/200 [08:28<08:21,  5.02s/it]
 50%|█████     | 101/200 [08:33<08:12,  4.98s/it]
 51%|█████     | 102/200 [08:38<08:04,  4.95s/it]
 52%|█████▏    | 103/200 [08:43<08:19,  5.15s/it]
 52%|█████▏    | 104/200 [08:49<08:32,  5.33s/it]
 52%|█████▎    | 105/200 [08:55<08:29,  5.36s/it]
 53%|█████▎    | 106/200 [09:00<08:09,  5.21s/it]
 54%|█████▎    | 107/200 [09:05<08:16,  5.34s/it]
 54%|█████▍    | 108/200 [09:11<08:37,  5.62s/it]
 55%|█████▍    | 109/200 [09:18<08:45,  5.78s/it]
 55%|█████▌    | 110/200 [09:23<08:21,  5.58s/it]
 56%|█████▌    | 111/200 [09:28<07:56,  5.35s/it]
 56%|█████▌    | 112/200 [09:33<07:45,  5.29s/it]
 56%|█████▋    | 113/200 [09:37<07:24,  5.11s/it]
 57%|█████▋    | 114/200 [09:42<07:07,  4.98s/it]
 57%|█████▊    | 115/200 [09:47<06:58,  4.93s/it]
 58%|█████▊    | 116/200 [09:52<06:50,  4.89s/it]
 58%|█████▊    | 117/200 [09:57<06:49,  4.94s/it]
 59%|█████▉    | 118/200 [10:02<06:42,  4.91s/it]
 60%|█████▉    | 119/200 [10:06<06:34,  4.87s/it]
 60%|██████    | 120/200 [10:11<06:29,  4.87s/it]
 60%|██████    | 121/200 [10:16<06:34,  4.99s/it]
 61%|██████    | 122/200 [10:21<06:29,  4.99s/it]
 62%|██████▏   | 123/200 [10:26<06:24,  5.00s/it]
 62%|██████▏   | 124/200 [10:32<06:20,  5.00s/it]
 62%|██████▎   | 125/200 [10:37<06:24,  5.13s/it]
 63%|██████▎   | 126/200 [10:42<06:20,  5.15s/it]
 64%|██████▎   | 127/200 [10:47<06:08,  5.04s/it]
 64%|██████▍   | 128/200 [10:52<05:59,  5.00s/it]
 64%|██████▍   | 129/200 [10:57<05:56,  5.03s/it]
 65%|██████▌   | 130/200 [11:02<05:57,  5.11s/it]
 66%|██████▌   | 131/200 [11:07<05:44,  5.00s/it]
 66%|██████▌   | 132/200 [11:12<05:42,  5.04s/it]
 66%|██████▋   | 133/200 [11:17<05:35,  5.00s/it]
 67%|██████▋   | 134/200 [11:23<05:46,  5.26s/it]
 68%|██████▊   | 135/200 [11:29<05:50,  5.40s/it]
 68%|██████▊   | 136/200 [11:34<05:46,  5.41s/it]
 68%|██████▊   | 137/200 [11:39<05:42,  5.43s/it]
 69%|██████▉   | 138/200 [11:45<05:28,  5.31s/it]
 70%|██████▉   | 139/200 [11:49<05:17,  5.20s/it]
 70%|███████   | 140/200 [11:54<05:08,  5.14s/it]
 70%|███████   | 141/200 [12:00<05:02,  5.12s/it]
 71%|███████   | 142/200 [12:05<05:00,  5.17s/it]
 72%|███████▏  | 143/200 [12:11<05:06,  5.38s/it]
 72%|███████▏  | 144/200 [12:16<04:53,  5.24s/it]
 72%|███████▎  | 145/200 [12:21<04:47,  5.22s/it]
 73%|███████▎  | 146/200 [12:26<04:37,  5.13s/it]
 74%|███████▎  | 147/200 [12:31<04:30,  5.10s/it]
 74%|███████▍  | 148/200 [12:36<04:23,  5.07s/it]
 74%|███████▍  | 149/200 [12:40<04:12,  4.96s/it]
 75%|███████▌  | 150/200 [12:46<04:09,  4.99s/it]
 76%|███████▌  | 151/200 [12:51<04:07,  5.05s/it]
 76%|███████▌  | 152/200 [12:56<04:07,  5.16s/it]
 76%|███████▋  | 153/200 [13:01<04:02,  5.16s/it]
 77%|███████▋  | 154/200 [13:06<03:53,  5.08s/it]
 78%|███████▊  | 155/200 [13:11<03:42,  4.95s/it]
 78%|███████▊  | 156/200 [13:16<03:35,  4.90s/it]
 78%|███████▊  | 157/200 [13:20<03:30,  4.90s/it]
 79%|███████▉  | 158/200 [13:25<03:21,  4.80s/it]
 80%|███████▉  | 159/200 [13:30<03:21,  4.91s/it]
 80%|████████  | 160/200 [13:36<03:22,  5.07s/it]
 80%|████████  | 161/200 [13:40<03:14,  4.99s/it]
 81%|████████  | 162/200 [13:46<03:10,  5.01s/it]
 82%|████████▏ | 163/200 [13:50<03:01,  4.91s/it]
 82%|████████▏ | 164/200 [13:55<02:58,  4.97s/it]
 82%|████████▎ | 165/200 [14:00<02:50,  4.88s/it]
 83%|████████▎ | 166/200 [14:04<02:42,  4.77s/it]
 84%|████████▎ | 167/200 [14:09<02:38,  4.80s/it]
 84%|████████▍ | 168/200 [14:14<02:35,  4.85s/it]
 84%|████████▍ | 169/200 [14:20<02:33,  4.96s/it]
 85%|████████▌ | 170/200 [14:25<02:36,  5.22s/it]
 86%|████████▌ | 171/200 [14:30<02:28,  5.12s/it]
 86%|████████▌ | 172/200 [14:35<02:22,  5.07s/it]
 86%|████████▋ | 173/200 [14:40<02:18,  5.13s/it]
 87%|████████▋ | 174/200 [14:46<02:12,  5.11s/it]
 88%|████████▊ | 175/200 [14:51<02:08,  5.16s/it]
 88%|████████▊ | 176/200 [14:56<02:07,  5.31s/it]
 88%|████████▊ | 177/200 [15:02<02:03,  5.36s/it]
 89%|████████▉ | 178/200 [15:07<01:55,  5.26s/it]
 90%|████████▉ | 179/200 [15:12<01:47,  5.14s/it]
 90%|█████████ | 180/200 [15:17<01:42,  5.12s/it]
 90%|█████████ | 181/200 [15:22<01:38,  5.16s/it]
 91%|█████████ | 182/200 [15:27<01:32,  5.11s/it]
 92%|█████████▏| 183/200 [15:32<01:25,  5.02s/it]
 92%|█████████▏| 184/200 [15:37<01:22,  5.15s/it]
 92%|█████████▎| 185/200 [15:43<01:18,  5.25s/it]
 93%|█████████▎| 186/200 [15:48<01:13,  5.28s/it]
 94%|█████████▎| 187/200 [15:53<01:06,  5.13s/it]
 94%|█████████▍| 188/200 [15:58<01:01,  5.11s/it]
 94%|█████████▍| 189/200 [16:03<00:56,  5.12s/it]
 95%|█████████▌| 190/200 [16:08<00:50,  5.02s/it]
 96%|█████████▌| 191/200 [16:13<00:45,  5.00s/it]
 96%|█████████▌| 192/200 [16:18<00:40,  5.00s/it]
 96%|█████████▋| 193/200 [16:23<00:34,  4.93s/it]
 97%|█████████▋| 194/200 [16:28<00:30,  5.11s/it]
 98%|█████████▊| 195/200 [16:34<00:26,  5.31s/it]
 98%|█████████▊| 196/200 [16:40<00:22,  5.57s/it]
 98%|█████████▊| 197/200 [16:46<00:17,  5.71s/it]
 99%|█████████▉| 198/200 [16:51<00:11,  5.51s/it]
100%|█████████▉| 199/200 [16:57<00:05,  5.50s/it]
100%|██████████| 200/200 [17:03<00:00,  5.63s/it]
                                                 
0
1
2
3
4
5
6
7
8
9
10
11
12
13
14
15
16
17
18
19
20
21
22
23
24
25
26
27
28
29
30
31
32
33
34
35
36
37
38
39
40
41
42
43
44
45
46
47
48
49
50
51
52
53
54
55
56
57
58
59
60
61
62
63
64
65
66
67
68
69
70
71
72
73
74
75
76
77
78
79
80
81
82
83
84
85
86
87
88
89
90
91
92
93
94
95
96
97
98
99
100
101
102
103
104
105
106
107
108
109
110
111
112
113
114
115
116
117
118
119
120
121
122
123
124
125
126
127
128
129
130
131
132
133
134
135
136
137
138
139
140
141
142
143
144
145
146
147
148
149
150
151
152
153
154
155
156
157
158
159
160
161
162
163
164
165
166
167
168
169
170
171
172
173
174
175
176
177
178
179
180
181
182
183
184
185
186
187
188
189
190
191
192
193
194
195
196
197
198
199
