 
Files to read: ['../pilot-cpjump1-data/profiles/2020_11_04_CPJUMP1/BR00116995/BR00116995_normalized_feature_select_negcon.csv.gz']
Files to read: ['../pilot-cpjump1-data/profiles/2020_11_04_CPJUMP1/BR00117024/BR00117024_normalized_feature_select_negcon.csv.gz']
Files to read: ['../pilot-cpjump1-data/profiles/2020_11_04_CPJUMP1/BR00117025/BR00117025_normalized_feature_select_negcon.csv.gz']
Files to read: ['../pilot-cpjump1-data/profiles/2020_11_04_CPJUMP1/BR00117026/BR00117026_normalized_feature_select_negcon.csv.gz']
Files to read: ['../pilot-cpjump1-data/profiles/2020_11_04_CPJUMP1/BR00116997/BR00116997_normalized_feature_select_negcon.csv.gz']
Files to read: ['../pilot-cpjump1-data/profiles/2020_11_04_CPJUMP1/BR00116998/BR00116998_normalized_feature_select_negcon.csv.gz']
Files to read: ['../pilot-cpjump1-data/profiles/2020_11_04_CPJUMP1/BR00116999/BR00116999_normalized_feature_select_negcon.csv.gz']
Files to read: ['../pilot-cpjump1-data/profiles/2020_11_04_CPJUMP1/BR00116996/BR00116996_normalized_feature_select_negcon.csv.gz']
Files to read: ['../pilot-cpjump1-data/profiles/2020_11_04_CPJUMP1/BR00117022/BR00117022_normalized_feature_select_negcon.csv.gz']
Files to read: ['../pilot-cpjump1-data/profiles/2020_11_04_CPJUMP1/BR00117023/BR00117023_normalized_feature_select_negcon.csv.gz']

  0%|          | 0/200 [00:00<?, ?it/s]
  0%|          | 1/200 [00:08<29:13,  8.81s/it]
  1%|          | 2/200 [00:14<22:05,  6.69s/it]
  2%|▏         | 3/200 [00:20<20:58,  6.39s/it]
  2%|▏         | 4/200 [00:26<20:31,  6.28s/it]
  2%|▎         | 5/200 [00:31<19:22,  5.96s/it]
  3%|▎         | 6/200 [00:37<18:58,  5.87s/it]
  4%|▎         | 7/200 [00:42<18:16,  5.68s/it]
  4%|▍         | 8/200 [00:48<18:11,  5.68s/it]
  4%|▍         | 9/200 [00:54<18:26,  5.79s/it]
  5%|▌         | 10/200 [00:59<17:34,  5.55s/it]
  6%|▌         | 11/200 [01:04<17:28,  5.55s/it]
  6%|▌         | 12/200 [01:10<17:03,  5.44s/it]
  6%|▋         | 13/200 [01:15<17:01,  5.46s/it]
  7%|▋         | 14/200 [01:20<16:37,  5.36s/it]
  8%|▊         | 15/200 [01:26<16:37,  5.39s/it]
  8%|▊         | 16/200 [01:31<16:20,  5.33s/it]
  8%|▊         | 17/200 [01:36<16:20,  5.36s/it]
  9%|▉         | 18/200 [01:42<16:14,  5.36s/it]
 10%|▉         | 19/200 [01:47<16:04,  5.33s/it]
 10%|█         | 20/200 [01:52<15:47,  5.27s/it]
 10%|█         | 21/200 [01:57<15:37,  5.24s/it]
 11%|█         | 22/200 [02:03<15:43,  5.30s/it]
 12%|█▏        | 23/200 [02:08<15:41,  5.32s/it]
 12%|█▏        | 24/200 [02:14<15:52,  5.41s/it]
 12%|█▎        | 25/200 [02:19<15:52,  5.44s/it]
 13%|█▎        | 26/200 [02:25<15:54,  5.48s/it]
 14%|█▎        | 27/200 [02:31<16:22,  5.68s/it]
 14%|█▍        | 28/200 [02:37<16:19,  5.70s/it]
 14%|█▍        | 29/200 [02:41<15:36,  5.47s/it]
 15%|█▌        | 30/200 [02:47<15:27,  5.45s/it]
 16%|█▌        | 31/200 [02:52<15:23,  5.46s/it]
 16%|█▌        | 32/200 [02:58<15:21,  5.48s/it]
 16%|█▋        | 33/200 [03:03<15:02,  5.41s/it]
 17%|█▋        | 34/200 [03:09<15:30,  5.60s/it]
 18%|█▊        | 35/200 [03:15<15:51,  5.77s/it]
 18%|█▊        | 36/200 [03:21<15:17,  5.59s/it]
 18%|█▊        | 37/200 [03:26<15:00,  5.53s/it]
 19%|█▉        | 38/200 [03:31<14:40,  5.44s/it]
 20%|█▉        | 39/200 [03:36<14:19,  5.34s/it]
 20%|██        | 40/200 [03:41<14:06,  5.29s/it]
 20%|██        | 41/200 [03:47<14:11,  5.35s/it]
 21%|██        | 42/200 [03:52<14:05,  5.35s/it]
 22%|██▏       | 43/200 [03:57<13:52,  5.30s/it]
 22%|██▏       | 44/200 [04:03<13:35,  5.23s/it]
 22%|██▎       | 45/200 [04:08<13:29,  5.22s/it]
 23%|██▎       | 46/200 [04:13<13:22,  5.21s/it]
 24%|██▎       | 47/200 [04:18<13:08,  5.15s/it]
 24%|██▍       | 48/200 [04:23<13:22,  5.28s/it]
 24%|██▍       | 49/200 [04:29<13:05,  5.20s/it]
 25%|██▌       | 50/200 [04:34<12:58,  5.19s/it]
 26%|██▌       | 51/200 [04:39<12:42,  5.12s/it]
 26%|██▌       | 52/200 [04:44<12:51,  5.21s/it]
 26%|██▋       | 53/200 [04:49<12:52,  5.25s/it]
 27%|██▋       | 54/200 [04:55<12:50,  5.28s/it]
 28%|██▊       | 55/200 [05:01<13:22,  5.53s/it]
 28%|██▊       | 56/200 [05:07<13:33,  5.65s/it]
 28%|██▊       | 57/200 [05:12<13:19,  5.59s/it]
 29%|██▉       | 58/200 [05:18<12:59,  5.49s/it]
 30%|██▉       | 59/200 [05:23<12:34,  5.35s/it]
 30%|███       | 60/200 [05:28<12:20,  5.29s/it]
 30%|███       | 61/200 [05:33<12:05,  5.22s/it]
 31%|███       | 62/200 [05:38<12:03,  5.25s/it]
 32%|███▏      | 63/200 [05:43<11:53,  5.21s/it]
 32%|███▏      | 64/200 [05:48<11:41,  5.16s/it]
 32%|███▎      | 65/200 [05:53<11:32,  5.13s/it]
 33%|███▎      | 66/200 [05:59<11:42,  5.24s/it]
 34%|███▎      | 67/200 [06:04<11:34,  5.22s/it]
 34%|███▍      | 68/200 [06:09<11:33,  5.26s/it]
 34%|███▍      | 69/200 [06:14<11:17,  5.17s/it]
 35%|███▌      | 70/200 [06:19<11:14,  5.18s/it]
 36%|███▌      | 71/200 [06:25<11:10,  5.20s/it]
 36%|███▌      | 72/200 [06:30<11:00,  5.16s/it]
 36%|███▋      | 73/200 [06:35<11:00,  5.20s/it]
 37%|███▋      | 74/200 [06:41<11:06,  5.29s/it]
 38%|███▊      | 75/200 [06:46<10:48,  5.19s/it]
 38%|███▊      | 76/200 [06:51<10:49,  5.24s/it]
 38%|███▊      | 77/200 [06:56<10:43,  5.23s/it]
 39%|███▉      | 78/200 [07:02<10:49,  5.33s/it]
 40%|███▉      | 79/200 [07:07<10:41,  5.30s/it]
 40%|████      | 80/200 [07:12<10:34,  5.29s/it]
 40%|████      | 81/200 [07:17<10:18,  5.20s/it]
 41%|████      | 82/200 [07:23<10:19,  5.25s/it]
 42%|████▏     | 83/200 [07:28<10:16,  5.27s/it]
 42%|████▏     | 84/200 [07:33<10:16,  5.31s/it]
 42%|████▎     | 85/200 [07:38<10:03,  5.25s/it]
 43%|████▎     | 86/200 [07:44<10:03,  5.30s/it]
 44%|████▎     | 87/200 [07:49<09:55,  5.27s/it]
 44%|████▍     | 88/200 [07:55<10:10,  5.45s/it]
 44%|████▍     | 89/200 [08:00<10:03,  5.44s/it]
 45%|████▌     | 90/200 [08:06<10:04,  5.50s/it]
 46%|████▌     | 91/200 [08:12<10:16,  5.66s/it]
 46%|████▌     | 92/200 [08:18<10:09,  5.64s/it]
 46%|████▋     | 93/200 [08:23<09:50,  5.52s/it]
 47%|████▋     | 94/200 [08:28<09:50,  5.57s/it]
 48%|████▊     | 95/200 [08:34<09:46,  5.58s/it]
 48%|████▊     | 96/200 [08:40<09:41,  5.59s/it]
 48%|████▊     | 97/200 [08:45<09:24,  5.48s/it]
 49%|████▉     | 98/200 [08:50<09:08,  5.38s/it]
 50%|████▉     | 99/200 [08:56<09:10,  5.45s/it]
 50%|█████     | 100/200 [09:01<09:02,  5.43s/it]
 50%|█████     | 101/200 [09:06<08:49,  5.35s/it]
 51%|█████     | 102/200 [09:12<08:45,  5.36s/it]
 52%|█████▏    | 103/200 [09:17<08:36,  5.33s/it]
 52%|█████▏    | 104/200 [09:22<08:38,  5.40s/it]
 52%|█████▎    | 105/200 [09:28<08:29,  5.36s/it]
 53%|█████▎    | 106/200 [09:33<08:15,  5.27s/it]
 54%|█████▎    | 107/200 [09:38<08:06,  5.23s/it]
 54%|█████▍    | 108/200 [09:43<08:01,  5.23s/it]
 55%|█████▍    | 109/200 [09:49<08:11,  5.40s/it]
 55%|█████▌    | 110/200 [09:54<07:58,  5.31s/it]
 56%|█████▌    | 111/200 [09:59<07:43,  5.21s/it]
 56%|█████▌    | 112/200 [10:04<07:31,  5.14s/it]
 56%|█████▋    | 113/200 [10:09<07:29,  5.17s/it]
 57%|█████▋    | 114/200 [10:14<07:17,  5.08s/it]
 57%|█████▊    | 115/200 [10:20<07:33,  5.34s/it]
 58%|█████▊    | 116/200 [10:26<07:45,  5.54s/it]
 58%|█████▊    | 117/200 [10:32<07:55,  5.73s/it]
 59%|█████▉    | 118/200 [10:37<07:34,  5.54s/it]
 60%|█████▉    | 119/200 [10:42<07:18,  5.41s/it]
 60%|██████    | 120/200 [10:48<07:10,  5.38s/it]
 60%|██████    | 121/200 [10:53<06:59,  5.31s/it]
 61%|██████    | 122/200 [10:58<06:53,  5.31s/it]
 62%|██████▏   | 123/200 [11:04<06:53,  5.37s/it]
 62%|██████▏   | 124/200 [11:09<06:45,  5.34s/it]
 62%|██████▎   | 125/200 [11:14<06:40,  5.34s/it]
 63%|██████▎   | 126/200 [11:19<06:31,  5.29s/it]
 64%|██████▎   | 127/200 [11:25<06:24,  5.27s/it]
 64%|██████▍   | 128/200 [11:30<06:22,  5.32s/it]
 64%|██████▍   | 129/200 [11:36<06:22,  5.38s/it]
 65%|██████▌   | 130/200 [11:41<06:07,  5.25s/it]
 66%|██████▌   | 131/200 [11:45<05:54,  5.14s/it]
 66%|██████▌   | 132/200 [11:51<05:53,  5.20s/it]
 66%|██████▋   | 133/200 [11:56<05:47,  5.19s/it]
 67%|██████▋   | 134/200 [12:01<05:40,  5.16s/it]
 68%|██████▊   | 135/200 [12:06<05:35,  5.15s/it]
 68%|██████▊   | 136/200 [12:11<05:28,  5.14s/it]
 68%|██████▊   | 137/200 [12:17<05:36,  5.34s/it]
 69%|██████▉   | 138/200 [12:22<05:29,  5.31s/it]
 70%|██████▉   | 139/200 [12:28<05:22,  5.29s/it]
 70%|███████   | 140/200 [12:33<05:16,  5.27s/it]
 70%|███████   | 141/200 [12:38<05:11,  5.27s/it]
 71%|███████   | 142/200 [12:43<05:02,  5.22s/it]
 72%|███████▏  | 143/200 [12:49<05:01,  5.30s/it]
 72%|███████▏  | 144/200 [12:54<05:05,  5.46s/it]
 72%|███████▎  | 145/200 [13:00<05:00,  5.46s/it]
 73%|███████▎  | 146/200 [13:05<04:45,  5.28s/it]
 74%|███████▎  | 147/200 [13:10<04:39,  5.28s/it]
 74%|███████▍  | 148/200 [13:15<04:31,  5.22s/it]
 74%|███████▍  | 149/200 [13:21<04:29,  5.29s/it]
 75%|███████▌  | 150/200 [13:26<04:21,  5.23s/it]
 76%|███████▌  | 151/200 [13:30<04:08,  5.07s/it]
 76%|███████▌  | 152/200 [13:35<04:03,  5.08s/it]
 76%|███████▋  | 153/200 [13:41<04:01,  5.14s/it]
 77%|███████▋  | 154/200 [13:46<03:53,  5.08s/it]
 78%|███████▊  | 155/200 [13:51<03:46,  5.03s/it]
 78%|███████▊  | 156/200 [13:56<03:41,  5.04s/it]
 78%|███████▊  | 157/200 [14:01<03:35,  5.02s/it]
 79%|███████▉  | 158/200 [14:06<03:30,  5.00s/it]
 80%|███████▉  | 159/200 [14:11<03:25,  5.01s/it]
 80%|████████  | 160/200 [14:16<03:23,  5.08s/it]
 80%|████████  | 161/200 [14:21<03:13,  4.97s/it]
 81%|████████  | 162/200 [14:25<03:07,  4.93s/it]
 82%|████████▏ | 163/200 [14:30<03:01,  4.91s/it]
 82%|████████▏ | 164/200 [14:35<02:57,  4.94s/it]
 82%|████████▎ | 165/200 [14:40<02:52,  4.93s/it]
 83%|████████▎ | 166/200 [14:45<02:49,  4.98s/it]
 84%|████████▎ | 167/200 [14:50<02:43,  4.95s/it]
 84%|████████▍ | 168/200 [14:55<02:38,  4.97s/it]
 84%|████████▍ | 169/200 [15:00<02:31,  4.89s/it]
 85%|████████▌ | 170/200 [15:05<02:32,  5.08s/it]
 86%|████████▌ | 171/200 [15:11<02:28,  5.11s/it]
 86%|████████▌ | 172/200 [15:16<02:25,  5.19s/it]
 86%|████████▋ | 173/200 [15:21<02:18,  5.14s/it]
 87%|████████▋ | 174/200 [15:26<02:12,  5.09s/it]
 88%|████████▊ | 175/200 [15:31<02:08,  5.12s/it]
 88%|████████▊ | 176/200 [15:36<02:02,  5.11s/it]
 88%|████████▊ | 177/200 [15:42<02:00,  5.24s/it]
 89%|████████▉ | 178/200 [15:47<01:57,  5.36s/it]
 90%|████████▉ | 179/200 [15:53<01:52,  5.37s/it]
 90%|█████████ | 180/200 [15:58<01:44,  5.22s/it]
 90%|█████████ | 181/200 [16:03<01:38,  5.19s/it]
 91%|█████████ | 182/200 [16:08<01:32,  5.14s/it]
 92%|█████████▏| 183/200 [16:13<01:27,  5.12s/it]
 92%|█████████▏| 184/200 [16:18<01:21,  5.11s/it]
 92%|█████████▎| 185/200 [16:23<01:17,  5.14s/it]
 93%|█████████▎| 186/200 [16:29<01:12,  5.20s/it]
 94%|█████████▎| 187/200 [16:34<01:08,  5.24s/it]
 94%|█████████▍| 188/200 [16:39<01:03,  5.31s/it]
 94%|█████████▍| 189/200 [16:45<00:58,  5.31s/it]
 95%|█████████▌| 190/200 [16:50<00:52,  5.25s/it]
 96%|█████████▌| 191/200 [16:55<00:47,  5.29s/it]
 96%|█████████▌| 192/200 [17:00<00:41,  5.24s/it]
 96%|█████████▋| 193/200 [17:05<00:36,  5.20s/it]
 97%|█████████▋| 194/200 [17:10<00:31,  5.17s/it]
 98%|█████████▊| 195/200 [17:15<00:25,  5.03s/it]
 98%|█████████▊| 196/200 [17:20<00:20,  5.00s/it]
 98%|█████████▊| 197/200 [17:25<00:14,  4.94s/it]
 99%|█████████▉| 198/200 [17:30<00:09,  4.94s/it]
100%|█████████▉| 199/200 [17:35<00:05,  5.02s/it]
100%|██████████| 200/200 [17:40<00:00,  5.03s/it]
                                                 
0
1
2
3
4
5
6
7
8
9
10
11
12
13
14
15
16
17
18
19
20
21
22
23
24
25
26
27
28
29
30
31
32
33
34
35
36
37
38
39
40
41
42
43
44
45
46
47
48
49
50
51
52
53
54
55
56
57
58
59
60
61
62
63
64
65
66
67
68
69
70
71
72
73
74
75
76
77
78
79
80
81
82
83
84
85
86
87
88
89
90
91
92
93
94
95
96
97
98
99
100
101
102
103
104
105
106
107
108
109
110
111
112
113
114
115
116
117
118
119
120
121
122
123
124
125
126
127
128
129
130
131
132
133
134
135
136
137
138
139
140
141
142
143
144
145
146
147
148
149
150
151
152
153
154
155
156
157
158
159
160
161
162
163
164
165
166
167
168
169
170
171
172
173
174
175
176
177
178
179
180
181
182
183
184
185
186
187
188
189
190
191
192
193
194
195
196
197
198
199
