 
Files to read: ['../pilot-cpjump1-data/profiles/2020_11_04_CPJUMP1/BR00116995/BR00116995_normalized_feature_select_negcon.csv.gz']
Files to read: ['../pilot-cpjump1-data/profiles/2020_11_04_CPJUMP1/BR00117024/BR00117024_normalized_feature_select_negcon.csv.gz']
Files to read: ['../pilot-cpjump1-data/profiles/2020_11_04_CPJUMP1/BR00117025/BR00117025_normalized_feature_select_negcon.csv.gz']
Files to read: ['../pilot-cpjump1-data/profiles/2020_11_04_CPJUMP1/BR00117026/BR00117026_normalized_feature_select_negcon.csv.gz']
Files to read: ['../pilot-cpjump1-data/profiles/2020_11_04_CPJUMP1/BR00116997/BR00116997_normalized_feature_select_negcon.csv.gz']
Files to read: ['../pilot-cpjump1-data/profiles/2020_11_04_CPJUMP1/BR00116998/BR00116998_normalized_feature_select_negcon.csv.gz']
Files to read: ['../pilot-cpjump1-data/profiles/2020_11_04_CPJUMP1/BR00116999/BR00116999_normalized_feature_select_negcon.csv.gz']
Files to read: ['../pilot-cpjump1-data/profiles/2020_11_04_CPJUMP1/BR00116996/BR00116996_normalized_feature_select_negcon.csv.gz']
Files to read: ['../pilot-cpjump1-data/profiles/2020_11_04_CPJUMP1/BR00117022/BR00117022_normalized_feature_select_negcon.csv.gz']
Files to read: ['../pilot-cpjump1-data/profiles/2020_11_04_CPJUMP1/BR00117023/BR00117023_normalized_feature_select_negcon.csv.gz']

  0%|          | 0/200 [00:00<?, ?it/s]
  0%|          | 1/200 [00:05<18:15,  5.51s/it]
  1%|          | 2/200 [00:09<15:06,  4.58s/it]
  2%|▏         | 3/200 [00:13<13:52,  4.22s/it]
  2%|▏         | 4/200 [00:17<13:18,  4.07s/it]
  2%|▎         | 5/200 [00:20<12:52,  3.96s/it]
  3%|▎         | 6/200 [00:24<12:34,  3.89s/it]
  4%|▎         | 7/200 [00:28<12:43,  3.95s/it]
  4%|▍         | 8/200 [00:32<12:29,  3.90s/it]
  4%|▍         | 9/200 [00:36<12:40,  3.98s/it]
  5%|▌         | 10/200 [00:40<12:29,  3.95s/it]
  6%|▌         | 11/200 [00:45<13:05,  4.16s/it]
  6%|▌         | 12/200 [00:49<13:06,  4.18s/it]
  6%|▋         | 13/200 [00:53<13:22,  4.29s/it]
  7%|▋         | 14/200 [00:58<13:41,  4.42s/it]
  8%|▊         | 15/200 [01:02<13:11,  4.28s/it]
  8%|▊         | 16/200 [01:06<12:39,  4.13s/it]
  8%|▊         | 17/200 [01:10<12:39,  4.15s/it]
  9%|▉         | 18/200 [01:14<12:39,  4.17s/it]
 10%|▉         | 19/200 [01:18<12:32,  4.16s/it]
 10%|█         | 20/200 [01:22<12:02,  4.01s/it]
 10%|█         | 21/200 [01:26<11:57,  4.01s/it]
 11%|█         | 22/200 [01:30<11:34,  3.90s/it]
 12%|█▏        | 23/200 [01:33<11:15,  3.82s/it]
 12%|█▏        | 24/200 [01:37<11:15,  3.84s/it]
 12%|█▎        | 25/200 [01:41<11:17,  3.87s/it]
 13%|█▎        | 26/200 [01:45<11:20,  3.91s/it]
 14%|█▎        | 27/200 [01:49<11:09,  3.87s/it]
 14%|█▍        | 28/200 [01:53<11:29,  4.01s/it]
 14%|█▍        | 29/200 [01:57<11:20,  3.98s/it]
 15%|█▌        | 30/200 [02:01<11:12,  3.96s/it]
 16%|█▌        | 31/200 [02:05<11:07,  3.95s/it]
 16%|█▌        | 32/200 [02:09<11:05,  3.96s/it]
 16%|█▋        | 33/200 [02:13<11:16,  4.05s/it]
 17%|█▋        | 34/200 [02:17<11:02,  3.99s/it]
 18%|█▊        | 35/200 [02:21<10:38,  3.87s/it]
 18%|█▊        | 36/200 [02:25<10:31,  3.85s/it]
 18%|█▊        | 37/200 [02:29<10:46,  3.97s/it]
 19%|█▉        | 38/200 [02:32<10:28,  3.88s/it]
 20%|█▉        | 39/200 [02:36<10:28,  3.90s/it]
 20%|██        | 40/200 [02:41<10:44,  4.03s/it]
 20%|██        | 41/200 [02:45<10:32,  3.98s/it]
 21%|██        | 42/200 [02:48<10:23,  3.94s/it]
 22%|██▏       | 43/200 [02:52<10:23,  3.97s/it]
 22%|██▏       | 44/200 [02:56<10:19,  3.97s/it]
 22%|██▎       | 45/200 [03:00<10:12,  3.95s/it]
 23%|██▎       | 46/200 [03:04<09:58,  3.89s/it]
 24%|██▎       | 47/200 [03:08<09:55,  3.89s/it]
 24%|██▍       | 48/200 [03:12<09:56,  3.93s/it]
 24%|██▍       | 49/200 [03:16<09:46,  3.88s/it]
 25%|██▌       | 50/200 [03:20<09:37,  3.85s/it]
 26%|██▌       | 51/200 [03:23<09:35,  3.87s/it]
 26%|██▌       | 52/200 [03:28<09:48,  3.98s/it]
 26%|██▋       | 53/200 [03:31<09:30,  3.88s/it]
 27%|██▋       | 54/200 [03:35<09:34,  3.93s/it]
 28%|██▊       | 55/200 [03:40<09:41,  4.01s/it]
 28%|██▊       | 56/200 [03:44<09:48,  4.09s/it]
 28%|██▊       | 57/200 [03:48<09:49,  4.13s/it]
 29%|██▉       | 58/200 [03:53<10:07,  4.28s/it]
 30%|██▉       | 59/200 [03:57<10:00,  4.26s/it]
 30%|███       | 60/200 [04:01<09:44,  4.18s/it]
 30%|███       | 61/200 [04:05<09:31,  4.11s/it]
 31%|███       | 62/200 [04:09<09:31,  4.14s/it]
 32%|███▏      | 63/200 [04:13<09:22,  4.11s/it]
 32%|███▏      | 64/200 [04:17<09:10,  4.05s/it]
 32%|███▎      | 65/200 [04:21<08:54,  3.96s/it]
 33%|███▎      | 66/200 [04:25<08:44,  3.91s/it]
 34%|███▎      | 67/200 [04:29<08:40,  3.91s/it]
 34%|███▍      | 68/200 [04:32<08:36,  3.91s/it]
 34%|███▍      | 69/200 [04:36<08:30,  3.90s/it]
 35%|███▌      | 70/200 [04:40<08:22,  3.86s/it]
 36%|███▌      | 71/200 [04:45<08:42,  4.05s/it]
 36%|███▌      | 72/200 [04:49<08:41,  4.07s/it]
 36%|███▋      | 73/200 [04:52<08:27,  4.00s/it]
 37%|███▋      | 74/200 [04:56<08:12,  3.91s/it]
 38%|███▊      | 75/200 [05:00<08:07,  3.90s/it]
 38%|███▊      | 76/200 [05:04<08:04,  3.91s/it]
 38%|███▊      | 77/200 [05:08<08:06,  3.95s/it]
 39%|███▉      | 78/200 [05:12<07:56,  3.90s/it]
 40%|███▉      | 79/200 [05:16<07:51,  3.90s/it]
 40%|████      | 80/200 [05:20<07:45,  3.88s/it]
 40%|████      | 81/200 [05:23<07:42,  3.88s/it]
 41%|████      | 82/200 [05:27<07:36,  3.86s/it]
 42%|████▏     | 83/200 [05:31<07:40,  3.94s/it]
 42%|████▏     | 84/200 [05:35<07:34,  3.92s/it]
 42%|████▎     | 85/200 [05:40<07:43,  4.03s/it]
 43%|████▎     | 86/200 [05:43<07:35,  4.00s/it]
 44%|████▎     | 87/200 [05:47<07:32,  4.00s/it]
 44%|████▍     | 88/200 [05:51<07:19,  3.92s/it]
 44%|████▍     | 89/200 [05:55<07:17,  3.94s/it]
 45%|████▌     | 90/200 [05:59<07:10,  3.91s/it]
 46%|████▌     | 91/200 [06:03<06:54,  3.80s/it]
 46%|████▌     | 92/200 [06:07<07:05,  3.94s/it]
 46%|████▋     | 93/200 [06:11<06:58,  3.91s/it]
 47%|████▋     | 94/200 [06:15<06:53,  3.91s/it]
 48%|████▊     | 95/200 [06:18<06:38,  3.80s/it]
 48%|████▊     | 96/200 [06:22<06:35,  3.80s/it]
 48%|████▊     | 97/200 [06:26<06:33,  3.82s/it]
 49%|████▉     | 98/200 [06:29<06:20,  3.73s/it]
 50%|████▉     | 99/200 [06:33<06:22,  3.78s/it]
 50%|█████     | 100/200 [06:37<06:22,  3.83s/it]
 50%|█████     | 101/200 [06:41<06:17,  3.81s/it]
 51%|█████     | 102/200 [06:45<06:14,  3.83s/it]
 52%|█████▏    | 103/200 [06:49<06:32,  4.05s/it]
 52%|█████▏    | 104/200 [06:54<06:41,  4.19s/it]
 52%|█████▎    | 105/200 [06:58<06:43,  4.25s/it]
 53%|█████▎    | 106/200 [07:03<06:47,  4.34s/it]
 54%|█████▎    | 107/200 [07:07<06:37,  4.27s/it]
 54%|█████▍    | 108/200 [07:11<06:14,  4.08s/it]
 55%|█████▍    | 109/200 [07:15<06:07,  4.04s/it]
 55%|█████▌    | 110/200 [07:18<05:55,  3.95s/it]
 56%|█████▌    | 111/200 [07:22<05:50,  3.94s/it]
 56%|█████▌    | 112/200 [07:26<05:50,  3.98s/it]
 56%|█████▋    | 113/200 [07:30<05:41,  3.93s/it]
 57%|█████▋    | 114/200 [07:34<05:41,  3.97s/it]
 57%|█████▊    | 115/200 [07:38<05:34,  3.94s/it]
 58%|█████▊    | 116/200 [07:42<05:32,  3.96s/it]
 58%|█████▊    | 117/200 [07:46<05:26,  3.94s/it]
 59%|█████▉    | 118/200 [07:50<05:28,  4.01s/it]
 60%|█████▉    | 119/200 [07:54<05:16,  3.90s/it]
 60%|██████    | 120/200 [07:57<05:08,  3.86s/it]
 60%|██████    | 121/200 [08:01<05:02,  3.83s/it]
 61%|██████    | 122/200 [08:05<05:02,  3.88s/it]
 62%|██████▏   | 123/200 [08:09<05:07,  3.99s/it]
 62%|██████▏   | 124/200 [08:13<05:02,  3.98s/it]
 62%|██████▎   | 125/200 [08:17<04:55,  3.94s/it]
 63%|██████▎   | 126/200 [08:21<04:46,  3.87s/it]
 64%|██████▎   | 127/200 [08:25<04:40,  3.84s/it]
 64%|██████▍   | 128/200 [08:29<04:39,  3.89s/it]
 64%|██████▍   | 129/200 [08:33<04:43,  4.00s/it]
 65%|██████▌   | 130/200 [08:37<04:48,  4.12s/it]
 66%|██████▌   | 131/200 [08:41<04:37,  4.03s/it]
 66%|██████▌   | 132/200 [08:46<04:40,  4.12s/it]
 66%|██████▋   | 133/200 [08:50<04:32,  4.07s/it]
 67%|██████▋   | 134/200 [08:53<04:23,  3.99s/it]
 68%|██████▊   | 135/200 [08:57<04:16,  3.94s/it]
 68%|██████▊   | 136/200 [09:01<04:07,  3.87s/it]
 68%|██████▊   | 137/200 [09:05<04:04,  3.88s/it]
 69%|██████▉   | 138/200 [09:08<03:58,  3.84s/it]
 70%|██████▉   | 139/200 [09:12<03:54,  3.85s/it]
 70%|███████   | 140/200 [09:16<03:50,  3.84s/it]
 70%|███████   | 141/200 [09:20<03:48,  3.87s/it]
 71%|███████   | 142/200 [09:24<03:39,  3.79s/it]
 72%|███████▏  | 143/200 [09:28<03:51,  4.06s/it]
 72%|███████▏  | 144/200 [09:33<03:51,  4.13s/it]
 72%|███████▎  | 145/200 [09:36<03:41,  4.03s/it]
 73%|███████▎  | 146/200 [09:41<03:50,  4.27s/it]
 74%|███████▎  | 147/200 [09:45<03:41,  4.17s/it]
 74%|███████▍  | 148/200 [09:49<03:36,  4.17s/it]
 74%|███████▍  | 149/200 [09:54<03:33,  4.19s/it]
 75%|███████▌  | 150/200 [09:57<03:21,  4.03s/it]
 76%|███████▌  | 151/200 [10:01<03:11,  3.91s/it]
 76%|███████▌  | 152/200 [10:05<03:05,  3.87s/it]
 76%|███████▋  | 153/200 [10:09<03:02,  3.88s/it]
 77%|███████▋  | 154/200 [10:13<02:58,  3.88s/it]
 78%|███████▊  | 155/200 [10:16<02:55,  3.89s/it]
 78%|███████▊  | 156/200 [10:20<02:50,  3.89s/it]
 78%|███████▊  | 157/200 [10:24<02:48,  3.91s/it]
 79%|███████▉  | 158/200 [10:28<02:40,  3.81s/it]
 80%|███████▉  | 159/200 [10:32<02:37,  3.85s/it]
 80%|████████  | 160/200 [10:36<02:43,  4.10s/it]
 80%|████████  | 161/200 [10:40<02:38,  4.05s/it]
 81%|████████  | 162/200 [10:44<02:30,  3.95s/it]
 82%|████████▏ | 163/200 [10:48<02:24,  3.90s/it]
 82%|████████▏ | 164/200 [10:52<02:19,  3.88s/it]
 82%|████████▎ | 165/200 [10:56<02:17,  3.93s/it]
 83%|████████▎ | 166/200 [11:00<02:13,  3.93s/it]
 84%|████████▎ | 167/200 [11:04<02:08,  3.90s/it]
 84%|████████▍ | 168/200 [11:07<02:03,  3.87s/it]
 84%|████████▍ | 169/200 [11:11<02:01,  3.92s/it]
 85%|████████▌ | 170/200 [11:16<02:01,  4.05s/it]
 86%|████████▌ | 171/200 [11:20<01:55,  3.98s/it]
 86%|████████▌ | 172/200 [11:24<01:57,  4.21s/it]
 86%|████████▋ | 173/200 [11:28<01:51,  4.13s/it]
 87%|████████▋ | 174/200 [11:32<01:47,  4.13s/it]
 88%|████████▊ | 175/200 [11:36<01:40,  4.03s/it]
 88%|████████▊ | 176/200 [11:40<01:35,  3.99s/it]
 88%|████████▊ | 177/200 [11:44<01:31,  3.98s/it]
 89%|████████▉ | 178/200 [11:48<01:26,  3.94s/it]
 90%|████████▉ | 179/200 [11:52<01:22,  3.91s/it]
 90%|█████████ | 180/200 [11:56<01:17,  3.88s/it]
 90%|█████████ | 181/200 [11:59<01:14,  3.90s/it]
 91%|█████████ | 182/200 [12:03<01:10,  3.89s/it]
 92%|█████████▏| 183/200 [12:07<01:07,  3.96s/it]
 92%|█████████▏| 184/200 [12:11<01:02,  3.89s/it]
 92%|█████████▎| 185/200 [12:15<00:58,  3.88s/it]
 93%|█████████▎| 186/200 [12:19<00:54,  3.90s/it]
 94%|█████████▎| 187/200 [12:23<00:50,  3.91s/it]
 94%|█████████▍| 188/200 [12:27<00:46,  3.90s/it]
 94%|█████████▍| 189/200 [12:31<00:42,  3.88s/it]
 95%|█████████▌| 190/200 [12:35<00:38,  3.88s/it]
 96%|█████████▌| 191/200 [12:38<00:34,  3.85s/it]
 96%|█████████▌| 192/200 [12:42<00:31,  3.90s/it]
 96%|█████████▋| 193/200 [12:46<00:27,  3.86s/it]
 97%|█████████▋| 194/200 [12:50<00:22,  3.81s/it]
 98%|█████████▊| 195/200 [12:54<00:19,  3.89s/it]
 98%|█████████▊| 196/200 [12:58<00:15,  3.88s/it]
 98%|█████████▊| 197/200 [13:02<00:11,  3.96s/it]
 99%|█████████▉| 198/200 [13:06<00:08,  4.05s/it]
100%|█████████▉| 199/200 [13:10<00:04,  4.07s/it]
100%|██████████| 200/200 [13:14<00:00,  4.03s/it]
                                                 
0
1
2
3
4
5
6
7
8
9
10
11
12
13
14
15
16
17
18
19
20
21
22
23
24
25
26
27
28
29
30
31
32
33
34
35
36
37
38
39
40
41
42
43
44
45
46
47
48
49
50
51
52
53
54
55
56
57
58
59
60
61
62
63
64
65
66
67
68
69
70
71
72
73
74
75
76
77
78
79
80
81
82
83
84
85
86
87
88
89
90
91
92
93
94
95
96
97
98
99
100
101
102
103
104
105
106
107
108
109
110
111
112
113
114
115
116
117
118
119
120
121
122
123
124
125
126
127
128
129
130
131
132
133
134
135
136
137
138
139
140
141
142
143
144
145
146
147
148
149
150
151
152
153
154
155
156
157
158
159
160
161
162
163
164
165
166
167
168
169
170
171
172
173
174
175
176
177
178
179
180
181
182
183
184
185
186
187
188
189
190
191
192
193
194
195
196
197
198
199
