 
Files to read: ['../pilot-cpjump1-data/profiles/2020_11_04_CPJUMP1/BR00116995/BR00116995_normalized_feature_select_negcon.csv.gz']
Files to read: ['../pilot-cpjump1-data/profiles/2020_11_04_CPJUMP1/BR00117024/BR00117024_normalized_feature_select_negcon.csv.gz']
Files to read: ['../pilot-cpjump1-data/profiles/2020_11_04_CPJUMP1/BR00117025/BR00117025_normalized_feature_select_negcon.csv.gz']
Files to read: ['../pilot-cpjump1-data/profiles/2020_11_04_CPJUMP1/BR00117026/BR00117026_normalized_feature_select_negcon.csv.gz']
Files to read: ['../pilot-cpjump1-data/profiles/2020_11_04_CPJUMP1/BR00116997/BR00116997_normalized_feature_select_negcon.csv.gz']
Files to read: ['../pilot-cpjump1-data/profiles/2020_11_04_CPJUMP1/BR00116998/BR00116998_normalized_feature_select_negcon.csv.gz']
Files to read: ['../pilot-cpjump1-data/profiles/2020_11_04_CPJUMP1/BR00116999/BR00116999_normalized_feature_select_negcon.csv.gz']
Files to read: ['../pilot-cpjump1-data/profiles/2020_11_04_CPJUMP1/BR00116996/BR00116996_normalized_feature_select_negcon.csv.gz']
Files to read: ['../pilot-cpjump1-data/profiles/2020_11_04_CPJUMP1/BR00117022/BR00117022_normalized_feature_select_negcon.csv.gz']
Files to read: ['../pilot-cpjump1-data/profiles/2020_11_04_CPJUMP1/BR00117023/BR00117023_normalized_feature_select_negcon.csv.gz']

  0%|          | 0/200 [00:00<?, ?it/s]
  0%|          | 1/200 [00:06<20:54,  6.31s/it]
  1%|          | 2/200 [00:11<19:34,  5.93s/it]
  2%|▏         | 3/200 [00:17<18:42,  5.70s/it]
  2%|▏         | 4/200 [00:22<18:11,  5.57s/it]
  2%|▎         | 5/200 [00:27<17:34,  5.41s/it]
  3%|▎         | 6/200 [00:33<17:11,  5.32s/it]
  4%|▎         | 7/200 [00:38<16:45,  5.21s/it]
  4%|▍         | 8/200 [00:42<16:21,  5.11s/it]
  4%|▍         | 9/200 [00:47<15:49,  4.97s/it]
  5%|▌         | 10/200 [00:52<15:26,  4.88s/it]
  6%|▌         | 11/200 [00:57<15:21,  4.88s/it]
  6%|▌         | 12/200 [01:02<16:07,  5.15s/it]
  6%|▋         | 13/200 [01:07<15:40,  5.03s/it]
  7%|▋         | 14/200 [01:12<15:10,  4.89s/it]
  8%|▊         | 15/200 [01:17<15:07,  4.91s/it]
  8%|▊         | 16/200 [01:21<14:44,  4.81s/it]
  8%|▊         | 17/200 [01:26<14:50,  4.87s/it]
  9%|▉         | 18/200 [01:31<14:40,  4.84s/it]
 10%|▉         | 19/200 [01:36<14:36,  4.84s/it]
 10%|█         | 20/200 [01:41<14:21,  4.79s/it]
 10%|█         | 21/200 [01:46<15:04,  5.05s/it]
 11%|█         | 22/200 [01:51<14:47,  4.99s/it]
 12%|█▏        | 23/200 [01:56<14:18,  4.85s/it]
 12%|█▏        | 24/200 [02:01<14:21,  4.89s/it]
 12%|█▎        | 25/200 [02:05<14:15,  4.89s/it]
 13%|█▎        | 26/200 [02:10<13:56,  4.81s/it]
 14%|█▎        | 27/200 [02:15<13:57,  4.84s/it]
 14%|█▍        | 28/200 [02:20<14:20,  5.00s/it]
 14%|█▍        | 29/200 [02:25<14:17,  5.02s/it]
 15%|█▌        | 30/200 [02:31<15:05,  5.32s/it]
 16%|█▌        | 31/200 [02:37<14:53,  5.28s/it]
 16%|█▌        | 32/200 [02:41<14:06,  5.04s/it]
 16%|█▋        | 33/200 [02:46<13:43,  4.93s/it]
 17%|█▋        | 34/200 [02:50<13:24,  4.85s/it]
 18%|█▊        | 35/200 [02:56<13:46,  5.01s/it]
 18%|█▊        | 36/200 [03:01<13:44,  5.03s/it]
 18%|█▊        | 37/200 [03:06<13:27,  4.95s/it]
 19%|█▉        | 38/200 [03:11<13:24,  4.97s/it]
 20%|█▉        | 39/200 [03:16<13:28,  5.02s/it]
 20%|██        | 40/200 [03:21<13:28,  5.05s/it]
 20%|██        | 41/200 [03:26<13:28,  5.08s/it]
 21%|██        | 42/200 [03:31<13:13,  5.02s/it]
 22%|██▏       | 43/200 [03:36<13:06,  5.01s/it]
 22%|██▏       | 44/200 [03:41<13:10,  5.07s/it]
 22%|██▎       | 45/200 [03:47<13:47,  5.34s/it]
 23%|██▎       | 46/200 [03:53<13:56,  5.43s/it]
 24%|██▎       | 47/200 [03:58<13:24,  5.26s/it]
 24%|██▍       | 48/200 [04:03<13:01,  5.14s/it]
 24%|██▍       | 49/200 [04:07<12:38,  5.02s/it]
 25%|██▌       | 50/200 [04:12<12:27,  4.99s/it]
 26%|██▌       | 51/200 [04:17<12:24,  5.00s/it]
 26%|██▌       | 52/200 [04:22<12:01,  4.88s/it]
 26%|██▋       | 53/200 [04:27<12:12,  4.99s/it]
 27%|██▋       | 54/200 [04:33<12:33,  5.16s/it]
 28%|██▊       | 55/200 [04:39<13:02,  5.40s/it]
 28%|██▊       | 56/200 [04:43<12:25,  5.18s/it]
 28%|██▊       | 57/200 [04:48<12:07,  5.09s/it]
 29%|██▉       | 58/200 [04:53<11:49,  5.00s/it]
 30%|██▉       | 59/200 [04:58<11:36,  4.94s/it]
 30%|███       | 60/200 [05:03<12:04,  5.18s/it]
 30%|███       | 61/200 [05:09<11:57,  5.16s/it]
 31%|███       | 62/200 [05:13<11:38,  5.06s/it]
 32%|███▏      | 63/200 [05:19<11:56,  5.23s/it]
 32%|███▏      | 64/200 [05:24<12:03,  5.32s/it]
 32%|███▎      | 65/200 [05:30<11:47,  5.24s/it]
 33%|███▎      | 66/200 [05:35<11:55,  5.34s/it]
 34%|███▎      | 67/200 [05:41<12:18,  5.55s/it]
 34%|███▍      | 68/200 [05:47<12:21,  5.62s/it]
 34%|███▍      | 69/200 [05:53<12:31,  5.73s/it]
 35%|███▌      | 70/200 [05:58<12:01,  5.55s/it]
 36%|███▌      | 71/200 [06:03<11:34,  5.38s/it]
 36%|███▌      | 72/200 [06:08<11:15,  5.28s/it]
 36%|███▋      | 73/200 [06:13<11:00,  5.20s/it]
 37%|███▋      | 74/200 [06:18<10:47,  5.14s/it]
 38%|███▊      | 75/200 [06:23<10:39,  5.12s/it]
 38%|███▊      | 76/200 [06:28<10:36,  5.13s/it]
 38%|███▊      | 77/200 [06:33<10:27,  5.10s/it]
 39%|███▉      | 78/200 [06:39<10:26,  5.14s/it]
 40%|███▉      | 79/200 [06:44<10:25,  5.17s/it]
 40%|████      | 80/200 [06:49<10:22,  5.19s/it]
 40%|████      | 81/200 [06:54<09:51,  4.97s/it]
 41%|████      | 82/200 [06:58<09:29,  4.82s/it]
 42%|████▏     | 83/200 [07:03<09:34,  4.91s/it]
 42%|████▏     | 84/200 [07:08<09:28,  4.90s/it]
 42%|████▎     | 85/200 [07:13<09:21,  4.88s/it]
 43%|████▎     | 86/200 [07:18<09:13,  4.86s/it]
 44%|████▎     | 87/200 [07:23<09:14,  4.90s/it]
 44%|████▍     | 88/200 [07:28<09:11,  4.92s/it]
 44%|████▍     | 89/200 [07:33<09:08,  4.94s/it]
 45%|████▌     | 90/200 [07:38<09:11,  5.01s/it]
 46%|████▌     | 91/200 [07:43<09:11,  5.06s/it]
 46%|████▌     | 92/200 [07:48<09:20,  5.19s/it]
 46%|████▋     | 93/200 [07:54<09:26,  5.30s/it]
 47%|████▋     | 94/200 [07:59<09:14,  5.23s/it]
 48%|████▊     | 95/200 [08:04<08:44,  5.00s/it]
 48%|████▊     | 96/200 [08:09<08:38,  4.99s/it]
 48%|████▊     | 97/200 [08:13<08:21,  4.87s/it]
 49%|████▉     | 98/200 [08:18<08:09,  4.80s/it]
 50%|████▉     | 99/200 [08:22<07:51,  4.67s/it]
 50%|█████     | 100/200 [08:27<07:39,  4.60s/it]
 50%|█████     | 101/200 [08:31<07:31,  4.56s/it]
 51%|█████     | 102/200 [08:35<07:25,  4.54s/it]
 52%|█████▏    | 103/200 [08:40<07:16,  4.50s/it]
 52%|█████▏    | 104/200 [08:45<07:16,  4.55s/it]
 52%|█████▎    | 105/200 [08:49<07:08,  4.51s/it]
 53%|█████▎    | 106/200 [08:53<07:03,  4.50s/it]
 54%|█████▎    | 107/200 [08:58<06:55,  4.47s/it]
 54%|█████▍    | 108/200 [09:02<06:54,  4.51s/it]
 55%|█████▍    | 109/200 [09:07<06:50,  4.51s/it]
 55%|█████▌    | 110/200 [09:11<06:45,  4.50s/it]
 56%|█████▌    | 111/200 [09:16<06:42,  4.52s/it]
 56%|█████▌    | 112/200 [09:21<06:38,  4.53s/it]
 56%|█████▋    | 113/200 [09:25<06:38,  4.58s/it]
 57%|█████▋    | 114/200 [09:30<06:39,  4.64s/it]
 57%|█████▊    | 115/200 [09:34<06:29,  4.58s/it]
 58%|█████▊    | 116/200 [09:39<06:21,  4.54s/it]
 58%|█████▊    | 117/200 [09:43<06:13,  4.50s/it]
 59%|█████▉    | 118/200 [09:48<06:05,  4.46s/it]
 60%|█████▉    | 119/200 [09:52<06:02,  4.47s/it]
 60%|██████    | 120/200 [09:57<06:08,  4.60s/it]
 60%|██████    | 121/200 [10:02<06:10,  4.69s/it]
 61%|██████    | 122/200 [10:07<06:19,  4.87s/it]
 62%|██████▏   | 123/200 [10:12<06:15,  4.88s/it]
 62%|██████▏   | 124/200 [10:17<06:04,  4.79s/it]
 62%|██████▎   | 125/200 [10:21<05:52,  4.70s/it]
 63%|██████▎   | 126/200 [10:26<05:44,  4.66s/it]
 64%|██████▎   | 127/200 [10:31<05:47,  4.76s/it]
 64%|██████▍   | 128/200 [10:36<05:53,  4.91s/it]
 64%|██████▍   | 129/200 [10:41<05:52,  4.96s/it]
 65%|██████▌   | 130/200 [10:46<05:44,  4.92s/it]
 66%|██████▌   | 131/200 [10:51<05:32,  4.82s/it]
 66%|██████▌   | 132/200 [10:56<05:31,  4.88s/it]
 66%|██████▋   | 133/200 [11:01<05:46,  5.18s/it]
 67%|██████▋   | 134/200 [11:07<05:51,  5.33s/it]
 68%|██████▊   | 135/200 [11:12<05:39,  5.23s/it]
 68%|██████▊   | 136/200 [11:17<05:22,  5.04s/it]
 68%|██████▊   | 137/200 [11:21<05:08,  4.89s/it]
 69%|██████▉   | 138/200 [11:26<04:58,  4.81s/it]
 70%|██████▉   | 139/200 [11:30<04:47,  4.71s/it]
 70%|███████   | 140/200 [11:35<04:39,  4.67s/it]
 70%|███████   | 141/200 [11:39<04:31,  4.60s/it]
 71%|███████   | 142/200 [11:44<04:24,  4.56s/it]
 72%|███████▏  | 143/200 [11:48<04:17,  4.52s/it]
 72%|███████▏  | 144/200 [11:53<04:19,  4.64s/it]
 72%|███████▎  | 145/200 [11:58<04:13,  4.61s/it]
 73%|███████▎  | 146/200 [12:02<04:08,  4.60s/it]
 74%|███████▎  | 147/200 [12:07<04:03,  4.59s/it]
 74%|███████▍  | 148/200 [12:11<03:58,  4.59s/it]
 74%|███████▍  | 149/200 [12:16<03:53,  4.57s/it]
 75%|███████▌  | 150/200 [12:21<03:49,  4.60s/it]
 76%|███████▌  | 151/200 [12:26<03:50,  4.71s/it]
 76%|███████▌  | 152/200 [12:30<03:45,  4.69s/it]
 76%|███████▋  | 153/200 [12:35<03:38,  4.65s/it]
 77%|███████▋  | 154/200 [12:39<03:31,  4.61s/it]
 78%|███████▊  | 155/200 [12:44<03:30,  4.67s/it]
 78%|███████▊  | 156/200 [12:49<03:23,  4.62s/it]
 78%|███████▊  | 157/200 [12:54<03:30,  4.89s/it]
 79%|███████▉  | 158/200 [13:00<03:35,  5.14s/it]
 80%|███████▉  | 159/200 [13:05<03:24,  5.00s/it]
 80%|████████  | 160/200 [13:09<03:14,  4.87s/it]
 80%|████████  | 161/200 [13:13<03:03,  4.71s/it]
 81%|████████  | 162/200 [13:18<03:00,  4.76s/it]
 82%|████████▏ | 163/200 [13:23<03:00,  4.87s/it]
 82%|████████▏ | 164/200 [13:28<02:53,  4.82s/it]
 82%|████████▎ | 165/200 [13:33<02:50,  4.87s/it]
 83%|████████▎ | 166/200 [13:38<02:45,  4.88s/it]
 84%|████████▎ | 167/200 [13:43<02:39,  4.83s/it]
 84%|████████▍ | 168/200 [13:47<02:31,  4.75s/it]
 84%|████████▍ | 169/200 [13:52<02:28,  4.78s/it]
 85%|████████▌ | 170/200 [13:57<02:23,  4.77s/it]
 86%|████████▌ | 171/200 [14:02<02:17,  4.73s/it]
 86%|████████▌ | 172/200 [14:06<02:12,  4.71s/it]
 86%|████████▋ | 173/200 [14:11<02:06,  4.69s/it]
 87%|████████▋ | 174/200 [14:16<02:03,  4.77s/it]
 88%|████████▊ | 175/200 [14:20<01:58,  4.73s/it]
 88%|████████▊ | 176/200 [14:25<01:53,  4.73s/it]
 88%|████████▊ | 177/200 [14:30<01:48,  4.71s/it]
 89%|████████▉ | 178/200 [14:35<01:43,  4.70s/it]
 90%|████████▉ | 179/200 [14:39<01:37,  4.66s/it]
 90%|█████████ | 180/200 [14:44<01:33,  4.67s/it]
 90%|█████████ | 181/200 [14:48<01:27,  4.63s/it]
 91%|█████████ | 182/200 [14:53<01:23,  4.65s/it]
 92%|█████████▏| 183/200 [14:58<01:21,  4.80s/it]
 92%|█████████▏| 184/200 [15:04<01:20,  5.05s/it]
 92%|█████████▎| 185/200 [15:09<01:14,  4.97s/it]
 93%|█████████▎| 186/200 [15:14<01:09,  4.99s/it]
 94%|█████████▎| 187/200 [15:19<01:07,  5.21s/it]
 94%|█████████▍| 188/200 [15:25<01:04,  5.37s/it]
 94%|█████████▍| 189/200 [15:30<00:57,  5.27s/it]
 95%|█████████▌| 190/200 [15:35<00:50,  5.09s/it]
 96%|█████████▌| 191/200 [15:39<00:44,  4.95s/it]
 96%|█████████▌| 192/200 [15:45<00:40,  5.00s/it]
 96%|█████████▋| 193/200 [15:49<00:34,  4.90s/it]
 97%|█████████▋| 194/200 [15:54<00:28,  4.83s/it]
 98%|█████████▊| 195/200 [15:59<00:24,  4.84s/it]
 98%|█████████▊| 196/200 [16:03<00:19,  4.78s/it]
 98%|█████████▊| 197/200 [16:08<00:14,  4.71s/it]
 99%|█████████▉| 198/200 [16:13<00:09,  4.70s/it]
100%|█████████▉| 199/200 [16:17<00:04,  4.67s/it]
100%|██████████| 200/200 [16:22<00:00,  4.68s/it]
                                                 
0
1
2
3
4
5
6
7
8
9
10
11
12
13
14
15
16
17
18
19
20
21
22
23
24
25
26
27
28
29
30
31
32
33
34
35
36
37
38
39
40
41
42
43
44
45
46
47
48
49
50
51
52
53
54
55
56
57
58
59
60
61
62
63
64
65
66
67
68
69
70
71
72
73
74
75
76
77
78
79
80
81
82
83
84
85
86
87
88
89
90
91
92
93
94
95
96
97
98
99
100
101
102
103
104
105
106
107
108
109
110
111
112
113
114
115
116
117
118
119
120
121
122
123
124
125
126
127
128
129
130
131
132
133
134
135
136
137
138
139
140
141
142
143
144
145
146
147
148
149
150
151
152
153
154
155
156
157
158
159
160
161
162
163
164
165
166
167
168
169
170
171
172
173
174
175
176
177
178
179
180
181
182
183
184
185
186
187
188
189
190
191
192
193
194
195
196
197
198
199
