 
Files to read: ['../pilot-cpjump1-data/profiles/2020_11_04_CPJUMP1/BR00116995/BR00116995_normalized_feature_select_negcon.csv.gz']
Files to read: ['../pilot-cpjump1-data/profiles/2020_11_04_CPJUMP1/BR00117024/BR00117024_normalized_feature_select_negcon.csv.gz']
Files to read: ['../pilot-cpjump1-data/profiles/2020_11_04_CPJUMP1/BR00117025/BR00117025_normalized_feature_select_negcon.csv.gz']
Files to read: ['../pilot-cpjump1-data/profiles/2020_11_04_CPJUMP1/BR00117026/BR00117026_normalized_feature_select_negcon.csv.gz']
Files to read: ['../pilot-cpjump1-data/profiles/2020_11_04_CPJUMP1/BR00116997/BR00116997_normalized_feature_select_negcon.csv.gz']
Files to read: ['../pilot-cpjump1-data/profiles/2020_11_04_CPJUMP1/BR00116998/BR00116998_normalized_feature_select_negcon.csv.gz']
Files to read: ['../pilot-cpjump1-data/profiles/2020_11_04_CPJUMP1/BR00116999/BR00116999_normalized_feature_select_negcon.csv.gz']
Files to read: ['../pilot-cpjump1-data/profiles/2020_11_04_CPJUMP1/BR00116996/BR00116996_normalized_feature_select_negcon.csv.gz']
Files to read: ['../pilot-cpjump1-data/profiles/2020_11_04_CPJUMP1/BR00117022/BR00117022_normalized_feature_select_negcon.csv.gz']
Files to read: ['../pilot-cpjump1-data/profiles/2020_11_04_CPJUMP1/BR00117023/BR00117023_normalized_feature_select_negcon.csv.gz']

  0%|          | 0/200 [00:00<?, ?it/s]
  0%|          | 1/200 [00:06<22:15,  6.71s/it]
  1%|          | 2/200 [00:10<16:04,  4.87s/it]
  2%|▏         | 3/200 [00:14<15:20,  4.67s/it]
  2%|▏         | 4/200 [00:18<14:09,  4.33s/it]
  2%|▎         | 5/200 [00:22<13:30,  4.16s/it]
  3%|▎         | 6/200 [00:26<13:11,  4.08s/it]
  4%|▎         | 7/200 [00:30<12:43,  3.95s/it]
  4%|▍         | 8/200 [00:34<12:49,  4.01s/it]
  4%|▍         | 9/200 [00:38<12:50,  4.03s/it]
  5%|▌         | 10/200 [00:42<12:49,  4.05s/it]
  6%|▌         | 11/200 [00:46<12:52,  4.09s/it]
  6%|▌         | 12/200 [00:50<12:49,  4.09s/it]
  6%|▋         | 13/200 [00:54<12:56,  4.15s/it]
  7%|▋         | 14/200 [00:58<12:28,  4.02s/it]
  8%|▊         | 15/200 [01:02<12:18,  3.99s/it]
  8%|▊         | 16/200 [01:06<12:06,  3.95s/it]
  8%|▊         | 17/200 [01:11<12:53,  4.22s/it]
  9%|▉         | 18/200 [01:15<12:55,  4.26s/it]
 10%|▉         | 19/200 [01:19<12:43,  4.22s/it]
 10%|█         | 20/200 [01:23<12:33,  4.19s/it]
 10%|█         | 21/200 [01:28<12:40,  4.25s/it]
 11%|█         | 22/200 [01:32<12:31,  4.22s/it]
 12%|█▏        | 23/200 [01:36<12:30,  4.24s/it]
 12%|█▏        | 24/200 [01:40<12:23,  4.22s/it]
 12%|█▎        | 25/200 [01:45<12:22,  4.24s/it]
 13%|█▎        | 26/200 [01:49<12:14,  4.22s/it]
 14%|█▎        | 27/200 [01:53<12:00,  4.16s/it]
 14%|█▍        | 28/200 [01:57<11:45,  4.10s/it]
 14%|█▍        | 29/200 [02:01<12:06,  4.25s/it]
 15%|█▌        | 30/200 [02:06<12:13,  4.31s/it]
 16%|█▌        | 31/200 [02:10<12:09,  4.32s/it]
 16%|█▌        | 32/200 [02:15<12:11,  4.35s/it]
 16%|█▋        | 33/200 [02:19<12:00,  4.32s/it]
 17%|█▋        | 34/200 [02:23<11:48,  4.27s/it]
 18%|█▊        | 35/200 [02:27<11:47,  4.29s/it]
 18%|█▊        | 36/200 [02:31<11:28,  4.20s/it]
 18%|█▊        | 37/200 [02:35<11:20,  4.18s/it]
 19%|█▉        | 38/200 [02:40<11:42,  4.34s/it]
 20%|█▉        | 39/200 [02:44<11:27,  4.27s/it]
 20%|██        | 40/200 [02:48<11:10,  4.19s/it]
 20%|██        | 41/200 [02:52<11:06,  4.19s/it]
 21%|██        | 42/200 [02:57<11:19,  4.30s/it]
 22%|██▏       | 43/200 [03:01<10:56,  4.18s/it]
 22%|██▏       | 44/200 [03:05<10:50,  4.17s/it]
 22%|██▎       | 45/200 [03:09<10:38,  4.12s/it]
 23%|██▎       | 46/200 [03:13<10:44,  4.18s/it]
 24%|██▎       | 47/200 [03:18<10:47,  4.23s/it]
 24%|██▍       | 48/200 [03:22<10:51,  4.29s/it]
 24%|██▍       | 49/200 [03:27<10:50,  4.31s/it]
 25%|██▌       | 50/200 [03:31<10:50,  4.34s/it]
 26%|██▌       | 51/200 [03:35<10:48,  4.35s/it]
 26%|██▌       | 52/200 [03:40<11:19,  4.59s/it]
 26%|██▋       | 53/200 [03:45<11:28,  4.68s/it]
 27%|██▋       | 54/200 [03:50<11:21,  4.66s/it]
 28%|██▊       | 55/200 [03:55<11:19,  4.69s/it]
 28%|██▊       | 56/200 [03:59<10:50,  4.52s/it]
 28%|██▊       | 57/200 [04:03<10:31,  4.42s/it]
 29%|██▉       | 58/200 [04:07<10:22,  4.39s/it]
 30%|██▉       | 59/200 [04:12<10:17,  4.38s/it]
 30%|███       | 60/200 [04:16<09:58,  4.28s/it]
 30%|███       | 61/200 [04:20<09:49,  4.24s/it]
 31%|███       | 62/200 [04:24<09:52,  4.30s/it]
 32%|███▏      | 63/200 [04:28<09:44,  4.26s/it]
 32%|███▏      | 64/200 [04:33<09:31,  4.20s/it]
 32%|███▎      | 65/200 [04:37<09:29,  4.22s/it]
 33%|███▎      | 66/200 [04:41<09:28,  4.24s/it]
 34%|███▎      | 67/200 [04:45<09:10,  4.14s/it]
 34%|███▍      | 68/200 [04:49<09:05,  4.13s/it]
 34%|███▍      | 69/200 [04:53<08:52,  4.06s/it]
 35%|███▌      | 70/200 [04:57<08:50,  4.08s/it]
 36%|███▌      | 71/200 [05:01<08:49,  4.10s/it]
 36%|███▌      | 72/200 [05:05<08:45,  4.10s/it]
 36%|███▋      | 73/200 [05:09<08:34,  4.05s/it]
 37%|███▋      | 74/200 [05:13<08:29,  4.05s/it]
 38%|███▊      | 75/200 [05:18<08:32,  4.10s/it]
 38%|███▊      | 76/200 [05:22<08:26,  4.08s/it]
 38%|███▊      | 77/200 [05:26<08:22,  4.09s/it]
 39%|███▉      | 78/200 [05:30<08:16,  4.07s/it]
 40%|███▉      | 79/200 [05:34<08:14,  4.09s/it]
 40%|████      | 80/200 [05:38<08:13,  4.11s/it]
 40%|████      | 81/200 [05:42<08:04,  4.07s/it]
 41%|████      | 82/200 [05:46<07:56,  4.04s/it]
 42%|████▏     | 83/200 [05:50<07:52,  4.04s/it]
 42%|████▏     | 84/200 [05:54<07:52,  4.07s/it]
 42%|████▎     | 85/200 [05:58<07:42,  4.02s/it]
 43%|████▎     | 86/200 [06:02<07:42,  4.05s/it]
 44%|████▎     | 87/200 [06:06<07:40,  4.07s/it]
 44%|████▍     | 88/200 [06:11<07:45,  4.16s/it]
 44%|████▍     | 89/200 [06:16<08:05,  4.37s/it]
 45%|████▌     | 90/200 [06:20<08:10,  4.46s/it]
 46%|████▌     | 91/200 [06:24<07:49,  4.31s/it]
 46%|████▌     | 92/200 [06:29<07:46,  4.32s/it]
 46%|████▋     | 93/200 [06:33<07:33,  4.23s/it]
 47%|████▋     | 94/200 [06:37<07:19,  4.15s/it]
 48%|████▊     | 95/200 [06:41<07:12,  4.12s/it]
 48%|████▊     | 96/200 [06:45<07:06,  4.10s/it]
 48%|████▊     | 97/200 [06:49<06:58,  4.06s/it]
 49%|████▉     | 98/200 [06:53<06:59,  4.12s/it]
 50%|████▉     | 99/200 [06:57<06:53,  4.10s/it]
 50%|█████     | 100/200 [07:01<06:49,  4.09s/it]
 50%|█████     | 101/200 [07:05<06:42,  4.07s/it]
 51%|█████     | 102/200 [07:09<06:37,  4.06s/it]
 52%|█████▏    | 103/200 [07:13<06:27,  3.99s/it]
 52%|█████▏    | 104/200 [07:17<06:22,  3.98s/it]
 52%|█████▎    | 105/200 [07:21<06:15,  3.95s/it]
 53%|█████▎    | 106/200 [07:25<06:12,  3.96s/it]
 54%|█████▎    | 107/200 [07:29<06:06,  3.94s/it]
 54%|█████▍    | 108/200 [07:33<06:05,  3.97s/it]
 55%|█████▍    | 109/200 [07:37<06:04,  4.01s/it]
 55%|█████▌    | 110/200 [07:41<06:02,  4.03s/it]
 56%|█████▌    | 111/200 [07:45<06:00,  4.06s/it]
 56%|█████▌    | 112/200 [07:49<05:52,  4.01s/it]
 56%|█████▋    | 113/200 [07:53<05:52,  4.05s/it]
 57%|█████▋    | 114/200 [07:57<05:52,  4.10s/it]
 57%|█████▊    | 115/200 [08:01<05:41,  4.02s/it]
 58%|█████▊    | 116/200 [08:05<05:44,  4.10s/it]
 58%|█████▊    | 117/200 [08:09<05:40,  4.10s/it]
 59%|█████▉    | 118/200 [08:13<05:29,  4.02s/it]
 60%|█████▉    | 119/200 [08:17<05:26,  4.03s/it]
 60%|██████    | 120/200 [08:22<05:28,  4.11s/it]
 60%|██████    | 121/200 [08:26<05:30,  4.19s/it]
 61%|██████    | 122/200 [08:30<05:23,  4.15s/it]
 62%|██████▏   | 123/200 [08:34<05:13,  4.08s/it]
 62%|██████▏   | 124/200 [08:38<05:16,  4.16s/it]
 62%|██████▎   | 125/200 [08:43<05:17,  4.24s/it]
 63%|██████▎   | 126/200 [08:47<05:12,  4.23s/it]
 64%|██████▎   | 127/200 [08:51<05:01,  4.13s/it]
 64%|██████▍   | 128/200 [08:55<04:53,  4.08s/it]
 64%|██████▍   | 129/200 [08:59<04:47,  4.04s/it]
 65%|██████▌   | 130/200 [09:02<04:37,  3.96s/it]
 66%|██████▌   | 131/200 [09:07<04:41,  4.08s/it]
 66%|██████▌   | 132/200 [09:11<04:39,  4.11s/it]
 66%|██████▋   | 133/200 [09:15<04:41,  4.19s/it]
 67%|██████▋   | 134/200 [09:20<04:41,  4.27s/it]
 68%|██████▊   | 135/200 [09:24<04:41,  4.33s/it]
 68%|██████▊   | 136/200 [09:29<04:36,  4.32s/it]
 68%|██████▊   | 137/200 [09:33<04:28,  4.27s/it]
 69%|██████▉   | 138/200 [09:37<04:28,  4.34s/it]
 70%|██████▉   | 139/200 [09:42<04:26,  4.37s/it]
 70%|███████   | 140/200 [09:46<04:27,  4.47s/it]
 70%|███████   | 141/200 [09:51<04:22,  4.46s/it]
 71%|███████   | 142/200 [09:55<04:12,  4.35s/it]
 72%|███████▏  | 143/200 [09:59<04:06,  4.32s/it]
 72%|███████▏  | 144/200 [10:03<03:57,  4.25s/it]
 72%|███████▎  | 145/200 [10:08<04:01,  4.39s/it]
 73%|███████▎  | 146/200 [10:12<03:58,  4.41s/it]
 74%|███████▎  | 147/200 [10:16<03:45,  4.25s/it]
 74%|███████▍  | 148/200 [10:20<03:38,  4.20s/it]
 74%|███████▍  | 149/200 [10:25<03:35,  4.22s/it]
 75%|███████▌  | 150/200 [10:29<03:28,  4.17s/it]
 76%|███████▌  | 151/200 [10:33<03:20,  4.10s/it]
 76%|███████▌  | 152/200 [10:37<03:17,  4.11s/it]
 76%|███████▋  | 153/200 [10:41<03:15,  4.15s/it]
 77%|███████▋  | 154/200 [10:46<03:17,  4.29s/it]
 78%|███████▊  | 155/200 [10:50<03:10,  4.24s/it]
 78%|███████▊  | 156/200 [10:54<03:03,  4.16s/it]
 78%|███████▊  | 157/200 [10:58<02:56,  4.10s/it]
 79%|███████▉  | 158/200 [11:02<02:52,  4.12s/it]
 80%|███████▉  | 159/200 [11:06<02:46,  4.06s/it]
 80%|████████  | 160/200 [11:10<02:49,  4.25s/it]
 80%|████████  | 161/200 [11:14<02:42,  4.16s/it]
 81%|████████  | 162/200 [11:19<02:38,  4.18s/it]
 82%|████████▏ | 163/200 [11:23<02:31,  4.09s/it]
 82%|████████▏ | 164/200 [11:27<02:27,  4.09s/it]
 82%|████████▎ | 165/200 [11:31<02:22,  4.07s/it]
 83%|████████▎ | 166/200 [11:35<02:26,  4.29s/it]
 84%|████████▎ | 167/200 [11:40<02:25,  4.42s/it]
 84%|████████▍ | 168/200 [11:45<02:23,  4.48s/it]
 84%|████████▍ | 169/200 [11:49<02:15,  4.36s/it]
 85%|████████▌ | 170/200 [11:53<02:07,  4.26s/it]
 86%|████████▌ | 171/200 [11:57<02:00,  4.15s/it]
 86%|████████▌ | 172/200 [12:01<01:55,  4.13s/it]
 86%|████████▋ | 173/200 [12:05<01:49,  4.07s/it]
 87%|████████▋ | 174/200 [12:09<01:44,  4.03s/it]
 88%|████████▊ | 175/200 [12:12<01:38,  3.95s/it]
 88%|████████▊ | 176/200 [12:17<01:36,  4.00s/it]
 88%|████████▊ | 177/200 [12:21<01:32,  4.04s/it]
 89%|████████▉ | 178/200 [12:25<01:29,  4.05s/it]
 90%|████████▉ | 179/200 [12:29<01:26,  4.11s/it]
 90%|█████████ | 180/200 [12:33<01:21,  4.10s/it]
 90%|█████████ | 181/200 [12:37<01:16,  4.05s/it]
 91%|█████████ | 182/200 [12:41<01:13,  4.06s/it]
 92%|█████████▏| 183/200 [12:45<01:08,  4.05s/it]
 92%|█████████▏| 184/200 [12:50<01:07,  4.22s/it]
 92%|█████████▎| 185/200 [12:54<01:01,  4.09s/it]
 93%|█████████▎| 186/200 [12:58<00:56,  4.04s/it]
 94%|█████████▎| 187/200 [13:02<00:52,  4.04s/it]
 94%|█████████▍| 188/200 [13:06<00:50,  4.20s/it]
 94%|█████████▍| 189/200 [13:10<00:45,  4.13s/it]
 95%|█████████▌| 190/200 [13:14<00:40,  4.09s/it]
 96%|█████████▌| 191/200 [13:18<00:37,  4.11s/it]
 96%|█████████▌| 192/200 [13:22<00:32,  4.11s/it]
 96%|█████████▋| 193/200 [13:26<00:28,  4.06s/it]
 97%|█████████▋| 194/200 [13:30<00:24,  4.01s/it]
 98%|█████████▊| 195/200 [13:34<00:20,  4.01s/it]
 98%|█████████▊| 196/200 [13:39<00:16,  4.17s/it]
 98%|█████████▊| 197/200 [13:43<00:12,  4.20s/it]
 99%|█████████▉| 198/200 [13:47<00:08,  4.19s/it]
100%|█████████▉| 199/200 [13:51<00:04,  4.09s/it]
100%|██████████| 200/200 [13:55<00:00,  4.07s/it]
                                                 
0
1
2
3
4
5
6
7
8
9
10
11
12
13
14
15
16
17
18
19
20
21
22
23
24
25
26
27
28
29
30
31
32
33
34
35
36
37
38
39
40
41
42
43
44
45
46
47
48
49
50
51
52
53
54
55
56
57
58
59
60
61
62
63
64
65
66
67
68
69
70
71
72
73
74
75
76
77
78
79
80
81
82
83
84
85
86
87
88
89
90
91
92
93
94
95
96
97
98
99
100
101
102
103
104
105
106
107
108
109
110
111
112
113
114
115
116
117
118
119
120
121
122
123
124
125
126
127
128
129
130
131
132
133
134
135
136
137
138
139
140
141
142
143
144
145
146
147
148
149
150
151
152
153
154
155
156
157
158
159
160
161
162
163
164
165
166
167
168
169
170
171
172
173
174
175
176
177
178
179
180
181
182
183
184
185
186
187
188
189
190
191
192
193
194
195
196
197
198
199
