 
Files to read: ['../pilot-cpjump1-data/profiles/2020_11_04_CPJUMP1/BR00116995/BR00116995_normalized_feature_select_negcon.csv.gz']
Files to read: ['../pilot-cpjump1-data/profiles/2020_11_04_CPJUMP1/BR00117024/BR00117024_normalized_feature_select_negcon.csv.gz']
Files to read: ['../pilot-cpjump1-data/profiles/2020_11_04_CPJUMP1/BR00117025/BR00117025_normalized_feature_select_negcon.csv.gz']
Files to read: ['../pilot-cpjump1-data/profiles/2020_11_04_CPJUMP1/BR00117026/BR00117026_normalized_feature_select_negcon.csv.gz']
Files to read: ['../pilot-cpjump1-data/profiles/2020_11_04_CPJUMP1/BR00116997/BR00116997_normalized_feature_select_negcon.csv.gz']
Files to read: ['../pilot-cpjump1-data/profiles/2020_11_04_CPJUMP1/BR00116998/BR00116998_normalized_feature_select_negcon.csv.gz']
Files to read: ['../pilot-cpjump1-data/profiles/2020_11_04_CPJUMP1/BR00116999/BR00116999_normalized_feature_select_negcon.csv.gz']
Files to read: ['../pilot-cpjump1-data/profiles/2020_11_04_CPJUMP1/BR00116996/BR00116996_normalized_feature_select_negcon.csv.gz']
Files to read: ['../pilot-cpjump1-data/profiles/2020_11_04_CPJUMP1/BR00117022/BR00117022_normalized_feature_select_negcon.csv.gz']
Files to read: ['../pilot-cpjump1-data/profiles/2020_11_04_CPJUMP1/BR00117023/BR00117023_normalized_feature_select_negcon.csv.gz']

  0%|          | 0/200 [00:00<?, ?it/s]
  0%|          | 1/200 [00:08<27:56,  8.43s/it]
  1%|          | 2/200 [00:13<21:13,  6.43s/it]
  2%|▏         | 3/200 [00:18<18:52,  5.75s/it]
  2%|▏         | 4/200 [00:23<17:42,  5.42s/it]
  2%|▎         | 5/200 [00:28<17:49,  5.49s/it]
  3%|▎         | 6/200 [00:34<17:53,  5.54s/it]
  4%|▎         | 7/200 [00:39<17:34,  5.46s/it]
  4%|▍         | 8/200 [00:44<17:04,  5.34s/it]
  4%|▍         | 9/200 [00:50<17:15,  5.42s/it]
  5%|▌         | 10/200 [00:55<17:08,  5.41s/it]
  6%|▌         | 11/200 [01:01<16:46,  5.33s/it]
  6%|▌         | 12/200 [01:06<17:09,  5.47s/it]
  6%|▋         | 13/200 [01:12<17:08,  5.50s/it]
  7%|▋         | 14/200 [01:18<17:27,  5.63s/it]
  8%|▊         | 15/200 [01:24<18:04,  5.86s/it]
  8%|▊         | 16/200 [01:30<18:02,  5.89s/it]
  8%|▊         | 17/200 [01:35<17:19,  5.68s/it]
  9%|▉         | 18/200 [01:41<16:46,  5.53s/it]
 10%|▉         | 19/200 [01:46<16:26,  5.45s/it]
 10%|█         | 20/200 [01:51<16:08,  5.38s/it]
 10%|█         | 21/200 [01:56<15:53,  5.33s/it]
 11%|█         | 22/200 [02:01<15:39,  5.28s/it]
 12%|█▏        | 23/200 [02:07<15:42,  5.32s/it]
 12%|█▏        | 24/200 [02:13<16:06,  5.49s/it]
 12%|█▎        | 25/200 [02:18<16:01,  5.49s/it]
 13%|█▎        | 26/200 [02:24<15:45,  5.43s/it]
 14%|█▎        | 27/200 [02:29<15:35,  5.40s/it]
 14%|█▍        | 28/200 [02:34<15:31,  5.42s/it]
 14%|█▍        | 29/200 [02:40<15:33,  5.46s/it]
 15%|█▌        | 30/200 [02:46<15:41,  5.54s/it]
 16%|█▌        | 31/200 [02:51<15:25,  5.48s/it]
 16%|█▌        | 32/200 [02:56<14:55,  5.33s/it]
 16%|█▋        | 33/200 [03:01<14:38,  5.26s/it]
 17%|█▋        | 34/200 [03:06<14:24,  5.21s/it]
 18%|█▊        | 35/200 [03:11<14:08,  5.14s/it]
 18%|█▊        | 36/200 [03:16<14:12,  5.20s/it]
 18%|█▊        | 37/200 [03:22<14:05,  5.19s/it]
 19%|█▉        | 38/200 [03:27<13:58,  5.18s/it]
 20%|█▉        | 39/200 [03:33<14:22,  5.36s/it]
 20%|██        | 40/200 [03:38<13:59,  5.25s/it]
 20%|██        | 41/200 [03:43<13:50,  5.22s/it]
 21%|██        | 42/200 [03:48<13:37,  5.17s/it]
 22%|██▏       | 43/200 [03:53<13:36,  5.20s/it]
 22%|██▏       | 44/200 [03:58<13:29,  5.19s/it]
 22%|██▎       | 45/200 [04:03<13:23,  5.18s/it]
 23%|██▎       | 46/200 [04:09<13:28,  5.25s/it]
 24%|██▎       | 47/200 [04:14<13:33,  5.32s/it]
 24%|██▍       | 48/200 [04:20<13:43,  5.41s/it]
 24%|██▍       | 49/200 [04:25<13:47,  5.48s/it]
 25%|██▌       | 50/200 [04:31<13:59,  5.60s/it]
 26%|██▌       | 51/200 [04:37<13:59,  5.63s/it]
 26%|██▌       | 52/200 [04:42<13:36,  5.52s/it]
 26%|██▋       | 53/200 [04:48<13:28,  5.50s/it]
 27%|██▋       | 54/200 [04:53<13:10,  5.42s/it]
 28%|██▊       | 55/200 [04:59<13:34,  5.62s/it]
 28%|██▊       | 56/200 [05:04<13:15,  5.52s/it]
 28%|██▊       | 57/200 [05:10<13:03,  5.48s/it]
 29%|██▉       | 58/200 [05:15<12:41,  5.37s/it]
 30%|██▉       | 59/200 [05:20<12:32,  5.34s/it]
 30%|███       | 60/200 [05:25<12:14,  5.25s/it]
 30%|███       | 61/200 [05:30<12:08,  5.24s/it]
 31%|███       | 62/200 [05:36<11:59,  5.21s/it]
 32%|███▏      | 63/200 [05:41<12:06,  5.30s/it]
 32%|███▏      | 64/200 [05:46<12:01,  5.31s/it]
 32%|███▎      | 65/200 [05:52<12:01,  5.34s/it]
 33%|███▎      | 66/200 [05:57<11:50,  5.30s/it]
 34%|███▎      | 67/200 [06:02<11:30,  5.19s/it]
 34%|███▍      | 68/200 [06:07<11:17,  5.13s/it]
 34%|███▍      | 69/200 [06:12<11:11,  5.13s/it]
 35%|███▌      | 70/200 [06:17<11:12,  5.17s/it]
 36%|███▌      | 71/200 [06:22<10:56,  5.09s/it]
 36%|███▌      | 72/200 [06:27<10:42,  5.02s/it]
 36%|███▋      | 73/200 [06:32<10:48,  5.11s/it]
 37%|███▋      | 74/200 [06:38<10:52,  5.18s/it]
 38%|███▊      | 75/200 [06:43<10:53,  5.23s/it]
 38%|███▊      | 76/200 [06:48<10:49,  5.24s/it]
 38%|███▊      | 77/200 [06:54<10:50,  5.29s/it]
 39%|███▉      | 78/200 [06:59<10:42,  5.27s/it]
 40%|███▉      | 79/200 [07:04<10:45,  5.34s/it]
 40%|████      | 80/200 [07:10<10:34,  5.29s/it]
 40%|████      | 81/200 [07:15<10:21,  5.22s/it]
 41%|████      | 82/200 [07:20<10:26,  5.31s/it]
 42%|████▏     | 83/200 [07:25<10:16,  5.27s/it]
 42%|████▏     | 84/200 [07:31<10:21,  5.36s/it]
 42%|████▎     | 85/200 [07:36<10:17,  5.37s/it]
 43%|████▎     | 86/200 [07:42<10:08,  5.34s/it]
 44%|████▎     | 87/200 [07:47<09:52,  5.24s/it]
 44%|████▍     | 88/200 [07:52<09:42,  5.20s/it]
 44%|████▍     | 89/200 [07:57<09:32,  5.16s/it]
 45%|████▌     | 90/200 [08:02<09:17,  5.07s/it]
 46%|████▌     | 91/200 [08:07<09:14,  5.09s/it]
 46%|████▌     | 92/200 [08:13<09:30,  5.28s/it]
 46%|████▋     | 93/200 [08:18<09:19,  5.23s/it]
 47%|████▋     | 94/200 [08:23<09:14,  5.23s/it]
 48%|████▊     | 95/200 [08:28<09:08,  5.22s/it]
 48%|████▊     | 96/200 [08:33<09:04,  5.23s/it]
 48%|████▊     | 97/200 [08:39<08:57,  5.22s/it]
 49%|████▉     | 98/200 [08:44<09:14,  5.44s/it]
 50%|████▉     | 99/200 [08:50<09:07,  5.42s/it]
 50%|█████     | 100/200 [08:55<08:53,  5.34s/it]
 50%|█████     | 101/200 [09:00<08:44,  5.30s/it]
 51%|█████     | 102/200 [09:06<08:52,  5.43s/it]
 52%|█████▏    | 103/200 [09:11<08:42,  5.38s/it]
 52%|█████▏    | 104/200 [09:17<08:36,  5.38s/it]
 52%|█████▎    | 105/200 [09:22<08:31,  5.38s/it]
 53%|█████▎    | 106/200 [09:27<08:23,  5.36s/it]
 54%|█████▎    | 107/200 [09:33<08:24,  5.42s/it]
 54%|█████▍    | 108/200 [09:38<08:19,  5.43s/it]
 55%|█████▍    | 109/200 [09:44<08:08,  5.37s/it]
 55%|█████▌    | 110/200 [09:49<08:03,  5.37s/it]
 56%|█████▌    | 111/200 [09:54<07:59,  5.39s/it]
 56%|█████▌    | 112/200 [10:00<07:55,  5.41s/it]
 56%|█████▋    | 113/200 [10:05<07:44,  5.34s/it]
 57%|█████▋    | 114/200 [10:10<07:33,  5.27s/it]
 57%|█████▊    | 115/200 [10:15<07:17,  5.15s/it]
 58%|█████▊    | 116/200 [10:20<07:15,  5.18s/it]
 58%|█████▊    | 117/200 [10:26<07:18,  5.28s/it]
 59%|█████▉    | 118/200 [10:31<07:18,  5.35s/it]
 60%|█████▉    | 119/200 [10:37<07:19,  5.43s/it]
 60%|██████    | 120/200 [10:43<07:20,  5.51s/it]
 60%|██████    | 121/200 [10:49<07:34,  5.76s/it]
 61%|██████    | 122/200 [10:55<07:28,  5.75s/it]
 62%|██████▏   | 123/200 [11:00<07:06,  5.54s/it]
 62%|██████▏   | 124/200 [11:05<07:00,  5.53s/it]
 62%|██████▎   | 125/200 [11:10<06:49,  5.47s/it]
 63%|██████▎   | 126/200 [11:16<06:47,  5.51s/it]
 64%|██████▎   | 127/200 [11:22<06:44,  5.54s/it]
 64%|██████▍   | 128/200 [11:28<06:49,  5.69s/it]
 64%|██████▍   | 129/200 [11:33<06:39,  5.63s/it]
 65%|██████▌   | 130/200 [11:39<06:28,  5.55s/it]
 66%|██████▌   | 131/200 [11:44<06:15,  5.44s/it]
 66%|██████▌   | 132/200 [11:49<06:09,  5.43s/it]
 66%|██████▋   | 133/200 [11:54<05:58,  5.35s/it]
 67%|██████▋   | 134/200 [12:00<06:01,  5.48s/it]
 68%|██████▊   | 135/200 [12:06<05:55,  5.47s/it]
 68%|██████▊   | 136/200 [12:11<05:54,  5.53s/it]
 68%|██████▊   | 137/200 [12:16<05:41,  5.43s/it]
 69%|██████▉   | 138/200 [12:22<05:31,  5.34s/it]
 70%|██████▉   | 139/200 [12:27<05:23,  5.30s/it]
 70%|███████   | 140/200 [12:32<05:19,  5.33s/it]
 70%|███████   | 141/200 [12:38<05:15,  5.35s/it]
 71%|███████   | 142/200 [12:43<05:09,  5.33s/it]
 72%|███████▏  | 143/200 [12:48<04:56,  5.20s/it]
 72%|███████▏  | 144/200 [12:53<04:54,  5.26s/it]
 72%|███████▎  | 145/200 [12:58<04:43,  5.15s/it]
 73%|███████▎  | 146/200 [13:03<04:35,  5.09s/it]
 74%|███████▎  | 147/200 [13:08<04:32,  5.14s/it]
 74%|███████▍  | 148/200 [13:13<04:26,  5.13s/it]
 74%|███████▍  | 149/200 [13:19<04:29,  5.28s/it]
 75%|███████▌  | 150/200 [13:25<04:29,  5.40s/it]
 76%|███████▌  | 151/200 [13:30<04:23,  5.37s/it]
 76%|███████▌  | 152/200 [13:35<04:20,  5.42s/it]
 76%|███████▋  | 153/200 [13:41<04:13,  5.39s/it]
 77%|███████▋  | 154/200 [13:46<04:05,  5.33s/it]
 78%|███████▊  | 155/200 [13:51<04:00,  5.34s/it]
 78%|███████▊  | 156/200 [13:57<03:53,  5.30s/it]
 78%|███████▊  | 157/200 [14:02<03:47,  5.29s/it]
 79%|███████▉  | 158/200 [14:07<03:41,  5.28s/it]
 80%|███████▉  | 159/200 [14:12<03:32,  5.18s/it]
 80%|████████  | 160/200 [14:17<03:28,  5.22s/it]
 80%|████████  | 161/200 [14:23<03:27,  5.32s/it]
 81%|████████  | 162/200 [14:29<03:27,  5.45s/it]
 82%|████████▏ | 163/200 [14:34<03:26,  5.57s/it]
 82%|████████▏ | 164/200 [14:40<03:21,  5.60s/it]
 82%|████████▎ | 165/200 [14:46<03:16,  5.61s/it]
 83%|████████▎ | 166/200 [14:51<03:10,  5.59s/it]
 84%|████████▎ | 167/200 [14:57<03:01,  5.50s/it]
 84%|████████▍ | 168/200 [15:02<02:52,  5.38s/it]
 84%|████████▍ | 169/200 [15:06<02:39,  5.13s/it]
 85%|████████▌ | 170/200 [15:11<02:31,  5.04s/it]
 86%|████████▌ | 171/200 [15:16<02:25,  5.01s/it]
 86%|████████▌ | 172/200 [15:21<02:20,  5.03s/it]
 86%|████████▋ | 173/200 [15:26<02:16,  5.07s/it]
 87%|████████▋ | 174/200 [15:32<02:13,  5.14s/it]
 88%|████████▊ | 175/200 [15:37<02:07,  5.11s/it]
 88%|████████▊ | 176/200 [15:42<02:02,  5.11s/it]
 88%|████████▊ | 177/200 [15:47<01:58,  5.14s/it]
 89%|████████▉ | 178/200 [15:52<01:54,  5.22s/it]
 90%|████████▉ | 179/200 [15:58<01:50,  5.24s/it]
 90%|█████████ | 180/200 [16:03<01:46,  5.34s/it]
 90%|█████████ | 181/200 [16:09<01:41,  5.32s/it]
 91%|█████████ | 182/200 [16:14<01:34,  5.23s/it]
 92%|█████████▏| 183/200 [16:18<01:27,  5.15s/it]
 92%|█████████▏| 184/200 [16:23<01:21,  5.10s/it]
 92%|█████████▎| 185/200 [16:29<01:17,  5.18s/it]
 93%|█████████▎| 186/200 [16:34<01:12,  5.18s/it]
 94%|█████████▎| 187/200 [16:39<01:07,  5.23s/it]
 94%|█████████▍| 188/200 [16:45<01:03,  5.31s/it]
 94%|█████████▍| 189/200 [16:50<00:58,  5.32s/it]
 95%|█████████▌| 190/200 [16:56<00:53,  5.32s/it]
 96%|█████████▌| 191/200 [17:01<00:47,  5.29s/it]
 96%|█████████▌| 192/200 [17:06<00:42,  5.26s/it]
 96%|█████████▋| 193/200 [17:11<00:36,  5.21s/it]
 97%|█████████▋| 194/200 [17:16<00:31,  5.24s/it]
 98%|█████████▊| 195/200 [17:22<00:26,  5.32s/it]
 98%|█████████▊| 196/200 [17:27<00:21,  5.38s/it]
 98%|█████████▊| 197/200 [17:33<00:16,  5.42s/it]
 99%|█████████▉| 198/200 [17:38<00:10,  5.40s/it]
100%|█████████▉| 199/200 [17:43<00:05,  5.34s/it]
100%|██████████| 200/200 [17:49<00:00,  5.33s/it]
                                                 
0
1
2
3
4
5
6
7
8
9
10
11
12
13
14
15
16
17
18
19
20
21
22
23
24
25
26
27
28
29
30
31
32
33
34
35
36
37
38
39
40
41
42
43
44
45
46
47
48
49
50
51
52
53
54
55
56
57
58
59
60
61
62
63
64
65
66
67
68
69
70
71
72
73
74
75
76
77
78
79
80
81
82
83
84
85
86
87
88
89
90
91
92
93
94
95
96
97
98
99
100
101
102
103
104
105
106
107
108
109
110
111
112
113
114
115
116
117
118
119
120
121
122
123
124
125
126
127
128
129
130
131
132
133
134
135
136
137
138
139
140
141
142
143
144
145
146
147
148
149
150
151
152
153
154
155
156
157
158
159
160
161
162
163
164
165
166
167
168
169
170
171
172
173
174
175
176
177
178
179
180
181
182
183
184
185
186
187
188
189
190
191
192
193
194
195
196
197
198
199
