 
Files to read: ['../pilot-cpjump1-data/profiles/2020_11_04_CPJUMP1/BR00116995/BR00116995_normalized_feature_select_negcon.csv.gz']
Files to read: ['../pilot-cpjump1-data/profiles/2020_11_04_CPJUMP1/BR00117024/BR00117024_normalized_feature_select_negcon.csv.gz']
Files to read: ['../pilot-cpjump1-data/profiles/2020_11_04_CPJUMP1/BR00117025/BR00117025_normalized_feature_select_negcon.csv.gz']
Files to read: ['../pilot-cpjump1-data/profiles/2020_11_04_CPJUMP1/BR00117026/BR00117026_normalized_feature_select_negcon.csv.gz']
Files to read: ['../pilot-cpjump1-data/profiles/2020_11_04_CPJUMP1/BR00116997/BR00116997_normalized_feature_select_negcon.csv.gz']
Files to read: ['../pilot-cpjump1-data/profiles/2020_11_04_CPJUMP1/BR00116998/BR00116998_normalized_feature_select_negcon.csv.gz']
Files to read: ['../pilot-cpjump1-data/profiles/2020_11_04_CPJUMP1/BR00116999/BR00116999_normalized_feature_select_negcon.csv.gz']
Files to read: ['../pilot-cpjump1-data/profiles/2020_11_04_CPJUMP1/BR00116996/BR00116996_normalized_feature_select_negcon.csv.gz']
Files to read: ['../pilot-cpjump1-data/profiles/2020_11_04_CPJUMP1/BR00117022/BR00117022_normalized_feature_select_negcon.csv.gz']
Files to read: ['../pilot-cpjump1-data/profiles/2020_11_04_CPJUMP1/BR00117023/BR00117023_normalized_feature_select_negcon.csv.gz']

  0%|          | 0/200 [00:00<?, ?it/s]
  0%|          | 1/200 [00:06<22:11,  6.69s/it]
  1%|          | 2/200 [00:10<16:40,  5.05s/it]
  2%|▏         | 3/200 [00:14<14:34,  4.44s/it]
  2%|▏         | 4/200 [00:17<13:24,  4.10s/it]
  2%|▎         | 5/200 [00:21<13:01,  4.01s/it]
  3%|▎         | 6/200 [00:25<12:38,  3.91s/it]
  4%|▎         | 7/200 [00:29<12:14,  3.81s/it]
  4%|▍         | 8/200 [00:32<12:07,  3.79s/it]
  4%|▍         | 9/200 [00:36<11:58,  3.76s/it]
  5%|▌         | 10/200 [00:40<11:55,  3.77s/it]
  6%|▌         | 11/200 [00:44<11:52,  3.77s/it]
  6%|▌         | 12/200 [00:47<11:52,  3.79s/it]
  6%|▋         | 13/200 [00:51<11:53,  3.81s/it]
  7%|▋         | 14/200 [00:55<11:48,  3.81s/it]
  8%|▊         | 15/200 [01:00<12:29,  4.05s/it]
  8%|▊         | 16/200 [01:03<12:13,  3.98s/it]
  8%|▊         | 17/200 [01:07<12:01,  3.94s/it]
  9%|▉         | 18/200 [01:11<11:44,  3.87s/it]
 10%|▉         | 19/200 [01:15<11:34,  3.83s/it]
 10%|█         | 20/200 [01:18<11:19,  3.78s/it]
 10%|█         | 21/200 [01:22<11:16,  3.78s/it]
 11%|█         | 22/200 [01:26<11:20,  3.82s/it]
 12%|█▏        | 23/200 [01:30<11:18,  3.83s/it]
 12%|█▏        | 24/200 [01:34<11:10,  3.81s/it]
 12%|█▎        | 25/200 [01:38<11:07,  3.81s/it]
 13%|█▎        | 26/200 [01:41<11:04,  3.82s/it]
 14%|█▎        | 27/200 [01:46<11:19,  3.93s/it]
 14%|█▍        | 28/200 [01:49<11:14,  3.92s/it]
 14%|█▍        | 29/200 [01:53<10:58,  3.85s/it]
 15%|█▌        | 30/200 [01:57<10:56,  3.86s/it]
 16%|█▌        | 31/200 [02:01<10:51,  3.86s/it]
 16%|█▌        | 32/200 [02:05<10:50,  3.87s/it]
 16%|█▋        | 33/200 [02:09<10:39,  3.83s/it]
 17%|█▋        | 34/200 [02:13<11:03,  4.00s/it]
 18%|█▊        | 35/200 [02:17<11:09,  4.05s/it]
 18%|█▊        | 36/200 [02:21<11:20,  4.15s/it]
 18%|█▊        | 37/200 [02:26<11:09,  4.10s/it]
 19%|█▉        | 38/200 [02:29<10:51,  4.02s/it]
 20%|█▉        | 39/200 [02:34<11:00,  4.10s/it]
 20%|██        | 40/200 [02:38<10:46,  4.04s/it]
 20%|██        | 41/200 [02:41<10:28,  3.95s/it]
 21%|██        | 42/200 [02:45<10:18,  3.91s/it]
 22%|██▏       | 43/200 [02:49<10:07,  3.87s/it]
 22%|██▏       | 44/200 [02:54<10:45,  4.14s/it]
 22%|██▎       | 45/200 [02:57<10:19,  3.99s/it]
 23%|██▎       | 46/200 [03:01<10:14,  3.99s/it]
 24%|██▎       | 47/200 [03:05<10:04,  3.95s/it]
 24%|██▍       | 48/200 [03:09<09:54,  3.91s/it]
 24%|██▍       | 49/200 [03:13<09:42,  3.86s/it]
 25%|██▌       | 50/200 [03:17<09:40,  3.87s/it]
 26%|██▌       | 51/200 [03:20<09:34,  3.86s/it]
 26%|██▌       | 52/200 [03:24<09:32,  3.87s/it]
 26%|██▋       | 53/200 [03:28<09:41,  3.95s/it]
 27%|██▋       | 54/200 [03:32<09:39,  3.97s/it]
 28%|██▊       | 55/200 [03:36<09:34,  3.96s/it]
 28%|██▊       | 56/200 [03:40<09:36,  4.01s/it]
 28%|██▊       | 57/200 [03:44<09:20,  3.92s/it]
 29%|██▉       | 58/200 [03:48<09:21,  3.96s/it]
 30%|██▉       | 59/200 [03:52<09:22,  3.99s/it]
 30%|███       | 60/200 [03:56<09:13,  3.95s/it]
 30%|███       | 61/200 [04:00<08:56,  3.86s/it]
 31%|███       | 62/200 [04:04<08:46,  3.81s/it]
 32%|███▏      | 63/200 [04:07<08:33,  3.75s/it]
 32%|███▏      | 64/200 [04:11<08:32,  3.77s/it]
 32%|███▎      | 65/200 [04:15<08:41,  3.86s/it]
 33%|███▎      | 66/200 [04:19<08:40,  3.88s/it]
 34%|███▎      | 67/200 [04:23<08:38,  3.90s/it]
 34%|███▍      | 68/200 [04:27<08:31,  3.87s/it]
 34%|███▍      | 69/200 [04:31<08:24,  3.85s/it]
 35%|███▌      | 70/200 [04:35<08:39,  4.00s/it]
 36%|███▌      | 71/200 [04:39<08:56,  4.16s/it]
 36%|███▌      | 72/200 [04:44<09:03,  4.24s/it]
 36%|███▋      | 73/200 [04:48<08:49,  4.17s/it]
 37%|███▋      | 74/200 [04:52<08:52,  4.22s/it]
 38%|███▊      | 75/200 [04:56<08:34,  4.11s/it]
 38%|███▊      | 76/200 [05:00<08:22,  4.05s/it]
 38%|███▊      | 77/200 [05:04<08:15,  4.03s/it]
 39%|███▉      | 78/200 [05:08<08:03,  3.96s/it]
 40%|███▉      | 79/200 [05:12<07:55,  3.93s/it]
 40%|████      | 80/200 [05:16<08:00,  4.00s/it]
 40%|████      | 81/200 [05:20<08:01,  4.04s/it]
 41%|████      | 82/200 [05:24<07:51,  4.00s/it]
 42%|████▏     | 83/200 [05:28<07:40,  3.94s/it]
 42%|████▏     | 84/200 [05:32<07:39,  3.96s/it]
 42%|████▎     | 85/200 [05:36<07:37,  3.98s/it]
 43%|████▎     | 86/200 [05:39<07:29,  3.95s/it]
 44%|████▎     | 87/200 [05:43<07:14,  3.85s/it]
 44%|████▍     | 88/200 [05:47<07:10,  3.84s/it]
 44%|████▍     | 89/200 [05:51<07:00,  3.79s/it]
 45%|████▌     | 90/200 [05:54<07:00,  3.82s/it]
 46%|████▌     | 91/200 [05:58<07:00,  3.86s/it]
 46%|████▌     | 92/200 [06:02<06:57,  3.87s/it]
 46%|████▋     | 93/200 [06:06<06:59,  3.92s/it]
 47%|████▋     | 94/200 [06:11<07:04,  4.01s/it]
 48%|████▊     | 95/200 [06:15<07:14,  4.13s/it]
 48%|████▊     | 96/200 [06:19<07:04,  4.08s/it]
 48%|████▊     | 97/200 [06:23<06:50,  3.99s/it]
 49%|████▉     | 98/200 [06:26<06:39,  3.91s/it]
 50%|████▉     | 99/200 [06:30<06:29,  3.86s/it]
 50%|█████     | 100/200 [06:34<06:32,  3.92s/it]
 50%|█████     | 101/200 [06:38<06:22,  3.87s/it]
 51%|█████     | 102/200 [06:42<06:14,  3.82s/it]
 52%|█████▏    | 103/200 [06:46<06:13,  3.85s/it]
 52%|█████▏    | 104/200 [06:49<06:09,  3.85s/it]
 52%|█████▎    | 105/200 [06:53<05:54,  3.73s/it]
 53%|█████▎    | 106/200 [06:57<05:56,  3.79s/it]
 54%|█████▎    | 107/200 [07:01<05:56,  3.83s/it]
 54%|█████▍    | 108/200 [07:05<05:58,  3.89s/it]
 55%|█████▍    | 109/200 [07:09<06:01,  3.97s/it]
 55%|█████▌    | 110/200 [07:13<06:09,  4.10s/it]
 56%|█████▌    | 111/200 [07:18<06:08,  4.14s/it]
 56%|█████▌    | 112/200 [07:22<06:02,  4.12s/it]
 56%|█████▋    | 113/200 [07:25<05:44,  3.95s/it]
 57%|█████▋    | 114/200 [07:29<05:46,  4.03s/it]
 57%|█████▊    | 115/200 [07:34<05:52,  4.15s/it]
 58%|█████▊    | 116/200 [07:38<05:37,  4.02s/it]
 58%|█████▊    | 117/200 [07:41<05:20,  3.87s/it]
 59%|█████▉    | 118/200 [07:45<05:14,  3.84s/it]
 60%|█████▉    | 119/200 [07:49<05:07,  3.80s/it]
 60%|██████    | 120/200 [07:53<05:07,  3.84s/it]
 60%|██████    | 121/200 [07:56<05:02,  3.83s/it]
 61%|██████    | 122/200 [08:00<05:03,  3.88s/it]
 62%|██████▏   | 123/200 [08:04<05:04,  3.96s/it]
 62%|██████▏   | 124/200 [08:09<05:12,  4.11s/it]
 62%|██████▎   | 125/200 [08:13<05:02,  4.04s/it]
 63%|██████▎   | 126/200 [08:17<04:57,  4.02s/it]
 64%|██████▎   | 127/200 [08:21<04:59,  4.10s/it]
 64%|██████▍   | 128/200 [08:25<04:51,  4.06s/it]
 64%|██████▍   | 129/200 [08:29<04:41,  3.96s/it]
 65%|██████▌   | 130/200 [08:33<04:40,  4.00s/it]
 66%|██████▌   | 131/200 [08:37<04:33,  3.97s/it]
 66%|██████▌   | 132/200 [08:41<04:26,  3.92s/it]
 66%|██████▋   | 133/200 [08:44<04:22,  3.92s/it]
 67%|██████▋   | 134/200 [08:48<04:16,  3.89s/it]
 68%|██████▊   | 135/200 [08:52<04:10,  3.86s/it]
 68%|██████▊   | 136/200 [08:56<04:10,  3.91s/it]
 68%|██████▊   | 137/200 [09:00<04:00,  3.83s/it]
 69%|██████▉   | 138/200 [09:04<04:07,  3.99s/it]
 70%|██████▉   | 139/200 [09:08<04:00,  3.94s/it]
 70%|███████   | 140/200 [09:12<03:53,  3.90s/it]
 70%|███████   | 141/200 [09:16<03:54,  3.97s/it]
 71%|███████   | 142/200 [09:20<03:50,  3.97s/it]
 72%|███████▏  | 143/200 [09:23<03:38,  3.83s/it]
 72%|███████▏  | 144/200 [09:28<03:40,  3.94s/it]
 72%|███████▎  | 145/200 [09:31<03:34,  3.91s/it]
 73%|███████▎  | 146/200 [09:35<03:29,  3.89s/it]
 74%|███████▎  | 147/200 [09:39<03:21,  3.80s/it]
 74%|███████▍  | 148/200 [09:43<03:17,  3.80s/it]
 74%|███████▍  | 149/200 [09:46<03:12,  3.77s/it]
 75%|███████▌  | 150/200 [09:50<03:06,  3.73s/it]
 76%|███████▌  | 151/200 [09:54<03:03,  3.74s/it]
 76%|███████▌  | 152/200 [09:58<03:11,  3.99s/it]
 76%|███████▋  | 153/200 [10:02<03:04,  3.93s/it]
 77%|███████▋  | 154/200 [10:06<02:57,  3.87s/it]
 78%|███████▊  | 155/200 [10:10<02:52,  3.83s/it]
 78%|███████▊  | 156/200 [10:13<02:44,  3.73s/it]
 78%|███████▊  | 157/200 [10:17<02:44,  3.82s/it]
 79%|███████▉  | 158/200 [10:21<02:41,  3.85s/it]
 80%|███████▉  | 159/200 [10:25<02:45,  4.03s/it]
 80%|████████  | 160/200 [10:29<02:39,  3.99s/it]
 80%|████████  | 161/200 [10:33<02:31,  3.90s/it]
 81%|████████  | 162/200 [10:37<02:28,  3.91s/it]
 82%|████████▏ | 163/200 [10:41<02:24,  3.91s/it]
 82%|████████▏ | 164/200 [10:45<02:19,  3.86s/it]
 82%|████████▎ | 165/200 [10:48<02:13,  3.83s/it]
 83%|████████▎ | 166/200 [10:52<02:08,  3.79s/it]
 84%|████████▎ | 167/200 [10:56<02:04,  3.77s/it]
 84%|████████▍ | 168/200 [10:59<01:59,  3.73s/it]
 84%|████████▍ | 169/200 [11:03<01:58,  3.82s/it]
 85%|████████▌ | 170/200 [11:08<01:58,  3.97s/it]
 86%|████████▌ | 171/200 [11:12<01:52,  3.90s/it]
 86%|████████▌ | 172/200 [11:15<01:48,  3.87s/it]
 86%|████████▋ | 173/200 [11:19<01:46,  3.94s/it]
 87%|████████▋ | 174/200 [11:23<01:41,  3.90s/it]
 88%|████████▊ | 175/200 [11:27<01:36,  3.85s/it]
 88%|████████▊ | 176/200 [11:31<01:30,  3.78s/it]
 88%|████████▊ | 177/200 [11:34<01:25,  3.74s/it]
 89%|████████▉ | 178/200 [11:38<01:24,  3.85s/it]
 90%|████████▉ | 179/200 [11:42<01:22,  3.91s/it]
 90%|█████████ | 180/200 [11:46<01:17,  3.89s/it]
 90%|█████████ | 181/200 [11:50<01:12,  3.83s/it]
 91%|█████████ | 182/200 [11:54<01:09,  3.84s/it]
 92%|█████████▏| 183/200 [11:57<01:04,  3.80s/it]
 92%|█████████▏| 184/200 [12:01<01:01,  3.84s/it]
 92%|█████████▎| 185/200 [12:05<00:57,  3.82s/it]
 93%|█████████▎| 186/200 [12:09<00:53,  3.82s/it]
 94%|█████████▎| 187/200 [12:13<00:50,  3.91s/it]
 94%|█████████▍| 188/200 [12:18<00:48,  4.05s/it]
 94%|█████████▍| 189/200 [12:22<00:45,  4.17s/it]
 95%|█████████▌| 190/200 [12:26<00:42,  4.27s/it]
 96%|█████████▌| 191/200 [12:31<00:38,  4.24s/it]
 96%|█████████▌| 192/200 [12:35<00:33,  4.17s/it]
 96%|█████████▋| 193/200 [12:38<00:28,  4.04s/it]
 97%|█████████▋| 194/200 [12:42<00:24,  4.02s/it]
 98%|█████████▊| 195/200 [12:46<00:19,  3.96s/it]
 98%|█████████▊| 196/200 [12:50<00:15,  3.97s/it]
 98%|█████████▊| 197/200 [12:55<00:12,  4.12s/it]
 99%|█████████▉| 198/200 [12:58<00:08,  4.01s/it]
100%|█████████▉| 199/200 [13:03<00:04,  4.13s/it]
100%|██████████| 200/200 [13:07<00:00,  4.00s/it]
                                                 
0
1
2
3
4
5
6
7
8
9
10
11
12
13
14
15
16
17
18
19
20
21
22
23
24
25
26
27
28
29
30
31
32
33
34
35
36
37
38
39
40
41
42
43
44
45
46
47
48
49
50
51
52
53
54
55
56
57
58
59
60
61
62
63
64
65
66
67
68
69
70
71
72
73
74
75
76
77
78
79
80
81
82
83
84
85
86
87
88
89
90
91
92
93
94
95
96
97
98
99
100
101
102
103
104
105
106
107
108
109
110
111
112
113
114
115
116
117
118
119
120
121
122
123
124
125
126
127
128
129
130
131
132
133
134
135
136
137
138
139
140
141
142
143
144
145
146
147
148
149
150
151
152
153
154
155
156
157
158
159
160
161
162
163
164
165
166
167
168
169
170
171
172
173
174
175
176
177
178
179
180
181
182
183
184
185
186
187
188
189
190
191
192
193
194
195
196
197
198
199
