 
Files to read: ['../pilot-cpjump1-data/profiles/2020_11_04_CPJUMP1/BR00116995/BR00116995_normalized_feature_select_negcon.csv.gz']
Files to read: ['../pilot-cpjump1-data/profiles/2020_11_04_CPJUMP1/BR00117024/BR00117024_normalized_feature_select_negcon.csv.gz']
Files to read: ['../pilot-cpjump1-data/profiles/2020_11_04_CPJUMP1/BR00117025/BR00117025_normalized_feature_select_negcon.csv.gz']
Files to read: ['../pilot-cpjump1-data/profiles/2020_11_04_CPJUMP1/BR00117026/BR00117026_normalized_feature_select_negcon.csv.gz']
Files to read: ['../pilot-cpjump1-data/profiles/2020_11_04_CPJUMP1/BR00116997/BR00116997_normalized_feature_select_negcon.csv.gz']
Files to read: ['../pilot-cpjump1-data/profiles/2020_11_04_CPJUMP1/BR00116998/BR00116998_normalized_feature_select_negcon.csv.gz']
Files to read: ['../pilot-cpjump1-data/profiles/2020_11_04_CPJUMP1/BR00116999/BR00116999_normalized_feature_select_negcon.csv.gz']
Files to read: ['../pilot-cpjump1-data/profiles/2020_11_04_CPJUMP1/BR00116996/BR00116996_normalized_feature_select_negcon.csv.gz']
Files to read: ['../pilot-cpjump1-data/profiles/2020_11_04_CPJUMP1/BR00117022/BR00117022_normalized_feature_select_negcon.csv.gz']
Files to read: ['../pilot-cpjump1-data/profiles/2020_11_04_CPJUMP1/BR00117023/BR00117023_normalized_feature_select_negcon.csv.gz']

  0%|          | 0/200 [00:00<?, ?it/s]
  0%|          | 1/200 [00:05<19:07,  5.77s/it]
  1%|          | 2/200 [00:10<16:50,  5.11s/it]
  2%|▏         | 3/200 [00:15<16:11,  4.93s/it]
  2%|▏         | 4/200 [00:19<15:33,  4.76s/it]
  2%|▎         | 5/200 [00:24<15:07,  4.66s/it]
  3%|▎         | 6/200 [00:29<15:32,  4.81s/it]
  4%|▎         | 7/200 [00:33<15:21,  4.77s/it]
  4%|▍         | 8/200 [00:38<15:23,  4.81s/it]
  4%|▍         | 9/200 [00:44<16:24,  5.16s/it]
  5%|▌         | 10/200 [00:49<16:21,  5.16s/it]
  6%|▌         | 11/200 [00:54<15:43,  4.99s/it]
  6%|▌         | 12/200 [00:59<15:26,  4.93s/it]
  6%|▋         | 13/200 [01:03<15:04,  4.84s/it]
  7%|▋         | 14/200 [01:08<14:47,  4.77s/it]
  8%|▊         | 15/200 [01:13<14:41,  4.77s/it]
  8%|▊         | 16/200 [01:18<15:07,  4.93s/it]
  8%|▊         | 17/200 [01:23<14:38,  4.80s/it]
  9%|▉         | 18/200 [01:27<14:19,  4.72s/it]
 10%|▉         | 19/200 [01:32<14:06,  4.68s/it]
 10%|█         | 20/200 [01:37<14:19,  4.77s/it]
 10%|█         | 21/200 [01:42<14:50,  4.97s/it]
 11%|█         | 22/200 [01:48<15:17,  5.16s/it]
 12%|█▏        | 23/200 [01:53<15:25,  5.23s/it]
 12%|█▏        | 24/200 [01:58<15:17,  5.21s/it]
 12%|█▎        | 25/200 [02:04<15:15,  5.23s/it]
 13%|█▎        | 26/200 [02:09<14:56,  5.15s/it]
 14%|█▎        | 27/200 [02:14<14:47,  5.13s/it]
 14%|█▍        | 28/200 [02:19<14:44,  5.14s/it]
 14%|█▍        | 29/200 [02:24<14:32,  5.10s/it]
 15%|█▌        | 30/200 [02:29<14:29,  5.12s/it]
 16%|█▌        | 31/200 [02:34<14:09,  5.03s/it]
 16%|█▌        | 32/200 [02:38<13:46,  4.92s/it]
 16%|█▋        | 33/200 [02:44<13:54,  5.00s/it]
 17%|█▋        | 34/200 [02:49<13:47,  4.98s/it]
 18%|█▊        | 35/200 [02:54<13:55,  5.06s/it]
 18%|█▊        | 36/200 [02:59<13:49,  5.06s/it]
 18%|█▊        | 37/200 [03:04<13:28,  4.96s/it]
 19%|█▉        | 38/200 [03:08<13:04,  4.84s/it]
 20%|█▉        | 39/200 [03:13<12:45,  4.76s/it]
 20%|██        | 40/200 [03:17<12:36,  4.73s/it]
 20%|██        | 41/200 [03:22<12:24,  4.68s/it]
 21%|██        | 42/200 [03:27<12:46,  4.85s/it]
 22%|██▏       | 43/200 [03:32<12:42,  4.86s/it]
 22%|██▏       | 44/200 [03:37<12:35,  4.84s/it]
 22%|██▎       | 45/200 [03:41<12:18,  4.77s/it]
 23%|██▎       | 46/200 [03:46<12:16,  4.78s/it]
 24%|██▎       | 47/200 [03:51<12:19,  4.83s/it]
 24%|██▍       | 48/200 [03:56<12:21,  4.88s/it]
 24%|██▍       | 49/200 [04:01<12:03,  4.79s/it]
 25%|██▌       | 50/200 [04:06<12:01,  4.81s/it]
 26%|██▌       | 51/200 [04:11<12:06,  4.88s/it]
 26%|██▌       | 52/200 [04:16<12:01,  4.87s/it]
 26%|██▋       | 53/200 [04:20<11:45,  4.80s/it]
 27%|██▋       | 54/200 [04:25<11:35,  4.77s/it]
 28%|██▊       | 55/200 [04:30<11:41,  4.84s/it]
 28%|██▊       | 56/200 [04:36<12:29,  5.21s/it]
 28%|██▊       | 57/200 [04:41<12:09,  5.10s/it]
 29%|██▉       | 58/200 [04:46<11:47,  4.98s/it]
 30%|██▉       | 59/200 [04:50<11:29,  4.89s/it]
 30%|███       | 60/200 [04:55<11:14,  4.82s/it]
 30%|███       | 61/200 [04:59<11:00,  4.75s/it]
 31%|███       | 62/200 [05:04<11:08,  4.85s/it]
 32%|███▏      | 63/200 [05:09<10:43,  4.70s/it]
 32%|███▏      | 64/200 [05:13<10:27,  4.61s/it]
 32%|███▎      | 65/200 [05:18<10:14,  4.55s/it]
 33%|███▎      | 66/200 [05:22<10:11,  4.56s/it]
 34%|███▎      | 67/200 [05:27<10:01,  4.52s/it]
 34%|███▍      | 68/200 [05:31<09:55,  4.51s/it]
 34%|███▍      | 69/200 [05:36<09:51,  4.51s/it]
 35%|███▌      | 70/200 [05:40<09:55,  4.58s/it]
 36%|███▌      | 71/200 [05:46<10:30,  4.89s/it]
 36%|███▌      | 72/200 [05:51<10:36,  4.98s/it]
 36%|███▋      | 73/200 [05:56<10:14,  4.84s/it]
 37%|███▋      | 74/200 [06:00<10:04,  4.80s/it]
 38%|███▊      | 75/200 [06:05<09:52,  4.74s/it]
 38%|███▊      | 76/200 [06:10<09:53,  4.79s/it]
 38%|███▊      | 77/200 [06:15<09:57,  4.86s/it]
 39%|███▉      | 78/200 [06:19<09:36,  4.72s/it]
 40%|███▉      | 79/200 [06:25<09:46,  4.85s/it]
 40%|████      | 80/200 [06:30<09:52,  4.93s/it]
 40%|████      | 81/200 [06:34<09:41,  4.88s/it]
 41%|████      | 82/200 [06:39<09:38,  4.90s/it]
 42%|████▏     | 83/200 [06:45<09:51,  5.06s/it]
 42%|████▏     | 84/200 [06:50<10:01,  5.19s/it]
 42%|████▎     | 85/200 [06:56<10:13,  5.33s/it]
 43%|████▎     | 86/200 [07:01<09:49,  5.17s/it]
 44%|████▎     | 87/200 [07:05<09:25,  5.01s/it]
 44%|████▍     | 88/200 [07:11<09:31,  5.10s/it]
 44%|████▍     | 89/200 [07:16<09:17,  5.02s/it]
 45%|████▌     | 90/200 [07:20<08:59,  4.91s/it]
 46%|████▌     | 91/200 [07:25<08:41,  4.79s/it]
 46%|████▌     | 92/200 [07:29<08:33,  4.75s/it]
 46%|████▋     | 93/200 [07:34<08:20,  4.68s/it]
 47%|████▋     | 94/200 [07:39<08:15,  4.67s/it]
 48%|████▊     | 95/200 [07:43<08:08,  4.66s/it]
 48%|████▊     | 96/200 [07:48<08:01,  4.63s/it]
 48%|████▊     | 97/200 [07:52<07:50,  4.57s/it]
 49%|████▉     | 98/200 [07:57<07:50,  4.61s/it]
 50%|████▉     | 99/200 [08:01<07:38,  4.54s/it]
 50%|█████     | 100/200 [08:06<07:36,  4.57s/it]
 50%|█████     | 101/200 [08:10<07:34,  4.59s/it]
 51%|█████     | 102/200 [08:15<07:39,  4.69s/it]
 52%|█████▏    | 103/200 [08:20<07:46,  4.81s/it]
 52%|█████▏    | 104/200 [08:25<07:30,  4.69s/it]
 52%|█████▎    | 105/200 [08:30<07:25,  4.68s/it]
 53%|█████▎    | 106/200 [08:34<07:18,  4.66s/it]
 54%|█████▎    | 107/200 [08:39<07:05,  4.58s/it]
 54%|█████▍    | 108/200 [08:43<07:10,  4.68s/it]
 55%|█████▍    | 109/200 [08:48<07:07,  4.70s/it]
 55%|█████▌    | 110/200 [08:53<07:01,  4.68s/it]
 56%|█████▌    | 111/200 [08:57<06:48,  4.59s/it]
 56%|█████▌    | 112/200 [09:02<06:40,  4.55s/it]
 56%|█████▋    | 113/200 [09:07<06:53,  4.75s/it]
 57%|█████▋    | 114/200 [09:12<07:06,  4.96s/it]
 57%|█████▊    | 115/200 [09:18<07:15,  5.13s/it]
 58%|█████▊    | 116/200 [09:23<07:15,  5.19s/it]
 58%|█████▊    | 117/200 [09:28<06:57,  5.02s/it]
 59%|█████▉    | 118/200 [09:34<07:12,  5.28s/it]
 60%|█████▉    | 119/200 [09:39<07:02,  5.22s/it]
 60%|██████    | 120/200 [09:44<06:48,  5.10s/it]
 60%|██████    | 121/200 [09:48<06:31,  4.95s/it]
 61%|██████    | 122/200 [09:54<06:36,  5.08s/it]
 62%|██████▏   | 123/200 [09:58<06:22,  4.96s/it]
 62%|██████▏   | 124/200 [10:03<06:10,  4.87s/it]
 62%|██████▎   | 125/200 [10:08<06:09,  4.93s/it]
 63%|██████▎   | 126/200 [10:13<06:09,  4.99s/it]
 64%|██████▎   | 127/200 [10:18<05:56,  4.89s/it]
 64%|██████▍   | 128/200 [10:22<05:47,  4.83s/it]
 64%|██████▍   | 129/200 [10:27<05:31,  4.67s/it]
 65%|██████▌   | 130/200 [10:32<05:29,  4.71s/it]
 66%|██████▌   | 131/200 [10:36<05:22,  4.67s/it]
 66%|██████▌   | 132/200 [10:41<05:13,  4.62s/it]
 66%|██████▋   | 133/200 [10:45<05:05,  4.56s/it]
 67%|██████▋   | 134/200 [10:50<04:59,  4.54s/it]
 68%|██████▊   | 135/200 [10:54<04:53,  4.52s/it]
 68%|██████▊   | 136/200 [10:59<04:52,  4.56s/it]
 68%|██████▊   | 137/200 [11:03<04:48,  4.58s/it]
 69%|██████▉   | 138/200 [11:08<04:41,  4.54s/it]
 70%|██████▉   | 139/200 [11:12<04:37,  4.56s/it]
 70%|███████   | 140/200 [11:17<04:32,  4.54s/it]
 70%|███████   | 141/200 [11:21<04:26,  4.52s/it]
 71%|███████   | 142/200 [11:27<04:33,  4.71s/it]
 72%|███████▏  | 143/200 [11:32<04:46,  5.03s/it]
 72%|███████▏  | 144/200 [11:38<04:54,  5.26s/it]
 72%|███████▎  | 145/200 [11:44<04:53,  5.34s/it]
 73%|███████▎  | 146/200 [11:49<04:43,  5.25s/it]
 74%|███████▎  | 147/200 [11:53<04:31,  5.13s/it]
 74%|███████▍  | 148/200 [11:59<04:28,  5.16s/it]
 74%|███████▍  | 149/200 [12:03<04:13,  4.97s/it]
 75%|███████▌  | 150/200 [12:08<04:03,  4.87s/it]
 76%|███████▌  | 151/200 [12:13<03:58,  4.86s/it]
 76%|███████▌  | 152/200 [12:18<03:52,  4.85s/it]
 76%|███████▋  | 153/200 [12:22<03:40,  4.70s/it]
 77%|███████▋  | 154/200 [12:26<03:34,  4.67s/it]
 78%|███████▊  | 155/200 [12:31<03:27,  4.61s/it]
 78%|███████▊  | 156/200 [12:36<03:26,  4.69s/it]
 78%|███████▊  | 157/200 [12:40<03:18,  4.62s/it]
 79%|███████▉  | 158/200 [12:45<03:11,  4.57s/it]
 80%|███████▉  | 159/200 [12:50<03:15,  4.76s/it]
 80%|████████  | 160/200 [12:55<03:13,  4.84s/it]
 80%|████████  | 161/200 [13:00<03:11,  4.92s/it]
 81%|████████  | 162/200 [13:05<03:10,  5.01s/it]
 82%|████████▏ | 163/200 [13:11<03:07,  5.07s/it]
 82%|████████▏ | 164/200 [13:15<03:00,  5.02s/it]
 82%|████████▎ | 165/200 [13:20<02:50,  4.88s/it]
 83%|████████▎ | 166/200 [13:25<02:48,  4.95s/it]
 84%|████████▎ | 167/200 [13:30<02:44,  4.99s/it]
 84%|████████▍ | 168/200 [13:35<02:40,  5.00s/it]
 84%|████████▍ | 169/200 [13:41<02:40,  5.16s/it]
 85%|████████▌ | 170/200 [13:46<02:36,  5.20s/it]
 86%|████████▌ | 171/200 [13:51<02:30,  5.19s/it]
 86%|████████▌ | 172/200 [13:57<02:30,  5.37s/it]
 86%|████████▋ | 173/200 [14:02<02:22,  5.28s/it]
 87%|████████▋ | 174/200 [14:07<02:17,  5.31s/it]
 88%|████████▊ | 175/200 [14:12<02:10,  5.22s/it]
 88%|████████▊ | 176/200 [14:18<02:05,  5.23s/it]
 88%|████████▊ | 177/200 [14:23<02:01,  5.26s/it]
 89%|████████▉ | 178/200 [14:29<01:58,  5.39s/it]
 90%|████████▉ | 179/200 [14:34<01:52,  5.34s/it]
 90%|█████████ | 180/200 [14:39<01:45,  5.27s/it]
 90%|█████████ | 181/200 [14:44<01:39,  5.21s/it]
 91%|█████████ | 182/200 [14:49<01:34,  5.24s/it]
 92%|█████████▏| 183/200 [14:54<01:28,  5.19s/it]
 92%|█████████▏| 184/200 [15:00<01:24,  5.26s/it]
 92%|█████████▎| 185/200 [15:05<01:18,  5.25s/it]
 93%|█████████▎| 186/200 [15:10<01:13,  5.23s/it]
 94%|█████████▎| 187/200 [15:15<01:07,  5.17s/it]
 94%|█████████▍| 188/200 [15:21<01:01,  5.16s/it]
 94%|█████████▍| 189/200 [15:26<00:56,  5.11s/it]
 95%|█████████▌| 190/200 [15:31<00:51,  5.11s/it]
 96%|█████████▌| 191/200 [15:36<00:47,  5.24s/it]
 96%|█████████▌| 192/200 [15:42<00:42,  5.35s/it]
 96%|█████████▋| 193/200 [15:47<00:36,  5.23s/it]
 97%|█████████▋| 194/200 [15:53<00:32,  5.45s/it]
 98%|█████████▊| 195/200 [15:58<00:26,  5.35s/it]
 98%|█████████▊| 196/200 [16:03<00:21,  5.34s/it]
 98%|█████████▊| 197/200 [16:08<00:15,  5.29s/it]
 99%|█████████▉| 198/200 [16:13<00:10,  5.26s/it]
100%|█████████▉| 199/200 [16:18<00:05,  5.08s/it]
100%|██████████| 200/200 [16:23<00:00,  5.06s/it]
                                                 
0
1
2
3
4
5
6
7
8
9
10
11
12
13
14
15
16
17
18
19
20
21
22
23
24
25
26
27
28
29
30
31
32
33
34
35
36
37
38
39
40
41
42
43
44
45
46
47
48
49
50
51
52
53
54
55
56
57
58
59
60
61
62
63
64
65
66
67
68
69
70
71
72
73
74
75
76
77
78
79
80
81
82
83
84
85
86
87
88
89
90
91
92
93
94
95
96
97
98
99
100
101
102
103
104
105
106
107
108
109
110
111
112
113
114
115
116
117
118
119
120
121
122
123
124
125
126
127
128
129
130
131
132
133
134
135
136
137
138
139
140
141
142
143
144
145
146
147
148
149
150
151
152
153
154
155
156
157
158
159
160
161
162
163
164
165
166
167
168
169
170
171
172
173
174
175
176
177
178
179
180
181
182
183
184
185
186
187
188
189
190
191
192
193
194
195
196
197
198
199
