 
Files to read: ['../pilot-cpjump1-data/profiles/2020_11_04_CPJUMP1/BR00116995/BR00116995_normalized_feature_select_negcon.csv.gz']
Files to read: ['../pilot-cpjump1-data/profiles/2020_11_04_CPJUMP1/BR00117024/BR00117024_normalized_feature_select_negcon.csv.gz']
Files to read: ['../pilot-cpjump1-data/profiles/2020_11_04_CPJUMP1/BR00117025/BR00117025_normalized_feature_select_negcon.csv.gz']
Files to read: ['../pilot-cpjump1-data/profiles/2020_11_04_CPJUMP1/BR00117026/BR00117026_normalized_feature_select_negcon.csv.gz']
Files to read: ['../pilot-cpjump1-data/profiles/2020_11_04_CPJUMP1/BR00116997/BR00116997_normalized_feature_select_negcon.csv.gz']
Files to read: ['../pilot-cpjump1-data/profiles/2020_11_04_CPJUMP1/BR00116998/BR00116998_normalized_feature_select_negcon.csv.gz']
Files to read: ['../pilot-cpjump1-data/profiles/2020_11_04_CPJUMP1/BR00116999/BR00116999_normalized_feature_select_negcon.csv.gz']
Files to read: ['../pilot-cpjump1-data/profiles/2020_11_04_CPJUMP1/BR00116996/BR00116996_normalized_feature_select_negcon.csv.gz']
Files to read: ['../pilot-cpjump1-data/profiles/2020_11_04_CPJUMP1/BR00117022/BR00117022_normalized_feature_select_negcon.csv.gz']
Files to read: ['../pilot-cpjump1-data/profiles/2020_11_04_CPJUMP1/BR00117023/BR00117023_normalized_feature_select_negcon.csv.gz']

  0%|          | 0/200 [00:00<?, ?it/s]
  0%|          | 1/200 [00:08<28:55,  8.72s/it]
  1%|          | 2/200 [00:14<22:54,  6.94s/it]
  2%|▏         | 3/200 [00:19<20:41,  6.30s/it]
  2%|▏         | 4/200 [00:25<19:24,  5.94s/it]
  2%|▎         | 5/200 [00:30<18:43,  5.76s/it]
  3%|▎         | 6/200 [00:36<18:24,  5.69s/it]
  4%|▎         | 7/200 [00:41<18:10,  5.65s/it]
  4%|▍         | 8/200 [00:47<17:55,  5.60s/it]
  4%|▍         | 9/200 [00:52<17:45,  5.58s/it]
  5%|▌         | 10/200 [00:58<17:30,  5.53s/it]
  6%|▌         | 11/200 [01:03<17:14,  5.47s/it]
  6%|▌         | 12/200 [01:09<17:06,  5.46s/it]
  6%|▋         | 13/200 [01:14<17:14,  5.53s/it]
  7%|▋         | 14/200 [01:19<16:47,  5.42s/it]
  8%|▊         | 15/200 [01:25<16:50,  5.46s/it]
  8%|▊         | 16/200 [01:30<16:42,  5.45s/it]
  8%|▊         | 17/200 [01:36<16:36,  5.45s/it]
  9%|▉         | 18/200 [01:41<16:37,  5.48s/it]
 10%|▉         | 19/200 [01:47<16:27,  5.46s/it]
 10%|█         | 20/200 [01:52<16:22,  5.46s/it]
 10%|█         | 21/200 [01:58<16:17,  5.46s/it]
 11%|█         | 22/200 [02:03<16:15,  5.48s/it]
 12%|█▏        | 23/200 [02:09<16:07,  5.47s/it]
 12%|█▏        | 24/200 [02:14<16:04,  5.48s/it]
 12%|█▎        | 25/200 [02:20<16:03,  5.50s/it]
 13%|█▎        | 26/200 [02:25<15:58,  5.51s/it]
 14%|█▎        | 27/200 [02:31<15:53,  5.51s/it]
 14%|█▍        | 28/200 [02:36<15:41,  5.48s/it]
 14%|█▍        | 29/200 [02:42<15:25,  5.41s/it]
 15%|█▌        | 30/200 [02:47<15:21,  5.42s/it]
 16%|█▌        | 31/200 [02:52<15:10,  5.39s/it]
 16%|█▌        | 32/200 [02:58<15:05,  5.39s/it]
 16%|█▋        | 33/200 [03:03<15:06,  5.43s/it]
 17%|█▋        | 34/200 [03:09<15:05,  5.45s/it]
 18%|█▊        | 35/200 [03:14<14:59,  5.45s/it]
 18%|█▊        | 36/200 [03:19<14:42,  5.38s/it]
 18%|█▊        | 37/200 [03:25<14:38,  5.39s/it]
 19%|█▉        | 38/200 [03:30<14:43,  5.45s/it]
 20%|█▉        | 39/200 [03:36<14:41,  5.47s/it]
 20%|██        | 40/200 [03:41<14:32,  5.45s/it]
 20%|██        | 41/200 [03:46<14:04,  5.31s/it]
 21%|██        | 42/200 [03:52<14:09,  5.38s/it]
 22%|██▏       | 43/200 [03:57<14:06,  5.39s/it]
 22%|██▏       | 44/200 [04:03<14:01,  5.39s/it]
 22%|██▎       | 45/200 [04:08<13:57,  5.40s/it]
 23%|██▎       | 46/200 [04:14<14:00,  5.46s/it]
 24%|██▎       | 47/200 [04:19<13:48,  5.42s/it]
 24%|██▍       | 48/200 [04:25<13:52,  5.48s/it]
 24%|██▍       | 49/200 [04:30<13:46,  5.47s/it]
 25%|██▌       | 50/200 [04:36<13:42,  5.48s/it]
 26%|██▌       | 51/200 [04:41<13:35,  5.47s/it]
 26%|██▌       | 52/200 [04:47<13:33,  5.49s/it]
 26%|██▋       | 53/200 [04:52<13:21,  5.45s/it]
 27%|██▋       | 54/200 [04:57<13:19,  5.48s/it]
 28%|██▊       | 55/200 [05:03<13:08,  5.44s/it]
 28%|██▊       | 56/200 [05:08<13:02,  5.44s/it]
 28%|██▊       | 57/200 [05:14<12:56,  5.43s/it]
 29%|██▉       | 58/200 [05:19<12:51,  5.43s/it]
 30%|██▉       | 59/200 [05:25<12:45,  5.43s/it]
 30%|███       | 60/200 [05:30<12:37,  5.41s/it]
 30%|███       | 61/200 [05:35<12:25,  5.37s/it]
 31%|███       | 62/200 [05:41<12:25,  5.40s/it]
 32%|███▏      | 63/200 [05:46<12:18,  5.39s/it]
 32%|███▏      | 64/200 [05:51<12:16,  5.41s/it]
 32%|███▎      | 65/200 [05:57<12:08,  5.40s/it]
 33%|███▎      | 66/200 [06:02<12:02,  5.39s/it]
 34%|███▎      | 67/200 [06:08<12:03,  5.44s/it]
 34%|███▍      | 68/200 [06:13<12:02,  5.47s/it]
 34%|███▍      | 69/200 [06:18<11:39,  5.34s/it]
 35%|███▌      | 70/200 [06:23<11:11,  5.16s/it]
 36%|███▌      | 71/200 [06:28<10:55,  5.08s/it]
 36%|███▌      | 72/200 [06:33<10:34,  4.96s/it]
 36%|███▋      | 73/200 [06:38<10:44,  5.07s/it]
 37%|███▋      | 74/200 [06:43<10:51,  5.17s/it]
 38%|███▊      | 75/200 [06:49<10:56,  5.25s/it]
 38%|███▊      | 76/200 [06:54<10:58,  5.31s/it]
 38%|███▊      | 77/200 [07:00<11:03,  5.39s/it]
 39%|███▉      | 78/200 [07:05<10:57,  5.39s/it]
 40%|███▉      | 79/200 [07:11<10:51,  5.38s/it]
 40%|████      | 80/200 [07:16<10:47,  5.39s/it]
 40%|████      | 81/200 [07:21<10:43,  5.41s/it]
 41%|████      | 82/200 [07:27<10:38,  5.41s/it]
 42%|████▏     | 83/200 [07:32<10:38,  5.46s/it]
 42%|████▏     | 84/200 [07:38<10:31,  5.44s/it]
 42%|████▎     | 85/200 [07:43<10:31,  5.49s/it]
 43%|████▎     | 86/200 [07:49<10:27,  5.50s/it]
 44%|████▎     | 87/200 [07:54<10:20,  5.49s/it]
 44%|████▍     | 88/200 [08:00<10:14,  5.48s/it]
 44%|████▍     | 89/200 [08:05<10:05,  5.45s/it]
 45%|████▌     | 90/200 [08:11<09:57,  5.43s/it]
 46%|████▌     | 91/200 [08:16<09:53,  5.44s/it]
 46%|████▌     | 92/200 [08:21<09:43,  5.41s/it]
 46%|████▋     | 93/200 [08:27<09:37,  5.39s/it]
 47%|████▋     | 94/200 [08:32<09:31,  5.39s/it]
 48%|████▊     | 95/200 [08:38<09:23,  5.37s/it]
 48%|████▊     | 96/200 [08:43<09:15,  5.34s/it]
 48%|████▊     | 97/200 [08:48<09:11,  5.36s/it]
 49%|████▉     | 98/200 [08:54<09:05,  5.35s/it]
 50%|████▉     | 99/200 [08:59<09:01,  5.37s/it]
 50%|█████     | 100/200 [09:04<09:00,  5.41s/it]
 50%|█████     | 101/200 [09:10<08:54,  5.40s/it]
 51%|█████     | 102/200 [09:15<08:32,  5.23s/it]
 52%|█████▏    | 103/200 [09:20<08:41,  5.38s/it]
 52%|█████▏    | 104/200 [09:26<08:35,  5.37s/it]
 52%|█████▎    | 105/200 [09:31<08:37,  5.44s/it]
 53%|█████▎    | 106/200 [09:37<08:26,  5.39s/it]
 54%|█████▎    | 107/200 [09:42<08:23,  5.42s/it]
 54%|█████▍    | 108/200 [09:47<08:17,  5.40s/it]
 55%|█████▍    | 109/200 [09:53<08:11,  5.41s/it]
 55%|█████▌    | 110/200 [09:58<08:04,  5.38s/it]
 56%|█████▌    | 111/200 [10:04<07:59,  5.39s/it]
 56%|█████▌    | 112/200 [10:09<07:57,  5.43s/it]
 56%|█████▋    | 113/200 [10:15<07:53,  5.44s/it]
 57%|█████▋    | 114/200 [10:20<07:46,  5.43s/it]
 57%|█████▊    | 115/200 [10:25<07:43,  5.45s/it]
 58%|█████▊    | 116/200 [10:31<07:38,  5.45s/it]
 58%|█████▊    | 117/200 [10:36<07:28,  5.41s/it]
 59%|█████▉    | 118/200 [10:42<07:25,  5.43s/it]
 60%|█████▉    | 119/200 [10:47<07:22,  5.47s/it]
 60%|██████    | 120/200 [10:53<07:12,  5.41s/it]
 60%|██████    | 121/200 [10:58<07:08,  5.42s/it]
 61%|██████    | 122/200 [11:04<07:09,  5.50s/it]
 62%|██████▏   | 123/200 [11:09<07:04,  5.51s/it]
 62%|██████▏   | 124/200 [11:15<06:56,  5.48s/it]
 62%|██████▎   | 125/200 [11:20<06:49,  5.45s/it]
 63%|██████▎   | 126/200 [11:25<06:43,  5.46s/it]
 64%|██████▎   | 127/200 [11:31<06:38,  5.46s/it]
 64%|██████▍   | 128/200 [11:36<06:29,  5.41s/it]
 64%|██████▍   | 129/200 [11:41<06:20,  5.36s/it]
 65%|██████▌   | 130/200 [11:47<06:12,  5.33s/it]
 66%|██████▌   | 131/200 [11:52<06:11,  5.38s/it]
 66%|██████▌   | 132/200 [11:58<06:05,  5.38s/it]
 66%|██████▋   | 133/200 [12:03<06:02,  5.41s/it]
 67%|██████▋   | 134/200 [12:08<05:51,  5.32s/it]
 68%|██████▊   | 135/200 [12:14<05:45,  5.31s/it]
 68%|██████▊   | 136/200 [12:19<05:41,  5.34s/it]
 68%|██████▊   | 137/200 [12:24<05:40,  5.40s/it]
 69%|██████▉   | 138/200 [12:30<05:32,  5.37s/it]
 70%|██████▉   | 139/200 [12:35<05:28,  5.38s/it]
 70%|███████   | 140/200 [12:41<05:24,  5.41s/it]
 70%|███████   | 141/200 [12:46<05:21,  5.44s/it]
 71%|███████   | 142/200 [12:52<05:16,  5.46s/it]
 72%|███████▏  | 143/200 [12:57<05:09,  5.44s/it]
 72%|███████▏  | 144/200 [13:03<05:05,  5.46s/it]
 72%|███████▎  | 145/200 [13:08<04:59,  5.44s/it]
 73%|███████▎  | 146/200 [13:13<04:55,  5.47s/it]
 74%|███████▎  | 147/200 [13:19<04:49,  5.46s/it]
 74%|███████▍  | 148/200 [13:24<04:43,  5.45s/it]
 74%|███████▍  | 149/200 [13:30<04:33,  5.36s/it]
 75%|███████▌  | 150/200 [13:35<04:26,  5.33s/it]
 76%|███████▌  | 151/200 [13:40<04:23,  5.38s/it]
 76%|███████▌  | 152/200 [13:46<04:19,  5.40s/it]
 76%|███████▋  | 153/200 [13:51<04:11,  5.35s/it]
 77%|███████▋  | 154/200 [13:56<04:05,  5.33s/it]
 78%|███████▊  | 155/200 [14:02<04:00,  5.34s/it]
 78%|███████▊  | 156/200 [14:07<03:56,  5.37s/it]
 78%|███████▊  | 157/200 [14:12<03:46,  5.27s/it]
 79%|███████▉  | 158/200 [14:17<03:33,  5.08s/it]
 80%|███████▉  | 159/200 [14:22<03:25,  5.01s/it]
 80%|████████  | 160/200 [14:27<03:21,  5.05s/it]
 80%|████████  | 161/200 [14:32<03:22,  5.19s/it]
 81%|████████  | 162/200 [14:38<03:19,  5.25s/it]
 82%|████████▏ | 163/200 [14:43<03:15,  5.29s/it]
 82%|████████▏ | 164/200 [14:48<03:10,  5.30s/it]
 82%|████████▎ | 165/200 [14:54<03:08,  5.40s/it]
 83%|████████▎ | 166/200 [14:59<03:00,  5.32s/it]
 84%|████████▎ | 167/200 [15:05<02:57,  5.37s/it]
 84%|████████▍ | 168/200 [15:10<02:52,  5.39s/it]
 84%|████████▍ | 169/200 [15:16<02:48,  5.44s/it]
 85%|████████▌ | 170/200 [15:21<02:42,  5.42s/it]
 86%|████████▌ | 171/200 [15:26<02:36,  5.40s/it]
 86%|████████▌ | 172/200 [15:32<02:32,  5.44s/it]
 86%|████████▋ | 173/200 [15:37<02:27,  5.46s/it]
 87%|████████▋ | 174/200 [15:43<02:21,  5.43s/it]
 88%|████████▊ | 175/200 [15:48<02:16,  5.46s/it]
 88%|████████▊ | 176/200 [15:54<02:10,  5.43s/it]
 88%|████████▊ | 177/200 [15:59<02:05,  5.45s/it]
 89%|████████▉ | 178/200 [16:04<01:59,  5.42s/it]
 90%|████████▉ | 179/200 [16:10<01:52,  5.33s/it]
 90%|█████████ | 180/200 [16:15<01:47,  5.36s/it]
 90%|█████████ | 181/200 [16:20<01:41,  5.37s/it]
 91%|█████████ | 182/200 [16:26<01:38,  5.47s/it]
 92%|█████████▏| 183/200 [16:32<01:33,  5.47s/it]
 92%|█████████▏| 184/200 [16:37<01:27,  5.45s/it]
 92%|█████████▎| 185/200 [16:42<01:21,  5.44s/it]
 93%|█████████▎| 186/200 [16:48<01:15,  5.39s/it]
 94%|█████████▎| 187/200 [16:53<01:09,  5.31s/it]
 94%|█████████▍| 188/200 [16:59<01:05,  5.49s/it]
 94%|█████████▍| 189/200 [17:04<00:58,  5.36s/it]
 95%|█████████▌| 190/200 [17:09<00:53,  5.33s/it]
 96%|█████████▌| 191/200 [17:15<00:48,  5.40s/it]
 96%|█████████▌| 192/200 [17:20<00:43,  5.43s/it]
 96%|█████████▋| 193/200 [17:26<00:38,  5.45s/it]
 97%|█████████▋| 194/200 [17:31<00:32,  5.47s/it]
 98%|█████████▊| 195/200 [17:37<00:27,  5.51s/it]
 98%|█████████▊| 196/200 [17:42<00:21,  5.49s/it]
 98%|█████████▊| 197/200 [17:48<00:16,  5.53s/it]
 99%|█████████▉| 198/200 [17:53<00:10,  5.49s/it]
100%|█████████▉| 199/200 [17:58<00:05,  5.42s/it]
100%|██████████| 200/200 [18:04<00:00,  5.39s/it]
                                                 
0
1
2
3
4
5
6
7
8
9
10
11
12
13
14
15
16
17
18
19
20
21
22
23
24
25
26
27
28
29
30
31
32
33
34
35
36
37
38
39
40
41
42
43
44
45
46
47
48
49
50
51
52
53
54
55
56
57
58
59
60
61
62
63
64
65
66
67
68
69
70
71
72
73
74
75
76
77
78
79
80
81
82
83
84
85
86
87
88
89
90
91
92
93
94
95
96
97
98
99
100
101
102
103
104
105
106
107
108
109
110
111
112
113
114
115
116
117
118
119
120
121
122
123
124
125
126
127
128
129
130
131
132
133
134
135
136
137
138
139
140
141
142
143
144
145
146
147
148
149
150
151
152
153
154
155
156
157
158
159
160
161
162
163
164
165
166
167
168
169
170
171
172
173
174
175
176
177
178
179
180
181
182
183
184
185
186
187
188
189
190
191
192
193
194
195
196
197
198
199
