 
Files to read: ['../pilot-cpjump1-data/profiles/2020_11_04_CPJUMP1/BR00116995/BR00116995_normalized_feature_select_negcon.csv.gz']
Files to read: ['../pilot-cpjump1-data/profiles/2020_11_04_CPJUMP1/BR00117024/BR00117024_normalized_feature_select_negcon.csv.gz']
Files to read: ['../pilot-cpjump1-data/profiles/2020_11_04_CPJUMP1/BR00117025/BR00117025_normalized_feature_select_negcon.csv.gz']
Files to read: ['../pilot-cpjump1-data/profiles/2020_11_04_CPJUMP1/BR00117026/BR00117026_normalized_feature_select_negcon.csv.gz']
Files to read: ['../pilot-cpjump1-data/profiles/2020_11_04_CPJUMP1/BR00116997/BR00116997_normalized_feature_select_negcon.csv.gz']
Files to read: ['../pilot-cpjump1-data/profiles/2020_11_04_CPJUMP1/BR00116998/BR00116998_normalized_feature_select_negcon.csv.gz']
Files to read: ['../pilot-cpjump1-data/profiles/2020_11_04_CPJUMP1/BR00116999/BR00116999_normalized_feature_select_negcon.csv.gz']
Files to read: ['../pilot-cpjump1-data/profiles/2020_11_04_CPJUMP1/BR00116996/BR00116996_normalized_feature_select_negcon.csv.gz']
Files to read: ['../pilot-cpjump1-data/profiles/2020_11_04_CPJUMP1/BR00117022/BR00117022_normalized_feature_select_negcon.csv.gz']
Files to read: ['../pilot-cpjump1-data/profiles/2020_11_04_CPJUMP1/BR00117023/BR00117023_normalized_feature_select_negcon.csv.gz']

  0%|          | 0/200 [00:00<?, ?it/s]
  0%|          | 1/200 [00:07<23:45,  7.16s/it]
  1%|          | 2/200 [00:11<17:36,  5.34s/it]
  2%|▏         | 3/200 [00:16<16:46,  5.11s/it]
  2%|▏         | 4/200 [00:20<15:31,  4.75s/it]
  2%|▎         | 5/200 [00:24<14:45,  4.54s/it]
  3%|▎         | 6/200 [00:28<13:59,  4.33s/it]
  4%|▎         | 7/200 [00:32<13:32,  4.21s/it]
  4%|▍         | 8/200 [00:36<13:41,  4.28s/it]
  4%|▍         | 9/200 [00:41<13:44,  4.32s/it]
  5%|▌         | 10/200 [00:45<13:34,  4.28s/it]
  6%|▌         | 11/200 [00:49<13:06,  4.16s/it]
  6%|▌         | 12/200 [00:53<12:55,  4.12s/it]
  6%|▋         | 13/200 [00:57<13:13,  4.24s/it]
  7%|▋         | 14/200 [01:02<13:20,  4.31s/it]
  8%|▊         | 15/200 [01:06<13:22,  4.34s/it]
  8%|▊         | 16/200 [01:10<12:56,  4.22s/it]
  8%|▊         | 17/200 [01:14<12:49,  4.21s/it]
  9%|▉         | 18/200 [01:19<13:19,  4.39s/it]
 10%|▉         | 19/200 [01:23<13:12,  4.38s/it]
 10%|█         | 20/200 [01:28<12:53,  4.30s/it]
 10%|█         | 21/200 [01:32<12:47,  4.29s/it]
 11%|█         | 22/200 [01:36<12:24,  4.18s/it]
 12%|█▏        | 23/200 [01:40<12:35,  4.27s/it]
 12%|█▏        | 24/200 [01:44<12:20,  4.20s/it]
 12%|█▎        | 25/200 [01:48<12:12,  4.19s/it]
 13%|█▎        | 26/200 [01:53<12:23,  4.27s/it]
 14%|█▎        | 27/200 [01:57<12:35,  4.37s/it]
 14%|█▍        | 28/200 [02:02<12:44,  4.44s/it]
 14%|█▍        | 29/200 [02:07<13:04,  4.59s/it]
 15%|█▌        | 30/200 [02:12<12:56,  4.57s/it]
 16%|█▌        | 31/200 [02:16<12:47,  4.54s/it]
 16%|█▌        | 32/200 [02:20<12:08,  4.34s/it]
 16%|█▋        | 33/200 [02:25<12:19,  4.43s/it]
 17%|█▋        | 34/200 [02:29<11:54,  4.31s/it]
 18%|█▊        | 35/200 [02:33<11:41,  4.25s/it]
 18%|█▊        | 36/200 [02:37<11:29,  4.20s/it]
 18%|█▊        | 37/200 [02:41<11:21,  4.18s/it]
 19%|█▉        | 38/200 [02:45<11:19,  4.19s/it]
 20%|█▉        | 39/200 [02:49<11:11,  4.17s/it]
 20%|██        | 40/200 [02:54<11:25,  4.29s/it]
 20%|██        | 41/200 [02:58<11:06,  4.19s/it]
 21%|██        | 42/200 [03:02<10:53,  4.13s/it]
 22%|██▏       | 43/200 [03:06<10:56,  4.18s/it]
 22%|██▏       | 44/200 [03:10<10:48,  4.15s/it]
 22%|██▎       | 45/200 [03:14<10:44,  4.16s/it]
 23%|██▎       | 46/200 [03:19<10:46,  4.20s/it]
 24%|██▎       | 47/200 [03:23<10:31,  4.13s/it]
 24%|██▍       | 48/200 [03:27<10:40,  4.21s/it]
 24%|██▍       | 49/200 [03:31<10:48,  4.30s/it]
 25%|██▌       | 50/200 [03:36<11:03,  4.43s/it]
 26%|██▌       | 51/200 [03:40<10:47,  4.34s/it]
 26%|██▌       | 52/200 [03:44<10:22,  4.20s/it]
 26%|██▋       | 53/200 [03:48<10:08,  4.14s/it]
 27%|██▋       | 54/200 [03:53<10:19,  4.24s/it]
 28%|██▊       | 55/200 [03:57<10:13,  4.23s/it]
 28%|██▊       | 56/200 [04:01<10:06,  4.21s/it]
 28%|██▊       | 57/200 [04:05<09:59,  4.19s/it]
 29%|██▉       | 58/200 [04:10<10:05,  4.26s/it]
 30%|██▉       | 59/200 [04:14<10:00,  4.26s/it]
 30%|███       | 60/200 [04:18<09:42,  4.16s/it]
 30%|███       | 61/200 [04:22<09:37,  4.15s/it]
 31%|███       | 62/200 [04:26<09:33,  4.15s/it]
 32%|███▏      | 63/200 [04:30<09:26,  4.13s/it]
 32%|███▏      | 64/200 [04:34<09:11,  4.06s/it]
 32%|███▎      | 65/200 [04:38<09:08,  4.06s/it]
 33%|███▎      | 66/200 [04:42<09:03,  4.06s/it]
 34%|███▎      | 67/200 [04:46<08:54,  4.02s/it]
 34%|███▍      | 68/200 [04:50<08:54,  4.05s/it]
 34%|███▍      | 69/200 [04:54<08:58,  4.11s/it]
 35%|███▌      | 70/200 [04:59<09:01,  4.16s/it]
 36%|███▌      | 71/200 [05:03<08:55,  4.15s/it]
 36%|███▌      | 72/200 [05:08<09:31,  4.47s/it]
 36%|███▋      | 73/200 [05:12<09:17,  4.39s/it]
 37%|███▋      | 74/200 [05:16<08:53,  4.23s/it]
 38%|███▊      | 75/200 [05:20<08:41,  4.17s/it]
 38%|███▊      | 76/200 [05:24<08:23,  4.06s/it]
 38%|███▊      | 77/200 [05:28<08:26,  4.12s/it]
 39%|███▉      | 78/200 [05:32<08:19,  4.09s/it]
 40%|███▉      | 79/200 [05:36<08:14,  4.09s/it]
 40%|████      | 80/200 [05:40<08:06,  4.06s/it]
 40%|████      | 81/200 [05:45<08:30,  4.29s/it]
 41%|████      | 82/200 [05:49<08:21,  4.25s/it]
 42%|████▏     | 83/200 [05:53<08:11,  4.20s/it]
 42%|████▏     | 84/200 [05:58<08:02,  4.16s/it]
 42%|████▎     | 85/200 [06:02<07:53,  4.12s/it]
 43%|████▎     | 86/200 [06:06<07:45,  4.08s/it]
 44%|████▎     | 87/200 [06:10<07:37,  4.05s/it]
 44%|████▍     | 88/200 [06:13<07:31,  4.03s/it]
 44%|████▍     | 89/200 [06:18<07:34,  4.10s/it]
 45%|████▌     | 90/200 [06:22<07:27,  4.07s/it]
 46%|████▌     | 91/200 [06:26<07:16,  4.00s/it]
 46%|████▌     | 92/200 [06:30<07:10,  3.99s/it]
 46%|████▋     | 93/200 [06:34<07:11,  4.04s/it]
 47%|████▋     | 94/200 [06:38<07:32,  4.27s/it]
 48%|████▊     | 95/200 [06:42<07:14,  4.14s/it]
 48%|████▊     | 96/200 [06:46<07:05,  4.09s/it]
 48%|████▊     | 97/200 [06:50<07:01,  4.09s/it]
 49%|████▉     | 98/200 [06:54<06:50,  4.03s/it]
 50%|████▉     | 99/200 [06:58<06:50,  4.07s/it]
 50%|█████     | 100/200 [07:02<06:40,  4.01s/it]
 50%|█████     | 101/200 [07:07<06:44,  4.09s/it]
 51%|█████     | 102/200 [07:11<06:42,  4.11s/it]
 52%|█████▏    | 103/200 [07:15<06:36,  4.09s/it]
 52%|█████▏    | 104/200 [07:19<06:33,  4.09s/it]
 52%|█████▎    | 105/200 [07:23<06:29,  4.10s/it]
 53%|█████▎    | 106/200 [07:28<06:49,  4.36s/it]
 54%|█████▎    | 107/200 [07:32<06:30,  4.20s/it]
 54%|█████▍    | 108/200 [07:36<06:33,  4.27s/it]
 55%|█████▍    | 109/200 [07:40<06:21,  4.19s/it]
 55%|█████▌    | 110/200 [07:44<06:17,  4.20s/it]
 56%|█████▌    | 111/200 [07:48<06:07,  4.13s/it]
 56%|█████▌    | 112/200 [07:53<06:03,  4.13s/it]
 56%|█████▋    | 113/200 [07:57<06:12,  4.28s/it]
 57%|█████▋    | 114/200 [08:01<06:01,  4.20s/it]
 57%|█████▊    | 115/200 [08:05<05:49,  4.12s/it]
 58%|█████▊    | 116/200 [08:09<05:39,  4.04s/it]
 58%|█████▊    | 117/200 [08:13<05:33,  4.02s/it]
 59%|█████▉    | 118/200 [08:17<05:28,  4.01s/it]
 60%|█████▉    | 119/200 [08:21<05:19,  3.95s/it]
 60%|██████    | 120/200 [08:25<05:12,  3.90s/it]
 60%|██████    | 121/200 [08:28<05:07,  3.90s/it]
 61%|██████    | 122/200 [08:33<05:13,  4.01s/it]
 62%|██████▏   | 123/200 [08:37<05:14,  4.09s/it]
 62%|██████▏   | 124/200 [08:41<05:09,  4.07s/it]
 62%|██████▎   | 125/200 [08:45<05:13,  4.18s/it]
 63%|██████▎   | 126/200 [08:50<05:24,  4.39s/it]
 64%|██████▎   | 127/200 [08:55<05:28,  4.50s/it]
 64%|██████▍   | 128/200 [08:59<05:18,  4.43s/it]
 64%|██████▍   | 129/200 [09:03<05:03,  4.28s/it]
 65%|██████▌   | 130/200 [09:07<04:57,  4.25s/it]
 66%|██████▌   | 131/200 [09:12<04:54,  4.27s/it]
 66%|██████▌   | 132/200 [09:16<04:49,  4.26s/it]
 66%|██████▋   | 133/200 [09:20<04:40,  4.19s/it]
 67%|██████▋   | 134/200 [09:24<04:35,  4.18s/it]
 68%|██████▊   | 135/200 [09:28<04:25,  4.08s/it]
 68%|██████▊   | 136/200 [09:32<04:19,  4.06s/it]
 68%|██████▊   | 137/200 [09:36<04:11,  3.99s/it]
 69%|██████▉   | 138/200 [09:40<04:08,  4.01s/it]
 70%|██████▉   | 139/200 [09:44<04:02,  3.98s/it]
 70%|███████   | 140/200 [09:48<04:03,  4.06s/it]
 70%|███████   | 141/200 [09:52<03:56,  4.01s/it]
 71%|███████   | 142/200 [09:56<03:55,  4.05s/it]
 72%|███████▏  | 143/200 [10:01<04:02,  4.25s/it]
 72%|███████▏  | 144/200 [10:05<03:52,  4.16s/it]
 72%|███████▎  | 145/200 [10:09<03:46,  4.12s/it]
 73%|███████▎  | 146/200 [10:13<03:38,  4.04s/it]
 74%|███████▎  | 147/200 [10:17<03:31,  3.98s/it]
 74%|███████▍  | 148/200 [10:21<03:27,  4.00s/it]
 74%|███████▍  | 149/200 [10:25<03:25,  4.03s/it]
 75%|███████▌  | 150/200 [10:29<03:27,  4.14s/it]
 76%|███████▌  | 151/200 [10:33<03:20,  4.08s/it]
 76%|███████▌  | 152/200 [10:37<03:16,  4.09s/it]
 76%|███████▋  | 153/200 [10:42<03:19,  4.25s/it]
 77%|███████▋  | 154/200 [10:46<03:14,  4.24s/it]
 78%|███████▊  | 155/200 [10:50<03:13,  4.30s/it]
 78%|███████▊  | 156/200 [10:54<03:06,  4.25s/it]
 78%|███████▊  | 157/200 [10:58<02:58,  4.15s/it]
 79%|███████▉  | 158/200 [11:02<02:49,  4.05s/it]
 80%|███████▉  | 159/200 [11:06<02:47,  4.08s/it]
 80%|████████  | 160/200 [11:10<02:43,  4.09s/it]
 80%|████████  | 161/200 [11:15<02:41,  4.14s/it]
 81%|████████  | 162/200 [11:19<02:41,  4.24s/it]
 82%|████████▏ | 163/200 [11:24<02:41,  4.35s/it]
 82%|████████▏ | 164/200 [11:28<02:33,  4.26s/it]
 82%|████████▎ | 165/200 [11:32<02:25,  4.16s/it]
 83%|████████▎ | 166/200 [11:36<02:21,  4.16s/it]
 84%|████████▎ | 167/200 [11:40<02:15,  4.10s/it]
 84%|████████▍ | 168/200 [11:45<02:16,  4.27s/it]
 84%|████████▍ | 169/200 [11:49<02:13,  4.32s/it]
 85%|████████▌ | 170/200 [11:53<02:09,  4.33s/it]
 86%|████████▌ | 171/200 [11:58<02:10,  4.50s/it]
 86%|████████▌ | 172/200 [12:03<02:08,  4.59s/it]
 86%|████████▋ | 173/200 [12:08<02:04,  4.60s/it]
 87%|████████▋ | 174/200 [12:12<02:00,  4.63s/it]
 88%|████████▊ | 175/200 [12:17<01:55,  4.61s/it]
 88%|████████▊ | 176/200 [12:21<01:47,  4.47s/it]
 88%|████████▊ | 177/200 [12:25<01:38,  4.30s/it]
 89%|████████▉ | 178/200 [12:29<01:32,  4.18s/it]
 90%|████████▉ | 179/200 [12:33<01:26,  4.14s/it]
 90%|█████████ | 180/200 [12:37<01:22,  4.12s/it]
 90%|█████████ | 181/200 [12:41<01:17,  4.06s/it]
 91%|█████████ | 182/200 [12:45<01:12,  4.01s/it]
 92%|█████████▏| 183/200 [12:49<01:06,  3.94s/it]
 92%|█████████▏| 184/200 [12:53<01:04,  4.02s/it]
 92%|█████████▎| 185/200 [12:57<01:00,  4.03s/it]
 93%|█████████▎| 186/200 [13:01<00:55,  3.97s/it]
 94%|█████████▎| 187/200 [13:05<00:51,  3.96s/it]
 94%|█████████▍| 188/200 [13:09<00:47,  3.99s/it]
 94%|█████████▍| 189/200 [13:13<00:45,  4.11s/it]
 95%|█████████▌| 190/200 [13:18<00:42,  4.21s/it]
 96%|█████████▌| 191/200 [13:21<00:36,  4.07s/it]
 96%|█████████▌| 192/200 [13:25<00:32,  4.06s/it]
 96%|█████████▋| 193/200 [13:29<00:28,  4.09s/it]
 97%|█████████▋| 194/200 [13:34<00:24,  4.13s/it]
 98%|█████████▊| 195/200 [13:38<00:20,  4.12s/it]
 98%|█████████▊| 196/200 [13:43<00:17,  4.35s/it]
 98%|█████████▊| 197/200 [13:46<00:12,  4.15s/it]
 99%|█████████▉| 198/200 [13:51<00:08,  4.23s/it]
100%|█████████▉| 199/200 [13:55<00:04,  4.22s/it]
100%|██████████| 200/200 [13:59<00:00,  4.16s/it]
                                                 
0
1
2
3
4
5
6
7
8
9
10
11
12
13
14
15
16
17
18
19
20
21
22
23
24
25
26
27
28
29
30
31
32
33
34
35
36
37
38
39
40
41
42
43
44
45
46
47
48
49
50
51
52
53
54
55
56
57
58
59
60
61
62
63
64
65
66
67
68
69
70
71
72
73
74
75
76
77
78
79
80
81
82
83
84
85
86
87
88
89
90
91
92
93
94
95
96
97
98
99
100
101
102
103
104
105
106
107
108
109
110
111
112
113
114
115
116
117
118
119
120
121
122
123
124
125
126
127
128
129
130
131
132
133
134
135
136
137
138
139
140
141
142
143
144
145
146
147
148
149
150
151
152
153
154
155
156
157
158
159
160
161
162
163
164
165
166
167
168
169
170
171
172
173
174
175
176
177
178
179
180
181
182
183
184
185
186
187
188
189
190
191
192
193
194
195
196
197
198
199
