 
Files to read: ['../pilot-cpjump1-data/profiles/2020_11_04_CPJUMP1/BR00116995/BR00116995_normalized_feature_select_negcon.csv.gz']
Files to read: ['../pilot-cpjump1-data/profiles/2020_11_04_CPJUMP1/BR00117024/BR00117024_normalized_feature_select_negcon.csv.gz']
Files to read: ['../pilot-cpjump1-data/profiles/2020_11_04_CPJUMP1/BR00117025/BR00117025_normalized_feature_select_negcon.csv.gz']
Files to read: ['../pilot-cpjump1-data/profiles/2020_11_04_CPJUMP1/BR00117026/BR00117026_normalized_feature_select_negcon.csv.gz']
Files to read: ['../pilot-cpjump1-data/profiles/2020_11_04_CPJUMP1/BR00116997/BR00116997_normalized_feature_select_negcon.csv.gz']
Files to read: ['../pilot-cpjump1-data/profiles/2020_11_04_CPJUMP1/BR00116998/BR00116998_normalized_feature_select_negcon.csv.gz']
Files to read: ['../pilot-cpjump1-data/profiles/2020_11_04_CPJUMP1/BR00116999/BR00116999_normalized_feature_select_negcon.csv.gz']
Files to read: ['../pilot-cpjump1-data/profiles/2020_11_04_CPJUMP1/BR00116996/BR00116996_normalized_feature_select_negcon.csv.gz']
Files to read: ['../pilot-cpjump1-data/profiles/2020_11_04_CPJUMP1/BR00117022/BR00117022_normalized_feature_select_negcon.csv.gz']
Files to read: ['../pilot-cpjump1-data/profiles/2020_11_04_CPJUMP1/BR00117023/BR00117023_normalized_feature_select_negcon.csv.gz']

  0%|          | 0/200 [00:00<?, ?it/s]
  0%|          | 1/200 [00:05<17:53,  5.40s/it]
  1%|          | 2/200 [00:09<15:06,  4.58s/it]
  2%|▏         | 3/200 [00:14<15:25,  4.70s/it]
  2%|▏         | 4/200 [00:18<15:23,  4.71s/it]
  2%|▎         | 5/200 [00:23<15:37,  4.81s/it]
  3%|▎         | 6/200 [00:28<14:43,  4.56s/it]
  4%|▎         | 7/200 [00:32<14:18,  4.45s/it]
  4%|▍         | 8/200 [00:35<13:20,  4.17s/it]
  4%|▍         | 9/200 [00:39<13:00,  4.08s/it]
  5%|▌         | 10/200 [00:43<13:01,  4.11s/it]
  6%|▌         | 11/200 [00:47<12:44,  4.04s/it]
  6%|▌         | 12/200 [00:51<12:19,  3.93s/it]
  6%|▋         | 13/200 [00:55<12:36,  4.05s/it]
  7%|▋         | 14/200 [00:59<12:23,  4.00s/it]
  8%|▊         | 15/200 [01:03<12:34,  4.08s/it]
  8%|▊         | 16/200 [01:07<12:11,  3.98s/it]
  8%|▊         | 17/200 [01:11<12:11,  4.00s/it]
  9%|▉         | 18/200 [01:15<12:11,  4.02s/it]
 10%|▉         | 19/200 [01:20<12:41,  4.21s/it]
 10%|█         | 20/200 [01:24<12:34,  4.19s/it]
 10%|█         | 21/200 [01:28<12:06,  4.06s/it]
 11%|█         | 22/200 [01:32<11:57,  4.03s/it]
 12%|█▏        | 23/200 [01:36<11:55,  4.04s/it]
 12%|█▏        | 24/200 [01:40<11:42,  3.99s/it]
 12%|█▎        | 25/200 [01:44<11:48,  4.05s/it]
 13%|█▎        | 26/200 [01:48<11:52,  4.09s/it]
 14%|█▎        | 27/200 [01:52<11:30,  3.99s/it]
 14%|█▍        | 28/200 [01:56<11:34,  4.04s/it]
 14%|█▍        | 29/200 [02:00<11:27,  4.02s/it]
 15%|█▌        | 30/200 [02:04<11:28,  4.05s/it]
 16%|█▌        | 31/200 [02:08<11:12,  3.98s/it]
 16%|█▌        | 32/200 [02:12<10:54,  3.89s/it]
 16%|█▋        | 33/200 [02:15<10:39,  3.83s/it]
 17%|█▋        | 34/200 [02:19<10:25,  3.77s/it]
 18%|█▊        | 35/200 [02:23<10:19,  3.76s/it]
 18%|█▊        | 36/200 [02:27<10:34,  3.87s/it]
 18%|█▊        | 37/200 [02:31<10:41,  3.94s/it]
 19%|█▉        | 38/200 [02:35<10:52,  4.03s/it]
 20%|█▉        | 39/200 [02:39<10:31,  3.92s/it]
 20%|██        | 40/200 [02:43<10:18,  3.87s/it]
 20%|██        | 41/200 [02:46<10:04,  3.80s/it]
 21%|██        | 42/200 [02:50<10:11,  3.87s/it]
 22%|██▏       | 43/200 [02:55<10:27,  4.00s/it]
 22%|██▏       | 44/200 [02:59<10:35,  4.07s/it]
 22%|██▎       | 45/200 [03:03<10:28,  4.06s/it]
 23%|██▎       | 46/200 [03:07<10:22,  4.04s/it]
 24%|██▎       | 47/200 [03:11<10:17,  4.03s/it]
 24%|██▍       | 48/200 [03:15<10:15,  4.05s/it]
 24%|██▍       | 49/200 [03:19<10:13,  4.06s/it]
 25%|██▌       | 50/200 [03:23<10:06,  4.04s/it]
 26%|██▌       | 51/200 [03:27<09:52,  3.97s/it]
 26%|██▌       | 52/200 [03:30<09:36,  3.89s/it]
 26%|██▋       | 53/200 [03:35<09:45,  3.98s/it]
 27%|██▋       | 54/200 [03:39<09:40,  3.98s/it]
 28%|██▊       | 55/200 [03:43<09:39,  4.00s/it]
 28%|██▊       | 56/200 [03:47<09:40,  4.03s/it]
 28%|██▊       | 57/200 [03:51<09:32,  4.00s/it]
 29%|██▉       | 58/200 [03:55<09:31,  4.02s/it]
 30%|██▉       | 59/200 [03:59<09:21,  3.98s/it]
 30%|███       | 60/200 [04:02<09:10,  3.93s/it]
 30%|███       | 61/200 [04:06<09:08,  3.95s/it]
 31%|███       | 62/200 [04:10<08:53,  3.86s/it]
 32%|███▏      | 63/200 [04:14<09:04,  3.97s/it]
 32%|███▏      | 64/200 [04:18<09:02,  3.99s/it]
 32%|███▎      | 65/200 [04:22<08:50,  3.93s/it]
 33%|███▎      | 66/200 [04:26<08:55,  4.00s/it]
 34%|███▎      | 67/200 [04:30<08:55,  4.03s/it]
 34%|███▍      | 68/200 [04:34<08:48,  4.00s/it]
 34%|███▍      | 69/200 [04:38<08:42,  3.99s/it]
 35%|███▌      | 70/200 [04:42<08:37,  3.98s/it]
 36%|███▌      | 71/200 [04:46<08:24,  3.91s/it]
 36%|███▌      | 72/200 [04:50<08:21,  3.91s/it]
 36%|███▋      | 73/200 [04:54<08:20,  3.94s/it]
 37%|███▋      | 74/200 [04:58<08:11,  3.90s/it]
 38%|███▊      | 75/200 [05:02<08:14,  3.96s/it]
 38%|███▊      | 76/200 [05:06<08:18,  4.02s/it]
 38%|███▊      | 77/200 [05:10<08:19,  4.06s/it]
 39%|███▉      | 78/200 [05:14<08:09,  4.01s/it]
 40%|███▉      | 79/200 [05:19<08:31,  4.23s/it]
 40%|████      | 80/200 [05:23<08:36,  4.31s/it]
 40%|████      | 81/200 [05:27<08:25,  4.25s/it]
 41%|████      | 82/200 [05:31<07:58,  4.06s/it]
 42%|████▏     | 83/200 [05:35<07:43,  3.96s/it]
 42%|████▏     | 84/200 [05:38<07:27,  3.85s/it]
 42%|████▎     | 85/200 [05:42<07:11,  3.75s/it]
 43%|████▎     | 86/200 [05:46<07:04,  3.72s/it]
 44%|████▎     | 87/200 [05:49<07:07,  3.78s/it]
 44%|████▍     | 88/200 [05:53<07:02,  3.77s/it]
 44%|████▍     | 89/200 [05:57<07:00,  3.79s/it]
 45%|████▌     | 90/200 [06:01<07:06,  3.88s/it]
 46%|████▌     | 91/200 [06:05<07:14,  3.98s/it]
 46%|████▌     | 92/200 [06:09<07:12,  4.00s/it]
 46%|████▋     | 93/200 [06:14<07:12,  4.04s/it]
 47%|████▋     | 94/200 [06:18<07:10,  4.06s/it]
 48%|████▊     | 95/200 [06:22<07:13,  4.13s/it]
 48%|████▊     | 96/200 [06:26<07:10,  4.14s/it]
 48%|████▊     | 97/200 [06:30<07:03,  4.11s/it]
 49%|████▉     | 98/200 [06:34<06:52,  4.05s/it]
 50%|████▉     | 99/200 [06:38<06:53,  4.10s/it]
 50%|█████     | 100/200 [06:42<06:51,  4.11s/it]
 50%|█████     | 101/200 [06:46<06:41,  4.05s/it]
 51%|█████     | 102/200 [06:50<06:30,  3.98s/it]
 52%|█████▏    | 103/200 [06:54<06:15,  3.87s/it]
 52%|█████▏    | 104/200 [06:57<06:06,  3.82s/it]
 52%|█████▎    | 105/200 [07:01<06:02,  3.82s/it]
 53%|█████▎    | 106/200 [07:05<06:06,  3.90s/it]
 54%|█████▎    | 107/200 [07:09<06:04,  3.91s/it]
 54%|█████▍    | 108/200 [07:13<06:02,  3.94s/it]
 55%|█████▍    | 109/200 [07:17<05:52,  3.87s/it]
 55%|█████▌    | 110/200 [07:21<05:51,  3.91s/it]
 56%|█████▌    | 111/200 [07:25<05:53,  3.97s/it]
 56%|█████▌    | 112/200 [07:29<05:55,  4.04s/it]
 56%|█████▋    | 113/200 [07:33<05:51,  4.04s/it]
 57%|█████▋    | 114/200 [07:37<05:46,  4.03s/it]
 57%|█████▊    | 115/200 [07:42<05:50,  4.12s/it]
 58%|█████▊    | 116/200 [07:46<05:46,  4.12s/it]
 58%|█████▊    | 117/200 [07:50<05:49,  4.21s/it]
 59%|█████▉    | 118/200 [07:55<05:52,  4.29s/it]
 60%|█████▉    | 119/200 [07:59<05:40,  4.20s/it]
 60%|██████    | 120/200 [08:02<05:21,  4.02s/it]
 60%|██████    | 121/200 [08:06<05:08,  3.90s/it]
 61%|██████    | 122/200 [08:10<04:57,  3.82s/it]
 62%|██████▏   | 123/200 [08:13<04:49,  3.76s/it]
 62%|██████▏   | 124/200 [08:17<04:47,  3.78s/it]
 62%|██████▎   | 125/200 [08:21<04:40,  3.74s/it]
 63%|██████▎   | 126/200 [08:24<04:33,  3.69s/it]
 64%|██████▎   | 127/200 [08:28<04:29,  3.70s/it]
 64%|██████▍   | 128/200 [08:32<04:27,  3.72s/it]
 64%|██████▍   | 129/200 [08:35<04:24,  3.72s/it]
 65%|██████▌   | 130/200 [08:39<04:21,  3.74s/it]
 66%|██████▌   | 131/200 [08:43<04:18,  3.75s/it]
 66%|██████▌   | 132/200 [08:47<04:12,  3.72s/it]
 66%|██████▋   | 133/200 [08:50<04:08,  3.71s/it]
 67%|██████▋   | 134/200 [08:54<04:06,  3.74s/it]
 68%|██████▊   | 135/200 [08:58<04:00,  3.70s/it]
 68%|██████▊   | 136/200 [09:02<03:57,  3.72s/it]
 68%|██████▊   | 137/200 [09:05<03:54,  3.72s/it]
 69%|██████▉   | 138/200 [09:09<03:50,  3.71s/it]
 70%|██████▉   | 139/200 [09:13<03:45,  3.69s/it]
 70%|███████   | 140/200 [09:16<03:40,  3.68s/it]
 70%|███████   | 141/200 [09:20<03:36,  3.68s/it]
 71%|███████   | 142/200 [09:24<03:34,  3.70s/it]
 72%|███████▏  | 143/200 [09:28<03:37,  3.81s/it]
 72%|███████▏  | 144/200 [09:31<03:31,  3.77s/it]
 72%|███████▎  | 145/200 [09:35<03:26,  3.75s/it]
 73%|███████▎  | 146/200 [09:39<03:25,  3.81s/it]
 74%|███████▎  | 147/200 [09:43<03:17,  3.73s/it]
 74%|███████▍  | 148/200 [09:46<03:12,  3.71s/it]
 74%|███████▍  | 149/200 [09:50<03:08,  3.70s/it]
 75%|███████▌  | 150/200 [09:54<03:05,  3.71s/it]
 76%|███████▌  | 151/200 [09:58<03:06,  3.81s/it]
 76%|███████▌  | 152/200 [10:02<03:08,  3.93s/it]
 76%|███████▋  | 153/200 [10:06<03:08,  4.02s/it]
 77%|███████▋  | 154/200 [10:10<03:05,  4.04s/it]
 78%|███████▊  | 155/200 [10:14<02:57,  3.94s/it]
 78%|███████▊  | 156/200 [10:18<02:53,  3.95s/it]
 78%|███████▊  | 157/200 [10:22<02:50,  3.96s/it]
 79%|███████▉  | 158/200 [10:26<02:42,  3.86s/it]
 80%|███████▉  | 159/200 [10:29<02:35,  3.78s/it]
 80%|████████  | 160/200 [10:34<02:45,  4.13s/it]
 80%|████████  | 161/200 [10:38<02:41,  4.13s/it]
 81%|████████  | 162/200 [10:42<02:36,  4.11s/it]
 82%|████████▏ | 163/200 [10:46<02:29,  4.05s/it]
 82%|████████▏ | 164/200 [10:50<02:25,  4.06s/it]
 82%|████████▎ | 165/200 [10:55<02:27,  4.21s/it]
 83%|████████▎ | 166/200 [10:59<02:21,  4.16s/it]
 84%|████████▎ | 167/200 [11:03<02:15,  4.09s/it]
 84%|████████▍ | 168/200 [11:06<02:07,  3.98s/it]
 84%|████████▍ | 169/200 [11:10<02:00,  3.88s/it]
 85%|████████▌ | 170/200 [11:14<01:54,  3.80s/it]
 86%|████████▌ | 171/200 [11:17<01:48,  3.74s/it]
 86%|████████▌ | 172/200 [11:21<01:44,  3.74s/it]
 86%|████████▋ | 173/200 [11:25<01:40,  3.71s/it]
 87%|████████▋ | 174/200 [11:28<01:35,  3.68s/it]
 88%|████████▊ | 175/200 [11:32<01:32,  3.69s/it]
 88%|████████▊ | 176/200 [11:36<01:28,  3.71s/it]
 88%|████████▊ | 177/200 [11:39<01:25,  3.70s/it]
 89%|████████▉ | 178/200 [11:43<01:21,  3.70s/it]
 90%|████████▉ | 179/200 [11:47<01:17,  3.71s/it]
 90%|█████████ | 180/200 [11:51<01:14,  3.74s/it]
 90%|█████████ | 181/200 [11:54<01:10,  3.70s/it]
 91%|█████████ | 182/200 [11:58<01:06,  3.72s/it]
 92%|█████████▏| 183/200 [12:02<01:04,  3.77s/it]
 92%|█████████▏| 184/200 [12:07<01:04,  4.05s/it]
 92%|█████████▎| 185/200 [12:11<01:03,  4.21s/it]
 93%|█████████▎| 186/200 [12:16<01:00,  4.32s/it]
 94%|█████████▎| 187/200 [12:20<00:57,  4.41s/it]
 94%|█████████▍| 188/200 [12:24<00:51,  4.28s/it]
 94%|█████████▍| 189/200 [12:28<00:44,  4.09s/it]
 95%|█████████▌| 190/200 [12:32<00:39,  3.98s/it]
 96%|█████████▌| 191/200 [12:36<00:35,  3.91s/it]
 96%|█████████▌| 192/200 [12:39<00:30,  3.86s/it]
 96%|█████████▋| 193/200 [12:43<00:26,  3.85s/it]
 97%|█████████▋| 194/200 [12:47<00:23,  3.84s/it]
 98%|█████████▊| 195/200 [12:51<00:19,  3.86s/it]
 98%|█████████▊| 196/200 [12:56<00:16,  4.11s/it]
 98%|█████████▊| 197/200 [13:00<00:12,  4.14s/it]
 99%|█████████▉| 198/200 [13:04<00:08,  4.08s/it]
100%|█████████▉| 199/200 [13:07<00:03,  3.98s/it]
100%|██████████| 200/200 [13:11<00:00,  3.89s/it]
                                                 
0
1
2
3
4
5
6
7
8
9
10
11
12
13
14
15
16
17
18
19
20
21
22
23
24
25
26
27
28
29
30
31
32
33
34
35
36
37
38
39
40
41
42
43
44
45
46
47
48
49
50
51
52
53
54
55
56
57
58
59
60
61
62
63
64
65
66
67
68
69
70
71
72
73
74
75
76
77
78
79
80
81
82
83
84
85
86
87
88
89
90
91
92
93
94
95
96
97
98
99
100
101
102
103
104
105
106
107
108
109
110
111
112
113
114
115
116
117
118
119
120
121
122
123
124
125
126
127
128
129
130
131
132
133
134
135
136
137
138
139
140
141
142
143
144
145
146
147
148
149
150
151
152
153
154
155
156
157
158
159
160
161
162
163
164
165
166
167
168
169
170
171
172
173
174
175
176
177
178
179
180
181
182
183
184
185
186
187
188
189
190
191
192
193
194
195
196
197
198
199
