 
Files to read: ['../pilot-cpjump1-data/profiles/2020_11_04_CPJUMP1/BR00116995/BR00116995_normalized_feature_select_negcon.csv.gz']
Files to read: ['../pilot-cpjump1-data/profiles/2020_11_04_CPJUMP1/BR00117024/BR00117024_normalized_feature_select_negcon.csv.gz']
Files to read: ['../pilot-cpjump1-data/profiles/2020_11_04_CPJUMP1/BR00117025/BR00117025_normalized_feature_select_negcon.csv.gz']
Files to read: ['../pilot-cpjump1-data/profiles/2020_11_04_CPJUMP1/BR00117026/BR00117026_normalized_feature_select_negcon.csv.gz']
Files to read: ['../pilot-cpjump1-data/profiles/2020_11_04_CPJUMP1/BR00116997/BR00116997_normalized_feature_select_negcon.csv.gz']
Files to read: ['../pilot-cpjump1-data/profiles/2020_11_04_CPJUMP1/BR00116998/BR00116998_normalized_feature_select_negcon.csv.gz']
Files to read: ['../pilot-cpjump1-data/profiles/2020_11_04_CPJUMP1/BR00116999/BR00116999_normalized_feature_select_negcon.csv.gz']
Files to read: ['../pilot-cpjump1-data/profiles/2020_11_04_CPJUMP1/BR00116996/BR00116996_normalized_feature_select_negcon.csv.gz']
Files to read: ['../pilot-cpjump1-data/profiles/2020_11_04_CPJUMP1/BR00117022/BR00117022_normalized_feature_select_negcon.csv.gz']
Files to read: ['../pilot-cpjump1-data/profiles/2020_11_04_CPJUMP1/BR00117023/BR00117023_normalized_feature_select_negcon.csv.gz']

  0%|          | 0/200 [00:00<?, ?it/s]
  0%|          | 1/200 [00:06<22:35,  6.81s/it]
  1%|          | 2/200 [00:10<16:53,  5.12s/it]
  2%|▏         | 3/200 [00:14<15:08,  4.61s/it]
  2%|▏         | 4/200 [00:18<14:01,  4.30s/it]
  2%|▎         | 5/200 [00:22<13:27,  4.14s/it]
  3%|▎         | 6/200 [00:26<12:58,  4.01s/it]
  4%|▎         | 7/200 [00:30<13:11,  4.10s/it]
  4%|▍         | 8/200 [00:34<12:48,  4.00s/it]
  4%|▍         | 9/200 [00:38<12:48,  4.03s/it]
  5%|▌         | 10/200 [00:42<12:38,  3.99s/it]
  6%|▌         | 11/200 [00:46<12:48,  4.07s/it]
  6%|▌         | 12/200 [00:50<12:37,  4.03s/it]
  6%|▋         | 13/200 [00:54<12:31,  4.02s/it]
  7%|▋         | 14/200 [00:58<12:17,  3.96s/it]
  8%|▊         | 15/200 [01:03<12:58,  4.21s/it]
  8%|▊         | 16/200 [01:07<13:31,  4.41s/it]
  8%|▊         | 17/200 [01:12<13:28,  4.42s/it]
  9%|▉         | 18/200 [01:16<13:10,  4.35s/it]
 10%|▉         | 19/200 [01:20<12:52,  4.27s/it]
 10%|█         | 20/200 [01:24<12:42,  4.24s/it]
 10%|█         | 21/200 [01:28<12:29,  4.19s/it]
 11%|█         | 22/200 [01:32<12:15,  4.13s/it]
 12%|█▏        | 23/200 [01:36<12:08,  4.12s/it]
 12%|█▏        | 24/200 [01:40<11:58,  4.08s/it]
 12%|█▎        | 25/200 [01:44<11:48,  4.05s/it]
 13%|█▎        | 26/200 [01:48<11:34,  3.99s/it]
 14%|█▎        | 27/200 [01:52<11:24,  3.96s/it]
 14%|█▍        | 28/200 [01:56<11:15,  3.92s/it]
 14%|█▍        | 29/200 [02:00<11:09,  3.91s/it]
 15%|█▌        | 30/200 [02:04<11:18,  3.99s/it]
 16%|█▌        | 31/200 [02:08<11:19,  4.02s/it]
 16%|█▌        | 32/200 [02:12<11:14,  4.01s/it]
 16%|█▋        | 33/200 [02:16<11:04,  3.98s/it]
 17%|█▋        | 34/200 [02:20<10:52,  3.93s/it]
 18%|█▊        | 35/200 [02:24<10:48,  3.93s/it]
 18%|█▊        | 36/200 [02:28<10:51,  3.97s/it]
 18%|█▊        | 37/200 [02:32<10:46,  3.97s/it]
 19%|█▉        | 38/200 [02:36<10:40,  3.95s/it]
 20%|█▉        | 39/200 [02:40<10:35,  3.95s/it]
 20%|██        | 40/200 [02:44<10:39,  4.00s/it]
 20%|██        | 41/200 [02:48<10:25,  3.93s/it]
 21%|██        | 42/200 [02:52<10:29,  3.98s/it]
 22%|██▏       | 43/200 [02:55<10:13,  3.90s/it]
 22%|██▏       | 44/200 [03:00<10:24,  4.01s/it]
 22%|██▎       | 45/200 [03:04<10:19,  4.00s/it]
 23%|██▎       | 46/200 [03:08<10:22,  4.04s/it]
 24%|██▎       | 47/200 [03:12<10:16,  4.03s/it]
 24%|██▍       | 48/200 [03:16<10:04,  3.98s/it]
 24%|██▍       | 49/200 [03:20<09:58,  3.97s/it]
 25%|██▌       | 50/200 [03:24<10:12,  4.08s/it]
 26%|██▌       | 51/200 [03:28<10:04,  4.06s/it]
 26%|██▌       | 52/200 [03:32<09:47,  3.97s/it]
 26%|██▋       | 53/200 [03:36<09:47,  4.00s/it]
 27%|██▋       | 54/200 [03:39<09:33,  3.93s/it]
 28%|██▊       | 55/200 [03:43<09:16,  3.84s/it]
 28%|██▊       | 56/200 [03:47<09:21,  3.90s/it]
 28%|██▊       | 57/200 [03:51<09:14,  3.88s/it]
 29%|██▉       | 58/200 [03:55<09:08,  3.86s/it]
 30%|██▉       | 59/200 [04:00<09:44,  4.14s/it]
 30%|███       | 60/200 [04:05<10:11,  4.37s/it]
 30%|███       | 61/200 [04:09<10:05,  4.36s/it]
 31%|███       | 62/200 [04:13<10:00,  4.35s/it]
 32%|███▏      | 63/200 [04:17<09:43,  4.26s/it]
 32%|███▏      | 64/200 [04:21<09:21,  4.13s/it]
 32%|███▎      | 65/200 [04:26<09:31,  4.24s/it]
 33%|███▎      | 66/200 [04:30<09:16,  4.16s/it]
 34%|███▎      | 67/200 [04:33<08:58,  4.05s/it]
 34%|███▍      | 68/200 [04:37<08:55,  4.06s/it]
 34%|███▍      | 69/200 [04:41<08:41,  3.98s/it]
 35%|███▌      | 70/200 [04:45<08:34,  3.96s/it]
 36%|███▌      | 71/200 [04:49<08:41,  4.04s/it]
 36%|███▌      | 72/200 [04:53<08:42,  4.08s/it]
 36%|███▋      | 73/200 [04:58<08:35,  4.06s/it]
 37%|███▋      | 74/200 [05:02<08:32,  4.07s/it]
 38%|███▊      | 75/200 [05:06<08:27,  4.06s/it]
 38%|███▊      | 76/200 [05:10<08:21,  4.05s/it]
 38%|███▊      | 77/200 [05:14<08:24,  4.10s/it]
 39%|███▉      | 78/200 [05:18<08:16,  4.07s/it]
 40%|███▉      | 79/200 [05:22<07:59,  3.96s/it]
 40%|████      | 80/200 [05:26<07:59,  3.99s/it]
 40%|████      | 81/200 [05:30<07:54,  3.99s/it]
 41%|████      | 82/200 [05:34<07:56,  4.04s/it]
 42%|████▏     | 83/200 [05:38<07:55,  4.07s/it]
 42%|████▏     | 84/200 [05:42<07:44,  4.01s/it]
 42%|████▎     | 85/200 [05:46<07:36,  3.97s/it]
 43%|████▎     | 86/200 [05:50<07:48,  4.11s/it]
 44%|████▎     | 87/200 [05:54<07:36,  4.04s/it]
 44%|████▍     | 88/200 [05:58<07:17,  3.91s/it]
 44%|████▍     | 89/200 [06:01<07:05,  3.83s/it]
 45%|████▌     | 90/200 [06:05<06:58,  3.81s/it]
 46%|████▌     | 91/200 [06:09<06:56,  3.82s/it]
 46%|████▌     | 92/200 [06:13<07:13,  4.01s/it]
 46%|████▋     | 93/200 [06:17<07:10,  4.02s/it]
 47%|████▋     | 94/200 [06:21<07:04,  4.00s/it]
 48%|████▊     | 95/200 [06:25<06:57,  3.98s/it]
 48%|████▊     | 96/200 [06:29<06:59,  4.03s/it]
 48%|████▊     | 97/200 [06:33<06:46,  3.95s/it]
 49%|████▉     | 98/200 [06:37<06:39,  3.91s/it]
 50%|████▉     | 99/200 [06:41<06:35,  3.92s/it]
 50%|█████     | 100/200 [06:45<06:32,  3.92s/it]
 50%|█████     | 101/200 [06:49<06:26,  3.91s/it]
 51%|█████     | 102/200 [06:53<06:36,  4.04s/it]
 52%|█████▏    | 103/200 [06:57<06:26,  3.99s/it]
 52%|█████▏    | 104/200 [07:01<06:23,  3.99s/it]
 52%|█████▎    | 105/200 [07:05<06:16,  3.97s/it]
 53%|█████▎    | 106/200 [07:09<06:15,  4.00s/it]
 54%|█████▎    | 107/200 [07:13<06:18,  4.07s/it]
 54%|█████▍    | 108/200 [07:17<06:21,  4.15s/it]
 55%|█████▍    | 109/200 [07:22<06:15,  4.13s/it]
 55%|█████▌    | 110/200 [07:26<06:25,  4.28s/it]
 56%|█████▌    | 111/200 [07:30<06:12,  4.18s/it]
 56%|█████▌    | 112/200 [07:34<06:09,  4.20s/it]
 56%|█████▋    | 113/200 [07:38<05:56,  4.10s/it]
 57%|█████▋    | 114/200 [07:43<05:58,  4.17s/it]
 57%|█████▊    | 115/200 [07:47<05:52,  4.14s/it]
 58%|█████▊    | 116/200 [07:51<05:53,  4.21s/it]
 58%|█████▊    | 117/200 [07:55<05:54,  4.27s/it]
 59%|█████▉    | 118/200 [07:59<05:44,  4.20s/it]
 60%|█████▉    | 119/200 [08:04<05:42,  4.22s/it]
 60%|██████    | 120/200 [08:08<05:32,  4.16s/it]
 60%|██████    | 121/200 [08:12<05:25,  4.11s/it]
 61%|██████    | 122/200 [08:16<05:23,  4.15s/it]
 62%|██████▏   | 123/200 [08:20<05:21,  4.17s/it]
 62%|██████▏   | 124/200 [08:25<05:27,  4.31s/it]
 62%|██████▎   | 125/200 [08:29<05:17,  4.23s/it]
 63%|██████▎   | 126/200 [08:33<05:04,  4.12s/it]
 64%|██████▎   | 127/200 [08:36<04:50,  3.97s/it]
 64%|██████▍   | 128/200 [08:40<04:43,  3.94s/it]
 64%|██████▍   | 129/200 [08:44<04:42,  3.97s/it]
 65%|██████▌   | 130/200 [08:48<04:41,  4.02s/it]
 66%|██████▌   | 131/200 [08:52<04:35,  3.99s/it]
 66%|██████▌   | 132/200 [08:57<04:35,  4.06s/it]
 66%|██████▋   | 133/200 [09:00<04:27,  4.00s/it]
 67%|██████▋   | 134/200 [09:04<04:20,  3.95s/it]
 68%|██████▊   | 135/200 [09:08<04:17,  3.96s/it]
 68%|██████▊   | 136/200 [09:13<04:27,  4.18s/it]
 68%|██████▊   | 137/200 [09:17<04:21,  4.16s/it]
 69%|██████▉   | 138/200 [09:21<04:16,  4.14s/it]
 70%|██████▉   | 139/200 [09:25<04:05,  4.02s/it]
 70%|███████   | 140/200 [09:29<03:59,  3.99s/it]
 70%|███████   | 141/200 [09:33<03:52,  3.94s/it]
 71%|███████   | 142/200 [09:37<03:48,  3.95s/it]
 72%|███████▏  | 143/200 [09:41<03:50,  4.04s/it]
 72%|███████▏  | 144/200 [09:46<03:57,  4.24s/it]
 72%|███████▎  | 145/200 [09:50<03:55,  4.28s/it]
 73%|███████▎  | 146/200 [09:54<03:51,  4.28s/it]
 74%|███████▎  | 147/200 [09:59<03:46,  4.28s/it]
 74%|███████▍  | 148/200 [10:03<03:43,  4.30s/it]
 74%|███████▍  | 149/200 [10:07<03:39,  4.31s/it]
 75%|███████▌  | 150/200 [10:11<03:32,  4.25s/it]
 76%|███████▌  | 151/200 [10:15<03:26,  4.21s/it]
 76%|███████▌  | 152/200 [10:20<03:30,  4.38s/it]
 76%|███████▋  | 153/200 [10:25<03:33,  4.54s/it]
 77%|███████▋  | 154/200 [10:30<03:29,  4.56s/it]
 78%|███████▊  | 155/200 [10:34<03:23,  4.52s/it]
 78%|███████▊  | 156/200 [10:38<03:15,  4.45s/it]
 78%|███████▊  | 157/200 [10:43<03:09,  4.40s/it]
 79%|███████▉  | 158/200 [10:47<02:59,  4.27s/it]
 80%|███████▉  | 159/200 [10:51<02:55,  4.28s/it]
 80%|████████  | 160/200 [10:55<02:50,  4.26s/it]
 80%|████████  | 161/200 [10:59<02:44,  4.23s/it]
 81%|████████  | 162/200 [11:04<02:40,  4.22s/it]
 82%|████████▏ | 163/200 [11:08<02:37,  4.25s/it]
 82%|████████▏ | 164/200 [11:12<02:34,  4.29s/it]
 82%|████████▎ | 165/200 [11:17<02:33,  4.39s/it]
 83%|████████▎ | 166/200 [11:21<02:26,  4.32s/it]
 84%|████████▎ | 167/200 [11:25<02:21,  4.29s/it]
 84%|████████▍ | 168/200 [11:30<02:19,  4.36s/it]
 84%|████████▍ | 169/200 [11:34<02:16,  4.39s/it]
 85%|████████▌ | 170/200 [11:39<02:13,  4.44s/it]
 86%|████████▌ | 171/200 [11:43<02:08,  4.44s/it]
 86%|████████▌ | 172/200 [11:48<02:03,  4.40s/it]
 86%|████████▋ | 173/200 [11:52<01:57,  4.34s/it]
 87%|████████▋ | 174/200 [11:56<01:51,  4.29s/it]
 88%|████████▊ | 175/200 [12:00<01:46,  4.26s/it]
 88%|████████▊ | 176/200 [12:04<01:42,  4.28s/it]
 88%|████████▊ | 177/200 [12:09<01:40,  4.37s/it]
 89%|████████▉ | 178/200 [12:13<01:33,  4.26s/it]
 90%|████████▉ | 179/200 [12:17<01:27,  4.18s/it]
 90%|█████████ | 180/200 [12:21<01:25,  4.26s/it]
 90%|█████████ | 181/200 [12:26<01:22,  4.32s/it]
 91%|█████████ | 182/200 [12:30<01:18,  4.34s/it]
 92%|█████████▏| 183/200 [12:34<01:12,  4.28s/it]
 92%|█████████▏| 184/200 [12:39<01:08,  4.28s/it]
 92%|█████████▎| 185/200 [12:43<01:04,  4.33s/it]
 93%|█████████▎| 186/200 [12:47<01:00,  4.29s/it]
 94%|█████████▎| 187/200 [12:51<00:55,  4.24s/it]
 94%|█████████▍| 188/200 [12:56<00:50,  4.18s/it]
 94%|█████████▍| 189/200 [13:00<00:45,  4.15s/it]
 95%|█████████▌| 190/200 [13:04<00:42,  4.23s/it]
 96%|█████████▌| 191/200 [13:08<00:38,  4.29s/it]
 96%|█████████▌| 192/200 [13:13<00:33,  4.23s/it]
 96%|█████████▋| 193/200 [13:16<00:28,  4.14s/it]
 97%|█████████▋| 194/200 [13:21<00:25,  4.23s/it]
 98%|█████████▊| 195/200 [13:26<00:22,  4.42s/it]
 98%|█████████▊| 196/200 [13:30<00:17,  4.44s/it]
 98%|█████████▊| 197/200 [13:35<00:13,  4.50s/it]
 99%|█████████▉| 198/200 [13:39<00:08,  4.39s/it]
100%|█████████▉| 199/200 [13:43<00:04,  4.31s/it]
100%|██████████| 200/200 [13:47<00:00,  4.28s/it]
                                                 
0
1
2
3
4
5
6
7
8
9
10
11
12
13
14
15
16
17
18
19
20
21
22
23
24
25
26
27
28
29
30
31
32
33
34
35
36
37
38
39
40
41
42
43
44
45
46
47
48
49
50
51
52
53
54
55
56
57
58
59
60
61
62
63
64
65
66
67
68
69
70
71
72
73
74
75
76
77
78
79
80
81
82
83
84
85
86
87
88
89
90
91
92
93
94
95
96
97
98
99
100
101
102
103
104
105
106
107
108
109
110
111
112
113
114
115
116
117
118
119
120
121
122
123
124
125
126
127
128
129
130
131
132
133
134
135
136
137
138
139
140
141
142
143
144
145
146
147
148
149
150
151
152
153
154
155
156
157
158
159
160
161
162
163
164
165
166
167
168
169
170
171
172
173
174
175
176
177
178
179
180
181
182
183
184
185
186
187
188
189
190
191
192
193
194
195
196
197
198
199
