 
Files to read: ['../pilot-cpjump1-data/profiles/2020_11_04_CPJUMP1/BR00116995/BR00116995_normalized_feature_select_negcon.csv.gz']
Files to read: ['../pilot-cpjump1-data/profiles/2020_11_04_CPJUMP1/BR00117024/BR00117024_normalized_feature_select_negcon.csv.gz']
Files to read: ['../pilot-cpjump1-data/profiles/2020_11_04_CPJUMP1/BR00117025/BR00117025_normalized_feature_select_negcon.csv.gz']
Files to read: ['../pilot-cpjump1-data/profiles/2020_11_04_CPJUMP1/BR00117026/BR00117026_normalized_feature_select_negcon.csv.gz']
Files to read: ['../pilot-cpjump1-data/profiles/2020_11_04_CPJUMP1/BR00116997/BR00116997_normalized_feature_select_negcon.csv.gz']
Files to read: ['../pilot-cpjump1-data/profiles/2020_11_04_CPJUMP1/BR00116998/BR00116998_normalized_feature_select_negcon.csv.gz']
Files to read: ['../pilot-cpjump1-data/profiles/2020_11_04_CPJUMP1/BR00116999/BR00116999_normalized_feature_select_negcon.csv.gz']
Files to read: ['../pilot-cpjump1-data/profiles/2020_11_04_CPJUMP1/BR00116996/BR00116996_normalized_feature_select_negcon.csv.gz']
Files to read: ['../pilot-cpjump1-data/profiles/2020_11_04_CPJUMP1/BR00117022/BR00117022_normalized_feature_select_negcon.csv.gz']
Files to read: ['../pilot-cpjump1-data/profiles/2020_11_04_CPJUMP1/BR00117023/BR00117023_normalized_feature_select_negcon.csv.gz']

  0%|          | 0/200 [00:00<?, ?it/s]
  0%|          | 1/200 [00:06<22:58,  6.93s/it]
  1%|          | 2/200 [00:11<17:42,  5.37s/it]
  2%|▏         | 3/200 [00:15<15:42,  4.79s/it]
  2%|▏         | 4/200 [00:19<14:52,  4.56s/it]
  2%|▎         | 5/200 [00:23<14:20,  4.41s/it]
  3%|▎         | 6/200 [00:27<14:09,  4.38s/it]
  4%|▎         | 7/200 [00:32<13:59,  4.35s/it]
  4%|▍         | 8/200 [00:36<13:53,  4.34s/it]
  4%|▍         | 9/200 [00:40<13:51,  4.35s/it]
  5%|▌         | 10/200 [00:45<13:30,  4.27s/it]
  6%|▌         | 11/200 [00:49<13:24,  4.26s/it]
  6%|▌         | 12/200 [00:53<13:18,  4.25s/it]
  6%|▋         | 13/200 [00:57<12:59,  4.17s/it]
  7%|▋         | 14/200 [01:01<12:47,  4.13s/it]
  8%|▊         | 15/200 [01:05<12:45,  4.14s/it]
  8%|▊         | 16/200 [01:09<12:50,  4.19s/it]
  8%|▊         | 17/200 [01:14<13:03,  4.28s/it]
  9%|▉         | 18/200 [01:18<13:04,  4.31s/it]
 10%|▉         | 19/200 [01:22<12:50,  4.26s/it]
 10%|█         | 20/200 [01:27<12:49,  4.27s/it]
 10%|█         | 21/200 [01:31<12:42,  4.26s/it]
 11%|█         | 22/200 [01:35<12:30,  4.21s/it]
 12%|█▏        | 23/200 [01:39<12:21,  4.19s/it]
 12%|█▏        | 24/200 [01:43<12:15,  4.18s/it]
 12%|█▎        | 25/200 [01:48<12:14,  4.20s/it]
 13%|█▎        | 26/200 [01:52<12:30,  4.31s/it]
 14%|█▎        | 27/200 [01:56<12:21,  4.28s/it]
 14%|█▍        | 28/200 [02:01<12:06,  4.22s/it]
 14%|█▍        | 29/200 [02:05<11:52,  4.17s/it]
 15%|█▌        | 30/200 [02:09<11:43,  4.14s/it]
 16%|█▌        | 31/200 [02:13<11:38,  4.13s/it]
 16%|█▌        | 32/200 [02:17<11:31,  4.11s/it]
 16%|█▋        | 33/200 [02:21<11:37,  4.17s/it]
 17%|█▋        | 34/200 [02:25<11:25,  4.13s/it]
 18%|█▊        | 35/200 [02:29<11:22,  4.14s/it]
 18%|█▊        | 36/200 [02:34<11:25,  4.18s/it]
 18%|█▊        | 37/200 [02:38<11:25,  4.20s/it]
 19%|█▉        | 38/200 [02:42<11:12,  4.15s/it]
 20%|█▉        | 39/200 [02:46<11:06,  4.14s/it]
 20%|██        | 40/200 [02:50<11:11,  4.19s/it]
 20%|██        | 41/200 [02:55<11:07,  4.20s/it]
 21%|██        | 42/200 [02:59<11:01,  4.19s/it]
 22%|██▏       | 43/200 [03:03<10:45,  4.11s/it]
 22%|██▏       | 44/200 [03:06<10:20,  3.98s/it]
 22%|██▎       | 45/200 [03:11<10:38,  4.12s/it]
 23%|██▎       | 46/200 [03:16<11:10,  4.35s/it]
 24%|██▎       | 47/200 [03:20<10:56,  4.29s/it]
 24%|██▍       | 48/200 [03:23<10:24,  4.11s/it]
 24%|██▍       | 49/200 [03:27<09:54,  3.94s/it]
 25%|██▌       | 50/200 [03:31<09:43,  3.89s/it]
 26%|██▌       | 51/200 [03:35<09:32,  3.84s/it]
 26%|██▌       | 52/200 [03:39<09:48,  3.97s/it]
 26%|██▋       | 53/200 [03:44<10:19,  4.22s/it]
 27%|██▋       | 54/200 [03:48<10:26,  4.29s/it]
 28%|██▊       | 55/200 [03:53<10:35,  4.38s/it]
 28%|██▊       | 56/200 [03:57<10:39,  4.44s/it]
 28%|██▊       | 57/200 [04:01<10:16,  4.31s/it]
 29%|██▉       | 58/200 [04:05<10:02,  4.24s/it]
 30%|██▉       | 59/200 [04:09<09:42,  4.13s/it]
 30%|███       | 60/200 [04:13<09:22,  4.02s/it]
 30%|███       | 61/200 [04:17<09:15,  3.99s/it]
 31%|███       | 62/200 [04:21<08:59,  3.91s/it]
 32%|███▏      | 63/200 [04:25<08:56,  3.92s/it]
 32%|███▏      | 64/200 [04:29<08:55,  3.93s/it]
 32%|███▎      | 65/200 [04:32<08:51,  3.94s/it]
 33%|███▎      | 66/200 [04:36<08:39,  3.88s/it]
 34%|███▎      | 67/200 [04:40<08:37,  3.89s/it]
 34%|███▍      | 68/200 [04:44<08:33,  3.89s/it]
 34%|███▍      | 69/200 [04:48<08:28,  3.88s/it]
 35%|███▌      | 70/200 [04:52<08:23,  3.88s/it]
 36%|███▌      | 71/200 [04:56<08:24,  3.91s/it]
 36%|███▌      | 72/200 [04:59<08:12,  3.85s/it]
 36%|███▋      | 73/200 [05:04<08:19,  3.93s/it]
 37%|███▋      | 74/200 [05:07<08:06,  3.86s/it]
 38%|███▊      | 75/200 [05:11<08:11,  3.93s/it]
 38%|███▊      | 76/200 [05:15<08:13,  3.98s/it]
 38%|███▊      | 77/200 [05:19<08:00,  3.90s/it]
 39%|███▉      | 78/200 [05:23<07:57,  3.91s/it]
 40%|███▉      | 79/200 [05:27<08:07,  4.03s/it]
 40%|████      | 80/200 [05:31<07:52,  3.94s/it]
 40%|████      | 81/200 [05:35<07:44,  3.90s/it]
 41%|████      | 82/200 [05:39<07:35,  3.86s/it]
 42%|████▏     | 83/200 [05:43<07:33,  3.87s/it]
 42%|████▏     | 84/200 [05:46<07:27,  3.86s/it]
 42%|████▎     | 85/200 [05:50<07:23,  3.86s/it]
 43%|████▎     | 86/200 [05:54<07:22,  3.89s/it]
 44%|████▎     | 87/200 [05:58<07:27,  3.96s/it]
 44%|████▍     | 88/200 [06:03<07:29,  4.01s/it]
 44%|████▍     | 89/200 [06:07<07:32,  4.07s/it]
 45%|████▌     | 90/200 [06:11<07:28,  4.08s/it]
 46%|████▌     | 91/200 [06:15<07:14,  3.99s/it]
 46%|████▌     | 92/200 [06:18<07:07,  3.96s/it]
 46%|████▋     | 93/200 [06:22<07:02,  3.95s/it]
 47%|████▋     | 94/200 [06:26<07:01,  3.98s/it]
 48%|████▊     | 95/200 [06:31<07:29,  4.28s/it]
 48%|████▊     | 96/200 [06:36<07:36,  4.39s/it]
 48%|████▊     | 97/200 [06:40<07:22,  4.29s/it]
 49%|████▉     | 98/200 [06:44<07:10,  4.22s/it]
 50%|████▉     | 99/200 [06:48<06:56,  4.12s/it]
 50%|█████     | 100/200 [06:53<07:04,  4.25s/it]
 50%|█████     | 101/200 [06:57<06:50,  4.14s/it]
 51%|█████     | 102/200 [07:00<06:36,  4.04s/it]
 52%|█████▏    | 103/200 [07:04<06:26,  3.99s/it]
 52%|█████▏    | 104/200 [07:08<06:30,  4.06s/it]
 52%|█████▎    | 105/200 [07:13<06:38,  4.19s/it]
 53%|█████▎    | 106/200 [07:17<06:39,  4.25s/it]
 54%|█████▎    | 107/200 [07:21<06:25,  4.14s/it]
 54%|█████▍    | 108/200 [07:25<06:15,  4.08s/it]
 55%|█████▍    | 109/200 [07:30<06:23,  4.22s/it]
 55%|█████▌    | 110/200 [07:34<06:30,  4.33s/it]
 56%|█████▌    | 111/200 [07:38<06:17,  4.24s/it]
 56%|█████▌    | 112/200 [07:42<06:08,  4.19s/it]
 56%|█████▋    | 113/200 [07:47<06:08,  4.23s/it]
 57%|█████▋    | 114/200 [07:51<06:08,  4.29s/it]
 57%|█████▊    | 115/200 [07:55<05:53,  4.16s/it]
 58%|█████▊    | 116/200 [07:59<05:42,  4.08s/it]
 58%|█████▊    | 117/200 [08:03<05:33,  4.02s/it]
 59%|█████▉    | 118/200 [08:06<05:22,  3.93s/it]
 60%|█████▉    | 119/200 [08:10<05:17,  3.92s/it]
 60%|██████    | 120/200 [08:14<05:15,  3.95s/it]
 60%|██████    | 121/200 [08:18<05:12,  3.95s/it]
 61%|██████    | 122/200 [08:23<05:17,  4.06s/it]
 62%|██████▏   | 123/200 [08:27<05:12,  4.06s/it]
 62%|██████▏   | 124/200 [08:31<05:07,  4.04s/it]
 62%|██████▎   | 125/200 [08:35<05:02,  4.04s/it]
 63%|██████▎   | 126/200 [08:39<04:59,  4.04s/it]
 64%|██████▎   | 127/200 [08:43<04:54,  4.04s/it]
 64%|██████▍   | 128/200 [08:47<04:43,  3.94s/it]
 64%|██████▍   | 129/200 [08:51<04:48,  4.06s/it]
 65%|██████▌   | 130/200 [08:55<04:45,  4.08s/it]
 66%|██████▌   | 131/200 [08:59<04:43,  4.11s/it]
 66%|██████▌   | 132/200 [09:04<04:50,  4.28s/it]
 66%|██████▋   | 133/200 [09:08<04:45,  4.27s/it]
 67%|██████▋   | 134/200 [09:13<04:44,  4.31s/it]
 68%|██████▊   | 135/200 [09:17<04:33,  4.21s/it]
 68%|██████▊   | 136/200 [09:20<04:21,  4.09s/it]
 68%|██████▊   | 137/200 [09:24<04:16,  4.08s/it]
 69%|██████▉   | 138/200 [09:28<04:09,  4.03s/it]
 70%|██████▉   | 139/200 [09:32<04:05,  4.02s/it]
 70%|███████   | 140/200 [09:36<04:00,  4.01s/it]
 70%|███████   | 141/200 [09:40<03:53,  3.96s/it]
 71%|███████   | 142/200 [09:44<03:46,  3.90s/it]
 72%|███████▏  | 143/200 [09:48<03:40,  3.86s/it]
 72%|███████▏  | 144/200 [09:52<03:37,  3.88s/it]
 72%|███████▎  | 145/200 [09:55<03:34,  3.90s/it]
 73%|███████▎  | 146/200 [10:00<03:33,  3.95s/it]
 74%|███████▎  | 147/200 [10:04<03:29,  3.95s/it]
 74%|███████▍  | 148/200 [10:07<03:25,  3.96s/it]
 74%|███████▍  | 149/200 [10:11<03:18,  3.90s/it]
 75%|███████▌  | 150/200 [10:15<03:12,  3.85s/it]
 76%|███████▌  | 151/200 [10:19<03:07,  3.84s/it]
 76%|███████▌  | 152/200 [10:23<03:05,  3.86s/it]
 76%|███████▋  | 153/200 [10:27<03:01,  3.86s/it]
 77%|███████▋  | 154/200 [10:31<02:59,  3.91s/it]
 78%|███████▊  | 155/200 [10:35<02:56,  3.91s/it]
 78%|███████▊  | 156/200 [10:39<02:55,  3.99s/it]
 78%|███████▊  | 157/200 [10:43<02:49,  3.95s/it]
 79%|███████▉  | 158/200 [10:46<02:44,  3.92s/it]
 80%|███████▉  | 159/200 [10:50<02:40,  3.92s/it]
 80%|████████  | 160/200 [10:54<02:36,  3.91s/it]
 80%|████████  | 161/200 [10:58<02:31,  3.89s/it]
 81%|████████  | 162/200 [11:02<02:27,  3.88s/it]
 82%|████████▏ | 163/200 [11:06<02:24,  3.90s/it]
 82%|████████▏ | 164/200 [11:10<02:21,  3.92s/it]
 82%|████████▎ | 165/200 [11:14<02:17,  3.93s/it]
 83%|████████▎ | 166/200 [11:18<02:14,  3.96s/it]
 84%|████████▎ | 167/200 [11:22<02:13,  4.05s/it]
 84%|████████▍ | 168/200 [11:27<02:16,  4.28s/it]
 84%|████████▍ | 169/200 [11:32<02:18,  4.48s/it]
 85%|████████▌ | 170/200 [11:36<02:15,  4.51s/it]
 86%|████████▌ | 171/200 [11:41<02:07,  4.40s/it]
 86%|████████▌ | 172/200 [11:44<01:58,  4.22s/it]
 86%|████████▋ | 173/200 [11:48<01:50,  4.09s/it]
 87%|████████▋ | 174/200 [11:52<01:46,  4.09s/it]
 88%|████████▊ | 175/200 [11:56<01:43,  4.13s/it]
 88%|████████▊ | 176/200 [12:00<01:36,  4.00s/it]
 88%|████████▊ | 177/200 [12:04<01:31,  3.97s/it]
 89%|████████▉ | 178/200 [12:08<01:25,  3.89s/it]
 90%|████████▉ | 179/200 [12:12<01:22,  3.92s/it]
 90%|█████████ | 180/200 [12:16<01:19,  3.96s/it]
 90%|█████████ | 181/200 [12:20<01:15,  3.96s/it]
 91%|█████████ | 182/200 [12:24<01:12,  4.04s/it]
 92%|█████████▏| 183/200 [12:28<01:08,  4.06s/it]
 92%|█████████▏| 184/200 [12:32<01:04,  4.03s/it]
 92%|█████████▎| 185/200 [12:36<00:59,  3.99s/it]
 93%|█████████▎| 186/200 [12:40<00:56,  4.05s/it]
 94%|█████████▎| 187/200 [12:44<00:52,  4.06s/it]
 94%|█████████▍| 188/200 [12:48<00:48,  4.01s/it]
 94%|█████████▍| 189/200 [12:52<00:44,  4.01s/it]
 95%|█████████▌| 190/200 [12:56<00:39,  3.98s/it]
 96%|█████████▌| 191/200 [13:00<00:34,  3.89s/it]
 96%|█████████▌| 192/200 [13:04<00:31,  3.99s/it]
 96%|█████████▋| 193/200 [13:08<00:28,  4.03s/it]
 97%|█████████▋| 194/200 [13:12<00:23,  3.98s/it]
 98%|█████████▊| 195/200 [13:16<00:19,  3.97s/it]
 98%|█████████▊| 196/200 [13:20<00:15,  4.00s/it]
 98%|█████████▊| 197/200 [13:24<00:11,  3.99s/it]
 99%|█████████▉| 198/200 [13:28<00:08,  4.00s/it]
100%|█████████▉| 199/200 [13:32<00:04,  4.06s/it]
100%|██████████| 200/200 [13:36<00:00,  4.01s/it]
                                                 
0
1
2
3
4
5
6
7
8
9
10
11
12
13
14
15
16
17
18
19
20
21
22
23
24
25
26
27
28
29
30
31
32
33
34
35
36
37
38
39
40
41
42
43
44
45
46
47
48
49
50
51
52
53
54
55
56
57
58
59
60
61
62
63
64
65
66
67
68
69
70
71
72
73
74
75
76
77
78
79
80
81
82
83
84
85
86
87
88
89
90
91
92
93
94
95
96
97
98
99
100
101
102
103
104
105
106
107
108
109
110
111
112
113
114
115
116
117
118
119
120
121
122
123
124
125
126
127
128
129
130
131
132
133
134
135
136
137
138
139
140
141
142
143
144
145
146
147
148
149
150
151
152
153
154
155
156
157
158
159
160
161
162
163
164
165
166
167
168
169
170
171
172
173
174
175
176
177
178
179
180
181
182
183
184
185
186
187
188
189
190
191
192
193
194
195
196
197
198
199
