 
Files to read: ['../pilot-cpjump1-data/profiles/2020_11_04_CPJUMP1/BR00116995/BR00116995_normalized_feature_select_negcon.csv.gz']
Files to read: ['../pilot-cpjump1-data/profiles/2020_11_04_CPJUMP1/BR00117024/BR00117024_normalized_feature_select_negcon.csv.gz']
Files to read: ['../pilot-cpjump1-data/profiles/2020_11_04_CPJUMP1/BR00117025/BR00117025_normalized_feature_select_negcon.csv.gz']
Files to read: ['../pilot-cpjump1-data/profiles/2020_11_04_CPJUMP1/BR00117026/BR00117026_normalized_feature_select_negcon.csv.gz']
Files to read: ['../pilot-cpjump1-data/profiles/2020_11_04_CPJUMP1/BR00116997/BR00116997_normalized_feature_select_negcon.csv.gz']
Files to read: ['../pilot-cpjump1-data/profiles/2020_11_04_CPJUMP1/BR00116998/BR00116998_normalized_feature_select_negcon.csv.gz']
Files to read: ['../pilot-cpjump1-data/profiles/2020_11_04_CPJUMP1/BR00116999/BR00116999_normalized_feature_select_negcon.csv.gz']
Files to read: ['../pilot-cpjump1-data/profiles/2020_11_04_CPJUMP1/BR00116996/BR00116996_normalized_feature_select_negcon.csv.gz']
Files to read: ['../pilot-cpjump1-data/profiles/2020_11_04_CPJUMP1/BR00117022/BR00117022_normalized_feature_select_negcon.csv.gz']
Files to read: ['../pilot-cpjump1-data/profiles/2020_11_04_CPJUMP1/BR00117023/BR00117023_normalized_feature_select_negcon.csv.gz']

  0%|          | 0/200 [00:00<?, ?it/s]
  0%|          | 1/200 [00:07<24:16,  7.32s/it]
  1%|          | 2/200 [00:11<17:39,  5.35s/it]
  2%|▏         | 3/200 [00:15<15:18,  4.66s/it]
  2%|▏         | 4/200 [00:19<14:12,  4.35s/it]
  2%|▎         | 5/200 [00:23<13:51,  4.26s/it]
  3%|▎         | 6/200 [00:27<13:28,  4.17s/it]
  4%|▎         | 7/200 [00:31<13:30,  4.20s/it]
  4%|▍         | 8/200 [00:35<13:14,  4.14s/it]
  4%|▍         | 9/200 [00:39<13:02,  4.10s/it]
  5%|▌         | 10/200 [00:43<12:55,  4.08s/it]
  6%|▌         | 11/200 [00:47<12:46,  4.06s/it]
  6%|▌         | 12/200 [00:51<12:35,  4.02s/it]
  6%|▋         | 13/200 [00:55<12:40,  4.07s/it]
  7%|▋         | 14/200 [00:59<12:35,  4.06s/it]
  8%|▊         | 15/200 [01:03<12:25,  4.03s/it]
  8%|▊         | 16/200 [01:07<12:19,  4.02s/it]
  8%|▊         | 17/200 [01:11<12:07,  3.98s/it]
  9%|▉         | 18/200 [01:15<12:01,  3.96s/it]
 10%|▉         | 19/200 [01:19<11:51,  3.93s/it]
 10%|█         | 20/200 [01:23<12:10,  4.06s/it]
 10%|█         | 21/200 [01:27<12:19,  4.13s/it]
 11%|█         | 22/200 [01:32<12:17,  4.14s/it]
 12%|█▏        | 23/200 [01:36<12:21,  4.19s/it]
 12%|█▏        | 24/200 [01:40<12:02,  4.11s/it]
 12%|█▎        | 25/200 [01:44<11:47,  4.05s/it]
 13%|█▎        | 26/200 [01:48<11:42,  4.04s/it]
 14%|█▎        | 27/200 [01:52<11:34,  4.02s/it]
 14%|█▍        | 28/200 [01:56<12:10,  4.25s/it]
 14%|█▍        | 29/200 [02:01<12:02,  4.22s/it]
 15%|█▌        | 30/200 [02:05<11:54,  4.21s/it]
 16%|█▌        | 31/200 [02:09<11:40,  4.14s/it]
 16%|█▌        | 32/200 [02:13<11:16,  4.03s/it]
 16%|█▋        | 33/200 [02:16<11:07,  4.00s/it]
 17%|█▋        | 34/200 [02:20<11:02,  3.99s/it]
 18%|█▊        | 35/200 [02:24<10:58,  3.99s/it]
 18%|█▊        | 36/200 [02:28<10:48,  3.96s/it]
 18%|█▊        | 37/200 [02:32<10:48,  3.98s/it]
 19%|█▉        | 38/200 [02:36<10:50,  4.02s/it]
 20%|█▉        | 39/200 [02:40<10:43,  4.00s/it]
 20%|██        | 40/200 [02:44<10:40,  4.00s/it]
 20%|██        | 41/200 [02:48<10:35,  4.00s/it]
 21%|██        | 42/200 [02:53<10:41,  4.06s/it]
 22%|██▏       | 43/200 [02:57<10:41,  4.09s/it]
 22%|██▏       | 44/200 [03:01<10:32,  4.06s/it]
 22%|██▎       | 45/200 [03:05<10:23,  4.02s/it]
 23%|██▎       | 46/200 [03:09<10:15,  4.00s/it]
 24%|██▎       | 47/200 [03:13<10:12,  4.00s/it]
 24%|██▍       | 48/200 [03:17<10:06,  3.99s/it]
 24%|██▍       | 49/200 [03:21<10:05,  4.01s/it]
 25%|██▌       | 50/200 [03:25<10:10,  4.07s/it]
 26%|██▌       | 51/200 [03:29<10:00,  4.03s/it]
 26%|██▌       | 52/200 [03:33<09:50,  3.99s/it]
 26%|██▋       | 53/200 [03:37<09:46,  3.99s/it]
 27%|██▋       | 54/200 [03:41<09:51,  4.05s/it]
 28%|██▊       | 55/200 [03:45<09:40,  4.01s/it]
 28%|██▊       | 56/200 [03:49<09:49,  4.09s/it]
 28%|██▊       | 57/200 [03:53<09:58,  4.19s/it]
 29%|██▉       | 58/200 [03:58<10:26,  4.41s/it]
 30%|██▉       | 59/200 [04:03<10:15,  4.36s/it]
 30%|███       | 60/200 [04:07<10:08,  4.34s/it]
 30%|███       | 61/200 [04:11<09:48,  4.23s/it]
 31%|███       | 62/200 [04:15<09:43,  4.23s/it]
 32%|███▏      | 63/200 [04:19<09:28,  4.15s/it]
 32%|███▏      | 64/200 [04:23<09:19,  4.11s/it]
 32%|███▎      | 65/200 [04:27<09:06,  4.05s/it]
 33%|███▎      | 66/200 [04:31<09:18,  4.17s/it]
 34%|███▎      | 67/200 [04:36<09:26,  4.26s/it]
 34%|███▍      | 68/200 [04:41<09:41,  4.41s/it]
 34%|███▍      | 69/200 [04:45<09:16,  4.25s/it]
 35%|███▌      | 70/200 [04:49<09:09,  4.23s/it]
 36%|███▌      | 71/200 [04:53<09:14,  4.30s/it]
 36%|███▌      | 72/200 [04:57<09:03,  4.25s/it]
 36%|███▋      | 73/200 [05:01<08:47,  4.16s/it]
 37%|███▋      | 74/200 [05:06<08:49,  4.21s/it]
 38%|███▊      | 75/200 [05:10<08:36,  4.13s/it]
 38%|███▊      | 76/200 [05:14<08:35,  4.16s/it]
 38%|███▊      | 77/200 [05:18<08:39,  4.22s/it]
 39%|███▉      | 78/200 [05:22<08:23,  4.13s/it]
 40%|███▉      | 79/200 [05:26<08:12,  4.07s/it]
 40%|████      | 80/200 [05:30<08:12,  4.10s/it]
 40%|████      | 81/200 [05:34<08:00,  4.04s/it]
 41%|████      | 82/200 [05:38<07:54,  4.02s/it]
 42%|████▏     | 83/200 [05:42<07:44,  3.97s/it]
 42%|████▏     | 84/200 [05:46<07:41,  3.97s/it]
 42%|████▎     | 85/200 [05:50<07:34,  3.95s/it]
 43%|████▎     | 86/200 [05:54<07:34,  3.98s/it]
 44%|████▎     | 87/200 [05:58<07:25,  3.94s/it]
 44%|████▍     | 88/200 [06:02<07:18,  3.92s/it]
 44%|████▍     | 89/200 [06:05<07:15,  3.92s/it]
 45%|████▌     | 90/200 [06:09<07:07,  3.88s/it]
 46%|████▌     | 91/200 [06:13<07:04,  3.89s/it]
 46%|████▌     | 92/200 [06:17<07:06,  3.95s/it]
 46%|████▋     | 93/200 [06:21<06:59,  3.92s/it]
 47%|████▋     | 94/200 [06:25<07:04,  4.01s/it]
 48%|████▊     | 95/200 [06:29<06:54,  3.95s/it]
 48%|████▊     | 96/200 [06:33<06:54,  3.99s/it]
 48%|████▊     | 97/200 [06:37<06:52,  4.00s/it]
 49%|████▉     | 98/200 [06:41<06:42,  3.95s/it]
 50%|████▉     | 99/200 [06:45<06:29,  3.86s/it]
 50%|█████     | 100/200 [06:49<06:26,  3.87s/it]
 50%|█████     | 101/200 [06:53<06:24,  3.88s/it]
 51%|█████     | 102/200 [06:57<06:30,  3.98s/it]
 52%|█████▏    | 103/200 [07:01<06:22,  3.94s/it]
 52%|█████▏    | 104/200 [07:05<06:19,  3.95s/it]
 52%|█████▎    | 105/200 [07:09<06:23,  4.03s/it]
 53%|█████▎    | 106/200 [07:14<06:43,  4.29s/it]
 54%|█████▎    | 107/200 [07:18<06:52,  4.44s/it]
 54%|█████▍    | 108/200 [07:23<06:43,  4.38s/it]
 55%|█████▍    | 109/200 [07:27<06:32,  4.31s/it]
 55%|█████▌    | 110/200 [07:31<06:18,  4.20s/it]
 56%|█████▌    | 111/200 [07:35<06:06,  4.12s/it]
 56%|█████▌    | 112/200 [07:39<05:53,  4.02s/it]
 56%|█████▋    | 113/200 [07:42<05:42,  3.93s/it]
 57%|█████▋    | 114/200 [07:47<05:52,  4.10s/it]
 57%|█████▊    | 115/200 [07:50<05:38,  3.99s/it]
 58%|█████▊    | 116/200 [07:54<05:35,  4.00s/it]
 58%|█████▊    | 117/200 [07:59<05:39,  4.09s/it]
 59%|█████▉    | 118/200 [08:03<05:39,  4.14s/it]
 60%|█████▉    | 119/200 [08:07<05:33,  4.11s/it]
 60%|██████    | 120/200 [08:11<05:22,  4.03s/it]
 60%|██████    | 121/200 [08:15<05:13,  3.97s/it]
 61%|██████    | 122/200 [08:19<05:12,  4.01s/it]
 62%|██████▏   | 123/200 [08:24<05:26,  4.24s/it]
 62%|██████▏   | 124/200 [08:28<05:19,  4.20s/it]
 62%|██████▎   | 125/200 [08:32<05:09,  4.13s/it]
 63%|██████▎   | 126/200 [08:36<05:00,  4.06s/it]
 64%|██████▎   | 127/200 [08:39<04:51,  4.00s/it]
 64%|██████▍   | 128/200 [08:43<04:47,  3.99s/it]
 64%|██████▍   | 129/200 [08:47<04:40,  3.96s/it]
 65%|██████▌   | 130/200 [08:51<04:37,  3.96s/it]
 66%|██████▌   | 131/200 [08:55<04:36,  4.01s/it]
 66%|██████▌   | 132/200 [08:59<04:30,  3.97s/it]
 66%|██████▋   | 133/200 [09:03<04:25,  3.97s/it]
 67%|██████▋   | 134/200 [09:08<04:39,  4.24s/it]
 68%|██████▊   | 135/200 [09:12<04:28,  4.13s/it]
 68%|██████▊   | 136/200 [09:16<04:24,  4.13s/it]
 68%|██████▊   | 137/200 [09:20<04:19,  4.11s/it]
 69%|██████▉   | 138/200 [09:24<04:16,  4.14s/it]
 70%|██████▉   | 139/200 [09:28<04:07,  4.05s/it]
 70%|███████   | 140/200 [09:32<04:05,  4.09s/it]
 70%|███████   | 141/200 [09:36<03:56,  4.01s/it]
 71%|███████   | 142/200 [09:40<03:48,  3.94s/it]
 72%|███████▏  | 143/200 [09:44<03:43,  3.93s/it]
 72%|███████▏  | 144/200 [09:48<03:38,  3.90s/it]
 72%|███████▎  | 145/200 [09:53<03:49,  4.17s/it]
 73%|███████▎  | 146/200 [09:57<03:44,  4.15s/it]
 74%|███████▎  | 147/200 [10:00<03:33,  4.04s/it]
 74%|███████▍  | 148/200 [10:04<03:23,  3.91s/it]
 74%|███████▍  | 149/200 [10:08<03:15,  3.84s/it]
 75%|███████▌  | 150/200 [10:12<03:14,  3.89s/it]
 76%|███████▌  | 151/200 [10:17<03:23,  4.15s/it]
 76%|███████▌  | 152/200 [10:21<03:26,  4.30s/it]
 76%|███████▋  | 153/200 [10:26<03:24,  4.35s/it]
 77%|███████▋  | 154/200 [10:30<03:18,  4.32s/it]
 78%|███████▊  | 155/200 [10:34<03:11,  4.27s/it]
 78%|███████▊  | 156/200 [10:38<03:02,  4.14s/it]
 78%|███████▊  | 157/200 [10:42<02:57,  4.12s/it]
 79%|███████▉  | 158/200 [10:47<03:01,  4.33s/it]
 80%|███████▉  | 159/200 [10:51<02:55,  4.29s/it]
 80%|████████  | 160/200 [10:55<02:50,  4.27s/it]
 80%|████████  | 161/200 [10:59<02:43,  4.20s/it]
 81%|████████  | 162/200 [11:04<02:41,  4.24s/it]
 82%|████████▏ | 163/200 [11:07<02:32,  4.13s/it]
 82%|████████▏ | 164/200 [11:11<02:27,  4.11s/it]
 82%|████████▎ | 165/200 [11:15<02:22,  4.08s/it]
 83%|████████▎ | 166/200 [11:19<02:16,  4.02s/it]
 84%|████████▎ | 167/200 [11:23<02:09,  3.92s/it]
 84%|████████▍ | 168/200 [11:27<02:07,  3.98s/it]
 84%|████████▍ | 169/200 [11:31<02:03,  3.97s/it]
 85%|████████▌ | 170/200 [11:35<01:59,  4.00s/it]
 86%|████████▌ | 171/200 [11:39<01:52,  3.87s/it]
 86%|████████▌ | 172/200 [11:43<01:49,  3.89s/it]
 86%|████████▋ | 173/200 [11:47<01:48,  4.01s/it]
 87%|████████▋ | 174/200 [11:52<01:48,  4.18s/it]
 88%|████████▊ | 175/200 [11:55<01:40,  4.01s/it]
 88%|████████▊ | 176/200 [11:59<01:34,  3.95s/it]
 88%|████████▊ | 177/200 [12:03<01:31,  3.98s/it]
 89%|████████▉ | 178/200 [12:07<01:26,  3.95s/it]
 90%|████████▉ | 179/200 [12:11<01:22,  3.93s/it]
 90%|█████████ | 180/200 [12:15<01:17,  3.90s/it]
 90%|█████████ | 181/200 [12:18<01:13,  3.88s/it]
 91%|█████████ | 182/200 [12:23<01:11,  3.97s/it]
 92%|█████████▏| 183/200 [12:26<01:06,  3.93s/it]
 92%|█████████▏| 184/200 [12:30<01:02,  3.88s/it]
 92%|█████████▎| 185/200 [12:34<00:58,  3.89s/it]
 93%|█████████▎| 186/200 [12:38<00:54,  3.88s/it]
 94%|█████████▎| 187/200 [12:42<00:50,  3.89s/it]
 94%|█████████▍| 188/200 [12:46<00:46,  3.91s/it]
 94%|█████████▍| 189/200 [12:50<00:42,  3.86s/it]
 95%|█████████▌| 190/200 [12:53<00:38,  3.85s/it]
 96%|█████████▌| 191/200 [12:58<00:36,  4.03s/it]
 96%|█████████▌| 192/200 [13:02<00:33,  4.19s/it]
 96%|█████████▋| 193/200 [13:07<00:30,  4.30s/it]
 97%|█████████▋| 194/200 [13:12<00:26,  4.35s/it]
 98%|█████████▊| 195/200 [13:16<00:21,  4.31s/it]
 98%|█████████▊| 196/200 [13:20<00:17,  4.45s/it]
 98%|█████████▊| 197/200 [13:25<00:13,  4.40s/it]
 99%|█████████▉| 198/200 [13:29<00:08,  4.26s/it]
100%|█████████▉| 199/200 [13:33<00:04,  4.27s/it]
100%|██████████| 200/200 [13:37<00:00,  4.29s/it]
                                                 
0
1
2
3
4
5
6
7
8
9
10
11
12
13
14
15
16
17
18
19
20
21
22
23
24
25
26
27
28
29
30
31
32
33
34
35
36
37
38
39
40
41
42
43
44
45
46
47
48
49
50
51
52
53
54
55
56
57
58
59
60
61
62
63
64
65
66
67
68
69
70
71
72
73
74
75
76
77
78
79
80
81
82
83
84
85
86
87
88
89
90
91
92
93
94
95
96
97
98
99
100
101
102
103
104
105
106
107
108
109
110
111
112
113
114
115
116
117
118
119
120
121
122
123
124
125
126
127
128
129
130
131
132
133
134
135
136
137
138
139
140
141
142
143
144
145
146
147
148
149
150
151
152
153
154
155
156
157
158
159
160
161
162
163
164
165
166
167
168
169
170
171
172
173
174
175
176
177
178
179
180
181
182
183
184
185
186
187
188
189
190
191
192
193
194
195
196
197
198
199
