 
Files to read: ['../pilot-cpjump1-data/profiles/2020_11_04_CPJUMP1/BR00116995/BR00116995_normalized_feature_select_negcon.csv.gz']
Files to read: ['../pilot-cpjump1-data/profiles/2020_11_04_CPJUMP1/BR00117024/BR00117024_normalized_feature_select_negcon.csv.gz']
Files to read: ['../pilot-cpjump1-data/profiles/2020_11_04_CPJUMP1/BR00117025/BR00117025_normalized_feature_select_negcon.csv.gz']
Files to read: ['../pilot-cpjump1-data/profiles/2020_11_04_CPJUMP1/BR00117026/BR00117026_normalized_feature_select_negcon.csv.gz']
Files to read: ['../pilot-cpjump1-data/profiles/2020_11_04_CPJUMP1/BR00116997/BR00116997_normalized_feature_select_negcon.csv.gz']
Files to read: ['../pilot-cpjump1-data/profiles/2020_11_04_CPJUMP1/BR00116998/BR00116998_normalized_feature_select_negcon.csv.gz']
Files to read: ['../pilot-cpjump1-data/profiles/2020_11_04_CPJUMP1/BR00116999/BR00116999_normalized_feature_select_negcon.csv.gz']
Files to read: ['../pilot-cpjump1-data/profiles/2020_11_04_CPJUMP1/BR00116996/BR00116996_normalized_feature_select_negcon.csv.gz']
Files to read: ['../pilot-cpjump1-data/profiles/2020_11_04_CPJUMP1/BR00117022/BR00117022_normalized_feature_select_negcon.csv.gz']
Files to read: ['../pilot-cpjump1-data/profiles/2020_11_04_CPJUMP1/BR00117023/BR00117023_normalized_feature_select_negcon.csv.gz']

  0%|          | 0/200 [00:00<?, ?it/s]
  0%|          | 1/200 [00:07<23:36,  7.12s/it]
  1%|          | 2/200 [00:11<18:11,  5.51s/it]
  2%|▏         | 3/200 [00:15<15:49,  4.82s/it]
  2%|▏         | 4/200 [00:19<14:34,  4.46s/it]
  2%|▎         | 5/200 [00:23<14:16,  4.39s/it]
  3%|▎         | 6/200 [00:27<13:32,  4.19s/it]
  4%|▎         | 7/200 [00:31<13:09,  4.09s/it]
  4%|▍         | 8/200 [00:35<13:07,  4.10s/it]
  4%|▍         | 9/200 [00:39<12:50,  4.03s/it]
  5%|▌         | 10/200 [00:43<12:25,  3.92s/it]
  6%|▌         | 11/200 [00:46<12:13,  3.88s/it]
  6%|▌         | 12/200 [00:50<12:07,  3.87s/it]
  6%|▋         | 13/200 [00:54<11:55,  3.83s/it]
  7%|▋         | 14/200 [00:58<11:56,  3.85s/it]
  8%|▊         | 15/200 [01:02<11:44,  3.81s/it]
  8%|▊         | 16/200 [01:05<11:37,  3.79s/it]
  8%|▊         | 17/200 [01:09<11:28,  3.76s/it]
  9%|▉         | 18/200 [01:13<11:31,  3.80s/it]
 10%|▉         | 19/200 [01:17<11:59,  3.98s/it]
 10%|█         | 20/200 [01:21<11:48,  3.93s/it]
 10%|█         | 21/200 [01:25<11:48,  3.96s/it]
 11%|█         | 22/200 [01:29<11:45,  3.96s/it]
 12%|█▏        | 23/200 [01:33<11:39,  3.95s/it]
 12%|█▏        | 24/200 [01:37<11:37,  3.96s/it]
 12%|█▎        | 25/200 [01:42<12:06,  4.15s/it]
 13%|█▎        | 26/200 [01:46<11:50,  4.09s/it]
 14%|█▎        | 27/200 [01:49<11:32,  4.00s/it]
 14%|█▍        | 28/200 [01:53<11:32,  4.02s/it]
 14%|█▍        | 29/200 [01:57<11:12,  3.93s/it]
 15%|█▌        | 30/200 [02:01<11:10,  3.95s/it]
 16%|█▌        | 31/200 [02:05<11:05,  3.94s/it]
 16%|█▌        | 32/200 [02:09<11:01,  3.94s/it]
 16%|█▋        | 33/200 [02:13<11:16,  4.05s/it]
 17%|█▋        | 34/200 [02:17<11:01,  3.98s/it]
 18%|█▊        | 35/200 [02:21<10:52,  3.96s/it]
 18%|█▊        | 36/200 [02:25<10:41,  3.91s/it]
 18%|█▊        | 37/200 [02:29<10:33,  3.88s/it]
 19%|█▉        | 38/200 [02:32<10:27,  3.88s/it]
 20%|█▉        | 39/200 [02:37<10:37,  3.96s/it]
 20%|██        | 40/200 [02:41<10:55,  4.10s/it]
 20%|██        | 41/200 [02:45<10:43,  4.05s/it]
 21%|██        | 42/200 [02:49<10:26,  3.96s/it]
 22%|██▏       | 43/200 [02:53<10:21,  3.96s/it]
 22%|██▏       | 44/200 [02:57<10:14,  3.94s/it]
 22%|██▎       | 45/200 [03:00<10:02,  3.89s/it]
 23%|██▎       | 46/200 [03:04<10:02,  3.91s/it]
 24%|██▎       | 47/200 [03:08<09:55,  3.89s/it]
 24%|██▍       | 48/200 [03:13<10:13,  4.03s/it]
 24%|██▍       | 49/200 [03:16<09:56,  3.95s/it]
 25%|██▌       | 50/200 [03:20<09:43,  3.89s/it]
 26%|██▌       | 51/200 [03:24<09:25,  3.80s/it]
 26%|██▌       | 52/200 [03:27<09:07,  3.70s/it]
 26%|██▋       | 53/200 [03:31<09:27,  3.86s/it]
 27%|██▋       | 54/200 [03:36<09:52,  4.06s/it]
 28%|██▊       | 55/200 [03:40<09:41,  4.01s/it]
 28%|██▊       | 56/200 [03:44<09:44,  4.06s/it]
 28%|██▊       | 57/200 [03:48<09:28,  3.98s/it]
 29%|██▉       | 58/200 [03:52<09:29,  4.01s/it]
 30%|██▉       | 59/200 [03:56<09:27,  4.03s/it]
 30%|███       | 60/200 [04:00<09:33,  4.10s/it]
 30%|███       | 61/200 [04:04<09:16,  4.01s/it]
 31%|███       | 62/200 [04:08<09:15,  4.03s/it]
 32%|███▏      | 63/200 [04:12<09:11,  4.02s/it]
 32%|███▏      | 64/200 [04:16<08:56,  3.94s/it]
 32%|███▎      | 65/200 [04:19<08:43,  3.88s/it]
 33%|███▎      | 66/200 [04:23<08:33,  3.83s/it]
 34%|███▎      | 67/200 [04:27<08:27,  3.82s/it]
 34%|███▍      | 68/200 [04:31<08:21,  3.80s/it]
 34%|███▍      | 69/200 [04:35<08:19,  3.81s/it]
 35%|███▌      | 70/200 [04:39<08:24,  3.88s/it]
 36%|███▌      | 71/200 [04:43<08:26,  3.93s/it]
 36%|███▌      | 72/200 [04:47<08:24,  3.94s/it]
 36%|███▋      | 73/200 [04:51<08:22,  3.95s/it]
 37%|███▋      | 74/200 [04:55<08:19,  3.97s/it]
 38%|███▊      | 75/200 [04:59<08:26,  4.05s/it]
 38%|███▊      | 76/200 [05:03<08:32,  4.13s/it]
 38%|███▊      | 77/200 [05:08<08:42,  4.25s/it]
 39%|███▉      | 78/200 [05:12<08:37,  4.24s/it]
 40%|███▉      | 79/200 [05:16<08:32,  4.23s/it]
 40%|████      | 80/200 [05:20<08:15,  4.13s/it]
 40%|████      | 81/200 [05:24<07:58,  4.02s/it]
 41%|████      | 82/200 [05:28<07:45,  3.94s/it]
 42%|████▏     | 83/200 [05:31<07:40,  3.94s/it]
 42%|████▏     | 84/200 [05:36<07:43,  4.00s/it]
 42%|████▎     | 85/200 [05:39<07:27,  3.89s/it]
 43%|████▎     | 86/200 [05:43<07:23,  3.89s/it]
 44%|████▎     | 87/200 [05:47<07:24,  3.94s/it]
 44%|████▍     | 88/200 [05:51<07:15,  3.89s/it]
 44%|████▍     | 89/200 [05:55<07:08,  3.86s/it]
 45%|████▌     | 90/200 [05:59<07:08,  3.89s/it]
 46%|████▌     | 91/200 [06:02<06:57,  3.83s/it]
 46%|████▌     | 92/200 [06:06<06:53,  3.83s/it]
 46%|████▋     | 93/200 [06:11<07:12,  4.04s/it]
 47%|████▋     | 94/200 [06:15<07:09,  4.05s/it]
 48%|████▊     | 95/200 [06:19<06:59,  4.00s/it]
 48%|████▊     | 96/200 [06:23<06:52,  3.97s/it]
 48%|████▊     | 97/200 [06:27<06:47,  3.96s/it]
 49%|████▉     | 98/200 [06:30<06:42,  3.95s/it]
 50%|████▉     | 99/200 [06:34<06:40,  3.96s/it]
 50%|█████     | 100/200 [06:39<06:40,  4.00s/it]
 50%|█████     | 101/200 [06:42<06:27,  3.91s/it]
 51%|█████     | 102/200 [06:46<06:19,  3.87s/it]
 52%|█████▏    | 103/200 [06:50<06:13,  3.85s/it]
 52%|█████▏    | 104/200 [06:54<06:08,  3.84s/it]
 52%|█████▎    | 105/200 [06:58<06:07,  3.86s/it]
 53%|█████▎    | 106/200 [07:01<06:01,  3.85s/it]
 54%|█████▎    | 107/200 [07:05<05:59,  3.87s/it]
 54%|█████▍    | 108/200 [07:09<05:54,  3.85s/it]
 55%|█████▍    | 109/200 [07:13<05:52,  3.87s/it]
 55%|█████▌    | 110/200 [07:17<05:49,  3.88s/it]
 56%|█████▌    | 111/200 [07:21<05:55,  3.99s/it]
 56%|█████▌    | 112/200 [07:25<05:54,  4.02s/it]
 56%|█████▋    | 113/200 [07:30<06:01,  4.15s/it]
 57%|█████▋    | 114/200 [07:34<06:06,  4.27s/it]
 57%|█████▊    | 115/200 [07:39<06:09,  4.34s/it]
 58%|█████▊    | 116/200 [07:43<05:57,  4.26s/it]
 58%|█████▊    | 117/200 [07:47<05:48,  4.20s/it]
 59%|█████▉    | 118/200 [07:51<05:30,  4.03s/it]
 60%|█████▉    | 119/200 [07:54<05:13,  3.87s/it]
 60%|██████    | 120/200 [07:58<05:13,  3.92s/it]
 60%|██████    | 121/200 [08:02<05:10,  3.93s/it]
 61%|██████    | 122/200 [08:06<05:03,  3.89s/it]
 62%|██████▏   | 123/200 [08:10<05:13,  4.07s/it]
 62%|██████▏   | 124/200 [08:14<05:02,  3.98s/it]
 62%|██████▎   | 125/200 [08:18<05:02,  4.04s/it]
 63%|██████▎   | 126/200 [08:22<04:56,  4.01s/it]
 64%|██████▎   | 127/200 [08:26<04:47,  3.94s/it]
 64%|██████▍   | 128/200 [08:30<04:41,  3.90s/it]
 64%|██████▍   | 129/200 [08:34<04:41,  3.96s/it]
 65%|██████▌   | 130/200 [08:38<04:33,  3.91s/it]
 66%|██████▌   | 131/200 [08:41<04:26,  3.87s/it]
 66%|██████▌   | 132/200 [08:45<04:23,  3.87s/it]
 66%|██████▋   | 133/200 [08:50<04:26,  3.98s/it]
 67%|██████▋   | 134/200 [08:53<04:17,  3.90s/it]
 68%|██████▊   | 135/200 [08:58<04:19,  4.00s/it]
 68%|██████▊   | 136/200 [09:02<04:15,  3.99s/it]
 68%|██████▊   | 137/200 [09:06<04:12,  4.01s/it]
 69%|██████▉   | 138/200 [09:10<04:14,  4.10s/it]
 70%|██████▉   | 139/200 [09:14<04:06,  4.05s/it]
 70%|███████   | 140/200 [09:18<04:01,  4.02s/it]
 70%|███████   | 141/200 [09:22<03:54,  3.98s/it]
 71%|███████   | 142/200 [09:26<03:51,  3.99s/it]
 72%|███████▏  | 143/200 [09:30<03:46,  3.97s/it]
 72%|███████▏  | 144/200 [09:34<03:45,  4.03s/it]
 72%|███████▎  | 145/200 [09:38<03:37,  3.96s/it]
 73%|███████▎  | 146/200 [09:41<03:33,  3.95s/it]
 74%|███████▎  | 147/200 [09:45<03:30,  3.97s/it]
 74%|███████▍  | 148/200 [09:49<03:24,  3.94s/it]
 74%|███████▍  | 149/200 [09:54<03:27,  4.06s/it]
 75%|███████▌  | 150/200 [09:58<03:24,  4.09s/it]
 76%|███████▌  | 151/200 [10:02<03:26,  4.21s/it]
 76%|███████▌  | 152/200 [10:06<03:20,  4.17s/it]
 76%|███████▋  | 153/200 [10:10<03:12,  4.09s/it]
 77%|███████▋  | 154/200 [10:14<03:07,  4.07s/it]
 78%|███████▊  | 155/200 [10:19<03:04,  4.09s/it]
 78%|███████▊  | 156/200 [10:23<03:03,  4.17s/it]
 78%|███████▊  | 157/200 [10:27<02:55,  4.09s/it]
 79%|███████▉  | 158/200 [10:31<02:48,  4.01s/it]
 80%|███████▉  | 159/200 [10:34<02:41,  3.93s/it]
 80%|████████  | 160/200 [10:38<02:37,  3.95s/it]
 80%|████████  | 161/200 [10:42<02:34,  3.96s/it]
 81%|████████  | 162/200 [10:47<02:37,  4.15s/it]
 82%|████████▏ | 163/200 [10:51<02:33,  4.14s/it]
 82%|████████▏ | 164/200 [10:55<02:27,  4.11s/it]
 82%|████████▎ | 165/200 [10:59<02:21,  4.06s/it]
 83%|████████▎ | 166/200 [11:03<02:16,  4.03s/it]
 84%|████████▎ | 167/200 [11:07<02:12,  4.02s/it]
 84%|████████▍ | 168/200 [11:11<02:07,  3.98s/it]
 84%|████████▍ | 169/200 [11:15<02:01,  3.92s/it]
 85%|████████▌ | 170/200 [11:19<01:57,  3.92s/it]
 86%|████████▌ | 171/200 [11:22<01:53,  3.90s/it]
 86%|████████▌ | 172/200 [11:26<01:49,  3.91s/it]
 86%|████████▋ | 173/200 [11:30<01:45,  3.92s/it]
 87%|████████▋ | 174/200 [11:34<01:43,  4.00s/it]
 88%|████████▊ | 175/200 [11:39<01:40,  4.03s/it]
 88%|████████▊ | 176/200 [11:42<01:34,  3.94s/it]
 88%|████████▊ | 177/200 [11:46<01:28,  3.85s/it]
 89%|████████▉ | 178/200 [11:50<01:25,  3.87s/it]
 90%|████████▉ | 179/200 [11:54<01:20,  3.85s/it]
 90%|█████████ | 180/200 [11:58<01:18,  3.92s/it]
 90%|█████████ | 181/200 [12:02<01:15,  3.97s/it]
 91%|█████████ | 182/200 [12:06<01:13,  4.09s/it]
 92%|█████████▏| 183/200 [12:10<01:10,  4.14s/it]
 92%|█████████▏| 184/200 [12:15<01:06,  4.16s/it]
 92%|█████████▎| 185/200 [12:19<01:04,  4.32s/it]
 93%|█████████▎| 186/200 [12:24<01:00,  4.34s/it]
 94%|█████████▎| 187/200 [12:28<00:54,  4.19s/it]
 94%|█████████▍| 188/200 [12:32<00:50,  4.17s/it]
 94%|█████████▍| 189/200 [12:35<00:44,  4.06s/it]
 95%|█████████▌| 190/200 [12:40<00:41,  4.14s/it]
 96%|█████████▌| 191/200 [12:44<00:37,  4.16s/it]
 96%|█████████▌| 192/200 [12:48<00:33,  4.19s/it]
 96%|█████████▋| 193/200 [12:53<00:29,  4.26s/it]
 97%|█████████▋| 194/200 [12:57<00:25,  4.24s/it]
 98%|█████████▊| 195/200 [13:01<00:20,  4.17s/it]
 98%|█████████▊| 196/200 [13:05<00:16,  4.18s/it]
 98%|█████████▊| 197/200 [13:09<00:12,  4.09s/it]
 99%|█████████▉| 198/200 [13:13<00:08,  4.07s/it]
100%|█████████▉| 199/200 [13:17<00:04,  4.03s/it]
100%|██████████| 200/200 [13:21<00:00,  4.06s/it]
                                                 
0
1
2
3
4
5
6
7
8
9
10
11
12
13
14
15
16
17
18
19
20
21
22
23
24
25
26
27
28
29
30
31
32
33
34
35
36
37
38
39
40
41
42
43
44
45
46
47
48
49
50
51
52
53
54
55
56
57
58
59
60
61
62
63
64
65
66
67
68
69
70
71
72
73
74
75
76
77
78
79
80
81
82
83
84
85
86
87
88
89
90
91
92
93
94
95
96
97
98
99
100
101
102
103
104
105
106
107
108
109
110
111
112
113
114
115
116
117
118
119
120
121
122
123
124
125
126
127
128
129
130
131
132
133
134
135
136
137
138
139
140
141
142
143
144
145
146
147
148
149
150
151
152
153
154
155
156
157
158
159
160
161
162
163
164
165
166
167
168
169
170
171
172
173
174
175
176
177
178
179
180
181
182
183
184
185
186
187
188
189
190
191
192
193
194
195
196
197
198
199
