 
Files to read: ['../pilot-cpjump1-data/profiles/2020_11_04_CPJUMP1/BR00116995/BR00116995_normalized_feature_select_negcon.csv.gz']
Files to read: ['../pilot-cpjump1-data/profiles/2020_11_04_CPJUMP1/BR00117024/BR00117024_normalized_feature_select_negcon.csv.gz']
Files to read: ['../pilot-cpjump1-data/profiles/2020_11_04_CPJUMP1/BR00117025/BR00117025_normalized_feature_select_negcon.csv.gz']
Files to read: ['../pilot-cpjump1-data/profiles/2020_11_04_CPJUMP1/BR00117026/BR00117026_normalized_feature_select_negcon.csv.gz']
Files to read: ['../pilot-cpjump1-data/profiles/2020_11_04_CPJUMP1/BR00116997/BR00116997_normalized_feature_select_negcon.csv.gz']
Files to read: ['../pilot-cpjump1-data/profiles/2020_11_04_CPJUMP1/BR00116998/BR00116998_normalized_feature_select_negcon.csv.gz']
Files to read: ['../pilot-cpjump1-data/profiles/2020_11_04_CPJUMP1/BR00116999/BR00116999_normalized_feature_select_negcon.csv.gz']
Files to read: ['../pilot-cpjump1-data/profiles/2020_11_04_CPJUMP1/BR00116996/BR00116996_normalized_feature_select_negcon.csv.gz']
Files to read: ['../pilot-cpjump1-data/profiles/2020_11_04_CPJUMP1/BR00117022/BR00117022_normalized_feature_select_negcon.csv.gz']
Files to read: ['../pilot-cpjump1-data/profiles/2020_11_04_CPJUMP1/BR00117023/BR00117023_normalized_feature_select_negcon.csv.gz']

  0%|          | 0/200 [00:00<?, ?it/s]
  0%|          | 1/200 [00:07<23:23,  7.05s/it]
  1%|          | 2/200 [00:11<17:29,  5.30s/it]
  2%|▏         | 3/200 [00:15<15:32,  4.74s/it]
  2%|▏         | 4/200 [00:19<14:43,  4.51s/it]
  2%|▎         | 5/200 [00:23<13:55,  4.28s/it]
  3%|▎         | 6/200 [00:27<13:30,  4.18s/it]
  4%|▎         | 7/200 [00:31<14:01,  4.36s/it]
  4%|▍         | 8/200 [00:36<14:19,  4.48s/it]
  4%|▍         | 9/200 [00:40<13:55,  4.38s/it]
  5%|▌         | 10/200 [00:44<13:20,  4.21s/it]
  6%|▌         | 11/200 [00:48<12:49,  4.07s/it]
  6%|▌         | 12/200 [00:52<12:42,  4.06s/it]
  6%|▋         | 13/200 [00:56<12:47,  4.11s/it]
  7%|▋         | 14/200 [01:01<12:59,  4.19s/it]
  8%|▊         | 15/200 [01:04<12:23,  4.02s/it]
  8%|▊         | 16/200 [01:08<11:56,  3.90s/it]
  8%|▊         | 17/200 [01:12<11:50,  3.88s/it]
  9%|▉         | 18/200 [01:16<11:51,  3.91s/it]
 10%|▉         | 19/200 [01:19<11:41,  3.87s/it]
 10%|█         | 20/200 [01:23<11:47,  3.93s/it]
 10%|█         | 21/200 [01:27<11:41,  3.92s/it]
 11%|█         | 22/200 [01:32<11:51,  4.00s/it]
 12%|█▏        | 23/200 [01:36<12:04,  4.09s/it]
 12%|█▏        | 24/200 [01:40<12:10,  4.15s/it]
 12%|█▎        | 25/200 [01:44<12:16,  4.21s/it]
 13%|█▎        | 26/200 [01:48<11:56,  4.12s/it]
 14%|█▎        | 27/200 [01:52<11:37,  4.03s/it]
 14%|█▍        | 28/200 [01:56<11:23,  3.97s/it]
 14%|█▍        | 29/200 [02:00<11:12,  3.93s/it]
 15%|█▌        | 30/200 [02:04<11:26,  4.04s/it]
 16%|█▌        | 31/200 [02:08<11:12,  3.98s/it]
 16%|█▌        | 32/200 [02:12<11:03,  3.95s/it]
 16%|█▋        | 33/200 [02:16<11:00,  3.96s/it]
 17%|█▋        | 34/200 [02:21<11:30,  4.16s/it]
 18%|█▊        | 35/200 [02:25<11:32,  4.20s/it]
 18%|█▊        | 36/200 [02:29<11:30,  4.21s/it]
 18%|█▊        | 37/200 [02:33<11:36,  4.27s/it]
 19%|█▉        | 38/200 [02:38<11:43,  4.34s/it]
 20%|█▉        | 39/200 [02:42<11:09,  4.16s/it]
 20%|██        | 40/200 [02:46<10:58,  4.11s/it]
 20%|██        | 41/200 [02:50<10:54,  4.12s/it]
 21%|██        | 42/200 [02:54<10:53,  4.14s/it]
 22%|██▏       | 43/200 [02:58<10:51,  4.15s/it]
 22%|██▏       | 44/200 [03:03<11:01,  4.24s/it]
 22%|██▎       | 45/200 [03:07<10:59,  4.25s/it]
 23%|██▎       | 46/200 [03:11<10:52,  4.24s/it]
 24%|██▎       | 47/200 [03:15<10:46,  4.23s/it]
 24%|██▍       | 48/200 [03:19<10:22,  4.09s/it]
 24%|██▍       | 49/200 [03:23<10:22,  4.12s/it]
 25%|██▌       | 50/200 [03:27<10:14,  4.10s/it]
 26%|██▌       | 51/200 [03:31<10:12,  4.11s/it]
 26%|██▌       | 52/200 [03:36<10:06,  4.10s/it]
 26%|██▋       | 53/200 [03:40<10:02,  4.10s/it]
 27%|██▋       | 54/200 [03:44<09:59,  4.10s/it]
 28%|██▊       | 55/200 [03:48<09:54,  4.10s/it]
 28%|██▊       | 56/200 [03:52<09:47,  4.08s/it]
 28%|██▊       | 57/200 [03:56<09:39,  4.05s/it]
 29%|██▉       | 58/200 [04:00<09:23,  3.97s/it]
 30%|██▉       | 59/200 [04:03<09:14,  3.93s/it]
 30%|███       | 60/200 [04:08<09:24,  4.03s/it]
 30%|███       | 61/200 [04:12<09:27,  4.08s/it]
 31%|███       | 62/200 [04:16<09:20,  4.06s/it]
 32%|███▏      | 63/200 [04:20<09:18,  4.08s/it]
 32%|███▏      | 64/200 [04:24<09:10,  4.04s/it]
 32%|███▎      | 65/200 [04:28<09:07,  4.05s/it]
 33%|███▎      | 66/200 [04:32<08:55,  4.00s/it]
 34%|███▎      | 67/200 [04:36<09:05,  4.10s/it]
 34%|███▍      | 68/200 [04:41<09:10,  4.17s/it]
 34%|███▍      | 69/200 [04:45<09:17,  4.25s/it]
 35%|███▌      | 70/200 [04:49<09:11,  4.24s/it]
 36%|███▌      | 71/200 [04:54<09:07,  4.24s/it]
 36%|███▌      | 72/200 [04:58<08:59,  4.21s/it]
 36%|███▋      | 73/200 [05:02<08:45,  4.13s/it]
 37%|███▋      | 74/200 [05:06<08:56,  4.26s/it]
 38%|███▊      | 75/200 [05:10<08:44,  4.20s/it]
 38%|███▊      | 76/200 [05:14<08:40,  4.19s/it]
 38%|███▊      | 77/200 [05:19<08:53,  4.34s/it]
 39%|███▉      | 78/200 [05:24<08:52,  4.37s/it]
 40%|███▉      | 79/200 [05:28<08:52,  4.40s/it]
 40%|████      | 80/200 [05:33<08:57,  4.48s/it]
 40%|████      | 81/200 [05:37<08:54,  4.49s/it]
 41%|████      | 82/200 [05:41<08:42,  4.43s/it]
 42%|████▏     | 83/200 [05:46<08:39,  4.44s/it]
 42%|████▏     | 84/200 [05:50<08:18,  4.30s/it]
 42%|████▎     | 85/200 [05:54<08:04,  4.21s/it]
 43%|████▎     | 86/200 [05:58<08:00,  4.22s/it]
 44%|████▎     | 87/200 [06:02<07:52,  4.18s/it]
 44%|████▍     | 88/200 [06:06<07:42,  4.13s/it]
 44%|████▍     | 89/200 [06:10<07:38,  4.13s/it]
 45%|████▌     | 90/200 [06:14<07:31,  4.10s/it]
 46%|████▌     | 91/200 [06:19<07:40,  4.23s/it]
 46%|████▌     | 92/200 [06:23<07:30,  4.17s/it]
 46%|████▋     | 93/200 [06:27<07:20,  4.12s/it]
 47%|████▋     | 94/200 [06:31<07:13,  4.09s/it]
 48%|████▊     | 95/200 [06:35<07:07,  4.08s/it]
 48%|████▊     | 96/200 [06:39<07:03,  4.07s/it]
 48%|████▊     | 97/200 [06:43<07:04,  4.12s/it]
 49%|████▉     | 98/200 [06:47<06:49,  4.01s/it]
 50%|████▉     | 99/200 [06:51<06:50,  4.06s/it]
 50%|█████     | 100/200 [06:55<06:45,  4.06s/it]
 50%|█████     | 101/200 [06:59<06:43,  4.07s/it]
 51%|█████     | 102/200 [07:04<06:38,  4.07s/it]
 52%|█████▏    | 103/200 [07:08<06:32,  4.05s/it]
 52%|█████▏    | 104/200 [07:12<06:27,  4.03s/it]
 52%|█████▎    | 105/200 [07:16<06:23,  4.04s/it]
 53%|█████▎    | 106/200 [07:20<06:26,  4.11s/it]
 54%|█████▎    | 107/200 [07:24<06:35,  4.25s/it]
 54%|█████▍    | 108/200 [07:29<06:30,  4.24s/it]
 55%|█████▍    | 109/200 [07:33<06:24,  4.23s/it]
 55%|█████▌    | 110/200 [07:37<06:16,  4.18s/it]
 56%|█████▌    | 111/200 [07:41<06:06,  4.12s/it]
 56%|█████▌    | 112/200 [07:45<06:08,  4.18s/it]
 56%|█████▋    | 113/200 [07:49<05:58,  4.12s/it]
 57%|█████▋    | 114/200 [07:53<05:57,  4.16s/it]
 57%|█████▊    | 115/200 [07:58<05:51,  4.14s/it]
 58%|█████▊    | 116/200 [08:02<05:48,  4.15s/it]
 58%|█████▊    | 117/200 [08:06<05:45,  4.16s/it]
 59%|█████▉    | 118/200 [08:10<05:43,  4.19s/it]
 60%|█████▉    | 119/200 [08:14<05:34,  4.13s/it]
 60%|██████    | 120/200 [08:18<05:33,  4.17s/it]
 60%|██████    | 121/200 [08:22<05:24,  4.11s/it]
 61%|██████    | 122/200 [08:27<05:25,  4.18s/it]
 62%|██████▏   | 123/200 [08:31<05:34,  4.35s/it]
 62%|██████▏   | 124/200 [08:36<05:40,  4.48s/it]
 62%|██████▎   | 125/200 [08:41<05:39,  4.53s/it]
 63%|██████▎   | 126/200 [08:45<05:31,  4.48s/it]
 64%|██████▎   | 127/200 [08:50<05:37,  4.62s/it]
 64%|██████▍   | 128/200 [08:54<05:24,  4.51s/it]
 64%|██████▍   | 129/200 [08:59<05:24,  4.57s/it]
 65%|██████▌   | 130/200 [09:04<05:19,  4.57s/it]
 66%|██████▌   | 131/200 [09:08<05:09,  4.48s/it]
 66%|██████▌   | 132/200 [09:12<04:56,  4.36s/it]
 66%|██████▋   | 133/200 [09:16<04:52,  4.37s/it]
 67%|██████▋   | 134/200 [09:21<04:48,  4.37s/it]
 68%|██████▊   | 135/200 [09:25<04:38,  4.28s/it]
 68%|██████▊   | 136/200 [09:29<04:30,  4.23s/it]
 68%|██████▊   | 137/200 [09:33<04:24,  4.19s/it]
 69%|██████▉   | 138/200 [09:38<04:27,  4.32s/it]
 70%|██████▉   | 139/200 [09:42<04:23,  4.32s/it]
 70%|███████   | 140/200 [09:47<04:22,  4.38s/it]
 70%|███████   | 141/200 [09:51<04:14,  4.32s/it]
 71%|███████   | 142/200 [09:55<04:07,  4.26s/it]
 72%|███████▏  | 143/200 [10:00<04:11,  4.42s/it]
 72%|███████▏  | 144/200 [10:04<04:04,  4.36s/it]
 72%|███████▎  | 145/200 [10:08<03:56,  4.29s/it]
 73%|███████▎  | 146/200 [10:13<03:59,  4.44s/it]
 74%|███████▎  | 147/200 [10:17<03:49,  4.32s/it]
 74%|███████▍  | 148/200 [10:21<03:40,  4.25s/it]
 74%|███████▍  | 149/200 [10:25<03:35,  4.23s/it]
 75%|███████▌  | 150/200 [10:29<03:26,  4.13s/it]
 76%|███████▌  | 151/200 [10:33<03:22,  4.14s/it]
 76%|███████▌  | 152/200 [10:37<03:19,  4.15s/it]
 76%|███████▋  | 153/200 [10:42<03:15,  4.16s/it]
 77%|███████▋  | 154/200 [10:46<03:18,  4.32s/it]
 78%|███████▊  | 155/200 [10:50<03:12,  4.28s/it]
 78%|███████▊  | 156/200 [10:55<03:09,  4.31s/it]
 78%|███████▊  | 157/200 [10:59<03:09,  4.40s/it]
 79%|███████▉  | 158/200 [11:04<03:03,  4.37s/it]
 80%|███████▉  | 159/200 [11:08<02:59,  4.37s/it]
 80%|████████  | 160/200 [11:12<02:51,  4.28s/it]
 80%|████████  | 161/200 [11:17<02:49,  4.35s/it]
 81%|████████  | 162/200 [11:21<02:43,  4.30s/it]
 82%|████████▏ | 163/200 [11:25<02:42,  4.39s/it]
 82%|████████▏ | 164/200 [11:30<02:35,  4.33s/it]
 82%|████████▎ | 165/200 [11:34<02:30,  4.29s/it]
 83%|████████▎ | 166/200 [11:38<02:28,  4.36s/it]
 84%|████████▎ | 167/200 [11:43<02:24,  4.39s/it]
 84%|████████▍ | 168/200 [11:47<02:18,  4.34s/it]
 84%|████████▍ | 169/200 [11:51<02:14,  4.33s/it]
 85%|████████▌ | 170/200 [11:55<02:06,  4.23s/it]
 86%|████████▌ | 171/200 [12:00<02:05,  4.34s/it]
 86%|████████▌ | 172/200 [12:04<01:59,  4.28s/it]
 86%|████████▋ | 173/200 [12:08<01:54,  4.24s/it]
 87%|████████▋ | 174/200 [12:12<01:46,  4.11s/it]
 88%|████████▊ | 175/200 [12:16<01:42,  4.10s/it]
 88%|████████▊ | 176/200 [12:20<01:38,  4.09s/it]
 88%|████████▊ | 177/200 [12:25<01:39,  4.34s/it]
 89%|████████▉ | 178/200 [12:29<01:34,  4.29s/it]
 90%|████████▉ | 179/200 [12:34<01:32,  4.41s/it]
 90%|█████████ | 180/200 [12:38<01:25,  4.30s/it]
 90%|█████████ | 181/200 [12:43<01:23,  4.41s/it]
 91%|█████████ | 182/200 [12:47<01:18,  4.38s/it]
 92%|█████████▏| 183/200 [12:51<01:14,  4.35s/it]
 92%|█████████▏| 184/200 [12:56<01:09,  4.36s/it]
 92%|█████████▎| 185/200 [13:00<01:04,  4.32s/it]
 93%|█████████▎| 186/200 [13:04<00:59,  4.27s/it]
 94%|█████████▎| 187/200 [13:09<00:58,  4.51s/it]
 94%|█████████▍| 188/200 [13:13<00:53,  4.48s/it]
 94%|█████████▍| 189/200 [13:18<00:48,  4.45s/it]
 95%|█████████▌| 190/200 [13:22<00:43,  4.34s/it]
 96%|█████████▌| 191/200 [13:26<00:39,  4.36s/it]
 96%|█████████▌| 192/200 [13:31<00:34,  4.34s/it]
 96%|█████████▋| 193/200 [13:35<00:30,  4.31s/it]
 97%|█████████▋| 194/200 [13:39<00:25,  4.28s/it]
 98%|█████████▊| 195/200 [13:44<00:21,  4.34s/it]
 98%|█████████▊| 196/200 [13:48<00:17,  4.33s/it]
 98%|█████████▊| 197/200 [13:52<00:13,  4.34s/it]
 99%|█████████▉| 198/200 [13:56<00:08,  4.29s/it]
100%|█████████▉| 199/200 [14:01<00:04,  4.31s/it]
100%|██████████| 200/200 [14:05<00:00,  4.30s/it]
                                                 
0
1
2
3
4
5
6
7
8
9
10
11
12
13
14
15
16
17
18
19
20
21
22
23
24
25
26
27
28
29
30
31
32
33
34
35
36
37
38
39
40
41
42
43
44
45
46
47
48
49
50
51
52
53
54
55
56
57
58
59
60
61
62
63
64
65
66
67
68
69
70
71
72
73
74
75
76
77
78
79
80
81
82
83
84
85
86
87
88
89
90
91
92
93
94
95
96
97
98
99
100
101
102
103
104
105
106
107
108
109
110
111
112
113
114
115
116
117
118
119
120
121
122
123
124
125
126
127
128
129
130
131
132
133
134
135
136
137
138
139
140
141
142
143
144
145
146
147
148
149
150
151
152
153
154
155
156
157
158
159
160
161
162
163
164
165
166
167
168
169
170
171
172
173
174
175
176
177
178
179
180
181
182
183
184
185
186
187
188
189
190
191
192
193
194
195
196
197
198
199
