 
Files to read: ['../pilot-cpjump1-data/profiles/2020_11_04_CPJUMP1/BR00116995/BR00116995_normalized_feature_select_negcon.csv.gz']
Files to read: ['../pilot-cpjump1-data/profiles/2020_11_04_CPJUMP1/BR00117024/BR00117024_normalized_feature_select_negcon.csv.gz']
Files to read: ['../pilot-cpjump1-data/profiles/2020_11_04_CPJUMP1/BR00117025/BR00117025_normalized_feature_select_negcon.csv.gz']
Files to read: ['../pilot-cpjump1-data/profiles/2020_11_04_CPJUMP1/BR00117026/BR00117026_normalized_feature_select_negcon.csv.gz']
Files to read: ['../pilot-cpjump1-data/profiles/2020_11_04_CPJUMP1/BR00116997/BR00116997_normalized_feature_select_negcon.csv.gz']
Files to read: ['../pilot-cpjump1-data/profiles/2020_11_04_CPJUMP1/BR00116998/BR00116998_normalized_feature_select_negcon.csv.gz']
Files to read: ['../pilot-cpjump1-data/profiles/2020_11_04_CPJUMP1/BR00116999/BR00116999_normalized_feature_select_negcon.csv.gz']
Files to read: ['../pilot-cpjump1-data/profiles/2020_11_04_CPJUMP1/BR00116996/BR00116996_normalized_feature_select_negcon.csv.gz']
Files to read: ['../pilot-cpjump1-data/profiles/2020_11_04_CPJUMP1/BR00117022/BR00117022_normalized_feature_select_negcon.csv.gz']
Files to read: ['../pilot-cpjump1-data/profiles/2020_11_04_CPJUMP1/BR00117023/BR00117023_normalized_feature_select_negcon.csv.gz']

  0%|          | 0/200 [00:00<?, ?it/s]
  0%|          | 1/200 [00:05<17:32,  5.29s/it]
  1%|          | 2/200 [00:09<14:50,  4.50s/it]
  2%|▏         | 3/200 [00:13<14:08,  4.31s/it]
  2%|▏         | 4/200 [00:17<13:41,  4.19s/it]
  2%|▎         | 5/200 [00:21<13:29,  4.15s/it]
  3%|▎         | 6/200 [00:25<13:30,  4.18s/it]
  4%|▎         | 7/200 [00:29<13:29,  4.19s/it]
  4%|▍         | 8/200 [00:33<12:59,  4.06s/it]
  4%|▍         | 9/200 [00:37<12:39,  3.98s/it]
  5%|▌         | 10/200 [00:41<12:43,  4.02s/it]
  6%|▌         | 11/200 [00:45<12:36,  4.00s/it]
  6%|▌         | 12/200 [00:49<12:56,  4.13s/it]
  6%|▋         | 13/200 [00:54<12:51,  4.12s/it]
  7%|▋         | 14/200 [00:58<13:05,  4.23s/it]
  8%|▊         | 15/200 [01:03<13:39,  4.43s/it]
  8%|▊         | 16/200 [01:07<13:39,  4.45s/it]
  8%|▊         | 17/200 [01:12<13:24,  4.39s/it]
  9%|▉         | 18/200 [01:16<13:02,  4.30s/it]
 10%|▉         | 19/200 [01:20<13:03,  4.33s/it]
 10%|█         | 20/200 [01:24<12:39,  4.22s/it]
 10%|█         | 21/200 [01:28<12:21,  4.14s/it]
 11%|█         | 22/200 [01:32<12:21,  4.16s/it]
 12%|█▏        | 23/200 [01:36<12:14,  4.15s/it]
 12%|█▏        | 24/200 [01:40<11:58,  4.08s/it]
 12%|█▎        | 25/200 [01:45<12:14,  4.20s/it]
 13%|█▎        | 26/200 [01:49<11:56,  4.12s/it]
 14%|█▎        | 27/200 [01:53<11:47,  4.09s/it]
 14%|█▍        | 28/200 [01:57<11:35,  4.04s/it]
 14%|█▍        | 29/200 [02:01<11:58,  4.20s/it]
 15%|█▌        | 30/200 [02:05<11:46,  4.16s/it]
 16%|█▌        | 31/200 [02:09<11:32,  4.10s/it]
 16%|█▌        | 32/200 [02:13<11:29,  4.10s/it]
 16%|█▋        | 33/200 [02:17<11:07,  4.00s/it]
 17%|█▋        | 34/200 [02:21<11:13,  4.06s/it]
 18%|█▊        | 35/200 [02:25<11:05,  4.04s/it]
 18%|█▊        | 36/200 [02:29<10:56,  4.00s/it]
 18%|█▊        | 37/200 [02:33<10:45,  3.96s/it]
 19%|█▉        | 38/200 [02:37<10:59,  4.07s/it]
 20%|█▉        | 39/200 [02:41<10:49,  4.03s/it]
 20%|██        | 40/200 [02:46<10:51,  4.07s/it]
 20%|██        | 41/200 [02:50<11:06,  4.19s/it]
 21%|██        | 42/200 [02:55<11:18,  4.29s/it]
 22%|██▏       | 43/200 [02:58<10:55,  4.18s/it]
 22%|██▏       | 44/200 [03:03<10:53,  4.19s/it]
 22%|██▎       | 45/200 [03:07<10:49,  4.19s/it]
 23%|██▎       | 46/200 [03:11<10:53,  4.24s/it]
 24%|██▎       | 47/200 [03:15<10:49,  4.24s/it]
 24%|██▍       | 48/200 [03:20<10:37,  4.19s/it]
 24%|██▍       | 49/200 [03:24<10:34,  4.20s/it]
 25%|██▌       | 50/200 [03:28<10:22,  4.15s/it]
 26%|██▌       | 51/200 [03:32<10:08,  4.08s/it]
 26%|██▌       | 52/200 [03:36<09:55,  4.02s/it]
 26%|██▋       | 53/200 [03:39<09:43,  3.97s/it]
 27%|██▋       | 54/200 [03:44<09:54,  4.07s/it]
 28%|██▊       | 55/200 [03:48<09:47,  4.05s/it]
 28%|██▊       | 56/200 [03:52<10:03,  4.19s/it]
 28%|██▊       | 57/200 [03:56<09:50,  4.13s/it]
 29%|██▉       | 58/200 [04:00<09:37,  4.06s/it]
 30%|██▉       | 59/200 [04:05<09:45,  4.15s/it]
 30%|███       | 60/200 [04:09<09:47,  4.20s/it]
 30%|███       | 61/200 [04:13<09:37,  4.15s/it]
 31%|███       | 62/200 [04:17<09:22,  4.08s/it]
 32%|███▏      | 63/200 [04:21<09:15,  4.05s/it]
 32%|███▏      | 64/200 [04:25<09:10,  4.05s/it]
 32%|███▎      | 65/200 [04:29<09:01,  4.01s/it]
 33%|███▎      | 66/200 [04:33<08:53,  3.98s/it]
 34%|███▎      | 67/200 [04:37<08:47,  3.97s/it]
 34%|███▍      | 68/200 [04:41<08:59,  4.09s/it]
 34%|███▍      | 69/200 [04:45<08:49,  4.04s/it]
 35%|███▌      | 70/200 [04:49<08:29,  3.92s/it]
 36%|███▌      | 71/200 [04:52<08:11,  3.81s/it]
 36%|███▌      | 72/200 [04:56<08:00,  3.75s/it]
 36%|███▋      | 73/200 [05:00<08:06,  3.83s/it]
 37%|███▋      | 74/200 [05:04<08:20,  3.97s/it]
 38%|███▊      | 75/200 [05:08<08:26,  4.05s/it]
 38%|███▊      | 76/200 [05:13<08:45,  4.23s/it]
 38%|███▊      | 77/200 [05:17<08:52,  4.33s/it]
 39%|███▉      | 78/200 [05:21<08:35,  4.23s/it]
 40%|███▉      | 79/200 [05:25<08:15,  4.10s/it]
 40%|████      | 80/200 [05:29<08:07,  4.06s/it]
 40%|████      | 81/200 [05:33<07:55,  4.00s/it]
 41%|████      | 82/200 [05:37<07:48,  3.97s/it]
 42%|████▏     | 83/200 [05:42<08:11,  4.20s/it]
 42%|████▏     | 84/200 [05:46<08:19,  4.31s/it]
 42%|████▎     | 85/200 [05:50<07:56,  4.14s/it]
 43%|████▎     | 86/200 [05:54<07:44,  4.07s/it]
 44%|████▎     | 87/200 [05:58<07:45,  4.12s/it]
 44%|████▍     | 88/200 [06:02<07:31,  4.03s/it]
 44%|████▍     | 89/200 [06:06<07:25,  4.01s/it]
 45%|████▌     | 90/200 [06:10<07:16,  3.97s/it]
 46%|████▌     | 91/200 [06:14<07:14,  3.99s/it]
 46%|████▌     | 92/200 [06:19<07:38,  4.24s/it]
 46%|████▋     | 93/200 [06:23<07:42,  4.32s/it]
 47%|████▋     | 94/200 [06:27<07:34,  4.29s/it]
 48%|████▊     | 95/200 [06:31<07:22,  4.21s/it]
 48%|████▊     | 96/200 [06:35<07:08,  4.12s/it]
 48%|████▊     | 97/200 [06:39<06:57,  4.06s/it]
 49%|████▉     | 98/200 [06:43<06:49,  4.01s/it]
 50%|████▉     | 99/200 [06:47<06:40,  3.97s/it]
 50%|█████     | 100/200 [06:51<06:40,  4.00s/it]
 50%|█████     | 101/200 [06:55<06:33,  3.98s/it]
 51%|█████     | 102/200 [06:59<06:36,  4.04s/it]
 52%|█████▏    | 103/200 [07:03<06:22,  3.94s/it]
 52%|█████▏    | 104/200 [07:07<06:15,  3.91s/it]
 52%|█████▎    | 105/200 [07:11<06:08,  3.88s/it]
 53%|█████▎    | 106/200 [07:14<06:04,  3.88s/it]
 54%|█████▎    | 107/200 [07:18<06:02,  3.89s/it]
 54%|█████▍    | 108/200 [07:22<05:59,  3.90s/it]
 55%|█████▍    | 109/200 [07:26<05:55,  3.91s/it]
 55%|█████▌    | 110/200 [07:31<06:14,  4.16s/it]
 56%|█████▌    | 111/200 [07:35<06:03,  4.09s/it]
 56%|█████▌    | 112/200 [07:39<06:04,  4.15s/it]
 56%|█████▋    | 113/200 [07:43<05:52,  4.05s/it]
 57%|█████▋    | 114/200 [07:47<05:39,  3.95s/it]
 57%|█████▊    | 115/200 [07:50<05:26,  3.84s/it]
 58%|█████▊    | 116/200 [07:54<05:25,  3.88s/it]
 58%|█████▊    | 117/200 [07:58<05:25,  3.92s/it]
 59%|█████▉    | 118/200 [08:02<05:22,  3.94s/it]
 60%|█████▉    | 119/200 [08:06<05:13,  3.87s/it]
 60%|██████    | 120/200 [08:10<05:12,  3.91s/it]
 60%|██████    | 121/200 [08:14<05:05,  3.87s/it]
 61%|██████    | 122/200 [08:18<05:00,  3.85s/it]
 62%|██████▏   | 123/200 [08:21<04:57,  3.86s/it]
 62%|██████▏   | 124/200 [08:26<05:03,  4.00s/it]
 62%|██████▎   | 125/200 [08:30<04:56,  3.95s/it]
 63%|██████▎   | 126/200 [08:33<04:50,  3.93s/it]
 64%|██████▎   | 127/200 [08:37<04:42,  3.87s/it]
 64%|██████▍   | 128/200 [08:42<04:49,  4.02s/it]
 64%|██████▍   | 129/200 [08:46<04:50,  4.09s/it]
 65%|██████▌   | 130/200 [08:50<04:58,  4.26s/it]
 66%|██████▌   | 131/200 [08:55<04:58,  4.33s/it]
 66%|██████▌   | 132/200 [08:59<04:56,  4.36s/it]
 66%|██████▋   | 133/200 [09:03<04:43,  4.23s/it]
 67%|██████▋   | 134/200 [09:08<04:54,  4.46s/it]
 68%|██████▊   | 135/200 [09:12<04:38,  4.28s/it]
 68%|██████▊   | 136/200 [09:16<04:28,  4.19s/it]
 68%|██████▊   | 137/200 [09:21<04:29,  4.28s/it]
 69%|██████▉   | 138/200 [09:25<04:27,  4.31s/it]
 70%|██████▉   | 139/200 [09:30<04:25,  4.36s/it]
 70%|███████   | 140/200 [09:34<04:24,  4.41s/it]
 70%|███████   | 141/200 [09:38<04:11,  4.27s/it]
 71%|███████   | 142/200 [09:42<04:03,  4.21s/it]
 72%|███████▏  | 143/200 [09:46<03:56,  4.14s/it]
 72%|███████▏  | 144/200 [09:50<03:47,  4.06s/it]
 72%|███████▎  | 145/200 [09:54<03:40,  4.01s/it]
 73%|███████▎  | 146/200 [09:58<03:36,  4.00s/it]
 74%|███████▎  | 147/200 [10:02<03:31,  3.98s/it]
 74%|███████▍  | 148/200 [10:06<03:25,  3.95s/it]
 74%|███████▍  | 149/200 [10:09<03:18,  3.89s/it]
 75%|███████▌  | 150/200 [10:13<03:15,  3.91s/it]
 76%|███████▌  | 151/200 [10:17<03:12,  3.92s/it]
 76%|███████▌  | 152/200 [10:21<03:08,  3.94s/it]
 76%|███████▋  | 153/200 [10:25<03:05,  3.95s/it]
 77%|███████▋  | 154/200 [10:29<03:00,  3.93s/it]
 78%|███████▊  | 155/200 [10:33<02:54,  3.88s/it]
 78%|███████▊  | 156/200 [10:37<02:58,  4.05s/it]
 78%|███████▊  | 157/200 [10:41<02:52,  4.01s/it]
 79%|███████▉  | 158/200 [10:45<02:46,  3.95s/it]
 80%|███████▉  | 159/200 [10:49<02:43,  3.98s/it]
 80%|████████  | 160/200 [10:53<02:38,  3.97s/it]
 80%|████████  | 161/200 [10:57<02:35,  3.98s/it]
 81%|████████  | 162/200 [11:01<02:35,  4.09s/it]
 82%|████████▏ | 163/200 [11:06<02:36,  4.22s/it]
 82%|████████▏ | 164/200 [11:10<02:31,  4.22s/it]
 82%|████████▎ | 165/200 [11:14<02:23,  4.10s/it]
 83%|████████▎ | 166/200 [11:18<02:17,  4.03s/it]
 84%|████████▎ | 167/200 [11:22<02:09,  3.93s/it]
 84%|████████▍ | 168/200 [11:25<02:05,  3.91s/it]
 84%|████████▍ | 169/200 [11:29<02:01,  3.92s/it]
 85%|████████▌ | 170/200 [11:33<01:59,  3.97s/it]
 86%|████████▌ | 171/200 [11:37<01:53,  3.93s/it]
 86%|████████▌ | 172/200 [11:42<01:55,  4.11s/it]
 86%|████████▋ | 173/200 [11:46<01:50,  4.08s/it]
 87%|████████▋ | 174/200 [11:50<01:44,  4.03s/it]
 88%|████████▊ | 175/200 [11:54<01:40,  4.02s/it]
 88%|████████▊ | 176/200 [11:58<01:36,  4.04s/it]
 88%|████████▊ | 177/200 [12:02<01:31,  3.98s/it]
 89%|████████▉ | 178/200 [12:05<01:26,  3.93s/it]
 90%|████████▉ | 179/200 [12:09<01:22,  3.93s/it]
 90%|█████████ | 180/200 [12:13<01:18,  3.94s/it]
 90%|█████████ | 181/200 [12:17<01:16,  4.00s/it]
 91%|█████████ | 182/200 [12:22<01:12,  4.03s/it]
 92%|█████████▏| 183/200 [12:25<01:07,  3.96s/it]
 92%|█████████▏| 184/200 [12:29<01:03,  3.95s/it]
 92%|█████████▎| 185/200 [12:33<00:59,  3.96s/it]
 93%|█████████▎| 186/200 [12:37<00:55,  3.95s/it]
 94%|█████████▎| 187/200 [12:41<00:49,  3.84s/it]
 94%|█████████▍| 188/200 [12:45<00:45,  3.83s/it]
 94%|█████████▍| 189/200 [12:48<00:42,  3.84s/it]
 95%|█████████▌| 190/200 [12:52<00:38,  3.89s/it]
 96%|█████████▌| 191/200 [12:56<00:35,  3.92s/it]
 96%|█████████▌| 192/200 [13:00<00:31,  3.88s/it]
 96%|█████████▋| 193/200 [13:04<00:27,  3.87s/it]
 97%|█████████▋| 194/200 [13:08<00:23,  3.85s/it]
 98%|█████████▊| 195/200 [13:12<00:19,  3.81s/it]
 98%|█████████▊| 196/200 [13:16<00:15,  3.84s/it]
 98%|█████████▊| 197/200 [13:19<00:11,  3.88s/it]
 99%|█████████▉| 198/200 [13:23<00:07,  3.91s/it]
100%|█████████▉| 199/200 [13:27<00:03,  3.86s/it]
100%|██████████| 200/200 [13:31<00:00,  3.78s/it]
                                                 
0
1
2
3
4
5
6
7
8
9
10
11
12
13
14
15
16
17
18
19
20
21
22
23
24
25
26
27
28
29
30
31
32
33
34
35
36
37
38
39
40
41
42
43
44
45
46
47
48
49
50
51
52
53
54
55
56
57
58
59
60
61
62
63
64
65
66
67
68
69
70
71
72
73
74
75
76
77
78
79
80
81
82
83
84
85
86
87
88
89
90
91
92
93
94
95
96
97
98
99
100
101
102
103
104
105
106
107
108
109
110
111
112
113
114
115
116
117
118
119
120
121
122
123
124
125
126
127
128
129
130
131
132
133
134
135
136
137
138
139
140
141
142
143
144
145
146
147
148
149
150
151
152
153
154
155
156
157
158
159
160
161
162
163
164
165
166
167
168
169
170
171
172
173
174
175
176
177
178
179
180
181
182
183
184
185
186
187
188
189
190
191
192
193
194
195
196
197
198
199
