 
Files to read: ['../pilot-cpjump1-data/profiles/2020_11_04_CPJUMP1/BR00116995/BR00116995_normalized_feature_select_negcon.csv.gz']
Files to read: ['../pilot-cpjump1-data/profiles/2020_11_04_CPJUMP1/BR00117024/BR00117024_normalized_feature_select_negcon.csv.gz']
Files to read: ['../pilot-cpjump1-data/profiles/2020_11_04_CPJUMP1/BR00117025/BR00117025_normalized_feature_select_negcon.csv.gz']
Files to read: ['../pilot-cpjump1-data/profiles/2020_11_04_CPJUMP1/BR00117026/BR00117026_normalized_feature_select_negcon.csv.gz']
Files to read: ['../pilot-cpjump1-data/profiles/2020_11_04_CPJUMP1/BR00116997/BR00116997_normalized_feature_select_negcon.csv.gz']
Files to read: ['../pilot-cpjump1-data/profiles/2020_11_04_CPJUMP1/BR00116998/BR00116998_normalized_feature_select_negcon.csv.gz']
Files to read: ['../pilot-cpjump1-data/profiles/2020_11_04_CPJUMP1/BR00116999/BR00116999_normalized_feature_select_negcon.csv.gz']
Files to read: ['../pilot-cpjump1-data/profiles/2020_11_04_CPJUMP1/BR00116996/BR00116996_normalized_feature_select_negcon.csv.gz']
Files to read: ['../pilot-cpjump1-data/profiles/2020_11_04_CPJUMP1/BR00117022/BR00117022_normalized_feature_select_negcon.csv.gz']
Files to read: ['../pilot-cpjump1-data/profiles/2020_11_04_CPJUMP1/BR00117023/BR00117023_normalized_feature_select_negcon.csv.gz']

  0%|          | 0/200 [00:00<?, ?it/s]
  0%|          | 1/200 [00:06<21:25,  6.46s/it]
  1%|          | 2/200 [00:11<19:18,  5.85s/it]
  2%|▏         | 3/200 [00:17<18:49,  5.73s/it]
  2%|▏         | 4/200 [00:22<18:18,  5.60s/it]
  2%|▎         | 5/200 [00:28<18:04,  5.56s/it]
  3%|▎         | 6/200 [00:33<17:41,  5.47s/it]
  4%|▎         | 7/200 [00:38<17:09,  5.33s/it]
  4%|▍         | 8/200 [00:43<16:31,  5.17s/it]
  4%|▍         | 9/200 [00:48<16:17,  5.12s/it]
  5%|▌         | 10/200 [00:53<15:58,  5.05s/it]
  6%|▌         | 11/200 [00:58<15:54,  5.05s/it]
  6%|▌         | 12/200 [01:03<15:42,  5.01s/it]
  6%|▋         | 13/200 [01:08<15:43,  5.04s/it]
  7%|▋         | 14/200 [01:13<15:41,  5.06s/it]
  8%|▊         | 15/200 [01:18<15:38,  5.07s/it]
  8%|▊         | 16/200 [01:23<15:19,  5.00s/it]
  8%|▊         | 17/200 [01:28<14:55,  4.89s/it]
  9%|▉         | 18/200 [01:32<14:44,  4.86s/it]
 10%|▉         | 19/200 [01:38<14:51,  4.93s/it]
 10%|█         | 20/200 [01:43<15:00,  5.00s/it]
 10%|█         | 21/200 [01:48<15:08,  5.08s/it]
 11%|█         | 22/200 [01:53<14:40,  4.95s/it]
 12%|█▏        | 23/200 [01:58<14:45,  5.00s/it]
 12%|█▏        | 24/200 [02:03<14:51,  5.07s/it]
 12%|█▎        | 25/200 [02:08<14:42,  5.04s/it]
 13%|█▎        | 26/200 [02:13<14:26,  4.98s/it]
 14%|█▎        | 27/200 [02:18<14:06,  4.89s/it]
 14%|█▍        | 28/200 [02:22<13:46,  4.81s/it]
 14%|█▍        | 29/200 [02:27<14:07,  4.96s/it]
 15%|█▌        | 30/200 [02:33<14:13,  5.02s/it]
 16%|█▌        | 31/200 [02:37<13:57,  4.96s/it]
 16%|█▌        | 32/200 [02:42<13:34,  4.85s/it]
 16%|█▋        | 33/200 [02:47<13:24,  4.82s/it]
 17%|█▋        | 34/200 [02:52<13:43,  4.96s/it]
 18%|█▊        | 35/200 [02:57<13:51,  5.04s/it]
 18%|█▊        | 36/200 [03:03<14:04,  5.15s/it]
 18%|█▊        | 37/200 [03:08<14:30,  5.34s/it]
 19%|█▉        | 38/200 [03:14<14:19,  5.30s/it]
 20%|█▉        | 39/200 [03:19<14:06,  5.26s/it]
 20%|██        | 40/200 [03:24<14:08,  5.30s/it]
 20%|██        | 41/200 [03:29<13:49,  5.22s/it]
 21%|██        | 42/200 [03:34<13:39,  5.19s/it]
 22%|██▏       | 43/200 [03:39<13:30,  5.16s/it]
 22%|██▏       | 44/200 [03:45<13:22,  5.15s/it]
 22%|██▎       | 45/200 [03:50<13:15,  5.13s/it]
 23%|██▎       | 46/200 [03:55<13:07,  5.11s/it]
 24%|██▎       | 47/200 [04:00<12:55,  5.07s/it]
 24%|██▍       | 48/200 [04:06<13:36,  5.37s/it]
 24%|██▍       | 49/200 [04:11<13:36,  5.41s/it]
 25%|██▌       | 50/200 [04:16<13:22,  5.35s/it]
 26%|██▌       | 51/200 [04:21<12:59,  5.23s/it]
 26%|██▌       | 52/200 [04:27<12:50,  5.21s/it]
 26%|██▋       | 53/200 [04:32<12:37,  5.15s/it]
 27%|██▋       | 54/200 [04:37<12:28,  5.13s/it]
 28%|██▊       | 55/200 [04:42<12:11,  5.05s/it]
 28%|██▊       | 56/200 [04:46<12:01,  5.01s/it]
 28%|██▊       | 57/200 [04:51<11:52,  4.98s/it]
 29%|██▉       | 58/200 [04:56<11:40,  4.94s/it]
 30%|██▉       | 59/200 [05:01<11:39,  4.96s/it]
 30%|███       | 60/200 [05:06<11:43,  5.02s/it]
 30%|███       | 61/200 [05:11<11:35,  5.00s/it]
 31%|███       | 62/200 [05:17<11:55,  5.18s/it]
 32%|███▏      | 63/200 [05:23<12:16,  5.37s/it]
 32%|███▏      | 64/200 [05:28<12:06,  5.34s/it]
 32%|███▎      | 65/200 [05:33<11:38,  5.17s/it]
 33%|███▎      | 66/200 [05:38<11:19,  5.07s/it]
 34%|███▎      | 67/200 [05:42<10:53,  4.92s/it]
 34%|███▍      | 68/200 [05:47<10:52,  4.94s/it]
 34%|███▍      | 69/200 [05:52<10:51,  4.97s/it]
 35%|███▌      | 70/200 [05:57<10:51,  5.01s/it]
 36%|███▌      | 71/200 [06:03<10:57,  5.10s/it]
 36%|███▌      | 72/200 [06:08<10:54,  5.12s/it]
 36%|███▋      | 73/200 [06:13<10:52,  5.14s/it]
 37%|███▋      | 74/200 [06:18<10:48,  5.15s/it]
 38%|███▊      | 75/200 [06:23<10:45,  5.17s/it]
 38%|███▊      | 76/200 [06:29<10:45,  5.21s/it]
 38%|███▊      | 77/200 [06:34<10:29,  5.12s/it]
 39%|███▉      | 78/200 [06:39<10:35,  5.21s/it]
 40%|███▉      | 79/200 [06:44<10:29,  5.20s/it]
 40%|████      | 80/200 [06:49<10:19,  5.16s/it]
 40%|████      | 81/200 [06:54<09:57,  5.02s/it]
 41%|████      | 82/200 [06:59<09:47,  4.98s/it]
 42%|████▏     | 83/200 [07:05<10:12,  5.23s/it]
 42%|████▏     | 84/200 [07:11<10:30,  5.43s/it]
 42%|████▎     | 85/200 [07:16<10:08,  5.29s/it]
 43%|████▎     | 86/200 [07:21<10:00,  5.27s/it]
 44%|████▎     | 87/200 [07:26<09:49,  5.22s/it]
 44%|████▍     | 88/200 [07:31<09:43,  5.21s/it]
 44%|████▍     | 89/200 [07:36<09:33,  5.17s/it]
 45%|████▌     | 90/200 [07:42<09:39,  5.27s/it]
 46%|████▌     | 91/200 [07:47<09:37,  5.29s/it]
 46%|████▌     | 92/200 [07:53<09:42,  5.39s/it]
 46%|████▋     | 93/200 [07:58<09:51,  5.53s/it]
 47%|████▋     | 94/200 [08:04<09:47,  5.55s/it]
 48%|████▊     | 95/200 [08:09<09:16,  5.30s/it]
 48%|████▊     | 96/200 [08:14<08:55,  5.15s/it]
 48%|████▊     | 97/200 [08:18<08:35,  5.00s/it]
 49%|████▉     | 98/200 [08:23<08:19,  4.90s/it]
 50%|████▉     | 99/200 [08:27<08:06,  4.82s/it]
 50%|█████     | 100/200 [08:32<07:59,  4.79s/it]
 50%|█████     | 101/200 [08:37<07:54,  4.79s/it]
 51%|█████     | 102/200 [08:42<07:50,  4.80s/it]
 52%|█████▏    | 103/200 [08:46<07:37,  4.72s/it]
 52%|█████▏    | 104/200 [08:51<07:41,  4.81s/it]
 52%|█████▎    | 105/200 [08:56<07:35,  4.80s/it]
 53%|█████▎    | 106/200 [09:01<07:26,  4.75s/it]
 54%|█████▎    | 107/200 [09:06<07:21,  4.75s/it]
 54%|█████▍    | 108/200 [09:10<07:14,  4.72s/it]
 55%|█████▍    | 109/200 [09:15<07:10,  4.73s/it]
 55%|█████▌    | 110/200 [09:20<07:22,  4.91s/it]
 56%|█████▌    | 111/200 [09:25<07:16,  4.91s/it]
 56%|█████▌    | 112/200 [09:30<07:14,  4.94s/it]
 56%|█████▋    | 113/200 [09:35<07:07,  4.92s/it]
 57%|█████▋    | 114/200 [09:40<07:01,  4.90s/it]
 57%|█████▊    | 115/200 [09:45<06:52,  4.86s/it]
 58%|█████▊    | 116/200 [09:49<06:43,  4.80s/it]
 58%|█████▊    | 117/200 [09:54<06:32,  4.73s/it]
 59%|█████▉    | 118/200 [09:59<06:38,  4.86s/it]
 60%|█████▉    | 119/200 [10:04<06:42,  4.97s/it]
 60%|██████    | 120/200 [10:09<06:41,  5.02s/it]
 60%|██████    | 121/200 [10:14<06:30,  4.94s/it]
 61%|██████    | 122/200 [10:19<06:21,  4.89s/it]
 62%|██████▏   | 123/200 [10:24<06:11,  4.82s/it]
 62%|██████▏   | 124/200 [10:28<06:05,  4.81s/it]
 62%|██████▎   | 125/200 [10:34<06:19,  5.06s/it]
 63%|██████▎   | 126/200 [10:39<06:18,  5.11s/it]
 64%|██████▎   | 127/200 [10:44<06:14,  5.13s/it]
 64%|██████▍   | 128/200 [10:49<06:04,  5.07s/it]
 64%|██████▍   | 129/200 [10:55<06:02,  5.10s/it]
 65%|██████▌   | 130/200 [10:59<05:51,  5.02s/it]
 66%|██████▌   | 131/200 [11:04<05:46,  5.02s/it]
 66%|██████▌   | 132/200 [11:09<05:36,  4.95s/it]
 66%|██████▋   | 133/200 [11:14<05:25,  4.85s/it]
 67%|██████▋   | 134/200 [11:18<05:16,  4.80s/it]
 68%|██████▊   | 135/200 [11:23<05:13,  4.82s/it]
 68%|██████▊   | 136/200 [11:28<05:06,  4.79s/it]
 68%|██████▊   | 137/200 [11:33<05:03,  4.82s/it]
 69%|██████▉   | 138/200 [11:37<04:53,  4.74s/it]
 70%|██████▉   | 139/200 [11:43<04:55,  4.84s/it]
 70%|███████   | 140/200 [11:47<04:50,  4.85s/it]
 70%|███████   | 141/200 [11:52<04:47,  4.87s/it]
 71%|███████   | 142/200 [11:57<04:39,  4.82s/it]
 72%|███████▏  | 143/200 [12:02<04:34,  4.82s/it]
 72%|███████▏  | 144/200 [12:06<04:26,  4.75s/it]
 72%|███████▎  | 145/200 [12:12<04:29,  4.90s/it]
 73%|███████▎  | 146/200 [12:16<04:19,  4.81s/it]
 74%|███████▎  | 147/200 [12:21<04:16,  4.83s/it]
 74%|███████▍  | 148/200 [12:26<04:08,  4.77s/it]
 74%|███████▍  | 149/200 [12:31<04:04,  4.79s/it]
 75%|███████▌  | 150/200 [12:35<03:58,  4.78s/it]
 76%|███████▌  | 151/200 [12:40<03:56,  4.83s/it]
 76%|███████▌  | 152/200 [12:45<03:53,  4.86s/it]
 76%|███████▋  | 153/200 [12:51<04:01,  5.14s/it]
 77%|███████▋  | 154/200 [12:57<04:06,  5.36s/it]
 78%|███████▊  | 155/200 [13:02<04:00,  5.34s/it]
 78%|███████▊  | 156/200 [13:07<03:48,  5.20s/it]
 78%|███████▊  | 157/200 [13:12<03:37,  5.06s/it]
 79%|███████▉  | 158/200 [13:17<03:29,  4.99s/it]
 80%|███████▉  | 159/200 [13:22<03:24,  4.99s/it]
 80%|████████  | 160/200 [13:26<03:15,  4.88s/it]
 80%|████████  | 161/200 [13:31<03:04,  4.72s/it]
 81%|████████  | 162/200 [13:35<02:56,  4.63s/it]
 82%|████████▏ | 163/200 [13:41<03:04,  4.99s/it]
 82%|████████▏ | 164/200 [13:46<02:57,  4.94s/it]
 82%|████████▎ | 165/200 [13:51<02:53,  4.96s/it]
 83%|████████▎ | 166/200 [13:56<02:48,  4.95s/it]
 84%|████████▎ | 167/200 [14:00<02:41,  4.88s/it]
 84%|████████▍ | 168/200 [14:05<02:36,  4.89s/it]
 84%|████████▍ | 169/200 [14:10<02:30,  4.85s/it]
 85%|████████▌ | 170/200 [14:15<02:28,  4.96s/it]
 86%|████████▌ | 171/200 [14:20<02:21,  4.89s/it]
 86%|████████▌ | 172/200 [14:25<02:16,  4.86s/it]
 86%|████████▋ | 173/200 [14:30<02:12,  4.91s/it]
 87%|████████▋ | 174/200 [14:35<02:09,  4.98s/it]
 88%|████████▊ | 175/200 [14:40<02:04,  4.98s/it]
 88%|████████▊ | 176/200 [14:45<02:01,  5.06s/it]
 88%|████████▊ | 177/200 [14:51<02:00,  5.22s/it]
 89%|████████▉ | 178/200 [14:56<01:53,  5.14s/it]
 90%|████████▉ | 179/200 [15:01<01:45,  5.04s/it]
 90%|█████████ | 180/200 [15:06<01:40,  5.03s/it]
 90%|█████████ | 181/200 [15:11<01:35,  5.02s/it]
 91%|█████████ | 182/200 [15:16<01:33,  5.21s/it]
 92%|█████████▏| 183/200 [15:22<01:30,  5.34s/it]
 92%|█████████▏| 184/200 [15:28<01:27,  5.45s/it]
 92%|█████████▎| 185/200 [15:33<01:21,  5.42s/it]
 93%|█████████▎| 186/200 [15:38<01:13,  5.28s/it]
 94%|█████████▎| 187/200 [15:43<01:06,  5.13s/it]
 94%|█████████▍| 188/200 [15:48<01:01,  5.09s/it]
 94%|█████████▍| 189/200 [15:52<00:55,  5.02s/it]
 95%|█████████▌| 190/200 [15:57<00:49,  4.97s/it]
 96%|█████████▌| 191/200 [16:03<00:45,  5.06s/it]
 96%|█████████▌| 192/200 [16:08<00:41,  5.24s/it]
 96%|█████████▋| 193/200 [16:13<00:36,  5.17s/it]
 97%|█████████▋| 194/200 [16:18<00:30,  5.16s/it]
 98%|█████████▊| 195/200 [16:23<00:25,  5.07s/it]
 98%|█████████▊| 196/200 [16:28<00:19,  5.00s/it]
 98%|█████████▊| 197/200 [16:33<00:14,  4.96s/it]
 99%|█████████▉| 198/200 [16:38<00:09,  4.88s/it]
100%|█████████▉| 199/200 [16:42<00:04,  4.79s/it]
100%|██████████| 200/200 [16:47<00:00,  4.71s/it]
                                                 
0
1
2
3
4
5
6
7
8
9
10
11
12
13
14
15
16
17
18
19
20
21
22
23
24
25
26
27
28
29
30
31
32
33
34
35
36
37
38
39
40
41
42
43
44
45
46
47
48
49
50
51
52
53
54
55
56
57
58
59
60
61
62
63
64
65
66
67
68
69
70
71
72
73
74
75
76
77
78
79
80
81
82
83
84
85
86
87
88
89
90
91
92
93
94
95
96
97
98
99
100
101
102
103
104
105
106
107
108
109
110
111
112
113
114
115
116
117
118
119
120
121
122
123
124
125
126
127
128
129
130
131
132
133
134
135
136
137
138
139
140
141
142
143
144
145
146
147
148
149
150
151
152
153
154
155
156
157
158
159
160
161
162
163
164
165
166
167
168
169
170
171
172
173
174
175
176
177
178
179
180
181
182
183
184
185
186
187
188
189
190
191
192
193
194
195
196
197
198
199
