 
Files to read: ['../pilot-cpjump1-data/profiles/2020_11_04_CPJUMP1/BR00116995/BR00116995_normalized_feature_select_negcon.csv.gz']
Files to read: ['../pilot-cpjump1-data/profiles/2020_11_04_CPJUMP1/BR00117024/BR00117024_normalized_feature_select_negcon.csv.gz']
Files to read: ['../pilot-cpjump1-data/profiles/2020_11_04_CPJUMP1/BR00117025/BR00117025_normalized_feature_select_negcon.csv.gz']
Files to read: ['../pilot-cpjump1-data/profiles/2020_11_04_CPJUMP1/BR00117026/BR00117026_normalized_feature_select_negcon.csv.gz']
Files to read: ['../pilot-cpjump1-data/profiles/2020_11_04_CPJUMP1/BR00116997/BR00116997_normalized_feature_select_negcon.csv.gz']
Files to read: ['../pilot-cpjump1-data/profiles/2020_11_04_CPJUMP1/BR00116998/BR00116998_normalized_feature_select_negcon.csv.gz']
Files to read: ['../pilot-cpjump1-data/profiles/2020_11_04_CPJUMP1/BR00116999/BR00116999_normalized_feature_select_negcon.csv.gz']
Files to read: ['../pilot-cpjump1-data/profiles/2020_11_04_CPJUMP1/BR00116996/BR00116996_normalized_feature_select_negcon.csv.gz']
Files to read: ['../pilot-cpjump1-data/profiles/2020_11_04_CPJUMP1/BR00117022/BR00117022_normalized_feature_select_negcon.csv.gz']
Files to read: ['../pilot-cpjump1-data/profiles/2020_11_04_CPJUMP1/BR00117023/BR00117023_normalized_feature_select_negcon.csv.gz']

  0%|          | 0/200 [00:00<?, ?it/s]
  0%|          | 1/200 [00:08<29:27,  8.88s/it]
  1%|          | 2/200 [00:14<22:13,  6.73s/it]
  2%|▏         | 3/200 [00:19<19:33,  5.96s/it]
  2%|▏         | 4/200 [00:24<18:38,  5.71s/it]
  2%|▎         | 5/200 [00:29<17:47,  5.47s/it]
  3%|▎         | 6/200 [00:35<18:02,  5.58s/it]
  4%|▎         | 7/200 [00:40<17:11,  5.34s/it]
  4%|▍         | 8/200 [00:45<16:36,  5.19s/it]
  4%|▍         | 9/200 [00:49<16:10,  5.08s/it]
  5%|▌         | 10/200 [00:55<16:58,  5.36s/it]
  6%|▌         | 11/200 [01:01<16:41,  5.30s/it]
  6%|▌         | 12/200 [01:05<16:15,  5.19s/it]
  6%|▋         | 13/200 [01:10<15:53,  5.10s/it]
  7%|▋         | 14/200 [01:16<16:09,  5.21s/it]
  8%|▊         | 15/200 [01:21<15:51,  5.14s/it]
  8%|▊         | 16/200 [01:26<15:30,  5.06s/it]
  8%|▊         | 17/200 [01:31<15:51,  5.20s/it]
  9%|▉         | 18/200 [01:36<15:43,  5.18s/it]
 10%|▉         | 19/200 [01:41<15:36,  5.17s/it]
 10%|█         | 20/200 [01:47<15:28,  5.16s/it]
 10%|█         | 21/200 [01:51<15:08,  5.07s/it]
 11%|█         | 22/200 [01:56<14:53,  5.02s/it]
 12%|█▏        | 23/200 [02:01<14:40,  4.97s/it]
 12%|█▏        | 24/200 [02:06<14:34,  4.97s/it]
 12%|█▎        | 25/200 [02:11<14:34,  5.00s/it]
 13%|█▎        | 26/200 [02:16<14:26,  4.98s/it]
 14%|█▎        | 27/200 [02:21<14:14,  4.94s/it]
 14%|█▍        | 28/200 [02:26<14:16,  4.98s/it]
 14%|█▍        | 29/200 [02:31<14:18,  5.02s/it]
 15%|█▌        | 30/200 [02:36<14:17,  5.04s/it]
 16%|█▌        | 31/200 [02:41<14:01,  4.98s/it]
 16%|█▌        | 32/200 [02:46<13:57,  4.98s/it]
 16%|█▋        | 33/200 [02:51<13:52,  4.98s/it]
 17%|█▋        | 34/200 [02:56<13:31,  4.89s/it]
 18%|█▊        | 35/200 [03:01<13:31,  4.92s/it]
 18%|█▊        | 36/200 [03:06<13:44,  5.03s/it]
 18%|█▊        | 37/200 [03:12<14:08,  5.21s/it]
 19%|█▉        | 38/200 [03:17<14:29,  5.37s/it]
 20%|█▉        | 39/200 [03:22<14:00,  5.22s/it]
 20%|██        | 40/200 [03:28<13:53,  5.21s/it]
 20%|██        | 41/200 [03:33<13:37,  5.14s/it]
 21%|██        | 42/200 [03:37<13:18,  5.05s/it]
 22%|██▏       | 43/200 [03:43<13:23,  5.12s/it]
 22%|██▏       | 44/200 [03:48<13:24,  5.16s/it]
 22%|██▎       | 45/200 [03:53<13:18,  5.15s/it]
 23%|██▎       | 46/200 [03:58<13:06,  5.11s/it]
 24%|██▎       | 47/200 [04:03<13:11,  5.17s/it]
 24%|██▍       | 48/200 [04:08<12:54,  5.10s/it]
 24%|██▍       | 49/200 [04:13<12:34,  5.00s/it]
 25%|██▌       | 50/200 [04:18<12:28,  4.99s/it]
 26%|██▌       | 51/200 [04:23<12:32,  5.05s/it]
 26%|██▌       | 52/200 [04:29<12:44,  5.17s/it]
 26%|██▋       | 53/200 [04:33<12:16,  5.01s/it]
 27%|██▋       | 54/200 [04:38<12:05,  4.97s/it]
 28%|██▊       | 55/200 [04:43<12:11,  5.04s/it]
 28%|██▊       | 56/200 [04:48<11:59,  4.99s/it]
 28%|██▊       | 57/200 [04:53<11:56,  5.01s/it]
 29%|██▉       | 58/200 [04:58<11:52,  5.02s/it]
 30%|██▉       | 59/200 [05:03<11:46,  5.01s/it]
 30%|███       | 60/200 [05:08<11:30,  4.94s/it]
 30%|███       | 61/200 [05:13<11:21,  4.91s/it]
 31%|███       | 62/200 [05:18<11:08,  4.84s/it]
 32%|███▏      | 63/200 [05:23<11:08,  4.88s/it]
 32%|███▏      | 64/200 [05:28<11:35,  5.11s/it]
 32%|███▎      | 65/200 [05:33<11:33,  5.14s/it]
 33%|███▎      | 66/200 [05:38<11:23,  5.10s/it]
 34%|███▎      | 67/200 [05:43<11:13,  5.07s/it]
 34%|███▍      | 68/200 [05:49<11:14,  5.11s/it]
 34%|███▍      | 69/200 [05:54<11:35,  5.31s/it]
 35%|███▌      | 70/200 [06:00<11:46,  5.44s/it]
 36%|███▌      | 71/200 [06:05<11:27,  5.33s/it]
 36%|███▌      | 72/200 [06:10<11:01,  5.17s/it]
 36%|███▋      | 73/200 [06:15<10:45,  5.08s/it]
 37%|███▋      | 74/200 [06:20<10:29,  4.99s/it]
 38%|███▊      | 75/200 [06:25<10:27,  5.02s/it]
 38%|███▊      | 76/200 [06:30<10:32,  5.10s/it]
 38%|███▊      | 77/200 [06:35<10:30,  5.12s/it]
 39%|███▉      | 78/200 [06:40<10:28,  5.15s/it]
 40%|███▉      | 79/200 [06:45<10:13,  5.07s/it]
 40%|████      | 80/200 [06:50<10:01,  5.01s/it]
 40%|████      | 81/200 [06:55<10:00,  5.04s/it]
 41%|████      | 82/200 [07:00<09:46,  4.97s/it]
 42%|████▏     | 83/200 [07:05<09:40,  4.96s/it]
 42%|████▏     | 84/200 [07:10<09:44,  5.04s/it]
 42%|████▎     | 85/200 [07:15<09:36,  5.01s/it]
 43%|████▎     | 86/200 [07:20<09:40,  5.09s/it]
 44%|████▎     | 87/200 [07:26<09:34,  5.08s/it]
 44%|████▍     | 88/200 [07:30<09:18,  4.99s/it]
 44%|████▍     | 89/200 [07:35<09:19,  5.04s/it]
 45%|████▌     | 90/200 [07:41<09:28,  5.17s/it]
 46%|████▌     | 91/200 [07:46<09:18,  5.12s/it]
 46%|████▌     | 92/200 [07:51<09:03,  5.03s/it]
 46%|████▋     | 93/200 [07:56<08:57,  5.02s/it]
 47%|████▋     | 94/200 [08:02<09:19,  5.28s/it]
 48%|████▊     | 95/200 [08:07<09:11,  5.25s/it]
 48%|████▊     | 96/200 [08:12<09:03,  5.22s/it]
 48%|████▊     | 97/200 [08:17<08:49,  5.14s/it]
 49%|████▉     | 98/200 [08:22<08:38,  5.08s/it]
 50%|████▉     | 99/200 [08:27<08:40,  5.15s/it]
 50%|█████     | 100/200 [08:33<08:59,  5.40s/it]
 50%|█████     | 101/200 [08:38<08:42,  5.28s/it]
 51%|█████     | 102/200 [08:43<08:34,  5.25s/it]
 52%|█████▏    | 103/200 [08:48<08:15,  5.11s/it]
 52%|█████▏    | 104/200 [08:53<08:04,  5.04s/it]
 52%|█████▎    | 105/200 [08:59<08:19,  5.26s/it]
 53%|█████▎    | 106/200 [09:04<08:07,  5.19s/it]
 54%|█████▎    | 107/200 [09:09<08:09,  5.26s/it]
 54%|█████▍    | 108/200 [09:14<07:51,  5.12s/it]
 55%|█████▍    | 109/200 [09:19<07:39,  5.05s/it]
 55%|█████▌    | 110/200 [09:24<07:37,  5.08s/it]
 56%|█████▌    | 111/200 [09:29<07:34,  5.11s/it]
 56%|█████▌    | 112/200 [09:34<07:24,  5.05s/it]
 56%|█████▋    | 113/200 [09:39<07:19,  5.05s/it]
 57%|█████▋    | 114/200 [09:44<07:13,  5.04s/it]
 57%|█████▊    | 115/200 [09:50<07:15,  5.13s/it]
 58%|█████▊    | 116/200 [09:54<07:04,  5.05s/it]
 58%|█████▊    | 117/200 [09:59<06:58,  5.04s/it]
 59%|█████▉    | 118/200 [10:04<06:51,  5.02s/it]
 60%|█████▉    | 119/200 [10:10<06:49,  5.05s/it]
 60%|██████    | 120/200 [10:15<06:44,  5.05s/it]
 60%|██████    | 121/200 [10:20<06:36,  5.02s/it]
 61%|██████    | 122/200 [10:25<06:30,  5.01s/it]
 62%|██████▏   | 123/200 [10:29<06:19,  4.93s/it]
 62%|██████▏   | 124/200 [10:36<06:46,  5.34s/it]
 62%|██████▎   | 125/200 [10:41<06:48,  5.44s/it]
 63%|██████▎   | 126/200 [10:47<06:44,  5.46s/it]
 64%|██████▎   | 127/200 [10:52<06:37,  5.45s/it]
 64%|██████▍   | 128/200 [10:57<06:17,  5.25s/it]
 64%|██████▍   | 129/200 [11:02<06:05,  5.15s/it]
 65%|██████▌   | 130/200 [11:07<05:56,  5.09s/it]
 66%|██████▌   | 131/200 [11:12<05:51,  5.10s/it]
 66%|██████▌   | 132/200 [11:17<05:48,  5.13s/it]
 66%|██████▋   | 133/200 [11:22<05:41,  5.09s/it]
 67%|██████▋   | 134/200 [11:27<05:34,  5.06s/it]
 68%|██████▊   | 135/200 [11:32<05:33,  5.13s/it]
 68%|██████▊   | 136/200 [11:39<05:47,  5.43s/it]
 68%|██████▊   | 137/200 [11:44<05:45,  5.48s/it]
 69%|██████▉   | 138/200 [11:49<05:30,  5.33s/it]
 70%|██████▉   | 139/200 [11:54<05:17,  5.21s/it]
 70%|███████   | 140/200 [11:59<05:07,  5.13s/it]
 70%|███████   | 141/200 [12:04<04:57,  5.04s/it]
 71%|███████   | 142/200 [12:09<04:49,  5.00s/it]
 72%|███████▏  | 143/200 [12:13<04:37,  4.87s/it]
 72%|███████▏  | 144/200 [12:18<04:35,  4.91s/it]
 72%|███████▎  | 145/200 [12:23<04:27,  4.87s/it]
 73%|███████▎  | 146/200 [12:28<04:30,  5.01s/it]
 74%|███████▎  | 147/200 [12:33<04:25,  5.02s/it]
 74%|███████▍  | 148/200 [12:38<04:20,  5.02s/it]
 74%|███████▍  | 149/200 [12:43<04:13,  4.98s/it]
 75%|███████▌  | 150/200 [12:49<04:12,  5.05s/it]
 76%|███████▌  | 151/200 [12:53<04:04,  5.00s/it]
 76%|███████▌  | 152/200 [12:58<03:58,  4.97s/it]
 76%|███████▋  | 153/200 [13:03<03:51,  4.93s/it]
 77%|███████▋  | 154/200 [13:08<03:45,  4.89s/it]
 78%|███████▊  | 155/200 [13:13<03:44,  5.00s/it]
 78%|███████▊  | 156/200 [13:18<03:39,  4.99s/it]
 78%|███████▊  | 157/200 [13:24<03:40,  5.14s/it]
 79%|███████▉  | 158/200 [13:29<03:38,  5.21s/it]
 80%|███████▉  | 159/200 [13:34<03:28,  5.10s/it]
 80%|████████  | 160/200 [13:40<03:31,  5.29s/it]
 80%|████████  | 161/200 [13:45<03:26,  5.29s/it]
 81%|████████  | 162/200 [13:50<03:12,  5.07s/it]
 82%|████████▏ | 163/200 [13:54<03:02,  4.94s/it]
 82%|████████▏ | 164/200 [14:00<03:02,  5.07s/it]
 82%|████████▎ | 165/200 [14:05<02:58,  5.11s/it]
 83%|████████▎ | 166/200 [14:09<02:50,  5.00s/it]
 84%|████████▎ | 167/200 [14:15<02:54,  5.27s/it]
 84%|████████▍ | 168/200 [14:21<02:51,  5.37s/it]
 84%|████████▍ | 169/200 [14:27<02:51,  5.52s/it]
 85%|████████▌ | 170/200 [14:32<02:40,  5.34s/it]
 86%|████████▌ | 171/200 [14:37<02:31,  5.22s/it]
 86%|████████▌ | 172/200 [14:42<02:25,  5.19s/it]
 86%|████████▋ | 173/200 [14:47<02:17,  5.09s/it]
 87%|████████▋ | 174/200 [14:52<02:12,  5.08s/it]
 88%|████████▊ | 175/200 [14:57<02:06,  5.08s/it]
 88%|████████▊ | 176/200 [15:02<02:00,  5.03s/it]
 88%|████████▊ | 177/200 [15:07<01:55,  5.01s/it]
 89%|████████▉ | 178/200 [15:12<01:50,  5.03s/it]
 90%|████████▉ | 179/200 [15:17<01:47,  5.11s/it]
 90%|█████████ | 180/200 [15:23<01:45,  5.29s/it]
 90%|█████████ | 181/200 [15:28<01:39,  5.26s/it]
 91%|█████████ | 182/200 [15:33<01:33,  5.19s/it]
 92%|█████████▏| 183/200 [15:38<01:27,  5.14s/it]
 92%|█████████▏| 184/200 [15:43<01:22,  5.14s/it]
 92%|█████████▎| 185/200 [15:48<01:17,  5.17s/it]
 93%|█████████▎| 186/200 [15:54<01:12,  5.17s/it]
 94%|█████████▎| 187/200 [15:59<01:06,  5.10s/it]
 94%|█████████▍| 188/200 [16:03<01:00,  5.06s/it]
 94%|█████████▍| 189/200 [16:09<00:56,  5.17s/it]
 95%|█████████▌| 190/200 [16:14<00:51,  5.15s/it]
 96%|█████████▌| 191/200 [16:19<00:46,  5.12s/it]
 96%|█████████▌| 192/200 [16:24<00:40,  5.10s/it]
 96%|█████████▋| 193/200 [16:29<00:35,  5.13s/it]
 97%|█████████▋| 194/200 [16:34<00:30,  5.10s/it]
 98%|█████████▊| 195/200 [16:39<00:24,  4.94s/it]
 98%|█████████▊| 196/200 [16:44<00:19,  4.94s/it]
 98%|█████████▊| 197/200 [16:49<00:14,  4.98s/it]
 99%|█████████▉| 198/200 [16:55<00:10,  5.27s/it]
100%|█████████▉| 199/200 [17:00<00:05,  5.17s/it]
100%|██████████| 200/200 [17:05<00:00,  5.14s/it]
                                                 
0
1
2
3
4
5
6
7
8
9
10
11
12
13
14
15
16
17
18
19
20
21
22
23
24
25
26
27
28
29
30
31
32
33
34
35
36
37
38
39
40
41
42
43
44
45
46
47
48
49
50
51
52
53
54
55
56
57
58
59
60
61
62
63
64
65
66
67
68
69
70
71
72
73
74
75
76
77
78
79
80
81
82
83
84
85
86
87
88
89
90
91
92
93
94
95
96
97
98
99
100
101
102
103
104
105
106
107
108
109
110
111
112
113
114
115
116
117
118
119
120
121
122
123
124
125
126
127
128
129
130
131
132
133
134
135
136
137
138
139
140
141
142
143
144
145
146
147
148
149
150
151
152
153
154
155
156
157
158
159
160
161
162
163
164
165
166
167
168
169
170
171
172
173
174
175
176
177
178
179
180
181
182
183
184
185
186
187
188
189
190
191
192
193
194
195
196
197
198
199
