 
Files to read: ['../pilot-cpjump1-data/profiles/2020_11_04_CPJUMP1/BR00116995/BR00116995_normalized_feature_select_negcon.csv.gz']
Files to read: ['../pilot-cpjump1-data/profiles/2020_11_04_CPJUMP1/BR00117024/BR00117024_normalized_feature_select_negcon.csv.gz']
Files to read: ['../pilot-cpjump1-data/profiles/2020_11_04_CPJUMP1/BR00117025/BR00117025_normalized_feature_select_negcon.csv.gz']
Files to read: ['../pilot-cpjump1-data/profiles/2020_11_04_CPJUMP1/BR00117026/BR00117026_normalized_feature_select_negcon.csv.gz']
Files to read: ['../pilot-cpjump1-data/profiles/2020_11_04_CPJUMP1/BR00116997/BR00116997_normalized_feature_select_negcon.csv.gz']
Files to read: ['../pilot-cpjump1-data/profiles/2020_11_04_CPJUMP1/BR00116998/BR00116998_normalized_feature_select_negcon.csv.gz']
Files to read: ['../pilot-cpjump1-data/profiles/2020_11_04_CPJUMP1/BR00116999/BR00116999_normalized_feature_select_negcon.csv.gz']
Files to read: ['../pilot-cpjump1-data/profiles/2020_11_04_CPJUMP1/BR00116996/BR00116996_normalized_feature_select_negcon.csv.gz']
Files to read: ['../pilot-cpjump1-data/profiles/2020_11_04_CPJUMP1/BR00117022/BR00117022_normalized_feature_select_negcon.csv.gz']
Files to read: ['../pilot-cpjump1-data/profiles/2020_11_04_CPJUMP1/BR00117023/BR00117023_normalized_feature_select_negcon.csv.gz']

  0%|          | 0/200 [00:00<?, ?it/s]
  0%|          | 1/200 [00:08<28:47,  8.68s/it]
  1%|          | 2/200 [00:14<22:42,  6.88s/it]
  2%|▏         | 3/200 [00:19<19:44,  6.01s/it]
  2%|▏         | 4/200 [00:24<18:20,  5.61s/it]
  2%|▎         | 5/200 [00:29<17:32,  5.40s/it]
  3%|▎         | 6/200 [00:34<17:35,  5.44s/it]
  4%|▎         | 7/200 [00:39<17:06,  5.32s/it]
  4%|▍         | 8/200 [00:44<16:39,  5.21s/it]
  4%|▍         | 9/200 [00:50<16:32,  5.20s/it]
  5%|▌         | 10/200 [00:55<16:22,  5.17s/it]
  6%|▌         | 11/200 [01:00<16:00,  5.08s/it]
  6%|▌         | 12/200 [01:04<15:42,  5.01s/it]
  6%|▋         | 13/200 [01:09<15:28,  4.97s/it]
  7%|▋         | 14/200 [01:14<15:29,  5.00s/it]
  8%|▊         | 15/200 [01:19<15:23,  4.99s/it]
  8%|▊         | 16/200 [01:25<15:35,  5.08s/it]
  8%|▊         | 17/200 [01:30<15:24,  5.05s/it]
  9%|▉         | 18/200 [01:35<15:18,  5.05s/it]
 10%|▉         | 19/200 [01:39<15:03,  4.99s/it]
 10%|█         | 20/200 [01:44<14:41,  4.90s/it]
 10%|█         | 21/200 [01:50<15:10,  5.09s/it]
 11%|█         | 22/200 [01:55<14:52,  5.02s/it]
 12%|█▏        | 23/200 [01:59<14:44,  5.00s/it]
 12%|█▏        | 24/200 [02:05<14:43,  5.02s/it]
 12%|█▎        | 25/200 [02:10<14:54,  5.11s/it]
 13%|█▎        | 26/200 [02:15<14:44,  5.09s/it]
 14%|█▎        | 27/200 [02:21<15:09,  5.25s/it]
 14%|█▍        | 28/200 [02:26<15:14,  5.31s/it]
 14%|█▍        | 29/200 [02:31<15:15,  5.35s/it]
 15%|█▌        | 30/200 [02:37<15:09,  5.35s/it]
 16%|█▌        | 31/200 [02:43<15:24,  5.47s/it]
 16%|█▌        | 32/200 [02:49<15:48,  5.64s/it]
 16%|█▋        | 33/200 [02:54<15:33,  5.59s/it]
 17%|█▋        | 34/200 [02:59<15:09,  5.48s/it]
 18%|█▊        | 35/200 [03:04<14:45,  5.37s/it]
 18%|█▊        | 36/200 [03:10<14:47,  5.41s/it]
 18%|█▊        | 37/200 [03:16<14:58,  5.51s/it]
 19%|█▉        | 38/200 [03:21<14:33,  5.39s/it]
 20%|█▉        | 39/200 [03:26<14:02,  5.24s/it]
 20%|██        | 40/200 [03:31<13:49,  5.19s/it]
 20%|██        | 41/200 [03:36<13:30,  5.10s/it]
 21%|██        | 42/200 [03:40<13:16,  5.04s/it]
 22%|██▏       | 43/200 [03:45<12:57,  4.95s/it]
 22%|██▏       | 44/200 [03:50<12:54,  4.96s/it]
 22%|██▎       | 45/200 [03:55<12:52,  4.98s/it]
 23%|██▎       | 46/200 [04:01<13:19,  5.19s/it]
 24%|██▎       | 47/200 [04:06<13:13,  5.19s/it]
 24%|██▍       | 48/200 [04:11<13:08,  5.19s/it]
 24%|██▍       | 49/200 [04:16<12:57,  5.15s/it]
 25%|██▌       | 50/200 [04:22<12:52,  5.15s/it]
 26%|██▌       | 51/200 [04:26<12:37,  5.09s/it]
 26%|██▌       | 52/200 [04:32<12:32,  5.08s/it]
 26%|██▋       | 53/200 [04:37<12:38,  5.16s/it]
 27%|██▋       | 54/200 [04:42<12:22,  5.09s/it]
 28%|██▊       | 55/200 [04:47<12:15,  5.07s/it]
 28%|██▊       | 56/200 [04:52<12:04,  5.03s/it]
 28%|██▊       | 57/200 [04:57<12:02,  5.06s/it]
 29%|██▉       | 58/200 [05:02<12:03,  5.10s/it]
 30%|██▉       | 59/200 [05:07<11:46,  5.01s/it]
 30%|███       | 60/200 [05:13<12:08,  5.20s/it]
 30%|███       | 61/200 [05:18<12:10,  5.26s/it]
 31%|███       | 62/200 [05:24<12:28,  5.43s/it]
 32%|███▏      | 63/200 [05:29<12:08,  5.32s/it]
 32%|███▏      | 64/200 [05:34<12:18,  5.43s/it]
 32%|███▎      | 65/200 [05:40<11:58,  5.32s/it]
 33%|███▎      | 66/200 [05:45<11:58,  5.37s/it]
 34%|███▎      | 67/200 [05:51<12:24,  5.60s/it]
 34%|███▍      | 68/200 [05:57<12:20,  5.61s/it]
 34%|███▍      | 69/200 [06:02<11:52,  5.44s/it]
 35%|███▌      | 70/200 [06:07<11:40,  5.39s/it]
 36%|███▌      | 71/200 [06:12<11:20,  5.28s/it]
 36%|███▌      | 72/200 [06:17<11:11,  5.25s/it]
 36%|███▋      | 73/200 [06:22<10:53,  5.15s/it]
 37%|███▋      | 74/200 [06:27<10:39,  5.08s/it]
 38%|███▊      | 75/200 [06:32<10:35,  5.09s/it]
 38%|███▊      | 76/200 [06:38<10:36,  5.14s/it]
 38%|███▊      | 77/200 [06:43<10:30,  5.12s/it]
 39%|███▉      | 78/200 [06:48<10:18,  5.07s/it]
 40%|███▉      | 79/200 [06:53<10:14,  5.08s/it]
 40%|████      | 80/200 [06:58<10:05,  5.05s/it]
 40%|████      | 81/200 [07:03<09:57,  5.02s/it]
 41%|████      | 82/200 [07:08<09:57,  5.06s/it]
 42%|████▏     | 83/200 [07:13<10:00,  5.14s/it]
 42%|████▏     | 84/200 [07:18<09:48,  5.08s/it]
 42%|████▎     | 85/200 [07:23<09:32,  4.98s/it]
 43%|████▎     | 86/200 [07:28<09:44,  5.12s/it]
 44%|████▎     | 87/200 [07:34<09:59,  5.31s/it]
 44%|████▍     | 88/200 [07:39<09:48,  5.25s/it]
 44%|████▍     | 89/200 [07:44<09:32,  5.16s/it]
 45%|████▌     | 90/200 [07:49<09:31,  5.20s/it]
 46%|████▌     | 91/200 [07:54<09:19,  5.13s/it]
 46%|████▌     | 92/200 [07:59<09:07,  5.07s/it]
 46%|████▋     | 93/200 [08:04<09:02,  5.07s/it]
 47%|████▋     | 94/200 [08:09<08:56,  5.06s/it]
 48%|████▊     | 95/200 [08:14<08:49,  5.04s/it]
 48%|████▊     | 96/200 [08:19<08:43,  5.03s/it]
 48%|████▊     | 97/200 [08:25<08:54,  5.19s/it]
 49%|████▉     | 98/200 [08:31<09:13,  5.42s/it]
 50%|████▉     | 99/200 [08:36<09:01,  5.37s/it]
 50%|█████     | 100/200 [08:41<08:43,  5.23s/it]
 50%|█████     | 101/200 [08:46<08:29,  5.15s/it]
 51%|█████     | 102/200 [08:51<08:22,  5.13s/it]
 52%|█████▏    | 103/200 [08:56<08:15,  5.11s/it]
 52%|█████▏    | 104/200 [09:01<08:16,  5.17s/it]
 52%|█████▎    | 105/200 [09:06<08:08,  5.14s/it]
 53%|█████▎    | 106/200 [09:12<08:11,  5.23s/it]
 54%|█████▎    | 107/200 [09:17<08:00,  5.17s/it]
 54%|█████▍    | 108/200 [09:22<07:52,  5.13s/it]
 55%|█████▍    | 109/200 [09:27<07:43,  5.09s/it]
 55%|█████▌    | 110/200 [09:32<07:33,  5.04s/it]
 56%|█████▌    | 111/200 [09:37<07:36,  5.13s/it]
 56%|█████▌    | 112/200 [09:42<07:29,  5.11s/it]
 56%|█████▋    | 113/200 [09:47<07:17,  5.02s/it]
 57%|█████▋    | 114/200 [09:53<07:36,  5.30s/it]
 57%|█████▊    | 115/200 [09:58<07:28,  5.28s/it]
 58%|█████▊    | 116/200 [10:03<07:20,  5.24s/it]
 58%|█████▊    | 117/200 [10:08<07:06,  5.14s/it]
 59%|█████▉    | 118/200 [10:13<06:59,  5.12s/it]
 60%|█████▉    | 119/200 [10:19<06:55,  5.13s/it]
 60%|██████    | 120/200 [10:24<06:53,  5.17s/it]
 60%|██████    | 121/200 [10:29<06:50,  5.19s/it]
 61%|██████    | 122/200 [10:34<06:43,  5.17s/it]
 62%|██████▏   | 123/200 [10:39<06:27,  5.03s/it]
 62%|██████▏   | 124/200 [10:44<06:27,  5.10s/it]
 62%|██████▎   | 125/200 [10:49<06:25,  5.14s/it]
 63%|██████▎   | 126/200 [10:54<06:18,  5.11s/it]
 64%|██████▎   | 127/200 [11:00<06:14,  5.13s/it]
 64%|██████▍   | 128/200 [11:05<06:12,  5.17s/it]
 64%|██████▍   | 129/200 [11:11<06:20,  5.37s/it]
 65%|██████▌   | 130/200 [11:16<06:19,  5.42s/it]
 66%|██████▌   | 131/200 [11:22<06:10,  5.37s/it]
 66%|██████▌   | 132/200 [11:27<06:08,  5.42s/it]
 66%|██████▋   | 133/200 [11:32<06:03,  5.42s/it]
 67%|██████▋   | 134/200 [11:38<05:53,  5.35s/it]
 68%|██████▊   | 135/200 [11:43<05:50,  5.39s/it]
 68%|██████▊   | 136/200 [11:48<05:38,  5.29s/it]
 68%|██████▊   | 137/200 [11:53<05:32,  5.28s/it]
 69%|██████▉   | 138/200 [11:59<05:27,  5.27s/it]
 70%|██████▉   | 139/200 [12:04<05:15,  5.17s/it]
 70%|███████   | 140/200 [12:09<05:11,  5.20s/it]
 70%|███████   | 141/200 [12:14<05:05,  5.17s/it]
 71%|███████   | 142/200 [12:20<05:07,  5.30s/it]
 72%|███████▏  | 143/200 [12:25<05:04,  5.35s/it]
 72%|███████▏  | 144/200 [12:30<04:54,  5.25s/it]
 72%|███████▎  | 145/200 [12:35<04:44,  5.17s/it]
 73%|███████▎  | 146/200 [12:40<04:41,  5.22s/it]
 74%|███████▎  | 147/200 [12:45<04:33,  5.16s/it]
 74%|███████▍  | 148/200 [12:51<04:29,  5.18s/it]
 74%|███████▍  | 149/200 [12:56<04:18,  5.07s/it]
 75%|███████▌  | 150/200 [13:01<04:17,  5.14s/it]
 76%|███████▌  | 151/200 [13:06<04:10,  5.11s/it]
 76%|███████▌  | 152/200 [13:11<04:05,  5.11s/it]
 76%|███████▋  | 153/200 [13:16<04:01,  5.13s/it]
 77%|███████▋  | 154/200 [13:21<03:54,  5.11s/it]
 78%|███████▊  | 155/200 [13:26<03:49,  5.10s/it]
 78%|███████▊  | 156/200 [13:32<03:50,  5.25s/it]
 78%|███████▊  | 157/200 [13:37<03:39,  5.11s/it]
 79%|███████▉  | 158/200 [13:42<03:37,  5.17s/it]
 80%|███████▉  | 159/200 [13:48<03:38,  5.33s/it]
 80%|████████  | 160/200 [13:53<03:32,  5.30s/it]
 80%|████████  | 161/200 [13:57<03:17,  5.07s/it]
 81%|████████  | 162/200 [14:02<03:07,  4.94s/it]
 82%|████████▏ | 163/200 [14:07<03:05,  5.01s/it]
 82%|████████▏ | 164/200 [14:13<03:03,  5.09s/it]
 82%|████████▎ | 165/200 [14:18<03:06,  5.32s/it]
 83%|████████▎ | 166/200 [14:24<03:01,  5.33s/it]
 84%|████████▎ | 167/200 [14:29<02:53,  5.25s/it]
 84%|████████▍ | 168/200 [14:34<02:46,  5.22s/it]
 84%|████████▍ | 169/200 [14:39<02:38,  5.13s/it]
 85%|████████▌ | 170/200 [14:44<02:33,  5.12s/it]
 86%|████████▌ | 171/200 [14:49<02:29,  5.14s/it]
 86%|████████▌ | 172/200 [14:54<02:23,  5.13s/it]
 86%|████████▋ | 173/200 [15:00<02:21,  5.23s/it]
 87%|████████▋ | 174/200 [15:05<02:20,  5.39s/it]
 88%|████████▊ | 175/200 [15:10<02:11,  5.25s/it]
 88%|████████▊ | 176/200 [15:16<02:06,  5.25s/it]
 88%|████████▊ | 177/200 [15:21<01:58,  5.17s/it]
 89%|████████▉ | 178/200 [15:26<01:56,  5.29s/it]
 90%|████████▉ | 179/200 [15:32<01:54,  5.45s/it]
 90%|█████████ | 180/200 [15:37<01:45,  5.29s/it]
 90%|█████████ | 181/200 [15:42<01:38,  5.17s/it]
 91%|█████████ | 182/200 [15:47<01:32,  5.11s/it]
 92%|█████████▏| 183/200 [15:52<01:26,  5.11s/it]
 92%|█████████▏| 184/200 [15:57<01:21,  5.11s/it]
 92%|█████████▎| 185/200 [16:02<01:15,  5.06s/it]
 93%|█████████▎| 186/200 [16:07<01:10,  5.05s/it]
 94%|█████████▎| 187/200 [16:12<01:04,  4.99s/it]
 94%|█████████▍| 188/200 [16:17<01:00,  5.01s/it]
 94%|█████████▍| 189/200 [16:22<00:54,  4.99s/it]
 95%|█████████▌| 190/200 [16:27<00:49,  4.96s/it]
 96%|█████████▌| 191/200 [16:32<00:44,  4.99s/it]
 96%|█████████▌| 192/200 [16:37<00:40,  5.10s/it]
 96%|█████████▋| 193/200 [16:42<00:35,  5.03s/it]
 97%|█████████▋| 194/200 [16:47<00:30,  5.00s/it]
 98%|█████████▊| 195/200 [16:52<00:25,  5.07s/it]
 98%|█████████▊| 196/200 [16:58<00:21,  5.41s/it]
 98%|█████████▊| 197/200 [17:04<00:16,  5.36s/it]
 99%|█████████▉| 198/200 [17:09<00:10,  5.47s/it]
100%|█████████▉| 199/200 [17:14<00:05,  5.37s/it]
100%|██████████| 200/200 [17:20<00:00,  5.42s/it]
                                                 
0
1
2
3
4
5
6
7
8
9
10
11
12
13
14
15
16
17
18
19
20
21
22
23
24
25
26
27
28
29
30
31
32
33
34
35
36
37
38
39
40
41
42
43
44
45
46
47
48
49
50
51
52
53
54
55
56
57
58
59
60
61
62
63
64
65
66
67
68
69
70
71
72
73
74
75
76
77
78
79
80
81
82
83
84
85
86
87
88
89
90
91
92
93
94
95
96
97
98
99
100
101
102
103
104
105
106
107
108
109
110
111
112
113
114
115
116
117
118
119
120
121
122
123
124
125
126
127
128
129
130
131
132
133
134
135
136
137
138
139
140
141
142
143
144
145
146
147
148
149
150
151
152
153
154
155
156
157
158
159
160
161
162
163
164
165
166
167
168
169
170
171
172
173
174
175
176
177
178
179
180
181
182
183
184
185
186
187
188
189
190
191
192
193
194
195
196
197
198
199
