 
Files to read: ['../pilot-cpjump1-data/profiles/2020_11_04_CPJUMP1/BR00116995/BR00116995_normalized_feature_select_negcon.csv.gz']
Files to read: ['../pilot-cpjump1-data/profiles/2020_11_04_CPJUMP1/BR00117024/BR00117024_normalized_feature_select_negcon.csv.gz']
Files to read: ['../pilot-cpjump1-data/profiles/2020_11_04_CPJUMP1/BR00117025/BR00117025_normalized_feature_select_negcon.csv.gz']
Files to read: ['../pilot-cpjump1-data/profiles/2020_11_04_CPJUMP1/BR00117026/BR00117026_normalized_feature_select_negcon.csv.gz']
Files to read: ['../pilot-cpjump1-data/profiles/2020_11_04_CPJUMP1/BR00116997/BR00116997_normalized_feature_select_negcon.csv.gz']
Files to read: ['../pilot-cpjump1-data/profiles/2020_11_04_CPJUMP1/BR00116998/BR00116998_normalized_feature_select_negcon.csv.gz']
Files to read: ['../pilot-cpjump1-data/profiles/2020_11_04_CPJUMP1/BR00116999/BR00116999_normalized_feature_select_negcon.csv.gz']
Files to read: ['../pilot-cpjump1-data/profiles/2020_11_04_CPJUMP1/BR00116996/BR00116996_normalized_feature_select_negcon.csv.gz']
Files to read: ['../pilot-cpjump1-data/profiles/2020_11_04_CPJUMP1/BR00117022/BR00117022_normalized_feature_select_negcon.csv.gz']
Files to read: ['../pilot-cpjump1-data/profiles/2020_11_04_CPJUMP1/BR00117023/BR00117023_normalized_feature_select_negcon.csv.gz']

  0%|          | 0/200 [00:00<?, ?it/s]
  0%|          | 1/200 [00:08<26:34,  8.01s/it]
  1%|          | 2/200 [00:12<20:20,  6.17s/it]
  2%|▏         | 3/200 [00:17<18:12,  5.55s/it]
  2%|▏         | 4/200 [00:23<18:01,  5.52s/it]
  2%|▎         | 5/200 [00:28<17:26,  5.36s/it]
  3%|▎         | 6/200 [00:33<16:50,  5.21s/it]
  4%|▎         | 7/200 [00:38<16:41,  5.19s/it]
  4%|▍         | 8/200 [00:43<16:11,  5.06s/it]
  4%|▍         | 9/200 [00:48<16:30,  5.19s/it]
  5%|▌         | 10/200 [00:53<16:18,  5.15s/it]
  6%|▌         | 11/200 [00:58<16:00,  5.08s/it]
  6%|▌         | 12/200 [01:03<15:58,  5.10s/it]
  6%|▋         | 13/200 [01:08<15:36,  5.01s/it]
  7%|▋         | 14/200 [01:13<15:34,  5.02s/it]
  8%|▊         | 15/200 [01:19<15:52,  5.15s/it]
  8%|▊         | 16/200 [01:24<15:46,  5.14s/it]
  8%|▊         | 17/200 [01:29<15:49,  5.19s/it]
  9%|▉         | 18/200 [01:35<16:13,  5.35s/it]
 10%|▉         | 19/200 [01:40<16:06,  5.34s/it]
 10%|█         | 20/200 [01:45<15:53,  5.30s/it]
 10%|█         | 21/200 [01:50<15:27,  5.18s/it]
 11%|█         | 22/200 [01:55<15:10,  5.11s/it]
 12%|█▏        | 23/200 [02:00<14:45,  5.00s/it]
 12%|█▏        | 24/200 [02:05<14:36,  4.98s/it]
 12%|█▎        | 25/200 [02:10<14:30,  4.98s/it]
 13%|█▎        | 26/200 [02:14<14:15,  4.92s/it]
 14%|█▎        | 27/200 [02:19<14:01,  4.87s/it]
 14%|█▍        | 28/200 [02:25<14:23,  5.02s/it]
 14%|█▍        | 29/200 [02:29<14:11,  4.98s/it]
 15%|█▌        | 30/200 [02:34<13:54,  4.91s/it]
 16%|█▌        | 31/200 [02:39<13:47,  4.90s/it]
 16%|█▌        | 32/200 [02:44<13:32,  4.84s/it]
 16%|█▋        | 33/200 [02:49<13:26,  4.83s/it]
 17%|█▋        | 34/200 [02:55<14:22,  5.20s/it]
 18%|█▊        | 35/200 [03:00<14:38,  5.32s/it]
 18%|█▊        | 36/200 [03:05<14:22,  5.26s/it]
 18%|█▊        | 37/200 [03:10<13:57,  5.14s/it]
 19%|█▉        | 38/200 [03:15<13:51,  5.13s/it]
 20%|█▉        | 39/200 [03:20<13:45,  5.13s/it]
 20%|██        | 40/200 [03:26<13:38,  5.11s/it]
 20%|██        | 41/200 [03:31<13:35,  5.13s/it]
 21%|██        | 42/200 [03:35<13:09,  5.00s/it]
 22%|██▏       | 43/200 [03:40<12:59,  4.96s/it]
 22%|██▏       | 44/200 [03:46<13:17,  5.11s/it]
 22%|██▎       | 45/200 [03:51<13:14,  5.13s/it]
 23%|██▎       | 46/200 [03:56<13:16,  5.17s/it]
 24%|██▎       | 47/200 [04:01<13:06,  5.14s/it]
 24%|██▍       | 48/200 [04:07<13:45,  5.43s/it]
 24%|██▍       | 49/200 [04:13<13:35,  5.40s/it]
 25%|██▌       | 50/200 [04:18<13:32,  5.42s/it]
 26%|██▌       | 51/200 [04:23<13:17,  5.35s/it]
 26%|██▌       | 52/200 [04:30<14:00,  5.68s/it]
 26%|██▋       | 53/200 [04:35<13:45,  5.62s/it]
 27%|██▋       | 54/200 [04:40<13:16,  5.46s/it]
 28%|██▊       | 55/200 [04:46<13:05,  5.42s/it]
 28%|██▊       | 56/200 [04:51<12:46,  5.32s/it]
 28%|██▊       | 57/200 [04:56<12:30,  5.25s/it]
 29%|██▉       | 58/200 [05:01<12:18,  5.20s/it]
 30%|██▉       | 59/200 [05:06<12:06,  5.15s/it]
 30%|███       | 60/200 [05:11<11:57,  5.12s/it]
 30%|███       | 61/200 [05:16<11:44,  5.07s/it]
 31%|███       | 62/200 [05:21<11:27,  4.98s/it]
 32%|███▏      | 63/200 [05:27<11:55,  5.22s/it]
 32%|███▏      | 64/200 [05:32<11:56,  5.27s/it]
 32%|███▎      | 65/200 [05:37<12:00,  5.34s/it]
 33%|███▎      | 66/200 [05:43<11:48,  5.29s/it]
 34%|███▎      | 67/200 [05:47<11:27,  5.17s/it]
 34%|███▍      | 68/200 [05:52<11:10,  5.08s/it]
 34%|███▍      | 69/200 [05:58<11:11,  5.12s/it]
 35%|███▌      | 70/200 [06:03<11:33,  5.33s/it]
 36%|███▌      | 71/200 [06:09<11:21,  5.28s/it]
 36%|███▌      | 72/200 [06:14<11:18,  5.30s/it]
 36%|███▋      | 73/200 [06:19<11:01,  5.21s/it]
 37%|███▋      | 74/200 [06:24<10:52,  5.18s/it]
 38%|███▊      | 75/200 [06:29<10:58,  5.27s/it]
 38%|███▊      | 76/200 [06:35<10:57,  5.30s/it]
 38%|███▊      | 77/200 [06:41<11:13,  5.47s/it]
 39%|███▉      | 78/200 [06:47<11:33,  5.69s/it]
 40%|███▉      | 79/200 [06:52<11:16,  5.59s/it]
 40%|████      | 80/200 [06:57<10:49,  5.42s/it]
 40%|████      | 81/200 [07:02<10:34,  5.33s/it]
 41%|████      | 82/200 [07:08<10:27,  5.31s/it]
 42%|████▏     | 83/200 [07:14<10:51,  5.57s/it]
 42%|████▏     | 84/200 [07:20<10:55,  5.65s/it]
 42%|████▎     | 85/200 [07:25<10:30,  5.48s/it]
 43%|████▎     | 86/200 [07:30<10:06,  5.32s/it]
 44%|████▎     | 87/200 [07:35<09:52,  5.24s/it]
 44%|████▍     | 88/200 [07:40<09:36,  5.15s/it]
 44%|████▍     | 89/200 [07:45<09:25,  5.09s/it]
 45%|████▌     | 90/200 [07:50<09:24,  5.13s/it]
 46%|████▌     | 91/200 [07:55<09:19,  5.13s/it]
 46%|████▌     | 92/200 [08:00<09:07,  5.07s/it]
 46%|████▋     | 93/200 [08:05<09:01,  5.06s/it]
 47%|████▋     | 94/200 [08:10<08:52,  5.03s/it]
 48%|████▊     | 95/200 [08:15<08:49,  5.04s/it]
 48%|████▊     | 96/200 [08:20<08:41,  5.01s/it]
 48%|████▊     | 97/200 [08:25<08:39,  5.04s/it]
 49%|████▉     | 98/200 [08:30<08:32,  5.02s/it]
 50%|████▉     | 99/200 [08:35<08:31,  5.06s/it]
 50%|█████     | 100/200 [08:40<08:28,  5.08s/it]
 50%|█████     | 101/200 [08:45<08:24,  5.10s/it]
 51%|█████     | 102/200 [08:51<08:28,  5.19s/it]
 52%|█████▏    | 103/200 [08:56<08:22,  5.18s/it]
 52%|█████▏    | 104/200 [09:01<08:14,  5.15s/it]
 52%|█████▎    | 105/200 [09:06<08:10,  5.17s/it]
 53%|█████▎    | 106/200 [09:12<08:20,  5.33s/it]
 54%|█████▎    | 107/200 [09:18<08:26,  5.45s/it]
 54%|█████▍    | 108/200 [09:23<08:16,  5.40s/it]
 55%|█████▍    | 109/200 [09:28<08:06,  5.34s/it]
 55%|█████▌    | 110/200 [09:33<07:48,  5.21s/it]
 56%|█████▌    | 111/200 [09:38<07:41,  5.18s/it]
 56%|█████▌    | 112/200 [09:43<07:31,  5.13s/it]
 56%|█████▋    | 113/200 [09:48<07:25,  5.12s/it]
 57%|█████▋    | 114/200 [09:53<07:20,  5.12s/it]
 57%|█████▊    | 115/200 [09:59<07:20,  5.18s/it]
 58%|█████▊    | 116/200 [10:04<07:14,  5.18s/it]
 58%|█████▊    | 117/200 [10:09<07:01,  5.08s/it]
 59%|█████▉    | 118/200 [10:14<06:54,  5.06s/it]
 60%|█████▉    | 119/200 [10:19<06:47,  5.03s/it]
 60%|██████    | 120/200 [10:24<06:40,  5.01s/it]
 60%|██████    | 121/200 [10:29<06:47,  5.16s/it]
 61%|██████    | 122/200 [10:34<06:40,  5.14s/it]
 62%|██████▏   | 123/200 [10:40<06:37,  5.17s/it]
 62%|██████▏   | 124/200 [10:46<06:52,  5.42s/it]
 62%|██████▎   | 125/200 [10:51<06:43,  5.38s/it]
 63%|██████▎   | 126/200 [10:56<06:29,  5.27s/it]
 64%|██████▎   | 127/200 [11:01<06:22,  5.24s/it]
 64%|██████▍   | 128/200 [11:06<06:15,  5.21s/it]
 64%|██████▍   | 129/200 [11:11<06:01,  5.10s/it]
 65%|██████▌   | 130/200 [11:16<05:59,  5.14s/it]
 66%|██████▌   | 131/200 [11:22<06:01,  5.23s/it]
 66%|██████▌   | 132/200 [11:27<06:03,  5.35s/it]
 66%|██████▋   | 133/200 [11:32<05:49,  5.22s/it]
 67%|██████▋   | 134/200 [11:37<05:35,  5.08s/it]
 68%|██████▊   | 135/200 [11:42<05:28,  5.05s/it]
 68%|██████▊   | 136/200 [11:47<05:22,  5.04s/it]
 68%|██████▊   | 137/200 [11:52<05:14,  5.00s/it]
 69%|██████▉   | 138/200 [11:57<05:17,  5.12s/it]
 70%|██████▉   | 139/200 [12:02<05:04,  5.00s/it]
 70%|███████   | 140/200 [12:07<04:58,  4.97s/it]
 70%|███████   | 141/200 [12:12<04:58,  5.06s/it]
 71%|███████   | 142/200 [12:17<04:56,  5.12s/it]
 72%|███████▏  | 143/200 [12:22<04:46,  5.03s/it]
 72%|███████▏  | 144/200 [12:27<04:37,  4.95s/it]
 72%|███████▎  | 145/200 [12:32<04:32,  4.96s/it]
 73%|███████▎  | 146/200 [12:37<04:31,  5.03s/it]
 74%|███████▎  | 147/200 [12:43<04:37,  5.24s/it]
 74%|███████▍  | 148/200 [12:48<04:32,  5.24s/it]
 74%|███████▍  | 149/200 [12:54<04:34,  5.37s/it]
 75%|███████▌  | 150/200 [12:59<04:22,  5.25s/it]
 76%|███████▌  | 151/200 [13:04<04:13,  5.17s/it]
 76%|███████▌  | 152/200 [13:09<04:09,  5.20s/it]
 76%|███████▋  | 153/200 [13:14<04:01,  5.14s/it]
 77%|███████▋  | 154/200 [13:19<03:50,  5.01s/it]
 78%|███████▊  | 155/200 [13:24<03:53,  5.18s/it]
 78%|███████▊  | 156/200 [13:29<03:42,  5.05s/it]
 78%|███████▊  | 157/200 [13:34<03:38,  5.09s/it]
 79%|███████▉  | 158/200 [13:39<03:32,  5.05s/it]
 80%|███████▉  | 159/200 [13:44<03:27,  5.06s/it]
 80%|████████  | 160/200 [13:50<03:27,  5.19s/it]
 80%|████████  | 161/200 [13:55<03:16,  5.05s/it]
 81%|████████  | 162/200 [13:59<03:07,  4.95s/it]
 82%|████████▏ | 163/200 [14:05<03:12,  5.20s/it]
 82%|████████▏ | 164/200 [14:10<03:05,  5.15s/it]
 82%|████████▎ | 165/200 [14:16<03:05,  5.31s/it]
 83%|████████▎ | 166/200 [14:21<03:04,  5.43s/it]
 84%|████████▎ | 167/200 [14:27<03:01,  5.49s/it]
 84%|████████▍ | 168/200 [14:32<02:52,  5.40s/it]
 84%|████████▍ | 169/200 [14:37<02:41,  5.22s/it]
 85%|████████▌ | 170/200 [14:42<02:34,  5.15s/it]
 86%|████████▌ | 171/200 [14:47<02:28,  5.12s/it]
 86%|████████▌ | 172/200 [14:52<02:23,  5.11s/it]
 86%|████████▋ | 173/200 [14:57<02:16,  5.06s/it]
 87%|████████▋ | 174/200 [15:02<02:08,  4.93s/it]
 88%|████████▊ | 175/200 [15:07<02:02,  4.89s/it]
 88%|████████▊ | 176/200 [15:11<01:56,  4.87s/it]
 88%|████████▊ | 177/200 [15:16<01:52,  4.90s/it]
 89%|████████▉ | 178/200 [15:21<01:48,  4.91s/it]
 90%|████████▉ | 179/200 [15:27<01:44,  5.00s/it]
 90%|█████████ | 180/200 [15:32<01:40,  5.02s/it]
 90%|█████████ | 181/200 [15:37<01:36,  5.10s/it]
 91%|█████████ | 182/200 [15:42<01:30,  5.05s/it]
 92%|█████████▏| 183/200 [15:47<01:28,  5.20s/it]
 92%|█████████▏| 184/200 [15:53<01:23,  5.22s/it]
 92%|█████████▎| 185/200 [15:58<01:17,  5.17s/it]
 93%|█████████▎| 186/200 [16:03<01:12,  5.15s/it]
 94%|█████████▎| 187/200 [16:08<01:06,  5.08s/it]
 94%|█████████▍| 188/200 [16:13<01:00,  5.01s/it]
 94%|█████████▍| 189/200 [16:17<00:54,  4.91s/it]
 95%|█████████▌| 190/200 [16:22<00:49,  4.91s/it]
 96%|█████████▌| 191/200 [16:27<00:44,  4.94s/it]
 96%|█████████▌| 192/200 [16:32<00:40,  5.06s/it]
 96%|█████████▋| 193/200 [16:39<00:37,  5.39s/it]
 97%|█████████▋| 194/200 [16:44<00:32,  5.35s/it]
 98%|█████████▊| 195/200 [16:50<00:27,  5.42s/it]
 98%|█████████▊| 196/200 [16:55<00:21,  5.49s/it]
 98%|█████████▊| 197/200 [17:01<00:16,  5.48s/it]
 99%|█████████▉| 198/200 [17:06<00:10,  5.39s/it]
100%|█████████▉| 199/200 [17:11<00:05,  5.31s/it]
100%|██████████| 200/200 [17:16<00:00,  5.21s/it]
                                                 
0
1
2
3
4
5
6
7
8
9
10
11
12
13
14
15
16
17
18
19
20
21
22
23
24
25
26
27
28
29
30
31
32
33
34
35
36
37
38
39
40
41
42
43
44
45
46
47
48
49
50
51
52
53
54
55
56
57
58
59
60
61
62
63
64
65
66
67
68
69
70
71
72
73
74
75
76
77
78
79
80
81
82
83
84
85
86
87
88
89
90
91
92
93
94
95
96
97
98
99
100
101
102
103
104
105
106
107
108
109
110
111
112
113
114
115
116
117
118
119
120
121
122
123
124
125
126
127
128
129
130
131
132
133
134
135
136
137
138
139
140
141
142
143
144
145
146
147
148
149
150
151
152
153
154
155
156
157
158
159
160
161
162
163
164
165
166
167
168
169
170
171
172
173
174
175
176
177
178
179
180
181
182
183
184
185
186
187
188
189
190
191
192
193
194
195
196
197
198
199
