 
Files to read: ['../pilot-cpjump1-data/profiles/2020_11_04_CPJUMP1/BR00116995/BR00116995_normalized_feature_select_negcon.csv.gz']
Files to read: ['../pilot-cpjump1-data/profiles/2020_11_04_CPJUMP1/BR00117024/BR00117024_normalized_feature_select_negcon.csv.gz']
Files to read: ['../pilot-cpjump1-data/profiles/2020_11_04_CPJUMP1/BR00117025/BR00117025_normalized_feature_select_negcon.csv.gz']
Files to read: ['../pilot-cpjump1-data/profiles/2020_11_04_CPJUMP1/BR00117026/BR00117026_normalized_feature_select_negcon.csv.gz']
Files to read: ['../pilot-cpjump1-data/profiles/2020_11_04_CPJUMP1/BR00116997/BR00116997_normalized_feature_select_negcon.csv.gz']
Files to read: ['../pilot-cpjump1-data/profiles/2020_11_04_CPJUMP1/BR00116998/BR00116998_normalized_feature_select_negcon.csv.gz']
Files to read: ['../pilot-cpjump1-data/profiles/2020_11_04_CPJUMP1/BR00116999/BR00116999_normalized_feature_select_negcon.csv.gz']
Files to read: ['../pilot-cpjump1-data/profiles/2020_11_04_CPJUMP1/BR00116996/BR00116996_normalized_feature_select_negcon.csv.gz']
Files to read: ['../pilot-cpjump1-data/profiles/2020_11_04_CPJUMP1/BR00117022/BR00117022_normalized_feature_select_negcon.csv.gz']
Files to read: ['../pilot-cpjump1-data/profiles/2020_11_04_CPJUMP1/BR00117023/BR00117023_normalized_feature_select_negcon.csv.gz']

  0%|          | 0/200 [00:00<?, ?it/s]
  0%|          | 1/200 [00:07<25:26,  7.67s/it]
  1%|          | 2/200 [00:11<18:16,  5.54s/it]
  2%|▏         | 3/200 [00:15<16:14,  4.95s/it]
  2%|▏         | 4/200 [00:20<15:18,  4.69s/it]
  2%|▎         | 5/200 [00:24<14:36,  4.50s/it]
  3%|▎         | 6/200 [00:28<14:06,  4.36s/it]
  4%|▎         | 7/200 [00:32<13:41,  4.26s/it]
  4%|▍         | 8/200 [00:36<13:25,  4.20s/it]
  4%|▍         | 9/200 [00:40<13:23,  4.21s/it]
  5%|▌         | 10/200 [00:44<13:11,  4.16s/it]
  6%|▌         | 11/200 [00:48<13:01,  4.13s/it]
  6%|▌         | 12/200 [00:52<12:49,  4.09s/it]
  6%|▋         | 13/200 [00:57<12:46,  4.10s/it]
  7%|▋         | 14/200 [01:01<13:09,  4.25s/it]
  8%|▊         | 15/200 [01:06<13:13,  4.29s/it]
  8%|▊         | 16/200 [01:09<12:49,  4.18s/it]
  8%|▊         | 17/200 [01:14<12:42,  4.17s/it]
  9%|▉         | 18/200 [01:18<12:31,  4.13s/it]
 10%|▉         | 19/200 [01:22<12:25,  4.12s/it]
 10%|█         | 20/200 [01:26<12:10,  4.06s/it]
 10%|█         | 21/200 [01:30<12:11,  4.09s/it]
 11%|█         | 22/200 [01:34<12:04,  4.07s/it]
 12%|█▏        | 23/200 [01:38<12:12,  4.14s/it]
 12%|█▏        | 24/200 [01:42<11:56,  4.07s/it]
 12%|█▎        | 25/200 [01:46<11:45,  4.03s/it]
 13%|█▎        | 26/200 [01:50<11:29,  3.96s/it]
 14%|█▎        | 27/200 [01:54<11:15,  3.91s/it]
 14%|█▍        | 28/200 [01:58<11:20,  3.95s/it]
 14%|█▍        | 29/200 [02:02<11:27,  4.02s/it]
 15%|█▌        | 30/200 [02:06<11:18,  3.99s/it]
 16%|█▌        | 31/200 [02:10<11:09,  3.96s/it]
 16%|█▌        | 32/200 [02:14<11:10,  3.99s/it]
 16%|█▋        | 33/200 [02:18<11:10,  4.01s/it]
 17%|█▋        | 34/200 [02:22<11:06,  4.01s/it]
 18%|█▊        | 35/200 [02:26<11:17,  4.10s/it]
 18%|█▊        | 36/200 [02:31<11:29,  4.21s/it]
 18%|█▊        | 37/200 [02:35<11:47,  4.34s/it]
 19%|█▉        | 38/200 [02:39<11:32,  4.27s/it]
 20%|█▉        | 39/200 [02:43<11:08,  4.15s/it]
 20%|██        | 40/200 [02:47<10:54,  4.09s/it]
 20%|██        | 41/200 [02:51<10:42,  4.04s/it]
 21%|██        | 42/200 [02:55<10:24,  3.95s/it]
 22%|██▏       | 43/200 [02:59<10:31,  4.02s/it]
 22%|██▏       | 44/200 [03:03<10:47,  4.15s/it]
 22%|██▎       | 45/200 [03:08<11:22,  4.41s/it]
 23%|██▎       | 46/200 [03:13<11:04,  4.32s/it]
 24%|██▎       | 47/200 [03:17<10:52,  4.27s/it]
 24%|██▍       | 48/200 [03:21<10:33,  4.17s/it]
 24%|██▍       | 49/200 [03:24<10:14,  4.07s/it]
 25%|██▌       | 50/200 [03:28<09:55,  3.97s/it]
 26%|██▌       | 51/200 [03:32<09:44,  3.92s/it]
 26%|██▌       | 52/200 [03:36<09:46,  3.96s/it]
 26%|██▋       | 53/200 [03:40<09:45,  3.98s/it]
 27%|██▋       | 54/200 [03:44<09:38,  3.96s/it]
 28%|██▊       | 55/200 [03:48<09:33,  3.95s/it]
 28%|██▊       | 56/200 [03:52<09:45,  4.06s/it]
 28%|██▊       | 57/200 [03:56<09:41,  4.06s/it]
 29%|██▉       | 58/200 [04:00<09:33,  4.04s/it]
 30%|██▉       | 59/200 [04:05<09:42,  4.13s/it]
 30%|███       | 60/200 [04:09<09:41,  4.15s/it]
 30%|███       | 61/200 [04:13<09:40,  4.18s/it]
 31%|███       | 62/200 [04:17<09:31,  4.14s/it]
 32%|███▏      | 63/200 [04:21<09:14,  4.04s/it]
 32%|███▏      | 64/200 [04:25<08:58,  3.96s/it]
 32%|███▎      | 65/200 [04:29<09:00,  4.01s/it]
 33%|███▎      | 66/200 [04:33<08:49,  3.95s/it]
 34%|███▎      | 67/200 [04:37<08:41,  3.92s/it]
 34%|███▍      | 68/200 [04:41<08:42,  3.96s/it]
 34%|███▍      | 69/200 [04:44<08:30,  3.90s/it]
 35%|███▌      | 70/200 [04:48<08:32,  3.94s/it]
 36%|███▌      | 71/200 [04:52<08:35,  3.99s/it]
 36%|███▌      | 72/200 [04:56<08:29,  3.98s/it]
 36%|███▋      | 73/200 [05:01<08:31,  4.03s/it]
 37%|███▋      | 74/200 [05:05<08:27,  4.03s/it]
 38%|███▊      | 75/200 [05:09<08:37,  4.14s/it]
 38%|███▊      | 76/200 [05:13<08:32,  4.13s/it]
 38%|███▊      | 77/200 [05:17<08:24,  4.10s/it]
 39%|███▉      | 78/200 [05:21<08:08,  4.01s/it]
 40%|███▉      | 79/200 [05:25<08:07,  4.03s/it]
 40%|████      | 80/200 [05:29<08:06,  4.06s/it]
 40%|████      | 81/200 [05:33<08:11,  4.13s/it]
 41%|████      | 82/200 [05:38<08:28,  4.31s/it]
 42%|████▏     | 83/200 [05:43<08:26,  4.33s/it]
 42%|████▏     | 84/200 [05:47<08:25,  4.35s/it]
 42%|████▎     | 85/200 [05:51<08:10,  4.27s/it]
 43%|████▎     | 86/200 [05:55<07:44,  4.08s/it]
 44%|████▎     | 87/200 [05:58<07:31,  3.99s/it]
 44%|████▍     | 88/200 [06:02<07:22,  3.95s/it]
 44%|████▍     | 89/200 [06:07<07:28,  4.04s/it]
 45%|████▌     | 90/200 [06:12<07:58,  4.35s/it]
 46%|████▌     | 91/200 [06:17<08:13,  4.53s/it]
 46%|████▌     | 92/200 [06:21<08:14,  4.58s/it]
 46%|████▋     | 93/200 [06:25<07:53,  4.42s/it]
 47%|████▋     | 94/200 [06:30<07:53,  4.46s/it]
 48%|████▊     | 95/200 [06:34<07:51,  4.49s/it]
 48%|████▊     | 96/200 [06:39<07:48,  4.51s/it]
 48%|████▊     | 97/200 [06:44<07:46,  4.53s/it]
 49%|████▉     | 98/200 [06:47<07:21,  4.32s/it]
 50%|████▉     | 99/200 [06:52<07:22,  4.38s/it]
 50%|█████     | 100/200 [06:57<07:33,  4.54s/it]
 50%|█████     | 101/200 [07:01<07:18,  4.43s/it]
 51%|█████     | 102/200 [07:06<07:25,  4.54s/it]
 52%|█████▏    | 103/200 [07:10<07:18,  4.52s/it]
 52%|█████▏    | 104/200 [07:15<07:12,  4.51s/it]
 52%|█████▎    | 105/200 [07:19<07:04,  4.47s/it]
 53%|█████▎    | 106/200 [07:23<06:47,  4.34s/it]
 54%|█████▎    | 107/200 [07:27<06:29,  4.19s/it]
 54%|█████▍    | 108/200 [07:31<06:20,  4.14s/it]
 55%|█████▍    | 109/200 [07:35<06:11,  4.09s/it]
 55%|█████▌    | 110/200 [07:39<06:09,  4.10s/it]
 56%|█████▌    | 111/200 [07:43<06:04,  4.10s/it]
 56%|█████▌    | 112/200 [07:47<05:55,  4.04s/it]
 56%|█████▋    | 113/200 [07:51<05:57,  4.10s/it]
 57%|█████▋    | 114/200 [07:55<05:48,  4.05s/it]
 57%|█████▊    | 115/200 [07:59<05:42,  4.02s/it]
 58%|█████▊    | 116/200 [08:03<05:41,  4.07s/it]
 58%|█████▊    | 117/200 [08:08<05:43,  4.14s/it]
 59%|█████▉    | 118/200 [08:12<05:47,  4.24s/it]
 60%|█████▉    | 119/200 [08:17<05:56,  4.40s/it]
 60%|██████    | 120/200 [08:21<05:51,  4.39s/it]
 60%|██████    | 121/200 [08:26<05:47,  4.40s/it]
 61%|██████    | 122/200 [08:30<05:46,  4.44s/it]
 62%|██████▏   | 123/200 [08:35<05:56,  4.63s/it]
 62%|██████▏   | 124/200 [08:40<05:47,  4.57s/it]
 62%|██████▎   | 125/200 [08:44<05:28,  4.38s/it]
 63%|██████▎   | 126/200 [08:48<05:12,  4.23s/it]
 64%|██████▎   | 127/200 [08:52<05:05,  4.19s/it]
 64%|██████▍   | 128/200 [08:56<04:53,  4.08s/it]
 64%|██████▍   | 129/200 [08:59<04:44,  4.01s/it]
 65%|██████▌   | 130/200 [09:04<04:45,  4.08s/it]
 66%|██████▌   | 131/200 [09:08<04:39,  4.05s/it]
 66%|██████▌   | 132/200 [09:12<04:36,  4.07s/it]
 66%|██████▋   | 133/200 [09:16<04:27,  3.99s/it]
 67%|██████▋   | 134/200 [09:20<04:23,  4.00s/it]
 68%|██████▊   | 135/200 [09:24<04:19,  4.00s/it]
 68%|██████▊   | 136/200 [09:28<04:15,  3.99s/it]
 68%|██████▊   | 137/200 [09:32<04:17,  4.08s/it]
 69%|██████▉   | 138/200 [09:36<04:11,  4.06s/it]
 70%|██████▉   | 139/200 [09:40<04:06,  4.05s/it]
 70%|███████   | 140/200 [09:44<04:03,  4.06s/it]
 70%|███████   | 141/200 [09:48<03:55,  3.99s/it]
 71%|███████   | 142/200 [09:52<03:50,  3.98s/it]
 72%|███████▏  | 143/200 [09:56<03:48,  4.01s/it]
 72%|███████▏  | 144/200 [10:00<03:44,  4.00s/it]
 72%|███████▎  | 145/200 [10:04<03:38,  3.97s/it]
 73%|███████▎  | 146/200 [10:07<03:31,  3.91s/it]
 74%|███████▎  | 147/200 [10:11<03:26,  3.90s/it]
 74%|███████▍  | 148/200 [10:15<03:19,  3.83s/it]
 74%|███████▍  | 149/200 [10:19<03:18,  3.90s/it]
 75%|███████▌  | 150/200 [10:23<03:11,  3.84s/it]
 76%|███████▌  | 151/200 [10:27<03:10,  3.89s/it]
 76%|███████▌  | 152/200 [10:31<03:09,  3.95s/it]
 76%|███████▋  | 153/200 [10:35<03:06,  3.96s/it]
 77%|███████▋  | 154/200 [10:39<03:02,  3.96s/it]
 78%|███████▊  | 155/200 [10:43<02:58,  3.96s/it]
 78%|███████▊  | 156/200 [10:47<02:59,  4.08s/it]
 78%|███████▊  | 157/200 [10:51<02:55,  4.07s/it]
 79%|███████▉  | 158/200 [10:55<02:51,  4.08s/it]
 80%|███████▉  | 159/200 [10:59<02:46,  4.06s/it]
 80%|████████  | 160/200 [11:03<02:42,  4.06s/it]
 80%|████████  | 161/200 [11:07<02:36,  4.01s/it]
 81%|████████  | 162/200 [11:11<02:31,  3.98s/it]
 82%|████████▏ | 163/200 [11:16<02:36,  4.23s/it]
 82%|████████▏ | 164/200 [11:21<02:36,  4.34s/it]
 82%|████████▎ | 165/200 [11:25<02:30,  4.31s/it]
 83%|████████▎ | 166/200 [11:29<02:20,  4.14s/it]
 84%|████████▎ | 167/200 [11:32<02:12,  4.01s/it]
 84%|████████▍ | 168/200 [11:36<02:08,  4.00s/it]
 84%|████████▍ | 169/200 [11:40<02:06,  4.07s/it]
 85%|████████▌ | 170/200 [11:45<02:03,  4.12s/it]
 86%|████████▌ | 171/200 [11:49<01:57,  4.06s/it]
 86%|████████▌ | 172/200 [11:53<01:52,  4.02s/it]
 86%|████████▋ | 173/200 [11:57<01:48,  4.02s/it]
 87%|████████▋ | 174/200 [12:00<01:41,  3.90s/it]
 88%|████████▊ | 175/200 [12:04<01:38,  3.92s/it]
 88%|████████▊ | 176/200 [12:08<01:36,  4.00s/it]
 88%|████████▊ | 177/200 [12:12<01:32,  4.04s/it]
 89%|████████▉ | 178/200 [12:17<01:29,  4.09s/it]
 90%|████████▉ | 179/200 [12:21<01:25,  4.09s/it]
 90%|█████████ | 180/200 [12:25<01:21,  4.08s/it]
 90%|█████████ | 181/200 [12:29<01:15,  3.99s/it]
 91%|█████████ | 182/200 [12:32<01:08,  3.82s/it]
 92%|█████████▏| 183/200 [12:36<01:03,  3.75s/it]
 92%|█████████▏| 184/200 [12:40<01:01,  3.85s/it]
 92%|█████████▎| 185/200 [12:44<00:59,  3.98s/it]
 93%|█████████▎| 186/200 [12:48<00:56,  4.03s/it]
 94%|█████████▎| 187/200 [12:52<00:53,  4.09s/it]
 94%|█████████▍| 188/200 [12:56<00:48,  4.05s/it]
 94%|█████████▍| 189/200 [13:00<00:43,  3.99s/it]
 95%|█████████▌| 190/200 [13:04<00:39,  3.93s/it]
 96%|█████████▌| 191/200 [13:08<00:35,  3.96s/it]
 96%|█████████▌| 192/200 [13:12<00:31,  3.98s/it]
 96%|█████████▋| 193/200 [13:16<00:28,  4.01s/it]
 97%|█████████▋| 194/200 [13:20<00:24,  4.04s/it]
 98%|█████████▊| 195/200 [13:24<00:20,  4.06s/it]
 98%|█████████▊| 196/200 [13:28<00:16,  4.05s/it]
 98%|█████████▊| 197/200 [13:32<00:12,  4.01s/it]
 99%|█████████▉| 198/200 [13:36<00:07,  3.99s/it]
100%|█████████▉| 199/200 [13:40<00:04,  4.01s/it]
100%|██████████| 200/200 [13:44<00:00,  3.98s/it]
                                                 
0
1
2
3
4
5
6
7
8
9
10
11
12
13
14
15
16
17
18
19
20
21
22
23
24
25
26
27
28
29
30
31
32
33
34
35
36
37
38
39
40
41
42
43
44
45
46
47
48
49
50
51
52
53
54
55
56
57
58
59
60
61
62
63
64
65
66
67
68
69
70
71
72
73
74
75
76
77
78
79
80
81
82
83
84
85
86
87
88
89
90
91
92
93
94
95
96
97
98
99
100
101
102
103
104
105
106
107
108
109
110
111
112
113
114
115
116
117
118
119
120
121
122
123
124
125
126
127
128
129
130
131
132
133
134
135
136
137
138
139
140
141
142
143
144
145
146
147
148
149
150
151
152
153
154
155
156
157
158
159
160
161
162
163
164
165
166
167
168
169
170
171
172
173
174
175
176
177
178
179
180
181
182
183
184
185
186
187
188
189
190
191
192
193
194
195
196
197
198
199
