 
Files to read: ['../pilot-cpjump1-data/profiles/2020_11_04_CPJUMP1/BR00116995/BR00116995_normalized_feature_select_negcon.csv.gz']
Files to read: ['../pilot-cpjump1-data/profiles/2020_11_04_CPJUMP1/BR00117024/BR00117024_normalized_feature_select_negcon.csv.gz']
Files to read: ['../pilot-cpjump1-data/profiles/2020_11_04_CPJUMP1/BR00117025/BR00117025_normalized_feature_select_negcon.csv.gz']
Files to read: ['../pilot-cpjump1-data/profiles/2020_11_04_CPJUMP1/BR00117026/BR00117026_normalized_feature_select_negcon.csv.gz']
Files to read: ['../pilot-cpjump1-data/profiles/2020_11_04_CPJUMP1/BR00116997/BR00116997_normalized_feature_select_negcon.csv.gz']
Files to read: ['../pilot-cpjump1-data/profiles/2020_11_04_CPJUMP1/BR00116998/BR00116998_normalized_feature_select_negcon.csv.gz']
Files to read: ['../pilot-cpjump1-data/profiles/2020_11_04_CPJUMP1/BR00116999/BR00116999_normalized_feature_select_negcon.csv.gz']
Files to read: ['../pilot-cpjump1-data/profiles/2020_11_04_CPJUMP1/BR00116996/BR00116996_normalized_feature_select_negcon.csv.gz']
Files to read: ['../pilot-cpjump1-data/profiles/2020_11_04_CPJUMP1/BR00117022/BR00117022_normalized_feature_select_negcon.csv.gz']
Files to read: ['../pilot-cpjump1-data/profiles/2020_11_04_CPJUMP1/BR00117023/BR00117023_normalized_feature_select_negcon.csv.gz']

  0%|          | 0/200 [00:00<?, ?it/s]
  0%|          | 1/200 [00:08<27:37,  8.33s/it]
  1%|          | 2/200 [00:13<21:41,  6.57s/it]
  2%|▏         | 3/200 [00:19<20:55,  6.37s/it]
  2%|▏         | 4/200 [00:25<19:41,  6.03s/it]
  2%|▎         | 5/200 [00:31<19:21,  5.96s/it]
  3%|▎         | 6/200 [00:36<18:56,  5.86s/it]
  4%|▎         | 7/200 [00:42<18:31,  5.76s/it]
  4%|▍         | 8/200 [00:47<18:17,  5.72s/it]
  4%|▍         | 9/200 [00:53<17:48,  5.59s/it]
  5%|▌         | 10/200 [00:59<18:18,  5.78s/it]
  6%|▌         | 11/200 [01:05<18:07,  5.75s/it]
  6%|▌         | 12/200 [01:10<17:36,  5.62s/it]
  6%|▋         | 13/200 [01:15<16:47,  5.39s/it]
  7%|▋         | 14/200 [01:20<16:00,  5.17s/it]
  8%|▊         | 15/200 [01:24<15:23,  4.99s/it]
  8%|▊         | 16/200 [01:29<15:26,  5.03s/it]
  8%|▊         | 17/200 [01:34<15:27,  5.07s/it]
  9%|▉         | 18/200 [01:40<15:25,  5.09s/it]
 10%|▉         | 19/200 [01:44<15:07,  5.01s/it]
 10%|█         | 20/200 [01:49<15:04,  5.02s/it]
 10%|█         | 21/200 [01:55<15:45,  5.28s/it]
 11%|█         | 22/200 [02:00<15:12,  5.13s/it]
 12%|█▏        | 23/200 [02:05<14:52,  5.04s/it]
 12%|█▏        | 24/200 [02:10<14:55,  5.09s/it]
 12%|█▎        | 25/200 [02:15<15:00,  5.15s/it]
 13%|█▎        | 26/200 [02:21<14:57,  5.16s/it]
 14%|█▎        | 27/200 [02:26<14:44,  5.11s/it]
 14%|█▍        | 28/200 [02:30<14:29,  5.05s/it]
 14%|█▍        | 29/200 [02:36<14:42,  5.16s/it]
 15%|█▌        | 30/200 [02:41<14:23,  5.08s/it]
 16%|█▌        | 31/200 [02:46<14:29,  5.15s/it]
 16%|█▌        | 32/200 [02:51<14:25,  5.15s/it]
 16%|█▋        | 33/200 [02:57<14:25,  5.19s/it]
 17%|█▋        | 34/200 [03:02<14:12,  5.13s/it]
 18%|█▊        | 35/200 [03:07<14:11,  5.16s/it]
 18%|█▊        | 36/200 [03:12<14:18,  5.23s/it]
 18%|█▊        | 37/200 [03:17<14:14,  5.24s/it]
 19%|█▉        | 38/200 [03:23<14:47,  5.48s/it]
 20%|█▉        | 39/200 [03:30<15:10,  5.66s/it]
 20%|██        | 40/200 [03:35<14:51,  5.57s/it]
 20%|██        | 41/200 [03:41<14:48,  5.59s/it]
 21%|██        | 42/200 [03:46<14:36,  5.55s/it]
 22%|██▏       | 43/200 [03:51<13:50,  5.29s/it]
 22%|██▏       | 44/200 [03:56<13:25,  5.16s/it]
 22%|██▎       | 45/200 [04:01<13:25,  5.20s/it]
 23%|██▎       | 46/200 [04:06<12:57,  5.05s/it]
 24%|██▎       | 47/200 [04:11<12:58,  5.09s/it]
 24%|██▍       | 48/200 [04:16<12:54,  5.09s/it]
 24%|██▍       | 49/200 [04:21<12:36,  5.01s/it]
 25%|██▌       | 50/200 [04:26<12:36,  5.04s/it]
 26%|██▌       | 51/200 [04:31<12:28,  5.02s/it]
 26%|██▌       | 52/200 [04:35<12:03,  4.89s/it]
 26%|██▋       | 53/200 [04:40<12:00,  4.90s/it]
 27%|██▋       | 54/200 [04:45<11:50,  4.87s/it]
 28%|██▊       | 55/200 [04:50<11:55,  4.93s/it]
 28%|██▊       | 56/200 [04:55<11:55,  4.97s/it]
 28%|██▊       | 57/200 [05:00<12:03,  5.06s/it]
 29%|██▉       | 58/200 [05:06<12:13,  5.17s/it]
 30%|██▉       | 59/200 [05:11<12:02,  5.13s/it]
 30%|███       | 60/200 [05:16<11:43,  5.03s/it]
 30%|███       | 61/200 [05:21<11:40,  5.04s/it]
 31%|███       | 62/200 [05:26<11:33,  5.03s/it]
 32%|███▏      | 63/200 [05:31<11:26,  5.01s/it]
 32%|███▏      | 64/200 [05:36<11:17,  4.98s/it]
 32%|███▎      | 65/200 [05:41<11:14,  5.00s/it]
 33%|███▎      | 66/200 [05:46<11:16,  5.05s/it]
 34%|███▎      | 67/200 [05:51<11:13,  5.06s/it]
 34%|███▍      | 68/200 [05:56<11:01,  5.01s/it]
 34%|███▍      | 69/200 [06:01<11:02,  5.05s/it]
 35%|███▌      | 70/200 [06:06<11:03,  5.11s/it]
 36%|███▌      | 71/200 [06:12<11:35,  5.39s/it]
 36%|███▌      | 72/200 [06:18<11:35,  5.44s/it]
 36%|███▋      | 73/200 [06:23<11:08,  5.26s/it]
 37%|███▋      | 74/200 [06:27<10:46,  5.13s/it]
 38%|███▊      | 75/200 [06:33<11:08,  5.35s/it]
 38%|███▊      | 76/200 [06:39<11:08,  5.39s/it]
 38%|███▊      | 77/200 [06:44<10:51,  5.30s/it]
 39%|███▉      | 78/200 [06:49<10:38,  5.23s/it]
 40%|███▉      | 79/200 [06:54<10:20,  5.13s/it]
 40%|████      | 80/200 [06:59<10:12,  5.11s/it]
 40%|████      | 81/200 [07:04<09:58,  5.03s/it]
 41%|████      | 82/200 [07:09<09:51,  5.01s/it]
 42%|████▏     | 83/200 [07:14<09:56,  5.10s/it]
 42%|████▏     | 84/200 [07:19<09:53,  5.12s/it]
 42%|████▎     | 85/200 [07:24<09:40,  5.04s/it]
 43%|████▎     | 86/200 [07:29<09:32,  5.02s/it]
 44%|████▎     | 87/200 [07:34<09:40,  5.14s/it]
 44%|████▍     | 88/200 [07:39<09:31,  5.10s/it]
 44%|████▍     | 89/200 [07:44<09:19,  5.04s/it]
 45%|████▌     | 90/200 [07:50<09:43,  5.30s/it]
 46%|████▌     | 91/200 [07:56<09:55,  5.47s/it]
 46%|████▌     | 92/200 [08:01<09:26,  5.25s/it]
 46%|████▋     | 93/200 [08:06<09:25,  5.29s/it]
 47%|████▋     | 94/200 [08:11<09:13,  5.22s/it]
 48%|████▊     | 95/200 [08:16<09:00,  5.15s/it]
 48%|████▊     | 96/200 [08:21<08:44,  5.05s/it]
 48%|████▊     | 97/200 [08:26<08:47,  5.12s/it]
 49%|████▉     | 98/200 [08:31<08:40,  5.10s/it]
 50%|████▉     | 99/200 [08:37<08:48,  5.23s/it]
 50%|█████     | 100/200 [08:42<08:52,  5.32s/it]
 50%|█████     | 101/200 [08:48<09:05,  5.51s/it]
 51%|█████     | 102/200 [08:54<08:57,  5.49s/it]
 52%|█████▏    | 103/200 [09:00<09:08,  5.66s/it]
 52%|█████▏    | 104/200 [09:05<08:50,  5.52s/it]
 52%|█████▎    | 105/200 [09:10<08:39,  5.47s/it]
 53%|█████▎    | 106/200 [09:16<08:24,  5.37s/it]
 54%|█████▎    | 107/200 [09:21<08:12,  5.29s/it]
 54%|█████▍    | 108/200 [09:26<07:55,  5.17s/it]
 55%|█████▍    | 109/200 [09:30<07:40,  5.06s/it]
 55%|█████▌    | 110/200 [09:35<07:28,  4.98s/it]
 56%|█████▌    | 111/200 [09:40<07:20,  4.95s/it]
 56%|█████▌    | 112/200 [09:45<07:13,  4.93s/it]
 56%|█████▋    | 113/200 [09:50<07:10,  4.94s/it]
 57%|█████▋    | 114/200 [09:55<07:06,  4.96s/it]
 57%|█████▊    | 115/200 [10:00<07:02,  4.97s/it]
 58%|█████▊    | 116/200 [10:05<07:06,  5.08s/it]
 58%|█████▊    | 117/200 [10:11<07:08,  5.16s/it]
 59%|█████▉    | 118/200 [10:16<07:00,  5.13s/it]
 60%|█████▉    | 119/200 [10:21<06:56,  5.14s/it]
 60%|██████    | 120/200 [10:26<06:48,  5.11s/it]
 60%|██████    | 121/200 [10:31<06:48,  5.18s/it]
 61%|██████    | 122/200 [10:37<06:48,  5.23s/it]
 62%|██████▏   | 123/200 [10:42<06:41,  5.21s/it]
 62%|██████▏   | 124/200 [10:46<06:24,  5.06s/it]
 62%|██████▎   | 125/200 [10:52<06:24,  5.12s/it]
 63%|██████▎   | 126/200 [10:57<06:17,  5.11s/it]
 64%|██████▎   | 127/200 [11:02<06:12,  5.10s/it]
 64%|██████▍   | 128/200 [11:07<05:59,  4.99s/it]
 64%|██████▍   | 129/200 [11:12<05:52,  4.97s/it]
 65%|██████▌   | 130/200 [11:17<05:58,  5.12s/it]
 66%|██████▌   | 131/200 [11:22<05:50,  5.08s/it]
 66%|██████▌   | 132/200 [11:28<05:55,  5.22s/it]
 66%|██████▋   | 133/200 [11:33<05:49,  5.22s/it]
 67%|██████▋   | 134/200 [11:38<05:41,  5.18s/it]
 68%|██████▊   | 135/200 [11:43<05:33,  5.13s/it]
 68%|██████▊   | 136/200 [11:48<05:22,  5.04s/it]
 68%|██████▊   | 137/200 [11:53<05:16,  5.02s/it]
 69%|██████▉   | 138/200 [11:58<05:11,  5.02s/it]
 70%|██████▉   | 139/200 [12:03<05:07,  5.03s/it]
 70%|███████   | 140/200 [12:08<04:58,  4.97s/it]
 70%|███████   | 141/200 [12:13<04:53,  4.98s/it]
 71%|███████   | 142/200 [12:18<04:51,  5.03s/it]
 72%|███████▏  | 143/200 [12:23<04:46,  5.02s/it]
 72%|███████▏  | 144/200 [12:28<04:37,  4.96s/it]
 72%|███████▎  | 145/200 [12:33<04:33,  4.98s/it]
 73%|███████▎  | 146/200 [12:38<04:29,  5.00s/it]
 74%|███████▎  | 147/200 [12:43<04:23,  4.98s/it]
 74%|███████▍  | 148/200 [12:47<04:15,  4.92s/it]
 74%|███████▍  | 149/200 [12:53<04:21,  5.13s/it]
 75%|███████▌  | 150/200 [12:58<04:14,  5.09s/it]
 76%|███████▌  | 151/200 [13:03<04:09,  5.09s/it]
 76%|███████▌  | 152/200 [13:08<04:03,  5.07s/it]
 76%|███████▋  | 153/200 [13:13<03:55,  5.01s/it]
 77%|███████▋  | 154/200 [13:18<03:49,  4.99s/it]
 78%|███████▊  | 155/200 [13:23<03:48,  5.08s/it]
 78%|███████▊  | 156/200 [13:28<03:44,  5.10s/it]
 78%|███████▊  | 157/200 [13:33<03:40,  5.12s/it]
 79%|███████▉  | 158/200 [13:38<03:30,  5.01s/it]
 80%|███████▉  | 159/200 [13:43<03:24,  5.00s/it]
 80%|████████  | 160/200 [13:48<03:23,  5.08s/it]
 80%|████████  | 161/200 [13:54<03:25,  5.26s/it]
 81%|████████  | 162/200 [14:00<03:24,  5.38s/it]
 82%|████████▏ | 163/200 [14:05<03:14,  5.27s/it]
 82%|████████▏ | 164/200 [14:10<03:11,  5.31s/it]
 82%|████████▎ | 165/200 [14:16<03:13,  5.54s/it]
 83%|████████▎ | 166/200 [14:21<03:02,  5.37s/it]
 84%|████████▎ | 167/200 [14:27<03:05,  5.61s/it]
 84%|████████▍ | 168/200 [14:33<02:58,  5.58s/it]
 84%|████████▍ | 169/200 [14:38<02:52,  5.56s/it]
 85%|████████▌ | 170/200 [14:44<02:43,  5.45s/it]
 86%|████████▌ | 171/200 [14:49<02:33,  5.29s/it]
 86%|████████▌ | 172/200 [14:53<02:24,  5.15s/it]
 86%|████████▋ | 173/200 [14:59<02:18,  5.14s/it]
 87%|████████▋ | 174/200 [15:04<02:15,  5.19s/it]
 88%|████████▊ | 175/200 [15:09<02:08,  5.13s/it]
 88%|████████▊ | 176/200 [15:14<02:04,  5.18s/it]
 88%|████████▊ | 177/200 [15:20<02:00,  5.26s/it]
 89%|████████▉ | 178/200 [15:24<01:50,  5.02s/it]
 90%|████████▉ | 179/200 [15:29<01:44,  4.97s/it]
 90%|█████████ | 180/200 [15:34<01:42,  5.13s/it]
 90%|█████████ | 181/200 [15:40<01:38,  5.20s/it]
 91%|█████████ | 182/200 [15:45<01:31,  5.07s/it]
 92%|█████████▏| 183/200 [15:50<01:26,  5.07s/it]
 92%|█████████▏| 184/200 [15:55<01:21,  5.08s/it]
 92%|█████████▎| 185/200 [16:00<01:16,  5.08s/it]
 93%|█████████▎| 186/200 [16:05<01:10,  5.04s/it]
 94%|█████████▎| 187/200 [16:10<01:06,  5.10s/it]
 94%|█████████▍| 188/200 [16:15<01:02,  5.21s/it]
 94%|█████████▍| 189/200 [16:21<00:59,  5.44s/it]
 95%|█████████▌| 190/200 [16:27<00:55,  5.59s/it]
 96%|█████████▌| 191/200 [16:33<00:49,  5.54s/it]
 96%|█████████▌| 192/200 [16:38<00:43,  5.39s/it]
 96%|█████████▋| 193/200 [16:43<00:37,  5.33s/it]
 97%|█████████▋| 194/200 [16:48<00:30,  5.15s/it]
 98%|█████████▊| 195/200 [16:53<00:25,  5.13s/it]
 98%|█████████▊| 196/200 [16:58<00:20,  5.07s/it]
 98%|█████████▊| 197/200 [17:03<00:15,  5.09s/it]
 99%|█████████▉| 198/200 [17:08<00:10,  5.05s/it]
100%|█████████▉| 199/200 [17:13<00:04,  4.98s/it]
100%|██████████| 200/200 [17:17<00:00,  4.91s/it]
                                                 
0
1
2
3
4
5
6
7
8
9
10
11
12
13
14
15
16
17
18
19
20
21
22
23
24
25
26
27
28
29
30
31
32
33
34
35
36
37
38
39
40
41
42
43
44
45
46
47
48
49
50
51
52
53
54
55
56
57
58
59
60
61
62
63
64
65
66
67
68
69
70
71
72
73
74
75
76
77
78
79
80
81
82
83
84
85
86
87
88
89
90
91
92
93
94
95
96
97
98
99
100
101
102
103
104
105
106
107
108
109
110
111
112
113
114
115
116
117
118
119
120
121
122
123
124
125
126
127
128
129
130
131
132
133
134
135
136
137
138
139
140
141
142
143
144
145
146
147
148
149
150
151
152
153
154
155
156
157
158
159
160
161
162
163
164
165
166
167
168
169
170
171
172
173
174
175
176
177
178
179
180
181
182
183
184
185
186
187
188
189
190
191
192
193
194
195
196
197
198
199
