 
Files to read: ['../pilot-cpjump1-data/profiles/2020_11_04_CPJUMP1/BR00116995/BR00116995_normalized_feature_select_negcon.csv.gz']
Files to read: ['../pilot-cpjump1-data/profiles/2020_11_04_CPJUMP1/BR00117024/BR00117024_normalized_feature_select_negcon.csv.gz']
Files to read: ['../pilot-cpjump1-data/profiles/2020_11_04_CPJUMP1/BR00117025/BR00117025_normalized_feature_select_negcon.csv.gz']
Files to read: ['../pilot-cpjump1-data/profiles/2020_11_04_CPJUMP1/BR00117026/BR00117026_normalized_feature_select_negcon.csv.gz']
Files to read: ['../pilot-cpjump1-data/profiles/2020_11_04_CPJUMP1/BR00116997/BR00116997_normalized_feature_select_negcon.csv.gz']
Files to read: ['../pilot-cpjump1-data/profiles/2020_11_04_CPJUMP1/BR00116998/BR00116998_normalized_feature_select_negcon.csv.gz']
Files to read: ['../pilot-cpjump1-data/profiles/2020_11_04_CPJUMP1/BR00116999/BR00116999_normalized_feature_select_negcon.csv.gz']
Files to read: ['../pilot-cpjump1-data/profiles/2020_11_04_CPJUMP1/BR00116996/BR00116996_normalized_feature_select_negcon.csv.gz']
Files to read: ['../pilot-cpjump1-data/profiles/2020_11_04_CPJUMP1/BR00117022/BR00117022_normalized_feature_select_negcon.csv.gz']
Files to read: ['../pilot-cpjump1-data/profiles/2020_11_04_CPJUMP1/BR00117023/BR00117023_normalized_feature_select_negcon.csv.gz']

  0%|          | 0/200 [00:00<?, ?it/s]
  0%|          | 1/200 [00:08<27:29,  8.29s/it]
  1%|          | 2/200 [00:13<21:32,  6.53s/it]
  2%|▏         | 3/200 [00:18<19:16,  5.87s/it]
  2%|▏         | 4/200 [00:23<18:12,  5.57s/it]
  2%|▎         | 5/200 [00:29<17:55,  5.51s/it]
  3%|▎         | 6/200 [00:34<17:38,  5.46s/it]
  4%|▎         | 7/200 [00:39<17:25,  5.42s/it]
  4%|▍         | 8/200 [00:45<17:06,  5.35s/it]
  4%|▍         | 9/200 [00:50<17:22,  5.46s/it]
  5%|▌         | 10/200 [00:56<17:54,  5.66s/it]
  6%|▌         | 11/200 [01:02<17:27,  5.54s/it]
  6%|▌         | 12/200 [01:07<17:14,  5.50s/it]
  6%|▋         | 13/200 [01:12<17:01,  5.46s/it]
  7%|▋         | 14/200 [01:18<16:48,  5.42s/it]
  8%|▊         | 15/200 [01:23<16:15,  5.27s/it]
  8%|▊         | 16/200 [01:28<16:19,  5.33s/it]
  8%|▊         | 17/200 [01:33<16:08,  5.29s/it]
  9%|▉         | 18/200 [01:39<16:26,  5.42s/it]
 10%|▉         | 19/200 [01:45<17:06,  5.67s/it]
 10%|█         | 20/200 [01:51<17:01,  5.68s/it]
 10%|█         | 21/200 [01:57<17:11,  5.76s/it]
 11%|█         | 22/200 [02:02<16:50,  5.68s/it]
 12%|█▏        | 23/200 [02:08<16:30,  5.60s/it]
 12%|█▏        | 24/200 [02:13<16:24,  5.59s/it]
 12%|█▎        | 25/200 [02:19<15:53,  5.45s/it]
 13%|█▎        | 26/200 [02:24<15:51,  5.47s/it]
 14%|█▎        | 27/200 [02:29<15:41,  5.44s/it]
 14%|█▍        | 28/200 [02:35<15:36,  5.45s/it]
 14%|█▍        | 29/200 [02:40<15:26,  5.42s/it]
 15%|█▌        | 30/200 [02:46<15:32,  5.49s/it]
 16%|█▌        | 31/200 [02:51<15:03,  5.35s/it]
 16%|█▌        | 32/200 [02:56<14:47,  5.28s/it]
 16%|█▋        | 33/200 [03:02<14:54,  5.35s/it]
 17%|█▋        | 34/200 [03:07<14:46,  5.34s/it]
 18%|█▊        | 35/200 [03:12<14:31,  5.28s/it]
 18%|█▊        | 36/200 [03:17<14:33,  5.33s/it]
 18%|█▊        | 37/200 [03:23<14:22,  5.29s/it]
 19%|█▉        | 38/200 [03:28<14:11,  5.26s/it]
 20%|█▉        | 39/200 [03:33<14:06,  5.26s/it]
 20%|██        | 40/200 [03:38<13:57,  5.24s/it]
 20%|██        | 41/200 [03:44<13:58,  5.27s/it]
 21%|██        | 42/200 [03:49<14:02,  5.33s/it]
 22%|██▏       | 43/200 [03:54<13:52,  5.30s/it]
 22%|██▏       | 44/200 [04:00<13:49,  5.32s/it]
 22%|██▎       | 45/200 [04:05<13:38,  5.28s/it]
 23%|██▎       | 46/200 [04:10<13:28,  5.25s/it]
 24%|██▎       | 47/200 [04:15<13:14,  5.19s/it]
 24%|██▍       | 48/200 [04:21<13:39,  5.39s/it]
 24%|██▍       | 49/200 [04:27<13:42,  5.45s/it]
 25%|██▌       | 50/200 [04:32<13:31,  5.41s/it]
 26%|██▌       | 51/200 [04:37<13:14,  5.33s/it]
 26%|██▌       | 52/200 [04:43<13:14,  5.37s/it]
 26%|██▋       | 53/200 [04:48<13:14,  5.40s/it]
 27%|██▋       | 54/200 [04:54<13:31,  5.56s/it]
 28%|██▊       | 55/200 [05:00<13:45,  5.69s/it]
 28%|██▊       | 56/200 [05:06<13:57,  5.82s/it]
 28%|██▊       | 57/200 [05:12<13:59,  5.87s/it]
 29%|██▉       | 58/200 [05:17<13:30,  5.71s/it]
 30%|██▉       | 59/200 [05:23<13:22,  5.69s/it]
 30%|███       | 60/200 [05:28<13:06,  5.62s/it]
 30%|███       | 61/200 [05:34<12:42,  5.49s/it]
 31%|███       | 62/200 [05:39<12:40,  5.51s/it]
 32%|███▏      | 63/200 [05:45<12:28,  5.46s/it]
 32%|███▏      | 64/200 [05:50<12:21,  5.45s/it]
 32%|███▎      | 65/200 [05:55<12:05,  5.37s/it]
 33%|███▎      | 66/200 [06:00<11:53,  5.32s/it]
 34%|███▎      | 67/200 [06:06<11:49,  5.34s/it]
 34%|███▍      | 68/200 [06:11<11:47,  5.36s/it]
 34%|███▍      | 69/200 [06:17<11:46,  5.39s/it]
 35%|███▌      | 70/200 [06:22<11:55,  5.50s/it]
 36%|███▌      | 71/200 [06:29<12:24,  5.78s/it]
 36%|███▌      | 72/200 [06:34<11:58,  5.61s/it]
 36%|███▋      | 73/200 [06:39<11:33,  5.46s/it]
 37%|███▋      | 74/200 [06:44<11:16,  5.37s/it]
 38%|███▊      | 75/200 [06:50<11:11,  5.37s/it]
 38%|███▊      | 76/200 [06:55<11:09,  5.40s/it]
 38%|███▊      | 77/200 [07:00<11:01,  5.38s/it]
 39%|███▉      | 78/200 [07:06<10:58,  5.40s/it]
 40%|███▉      | 79/200 [07:11<10:55,  5.42s/it]
 40%|████      | 80/200 [07:17<10:56,  5.47s/it]
 40%|████      | 81/200 [07:23<11:01,  5.55s/it]
 41%|████      | 82/200 [07:28<11:01,  5.60s/it]
 42%|████▏     | 83/200 [07:34<10:38,  5.46s/it]
 42%|████▏     | 84/200 [07:39<10:37,  5.49s/it]
 42%|████▎     | 85/200 [07:45<10:31,  5.49s/it]
 43%|████▎     | 86/200 [07:50<10:24,  5.48s/it]
 44%|████▎     | 87/200 [07:56<10:18,  5.48s/it]
 44%|████▍     | 88/200 [08:01<10:14,  5.48s/it]
 44%|████▍     | 89/200 [08:07<10:13,  5.53s/it]
 45%|████▌     | 90/200 [08:12<10:06,  5.52s/it]
 46%|████▌     | 91/200 [08:17<09:49,  5.40s/it]
 46%|████▌     | 92/200 [08:22<09:31,  5.30s/it]
 46%|████▋     | 93/200 [08:27<09:19,  5.23s/it]
 47%|████▋     | 94/200 [08:33<09:17,  5.26s/it]
 48%|████▊     | 95/200 [08:38<09:19,  5.32s/it]
 48%|████▊     | 96/200 [08:43<09:04,  5.23s/it]
 48%|████▊     | 97/200 [08:49<09:15,  5.39s/it]
 49%|████▉     | 98/200 [08:54<09:10,  5.40s/it]
 50%|████▉     | 99/200 [09:00<09:06,  5.41s/it]
 50%|█████     | 100/200 [09:05<09:04,  5.45s/it]
 50%|█████     | 101/200 [09:11<09:03,  5.49s/it]
 51%|█████     | 102/200 [09:16<08:54,  5.45s/it]
 52%|█████▏    | 103/200 [09:22<08:51,  5.48s/it]
 52%|█████▏    | 104/200 [09:28<08:54,  5.56s/it]
 52%|█████▎    | 105/200 [09:33<08:37,  5.45s/it]
 53%|█████▎    | 106/200 [09:38<08:30,  5.43s/it]
 54%|█████▎    | 107/200 [09:43<08:20,  5.38s/it]
 54%|█████▍    | 108/200 [09:49<08:27,  5.51s/it]
 55%|█████▍    | 109/200 [09:55<08:22,  5.52s/it]
 55%|█████▌    | 110/200 [10:00<08:14,  5.50s/it]
 56%|█████▌    | 111/200 [10:06<08:26,  5.69s/it]
 56%|█████▌    | 112/200 [10:12<08:21,  5.69s/it]
 56%|█████▋    | 113/200 [10:18<08:12,  5.66s/it]
 57%|█████▋    | 114/200 [10:23<08:06,  5.66s/it]
 57%|█████▊    | 115/200 [10:29<07:54,  5.58s/it]
 58%|█████▊    | 116/200 [10:34<07:52,  5.63s/it]
 58%|█████▊    | 117/200 [10:40<07:43,  5.58s/it]
 59%|█████▉    | 118/200 [10:45<07:27,  5.45s/it]
 60%|█████▉    | 119/200 [10:50<07:12,  5.34s/it]
 60%|██████    | 120/200 [10:56<07:11,  5.39s/it]
 60%|██████    | 121/200 [11:01<07:00,  5.33s/it]
 61%|██████    | 122/200 [11:07<07:02,  5.42s/it]
 62%|██████▏   | 123/200 [11:12<06:57,  5.42s/it]
 62%|██████▏   | 124/200 [11:17<06:54,  5.46s/it]
 62%|██████▎   | 125/200 [11:23<06:47,  5.44s/it]
 63%|██████▎   | 126/200 [11:28<06:32,  5.31s/it]
 64%|██████▎   | 127/200 [11:33<06:24,  5.27s/it]
 64%|██████▍   | 128/200 [11:39<06:27,  5.39s/it]
 64%|██████▍   | 129/200 [11:44<06:25,  5.43s/it]
 65%|██████▌   | 130/200 [11:50<06:31,  5.59s/it]
 66%|██████▌   | 131/200 [11:56<06:36,  5.75s/it]
 66%|██████▌   | 132/200 [12:02<06:35,  5.81s/it]
 66%|██████▋   | 133/200 [12:08<06:27,  5.79s/it]
 67%|██████▋   | 134/200 [12:14<06:19,  5.75s/it]
 68%|██████▊   | 135/200 [12:19<06:05,  5.62s/it]
 68%|██████▊   | 136/200 [12:24<05:54,  5.54s/it]
 68%|██████▊   | 137/200 [12:30<05:42,  5.43s/it]
 69%|██████▉   | 138/200 [12:35<05:34,  5.40s/it]
 70%|██████▉   | 139/200 [12:40<05:33,  5.47s/it]
 70%|███████   | 140/200 [12:46<05:33,  5.55s/it]
 70%|███████   | 141/200 [12:52<05:24,  5.50s/it]
 71%|███████   | 142/200 [12:57<05:20,  5.52s/it]
 72%|███████▏  | 143/200 [13:03<05:19,  5.61s/it]
 72%|███████▏  | 144/200 [13:08<05:11,  5.57s/it]
 72%|███████▎  | 145/200 [13:14<05:04,  5.55s/it]
 73%|███████▎  | 146/200 [13:20<05:00,  5.56s/it]
 74%|███████▎  | 147/200 [13:25<04:49,  5.46s/it]
 74%|███████▍  | 148/200 [13:30<04:41,  5.42s/it]
 74%|███████▍  | 149/200 [13:36<04:42,  5.54s/it]
 75%|███████▌  | 150/200 [13:41<04:37,  5.55s/it]
 76%|███████▌  | 151/200 [13:47<04:24,  5.40s/it]
 76%|███████▌  | 152/200 [13:52<04:21,  5.46s/it]
 76%|███████▋  | 153/200 [13:58<04:16,  5.45s/it]
 77%|███████▋  | 154/200 [14:03<04:07,  5.38s/it]
 78%|███████▊  | 155/200 [14:08<04:01,  5.37s/it]
 78%|███████▊  | 156/200 [14:15<04:12,  5.75s/it]
 78%|███████▊  | 157/200 [14:20<04:03,  5.65s/it]
 79%|███████▉  | 158/200 [14:26<04:03,  5.80s/it]
 80%|███████▉  | 159/200 [14:32<03:50,  5.62s/it]
 80%|████████  | 160/200 [14:37<03:42,  5.57s/it]
 80%|████████  | 161/200 [14:42<03:34,  5.49s/it]
 81%|████████  | 162/200 [14:48<03:27,  5.46s/it]
 82%|████████▏ | 163/200 [14:54<03:28,  5.62s/it]
 82%|████████▏ | 164/200 [15:00<03:25,  5.70s/it]
 82%|████████▎ | 165/200 [15:06<03:23,  5.82s/it]
 83%|████████▎ | 166/200 [15:12<03:19,  5.87s/it]
 84%|████████▎ | 167/200 [15:17<03:11,  5.79s/it]
 84%|████████▍ | 168/200 [15:22<02:59,  5.61s/it]
 84%|████████▍ | 169/200 [15:28<02:51,  5.55s/it]
 85%|████████▌ | 170/200 [15:33<02:41,  5.39s/it]
 86%|████████▌ | 171/200 [15:38<02:32,  5.25s/it]
 86%|████████▌ | 172/200 [15:42<02:21,  5.07s/it]
 86%|████████▋ | 173/200 [15:47<02:15,  5.02s/it]
 87%|████████▋ | 174/200 [15:53<02:12,  5.10s/it]
 88%|████████▊ | 175/200 [15:58<02:07,  5.09s/it]
 88%|████████▊ | 176/200 [16:03<02:04,  5.17s/it]
 88%|████████▊ | 177/200 [16:08<01:59,  5.19s/it]
 89%|████████▉ | 178/200 [16:13<01:53,  5.16s/it]
 90%|████████▉ | 179/200 [16:18<01:47,  5.10s/it]
 90%|█████████ | 180/200 [16:24<01:44,  5.20s/it]
 90%|█████████ | 181/200 [16:29<01:39,  5.22s/it]
 91%|█████████ | 182/200 [16:35<01:35,  5.33s/it]
 92%|█████████▏| 183/200 [16:40<01:30,  5.32s/it]
 92%|█████████▏| 184/200 [16:45<01:24,  5.26s/it]
 92%|█████████▎| 185/200 [16:50<01:18,  5.22s/it]
 93%|█████████▎| 186/200 [16:55<01:12,  5.21s/it]
 94%|█████████▎| 187/200 [17:01<01:09,  5.36s/it]
 94%|█████████▍| 188/200 [17:07<01:04,  5.38s/it]
 94%|█████████▍| 189/200 [17:12<00:59,  5.37s/it]
 95%|█████████▌| 190/200 [17:17<00:53,  5.38s/it]
 96%|█████████▌| 191/200 [17:23<00:49,  5.54s/it]
 96%|█████████▌| 192/200 [17:29<00:43,  5.49s/it]
 96%|█████████▋| 193/200 [17:35<00:40,  5.77s/it]
 97%|█████████▋| 194/200 [17:41<00:34,  5.70s/it]
 98%|█████████▊| 195/200 [17:46<00:27,  5.55s/it]
 98%|█████████▊| 196/200 [17:51<00:22,  5.55s/it]
 98%|█████████▊| 197/200 [17:57<00:16,  5.48s/it]
 99%|█████████▉| 198/200 [18:02<00:10,  5.48s/it]
100%|█████████▉| 199/200 [18:07<00:05,  5.41s/it]
100%|██████████| 200/200 [18:13<00:00,  5.54s/it]
                                                 
0
1
2
3
4
5
6
7
8
9
10
11
12
13
14
15
16
17
18
19
20
21
22
23
24
25
26
27
28
29
30
31
32
33
34
35
36
37
38
39
40
41
42
43
44
45
46
47
48
49
50
51
52
53
54
55
56
57
58
59
60
61
62
63
64
65
66
67
68
69
70
71
72
73
74
75
76
77
78
79
80
81
82
83
84
85
86
87
88
89
90
91
92
93
94
95
96
97
98
99
100
101
102
103
104
105
106
107
108
109
110
111
112
113
114
115
116
117
118
119
120
121
122
123
124
125
126
127
128
129
130
131
132
133
134
135
136
137
138
139
140
141
142
143
144
145
146
147
148
149
150
151
152
153
154
155
156
157
158
159
160
161
162
163
164
165
166
167
168
169
170
171
172
173
174
175
176
177
178
179
180
181
182
183
184
185
186
187
188
189
190
191
192
193
194
195
196
197
198
199
