 
Files to read: ['../pilot-cpjump1-data/profiles/2020_11_04_CPJUMP1/BR00116995/BR00116995_normalized_feature_select_negcon.csv.gz']
Files to read: ['../pilot-cpjump1-data/profiles/2020_11_04_CPJUMP1/BR00117024/BR00117024_normalized_feature_select_negcon.csv.gz']
Files to read: ['../pilot-cpjump1-data/profiles/2020_11_04_CPJUMP1/BR00117025/BR00117025_normalized_feature_select_negcon.csv.gz']
Files to read: ['../pilot-cpjump1-data/profiles/2020_11_04_CPJUMP1/BR00117026/BR00117026_normalized_feature_select_negcon.csv.gz']
Files to read: ['../pilot-cpjump1-data/profiles/2020_11_04_CPJUMP1/BR00116997/BR00116997_normalized_feature_select_negcon.csv.gz']
Files to read: ['../pilot-cpjump1-data/profiles/2020_11_04_CPJUMP1/BR00116998/BR00116998_normalized_feature_select_negcon.csv.gz']
Files to read: ['../pilot-cpjump1-data/profiles/2020_11_04_CPJUMP1/BR00116999/BR00116999_normalized_feature_select_negcon.csv.gz']
Files to read: ['../pilot-cpjump1-data/profiles/2020_11_04_CPJUMP1/BR00116996/BR00116996_normalized_feature_select_negcon.csv.gz']
Files to read: ['../pilot-cpjump1-data/profiles/2020_11_04_CPJUMP1/BR00117022/BR00117022_normalized_feature_select_negcon.csv.gz']
Files to read: ['../pilot-cpjump1-data/profiles/2020_11_04_CPJUMP1/BR00117023/BR00117023_normalized_feature_select_negcon.csv.gz']

  0%|          | 0/200 [00:00<?, ?it/s]
  0%|          | 1/200 [00:08<27:47,  8.38s/it]
  1%|          | 2/200 [00:13<21:10,  6.42s/it]
  2%|▏         | 3/200 [00:18<19:00,  5.79s/it]
  2%|▏         | 4/200 [00:23<18:08,  5.55s/it]
  2%|▎         | 5/200 [00:28<17:42,  5.45s/it]
  3%|▎         | 6/200 [00:34<17:26,  5.40s/it]
  4%|▎         | 7/200 [00:40<17:55,  5.57s/it]
  4%|▍         | 8/200 [00:45<18:02,  5.64s/it]
  4%|▍         | 9/200 [00:51<18:14,  5.73s/it]
  5%|▌         | 10/200 [00:57<17:45,  5.61s/it]
  6%|▌         | 11/200 [01:02<17:21,  5.51s/it]
  6%|▌         | 12/200 [01:07<17:01,  5.43s/it]
  6%|▋         | 13/200 [01:12<16:38,  5.34s/it]
  7%|▋         | 14/200 [01:18<16:46,  5.41s/it]
  8%|▊         | 15/200 [01:23<16:28,  5.34s/it]
  8%|▊         | 16/200 [01:29<16:44,  5.46s/it]
  8%|▊         | 17/200 [01:34<16:28,  5.40s/it]
  9%|▉         | 18/200 [01:39<16:02,  5.29s/it]
 10%|▉         | 19/200 [01:44<15:51,  5.25s/it]
 10%|█         | 20/200 [01:49<15:37,  5.21s/it]
 10%|█         | 21/200 [01:55<15:28,  5.19s/it]
 11%|█         | 22/200 [02:00<16:01,  5.40s/it]
 12%|█▏        | 23/200 [02:06<15:41,  5.32s/it]
 12%|█▏        | 24/200 [02:11<15:29,  5.28s/it]
 12%|█▎        | 25/200 [02:17<16:16,  5.58s/it]
 13%|█▎        | 26/200 [02:22<15:46,  5.44s/it]
 14%|█▎        | 27/200 [02:28<15:44,  5.46s/it]
 14%|█▍        | 28/200 [02:33<15:26,  5.39s/it]
 14%|█▍        | 29/200 [02:38<15:00,  5.27s/it]
 15%|█▌        | 30/200 [02:43<14:50,  5.24s/it]
 16%|█▌        | 31/200 [02:49<15:14,  5.41s/it]
 16%|█▌        | 32/200 [02:54<15:08,  5.41s/it]
 16%|█▋        | 33/200 [02:59<14:36,  5.25s/it]
 17%|█▋        | 34/200 [03:04<14:21,  5.19s/it]
 18%|█▊        | 35/200 [03:09<14:08,  5.14s/it]
 18%|█▊        | 36/200 [03:15<14:27,  5.29s/it]
 18%|█▊        | 37/200 [03:20<14:29,  5.33s/it]
 19%|█▉        | 38/200 [03:26<14:18,  5.30s/it]
 20%|█▉        | 39/200 [03:30<13:54,  5.18s/it]
 20%|██        | 40/200 [03:35<13:16,  4.98s/it]
 20%|██        | 41/200 [03:40<13:28,  5.09s/it]
 21%|██        | 42/200 [03:45<13:28,  5.12s/it]
 22%|██▏       | 43/200 [03:51<13:22,  5.11s/it]
 22%|██▏       | 44/200 [03:56<13:20,  5.13s/it]
 22%|██▎       | 45/200 [04:01<13:13,  5.12s/it]
 23%|██▎       | 46/200 [04:06<13:12,  5.15s/it]
 24%|██▎       | 47/200 [04:11<13:04,  5.13s/it]
 24%|██▍       | 48/200 [04:16<12:58,  5.12s/it]
 24%|██▍       | 49/200 [04:22<13:13,  5.26s/it]
 25%|██▌       | 50/200 [04:28<13:45,  5.50s/it]
 26%|██▌       | 51/200 [04:33<13:34,  5.47s/it]
 26%|██▌       | 52/200 [04:39<13:30,  5.48s/it]
 26%|██▋       | 53/200 [04:44<13:24,  5.48s/it]
 27%|██▋       | 54/200 [04:50<13:12,  5.43s/it]
 28%|██▊       | 55/200 [04:55<12:47,  5.29s/it]
 28%|██▊       | 56/200 [05:00<12:50,  5.35s/it]
 28%|██▊       | 57/200 [05:05<12:48,  5.37s/it]
 29%|██▉       | 58/200 [05:11<12:48,  5.41s/it]
 30%|██▉       | 59/200 [05:17<13:14,  5.64s/it]
 30%|███       | 60/200 [05:22<12:54,  5.53s/it]
 30%|███       | 61/200 [05:28<12:34,  5.43s/it]
 31%|███       | 62/200 [05:33<12:21,  5.37s/it]
 32%|███▏      | 63/200 [05:38<12:15,  5.37s/it]
 32%|███▏      | 64/200 [05:44<12:37,  5.57s/it]
 32%|███▎      | 65/200 [05:50<12:22,  5.50s/it]
 33%|███▎      | 66/200 [05:55<12:03,  5.40s/it]
 34%|███▎      | 67/200 [06:00<11:57,  5.40s/it]
 34%|███▍      | 68/200 [06:05<11:49,  5.37s/it]
 34%|███▍      | 69/200 [06:11<11:37,  5.33s/it]
 35%|███▌      | 70/200 [06:16<11:37,  5.37s/it]
 36%|███▌      | 71/200 [06:22<11:48,  5.50s/it]
 36%|███▌      | 72/200 [06:28<11:48,  5.54s/it]
 36%|███▋      | 73/200 [06:33<11:26,  5.41s/it]
 37%|███▋      | 74/200 [06:38<11:15,  5.36s/it]
 38%|███▊      | 75/200 [06:43<11:18,  5.43s/it]
 38%|███▊      | 76/200 [06:49<11:07,  5.38s/it]
 38%|███▊      | 77/200 [06:54<10:57,  5.35s/it]
 39%|███▉      | 78/200 [06:59<10:49,  5.33s/it]
 40%|███▉      | 79/200 [07:04<10:34,  5.24s/it]
 40%|████      | 80/200 [07:10<10:34,  5.29s/it]
 40%|████      | 81/200 [07:15<10:37,  5.36s/it]
 41%|████      | 82/200 [07:21<10:42,  5.45s/it]
 42%|████▏     | 83/200 [07:26<10:41,  5.48s/it]
 42%|████▏     | 84/200 [07:32<10:42,  5.54s/it]
 42%|████▎     | 85/200 [07:38<11:02,  5.76s/it]
 43%|████▎     | 86/200 [07:44<10:39,  5.61s/it]
 44%|████▎     | 87/200 [07:49<10:19,  5.48s/it]
 44%|████▍     | 88/200 [07:54<10:05,  5.41s/it]
 44%|████▍     | 89/200 [07:59<09:51,  5.33s/it]
 45%|████▌     | 90/200 [08:05<09:54,  5.40s/it]
 46%|████▌     | 91/200 [08:10<09:56,  5.47s/it]
 46%|████▌     | 92/200 [08:16<10:06,  5.62s/it]
 46%|████▋     | 93/200 [08:22<10:03,  5.64s/it]
 47%|████▋     | 94/200 [08:28<10:07,  5.73s/it]
 48%|████▊     | 95/200 [08:34<10:00,  5.72s/it]
 48%|████▊     | 96/200 [08:39<09:53,  5.71s/it]
 48%|████▊     | 97/200 [08:45<09:42,  5.65s/it]
 49%|████▉     | 98/200 [08:51<09:48,  5.77s/it]
 50%|████▉     | 99/200 [08:56<09:28,  5.63s/it]
 50%|█████     | 100/200 [09:01<09:09,  5.49s/it]
 50%|█████     | 101/200 [09:07<09:00,  5.46s/it]
 51%|█████     | 102/200 [09:12<08:54,  5.45s/it]
 52%|█████▏    | 103/200 [09:18<09:06,  5.64s/it]
 52%|█████▏    | 104/200 [09:24<08:54,  5.56s/it]
 52%|█████▎    | 105/200 [09:29<08:35,  5.42s/it]
 53%|█████▎    | 106/200 [09:34<08:25,  5.38s/it]
 54%|█████▎    | 107/200 [09:39<08:16,  5.34s/it]
 54%|█████▍    | 108/200 [09:45<08:16,  5.40s/it]
 55%|█████▍    | 109/200 [09:51<08:23,  5.53s/it]
 55%|█████▌    | 110/200 [09:57<08:34,  5.71s/it]
 56%|█████▌    | 111/200 [10:03<08:34,  5.79s/it]
 56%|█████▌    | 112/200 [10:08<08:10,  5.57s/it]
 56%|█████▋    | 113/200 [10:13<07:52,  5.43s/it]
 57%|█████▋    | 114/200 [10:19<07:51,  5.48s/it]
 57%|█████▊    | 115/200 [10:24<07:43,  5.46s/it]
 58%|█████▊    | 116/200 [10:30<07:42,  5.51s/it]
 58%|█████▊    | 117/200 [10:35<07:42,  5.57s/it]
 59%|█████▉    | 118/200 [10:41<07:50,  5.73s/it]
 60%|█████▉    | 119/200 [10:47<07:43,  5.73s/it]
 60%|██████    | 120/200 [10:53<07:44,  5.81s/it]
 60%|██████    | 121/200 [10:59<07:27,  5.67s/it]
 61%|██████    | 122/200 [11:04<07:17,  5.60s/it]
 62%|██████▏   | 123/200 [11:09<06:55,  5.40s/it]
 62%|██████▏   | 124/200 [11:14<06:42,  5.30s/it]
 62%|██████▎   | 125/200 [11:19<06:29,  5.19s/it]
 63%|██████▎   | 126/200 [11:25<06:41,  5.43s/it]
 64%|██████▎   | 127/200 [11:30<06:38,  5.46s/it]
 64%|██████▍   | 128/200 [11:36<06:28,  5.39s/it]
 64%|██████▍   | 129/200 [11:41<06:26,  5.44s/it]
 65%|██████▌   | 130/200 [11:47<06:25,  5.51s/it]
 66%|██████▌   | 131/200 [11:52<06:11,  5.39s/it]
 66%|██████▌   | 132/200 [11:58<06:17,  5.56s/it]
 66%|██████▋   | 133/200 [12:03<06:00,  5.38s/it]
 67%|██████▋   | 134/200 [12:08<05:57,  5.41s/it]
 68%|██████▊   | 135/200 [12:14<05:51,  5.41s/it]
 68%|██████▊   | 136/200 [12:19<05:45,  5.40s/it]
 68%|██████▊   | 137/200 [12:24<05:38,  5.37s/it]
 69%|██████▉   | 138/200 [12:29<05:26,  5.27s/it]
 70%|██████▉   | 139/200 [12:35<05:31,  5.44s/it]
 70%|███████   | 140/200 [12:41<05:38,  5.64s/it]
 70%|███████   | 141/200 [12:46<05:21,  5.45s/it]
 71%|███████   | 142/200 [12:52<05:14,  5.43s/it]
 72%|███████▏  | 143/200 [12:57<05:06,  5.37s/it]
 72%|███████▏  | 144/200 [13:02<04:58,  5.32s/it]
 72%|███████▎  | 145/200 [13:07<04:48,  5.24s/it]
 73%|███████▎  | 146/200 [13:13<04:46,  5.31s/it]
 74%|███████▎  | 147/200 [13:18<04:39,  5.27s/it]
 74%|███████▍  | 148/200 [13:23<04:35,  5.30s/it]
 74%|███████▍  | 149/200 [13:29<04:37,  5.45s/it]
 75%|███████▌  | 150/200 [13:35<04:34,  5.49s/it]
 76%|███████▌  | 151/200 [13:41<04:35,  5.62s/it]
 76%|███████▌  | 152/200 [13:46<04:32,  5.67s/it]
 76%|███████▋  | 153/200 [13:52<04:24,  5.62s/it]
 77%|███████▋  | 154/200 [13:57<04:12,  5.48s/it]
 78%|███████▊  | 155/200 [14:02<04:03,  5.42s/it]
 78%|███████▊  | 156/200 [14:08<03:58,  5.43s/it]
 78%|███████▊  | 157/200 [14:13<03:54,  5.46s/it]
 79%|███████▉  | 158/200 [14:19<03:56,  5.63s/it]
 80%|███████▉  | 159/200 [14:25<03:47,  5.54s/it]
 80%|████████  | 160/200 [14:30<03:39,  5.48s/it]
 80%|████████  | 161/200 [14:35<03:29,  5.37s/it]
 81%|████████  | 162/200 [14:41<03:24,  5.39s/it]
 82%|████████▏ | 163/200 [14:46<03:17,  5.33s/it]
 82%|████████▏ | 164/200 [14:52<03:17,  5.50s/it]
 82%|████████▎ | 165/200 [14:57<03:08,  5.38s/it]
 83%|████████▎ | 166/200 [15:02<02:59,  5.29s/it]
 84%|████████▎ | 167/200 [15:07<02:56,  5.35s/it]
 84%|████████▍ | 168/200 [15:13<02:51,  5.35s/it]
 84%|████████▍ | 169/200 [15:18<02:43,  5.29s/it]
 85%|████████▌ | 170/200 [15:23<02:40,  5.36s/it]
 86%|████████▌ | 171/200 [15:29<02:34,  5.32s/it]
 86%|████████▌ | 172/200 [15:34<02:26,  5.23s/it]
 86%|████████▋ | 173/200 [15:39<02:26,  5.41s/it]
 87%|████████▋ | 174/200 [15:45<02:19,  5.37s/it]
 88%|████████▊ | 175/200 [15:50<02:16,  5.47s/it]
 88%|████████▊ | 176/200 [15:56<02:13,  5.57s/it]
 88%|████████▊ | 177/200 [16:02<02:06,  5.49s/it]
 89%|████████▉ | 178/200 [16:07<01:59,  5.44s/it]
 90%|████████▉ | 179/200 [16:12<01:52,  5.34s/it]
 90%|█████████ | 180/200 [16:18<01:51,  5.58s/it]
 90%|█████████ | 181/200 [16:23<01:44,  5.48s/it]
 91%|█████████ | 182/200 [16:29<01:37,  5.42s/it]
 92%|█████████▏| 183/200 [16:34<01:30,  5.30s/it]
 92%|█████████▏| 184/200 [16:39<01:24,  5.28s/it]
 92%|█████████▎| 185/200 [16:44<01:18,  5.25s/it]
 93%|█████████▎| 186/200 [16:49<01:13,  5.22s/it]
 94%|█████████▎| 187/200 [16:54<01:07,  5.16s/it]
 94%|█████████▍| 188/200 [16:59<01:01,  5.12s/it]
 94%|█████████▍| 189/200 [17:05<00:58,  5.30s/it]
 95%|█████████▌| 190/200 [17:11<00:54,  5.42s/it]
 96%|█████████▌| 191/200 [17:16<00:49,  5.48s/it]
 96%|█████████▌| 192/200 [17:22<00:43,  5.44s/it]
 96%|█████████▋| 193/200 [17:28<00:39,  5.68s/it]
 97%|█████████▋| 194/200 [17:33<00:33,  5.66s/it]
 98%|█████████▊| 195/200 [17:39<00:27,  5.51s/it]
 98%|█████████▊| 196/200 [17:44<00:21,  5.48s/it]
 98%|█████████▊| 197/200 [17:49<00:15,  5.29s/it]
 99%|█████████▉| 198/200 [17:54<00:10,  5.21s/it]
100%|█████████▉| 199/200 [17:59<00:05,  5.11s/it]
100%|██████████| 200/200 [18:04<00:00,  5.09s/it]
                                                 
0
1
2
3
4
5
6
7
8
9
10
11
12
13
14
15
16
17
18
19
20
21
22
23
24
25
26
27
28
29
30
31
32
33
34
35
36
37
38
39
40
41
42
43
44
45
46
47
48
49
50
51
52
53
54
55
56
57
58
59
60
61
62
63
64
65
66
67
68
69
70
71
72
73
74
75
76
77
78
79
80
81
82
83
84
85
86
87
88
89
90
91
92
93
94
95
96
97
98
99
100
101
102
103
104
105
106
107
108
109
110
111
112
113
114
115
116
117
118
119
120
121
122
123
124
125
126
127
128
129
130
131
132
133
134
135
136
137
138
139
140
141
142
143
144
145
146
147
148
149
150
151
152
153
154
155
156
157
158
159
160
161
162
163
164
165
166
167
168
169
170
171
172
173
174
175
176
177
178
179
180
181
182
183
184
185
186
187
188
189
190
191
192
193
194
195
196
197
198
199
