 
Files to read: ['../pilot-cpjump1-data/profiles/2020_11_04_CPJUMP1/BR00116995/BR00116995_normalized_feature_select_negcon.csv.gz']
Files to read: ['../pilot-cpjump1-data/profiles/2020_11_04_CPJUMP1/BR00117024/BR00117024_normalized_feature_select_negcon.csv.gz']
Files to read: ['../pilot-cpjump1-data/profiles/2020_11_04_CPJUMP1/BR00117025/BR00117025_normalized_feature_select_negcon.csv.gz']
Files to read: ['../pilot-cpjump1-data/profiles/2020_11_04_CPJUMP1/BR00117026/BR00117026_normalized_feature_select_negcon.csv.gz']
Files to read: ['../pilot-cpjump1-data/profiles/2020_11_04_CPJUMP1/BR00116997/BR00116997_normalized_feature_select_negcon.csv.gz']
Files to read: ['../pilot-cpjump1-data/profiles/2020_11_04_CPJUMP1/BR00116998/BR00116998_normalized_feature_select_negcon.csv.gz']
Files to read: ['../pilot-cpjump1-data/profiles/2020_11_04_CPJUMP1/BR00116999/BR00116999_normalized_feature_select_negcon.csv.gz']
Files to read: ['../pilot-cpjump1-data/profiles/2020_11_04_CPJUMP1/BR00116996/BR00116996_normalized_feature_select_negcon.csv.gz']
Files to read: ['../pilot-cpjump1-data/profiles/2020_11_04_CPJUMP1/BR00117022/BR00117022_normalized_feature_select_negcon.csv.gz']
Files to read: ['../pilot-cpjump1-data/profiles/2020_11_04_CPJUMP1/BR00117023/BR00117023_normalized_feature_select_negcon.csv.gz']

  0%|          | 0/200 [00:00<?, ?it/s]
  0%|          | 1/200 [00:08<27:34,  8.32s/it]
  1%|          | 2/200 [00:13<21:34,  6.54s/it]
  2%|▏         | 3/200 [00:18<19:01,  5.80s/it]
  2%|▏         | 4/200 [00:23<17:54,  5.48s/it]
  2%|▎         | 5/200 [00:28<17:33,  5.40s/it]
  3%|▎         | 6/200 [00:33<16:41,  5.16s/it]
  4%|▎         | 7/200 [00:38<16:23,  5.09s/it]
  4%|▍         | 8/200 [00:43<16:21,  5.11s/it]
  4%|▍         | 9/200 [00:48<16:06,  5.06s/it]
  5%|▌         | 10/200 [00:52<15:26,  4.88s/it]
  6%|▌         | 11/200 [00:57<15:05,  4.79s/it]
  6%|▌         | 12/200 [01:02<15:15,  4.87s/it]
  6%|▋         | 13/200 [01:07<15:14,  4.89s/it]
  7%|▋         | 14/200 [01:12<15:15,  4.92s/it]
  8%|▊         | 15/200 [01:17<15:14,  4.95s/it]
  8%|▊         | 16/200 [01:22<15:14,  4.97s/it]
  8%|▊         | 17/200 [01:27<15:08,  4.96s/it]
  9%|▉         | 18/200 [01:32<15:16,  5.03s/it]
 10%|▉         | 19/200 [01:37<15:20,  5.08s/it]
 10%|█         | 20/200 [01:42<15:05,  5.03s/it]
 10%|█         | 21/200 [01:47<15:02,  5.04s/it]
 11%|█         | 22/200 [01:53<15:40,  5.28s/it]
 12%|█▏        | 23/200 [01:59<15:53,  5.39s/it]
 12%|█▏        | 24/200 [02:04<15:44,  5.36s/it]
 12%|█▎        | 25/200 [02:10<16:16,  5.58s/it]
 13%|█▎        | 26/200 [02:15<15:48,  5.45s/it]
 14%|█▎        | 27/200 [02:20<15:20,  5.32s/it]
 14%|█▍        | 28/200 [02:25<15:00,  5.24s/it]
 14%|█▍        | 29/200 [02:30<14:33,  5.11s/it]
 15%|█▌        | 30/200 [02:35<14:18,  5.05s/it]
 16%|█▌        | 31/200 [02:40<14:03,  4.99s/it]
 16%|█▌        | 32/200 [02:45<13:56,  4.98s/it]
 16%|█▋        | 33/200 [02:50<13:43,  4.93s/it]
 17%|█▋        | 34/200 [02:55<14:08,  5.11s/it]
 18%|█▊        | 35/200 [03:01<14:08,  5.14s/it]
 18%|█▊        | 36/200 [03:05<13:49,  5.06s/it]
 18%|█▊        | 37/200 [03:10<13:37,  5.01s/it]
 19%|█▉        | 38/200 [03:15<13:33,  5.02s/it]
 20%|█▉        | 39/200 [03:20<13:18,  4.96s/it]
 20%|██        | 40/200 [03:26<13:30,  5.06s/it]
 20%|██        | 41/200 [03:31<14:05,  5.32s/it]
 21%|██        | 42/200 [03:36<13:32,  5.14s/it]
 22%|██▏       | 43/200 [03:41<13:03,  4.99s/it]
 22%|██▏       | 44/200 [03:46<13:12,  5.08s/it]
 22%|██▎       | 45/200 [03:51<13:01,  5.04s/it]
 23%|██▎       | 46/200 [03:56<12:59,  5.06s/it]
 24%|██▎       | 47/200 [04:02<13:36,  5.33s/it]
 24%|██▍       | 48/200 [04:07<13:07,  5.18s/it]
 24%|██▍       | 49/200 [04:12<12:52,  5.12s/it]
 25%|██▌       | 50/200 [04:17<12:31,  5.01s/it]
 26%|██▌       | 51/200 [04:21<12:13,  4.93s/it]
 26%|██▌       | 52/200 [04:27<12:21,  5.01s/it]
 26%|██▋       | 53/200 [04:32<12:11,  4.98s/it]
 27%|██▋       | 54/200 [04:37<12:17,  5.05s/it]
 28%|██▊       | 55/200 [04:42<12:01,  4.98s/it]
 28%|██▊       | 56/200 [04:46<11:49,  4.92s/it]
 28%|██▊       | 57/200 [04:52<11:58,  5.02s/it]
 29%|██▉       | 58/200 [04:56<11:47,  4.98s/it]
 30%|██▉       | 59/200 [05:01<11:41,  4.98s/it]
 30%|███       | 60/200 [05:06<11:30,  4.93s/it]
 30%|███       | 61/200 [05:11<11:19,  4.89s/it]
 31%|███       | 62/200 [05:16<11:18,  4.92s/it]
 32%|███▏      | 63/200 [05:21<11:11,  4.90s/it]
 32%|███▏      | 64/200 [05:26<11:05,  4.89s/it]
 32%|███▎      | 65/200 [05:30<10:51,  4.82s/it]
 33%|███▎      | 66/200 [05:35<10:52,  4.87s/it]
 34%|███▎      | 67/200 [05:40<10:53,  4.91s/it]
 34%|███▍      | 68/200 [05:45<10:48,  4.91s/it]
 34%|███▍      | 69/200 [05:50<10:40,  4.89s/it]
 35%|███▌      | 70/200 [05:55<10:38,  4.91s/it]
 36%|███▌      | 71/200 [06:00<10:37,  4.94s/it]
 36%|███▌      | 72/200 [06:05<10:29,  4.92s/it]
 36%|███▋      | 73/200 [06:10<10:18,  4.87s/it]
 37%|███▋      | 74/200 [06:15<10:19,  4.92s/it]
 38%|███▊      | 75/200 [06:20<10:12,  4.90s/it]
 38%|███▊      | 76/200 [06:25<10:05,  4.88s/it]
 38%|███▊      | 77/200 [06:30<10:05,  4.93s/it]
 39%|███▉      | 78/200 [06:35<10:24,  5.12s/it]
 40%|███▉      | 79/200 [06:40<10:04,  5.00s/it]
 40%|████      | 80/200 [06:45<10:05,  5.05s/it]
 40%|████      | 81/200 [06:50<09:49,  4.95s/it]
 41%|████      | 82/200 [06:55<09:49,  4.99s/it]
 42%|████▏     | 83/200 [07:00<09:42,  4.98s/it]
 42%|████▏     | 84/200 [07:05<09:40,  5.01s/it]
 42%|████▎     | 85/200 [07:10<09:39,  5.04s/it]
 43%|████▎     | 86/200 [07:15<09:33,  5.03s/it]
 44%|████▎     | 87/200 [07:20<09:36,  5.10s/it]
 44%|████▍     | 88/200 [07:26<09:53,  5.30s/it]
 44%|████▍     | 89/200 [07:32<09:58,  5.39s/it]
 45%|████▌     | 90/200 [07:37<09:52,  5.38s/it]
 46%|████▌     | 91/200 [07:42<09:33,  5.26s/it]
 46%|████▌     | 92/200 [07:47<09:15,  5.14s/it]
 46%|████▋     | 93/200 [07:52<09:04,  5.09s/it]
 47%|████▋     | 94/200 [07:57<08:57,  5.07s/it]
 48%|████▊     | 95/200 [08:02<08:52,  5.07s/it]
 48%|████▊     | 96/200 [08:08<09:26,  5.44s/it]
 48%|████▊     | 97/200 [08:13<09:05,  5.29s/it]
 49%|████▉     | 98/200 [08:18<08:55,  5.25s/it]
 50%|████▉     | 99/200 [08:23<08:36,  5.12s/it]
 50%|█████     | 100/200 [08:28<08:27,  5.07s/it]
 50%|█████     | 101/200 [08:33<08:24,  5.10s/it]
 51%|█████     | 102/200 [08:38<08:20,  5.11s/it]
 52%|█████▏    | 103/200 [08:43<08:07,  5.03s/it]
 52%|█████▏    | 104/200 [08:48<07:53,  4.93s/it]
 52%|█████▎    | 105/200 [08:53<07:40,  4.85s/it]
 53%|█████▎    | 106/200 [08:58<07:41,  4.91s/it]
 54%|█████▎    | 107/200 [09:02<07:30,  4.85s/it]
 54%|█████▍    | 108/200 [09:08<07:37,  4.97s/it]
 55%|█████▍    | 109/200 [09:12<07:30,  4.95s/it]
 55%|█████▌    | 110/200 [09:17<07:22,  4.91s/it]
 56%|█████▌    | 111/200 [09:22<07:18,  4.93s/it]
 56%|█████▌    | 112/200 [09:27<07:12,  4.91s/it]
 56%|█████▋    | 113/200 [09:32<07:02,  4.86s/it]
 57%|█████▋    | 114/200 [09:37<06:55,  4.83s/it]
 57%|█████▊    | 115/200 [09:42<06:59,  4.94s/it]
 58%|█████▊    | 116/200 [09:47<06:58,  4.99s/it]
 58%|█████▊    | 117/200 [09:52<06:55,  5.01s/it]
 59%|█████▉    | 118/200 [09:57<06:47,  4.97s/it]
 60%|█████▉    | 119/200 [10:02<06:51,  5.08s/it]
 60%|██████    | 120/200 [10:08<07:08,  5.36s/it]
 60%|██████    | 121/200 [10:14<07:03,  5.36s/it]
 61%|██████    | 122/200 [10:19<06:51,  5.27s/it]
 62%|██████▏   | 123/200 [10:24<06:45,  5.27s/it]
 62%|██████▏   | 124/200 [10:29<06:39,  5.26s/it]
 62%|██████▎   | 125/200 [10:34<06:24,  5.13s/it]
 63%|██████▎   | 126/200 [10:39<06:15,  5.07s/it]
 64%|██████▎   | 127/200 [10:44<06:10,  5.07s/it]
 64%|██████▍   | 128/200 [10:49<06:12,  5.17s/it]
 64%|██████▍   | 129/200 [10:55<06:11,  5.23s/it]
 65%|██████▌   | 130/200 [11:00<05:58,  5.12s/it]
 66%|██████▌   | 131/200 [11:04<05:46,  5.02s/it]
 66%|██████▌   | 132/200 [11:09<05:36,  4.95s/it]
 66%|██████▋   | 133/200 [11:14<05:28,  4.91s/it]
 67%|██████▋   | 134/200 [11:19<05:31,  5.02s/it]
 68%|██████▊   | 135/200 [11:24<05:23,  4.97s/it]
 68%|██████▊   | 136/200 [11:29<05:18,  4.98s/it]
 68%|██████▊   | 137/200 [11:34<05:13,  4.98s/it]
 69%|██████▉   | 138/200 [11:40<05:17,  5.13s/it]
 70%|██████▉   | 139/200 [11:44<05:05,  5.00s/it]
 70%|███████   | 140/200 [11:49<05:01,  5.02s/it]
 70%|███████   | 141/200 [11:54<04:52,  4.96s/it]
 71%|███████   | 142/200 [11:59<04:51,  5.02s/it]
 72%|███████▏  | 143/200 [12:04<04:39,  4.90s/it]
 72%|███████▏  | 144/200 [12:09<04:32,  4.86s/it]
 72%|███████▎  | 145/200 [12:13<04:26,  4.84s/it]
 73%|███████▎  | 146/200 [12:18<04:23,  4.87s/it]
 74%|███████▎  | 147/200 [12:23<04:17,  4.86s/it]
 74%|███████▍  | 148/200 [12:28<04:17,  4.95s/it]
 74%|███████▍  | 149/200 [12:33<04:08,  4.87s/it]
 75%|███████▌  | 150/200 [12:39<04:14,  5.09s/it]
 76%|███████▌  | 151/200 [12:43<04:05,  5.01s/it]
 76%|███████▌  | 152/200 [12:48<03:59,  5.00s/it]
 76%|███████▋  | 153/200 [12:53<03:53,  4.98s/it]
 77%|███████▋  | 154/200 [12:58<03:47,  4.94s/it]
 78%|███████▊  | 155/200 [13:03<03:41,  4.93s/it]
 78%|███████▊  | 156/200 [13:09<03:47,  5.16s/it]
 78%|███████▊  | 157/200 [13:14<03:41,  5.15s/it]
 79%|███████▉  | 158/200 [13:19<03:32,  5.07s/it]
 80%|███████▉  | 159/200 [13:24<03:26,  5.03s/it]
 80%|████████  | 160/200 [13:29<03:20,  5.00s/it]
 80%|████████  | 161/200 [13:34<03:14,  4.97s/it]
 81%|████████  | 162/200 [13:38<03:07,  4.93s/it]
 82%|████████▏ | 163/200 [13:44<03:05,  5.02s/it]
 82%|████████▏ | 164/200 [13:49<03:00,  5.00s/it]
 82%|████████▎ | 165/200 [13:54<02:55,  5.01s/it]
 83%|████████▎ | 166/200 [13:59<02:50,  5.00s/it]
 84%|████████▎ | 167/200 [14:04<02:45,  5.01s/it]
 84%|████████▍ | 168/200 [14:09<02:39,  4.97s/it]
 84%|████████▍ | 169/200 [14:13<02:31,  4.88s/it]
 85%|████████▌ | 170/200 [14:18<02:24,  4.83s/it]
 86%|████████▌ | 171/200 [14:23<02:18,  4.78s/it]
 86%|████████▌ | 172/200 [14:28<02:14,  4.81s/it]
 86%|████████▋ | 173/200 [14:33<02:15,  5.03s/it]
 87%|████████▋ | 174/200 [14:39<02:14,  5.17s/it]
 88%|████████▊ | 175/200 [14:44<02:08,  5.15s/it]
 88%|████████▊ | 176/200 [14:48<02:00,  5.03s/it]
 88%|████████▊ | 177/200 [14:53<01:55,  5.00s/it]
 89%|████████▉ | 178/200 [14:58<01:49,  4.98s/it]
 90%|████████▉ | 179/200 [15:03<01:45,  5.01s/it]
 90%|█████████ | 180/200 [15:08<01:40,  5.03s/it]
 90%|█████████ | 181/200 [15:13<01:32,  4.89s/it]
 91%|█████████ | 182/200 [15:18<01:27,  4.88s/it]
 92%|█████████▏| 183/200 [15:23<01:23,  4.89s/it]
 92%|█████████▏| 184/200 [15:27<01:17,  4.84s/it]
 92%|█████████▎| 185/200 [15:32<01:12,  4.85s/it]
 93%|█████████▎| 186/200 [15:37<01:07,  4.84s/it]
 94%|█████████▎| 187/200 [15:43<01:07,  5.21s/it]
 94%|█████████▍| 188/200 [15:49<01:04,  5.38s/it]
 94%|█████████▍| 189/200 [15:54<00:58,  5.33s/it]
 95%|█████████▌| 190/200 [15:59<00:52,  5.22s/it]
 96%|█████████▌| 191/200 [16:04<00:44,  5.00s/it]
 96%|█████████▌| 192/200 [16:08<00:39,  4.92s/it]
 96%|█████████▋| 193/200 [16:14<00:35,  5.05s/it]
 97%|█████████▋| 194/200 [16:19<00:29,  4.98s/it]
 98%|█████████▊| 195/200 [16:23<00:24,  4.82s/it]
 98%|█████████▊| 196/200 [16:28<00:19,  4.99s/it]
 98%|█████████▊| 197/200 [16:34<00:15,  5.08s/it]
 99%|█████████▉| 198/200 [16:39<00:10,  5.14s/it]
100%|█████████▉| 199/200 [16:44<00:05,  5.03s/it]
100%|██████████| 200/200 [16:49<00:00,  5.02s/it]
                                                 
0
1
2
3
4
5
6
7
8
9
10
11
12
13
14
15
16
17
18
19
20
21
22
23
24
25
26
27
28
29
30
31
32
33
34
35
36
37
38
39
40
41
42
43
44
45
46
47
48
49
50
51
52
53
54
55
56
57
58
59
60
61
62
63
64
65
66
67
68
69
70
71
72
73
74
75
76
77
78
79
80
81
82
83
84
85
86
87
88
89
90
91
92
93
94
95
96
97
98
99
100
101
102
103
104
105
106
107
108
109
110
111
112
113
114
115
116
117
118
119
120
121
122
123
124
125
126
127
128
129
130
131
132
133
134
135
136
137
138
139
140
141
142
143
144
145
146
147
148
149
150
151
152
153
154
155
156
157
158
159
160
161
162
163
164
165
166
167
168
169
170
171
172
173
174
175
176
177
178
179
180
181
182
183
184
185
186
187
188
189
190
191
192
193
194
195
196
197
198
199
