 
Files to read: ['../pilot-cpjump1-data/profiles/2020_11_04_CPJUMP1/BR00116995/BR00116995_normalized_feature_select_negcon.csv.gz']
Files to read: ['../pilot-cpjump1-data/profiles/2020_11_04_CPJUMP1/BR00117024/BR00117024_normalized_feature_select_negcon.csv.gz']
Files to read: ['../pilot-cpjump1-data/profiles/2020_11_04_CPJUMP1/BR00117025/BR00117025_normalized_feature_select_negcon.csv.gz']
Files to read: ['../pilot-cpjump1-data/profiles/2020_11_04_CPJUMP1/BR00117026/BR00117026_normalized_feature_select_negcon.csv.gz']
Files to read: ['../pilot-cpjump1-data/profiles/2020_11_04_CPJUMP1/BR00116997/BR00116997_normalized_feature_select_negcon.csv.gz']
Files to read: ['../pilot-cpjump1-data/profiles/2020_11_04_CPJUMP1/BR00116998/BR00116998_normalized_feature_select_negcon.csv.gz']
Files to read: ['../pilot-cpjump1-data/profiles/2020_11_04_CPJUMP1/BR00116999/BR00116999_normalized_feature_select_negcon.csv.gz']
Files to read: ['../pilot-cpjump1-data/profiles/2020_11_04_CPJUMP1/BR00116996/BR00116996_normalized_feature_select_negcon.csv.gz']
Files to read: ['../pilot-cpjump1-data/profiles/2020_11_04_CPJUMP1/BR00117022/BR00117022_normalized_feature_select_negcon.csv.gz']
Files to read: ['../pilot-cpjump1-data/profiles/2020_11_04_CPJUMP1/BR00117023/BR00117023_normalized_feature_select_negcon.csv.gz']

  0%|          | 0/200 [00:00<?, ?it/s]
  0%|          | 1/200 [00:07<23:23,  7.05s/it]
  1%|          | 2/200 [00:11<18:36,  5.64s/it]
  2%|▏         | 3/200 [00:16<16:40,  5.08s/it]
  2%|▏         | 4/200 [00:20<15:06,  4.63s/it]
  2%|▎         | 5/200 [00:23<14:05,  4.34s/it]
  3%|▎         | 6/200 [00:28<13:51,  4.29s/it]
  4%|▎         | 7/200 [00:32<13:56,  4.33s/it]
  4%|▍         | 8/200 [00:36<13:28,  4.21s/it]
  4%|▍         | 9/200 [00:40<13:22,  4.20s/it]
  5%|▌         | 10/200 [00:44<13:24,  4.23s/it]
  6%|▌         | 11/200 [00:48<13:01,  4.13s/it]
  6%|▌         | 12/200 [00:53<12:59,  4.15s/it]
  6%|▋         | 13/200 [00:56<12:40,  4.07s/it]
  7%|▋         | 14/200 [01:00<12:24,  4.00s/it]
  8%|▊         | 15/200 [01:04<12:17,  3.99s/it]
  8%|▊         | 16/200 [01:09<12:34,  4.10s/it]
  8%|▊         | 17/200 [01:13<13:00,  4.27s/it]
  9%|▉         | 18/200 [01:18<13:00,  4.29s/it]
 10%|▉         | 19/200 [01:22<12:40,  4.20s/it]
 10%|█         | 20/200 [01:26<12:41,  4.23s/it]
 10%|█         | 21/200 [01:30<12:43,  4.27s/it]
 11%|█         | 22/200 [01:34<12:39,  4.27s/it]
 12%|█▏        | 23/200 [01:39<12:39,  4.29s/it]
 12%|█▏        | 24/200 [01:43<12:17,  4.19s/it]
 12%|█▎        | 25/200 [01:47<12:11,  4.18s/it]
 13%|█▎        | 26/200 [01:51<12:05,  4.17s/it]
 14%|█▎        | 27/200 [01:55<12:01,  4.17s/it]
 14%|█▍        | 28/200 [01:59<11:55,  4.16s/it]
 14%|█▍        | 29/200 [02:04<11:50,  4.16s/it]
 15%|█▌        | 30/200 [02:07<11:27,  4.04s/it]
 16%|█▌        | 31/200 [02:11<11:24,  4.05s/it]
 16%|█▌        | 32/200 [02:15<11:21,  4.06s/it]
 16%|█▋        | 33/200 [02:20<11:20,  4.07s/it]
 17%|█▋        | 34/200 [02:24<11:15,  4.07s/it]
 18%|█▊        | 35/200 [02:27<10:50,  3.94s/it]
 18%|█▊        | 36/200 [02:31<10:35,  3.87s/it]
 18%|█▊        | 37/200 [02:35<10:39,  3.92s/it]
 19%|█▉        | 38/200 [02:39<10:33,  3.91s/it]
 20%|█▉        | 39/200 [02:43<10:32,  3.93s/it]
 20%|██        | 40/200 [02:47<10:27,  3.92s/it]
 20%|██        | 41/200 [02:51<10:22,  3.92s/it]
 21%|██        | 42/200 [02:54<10:04,  3.82s/it]
 22%|██▏       | 43/200 [02:58<10:00,  3.83s/it]
 22%|██▏       | 44/200 [03:02<10:07,  3.89s/it]
 22%|██▎       | 45/200 [03:06<10:10,  3.94s/it]
 23%|██▎       | 46/200 [03:10<09:59,  3.89s/it]
 24%|██▎       | 47/200 [03:14<09:48,  3.85s/it]
 24%|██▍       | 48/200 [03:18<09:45,  3.85s/it]
 24%|██▍       | 49/200 [03:22<10:08,  4.03s/it]
 25%|██▌       | 50/200 [03:26<09:47,  3.91s/it]
 26%|██▌       | 51/200 [03:29<09:37,  3.87s/it]
 26%|██▌       | 52/200 [03:33<09:39,  3.91s/it]
 26%|██▋       | 53/200 [03:37<09:39,  3.94s/it]
 27%|██▋       | 54/200 [03:41<09:28,  3.89s/it]
 28%|██▊       | 55/200 [03:45<09:19,  3.86s/it]
 28%|██▊       | 56/200 [03:49<09:24,  3.92s/it]
 28%|██▊       | 57/200 [03:53<09:38,  4.05s/it]
 29%|██▉       | 58/200 [03:58<09:54,  4.19s/it]
 30%|██▉       | 59/200 [04:02<09:43,  4.14s/it]
 30%|███       | 60/200 [04:06<09:51,  4.22s/it]
 30%|███       | 61/200 [04:10<09:33,  4.12s/it]
 31%|███       | 62/200 [04:14<09:22,  4.08s/it]
 32%|███▏      | 63/200 [04:18<09:12,  4.03s/it]
 32%|███▏      | 64/200 [04:22<08:58,  3.96s/it]
 32%|███▎      | 65/200 [04:26<08:56,  3.97s/it]
 33%|███▎      | 66/200 [04:30<09:05,  4.07s/it]
 34%|███▎      | 67/200 [04:34<08:50,  3.99s/it]
 34%|███▍      | 68/200 [04:38<08:44,  3.97s/it]
 34%|███▍      | 69/200 [04:42<08:36,  3.94s/it]
 35%|███▌      | 70/200 [04:46<08:39,  4.00s/it]
 36%|███▌      | 71/200 [04:50<08:29,  3.95s/it]
 36%|███▌      | 72/200 [04:54<08:17,  3.89s/it]
 36%|███▋      | 73/200 [04:58<08:15,  3.90s/it]
 37%|███▋      | 74/200 [05:02<08:22,  3.99s/it]
 38%|███▊      | 75/200 [05:05<08:03,  3.87s/it]
 38%|███▊      | 76/200 [05:09<07:57,  3.85s/it]
 38%|███▊      | 77/200 [05:13<07:58,  3.89s/it]
 39%|███▉      | 78/200 [05:17<07:50,  3.85s/it]
 40%|███▉      | 79/200 [05:21<07:48,  3.87s/it]
 40%|████      | 80/200 [05:25<07:42,  3.85s/it]
 40%|████      | 81/200 [05:29<07:42,  3.89s/it]
 41%|████      | 82/200 [05:32<07:36,  3.87s/it]
 42%|████▏     | 83/200 [05:36<07:34,  3.88s/it]
 42%|████▏     | 84/200 [05:40<07:25,  3.84s/it]
 42%|████▎     | 85/200 [05:44<07:23,  3.86s/it]
 43%|████▎     | 86/200 [05:48<07:12,  3.80s/it]
 44%|████▎     | 87/200 [05:51<07:11,  3.82s/it]
 44%|████▍     | 88/200 [05:56<07:28,  4.00s/it]
 44%|████▍     | 89/200 [06:00<07:19,  3.96s/it]
 45%|████▌     | 90/200 [06:04<07:11,  3.92s/it]
 46%|████▌     | 91/200 [06:07<06:58,  3.84s/it]
 46%|████▌     | 92/200 [06:11<07:04,  3.93s/it]
 46%|████▋     | 93/200 [06:15<06:46,  3.80s/it]
 47%|████▋     | 94/200 [06:19<06:38,  3.76s/it]
 48%|████▊     | 95/200 [06:23<06:56,  3.96s/it]
 48%|████▊     | 96/200 [06:27<06:46,  3.91s/it]
 48%|████▊     | 97/200 [06:31<06:49,  3.98s/it]
 49%|████▉     | 98/200 [06:35<06:35,  3.87s/it]
 50%|████▉     | 99/200 [06:39<06:35,  3.91s/it]
 50%|█████     | 100/200 [06:43<06:46,  4.07s/it]
 50%|█████     | 101/200 [06:47<06:42,  4.07s/it]
 51%|█████     | 102/200 [06:51<06:27,  3.95s/it]
 52%|█████▏    | 103/200 [06:55<06:25,  3.97s/it]
 52%|█████▏    | 104/200 [07:00<06:48,  4.26s/it]
 52%|█████▎    | 105/200 [07:04<06:36,  4.17s/it]
 53%|█████▎    | 106/200 [07:08<06:25,  4.10s/it]
 54%|█████▎    | 107/200 [07:12<06:16,  4.05s/it]
 54%|█████▍    | 108/200 [07:15<05:59,  3.91s/it]
 55%|█████▍    | 109/200 [07:19<05:55,  3.91s/it]
 55%|█████▌    | 110/200 [07:23<05:46,  3.85s/it]
 56%|█████▌    | 111/200 [07:26<05:39,  3.81s/it]
 56%|█████▌    | 112/200 [07:30<05:33,  3.79s/it]
 56%|█████▋    | 113/200 [07:34<05:40,  3.92s/it]
 57%|█████▋    | 114/200 [07:38<05:38,  3.93s/it]
 57%|█████▊    | 115/200 [07:42<05:36,  3.96s/it]
 58%|█████▊    | 116/200 [07:46<05:28,  3.91s/it]
 58%|█████▊    | 117/200 [07:50<05:18,  3.84s/it]
 59%|█████▉    | 118/200 [07:54<05:17,  3.87s/it]
 60%|█████▉    | 119/200 [07:58<05:25,  4.02s/it]
 60%|██████    | 120/200 [08:02<05:26,  4.09s/it]
 60%|██████    | 121/200 [08:06<05:13,  3.96s/it]
 61%|██████    | 122/200 [08:10<05:02,  3.88s/it]
 62%|██████▏   | 123/200 [08:14<04:59,  3.89s/it]
 62%|██████▏   | 124/200 [08:18<04:59,  3.94s/it]
 62%|██████▎   | 125/200 [08:22<04:53,  3.92s/it]
 63%|██████▎   | 126/200 [08:25<04:44,  3.85s/it]
 64%|██████▎   | 127/200 [08:29<04:39,  3.83s/it]
 64%|██████▍   | 128/200 [08:33<04:38,  3.87s/it]
 64%|██████▍   | 129/200 [08:37<04:35,  3.88s/it]
 65%|██████▌   | 130/200 [08:41<04:26,  3.81s/it]
 66%|██████▌   | 131/200 [08:44<04:21,  3.79s/it]
 66%|██████▌   | 132/200 [08:48<04:14,  3.75s/it]
 66%|██████▋   | 133/200 [08:52<04:11,  3.75s/it]
 67%|██████▋   | 134/200 [08:56<04:09,  3.78s/it]
 68%|██████▊   | 135/200 [09:00<04:10,  3.85s/it]
 68%|██████▊   | 136/200 [09:03<04:05,  3.83s/it]
 68%|██████▊   | 137/200 [09:07<03:59,  3.81s/it]
 69%|██████▉   | 138/200 [09:11<03:55,  3.79s/it]
 70%|██████▉   | 139/200 [09:15<03:53,  3.83s/it]
 70%|███████   | 140/200 [09:19<03:52,  3.87s/it]
 70%|███████   | 141/200 [09:23<03:45,  3.83s/it]
 71%|███████   | 142/200 [09:26<03:39,  3.78s/it]
 72%|███████▏  | 143/200 [09:30<03:44,  3.93s/it]
 72%|███████▏  | 144/200 [09:35<03:56,  4.22s/it]
 72%|███████▎  | 145/200 [09:40<03:52,  4.23s/it]
 73%|███████▎  | 146/200 [09:44<03:47,  4.21s/it]
 74%|███████▎  | 147/200 [09:48<03:40,  4.16s/it]
 74%|███████▍  | 148/200 [09:52<03:30,  4.05s/it]
 74%|███████▍  | 149/200 [09:55<03:23,  3.99s/it]
 75%|███████▌  | 150/200 [10:00<03:27,  4.15s/it]
 76%|███████▌  | 151/200 [10:04<03:21,  4.12s/it]
 76%|███████▌  | 152/200 [10:08<03:18,  4.14s/it]
 76%|███████▋  | 153/200 [10:12<03:08,  4.01s/it]
 77%|███████▋  | 154/200 [10:16<03:00,  3.93s/it]
 78%|███████▊  | 155/200 [10:19<02:55,  3.90s/it]
 78%|███████▊  | 156/200 [10:23<02:51,  3.89s/it]
 78%|███████▊  | 157/200 [10:27<02:47,  3.88s/it]
 79%|███████▉  | 158/200 [10:31<02:40,  3.83s/it]
 80%|███████▉  | 159/200 [10:35<02:34,  3.78s/it]
 80%|████████  | 160/200 [10:39<02:35,  3.88s/it]
 80%|████████  | 161/200 [10:43<02:34,  3.95s/it]
 81%|████████  | 162/200 [10:47<02:29,  3.94s/it]
 82%|████████▏ | 163/200 [10:51<02:25,  3.93s/it]
 82%|████████▏ | 164/200 [10:55<02:20,  3.92s/it]
 82%|████████▎ | 165/200 [10:58<02:15,  3.87s/it]
 83%|████████▎ | 166/200 [11:02<02:10,  3.85s/it]
 84%|████████▎ | 167/200 [11:07<02:14,  4.07s/it]
 84%|████████▍ | 168/200 [11:10<02:07,  3.98s/it]
 84%|████████▍ | 169/200 [11:14<02:01,  3.93s/it]
 85%|████████▌ | 170/200 [11:18<01:58,  3.95s/it]
 86%|████████▌ | 171/200 [11:22<01:52,  3.88s/it]
 86%|████████▌ | 172/200 [11:26<01:48,  3.86s/it]
 86%|████████▋ | 173/200 [11:30<01:46,  3.94s/it]
 87%|████████▋ | 174/200 [11:34<01:40,  3.87s/it]
 88%|████████▊ | 175/200 [11:37<01:36,  3.86s/it]
 88%|████████▊ | 176/200 [11:41<01:33,  3.88s/it]
 88%|████████▊ | 177/200 [11:45<01:28,  3.85s/it]
 89%|████████▉ | 178/200 [11:49<01:24,  3.85s/it]
 90%|████████▉ | 179/200 [11:53<01:22,  3.92s/it]
 90%|█████████ | 180/200 [11:57<01:18,  3.91s/it]
 90%|█████████ | 181/200 [12:01<01:14,  3.93s/it]
 91%|█████████ | 182/200 [12:05<01:13,  4.10s/it]
 92%|█████████▏| 183/200 [12:10<01:12,  4.25s/it]
 92%|█████████▏| 184/200 [12:14<01:08,  4.26s/it]
 92%|█████████▎| 185/200 [12:19<01:06,  4.41s/it]
 93%|█████████▎| 186/200 [12:23<00:59,  4.27s/it]
 94%|█████████▎| 187/200 [12:27<00:55,  4.25s/it]
 94%|█████████▍| 188/200 [12:31<00:50,  4.20s/it]
 94%|█████████▍| 189/200 [12:36<00:47,  4.29s/it]
 95%|█████████▌| 190/200 [12:40<00:41,  4.18s/it]
 96%|█████████▌| 191/200 [12:44<00:36,  4.09s/it]
 96%|█████████▌| 192/200 [12:47<00:32,  4.01s/it]
 96%|█████████▋| 193/200 [12:51<00:27,  3.97s/it]
 97%|█████████▋| 194/200 [12:55<00:23,  3.99s/it]
 98%|█████████▊| 195/200 [12:59<00:19,  3.94s/it]
 98%|█████████▊| 196/200 [13:03<00:15,  3.94s/it]
 98%|█████████▊| 197/200 [13:07<00:11,  3.91s/it]
 99%|█████████▉| 198/200 [13:11<00:07,  3.83s/it]
100%|█████████▉| 199/200 [13:15<00:03,  3.92s/it]
100%|██████████| 200/200 [13:19<00:00,  3.89s/it]
                                                 
0
1
2
3
4
5
6
7
8
9
10
11
12
13
14
15
16
17
18
19
20
21
22
23
24
25
26
27
28
29
30
31
32
33
34
35
36
37
38
39
40
41
42
43
44
45
46
47
48
49
50
51
52
53
54
55
56
57
58
59
60
61
62
63
64
65
66
67
68
69
70
71
72
73
74
75
76
77
78
79
80
81
82
83
84
85
86
87
88
89
90
91
92
93
94
95
96
97
98
99
100
101
102
103
104
105
106
107
108
109
110
111
112
113
114
115
116
117
118
119
120
121
122
123
124
125
126
127
128
129
130
131
132
133
134
135
136
137
138
139
140
141
142
143
144
145
146
147
148
149
150
151
152
153
154
155
156
157
158
159
160
161
162
163
164
165
166
167
168
169
170
171
172
173
174
175
176
177
178
179
180
181
182
183
184
185
186
187
188
189
190
191
192
193
194
195
196
197
198
199
