 
Files to read: ['../pilot-cpjump1-data/profiles/2020_11_04_CPJUMP1/BR00116995/BR00116995_normalized_feature_select_negcon.csv.gz']
Files to read: ['../pilot-cpjump1-data/profiles/2020_11_04_CPJUMP1/BR00117024/BR00117024_normalized_feature_select_negcon.csv.gz']
Files to read: ['../pilot-cpjump1-data/profiles/2020_11_04_CPJUMP1/BR00117025/BR00117025_normalized_feature_select_negcon.csv.gz']
Files to read: ['../pilot-cpjump1-data/profiles/2020_11_04_CPJUMP1/BR00117026/BR00117026_normalized_feature_select_negcon.csv.gz']
Files to read: ['../pilot-cpjump1-data/profiles/2020_11_04_CPJUMP1/BR00116997/BR00116997_normalized_feature_select_negcon.csv.gz']
Files to read: ['../pilot-cpjump1-data/profiles/2020_11_04_CPJUMP1/BR00116998/BR00116998_normalized_feature_select_negcon.csv.gz']
Files to read: ['../pilot-cpjump1-data/profiles/2020_11_04_CPJUMP1/BR00116999/BR00116999_normalized_feature_select_negcon.csv.gz']
Files to read: ['../pilot-cpjump1-data/profiles/2020_11_04_CPJUMP1/BR00116996/BR00116996_normalized_feature_select_negcon.csv.gz']
Files to read: ['../pilot-cpjump1-data/profiles/2020_11_04_CPJUMP1/BR00117022/BR00117022_normalized_feature_select_negcon.csv.gz']
Files to read: ['../pilot-cpjump1-data/profiles/2020_11_04_CPJUMP1/BR00117023/BR00117023_normalized_feature_select_negcon.csv.gz']

  0%|          | 0/200 [00:00<?, ?it/s]
  0%|          | 1/200 [00:05<19:36,  5.91s/it]
  1%|          | 2/200 [00:10<17:49,  5.40s/it]
  2%|▏         | 3/200 [00:16<17:18,  5.27s/it]
  2%|▏         | 4/200 [00:21<16:55,  5.18s/it]
  2%|▎         | 5/200 [00:26<16:53,  5.20s/it]
  3%|▎         | 6/200 [00:31<16:38,  5.14s/it]
  4%|▎         | 7/200 [00:36<16:31,  5.14s/it]
  4%|▍         | 8/200 [00:41<16:36,  5.19s/it]
  4%|▍         | 9/200 [00:46<16:19,  5.13s/it]
  5%|▌         | 10/200 [00:51<15:57,  5.04s/it]
  6%|▌         | 11/200 [00:57<16:15,  5.16s/it]
  6%|▌         | 12/200 [01:02<16:16,  5.19s/it]
  6%|▋         | 13/200 [01:07<15:57,  5.12s/it]
  7%|▋         | 14/200 [01:12<15:46,  5.09s/it]
  8%|▊         | 15/200 [01:17<15:40,  5.08s/it]
  8%|▊         | 16/200 [01:22<15:28,  5.04s/it]
  8%|▊         | 17/200 [01:27<15:22,  5.04s/it]
  9%|▉         | 18/200 [01:32<15:15,  5.03s/it]
 10%|▉         | 19/200 [01:37<15:36,  5.17s/it]
 10%|█         | 20/200 [01:43<15:51,  5.29s/it]
 10%|█         | 21/200 [01:49<16:12,  5.43s/it]
 11%|█         | 22/200 [01:55<16:59,  5.73s/it]
 12%|█▏        | 23/200 [02:00<16:31,  5.60s/it]
 12%|█▏        | 24/200 [02:06<16:10,  5.51s/it]
 12%|█▎        | 25/200 [02:11<15:53,  5.45s/it]
 13%|█▎        | 26/200 [02:17<16:02,  5.53s/it]
 14%|█▎        | 27/200 [02:22<15:35,  5.41s/it]
 14%|█▍        | 28/200 [02:27<15:02,  5.25s/it]
 14%|█▍        | 29/200 [02:32<15:03,  5.28s/it]
 15%|█▌        | 30/200 [02:37<14:46,  5.21s/it]
 16%|█▌        | 31/200 [02:42<14:30,  5.15s/it]
 16%|█▌        | 32/200 [02:47<14:17,  5.11s/it]
 16%|█▋        | 33/200 [02:52<14:13,  5.11s/it]
 17%|█▋        | 34/200 [02:57<13:59,  5.06s/it]
 18%|█▊        | 35/200 [03:02<13:57,  5.08s/it]
 18%|█▊        | 36/200 [03:07<13:52,  5.08s/it]
 18%|█▊        | 37/200 [03:13<13:48,  5.08s/it]
 19%|█▉        | 38/200 [03:18<13:43,  5.08s/it]
 20%|█▉        | 39/200 [03:23<13:51,  5.17s/it]
 20%|██        | 40/200 [03:28<13:36,  5.11s/it]
 20%|██        | 41/200 [03:33<13:24,  5.06s/it]
 21%|██        | 42/200 [03:39<14:14,  5.41s/it]
 22%|██▏       | 43/200 [03:45<14:25,  5.51s/it]
 22%|██▏       | 44/200 [03:50<13:58,  5.37s/it]
 22%|██▎       | 45/200 [03:55<13:37,  5.27s/it]
 23%|██▎       | 46/200 [04:00<13:17,  5.18s/it]
 24%|██▎       | 47/200 [04:05<13:04,  5.12s/it]
 24%|██▍       | 48/200 [04:10<12:56,  5.11s/it]
 24%|██▍       | 49/200 [04:15<12:44,  5.06s/it]
 25%|██▌       | 50/200 [04:20<12:42,  5.08s/it]
 26%|██▌       | 51/200 [04:25<12:25,  5.00s/it]
 26%|██▌       | 52/200 [04:30<12:21,  5.01s/it]
 26%|██▋       | 53/200 [04:35<12:16,  5.01s/it]
 27%|██▋       | 54/200 [04:40<12:08,  4.99s/it]
 28%|██▊       | 55/200 [04:45<12:22,  5.12s/it]
 28%|██▊       | 56/200 [04:51<12:37,  5.26s/it]
 28%|██▊       | 57/200 [04:57<12:56,  5.43s/it]
 29%|██▉       | 58/200 [05:03<13:07,  5.55s/it]
 30%|██▉       | 59/200 [05:08<13:00,  5.53s/it]
 30%|███       | 60/200 [05:13<12:38,  5.42s/it]
 30%|███       | 61/200 [05:18<12:21,  5.33s/it]
 31%|███       | 62/200 [05:24<12:17,  5.34s/it]
 32%|███▏      | 63/200 [05:29<11:57,  5.24s/it]
 32%|███▏      | 64/200 [05:34<11:41,  5.15s/it]
 32%|███▎      | 65/200 [05:39<11:30,  5.11s/it]
 33%|███▎      | 66/200 [05:44<11:24,  5.11s/it]
 34%|███▎      | 67/200 [05:49<11:11,  5.05s/it]
 34%|███▍      | 68/200 [05:54<10:59,  5.00s/it]
 34%|███▍      | 69/200 [05:59<10:55,  5.01s/it]
 35%|███▌      | 70/200 [06:04<10:51,  5.01s/it]
 36%|███▌      | 71/200 [06:09<10:49,  5.03s/it]
 36%|███▌      | 72/200 [06:14<10:43,  5.03s/it]
 36%|███▋      | 73/200 [06:19<10:48,  5.10s/it]
 37%|███▋      | 74/200 [06:24<10:38,  5.06s/it]
 38%|███▊      | 75/200 [06:29<10:35,  5.09s/it]
 38%|███▊      | 76/200 [06:34<10:30,  5.08s/it]
 38%|███▊      | 77/200 [06:39<10:22,  5.06s/it]
 39%|███▉      | 78/200 [06:44<10:16,  5.05s/it]
 40%|███▉      | 79/200 [06:49<10:08,  5.03s/it]
 40%|████      | 80/200 [06:56<10:52,  5.44s/it]
 40%|████      | 81/200 [07:01<10:34,  5.33s/it]
 41%|████      | 82/200 [07:06<10:23,  5.28s/it]
 42%|████▏     | 83/200 [07:11<10:00,  5.14s/it]
 42%|████▏     | 84/200 [07:16<09:57,  5.15s/it]
 42%|████▎     | 85/200 [07:21<09:46,  5.10s/it]
 43%|████▎     | 86/200 [07:27<10:09,  5.35s/it]
 44%|████▎     | 87/200 [07:32<10:04,  5.35s/it]
 44%|████▍     | 88/200 [07:37<09:49,  5.26s/it]
 44%|████▍     | 89/200 [07:42<09:40,  5.23s/it]
 45%|████▌     | 90/200 [07:47<09:34,  5.23s/it]
 46%|████▌     | 91/200 [07:53<09:26,  5.20s/it]
 46%|████▌     | 92/200 [07:58<09:18,  5.17s/it]
 46%|████▋     | 93/200 [08:03<09:10,  5.14s/it]
 47%|████▋     | 94/200 [08:08<09:02,  5.12s/it]
 48%|████▊     | 95/200 [08:13<09:00,  5.15s/it]
 48%|████▊     | 96/200 [08:18<08:54,  5.14s/it]
 48%|████▊     | 97/200 [08:23<08:46,  5.11s/it]
 49%|████▉     | 98/200 [08:28<08:44,  5.15s/it]
 50%|████▉     | 99/200 [08:34<08:37,  5.12s/it]
 50%|█████     | 100/200 [08:39<08:48,  5.29s/it]
 50%|█████     | 101/200 [08:44<08:30,  5.16s/it]
 51%|█████     | 102/200 [08:49<08:23,  5.14s/it]
 52%|█████▏    | 103/200 [08:55<08:28,  5.25s/it]
 52%|█████▏    | 104/200 [09:00<08:23,  5.24s/it]
 52%|█████▎    | 105/200 [09:05<08:13,  5.19s/it]
 53%|█████▎    | 106/200 [09:11<08:24,  5.37s/it]
 54%|█████▎    | 107/200 [09:16<08:29,  5.47s/it]
 54%|█████▍    | 108/200 [09:22<08:20,  5.44s/it]
 55%|█████▍    | 109/200 [09:28<08:25,  5.56s/it]
 55%|█████▌    | 110/200 [09:32<08:00,  5.33s/it]
 56%|█████▌    | 111/200 [09:38<07:50,  5.28s/it]
 56%|█████▌    | 112/200 [09:43<07:40,  5.23s/it]
 56%|█████▋    | 113/200 [09:48<07:28,  5.16s/it]
 57%|█████▋    | 114/200 [09:53<07:20,  5.13s/it]
 57%|█████▊    | 115/200 [09:59<07:32,  5.32s/it]
 58%|█████▊    | 116/200 [10:04<07:23,  5.27s/it]
 58%|█████▊    | 117/200 [10:09<07:13,  5.23s/it]
 59%|█████▉    | 118/200 [10:14<07:02,  5.16s/it]
 60%|█████▉    | 119/200 [10:19<06:54,  5.11s/it]
 60%|██████    | 120/200 [10:24<06:48,  5.11s/it]
 60%|██████    | 121/200 [10:29<06:44,  5.12s/it]
 61%|██████    | 122/200 [10:34<06:37,  5.10s/it]
 62%|██████▏   | 123/200 [10:39<06:29,  5.06s/it]
 62%|██████▏   | 124/200 [10:44<06:25,  5.08s/it]
 62%|██████▎   | 125/200 [10:49<06:23,  5.12s/it]
 63%|██████▎   | 126/200 [10:55<06:20,  5.14s/it]
 64%|██████▎   | 127/200 [11:00<06:15,  5.14s/it]
 64%|██████▍   | 128/200 [11:05<06:10,  5.14s/it]
 64%|██████▍   | 129/200 [11:10<06:04,  5.14s/it]
 65%|██████▌   | 130/200 [11:15<05:59,  5.14s/it]
 66%|██████▌   | 131/200 [11:20<05:56,  5.16s/it]
 66%|██████▌   | 132/200 [11:25<05:50,  5.15s/it]
 66%|██████▋   | 133/200 [11:31<05:52,  5.26s/it]
 67%|██████▋   | 134/200 [11:37<05:58,  5.43s/it]
 68%|██████▊   | 135/200 [11:43<06:06,  5.64s/it]
 68%|██████▊   | 136/200 [11:49<06:08,  5.76s/it]
 68%|██████▊   | 137/200 [11:54<05:50,  5.56s/it]
 69%|██████▉   | 138/200 [11:59<05:36,  5.43s/it]
 70%|██████▉   | 139/200 [12:04<05:24,  5.32s/it]
 70%|███████   | 140/200 [12:09<05:15,  5.25s/it]
 70%|███████   | 141/200 [12:14<05:06,  5.19s/it]
 71%|███████   | 142/200 [12:20<04:59,  5.17s/it]
 72%|███████▏  | 143/200 [12:25<05:01,  5.29s/it]
 72%|███████▏  | 144/200 [12:30<04:53,  5.24s/it]
 72%|███████▎  | 145/200 [12:35<04:46,  5.21s/it]
 73%|███████▎  | 146/200 [12:40<04:38,  5.16s/it]
 74%|███████▎  | 147/200 [12:45<04:30,  5.11s/it]
 74%|███████▍  | 148/200 [12:51<04:27,  5.15s/it]
 74%|███████▍  | 149/200 [12:56<04:19,  5.09s/it]
 75%|███████▌  | 150/200 [13:01<04:16,  5.13s/it]
 76%|███████▌  | 151/200 [13:06<04:11,  5.12s/it]
 76%|███████▌  | 152/200 [13:11<04:05,  5.12s/it]
 76%|███████▋  | 153/200 [13:16<03:59,  5.09s/it]
 77%|███████▋  | 154/200 [13:21<03:57,  5.17s/it]
 78%|███████▊  | 155/200 [13:26<03:49,  5.09s/it]
 78%|███████▊  | 156/200 [13:32<03:45,  5.14s/it]
 78%|███████▊  | 157/200 [13:36<03:36,  5.04s/it]
 79%|███████▉  | 158/200 [13:42<03:34,  5.10s/it]
 80%|███████▉  | 159/200 [13:47<03:28,  5.08s/it]
 80%|████████  | 160/200 [13:52<03:21,  5.03s/it]
 80%|████████  | 161/200 [13:56<03:11,  4.90s/it]
 81%|████████  | 162/200 [14:01<03:06,  4.92s/it]
 82%|████████▏ | 163/200 [14:06<03:04,  4.97s/it]
 82%|████████▏ | 164/200 [14:11<02:56,  4.91s/it]
 82%|████████▎ | 165/200 [14:16<02:55,  5.01s/it]
 83%|████████▎ | 166/200 [14:21<02:49,  4.98s/it]
 84%|████████▎ | 167/200 [14:26<02:42,  4.92s/it]
 84%|████████▍ | 168/200 [14:31<02:38,  4.94s/it]
 84%|████████▍ | 169/200 [14:36<02:36,  5.03s/it]
 85%|████████▌ | 170/200 [14:42<02:37,  5.27s/it]
 86%|████████▌ | 171/200 [14:48<02:35,  5.36s/it]
 86%|████████▌ | 172/200 [14:53<02:32,  5.46s/it]
 86%|████████▋ | 173/200 [14:59<02:27,  5.47s/it]
 87%|████████▋ | 174/200 [15:04<02:20,  5.40s/it]
 88%|████████▊ | 175/200 [15:09<02:13,  5.33s/it]
 88%|████████▊ | 176/200 [15:14<02:07,  5.30s/it]
 88%|████████▊ | 177/200 [15:19<01:59,  5.18s/it]
 89%|████████▉ | 178/200 [15:24<01:53,  5.15s/it]
 90%|████████▉ | 179/200 [15:30<01:50,  5.27s/it]
 90%|█████████ | 180/200 [15:35<01:44,  5.21s/it]
 90%|█████████ | 181/200 [15:40<01:37,  5.13s/it]
 91%|█████████ | 182/200 [15:45<01:33,  5.17s/it]
 92%|█████████▏| 183/200 [15:50<01:28,  5.20s/it]
 92%|█████████▏| 184/200 [15:55<01:22,  5.13s/it]
 92%|█████████▎| 185/200 [16:01<01:16,  5.12s/it]
 93%|█████████▎| 186/200 [16:06<01:11,  5.09s/it]
 94%|█████████▎| 187/200 [16:11<01:05,  5.06s/it]
 94%|█████████▍| 188/200 [16:16<01:00,  5.05s/it]
 94%|█████████▍| 189/200 [16:20<00:54,  4.99s/it]
 95%|█████████▌| 190/200 [16:26<00:50,  5.06s/it]
 96%|█████████▌| 191/200 [16:31<00:46,  5.16s/it]
 96%|█████████▌| 192/200 [16:36<00:41,  5.15s/it]
 96%|█████████▋| 193/200 [16:41<00:35,  5.07s/it]
 97%|█████████▋| 194/200 [16:46<00:30,  5.10s/it]
 98%|█████████▊| 195/200 [16:51<00:25,  5.01s/it]
 98%|█████████▊| 196/200 [16:56<00:20,  5.10s/it]
 98%|█████████▊| 197/200 [17:02<00:15,  5.14s/it]
 99%|█████████▉| 198/200 [17:07<00:10,  5.19s/it]
100%|█████████▉| 199/200 [17:12<00:05,  5.22s/it]
100%|██████████| 200/200 [17:17<00:00,  5.15s/it]
                                                 
0
1
2
3
4
5
6
7
8
9
10
11
12
13
14
15
16
17
18
19
20
21
22
23
24
25
26
27
28
29
30
31
32
33
34
35
36
37
38
39
40
41
42
43
44
45
46
47
48
49
50
51
52
53
54
55
56
57
58
59
60
61
62
63
64
65
66
67
68
69
70
71
72
73
74
75
76
77
78
79
80
81
82
83
84
85
86
87
88
89
90
91
92
93
94
95
96
97
98
99
100
101
102
103
104
105
106
107
108
109
110
111
112
113
114
115
116
117
118
119
120
121
122
123
124
125
126
127
128
129
130
131
132
133
134
135
136
137
138
139
140
141
142
143
144
145
146
147
148
149
150
151
152
153
154
155
156
157
158
159
160
161
162
163
164
165
166
167
168
169
170
171
172
173
174
175
176
177
178
179
180
181
182
183
184
185
186
187
188
189
190
191
192
193
194
195
196
197
198
199
