 
Files to read: ['../pilot-cpjump1-data/profiles/2020_11_04_CPJUMP1/BR00116995/BR00116995_normalized_feature_select_negcon.csv.gz']
Files to read: ['../pilot-cpjump1-data/profiles/2020_11_04_CPJUMP1/BR00117024/BR00117024_normalized_feature_select_negcon.csv.gz']
Files to read: ['../pilot-cpjump1-data/profiles/2020_11_04_CPJUMP1/BR00117025/BR00117025_normalized_feature_select_negcon.csv.gz']
Files to read: ['../pilot-cpjump1-data/profiles/2020_11_04_CPJUMP1/BR00117026/BR00117026_normalized_feature_select_negcon.csv.gz']
Files to read: ['../pilot-cpjump1-data/profiles/2020_11_04_CPJUMP1/BR00116997/BR00116997_normalized_feature_select_negcon.csv.gz']
Files to read: ['../pilot-cpjump1-data/profiles/2020_11_04_CPJUMP1/BR00116998/BR00116998_normalized_feature_select_negcon.csv.gz']
Files to read: ['../pilot-cpjump1-data/profiles/2020_11_04_CPJUMP1/BR00116999/BR00116999_normalized_feature_select_negcon.csv.gz']
Files to read: ['../pilot-cpjump1-data/profiles/2020_11_04_CPJUMP1/BR00116996/BR00116996_normalized_feature_select_negcon.csv.gz']
Files to read: ['../pilot-cpjump1-data/profiles/2020_11_04_CPJUMP1/BR00117022/BR00117022_normalized_feature_select_negcon.csv.gz']
Files to read: ['../pilot-cpjump1-data/profiles/2020_11_04_CPJUMP1/BR00117023/BR00117023_normalized_feature_select_negcon.csv.gz']

  0%|          | 0/200 [00:00<?, ?it/s]
  0%|          | 1/200 [00:08<29:35,  8.92s/it]
  1%|          | 2/200 [00:13<21:51,  6.62s/it]
  2%|▏         | 3/200 [00:19<20:46,  6.33s/it]
  2%|▏         | 4/200 [00:25<19:50,  6.07s/it]
  2%|▎         | 5/200 [00:30<18:43,  5.76s/it]
  3%|▎         | 6/200 [00:35<17:33,  5.43s/it]
  4%|▎         | 7/200 [00:40<17:00,  5.29s/it]
  4%|▍         | 8/200 [00:45<16:38,  5.20s/it]
  4%|▍         | 9/200 [00:50<16:44,  5.26s/it]
  5%|▌         | 10/200 [00:56<16:48,  5.31s/it]
  6%|▌         | 11/200 [01:01<16:30,  5.24s/it]
  6%|▌         | 12/200 [01:06<15:52,  5.07s/it]
  6%|▋         | 13/200 [01:10<15:30,  4.98s/it]
  7%|▋         | 14/200 [01:15<15:18,  4.94s/it]
  8%|▊         | 15/200 [01:20<15:18,  4.97s/it]
  8%|▊         | 16/200 [01:25<15:05,  4.92s/it]
  8%|▊         | 17/200 [01:30<15:00,  4.92s/it]
  9%|▉         | 18/200 [01:35<14:53,  4.91s/it]
 10%|▉         | 19/200 [01:40<14:44,  4.89s/it]
 10%|█         | 20/200 [01:45<14:47,  4.93s/it]
 10%|█         | 21/200 [01:50<14:42,  4.93s/it]
 11%|█         | 22/200 [01:55<14:40,  4.95s/it]
 12%|█▏        | 23/200 [02:00<14:33,  4.93s/it]
 12%|█▏        | 24/200 [02:05<14:44,  5.02s/it]
 12%|█▎        | 25/200 [02:10<14:40,  5.03s/it]
 13%|█▎        | 26/200 [02:15<14:38,  5.05s/it]
 14%|█▎        | 27/200 [02:20<14:35,  5.06s/it]
 14%|█▍        | 28/200 [02:25<14:33,  5.08s/it]
 14%|█▍        | 29/200 [02:30<14:33,  5.11s/it]
 15%|█▌        | 30/200 [02:35<14:13,  5.02s/it]
 16%|█▌        | 31/200 [02:40<14:12,  5.04s/it]
 16%|█▌        | 32/200 [02:46<14:21,  5.13s/it]
 16%|█▋        | 33/200 [02:51<14:14,  5.11s/it]
 17%|█▋        | 34/200 [02:56<13:58,  5.05s/it]
 18%|█▊        | 35/200 [03:01<14:09,  5.15s/it]
 18%|█▊        | 36/200 [03:07<14:39,  5.36s/it]
 18%|█▊        | 37/200 [03:12<14:46,  5.44s/it]
 19%|█▉        | 38/200 [03:18<14:25,  5.34s/it]
 20%|█▉        | 39/200 [03:22<13:57,  5.20s/it]
 20%|██        | 40/200 [03:27<13:34,  5.09s/it]
 20%|██        | 41/200 [03:32<13:18,  5.02s/it]
 21%|██        | 42/200 [03:37<13:14,  5.03s/it]
 22%|██▏       | 43/200 [03:42<13:05,  5.00s/it]
 22%|██▏       | 44/200 [03:47<13:00,  5.00s/it]
 22%|██▎       | 45/200 [03:53<13:18,  5.15s/it]
 23%|██▎       | 46/200 [03:58<13:35,  5.29s/it]
 24%|██▎       | 47/200 [04:03<13:25,  5.26s/it]
 24%|██▍       | 48/200 [04:08<13:03,  5.15s/it]
 24%|██▍       | 49/200 [04:13<12:50,  5.10s/it]
 25%|██▌       | 50/200 [04:18<12:47,  5.12s/it]
 26%|██▌       | 51/200 [04:23<12:31,  5.04s/it]
 26%|██▌       | 52/200 [04:28<12:15,  4.97s/it]
 26%|██▋       | 53/200 [04:33<12:22,  5.05s/it]
 27%|██▋       | 54/200 [04:39<12:23,  5.09s/it]
 28%|██▊       | 55/200 [04:44<12:26,  5.15s/it]
 28%|██▊       | 56/200 [04:49<12:07,  5.05s/it]
 28%|██▊       | 57/200 [04:53<11:50,  4.97s/it]
 29%|██▉       | 58/200 [04:58<11:42,  4.95s/it]
 30%|██▉       | 59/200 [05:03<11:37,  4.94s/it]
 30%|███       | 60/200 [05:08<11:30,  4.93s/it]
 30%|███       | 61/200 [05:13<11:19,  4.89s/it]
 31%|███       | 62/200 [05:18<11:31,  5.01s/it]
 32%|███▏      | 63/200 [05:23<11:22,  4.98s/it]
 32%|███▏      | 64/200 [05:28<11:11,  4.94s/it]
 32%|███▎      | 65/200 [05:33<10:58,  4.88s/it]
 33%|███▎      | 66/200 [05:38<10:57,  4.91s/it]
 34%|███▎      | 67/200 [05:43<11:02,  4.98s/it]
 34%|███▍      | 68/200 [05:48<10:49,  4.92s/it]
 34%|███▍      | 69/200 [05:53<10:43,  4.91s/it]
 35%|███▌      | 70/200 [05:57<10:37,  4.90s/it]
 36%|███▌      | 71/200 [06:02<10:23,  4.84s/it]
 36%|███▌      | 72/200 [06:07<10:28,  4.91s/it]
 36%|███▋      | 73/200 [06:13<10:52,  5.14s/it]
 37%|███▋      | 74/200 [06:18<10:39,  5.07s/it]
 38%|███▊      | 75/200 [06:23<10:35,  5.08s/it]
 38%|███▊      | 76/200 [06:28<10:23,  5.03s/it]
 38%|███▊      | 77/200 [06:33<10:17,  5.02s/it]
 39%|███▉      | 78/200 [06:38<10:03,  4.94s/it]
 40%|███▉      | 79/200 [06:43<10:02,  4.98s/it]
 40%|████      | 80/200 [06:48<09:54,  4.95s/it]
 40%|████      | 81/200 [06:52<09:46,  4.93s/it]
 41%|████      | 82/200 [06:57<09:36,  4.88s/it]
 42%|████▏     | 83/200 [07:02<09:32,  4.89s/it]
 42%|████▏     | 84/200 [07:07<09:24,  4.87s/it]
 42%|████▎     | 85/200 [07:12<09:25,  4.91s/it]
 43%|████▎     | 86/200 [07:17<09:16,  4.88s/it]
 44%|████▎     | 87/200 [07:22<09:25,  5.00s/it]
 44%|████▍     | 88/200 [07:28<09:37,  5.16s/it]
 44%|████▍     | 89/200 [07:33<09:36,  5.19s/it]
 45%|████▌     | 90/200 [07:38<09:16,  5.06s/it]
 46%|████▌     | 91/200 [07:43<09:27,  5.20s/it]
 46%|████▌     | 92/200 [07:49<09:42,  5.39s/it]
 46%|████▋     | 93/200 [07:54<09:24,  5.28s/it]
 47%|████▋     | 94/200 [07:59<09:12,  5.21s/it]
 48%|████▊     | 95/200 [08:04<09:02,  5.17s/it]
 48%|████▊     | 96/200 [08:09<08:43,  5.03s/it]
 48%|████▊     | 97/200 [08:14<08:32,  4.98s/it]
 49%|████▉     | 98/200 [08:19<08:27,  4.97s/it]
 50%|████▉     | 99/200 [08:23<08:19,  4.94s/it]
 50%|█████     | 100/200 [08:29<08:28,  5.09s/it]
 50%|█████     | 101/200 [08:34<08:17,  5.02s/it]
 51%|█████     | 102/200 [08:39<08:04,  4.94s/it]
 52%|█████▏    | 103/200 [08:44<08:06,  5.01s/it]
 52%|█████▏    | 104/200 [08:50<08:33,  5.35s/it]
 52%|█████▎    | 105/200 [08:55<08:36,  5.44s/it]
 53%|█████▎    | 106/200 [09:00<08:13,  5.25s/it]
 54%|█████▎    | 107/200 [09:05<07:56,  5.13s/it]
 54%|█████▍    | 108/200 [09:10<07:58,  5.20s/it]
 55%|█████▍    | 109/200 [09:16<07:48,  5.15s/it]
 55%|█████▌    | 110/200 [09:21<07:53,  5.26s/it]
 56%|█████▌    | 111/200 [09:26<07:37,  5.14s/it]
 56%|█████▌    | 112/200 [09:31<07:25,  5.07s/it]
 56%|█████▋    | 113/200 [09:35<07:10,  4.95s/it]
 57%|█████▋    | 114/200 [09:40<06:55,  4.83s/it]
 57%|█████▊    | 115/200 [09:45<06:46,  4.79s/it]
 58%|█████▊    | 116/200 [09:49<06:39,  4.76s/it]
 58%|█████▊    | 117/200 [09:54<06:35,  4.77s/it]
 59%|█████▉    | 118/200 [09:59<06:43,  4.93s/it]
 60%|█████▉    | 119/200 [10:04<06:35,  4.89s/it]
 60%|██████    | 120/200 [10:09<06:32,  4.91s/it]
 60%|██████    | 121/200 [10:14<06:22,  4.84s/it]
 61%|██████    | 122/200 [10:19<06:21,  4.89s/it]
 62%|██████▏   | 123/200 [10:24<06:20,  4.95s/it]
 62%|██████▏   | 124/200 [10:29<06:17,  4.96s/it]
 62%|██████▎   | 125/200 [10:34<06:06,  4.88s/it]
 63%|██████▎   | 126/200 [10:39<06:00,  4.88s/it]
 64%|██████▎   | 127/200 [10:44<05:59,  4.93s/it]
 64%|██████▍   | 128/200 [10:49<05:57,  4.96s/it]
 64%|██████▍   | 129/200 [10:53<05:49,  4.92s/it]
 65%|██████▌   | 130/200 [10:58<05:43,  4.91s/it]
 66%|██████▌   | 131/200 [11:04<05:58,  5.19s/it]
 66%|██████▌   | 132/200 [11:09<05:54,  5.22s/it]
 66%|██████▋   | 133/200 [11:14<05:42,  5.11s/it]
 67%|██████▋   | 134/200 [11:19<05:34,  5.07s/it]
 68%|██████▊   | 135/200 [11:24<05:30,  5.09s/it]
 68%|██████▊   | 136/200 [11:30<05:39,  5.30s/it]
 68%|██████▊   | 137/200 [11:36<05:39,  5.39s/it]
 69%|██████▉   | 138/200 [11:41<05:25,  5.25s/it]
 70%|██████▉   | 139/200 [11:46<05:14,  5.16s/it]
 70%|███████   | 140/200 [11:51<05:10,  5.17s/it]
 70%|███████   | 141/200 [11:56<05:00,  5.10s/it]
 71%|███████   | 142/200 [12:01<04:53,  5.06s/it]
 72%|███████▏  | 143/200 [12:06<04:49,  5.08s/it]
 72%|███████▏  | 144/200 [12:11<04:43,  5.05s/it]
 72%|███████▎  | 145/200 [12:16<04:37,  5.04s/it]
 73%|███████▎  | 146/200 [12:21<04:28,  4.98s/it]
 74%|███████▎  | 147/200 [12:26<04:23,  4.96s/it]
 74%|███████▍  | 148/200 [12:31<04:18,  4.98s/it]
 74%|███████▍  | 149/200 [12:36<04:13,  4.97s/it]
 75%|███████▌  | 150/200 [12:41<04:07,  4.94s/it]
 76%|███████▌  | 151/200 [12:46<04:07,  5.04s/it]
 76%|███████▌  | 152/200 [12:51<04:05,  5.11s/it]
 76%|███████▋  | 153/200 [12:56<04:03,  5.18s/it]
 77%|███████▋  | 154/200 [13:01<03:55,  5.12s/it]
 78%|███████▊  | 155/200 [13:06<03:48,  5.07s/it]
 78%|███████▊  | 156/200 [13:11<03:41,  5.04s/it]
 78%|███████▊  | 157/200 [13:16<03:35,  5.01s/it]
 79%|███████▉  | 158/200 [13:21<03:32,  5.05s/it]
 80%|███████▉  | 159/200 [13:27<03:31,  5.17s/it]
 80%|████████  | 160/200 [13:32<03:22,  5.06s/it]
 80%|████████  | 161/200 [13:37<03:16,  5.04s/it]
 81%|████████  | 162/200 [13:42<03:10,  5.01s/it]
 82%|████████▏ | 163/200 [13:47<03:07,  5.07s/it]
 82%|████████▏ | 164/200 [13:51<02:57,  4.94s/it]
 82%|████████▎ | 165/200 [13:57<02:55,  5.01s/it]
 83%|████████▎ | 166/200 [14:03<03:05,  5.45s/it]
 84%|████████▎ | 167/200 [14:09<03:03,  5.55s/it]
 84%|████████▍ | 168/200 [14:14<02:54,  5.46s/it]
 84%|████████▍ | 169/200 [14:19<02:45,  5.35s/it]
 85%|████████▌ | 170/200 [14:24<02:38,  5.27s/it]
 86%|████████▌ | 171/200 [14:30<02:35,  5.35s/it]
 86%|████████▌ | 172/200 [14:36<02:33,  5.49s/it]
 86%|████████▋ | 173/200 [14:41<02:24,  5.34s/it]
 87%|████████▋ | 174/200 [14:45<02:14,  5.18s/it]
 88%|████████▊ | 175/200 [14:50<02:06,  5.05s/it]
 88%|████████▊ | 176/200 [14:55<01:59,  4.97s/it]
 88%|████████▊ | 177/200 [15:00<01:55,  5.02s/it]
 89%|████████▉ | 178/200 [15:06<01:58,  5.39s/it]
 90%|████████▉ | 179/200 [15:12<01:52,  5.34s/it]
 90%|█████████ | 180/200 [15:16<01:43,  5.16s/it]
 90%|█████████ | 181/200 [15:21<01:36,  5.09s/it]
 91%|█████████ | 182/200 [15:27<01:33,  5.20s/it]
 92%|█████████▏| 183/200 [15:32<01:29,  5.24s/it]
 92%|█████████▏| 184/200 [15:37<01:22,  5.13s/it]
 92%|█████████▎| 185/200 [15:42<01:16,  5.12s/it]
 93%|█████████▎| 186/200 [15:47<01:11,  5.10s/it]
 94%|█████████▎| 187/200 [15:53<01:10,  5.45s/it]
 94%|█████████▍| 188/200 [15:59<01:05,  5.50s/it]
 94%|█████████▍| 189/200 [16:04<01:00,  5.46s/it]
 95%|█████████▌| 190/200 [16:09<00:52,  5.27s/it]
 96%|█████████▌| 191/200 [16:14<00:47,  5.24s/it]
 96%|█████████▌| 192/200 [16:19<00:40,  5.09s/it]
 96%|█████████▋| 193/200 [16:24<00:35,  5.13s/it]
 97%|█████████▋| 194/200 [16:29<00:30,  5.03s/it]
 98%|█████████▊| 195/200 [16:34<00:25,  5.05s/it]
 98%|█████████▊| 196/200 [16:39<00:19,  5.00s/it]
 98%|█████████▊| 197/200 [16:44<00:14,  4.96s/it]
 99%|█████████▉| 198/200 [16:49<00:09,  4.92s/it]
100%|█████████▉| 199/200 [16:54<00:04,  4.95s/it]
100%|██████████| 200/200 [16:59<00:00,  4.89s/it]
                                                 
0
1
2
3
4
5
6
7
8
9
10
11
12
13
14
15
16
17
18
19
20
21
22
23
24
25
26
27
28
29
30
31
32
33
34
35
36
37
38
39
40
41
42
43
44
45
46
47
48
49
50
51
52
53
54
55
56
57
58
59
60
61
62
63
64
65
66
67
68
69
70
71
72
73
74
75
76
77
78
79
80
81
82
83
84
85
86
87
88
89
90
91
92
93
94
95
96
97
98
99
100
101
102
103
104
105
106
107
108
109
110
111
112
113
114
115
116
117
118
119
120
121
122
123
124
125
126
127
128
129
130
131
132
133
134
135
136
137
138
139
140
141
142
143
144
145
146
147
148
149
150
151
152
153
154
155
156
157
158
159
160
161
162
163
164
165
166
167
168
169
170
171
172
173
174
175
176
177
178
179
180
181
182
183
184
185
186
187
188
189
190
191
192
193
194
195
196
197
198
199
