 
Files to read: ['../pilot-cpjump1-data/profiles/2020_11_04_CPJUMP1/BR00116995/BR00116995_normalized_feature_select_negcon.csv.gz']
Files to read: ['../pilot-cpjump1-data/profiles/2020_11_04_CPJUMP1/BR00117024/BR00117024_normalized_feature_select_negcon.csv.gz']
Files to read: ['../pilot-cpjump1-data/profiles/2020_11_04_CPJUMP1/BR00117025/BR00117025_normalized_feature_select_negcon.csv.gz']
Files to read: ['../pilot-cpjump1-data/profiles/2020_11_04_CPJUMP1/BR00117026/BR00117026_normalized_feature_select_negcon.csv.gz']
Files to read: ['../pilot-cpjump1-data/profiles/2020_11_04_CPJUMP1/BR00116997/BR00116997_normalized_feature_select_negcon.csv.gz']
Files to read: ['../pilot-cpjump1-data/profiles/2020_11_04_CPJUMP1/BR00116998/BR00116998_normalized_feature_select_negcon.csv.gz']
Files to read: ['../pilot-cpjump1-data/profiles/2020_11_04_CPJUMP1/BR00116999/BR00116999_normalized_feature_select_negcon.csv.gz']
Files to read: ['../pilot-cpjump1-data/profiles/2020_11_04_CPJUMP1/BR00116996/BR00116996_normalized_feature_select_negcon.csv.gz']
Files to read: ['../pilot-cpjump1-data/profiles/2020_11_04_CPJUMP1/BR00117022/BR00117022_normalized_feature_select_negcon.csv.gz']
Files to read: ['../pilot-cpjump1-data/profiles/2020_11_04_CPJUMP1/BR00117023/BR00117023_normalized_feature_select_negcon.csv.gz']

  0%|          | 0/200 [00:00<?, ?it/s]
  0%|          | 1/200 [00:07<24:24,  7.36s/it]
  1%|          | 2/200 [00:13<21:10,  6.42s/it]
  2%|▏         | 3/200 [00:18<19:40,  5.99s/it]
  2%|▏         | 4/200 [00:23<17:58,  5.50s/it]
  2%|▎         | 5/200 [00:28<17:13,  5.30s/it]
  3%|▎         | 6/200 [00:33<16:52,  5.22s/it]
  4%|▎         | 7/200 [00:38<16:24,  5.10s/it]
  4%|▍         | 8/200 [00:43<16:07,  5.04s/it]
  4%|▍         | 9/200 [00:48<16:06,  5.06s/it]
  5%|▌         | 10/200 [00:53<15:46,  4.98s/it]
  6%|▌         | 11/200 [00:58<16:18,  5.18s/it]
  6%|▌         | 12/200 [01:03<15:52,  5.07s/it]
  6%|▋         | 13/200 [01:08<16:10,  5.19s/it]
  7%|▋         | 14/200 [01:15<16:54,  5.45s/it]
  8%|▊         | 15/200 [01:20<16:24,  5.32s/it]
  8%|▊         | 16/200 [01:24<15:46,  5.14s/it]
  8%|▊         | 17/200 [01:29<15:29,  5.08s/it]
  9%|▉         | 18/200 [01:34<15:02,  4.96s/it]
 10%|▉         | 19/200 [01:39<15:02,  4.99s/it]
 10%|█         | 20/200 [01:44<14:50,  4.95s/it]
 10%|█         | 21/200 [01:49<14:59,  5.03s/it]
 11%|█         | 22/200 [01:54<14:58,  5.05s/it]
 12%|█▏        | 23/200 [01:59<14:52,  5.04s/it]
 12%|█▏        | 24/200 [02:04<14:56,  5.09s/it]
 12%|█▎        | 25/200 [02:09<14:52,  5.10s/it]
 13%|█▎        | 26/200 [02:15<14:54,  5.14s/it]
 14%|█▎        | 27/200 [02:21<15:28,  5.37s/it]
 14%|█▍        | 28/200 [02:25<15:00,  5.23s/it]
 14%|█▍        | 29/200 [02:30<14:36,  5.13s/it]
 15%|█▌        | 30/200 [02:36<14:37,  5.16s/it]
 16%|█▌        | 31/200 [02:41<14:24,  5.11s/it]
 16%|█▌        | 32/200 [02:46<14:09,  5.06s/it]
 16%|█▋        | 33/200 [02:51<14:03,  5.05s/it]
 17%|█▋        | 34/200 [02:56<13:54,  5.03s/it]
 18%|█▊        | 35/200 [03:00<13:39,  4.96s/it]
 18%|█▊        | 36/200 [03:06<13:43,  5.02s/it]
 18%|█▊        | 37/200 [03:11<14:13,  5.23s/it]
 19%|█▉        | 38/200 [03:16<13:59,  5.18s/it]
 20%|█▉        | 39/200 [03:22<13:58,  5.21s/it]
 20%|██        | 40/200 [03:27<13:48,  5.18s/it]
 20%|██        | 41/200 [03:31<13:21,  5.04s/it]
 21%|██        | 42/200 [03:36<13:10,  5.00s/it]
 22%|██▏       | 43/200 [03:41<12:59,  4.97s/it]
 22%|██▏       | 44/200 [03:46<12:58,  4.99s/it]
 22%|██▎       | 45/200 [03:52<13:05,  5.07s/it]
 23%|██▎       | 46/200 [03:57<13:29,  5.26s/it]
 24%|██▎       | 47/200 [04:03<13:34,  5.33s/it]
 24%|██▍       | 48/200 [04:09<13:58,  5.52s/it]
 24%|██▍       | 49/200 [04:14<13:47,  5.48s/it]
 25%|██▌       | 50/200 [04:19<13:18,  5.32s/it]
 26%|██▌       | 51/200 [04:25<13:22,  5.38s/it]
 26%|██▌       | 52/200 [04:30<13:09,  5.34s/it]
 26%|██▋       | 53/200 [04:35<12:45,  5.20s/it]
 27%|██▋       | 54/200 [04:40<12:38,  5.20s/it]
 28%|██▊       | 55/200 [04:45<12:35,  5.21s/it]
 28%|██▊       | 56/200 [04:50<12:24,  5.17s/it]
 28%|██▊       | 57/200 [04:55<12:20,  5.18s/it]
 29%|██▉       | 58/200 [05:00<12:09,  5.14s/it]
 30%|██▉       | 59/200 [05:06<12:16,  5.22s/it]
 30%|███       | 60/200 [05:11<12:00,  5.15s/it]
 30%|███       | 61/200 [05:16<11:45,  5.08s/it]
 31%|███       | 62/200 [05:21<11:46,  5.12s/it]
 32%|███▏      | 63/200 [05:26<11:33,  5.06s/it]
 32%|███▏      | 64/200 [05:31<11:47,  5.20s/it]
 32%|███▎      | 65/200 [05:36<11:35,  5.15s/it]
 33%|███▎      | 66/200 [05:42<11:39,  5.22s/it]
 34%|███▎      | 67/200 [05:47<11:25,  5.16s/it]
 34%|███▍      | 68/200 [05:52<11:10,  5.08s/it]
 34%|███▍      | 69/200 [05:57<11:01,  5.05s/it]
 35%|███▌      | 70/200 [06:02<11:01,  5.09s/it]
 36%|███▌      | 71/200 [06:07<10:48,  5.03s/it]
 36%|███▌      | 72/200 [06:12<10:35,  4.96s/it]
 36%|███▋      | 73/200 [06:17<10:36,  5.01s/it]
 37%|███▋      | 74/200 [06:22<10:34,  5.04s/it]
 38%|███▊      | 75/200 [06:27<10:27,  5.02s/it]
 38%|███▊      | 76/200 [06:31<10:10,  4.92s/it]
 38%|███▊      | 77/200 [06:37<10:19,  5.04s/it]
 39%|███▉      | 78/200 [06:42<10:10,  5.00s/it]
 40%|███▉      | 79/200 [06:47<10:00,  4.97s/it]
 40%|████      | 80/200 [06:51<09:53,  4.94s/it]
 40%|████      | 81/200 [06:56<09:52,  4.97s/it]
 41%|████      | 82/200 [07:03<10:25,  5.30s/it]
 42%|████▏     | 83/200 [07:09<10:46,  5.53s/it]
 42%|████▏     | 84/200 [07:14<10:44,  5.56s/it]
 42%|████▎     | 85/200 [07:20<10:48,  5.64s/it]
 43%|████▎     | 86/200 [07:26<10:45,  5.66s/it]
 44%|████▎     | 87/200 [07:31<10:29,  5.57s/it]
 44%|████▍     | 88/200 [07:36<10:10,  5.45s/it]
 44%|████▍     | 89/200 [07:42<10:01,  5.41s/it]
 45%|████▌     | 90/200 [07:46<09:33,  5.21s/it]
 46%|████▌     | 91/200 [07:52<09:28,  5.22s/it]
 46%|████▌     | 92/200 [07:56<09:13,  5.12s/it]
 46%|████▋     | 93/200 [08:02<09:06,  5.11s/it]
 47%|████▋     | 94/200 [08:07<08:55,  5.05s/it]
 48%|████▊     | 95/200 [08:12<08:49,  5.04s/it]
 48%|████▊     | 96/200 [08:16<08:38,  4.99s/it]
 48%|████▊     | 97/200 [08:21<08:38,  5.03s/it]
 49%|████▉     | 98/200 [08:27<08:32,  5.03s/it]
 50%|████▉     | 99/200 [08:32<08:29,  5.04s/it]
 50%|█████     | 100/200 [08:37<08:36,  5.17s/it]
 50%|█████     | 101/200 [08:42<08:26,  5.12s/it]
 51%|█████     | 102/200 [08:47<08:15,  5.05s/it]
 52%|█████▏    | 103/200 [08:52<08:10,  5.05s/it]
 52%|█████▏    | 104/200 [08:57<07:57,  4.98s/it]
 52%|█████▎    | 105/200 [09:03<08:18,  5.25s/it]
 53%|█████▎    | 106/200 [09:08<08:04,  5.15s/it]
 54%|█████▎    | 107/200 [09:13<07:51,  5.07s/it]
 54%|█████▍    | 108/200 [09:17<07:35,  4.95s/it]
 55%|█████▍    | 109/200 [09:22<07:32,  4.97s/it]
 55%|█████▌    | 110/200 [09:27<07:35,  5.07s/it]
 56%|█████▌    | 111/200 [09:32<07:29,  5.05s/it]
 56%|█████▌    | 112/200 [09:37<07:16,  4.96s/it]
 56%|█████▋    | 113/200 [09:42<07:09,  4.94s/it]
 57%|█████▋    | 114/200 [09:47<07:00,  4.89s/it]
 57%|█████▊    | 115/200 [09:52<07:09,  5.05s/it]
 58%|█████▊    | 116/200 [09:58<07:07,  5.09s/it]
 58%|█████▊    | 117/200 [10:03<07:03,  5.10s/it]
 59%|█████▉    | 118/200 [10:08<07:03,  5.16s/it]
 60%|█████▉    | 119/200 [10:13<06:53,  5.11s/it]
 60%|██████    | 120/200 [10:18<06:44,  5.06s/it]
 60%|██████    | 121/200 [10:23<06:34,  4.99s/it]
 61%|██████    | 122/200 [10:28<06:25,  4.94s/it]
 62%|██████▏   | 123/200 [10:33<06:25,  5.00s/it]
 62%|██████▏   | 124/200 [10:38<06:18,  4.98s/it]
 62%|██████▎   | 125/200 [10:43<06:14,  4.99s/it]
 63%|██████▎   | 126/200 [10:47<06:05,  4.94s/it]
 64%|██████▎   | 127/200 [10:53<06:20,  5.22s/it]
 64%|██████▍   | 128/200 [10:59<06:30,  5.43s/it]
 64%|██████▍   | 129/200 [11:04<06:20,  5.35s/it]
 65%|██████▌   | 130/200 [11:10<06:24,  5.50s/it]
 66%|██████▌   | 131/200 [11:15<06:07,  5.32s/it]
 66%|██████▌   | 132/200 [11:20<05:52,  5.18s/it]
 66%|██████▋   | 133/200 [11:25<05:39,  5.07s/it]
 67%|██████▋   | 134/200 [11:30<05:36,  5.10s/it]
 68%|██████▊   | 135/200 [11:35<05:35,  5.16s/it]
 68%|██████▊   | 136/200 [11:40<05:23,  5.05s/it]
 68%|██████▊   | 137/200 [11:46<05:28,  5.22s/it]
 69%|██████▉   | 138/200 [11:51<05:17,  5.12s/it]
 70%|██████▉   | 139/200 [11:56<05:18,  5.22s/it]
 70%|███████   | 140/200 [12:01<05:08,  5.14s/it]
 70%|███████   | 141/200 [12:06<05:01,  5.12s/it]
 71%|███████   | 142/200 [12:11<04:52,  5.04s/it]
 72%|███████▏  | 143/200 [12:16<04:44,  5.00s/it]
 72%|███████▏  | 144/200 [12:21<04:36,  4.94s/it]
 72%|███████▎  | 145/200 [12:26<04:32,  4.95s/it]
 73%|███████▎  | 146/200 [12:30<04:24,  4.90s/it]
 74%|███████▎  | 147/200 [12:35<04:20,  4.92s/it]
 74%|███████▍  | 148/200 [12:40<04:13,  4.88s/it]
 74%|███████▍  | 149/200 [12:45<04:16,  5.03s/it]
 75%|███████▌  | 150/200 [12:51<04:13,  5.06s/it]
 76%|███████▌  | 151/200 [12:56<04:05,  5.02s/it]
 76%|███████▌  | 152/200 [13:00<03:57,  4.95s/it]
 76%|███████▋  | 153/200 [13:05<03:53,  4.97s/it]
 77%|███████▋  | 154/200 [13:10<03:47,  4.95s/it]
 78%|███████▊  | 155/200 [13:15<03:39,  4.88s/it]
 78%|███████▊  | 156/200 [13:20<03:34,  4.88s/it]
 78%|███████▊  | 157/200 [13:25<03:29,  4.88s/it]
 79%|███████▉  | 158/200 [13:30<03:31,  5.04s/it]
 80%|███████▉  | 159/200 [13:35<03:23,  4.96s/it]
 80%|████████  | 160/200 [13:40<03:15,  4.88s/it]
 80%|████████  | 161/200 [13:45<03:10,  4.88s/it]
 81%|████████  | 162/200 [13:50<03:10,  5.02s/it]
 82%|████████▏ | 163/200 [13:56<03:15,  5.28s/it]
 82%|████████▏ | 164/200 [14:01<03:15,  5.42s/it]
 82%|████████▎ | 165/200 [14:08<03:17,  5.63s/it]
 83%|████████▎ | 166/200 [14:13<03:09,  5.58s/it]
 84%|████████▎ | 167/200 [14:19<03:04,  5.58s/it]
 84%|████████▍ | 168/200 [14:24<02:51,  5.37s/it]
 84%|████████▍ | 169/200 [14:29<02:49,  5.46s/it]
 85%|████████▌ | 170/200 [14:34<02:41,  5.37s/it]
 86%|████████▌ | 171/200 [14:39<02:32,  5.26s/it]
 86%|████████▌ | 172/200 [14:44<02:23,  5.12s/it]
 86%|████████▋ | 173/200 [14:49<02:18,  5.13s/it]
 87%|████████▋ | 174/200 [14:54<02:10,  5.01s/it]
 88%|████████▊ | 175/200 [14:59<02:05,  5.03s/it]
 88%|████████▊ | 176/200 [15:04<02:01,  5.06s/it]
 88%|████████▊ | 177/200 [15:09<01:56,  5.06s/it]
 89%|████████▉ | 178/200 [15:15<01:53,  5.18s/it]
 90%|████████▉ | 179/200 [15:20<01:48,  5.18s/it]
 90%|█████████ | 180/200 [15:25<01:43,  5.19s/it]
 90%|█████████ | 181/200 [15:30<01:36,  5.10s/it]
 91%|█████████ | 182/200 [15:35<01:30,  5.01s/it]
 92%|█████████▏| 183/200 [15:41<01:29,  5.26s/it]
 92%|█████████▏| 184/200 [15:46<01:22,  5.18s/it]
 92%|█████████▎| 185/200 [15:51<01:16,  5.12s/it]
 93%|█████████▎| 186/200 [15:56<01:11,  5.13s/it]
 94%|█████████▎| 187/200 [16:01<01:08,  5.24s/it]
 94%|█████████▍| 188/200 [16:06<01:01,  5.14s/it]
 94%|█████████▍| 189/200 [16:11<00:55,  5.02s/it]
 95%|█████████▌| 190/200 [16:16<00:49,  4.94s/it]
 96%|█████████▌| 191/200 [16:21<00:45,  5.01s/it]
 96%|█████████▌| 192/200 [16:26<00:41,  5.16s/it]
 96%|█████████▋| 193/200 [16:32<00:36,  5.19s/it]
 97%|█████████▋| 194/200 [16:37<00:31,  5.21s/it]
 98%|█████████▊| 195/200 [16:42<00:25,  5.15s/it]
 98%|█████████▊| 196/200 [16:47<00:20,  5.03s/it]
 98%|█████████▊| 197/200 [16:52<00:15,  5.06s/it]
 99%|█████████▉| 198/200 [16:57<00:10,  5.23s/it]
100%|█████████▉| 199/200 [17:03<00:05,  5.35s/it]
100%|██████████| 200/200 [17:09<00:00,  5.54s/it]
                                                 
0
1
2
3
4
5
6
7
8
9
10
11
12
13
14
15
16
17
18
19
20
21
22
23
24
25
26
27
28
29
30
31
32
33
34
35
36
37
38
39
40
41
42
43
44
45
46
47
48
49
50
51
52
53
54
55
56
57
58
59
60
61
62
63
64
65
66
67
68
69
70
71
72
73
74
75
76
77
78
79
80
81
82
83
84
85
86
87
88
89
90
91
92
93
94
95
96
97
98
99
100
101
102
103
104
105
106
107
108
109
110
111
112
113
114
115
116
117
118
119
120
121
122
123
124
125
126
127
128
129
130
131
132
133
134
135
136
137
138
139
140
141
142
143
144
145
146
147
148
149
150
151
152
153
154
155
156
157
158
159
160
161
162
163
164
165
166
167
168
169
170
171
172
173
174
175
176
177
178
179
180
181
182
183
184
185
186
187
188
189
190
191
192
193
194
195
196
197
198
199
