 
Files to read: ['../pilot-cpjump1-data/profiles/2020_11_04_CPJUMP1/BR00116995/BR00116995_normalized_feature_select_negcon.csv.gz']
Files to read: ['../pilot-cpjump1-data/profiles/2020_11_04_CPJUMP1/BR00117024/BR00117024_normalized_feature_select_negcon.csv.gz']
Files to read: ['../pilot-cpjump1-data/profiles/2020_11_04_CPJUMP1/BR00117025/BR00117025_normalized_feature_select_negcon.csv.gz']
Files to read: ['../pilot-cpjump1-data/profiles/2020_11_04_CPJUMP1/BR00117026/BR00117026_normalized_feature_select_negcon.csv.gz']
Files to read: ['../pilot-cpjump1-data/profiles/2020_11_04_CPJUMP1/BR00116997/BR00116997_normalized_feature_select_negcon.csv.gz']
Files to read: ['../pilot-cpjump1-data/profiles/2020_11_04_CPJUMP1/BR00116998/BR00116998_normalized_feature_select_negcon.csv.gz']
Files to read: ['../pilot-cpjump1-data/profiles/2020_11_04_CPJUMP1/BR00116999/BR00116999_normalized_feature_select_negcon.csv.gz']
Files to read: ['../pilot-cpjump1-data/profiles/2020_11_04_CPJUMP1/BR00116996/BR00116996_normalized_feature_select_negcon.csv.gz']
Files to read: ['../pilot-cpjump1-data/profiles/2020_11_04_CPJUMP1/BR00117022/BR00117022_normalized_feature_select_negcon.csv.gz']
Files to read: ['../pilot-cpjump1-data/profiles/2020_11_04_CPJUMP1/BR00117023/BR00117023_normalized_feature_select_negcon.csv.gz']

  0%|          | 0/200 [00:00<?, ?it/s]
  0%|          | 1/200 [00:08<27:54,  8.41s/it]
  1%|          | 2/200 [00:13<21:47,  6.60s/it]
  2%|▏         | 3/200 [00:19<20:13,  6.16s/it]
  2%|▏         | 4/200 [00:24<18:37,  5.70s/it]
  2%|▎         | 5/200 [00:29<17:45,  5.47s/it]
  3%|▎         | 6/200 [00:34<17:26,  5.40s/it]
  4%|▎         | 7/200 [00:39<16:52,  5.25s/it]
  4%|▍         | 8/200 [00:44<16:21,  5.11s/it]
  4%|▍         | 9/200 [00:49<16:02,  5.04s/it]
  5%|▌         | 10/200 [00:54<16:00,  5.05s/it]
  6%|▌         | 11/200 [00:59<15:48,  5.02s/it]
  6%|▌         | 12/200 [01:04<15:59,  5.10s/it]
  6%|▋         | 13/200 [01:10<16:23,  5.26s/it]
  7%|▋         | 14/200 [01:15<16:17,  5.26s/it]
  8%|▊         | 15/200 [01:21<16:30,  5.35s/it]
  8%|▊         | 16/200 [01:26<16:21,  5.34s/it]
  8%|▊         | 17/200 [01:31<16:01,  5.25s/it]
  9%|▉         | 18/200 [01:36<15:47,  5.21s/it]
 10%|▉         | 19/200 [01:41<15:46,  5.23s/it]
 10%|█         | 20/200 [01:47<15:52,  5.29s/it]
 10%|█         | 21/200 [01:52<16:02,  5.38s/it]
 11%|█         | 22/200 [01:58<15:56,  5.37s/it]
 12%|█▏        | 23/200 [02:03<15:58,  5.42s/it]
 12%|█▏        | 24/200 [02:09<15:54,  5.42s/it]
 12%|█▎        | 25/200 [02:14<15:36,  5.35s/it]
 13%|█▎        | 26/200 [02:19<15:22,  5.30s/it]
 14%|█▎        | 27/200 [02:24<15:18,  5.31s/it]
 14%|█▍        | 28/200 [02:30<15:18,  5.34s/it]
 14%|█▍        | 29/200 [02:35<15:13,  5.34s/it]
 15%|█▌        | 30/200 [02:40<14:57,  5.28s/it]
 16%|█▌        | 31/200 [02:45<14:38,  5.20s/it]
 16%|█▌        | 32/200 [02:51<14:39,  5.24s/it]
 16%|█▋        | 33/200 [02:56<14:22,  5.16s/it]
 17%|█▋        | 34/200 [03:01<14:17,  5.17s/it]
 18%|█▊        | 35/200 [03:06<14:14,  5.18s/it]
 18%|█▊        | 36/200 [03:11<14:08,  5.17s/it]
 18%|█▊        | 37/200 [03:16<13:54,  5.12s/it]
 19%|█▉        | 38/200 [03:21<13:36,  5.04s/it]
 20%|█▉        | 39/200 [03:26<13:44,  5.12s/it]
 20%|██        | 40/200 [03:32<13:47,  5.17s/it]
 20%|██        | 41/200 [03:37<14:12,  5.36s/it]
 21%|██        | 42/200 [03:43<14:14,  5.41s/it]
 22%|██▏       | 43/200 [03:48<14:02,  5.37s/it]
 22%|██▏       | 44/200 [03:53<13:54,  5.35s/it]
 22%|██▎       | 45/200 [03:59<13:45,  5.33s/it]
 23%|██▎       | 46/200 [04:04<13:57,  5.44s/it]
 24%|██▎       | 47/200 [04:10<14:05,  5.53s/it]
 24%|██▍       | 48/200 [04:16<14:12,  5.61s/it]
 24%|██▍       | 49/200 [04:22<14:12,  5.65s/it]
 25%|██▌       | 50/200 [04:27<13:53,  5.56s/it]
 26%|██▌       | 51/200 [04:32<13:35,  5.47s/it]
 26%|██▌       | 52/200 [04:37<13:15,  5.38s/it]
 26%|██▋       | 53/200 [04:43<12:57,  5.29s/it]
 27%|██▋       | 54/200 [04:48<13:04,  5.37s/it]
 28%|██▊       | 55/200 [04:53<12:42,  5.26s/it]
 28%|██▊       | 56/200 [04:58<12:31,  5.22s/it]
 28%|██▊       | 57/200 [05:04<12:26,  5.22s/it]
 29%|██▉       | 58/200 [05:09<12:16,  5.19s/it]
 30%|██▉       | 59/200 [05:14<12:04,  5.14s/it]
 30%|███       | 60/200 [05:19<11:59,  5.14s/it]
 30%|███       | 61/200 [05:24<11:57,  5.16s/it]
 31%|███       | 62/200 [05:30<12:07,  5.27s/it]
 32%|███▏      | 63/200 [05:35<11:53,  5.20s/it]
 32%|███▏      | 64/200 [05:40<11:50,  5.23s/it]
 32%|███▎      | 65/200 [05:45<11:40,  5.19s/it]
 33%|███▎      | 66/200 [05:50<11:33,  5.18s/it]
 34%|███▎      | 67/200 [05:55<11:31,  5.20s/it]
 34%|███▍      | 68/200 [06:01<11:26,  5.20s/it]
 34%|███▍      | 69/200 [06:06<11:14,  5.15s/it]
 35%|███▌      | 70/200 [06:11<11:03,  5.10s/it]
 36%|███▌      | 71/200 [06:16<11:08,  5.18s/it]
 36%|███▌      | 72/200 [06:21<11:16,  5.28s/it]
 36%|███▋      | 73/200 [06:27<11:07,  5.25s/it]
 37%|███▋      | 74/200 [06:32<11:02,  5.26s/it]
 38%|███▊      | 75/200 [06:37<10:49,  5.20s/it]
 38%|███▊      | 76/200 [06:42<10:32,  5.10s/it]
 38%|███▊      | 77/200 [06:47<10:35,  5.17s/it]
 39%|███▉      | 78/200 [06:52<10:32,  5.19s/it]
 40%|███▉      | 79/200 [06:58<10:30,  5.21s/it]
 40%|████      | 80/200 [07:03<10:20,  5.17s/it]
 40%|████      | 81/200 [07:08<10:11,  5.14s/it]
 41%|████      | 82/200 [07:13<10:20,  5.26s/it]
 42%|████▏     | 83/200 [07:19<10:28,  5.37s/it]
 42%|████▏     | 84/200 [07:25<10:40,  5.52s/it]
 42%|████▎     | 85/200 [07:30<10:36,  5.54s/it]
 43%|████▎     | 86/200 [07:36<10:36,  5.58s/it]
 44%|████▎     | 87/200 [07:41<10:19,  5.48s/it]
 44%|████▍     | 88/200 [07:47<10:04,  5.40s/it]
 44%|████▍     | 89/200 [07:52<09:58,  5.39s/it]
 45%|████▌     | 90/200 [07:57<09:53,  5.39s/it]
 46%|████▌     | 91/200 [08:03<09:45,  5.37s/it]
 46%|████▌     | 92/200 [08:08<09:55,  5.51s/it]
 46%|████▋     | 93/200 [08:14<09:55,  5.57s/it]
 47%|████▋     | 94/200 [08:19<09:38,  5.46s/it]
 48%|████▊     | 95/200 [08:24<09:11,  5.25s/it]
 48%|████▊     | 96/200 [08:29<09:03,  5.23s/it]
 48%|████▊     | 97/200 [08:34<08:53,  5.18s/it]
 49%|████▉     | 98/200 [08:40<08:58,  5.28s/it]
 50%|████▉     | 99/200 [08:46<09:03,  5.38s/it]
 50%|█████     | 100/200 [08:51<08:58,  5.39s/it]
 50%|█████     | 101/200 [08:56<08:37,  5.23s/it]
 51%|█████     | 102/200 [09:01<08:22,  5.13s/it]
 52%|█████▏    | 103/200 [09:06<08:12,  5.08s/it]
 52%|█████▏    | 104/200 [09:11<08:15,  5.16s/it]
 52%|█████▎    | 105/200 [09:16<08:06,  5.12s/it]
 53%|█████▎    | 106/200 [09:21<07:57,  5.08s/it]
 54%|█████▎    | 107/200 [09:26<07:53,  5.09s/it]
 54%|█████▍    | 108/200 [09:32<07:56,  5.18s/it]
 55%|█████▍    | 109/200 [09:37<07:48,  5.15s/it]
 55%|█████▌    | 110/200 [09:42<07:53,  5.26s/it]
 56%|█████▌    | 111/200 [09:47<07:50,  5.29s/it]
 56%|█████▌    | 112/200 [09:53<07:48,  5.33s/it]
 56%|█████▋    | 113/200 [09:59<08:03,  5.56s/it]
 57%|█████▋    | 114/200 [10:05<07:57,  5.56s/it]
 57%|█████▊    | 115/200 [10:10<07:41,  5.43s/it]
 58%|█████▊    | 116/200 [10:15<07:34,  5.41s/it]
 58%|█████▊    | 117/200 [10:20<07:20,  5.31s/it]
 59%|█████▉    | 118/200 [10:26<07:22,  5.39s/it]
 60%|█████▉    | 119/200 [10:31<07:09,  5.31s/it]
 60%|██████    | 120/200 [10:36<07:06,  5.33s/it]
 60%|██████    | 121/200 [10:41<06:54,  5.24s/it]
 61%|██████    | 122/200 [10:46<06:41,  5.15s/it]
 62%|██████▏   | 123/200 [10:51<06:36,  5.15s/it]
 62%|██████▏   | 124/200 [10:56<06:26,  5.08s/it]
 62%|██████▎   | 125/200 [11:01<06:15,  5.01s/it]
 63%|██████▎   | 126/200 [11:06<06:13,  5.05s/it]
 64%|██████▎   | 127/200 [11:12<06:22,  5.25s/it]
 64%|██████▍   | 128/200 [11:17<06:17,  5.25s/it]
 64%|██████▍   | 129/200 [11:22<06:14,  5.27s/it]
 65%|██████▌   | 130/200 [11:28<06:09,  5.28s/it]
 66%|██████▌   | 131/200 [11:33<06:00,  5.23s/it]
 66%|██████▌   | 132/200 [11:38<05:59,  5.28s/it]
 66%|██████▋   | 133/200 [11:44<05:56,  5.32s/it]
 67%|██████▋   | 134/200 [11:49<05:53,  5.35s/it]
 68%|██████▊   | 135/200 [11:54<05:46,  5.33s/it]
 68%|██████▊   | 136/200 [11:59<05:35,  5.25s/it]
 68%|██████▊   | 137/200 [12:05<05:30,  5.25s/it]
 69%|██████▉   | 138/200 [12:10<05:31,  5.34s/it]
 70%|██████▉   | 139/200 [12:16<05:25,  5.34s/it]
 70%|███████   | 140/200 [12:21<05:19,  5.32s/it]
 70%|███████   | 141/200 [12:26<05:12,  5.29s/it]
 71%|███████   | 142/200 [12:31<05:08,  5.31s/it]
 72%|███████▏  | 143/200 [12:37<05:01,  5.29s/it]
 72%|███████▏  | 144/200 [12:43<05:06,  5.46s/it]
 72%|███████▎  | 145/200 [12:48<05:03,  5.51s/it]
 73%|███████▎  | 146/200 [12:54<04:56,  5.48s/it]
 74%|███████▎  | 147/200 [12:59<04:46,  5.41s/it]
 74%|███████▍  | 148/200 [13:04<04:38,  5.36s/it]
 74%|███████▍  | 149/200 [13:09<04:26,  5.22s/it]
 75%|███████▌  | 150/200 [13:14<04:17,  5.15s/it]
 76%|███████▌  | 151/200 [13:19<04:14,  5.19s/it]
 76%|███████▌  | 152/200 [13:25<04:09,  5.20s/it]
 76%|███████▋  | 153/200 [13:30<04:06,  5.25s/it]
 77%|███████▋  | 154/200 [13:35<04:04,  5.33s/it]
 78%|███████▊  | 155/200 [13:41<03:58,  5.31s/it]
 78%|███████▊  | 156/200 [13:46<03:54,  5.33s/it]
 78%|███████▊  | 157/200 [13:51<03:43,  5.19s/it]
 79%|███████▉  | 158/200 [13:56<03:37,  5.18s/it]
 80%|███████▉  | 159/200 [14:01<03:32,  5.17s/it]
 80%|████████  | 160/200 [14:07<03:33,  5.33s/it]
 80%|████████  | 161/200 [14:12<03:29,  5.38s/it]
 81%|████████  | 162/200 [14:18<03:29,  5.51s/it]
 82%|████████▏ | 163/200 [14:24<03:26,  5.57s/it]
 82%|████████▏ | 164/200 [14:30<03:26,  5.73s/it]
 82%|████████▎ | 165/200 [14:35<03:15,  5.59s/it]
 83%|████████▎ | 166/200 [14:41<03:07,  5.51s/it]
 84%|████████▎ | 167/200 [14:46<02:56,  5.34s/it]
 84%|████████▍ | 168/200 [14:51<02:50,  5.33s/it]
 84%|████████▍ | 169/200 [14:56<02:43,  5.27s/it]
 85%|████████▌ | 170/200 [15:01<02:38,  5.27s/it]
 86%|████████▌ | 171/200 [15:07<02:33,  5.31s/it]
 86%|████████▌ | 172/200 [15:13<02:33,  5.48s/it]
 86%|████████▋ | 173/200 [15:18<02:26,  5.43s/it]
 87%|████████▋ | 174/200 [15:23<02:20,  5.42s/it]
 88%|████████▊ | 175/200 [15:29<02:14,  5.40s/it]
 88%|████████▊ | 176/200 [15:34<02:09,  5.40s/it]
 88%|████████▊ | 177/200 [15:39<02:04,  5.41s/it]
 89%|████████▉ | 178/200 [15:44<01:56,  5.29s/it]
 90%|████████▉ | 179/200 [15:50<01:50,  5.28s/it]
 90%|█████████ | 180/200 [15:55<01:45,  5.26s/it]
 90%|█████████ | 181/200 [16:00<01:37,  5.15s/it]
 91%|█████████ | 182/200 [16:05<01:34,  5.22s/it]
 92%|█████████▏| 183/200 [16:10<01:28,  5.19s/it]
 92%|█████████▏| 184/200 [16:16<01:24,  5.27s/it]
 92%|█████████▎| 185/200 [16:21<01:18,  5.24s/it]
 93%|█████████▎| 186/200 [16:27<01:14,  5.35s/it]
 94%|█████████▎| 187/200 [16:32<01:10,  5.42s/it]
 94%|█████████▍| 188/200 [16:38<01:04,  5.42s/it]
 94%|█████████▍| 189/200 [16:43<00:59,  5.37s/it]
 95%|█████████▌| 190/200 [16:48<00:53,  5.37s/it]
 96%|█████████▌| 191/200 [16:53<00:47,  5.27s/it]
 96%|█████████▌| 192/200 [16:58<00:41,  5.24s/it]
 96%|█████████▋| 193/200 [17:04<00:36,  5.24s/it]
 97%|█████████▋| 194/200 [17:09<00:31,  5.20s/it]
 98%|█████████▊| 195/200 [17:14<00:26,  5.24s/it]
 98%|█████████▊| 196/200 [17:20<00:21,  5.32s/it]
 98%|█████████▊| 197/200 [17:26<00:16,  5.51s/it]
 99%|█████████▉| 198/200 [17:31<00:11,  5.57s/it]
100%|█████████▉| 199/200 [17:37<00:05,  5.64s/it]
100%|██████████| 200/200 [17:42<00:00,  5.57s/it]
                                                 
0
1
2
3
4
5
6
7
8
9
10
11
12
13
14
15
16
17
18
19
20
21
22
23
24
25
26
27
28
29
30
31
32
33
34
35
36
37
38
39
40
41
42
43
44
45
46
47
48
49
50
51
52
53
54
55
56
57
58
59
60
61
62
63
64
65
66
67
68
69
70
71
72
73
74
75
76
77
78
79
80
81
82
83
84
85
86
87
88
89
90
91
92
93
94
95
96
97
98
99
100
101
102
103
104
105
106
107
108
109
110
111
112
113
114
115
116
117
118
119
120
121
122
123
124
125
126
127
128
129
130
131
132
133
134
135
136
137
138
139
140
141
142
143
144
145
146
147
148
149
150
151
152
153
154
155
156
157
158
159
160
161
162
163
164
165
166
167
168
169
170
171
172
173
174
175
176
177
178
179
180
181
182
183
184
185
186
187
188
189
190
191
192
193
194
195
196
197
198
199
