 
Files to read: ['../pilot-cpjump1-data/profiles/2020_11_04_CPJUMP1/BR00116995/BR00116995_normalized_feature_select_negcon.csv.gz']
Files to read: ['../pilot-cpjump1-data/profiles/2020_11_04_CPJUMP1/BR00117024/BR00117024_normalized_feature_select_negcon.csv.gz']
Files to read: ['../pilot-cpjump1-data/profiles/2020_11_04_CPJUMP1/BR00117025/BR00117025_normalized_feature_select_negcon.csv.gz']
Files to read: ['../pilot-cpjump1-data/profiles/2020_11_04_CPJUMP1/BR00117026/BR00117026_normalized_feature_select_negcon.csv.gz']
Files to read: ['../pilot-cpjump1-data/profiles/2020_11_04_CPJUMP1/BR00116997/BR00116997_normalized_feature_select_negcon.csv.gz']
Files to read: ['../pilot-cpjump1-data/profiles/2020_11_04_CPJUMP1/BR00116998/BR00116998_normalized_feature_select_negcon.csv.gz']
Files to read: ['../pilot-cpjump1-data/profiles/2020_11_04_CPJUMP1/BR00116999/BR00116999_normalized_feature_select_negcon.csv.gz']
Files to read: ['../pilot-cpjump1-data/profiles/2020_11_04_CPJUMP1/BR00116996/BR00116996_normalized_feature_select_negcon.csv.gz']
Files to read: ['../pilot-cpjump1-data/profiles/2020_11_04_CPJUMP1/BR00117022/BR00117022_normalized_feature_select_negcon.csv.gz']
Files to read: ['../pilot-cpjump1-data/profiles/2020_11_04_CPJUMP1/BR00117023/BR00117023_normalized_feature_select_negcon.csv.gz']

  0%|          | 0/200 [00:00<?, ?it/s]
  0%|          | 1/200 [00:08<26:56,  8.12s/it]
  1%|          | 2/200 [00:13<20:46,  6.29s/it]
  2%|▏         | 3/200 [00:18<19:44,  6.01s/it]
  2%|▏         | 4/200 [00:23<18:15,  5.59s/it]
  2%|▎         | 5/200 [00:28<17:19,  5.33s/it]
  3%|▎         | 6/200 [00:33<17:04,  5.28s/it]
  4%|▎         | 7/200 [00:38<16:44,  5.20s/it]
  4%|▍         | 8/200 [00:44<16:54,  5.28s/it]
  4%|▍         | 9/200 [00:49<16:41,  5.24s/it]
  5%|▌         | 10/200 [00:55<17:00,  5.37s/it]
  6%|▌         | 11/200 [01:00<16:37,  5.28s/it]
  6%|▌         | 12/200 [01:05<16:22,  5.23s/it]
  6%|▋         | 13/200 [01:10<16:15,  5.22s/it]
  7%|▋         | 14/200 [01:15<16:08,  5.21s/it]
  8%|▊         | 15/200 [01:20<15:56,  5.17s/it]
  8%|▊         | 16/200 [01:25<15:47,  5.15s/it]
  8%|▊         | 17/200 [01:31<15:42,  5.15s/it]
  9%|▉         | 18/200 [01:36<15:58,  5.27s/it]
 10%|▉         | 19/200 [01:41<15:39,  5.19s/it]
 10%|█         | 20/200 [01:46<15:28,  5.16s/it]
 10%|█         | 21/200 [01:52<15:49,  5.30s/it]
 11%|█         | 22/200 [01:57<15:50,  5.34s/it]
 12%|█▏        | 23/200 [02:03<16:12,  5.50s/it]
 12%|█▏        | 24/200 [02:09<16:45,  5.71s/it]
 12%|█▎        | 25/200 [02:14<16:13,  5.56s/it]
 13%|█▎        | 26/200 [02:20<15:51,  5.47s/it]
 14%|█▎        | 27/200 [02:25<15:56,  5.53s/it]
 14%|█▍        | 28/200 [02:30<15:27,  5.39s/it]
 14%|█▍        | 29/200 [02:36<15:12,  5.34s/it]
 15%|█▌        | 30/200 [02:41<14:57,  5.28s/it]
 16%|█▌        | 31/200 [02:46<14:44,  5.23s/it]
 16%|█▌        | 32/200 [02:51<14:42,  5.25s/it]
 16%|█▋        | 33/200 [02:56<14:21,  5.16s/it]
 17%|█▋        | 34/200 [03:02<14:23,  5.20s/it]
 18%|█▊        | 35/200 [03:07<14:13,  5.17s/it]
 18%|█▊        | 36/200 [03:12<14:03,  5.14s/it]
 18%|█▊        | 37/200 [03:17<13:57,  5.14s/it]
 19%|█▉        | 38/200 [03:22<13:46,  5.10s/it]
 20%|█▉        | 39/200 [03:27<13:41,  5.10s/it]
 20%|██        | 40/200 [03:32<13:31,  5.07s/it]
 20%|██        | 41/200 [03:38<14:04,  5.31s/it]
 21%|██        | 42/200 [03:43<13:47,  5.23s/it]
 22%|██▏       | 43/200 [03:48<13:29,  5.15s/it]
 22%|██▏       | 44/200 [03:53<13:27,  5.18s/it]
 22%|██▎       | 45/200 [03:58<13:12,  5.11s/it]
 23%|██▎       | 46/200 [04:03<12:55,  5.04s/it]
 24%|██▎       | 47/200 [04:08<12:48,  5.02s/it]
 24%|██▍       | 48/200 [04:13<12:47,  5.05s/it]
 24%|██▍       | 49/200 [04:20<13:55,  5.53s/it]
 25%|██▌       | 50/200 [04:25<13:50,  5.54s/it]
 26%|██▌       | 51/200 [04:30<13:10,  5.31s/it]
 26%|██▌       | 52/200 [04:35<12:56,  5.25s/it]
 26%|██▋       | 53/200 [04:40<12:34,  5.13s/it]
 27%|██▋       | 54/200 [04:45<12:23,  5.09s/it]
 28%|██▊       | 55/200 [04:50<12:14,  5.07s/it]
 28%|██▊       | 56/200 [04:55<12:10,  5.07s/it]
 28%|██▊       | 57/200 [05:01<12:42,  5.33s/it]
 29%|██▉       | 58/200 [05:07<12:53,  5.45s/it]
 30%|██▉       | 59/200 [05:13<13:11,  5.62s/it]
 30%|███       | 60/200 [05:19<13:40,  5.86s/it]
 30%|███       | 61/200 [05:24<13:07,  5.67s/it]
 31%|███       | 62/200 [05:29<12:39,  5.50s/it]
 32%|███▏      | 63/200 [05:34<12:09,  5.33s/it]
 32%|███▏      | 64/200 [05:40<11:58,  5.28s/it]
 32%|███▎      | 65/200 [05:45<11:54,  5.29s/it]
 33%|███▎      | 66/200 [05:50<11:53,  5.32s/it]
 34%|███▎      | 67/200 [05:56<11:54,  5.37s/it]
 34%|███▍      | 68/200 [06:01<11:35,  5.27s/it]
 34%|███▍      | 69/200 [06:06<11:43,  5.37s/it]
 35%|███▌      | 70/200 [06:12<11:33,  5.34s/it]
 36%|███▌      | 71/200 [06:17<11:12,  5.21s/it]
 36%|███▌      | 72/200 [06:22<11:03,  5.19s/it]
 36%|███▋      | 73/200 [06:27<11:17,  5.33s/it]
 37%|███▋      | 74/200 [06:33<11:33,  5.50s/it]
 38%|███▊      | 75/200 [06:38<11:09,  5.36s/it]
 38%|███▊      | 76/200 [06:43<10:55,  5.29s/it]
 38%|███▊      | 77/200 [06:48<10:38,  5.19s/it]
 39%|███▉      | 78/200 [06:54<10:33,  5.19s/it]
 40%|███▉      | 79/200 [06:59<10:21,  5.13s/it]
 40%|████      | 80/200 [07:04<10:27,  5.23s/it]
 40%|████      | 81/200 [07:09<10:17,  5.19s/it]
 41%|████      | 82/200 [07:14<10:15,  5.21s/it]
 42%|████▏     | 83/200 [07:20<10:08,  5.20s/it]
 42%|████▏     | 84/200 [07:25<09:55,  5.14s/it]
 42%|████▎     | 85/200 [07:29<09:44,  5.08s/it]
 43%|████▎     | 86/200 [07:35<09:46,  5.14s/it]
 44%|████▎     | 87/200 [07:40<09:38,  5.12s/it]
 44%|████▍     | 88/200 [07:45<09:33,  5.12s/it]
 44%|████▍     | 89/200 [07:50<09:28,  5.12s/it]
 45%|████▌     | 90/200 [07:55<09:29,  5.18s/it]
 46%|████▌     | 91/200 [08:01<09:21,  5.15s/it]
 46%|████▌     | 92/200 [08:06<09:18,  5.18s/it]
 46%|████▋     | 93/200 [08:11<09:15,  5.20s/it]
 47%|████▋     | 94/200 [08:16<09:05,  5.15s/it]
 48%|████▊     | 95/200 [08:21<08:58,  5.13s/it]
 48%|████▊     | 96/200 [08:26<08:50,  5.10s/it]
 48%|████▊     | 97/200 [08:31<08:34,  4.99s/it]
 49%|████▉     | 98/200 [08:36<08:28,  4.99s/it]
 50%|████▉     | 99/200 [08:41<08:16,  4.92s/it]
 50%|█████     | 100/200 [08:46<08:12,  4.92s/it]
 50%|█████     | 101/200 [08:51<08:38,  5.23s/it]
 51%|█████     | 102/200 [08:57<08:37,  5.28s/it]
 52%|█████▏    | 103/200 [09:02<08:32,  5.28s/it]
 52%|█████▏    | 104/200 [09:08<08:37,  5.39s/it]
 52%|█████▎    | 105/200 [09:13<08:26,  5.33s/it]
 53%|█████▎    | 106/200 [09:18<08:20,  5.33s/it]
 54%|█████▎    | 107/200 [09:23<08:02,  5.19s/it]
 54%|█████▍    | 108/200 [09:28<07:54,  5.16s/it]
 55%|█████▍    | 109/200 [09:34<07:51,  5.18s/it]
 55%|█████▌    | 110/200 [09:39<07:41,  5.13s/it]
 56%|█████▌    | 111/200 [09:44<07:33,  5.10s/it]
 56%|█████▌    | 112/200 [09:49<07:46,  5.31s/it]
 56%|█████▋    | 113/200 [09:54<07:36,  5.24s/it]
 57%|█████▋    | 114/200 [09:59<07:25,  5.18s/it]
 57%|█████▊    | 115/200 [10:05<07:18,  5.16s/it]
 58%|█████▊    | 116/200 [10:10<07:13,  5.16s/it]
 58%|█████▊    | 117/200 [10:15<07:08,  5.16s/it]
 59%|█████▉    | 118/200 [10:20<07:02,  5.15s/it]
 60%|█████▉    | 119/200 [10:25<06:52,  5.09s/it]
 60%|██████    | 120/200 [10:30<06:44,  5.06s/it]
 60%|██████    | 121/200 [10:35<06:39,  5.06s/it]
 61%|██████    | 122/200 [10:40<06:32,  5.04s/it]
 62%|██████▏   | 123/200 [10:45<06:26,  5.03s/it]
 62%|██████▏   | 124/200 [10:50<06:22,  5.03s/it]
 62%|██████▎   | 125/200 [10:55<06:15,  5.00s/it]
 63%|██████▎   | 126/200 [11:00<06:15,  5.08s/it]
 64%|██████▎   | 127/200 [11:05<06:10,  5.07s/it]
 64%|██████▍   | 128/200 [11:11<06:07,  5.11s/it]
 64%|██████▍   | 129/200 [11:16<06:02,  5.10s/it]
 65%|██████▌   | 130/200 [11:21<05:55,  5.08s/it]
 66%|██████▌   | 131/200 [11:26<05:52,  5.11s/it]
 66%|██████▌   | 132/200 [11:31<05:57,  5.26s/it]
 66%|██████▋   | 133/200 [11:36<05:45,  5.16s/it]
 67%|██████▋   | 134/200 [11:42<05:40,  5.17s/it]
 68%|██████▊   | 135/200 [11:48<05:54,  5.46s/it]
 68%|██████▊   | 136/200 [11:54<06:07,  5.74s/it]
 68%|██████▊   | 137/200 [12:00<06:06,  5.82s/it]
 69%|██████▉   | 138/200 [12:05<05:49,  5.63s/it]
 70%|██████▉   | 139/200 [12:10<05:35,  5.50s/it]
 70%|███████   | 140/200 [12:15<05:21,  5.35s/it]
 70%|███████   | 141/200 [12:21<05:13,  5.31s/it]
 71%|███████   | 142/200 [12:26<05:09,  5.33s/it]
 72%|███████▏  | 143/200 [12:31<04:59,  5.26s/it]
 72%|███████▏  | 144/200 [12:36<04:52,  5.23s/it]
 72%|███████▎  | 145/200 [12:41<04:45,  5.19s/it]
 73%|███████▎  | 146/200 [12:46<04:38,  5.16s/it]
 74%|███████▎  | 147/200 [12:51<04:30,  5.10s/it]
 74%|███████▍  | 148/200 [12:57<04:27,  5.14s/it]
 74%|███████▍  | 149/200 [13:02<04:28,  5.26s/it]
 75%|███████▌  | 150/200 [13:09<04:39,  5.58s/it]
 76%|███████▌  | 151/200 [13:14<04:36,  5.65s/it]
 76%|███████▌  | 152/200 [13:20<04:24,  5.51s/it]
 76%|███████▋  | 153/200 [13:25<04:11,  5.35s/it]
 77%|███████▋  | 154/200 [13:29<04:00,  5.24s/it]
 78%|███████▊  | 155/200 [13:34<03:48,  5.09s/it]
 78%|███████▊  | 156/200 [13:39<03:40,  5.02s/it]
 78%|███████▊  | 157/200 [13:45<03:41,  5.16s/it]
 79%|███████▉  | 158/200 [13:49<03:31,  5.04s/it]
 80%|███████▉  | 159/200 [13:55<03:32,  5.18s/it]
 80%|████████  | 160/200 [14:00<03:26,  5.15s/it]
 80%|████████  | 161/200 [14:05<03:19,  5.11s/it]
 81%|████████  | 162/200 [14:11<03:19,  5.26s/it]
 82%|████████▏ | 163/200 [14:16<03:16,  5.31s/it]
 82%|████████▏ | 164/200 [14:21<03:09,  5.27s/it]
 82%|████████▎ | 165/200 [14:26<03:04,  5.29s/it]
 83%|████████▎ | 166/200 [14:31<02:56,  5.20s/it]
 84%|████████▎ | 167/200 [14:36<02:49,  5.13s/it]
 84%|████████▍ | 168/200 [14:42<02:43,  5.12s/it]
 84%|████████▍ | 169/200 [14:47<02:38,  5.11s/it]
 85%|████████▌ | 170/200 [14:52<02:38,  5.29s/it]
 86%|████████▌ | 171/200 [14:58<02:38,  5.45s/it]
 86%|████████▌ | 172/200 [15:04<02:33,  5.49s/it]
 86%|████████▋ | 173/200 [15:10<02:31,  5.60s/it]
 87%|████████▋ | 174/200 [15:15<02:21,  5.43s/it]
 88%|████████▊ | 175/200 [15:20<02:13,  5.33s/it]
 88%|████████▊ | 176/200 [15:25<02:05,  5.21s/it]
 88%|████████▊ | 177/200 [15:30<02:02,  5.35s/it]
 89%|████████▉ | 178/200 [15:36<02:01,  5.53s/it]
 90%|████████▉ | 179/200 [15:41<01:53,  5.38s/it]
 90%|█████████ | 180/200 [15:46<01:44,  5.24s/it]
 90%|█████████ | 181/200 [15:51<01:38,  5.19s/it]
 91%|█████████ | 182/200 [15:58<01:40,  5.56s/it]
 92%|█████████▏| 183/200 [16:03<01:35,  5.59s/it]
 92%|█████████▏| 184/200 [16:09<01:27,  5.45s/it]
 92%|█████████▎| 185/200 [16:13<01:18,  5.26s/it]
 93%|█████████▎| 186/200 [16:19<01:14,  5.32s/it]
 94%|█████████▎| 187/200 [16:24<01:07,  5.20s/it]
 94%|█████████▍| 188/200 [16:29<01:01,  5.14s/it]
 94%|█████████▍| 189/200 [16:34<00:55,  5.08s/it]
 95%|█████████▌| 190/200 [16:39<00:51,  5.13s/it]
 96%|█████████▌| 191/200 [16:44<00:47,  5.26s/it]
 96%|█████████▌| 192/200 [16:50<00:41,  5.20s/it]
 96%|█████████▋| 193/200 [16:55<00:37,  5.36s/it]
 97%|█████████▋| 194/200 [17:00<00:31,  5.21s/it]
 98%|█████████▊| 195/200 [17:05<00:25,  5.09s/it]
 98%|█████████▊| 196/200 [17:10<00:20,  5.18s/it]
 98%|█████████▊| 197/200 [17:16<00:16,  5.42s/it]
 99%|█████████▉| 198/200 [17:21<00:10,  5.29s/it]
100%|█████████▉| 199/200 [17:26<00:05,  5.17s/it]
100%|██████████| 200/200 [17:31<00:00,  5.11s/it]
                                                 
0
1
2
3
4
5
6
7
8
9
10
11
12
13
14
15
16
17
18
19
20
21
22
23
24
25
26
27
28
29
30
31
32
33
34
35
36
37
38
39
40
41
42
43
44
45
46
47
48
49
50
51
52
53
54
55
56
57
58
59
60
61
62
63
64
65
66
67
68
69
70
71
72
73
74
75
76
77
78
79
80
81
82
83
84
85
86
87
88
89
90
91
92
93
94
95
96
97
98
99
100
101
102
103
104
105
106
107
108
109
110
111
112
113
114
115
116
117
118
119
120
121
122
123
124
125
126
127
128
129
130
131
132
133
134
135
136
137
138
139
140
141
142
143
144
145
146
147
148
149
150
151
152
153
154
155
156
157
158
159
160
161
162
163
164
165
166
167
168
169
170
171
172
173
174
175
176
177
178
179
180
181
182
183
184
185
186
187
188
189
190
191
192
193
194
195
196
197
198
199
