 
Files to read: ['../pilot-cpjump1-data/profiles/2020_11_04_CPJUMP1/BR00116995/BR00116995_normalized_feature_select_negcon.csv.gz']
Files to read: ['../pilot-cpjump1-data/profiles/2020_11_04_CPJUMP1/BR00117024/BR00117024_normalized_feature_select_negcon.csv.gz']
Files to read: ['../pilot-cpjump1-data/profiles/2020_11_04_CPJUMP1/BR00117025/BR00117025_normalized_feature_select_negcon.csv.gz']
Files to read: ['../pilot-cpjump1-data/profiles/2020_11_04_CPJUMP1/BR00117026/BR00117026_normalized_feature_select_negcon.csv.gz']
Files to read: ['../pilot-cpjump1-data/profiles/2020_11_04_CPJUMP1/BR00116997/BR00116997_normalized_feature_select_negcon.csv.gz']
Files to read: ['../pilot-cpjump1-data/profiles/2020_11_04_CPJUMP1/BR00116998/BR00116998_normalized_feature_select_negcon.csv.gz']
Files to read: ['../pilot-cpjump1-data/profiles/2020_11_04_CPJUMP1/BR00116999/BR00116999_normalized_feature_select_negcon.csv.gz']
Files to read: ['../pilot-cpjump1-data/profiles/2020_11_04_CPJUMP1/BR00116996/BR00116996_normalized_feature_select_negcon.csv.gz']
Files to read: ['../pilot-cpjump1-data/profiles/2020_11_04_CPJUMP1/BR00117022/BR00117022_normalized_feature_select_negcon.csv.gz']
Files to read: ['../pilot-cpjump1-data/profiles/2020_11_04_CPJUMP1/BR00117023/BR00117023_normalized_feature_select_negcon.csv.gz']

  0%|          | 0/200 [00:00<?, ?it/s]
  0%|          | 1/200 [00:07<25:51,  7.80s/it]
  1%|          | 2/200 [00:12<19:40,  5.96s/it]
  2%|▏         | 3/200 [00:17<17:29,  5.33s/it]
  2%|▏         | 4/200 [00:21<16:03,  4.91s/it]
  2%|▎         | 5/200 [00:25<15:10,  4.67s/it]
  3%|▎         | 6/200 [00:29<14:31,  4.49s/it]
  4%|▎         | 7/200 [00:34<14:18,  4.45s/it]
  4%|▍         | 8/200 [00:38<14:06,  4.41s/it]
  4%|▍         | 9/200 [00:42<13:56,  4.38s/it]
  5%|▌         | 10/200 [00:47<13:59,  4.42s/it]
  6%|▌         | 11/200 [00:51<13:48,  4.39s/it]
  6%|▌         | 12/200 [00:55<13:37,  4.35s/it]
  6%|▋         | 13/200 [01:00<13:41,  4.40s/it]
  7%|▋         | 14/200 [01:04<13:37,  4.39s/it]
  8%|▊         | 15/200 [01:09<13:33,  4.40s/it]
  8%|▊         | 16/200 [01:13<13:22,  4.36s/it]
  8%|▊         | 17/200 [01:17<13:12,  4.33s/it]
  9%|▉         | 18/200 [01:21<13:02,  4.30s/it]
 10%|▉         | 19/200 [01:26<13:01,  4.32s/it]
 10%|█         | 20/200 [01:30<12:59,  4.33s/it]
 10%|█         | 21/200 [01:34<12:51,  4.31s/it]
 11%|█         | 22/200 [01:39<12:46,  4.31s/it]
 12%|█▏        | 23/200 [01:43<12:45,  4.32s/it]
 12%|█▏        | 24/200 [01:47<12:45,  4.35s/it]
 12%|█▎        | 25/200 [01:52<12:43,  4.36s/it]
 13%|█▎        | 26/200 [01:56<12:40,  4.37s/it]
 14%|█▎        | 27/200 [02:00<12:32,  4.35s/it]
 14%|█▍        | 28/200 [02:05<12:21,  4.31s/it]
 14%|█▍        | 29/200 [02:09<12:15,  4.30s/it]
 15%|█▌        | 30/200 [02:13<12:06,  4.28s/it]
 16%|█▌        | 31/200 [02:18<12:12,  4.33s/it]
 16%|█▌        | 32/200 [02:22<12:08,  4.34s/it]
 16%|█▋        | 33/200 [02:26<12:06,  4.35s/it]
 17%|█▋        | 34/200 [02:31<11:58,  4.33s/it]
 18%|█▊        | 35/200 [02:35<11:49,  4.30s/it]
 18%|█▊        | 36/200 [02:39<11:38,  4.26s/it]
 18%|█▊        | 37/200 [02:43<11:29,  4.23s/it]
 19%|█▉        | 38/200 [02:47<11:24,  4.23s/it]
 20%|█▉        | 39/200 [02:52<11:18,  4.22s/it]
 20%|██        | 40/200 [02:56<11:15,  4.22s/it]
 20%|██        | 41/200 [03:00<11:09,  4.21s/it]
 21%|██        | 42/200 [03:04<11:02,  4.19s/it]
 22%|██▏       | 43/200 [03:08<11:02,  4.22s/it]
 22%|██▏       | 44/200 [03:13<10:55,  4.20s/it]
 22%|██▎       | 45/200 [03:17<10:51,  4.20s/it]
 23%|██▎       | 46/200 [03:21<10:47,  4.20s/it]
 24%|██▎       | 47/200 [03:25<10:38,  4.18s/it]
 24%|██▍       | 48/200 [03:29<10:27,  4.13s/it]
 24%|██▍       | 49/200 [03:33<10:27,  4.16s/it]
 25%|██▌       | 50/200 [03:38<10:23,  4.16s/it]
 26%|██▌       | 51/200 [03:42<10:19,  4.16s/it]
 26%|██▌       | 52/200 [03:46<10:11,  4.13s/it]
 26%|██▋       | 53/200 [03:50<10:07,  4.13s/it]
 27%|██▋       | 54/200 [03:54<10:01,  4.12s/it]
 28%|██▊       | 55/200 [03:58<09:56,  4.11s/it]
 28%|██▊       | 56/200 [04:02<09:49,  4.10s/it]
 28%|██▊       | 57/200 [04:06<09:46,  4.10s/it]
 29%|██▉       | 58/200 [04:10<09:41,  4.09s/it]
 30%|██▉       | 59/200 [04:14<09:38,  4.10s/it]
 30%|███       | 60/200 [04:19<09:36,  4.12s/it]
 30%|███       | 61/200 [04:23<09:36,  4.15s/it]
 31%|███       | 62/200 [04:27<09:33,  4.15s/it]
 32%|███▏      | 63/200 [04:31<09:28,  4.15s/it]
 32%|███▏      | 64/200 [04:35<09:25,  4.16s/it]
 32%|███▎      | 65/200 [04:40<09:26,  4.20s/it]
 33%|███▎      | 66/200 [04:44<09:15,  4.15s/it]
 34%|███▎      | 67/200 [04:48<09:09,  4.13s/it]
 34%|███▍      | 68/200 [04:52<08:59,  4.09s/it]
 34%|███▍      | 69/200 [04:56<08:54,  4.08s/it]
 35%|███▌      | 70/200 [05:00<08:45,  4.04s/it]
 36%|███▌      | 71/200 [05:04<08:41,  4.04s/it]
 36%|███▌      | 72/200 [05:08<08:35,  4.03s/it]
 36%|███▋      | 73/200 [05:12<08:33,  4.05s/it]
 37%|███▋      | 74/200 [05:16<08:32,  4.07s/it]
 38%|███▊      | 75/200 [05:20<08:28,  4.07s/it]
 38%|███▊      | 76/200 [05:24<08:26,  4.08s/it]
 38%|███▊      | 77/200 [05:28<08:21,  4.07s/it]
 39%|███▉      | 78/200 [05:32<08:14,  4.05s/it]
 40%|███▉      | 79/200 [05:36<08:08,  4.04s/it]
 40%|████      | 80/200 [05:40<08:03,  4.03s/it]
 40%|████      | 81/200 [05:44<07:59,  4.03s/it]
 41%|████      | 82/200 [05:48<07:55,  4.03s/it]
 42%|████▏     | 83/200 [05:52<07:53,  4.05s/it]
 42%|████▏     | 84/200 [05:56<07:45,  4.02s/it]
 42%|████▎     | 85/200 [06:00<07:42,  4.02s/it]
 43%|████▎     | 86/200 [06:04<07:34,  3.99s/it]
 44%|████▎     | 87/200 [06:08<07:30,  3.99s/it]
 44%|████▍     | 88/200 [06:12<07:24,  3.97s/it]
 44%|████▍     | 89/200 [06:16<07:20,  3.96s/it]
 45%|████▌     | 90/200 [06:20<07:14,  3.95s/it]
 46%|████▌     | 91/200 [06:24<07:09,  3.94s/it]
 46%|████▌     | 92/200 [06:28<07:04,  3.93s/it]
 46%|████▋     | 93/200 [06:32<07:01,  3.94s/it]
 47%|████▋     | 94/200 [06:36<06:57,  3.93s/it]
 48%|████▊     | 95/200 [06:40<06:55,  3.95s/it]
 48%|████▊     | 96/200 [06:44<06:50,  3.95s/it]
 48%|████▊     | 97/200 [06:48<06:49,  3.98s/it]
 49%|████▉     | 98/200 [06:52<06:45,  3.98s/it]
 50%|████▉     | 99/200 [06:56<06:42,  3.98s/it]
 50%|█████     | 100/200 [07:00<06:45,  4.06s/it]
 50%|█████     | 101/200 [07:04<06:41,  4.06s/it]
 51%|█████     | 102/200 [07:08<06:33,  4.01s/it]
 52%|█████▏    | 103/200 [07:12<06:28,  4.01s/it]
 52%|█████▏    | 104/200 [07:16<06:23,  3.99s/it]
 52%|█████▎    | 105/200 [07:20<06:20,  4.01s/it]
 53%|█████▎    | 106/200 [07:24<06:13,  3.97s/it]
 54%|█████▎    | 107/200 [07:28<06:10,  3.98s/it]
 54%|█████▍    | 108/200 [07:32<06:05,  3.97s/it]
 55%|█████▍    | 109/200 [07:36<06:00,  3.96s/it]
 55%|█████▌    | 110/200 [07:40<05:58,  3.99s/it]
 56%|█████▌    | 111/200 [07:44<06:01,  4.06s/it]
 56%|█████▌    | 112/200 [07:48<05:54,  4.02s/it]
 56%|█████▋    | 113/200 [07:52<05:51,  4.04s/it]
 57%|█████▋    | 114/200 [07:56<05:45,  4.02s/it]
 57%|█████▊    | 115/200 [08:00<05:42,  4.03s/it]
 58%|█████▊    | 116/200 [08:04<05:37,  4.01s/it]
 58%|█████▊    | 117/200 [08:08<05:32,  4.01s/it]
 59%|█████▉    | 118/200 [08:12<05:28,  4.00s/it]
 60%|█████▉    | 119/200 [08:16<05:25,  4.01s/it]
 60%|██████    | 120/200 [08:20<05:25,  4.06s/it]
 60%|██████    | 121/200 [08:24<05:18,  4.04s/it]
 61%|██████    | 122/200 [08:28<05:14,  4.03s/it]
 62%|██████▏   | 123/200 [08:32<05:09,  4.01s/it]
 62%|██████▏   | 124/200 [08:36<05:05,  4.02s/it]
 62%|██████▎   | 125/200 [08:40<05:03,  4.04s/it]
 63%|██████▎   | 126/200 [08:44<04:58,  4.04s/it]
 64%|██████▎   | 127/200 [08:48<04:54,  4.04s/it]
 64%|██████▍   | 128/200 [08:52<04:50,  4.04s/it]
 64%|██████▍   | 129/200 [08:56<04:47,  4.05s/it]
 65%|██████▌   | 130/200 [09:00<04:40,  4.01s/it]
 66%|██████▌   | 131/200 [09:04<04:36,  4.00s/it]
 66%|██████▌   | 132/200 [09:08<04:30,  3.98s/it]
 66%|██████▋   | 133/200 [09:12<04:27,  3.99s/it]
 67%|██████▋   | 134/200 [09:16<04:22,  3.97s/it]
 68%|██████▊   | 135/200 [09:20<04:18,  3.97s/it]
 68%|██████▊   | 136/200 [09:24<04:14,  3.98s/it]
 68%|██████▊   | 137/200 [09:28<04:12,  4.01s/it]
 69%|██████▉   | 138/200 [09:32<04:07,  3.99s/it]
 70%|██████▉   | 139/200 [09:36<04:05,  4.02s/it]
 70%|███████   | 140/200 [09:40<04:00,  4.02s/it]
 70%|███████   | 141/200 [09:44<03:57,  4.03s/it]
 71%|███████   | 142/200 [09:48<03:52,  4.01s/it]
 72%|███████▏  | 143/200 [09:52<03:50,  4.04s/it]
 72%|███████▏  | 144/200 [09:56<03:45,  4.02s/it]
 72%|███████▎  | 145/200 [10:00<03:40,  4.02s/it]
 73%|███████▎  | 146/200 [10:04<03:36,  4.01s/it]
 74%|███████▎  | 147/200 [10:09<03:33,  4.02s/it]
 74%|███████▍  | 148/200 [10:12<03:27,  4.00s/it]
 74%|███████▍  | 149/200 [10:17<03:24,  4.01s/it]
 75%|███████▌  | 150/200 [10:20<03:19,  3.99s/it]
 76%|███████▌  | 151/200 [10:24<03:15,  3.98s/it]
 76%|███████▌  | 152/200 [10:28<03:09,  3.96s/it]
 76%|███████▋  | 153/200 [10:32<03:05,  3.94s/it]
 77%|███████▋  | 154/200 [10:36<03:01,  3.94s/it]
 78%|███████▊  | 155/200 [10:40<02:58,  3.97s/it]
 78%|███████▊  | 156/200 [10:44<02:54,  3.96s/it]
 78%|███████▊  | 157/200 [10:48<02:51,  3.99s/it]
 79%|███████▉  | 158/200 [10:52<02:47,  3.99s/it]
 80%|███████▉  | 159/200 [10:56<02:43,  4.00s/it]
 80%|████████  | 160/200 [11:00<02:38,  3.95s/it]
 80%|████████  | 161/200 [11:04<02:34,  3.96s/it]
 81%|████████  | 162/200 [11:08<02:29,  3.94s/it]
 82%|████████▏ | 163/200 [11:12<02:25,  3.93s/it]
 82%|████████▏ | 164/200 [11:16<02:21,  3.92s/it]
 82%|████████▎ | 165/200 [11:20<02:17,  3.94s/it]
 83%|████████▎ | 166/200 [11:24<02:12,  3.91s/it]
 84%|████████▎ | 167/200 [11:28<02:09,  3.93s/it]
 84%|████████▍ | 168/200 [11:31<02:05,  3.93s/it]
 84%|████████▍ | 169/200 [11:35<02:02,  3.94s/it]
 85%|████████▌ | 170/200 [11:39<01:57,  3.93s/it]
 86%|████████▌ | 171/200 [11:43<01:54,  3.93s/it]
 86%|████████▌ | 172/200 [11:47<01:50,  3.93s/it]
 86%|████████▋ | 173/200 [11:51<01:48,  4.00s/it]
 87%|████████▋ | 174/200 [11:55<01:43,  4.00s/it]
 88%|████████▊ | 175/200 [11:59<01:40,  4.01s/it]
 88%|████████▊ | 176/200 [12:03<01:35,  3.98s/it]
 88%|████████▊ | 177/200 [12:07<01:31,  3.99s/it]
 89%|████████▉ | 178/200 [12:11<01:26,  3.95s/it]
 90%|████████▉ | 179/200 [12:15<01:22,  3.95s/it]
 90%|█████████ | 180/200 [12:19<01:19,  3.96s/it]
 90%|█████████ | 181/200 [12:23<01:15,  3.96s/it]
 91%|█████████ | 182/200 [12:27<01:11,  3.95s/it]
 92%|█████████▏| 183/200 [12:31<01:07,  3.95s/it]
 92%|█████████▏| 184/200 [12:35<01:02,  3.90s/it]
 92%|█████████▎| 185/200 [12:39<00:58,  3.92s/it]
 93%|█████████▎| 186/200 [12:43<00:54,  3.92s/it]
 94%|█████████▎| 187/200 [12:47<00:51,  3.94s/it]
 94%|█████████▍| 188/200 [12:51<00:47,  3.93s/it]
 94%|█████████▍| 189/200 [12:54<00:43,  3.93s/it]
 95%|█████████▌| 190/200 [12:58<00:39,  3.93s/it]
 96%|█████████▌| 191/200 [13:02<00:35,  3.94s/it]
 96%|█████████▌| 192/200 [13:06<00:31,  3.93s/it]
 96%|█████████▋| 193/200 [13:10<00:27,  3.96s/it]
 97%|█████████▋| 194/200 [13:14<00:23,  3.95s/it]
 98%|█████████▊| 195/200 [13:18<00:19,  3.96s/it]
 98%|█████████▊| 196/200 [13:22<00:15,  3.93s/it]
 98%|█████████▊| 197/200 [13:26<00:11,  3.94s/it]
 99%|█████████▉| 198/200 [13:30<00:07,  3.92s/it]
100%|█████████▉| 199/200 [13:34<00:03,  3.92s/it]
100%|██████████| 200/200 [13:38<00:00,  3.92s/it]
                                                 
0
1
2
3
4
5
6
7
8
9
10
11
12
13
14
15
16
17
18
19
20
21
22
23
24
25
26
27
28
29
30
31
32
33
34
35
36
37
38
39
40
41
42
43
44
45
46
47
48
49
50
51
52
53
54
55
56
57
58
59
60
61
62
63
64
65
66
67
68
69
70
71
72
73
74
75
76
77
78
79
80
81
82
83
84
85
86
87
88
89
90
91
92
93
94
95
96
97
98
99
100
101
102
103
104
105
106
107
108
109
110
111
112
113
114
115
116
117
118
119
120
121
122
123
124
125
126
127
128
129
130
131
132
133
134
135
136
137
138
139
140
141
142
143
144
145
146
147
148
149
150
151
152
153
154
155
156
157
158
159
160
161
162
163
164
165
166
167
168
169
170
171
172
173
174
175
176
177
178
179
180
181
182
183
184
185
186
187
188
189
190
191
192
193
194
195
196
197
198
199
