 
Files to read: ['../pilot-cpjump1-data/profiles/2020_11_04_CPJUMP1/BR00116995/BR00116995_normalized_feature_select_negcon.csv.gz']
Files to read: ['../pilot-cpjump1-data/profiles/2020_11_04_CPJUMP1/BR00117024/BR00117024_normalized_feature_select_negcon.csv.gz']
Files to read: ['../pilot-cpjump1-data/profiles/2020_11_04_CPJUMP1/BR00117025/BR00117025_normalized_feature_select_negcon.csv.gz']
Files to read: ['../pilot-cpjump1-data/profiles/2020_11_04_CPJUMP1/BR00117026/BR00117026_normalized_feature_select_negcon.csv.gz']
Files to read: ['../pilot-cpjump1-data/profiles/2020_11_04_CPJUMP1/BR00116997/BR00116997_normalized_feature_select_negcon.csv.gz']
Files to read: ['../pilot-cpjump1-data/profiles/2020_11_04_CPJUMP1/BR00116998/BR00116998_normalized_feature_select_negcon.csv.gz']
Files to read: ['../pilot-cpjump1-data/profiles/2020_11_04_CPJUMP1/BR00116999/BR00116999_normalized_feature_select_negcon.csv.gz']
Files to read: ['../pilot-cpjump1-data/profiles/2020_11_04_CPJUMP1/BR00116996/BR00116996_normalized_feature_select_negcon.csv.gz']
Files to read: ['../pilot-cpjump1-data/profiles/2020_11_04_CPJUMP1/BR00117022/BR00117022_normalized_feature_select_negcon.csv.gz']
Files to read: ['../pilot-cpjump1-data/profiles/2020_11_04_CPJUMP1/BR00117023/BR00117023_normalized_feature_select_negcon.csv.gz']

  0%|          | 0/200 [00:00<?, ?it/s]
  0%|          | 1/200 [00:05<19:42,  5.94s/it]
  1%|          | 2/200 [00:11<18:20,  5.56s/it]
  2%|▏         | 3/200 [00:16<17:16,  5.26s/it]
  2%|▏         | 4/200 [00:20<16:25,  5.03s/it]
  2%|▎         | 5/200 [00:25<16:21,  5.03s/it]
  3%|▎         | 6/200 [00:30<16:06,  4.98s/it]
  4%|▎         | 7/200 [00:35<15:59,  4.97s/it]
  4%|▍         | 8/200 [00:40<15:46,  4.93s/it]
  4%|▍         | 9/200 [00:45<15:43,  4.94s/it]
  5%|▌         | 10/200 [00:50<15:35,  4.92s/it]
  6%|▌         | 11/200 [00:55<15:33,  4.94s/it]
  6%|▌         | 12/200 [01:00<15:27,  4.93s/it]
  6%|▋         | 13/200 [01:04<15:10,  4.87s/it]
  7%|▋         | 14/200 [01:09<14:58,  4.83s/it]
  8%|▊         | 15/200 [01:14<14:44,  4.78s/it]
  8%|▊         | 16/200 [01:19<14:32,  4.74s/it]
  8%|▊         | 17/200 [01:24<14:58,  4.91s/it]
  9%|▉         | 18/200 [01:29<14:57,  4.93s/it]
 10%|▉         | 19/200 [01:34<15:10,  5.03s/it]
 10%|█         | 20/200 [01:39<15:06,  5.04s/it]
 10%|█         | 21/200 [01:44<14:46,  4.95s/it]
 11%|█         | 22/200 [01:49<14:27,  4.87s/it]
 12%|█▏        | 23/200 [01:53<14:14,  4.83s/it]
 12%|█▏        | 24/200 [01:58<14:12,  4.84s/it]
 12%|█▎        | 25/200 [02:03<13:55,  4.77s/it]
 13%|█▎        | 26/200 [02:08<14:13,  4.90s/it]
 14%|█▎        | 27/200 [02:13<14:23,  4.99s/it]
 14%|█▍        | 28/200 [02:18<14:15,  4.97s/it]
 14%|█▍        | 29/200 [02:23<14:00,  4.92s/it]
 15%|█▌        | 30/200 [02:28<13:55,  4.92s/it]
 16%|█▌        | 31/200 [02:33<13:43,  4.87s/it]
 16%|█▌        | 32/200 [02:37<13:28,  4.81s/it]
 16%|█▋        | 33/200 [02:44<14:37,  5.25s/it]
 17%|█▋        | 34/200 [02:50<15:42,  5.68s/it]
 18%|█▊        | 35/200 [02:55<15:05,  5.49s/it]
 18%|█▊        | 36/200 [03:00<14:35,  5.34s/it]
 18%|█▊        | 37/200 [03:05<13:50,  5.10s/it]
 19%|█▉        | 38/200 [03:10<13:47,  5.11s/it]
 20%|█▉        | 39/200 [03:16<14:12,  5.30s/it]
 20%|██        | 40/200 [03:22<14:34,  5.47s/it]
 20%|██        | 41/200 [03:27<14:10,  5.35s/it]
 21%|██        | 42/200 [03:31<13:29,  5.12s/it]
 22%|██▏       | 43/200 [03:36<13:04,  4.99s/it]
 22%|██▏       | 44/200 [03:41<12:43,  4.89s/it]
 22%|██▎       | 45/200 [03:45<12:25,  4.81s/it]
 23%|██▎       | 46/200 [03:50<12:30,  4.87s/it]
 24%|██▎       | 47/200 [03:55<12:34,  4.93s/it]
 24%|██▍       | 48/200 [04:00<12:27,  4.92s/it]
 24%|██▍       | 49/200 [04:05<12:14,  4.86s/it]
 25%|██▌       | 50/200 [04:10<12:21,  4.94s/it]
 26%|██▌       | 51/200 [04:15<12:29,  5.03s/it]
 26%|██▌       | 52/200 [04:20<12:04,  4.90s/it]
 26%|██▋       | 53/200 [04:24<11:46,  4.81s/it]
 27%|██▋       | 54/200 [04:29<11:49,  4.86s/it]
 28%|██▊       | 55/200 [04:34<11:43,  4.85s/it]
 28%|██▊       | 56/200 [04:40<12:21,  5.15s/it]
 28%|██▊       | 57/200 [04:45<12:09,  5.10s/it]
 29%|██▉       | 58/200 [04:50<11:54,  5.03s/it]
 30%|██▉       | 59/200 [04:55<11:37,  4.95s/it]
 30%|███       | 60/200 [04:59<11:21,  4.87s/it]
 30%|███       | 61/200 [05:05<11:32,  4.98s/it]
 31%|███       | 62/200 [05:10<12:04,  5.25s/it]
 32%|███▏      | 63/200 [05:16<11:56,  5.23s/it]
 32%|███▏      | 64/200 [05:20<11:34,  5.10s/it]
 32%|███▎      | 65/200 [05:25<11:23,  5.07s/it]
 33%|███▎      | 66/200 [05:30<11:17,  5.05s/it]
 34%|███▎      | 67/200 [05:35<11:10,  5.04s/it]
 34%|███▍      | 68/200 [05:41<11:05,  5.04s/it]
 34%|███▍      | 69/200 [05:47<11:36,  5.32s/it]
 35%|███▌      | 70/200 [05:52<11:36,  5.36s/it]
 36%|███▌      | 71/200 [05:57<11:05,  5.16s/it]
 36%|███▌      | 72/200 [06:01<10:48,  5.06s/it]
 36%|███▋      | 73/200 [06:06<10:40,  5.04s/it]
 37%|███▋      | 74/200 [06:11<10:20,  4.93s/it]
 38%|███▊      | 75/200 [06:16<10:15,  4.93s/it]
 38%|███▊      | 76/200 [06:21<10:09,  4.92s/it]
 38%|███▊      | 77/200 [06:27<10:28,  5.11s/it]
 39%|███▉      | 78/200 [06:31<10:07,  4.98s/it]
 40%|███▉      | 79/200 [06:36<10:04,  5.00s/it]
 40%|████      | 80/200 [06:41<10:01,  5.01s/it]
 40%|████      | 81/200 [06:46<09:48,  4.94s/it]
 41%|████      | 82/200 [06:51<09:55,  5.05s/it]
 42%|████▏     | 83/200 [06:56<09:45,  5.01s/it]
 42%|████▏     | 84/200 [07:01<09:27,  4.89s/it]
 42%|████▎     | 85/200 [07:06<09:36,  5.02s/it]
 43%|████▎     | 86/200 [07:11<09:21,  4.93s/it]
 44%|████▎     | 87/200 [07:16<09:14,  4.91s/it]
 44%|████▍     | 88/200 [07:20<08:58,  4.81s/it]
 44%|████▍     | 89/200 [07:25<08:58,  4.85s/it]
 45%|████▌     | 90/200 [07:30<09:00,  4.92s/it]
 46%|████▌     | 91/200 [07:36<09:27,  5.20s/it]
 46%|████▌     | 92/200 [07:42<09:42,  5.39s/it]
 46%|████▋     | 93/200 [07:47<09:32,  5.35s/it]
 47%|████▋     | 94/200 [07:52<09:05,  5.15s/it]
 48%|████▊     | 95/200 [07:57<08:56,  5.11s/it]
 48%|████▊     | 96/200 [08:02<08:45,  5.05s/it]
 48%|████▊     | 97/200 [08:07<08:32,  4.98s/it]
 49%|████▉     | 98/200 [08:11<08:20,  4.91s/it]
 50%|████▉     | 99/200 [08:16<08:14,  4.89s/it]
 50%|█████     | 100/200 [08:22<08:26,  5.07s/it]
 50%|█████     | 101/200 [08:27<08:16,  5.01s/it]
 51%|█████     | 102/200 [08:31<08:00,  4.90s/it]
 52%|█████▏    | 103/200 [08:37<08:15,  5.11s/it]
 52%|█████▏    | 104/200 [08:42<07:58,  4.98s/it]
 52%|█████▎    | 105/200 [08:46<07:39,  4.84s/it]
 53%|█████▎    | 106/200 [08:51<07:40,  4.90s/it]
 54%|█████▎    | 107/200 [08:56<07:31,  4.85s/it]
 54%|█████▍    | 108/200 [09:01<07:30,  4.89s/it]
 55%|█████▍    | 109/200 [09:06<07:37,  5.03s/it]
 55%|█████▌    | 110/200 [09:11<07:33,  5.04s/it]
 56%|█████▌    | 111/200 [09:16<07:29,  5.04s/it]
 56%|█████▌    | 112/200 [09:21<07:15,  4.95s/it]
 56%|█████▋    | 113/200 [09:26<07:11,  4.97s/it]
 57%|█████▋    | 114/200 [09:31<06:58,  4.87s/it]
 57%|█████▊    | 115/200 [09:36<06:51,  4.84s/it]
 58%|█████▊    | 116/200 [09:40<06:46,  4.84s/it]
 58%|█████▊    | 117/200 [09:45<06:40,  4.82s/it]
 59%|█████▉    | 118/200 [09:50<06:48,  4.98s/it]
 60%|█████▉    | 119/200 [09:56<06:51,  5.08s/it]
 60%|██████    | 120/200 [10:00<06:29,  4.86s/it]
 60%|██████    | 121/200 [10:05<06:13,  4.73s/it]
 61%|██████    | 122/200 [10:09<06:07,  4.71s/it]
 62%|██████▏   | 123/200 [10:14<06:13,  4.86s/it]
 62%|██████▏   | 124/200 [10:19<06:13,  4.92s/it]
 62%|██████▎   | 125/200 [10:24<06:06,  4.89s/it]
 63%|██████▎   | 126/200 [10:29<06:07,  4.97s/it]
 64%|██████▎   | 127/200 [10:34<06:03,  4.99s/it]
 64%|██████▍   | 128/200 [10:39<05:54,  4.93s/it]
 64%|██████▍   | 129/200 [10:44<05:51,  4.95s/it]
 65%|██████▌   | 130/200 [10:49<05:47,  4.97s/it]
 66%|██████▌   | 131/200 [10:54<05:40,  4.93s/it]
 66%|██████▌   | 132/200 [10:59<05:30,  4.86s/it]
 66%|██████▋   | 133/200 [11:04<05:23,  4.83s/it]
 67%|██████▋   | 134/200 [11:08<05:15,  4.78s/it]
 68%|██████▊   | 135/200 [11:13<05:14,  4.84s/it]
 68%|██████▊   | 136/200 [11:18<05:09,  4.84s/it]
 68%|██████▊   | 137/200 [11:23<05:01,  4.78s/it]
 69%|██████▉   | 138/200 [11:27<04:53,  4.74s/it]
 70%|██████▉   | 139/200 [11:32<04:52,  4.79s/it]
 70%|███████   | 140/200 [11:37<04:51,  4.85s/it]
 70%|███████   | 141/200 [11:42<04:47,  4.87s/it]
 71%|███████   | 142/200 [11:47<04:44,  4.90s/it]
 72%|███████▏  | 143/200 [11:52<04:37,  4.87s/it]
 72%|███████▏  | 144/200 [11:57<04:36,  4.95s/it]
 72%|███████▎  | 145/200 [12:02<04:27,  4.86s/it]
 73%|███████▎  | 146/200 [12:06<04:20,  4.82s/it]
 74%|███████▎  | 147/200 [12:12<04:19,  4.90s/it]
 74%|███████▍  | 148/200 [12:16<04:14,  4.89s/it]
 74%|███████▍  | 149/200 [12:21<04:06,  4.84s/it]
 75%|███████▌  | 150/200 [12:26<03:58,  4.76s/it]
 76%|███████▌  | 151/200 [12:30<03:53,  4.77s/it]
 76%|███████▌  | 152/200 [12:35<03:51,  4.83s/it]
 76%|███████▋  | 153/200 [12:41<03:53,  4.98s/it]
 77%|███████▋  | 154/200 [12:46<03:57,  5.16s/it]
 78%|███████▊  | 155/200 [12:52<03:52,  5.17s/it]
 78%|███████▊  | 156/200 [12:56<03:40,  5.00s/it]
 78%|███████▊  | 157/200 [13:01<03:33,  4.96s/it]
 79%|███████▉  | 158/200 [13:06<03:25,  4.90s/it]
 80%|███████▉  | 159/200 [13:11<03:24,  4.99s/it]
 80%|████████  | 160/200 [13:15<03:13,  4.83s/it]
 80%|████████  | 161/200 [13:21<03:11,  4.91s/it]
 81%|████████  | 162/200 [13:25<03:04,  4.85s/it]
 82%|████████▏ | 163/200 [13:30<02:55,  4.75s/it]
 82%|████████▏ | 164/200 [13:34<02:45,  4.60s/it]
 82%|████████▎ | 165/200 [13:39<02:49,  4.84s/it]
 83%|████████▎ | 166/200 [13:44<02:43,  4.82s/it]
 84%|████████▎ | 167/200 [13:49<02:38,  4.81s/it]
 84%|████████▍ | 168/200 [13:54<02:32,  4.78s/it]
 84%|████████▍ | 169/200 [13:59<02:33,  4.94s/it]
 85%|████████▌ | 170/200 [14:04<02:26,  4.89s/it]
 86%|████████▌ | 171/200 [14:09<02:24,  4.99s/it]
 86%|████████▌ | 172/200 [14:15<02:24,  5.14s/it]
 86%|████████▋ | 173/200 [14:19<02:17,  5.10s/it]
 87%|████████▋ | 174/200 [14:25<02:12,  5.08s/it]
 88%|████████▊ | 175/200 [14:30<02:07,  5.09s/it]
 88%|████████▊ | 176/200 [14:35<02:00,  5.04s/it]
 88%|████████▊ | 177/200 [14:40<01:55,  5.01s/it]
 89%|████████▉ | 178/200 [14:44<01:49,  4.97s/it]
 90%|████████▉ | 179/200 [14:49<01:44,  4.98s/it]
 90%|█████████ | 180/200 [14:54<01:38,  4.94s/it]
 90%|█████████ | 181/200 [15:00<01:35,  5.04s/it]
 91%|█████████ | 182/200 [15:05<01:31,  5.09s/it]
 92%|█████████▏| 183/200 [15:10<01:27,  5.13s/it]
 92%|█████████▏| 184/200 [15:16<01:24,  5.27s/it]
 92%|█████████▎| 185/200 [15:21<01:18,  5.26s/it]
 93%|█████████▎| 186/200 [15:25<01:11,  5.08s/it]
 94%|█████████▎| 187/200 [15:30<01:05,  5.00s/it]
 94%|█████████▍| 188/200 [15:35<00:59,  4.95s/it]
 94%|█████████▍| 189/200 [15:40<00:54,  4.92s/it]
 95%|█████████▌| 190/200 [15:45<00:49,  4.90s/it]
 96%|█████████▌| 191/200 [15:50<00:43,  4.88s/it]
 96%|█████████▌| 192/200 [15:54<00:38,  4.85s/it]
 96%|█████████▋| 193/200 [15:59<00:33,  4.84s/it]
 97%|█████████▋| 194/200 [16:04<00:29,  4.88s/it]
 98%|█████████▊| 195/200 [16:09<00:24,  4.86s/it]
 98%|█████████▊| 196/200 [16:15<00:20,  5.10s/it]
 98%|█████████▊| 197/200 [16:20<00:15,  5.03s/it]
 99%|█████████▉| 198/200 [16:24<00:09,  4.96s/it]
100%|█████████▉| 199/200 [16:29<00:04,  4.98s/it]
100%|██████████| 200/200 [16:34<00:00,  4.87s/it]
                                                 
0
1
2
3
4
5
6
7
8
9
10
11
12
13
14
15
16
17
18
19
20
21
22
23
24
25
26
27
28
29
30
31
32
33
34
35
36
37
38
39
40
41
42
43
44
45
46
47
48
49
50
51
52
53
54
55
56
57
58
59
60
61
62
63
64
65
66
67
68
69
70
71
72
73
74
75
76
77
78
79
80
81
82
83
84
85
86
87
88
89
90
91
92
93
94
95
96
97
98
99
100
101
102
103
104
105
106
107
108
109
110
111
112
113
114
115
116
117
118
119
120
121
122
123
124
125
126
127
128
129
130
131
132
133
134
135
136
137
138
139
140
141
142
143
144
145
146
147
148
149
150
151
152
153
154
155
156
157
158
159
160
161
162
163
164
165
166
167
168
169
170
171
172
173
174
175
176
177
178
179
180
181
182
183
184
185
186
187
188
189
190
191
192
193
194
195
196
197
198
199
